[2025-07-06T21:19:23.984+0000] {local_task_job_runner.py:123} INFO - ::group::Pre task execution logs
[2025-07-06T21:19:24.024+0000] {taskinstance.py:2631} INFO - Dependencies all met for dep_context=non-requeueable deps ti=<TaskInstance: process_exercises.process_exercises manual__2025-07-06T21:19:14.039823+00:00 [queued]>
[2025-07-06T21:19:24.037+0000] {taskinstance.py:2631} INFO - Dependencies all met for dep_context=requeueable deps ti=<TaskInstance: process_exercises.process_exercises manual__2025-07-06T21:19:14.039823+00:00 [queued]>
[2025-07-06T21:19:24.037+0000] {taskinstance.py:2884} INFO - Starting attempt 1 of 1
[2025-07-06T21:19:24.133+0000] {taskinstance.py:2907} INFO - Executing <Task(SparkSubmitOperator): process_exercises> on 2025-07-06 21:19:14.039823+00:00
[2025-07-06T21:19:24.162+0000] {logging_mixin.py:190} WARNING - /home/airflow/.local/lib/python3.12/site-packages/airflow/task/task_runner/standard_task_runner.py:70 DeprecationWarning: This process (pid=2780) is multi-threaded, use of fork() may lead to deadlocks in the child.
[2025-07-06T21:19:24.166+0000] {standard_task_runner.py:72} INFO - Started process 2781 to run task
[2025-07-06T21:19:24.163+0000] {standard_task_runner.py:104} INFO - Running: ['airflow', 'tasks', 'run', 'process_exercises', 'process_exercises', 'manual__2025-07-06T21:19:14.039823+00:00', '--job-id', '80', '--raw', '--subdir', 'DAGS_FOLDER/process_exercises.py', '--cfg-path', '/tmp/tmpsc69gy9v']
[2025-07-06T21:19:24.170+0000] {standard_task_runner.py:105} INFO - Job 80: Subtask process_exercises
[2025-07-06T21:19:24.428+0000] {task_command.py:467} INFO - Running <TaskInstance: process_exercises.process_exercises manual__2025-07-06T21:19:14.039823+00:00 [running]> on host 0b50925a8be6
[2025-07-06T21:19:24.749+0000] {taskinstance.py:3157} INFO - Exporting env vars: AIRFLOW_CTX_DAG_OWNER='airflow' AIRFLOW_CTX_DAG_ID='process_exercises' AIRFLOW_CTX_TASK_ID='process_exercises' AIRFLOW_CTX_EXECUTION_DATE='2025-07-06T21:19:14.039823+00:00' AIRFLOW_CTX_TRY_NUMBER='1' AIRFLOW_CTX_DAG_RUN_ID='manual__2025-07-06T21:19:14.039823+00:00'
[2025-07-06T21:19:24.751+0000] {taskinstance.py:740} INFO - ::endgroup::
[2025-07-06T21:19:24.793+0000] {base.py:84} INFO - Retrieving connection 'spark-ebsim'
[2025-07-06T21:19:24.801+0000] {spark_submit.py:474} INFO - Spark-Submit cmd: spark-submit --master spark://spark-master:7077 --jars /opt/bitnami/spark/jars/iceberg-spark-runtime-3.5_2.12-1.8.1.jar,/opt/bitnami/spark/jars/nessie-spark-extensions-3.5_2.12-0.103.2.jar,/opt/bitnami/spark/jars/nessie-client-0.103.2.jar,/opt/bitnami/spark/jars/hadoop-aws-3.3.2.jar,/opt/bitnami/spark/jars/aws-java-sdk-bundle-1.12.262.jar, --name arrow-spark --deploy-mode client /opt/bitnami/spark/jobs/process_exercises_job.py {"id": "CA-LESTE-construtiva-2DE-2025-07-06", "manifest_entry": {"data": {"createdAt": "2025-07-06T21:18:30.216Z", "origin": "CA-LESTE", "path": "exercises/CA-LESTE-construtiva-2DE-2025-07-06"}, "id": "CA-LESTE-construtiva-2DE-2025-07-06"}, "metadata": {"createdAt": "2025-07-06T21:18:30.216Z", "description": "2DE", "documents": [{"description": "", "id": "1751836740478", "mimetype": "application/pdf", "name": "Op Jacui IV - Ap\u00c3\u00aandice 1 ao Anexo C - Lista de Alvos.pdf", "path": "exercises/CA-LESTE-construtiva-2DE-2025-07-06/documents/Op Jacui IV - Ap\u00c3\u00aandice 1 ao Anexo C - Lista de Alvos.pdf", "size": 25352, "uploadedAt": "2025-07-06T21:19:00.478Z"}], "endDate": "2025-07-10", "id": "CA-LESTE-construtiva-2DE-2025-07-06", "name": "Jogo de Guerra", "origin": "CA-LESTE", "simulationType": "construtiva", "simulations": [{"id": "172.19.0.6_2025-07-06", "movedAt": "2025-07-06T21:19:06.754Z", "name": "172.19.0.6_2025-07-06", "originalPath": "staging/172.19.0.6_2025-07-06", "path": "exercises/CA-LESTE-construtiva-2DE-2025-07-06/simulations/172.19.0.6_2025-07-06"}], "startDate": "2025-07-07", "trainedForce": "2 Divis\u00e3o de Ex\u00e9rcito", "updatedAt": "2025-07-06T21:19:06.755Z", "wikiUrl": ""}}
[2025-07-06T21:19:27.955+0000] {spark_submit.py:644} INFO - 25/07/06 21:19:27 WARN NativeCodeLoader: Unable to load native-hadoop library for your platform... using builtin-java classes where applicable
[2025-07-06T21:19:36.020+0000] {spark_submit.py:644} INFO - 25/07/06 21:19:36 INFO SparkContext: Running Spark version 3.5.5
[2025-07-06T21:19:36.021+0000] {spark_submit.py:644} INFO - 25/07/06 21:19:36 INFO SparkContext: OS info Linux, 5.15.167.4-microsoft-standard-WSL2, amd64
[2025-07-06T21:19:36.021+0000] {spark_submit.py:644} INFO - 25/07/06 21:19:36 INFO SparkContext: Java version 17.0.15
[2025-07-06T21:19:36.056+0000] {spark_submit.py:644} INFO - 25/07/06 21:19:36 INFO ResourceUtils: ==============================================================
[2025-07-06T21:19:36.057+0000] {spark_submit.py:644} INFO - 25/07/06 21:19:36 INFO ResourceUtils: No custom resources configured for spark.driver.
[2025-07-06T21:19:36.058+0000] {spark_submit.py:644} INFO - 25/07/06 21:19:36 INFO ResourceUtils: ==============================================================
[2025-07-06T21:19:36.059+0000] {spark_submit.py:644} INFO - 25/07/06 21:19:36 INFO SparkContext: Submitted application: ProcessExercises
[2025-07-06T21:19:36.100+0000] {spark_submit.py:644} INFO - 25/07/06 21:19:36 INFO ResourceProfile: Default ResourceProfile created, executor resources: Map(memory -> name: memory, amount: 1024, script: , vendor: , offHeap -> name: offHeap, amount: 0, script: , vendor: ), task resources: Map(cpus -> name: cpus, amount: 1.0)
[2025-07-06T21:19:36.110+0000] {spark_submit.py:644} INFO - 25/07/06 21:19:36 INFO ResourceProfile: Limiting resource is cpu
[2025-07-06T21:19:36.111+0000] {spark_submit.py:644} INFO - 25/07/06 21:19:36 INFO ResourceProfileManager: Added ResourceProfile id: 0
[2025-07-06T21:19:36.183+0000] {spark_submit.py:644} INFO - 25/07/06 21:19:36 INFO SecurityManager: Changing view acls to: airflow
[2025-07-06T21:19:36.184+0000] {spark_submit.py:644} INFO - 25/07/06 21:19:36 INFO SecurityManager: Changing modify acls to: airflow
[2025-07-06T21:19:36.184+0000] {spark_submit.py:644} INFO - 25/07/06 21:19:36 INFO SecurityManager: Changing view acls groups to:
[2025-07-06T21:19:36.185+0000] {spark_submit.py:644} INFO - 25/07/06 21:19:36 INFO SecurityManager: Changing modify acls groups to:
[2025-07-06T21:19:36.186+0000] {spark_submit.py:644} INFO - 25/07/06 21:19:36 INFO SecurityManager: SecurityManager: authentication disabled; ui acls disabled; users with view permissions: airflow; groups with view permissions: EMPTY; users with modify permissions: airflow; groups with modify permissions: EMPTY
[2025-07-06T21:19:36.487+0000] {spark_submit.py:644} INFO - 25/07/06 21:19:36 INFO Utils: Successfully started service 'sparkDriver' on port 36477.
[2025-07-06T21:19:36.542+0000] {spark_submit.py:644} INFO - 25/07/06 21:19:36 INFO SparkEnv: Registering MapOutputTracker
[2025-07-06T21:19:36.590+0000] {spark_submit.py:644} INFO - 25/07/06 21:19:36 INFO SparkEnv: Registering BlockManagerMaster
[2025-07-06T21:19:36.621+0000] {spark_submit.py:644} INFO - 25/07/06 21:19:36 INFO BlockManagerMasterEndpoint: Using org.apache.spark.storage.DefaultTopologyMapper for getting topology information
[2025-07-06T21:19:36.622+0000] {spark_submit.py:644} INFO - 25/07/06 21:19:36 INFO BlockManagerMasterEndpoint: BlockManagerMasterEndpoint up
[2025-07-06T21:19:36.647+0000] {spark_submit.py:644} INFO - 25/07/06 21:19:36 INFO SparkEnv: Registering BlockManagerMasterHeartbeat
[2025-07-06T21:19:36.672+0000] {spark_submit.py:644} INFO - 25/07/06 21:19:36 INFO DiskBlockManager: Created local directory at /tmp/blockmgr-ec2a63a6-78ec-4fe6-a52d-634c118968d1
[2025-07-06T21:19:36.689+0000] {spark_submit.py:644} INFO - 25/07/06 21:19:36 INFO MemoryStore: MemoryStore started with capacity 434.4 MiB
[2025-07-06T21:19:36.710+0000] {spark_submit.py:644} INFO - 25/07/06 21:19:36 INFO SparkEnv: Registering OutputCommitCoordinator
[2025-07-06T21:19:36.907+0000] {spark_submit.py:644} INFO - 25/07/06 21:19:36 INFO JettyUtils: Start Jetty 0.0.0.0:4040 for SparkUI
[2025-07-06T21:19:36.973+0000] {spark_submit.py:644} INFO - 25/07/06 21:19:36 INFO Utils: Successfully started service 'SparkUI' on port 4040.
[2025-07-06T21:19:37.027+0000] {spark_submit.py:644} INFO - 25/07/06 21:19:37 INFO SparkContext: Added JAR file:///opt/bitnami/spark/jars/iceberg-spark-runtime-3.5_2.12-1.8.1.jar at spark://0b50925a8be6:36477/jars/iceberg-spark-runtime-3.5_2.12-1.8.1.jar with timestamp 1751836775993
[2025-07-06T21:19:37.028+0000] {spark_submit.py:644} INFO - 25/07/06 21:19:37 INFO SparkContext: Added JAR file:///opt/bitnami/spark/jars/nessie-spark-extensions-3.5_2.12-0.103.2.jar at spark://0b50925a8be6:36477/jars/nessie-spark-extensions-3.5_2.12-0.103.2.jar with timestamp 1751836775993
[2025-07-06T21:19:37.029+0000] {spark_submit.py:644} INFO - 25/07/06 21:19:37 INFO SparkContext: Added JAR file:///opt/bitnami/spark/jars/nessie-client-0.103.2.jar at spark://0b50925a8be6:36477/jars/nessie-client-0.103.2.jar with timestamp 1751836775993
[2025-07-06T21:19:37.030+0000] {spark_submit.py:644} INFO - 25/07/06 21:19:37 INFO SparkContext: Added JAR file:///opt/bitnami/spark/jars/hadoop-aws-3.3.2.jar at spark://0b50925a8be6:36477/jars/hadoop-aws-3.3.2.jar with timestamp 1751836775993
[2025-07-06T21:19:37.032+0000] {spark_submit.py:644} INFO - 25/07/06 21:19:37 INFO SparkContext: Added JAR file:///opt/bitnami/spark/jars/aws-java-sdk-bundle-1.12.262.jar at spark://0b50925a8be6:36477/jars/aws-java-sdk-bundle-1.12.262.jar with timestamp 1751836775993
[2025-07-06T21:19:37.167+0000] {spark_submit.py:644} INFO - 25/07/06 21:19:37 INFO StandaloneAppClient$ClientEndpoint: Connecting to master spark://spark-master:7077...
[2025-07-06T21:19:37.254+0000] {spark_submit.py:644} INFO - 25/07/06 21:19:37 INFO TransportClientFactory: Successfully created connection to spark-master/172.19.0.4:7077 after 34 ms (0 ms spent in bootstraps)
[2025-07-06T21:19:37.589+0000] {spark_submit.py:644} INFO - 25/07/06 21:19:37 INFO StandaloneSchedulerBackend: Connected to Spark cluster with app ID app-20250706211937-0002
[2025-07-06T21:19:37.635+0000] {spark_submit.py:644} INFO - 25/07/06 21:19:37 INFO StandaloneAppClient$ClientEndpoint: Executor added: app-20250706211937-0002/0 on worker-20250706195433-172.19.0.7-42737 (172.19.0.7:42737) with 2 core(s)
[2025-07-06T21:19:37.637+0000] {spark_submit.py:644} INFO - 25/07/06 21:19:37 INFO Utils: Successfully started service 'org.apache.spark.network.netty.NettyBlockTransferService' on port 35499.
[2025-07-06T21:19:37.641+0000] {spark_submit.py:644} INFO - 25/07/06 21:19:37 INFO NettyBlockTransferService: Server created on 0b50925a8be6:35499
[2025-07-06T21:19:37.646+0000] {spark_submit.py:644} INFO - 25/07/06 21:19:37 INFO StandaloneSchedulerBackend: Granted executor ID app-20250706211937-0002/0 on hostPort 172.19.0.7:42737 with 2 core(s), 1024.0 MiB RAM
[2025-07-06T21:19:37.648+0000] {spark_submit.py:644} INFO - 25/07/06 21:19:37 INFO BlockManager: Using org.apache.spark.storage.RandomBlockReplicationPolicy for block replication policy
[2025-07-06T21:19:37.669+0000] {spark_submit.py:644} INFO - 25/07/06 21:19:37 INFO BlockManagerMaster: Registering BlockManager BlockManagerId(driver, 0b50925a8be6, 35499, None)
[2025-07-06T21:19:37.684+0000] {spark_submit.py:644} INFO - 25/07/06 21:19:37 INFO BlockManagerMasterEndpoint: Registering block manager 0b50925a8be6:35499 with 434.4 MiB RAM, BlockManagerId(driver, 0b50925a8be6, 35499, None)
[2025-07-06T21:19:37.689+0000] {spark_submit.py:644} INFO - 25/07/06 21:19:37 INFO BlockManagerMaster: Registered BlockManager BlockManagerId(driver, 0b50925a8be6, 35499, None)
[2025-07-06T21:19:37.696+0000] {spark_submit.py:644} INFO - 25/07/06 21:19:37 INFO BlockManager: Initialized BlockManager: BlockManagerId(driver, 0b50925a8be6, 35499, None)
[2025-07-06T21:19:38.045+0000] {spark_submit.py:644} INFO - 25/07/06 21:19:38 INFO StandaloneSchedulerBackend: SchedulerBackend is ready for scheduling beginning after reached minRegisteredResourcesRatio: 0.0
[2025-07-06T21:19:38.390+0000] {spark_submit.py:644} INFO - 25/07/06 21:19:38 INFO StandaloneAppClient$ClientEndpoint: Executor updated: app-20250706211937-0002/0 is now RUNNING
[2025-07-06T21:19:38.562+0000] {spark_submit.py:644} INFO - 25/07/06 21:19:38 INFO SharedState: Setting hive.metastore.warehouse.dir ('null') to the value of spark.sql.warehouse.dir.
[2025-07-06T21:19:38.564+0000] {spark_submit.py:644} INFO - 25/07/06 21:19:38 INFO SharedState: Warehouse path is 'file:/opt/airflow/spark-warehouse'.
[2025-07-06T21:19:45.919+0000] {spark_submit.py:644} INFO - 25/07/06 21:19:45 INFO CatalogUtil: Loading custom FileIO implementation: org.apache.iceberg.hadoop.HadoopFileIO
[2025-07-06T21:19:51.908+0000] {spark_submit.py:644} INFO - 25/07/06 21:19:51 WARN MetricsConfig: Cannot locate configuration: tried hadoop-metrics2-s3a-file-system.properties,hadoop-metrics2.properties
[2025-07-06T21:19:51.920+0000] {spark_submit.py:644} INFO - 25/07/06 21:19:51 INFO MetricsSystemImpl: Scheduled Metric snapshot period at 10 second(s).
[2025-07-06T21:19:51.920+0000] {spark_submit.py:644} INFO - 25/07/06 21:19:51 INFO MetricsSystemImpl: s3a-file-system metrics system started
[2025-07-06T21:19:53.904+0000] {spark_submit.py:644} INFO - 25/07/06 21:19:53 INFO StandaloneSchedulerBackend$StandaloneDriverEndpoint: Registered executor NettyRpcEndpointRef(spark-client://Executor) (172.19.0.7:34146) with ID 0,  ResourceProfileId 0
[2025-07-06T21:19:54.085+0000] {spark_submit.py:644} INFO - 25/07/06 21:19:54 INFO BlockManagerMasterEndpoint: Registering block manager 172.19.0.7:45435 with 434.4 MiB RAM, BlockManagerId(0, 172.19.0.7, 45435, None)
[2025-07-06T21:20:06.176+0000] {spark_submit.py:644} INFO - 25/07/06 21:20:06 INFO InMemoryFileIndex: It took 64 ms to list leaf files for 1 paths.
[2025-07-06T21:20:06.846+0000] {spark_submit.py:644} INFO - 25/07/06 21:20:06 INFO FileSourceStrategy: Pushed Filters:
[2025-07-06T21:20:06.847+0000] {spark_submit.py:644} INFO - 25/07/06 21:20:06 INFO FileSourceStrategy: Post-Scan Filters:
[2025-07-06T21:20:07.576+0000] {spark_submit.py:644} INFO - 25/07/06 21:20:07 INFO CodeGenerator: Code generated in 334.199437 ms
[2025-07-06T21:20:07.657+0000] {spark_submit.py:644} INFO - 25/07/06 21:20:07 INFO MemoryStore: Block broadcast_0 stored as values in memory (estimated size 203.5 KiB, free 434.2 MiB)
[2025-07-06T21:20:07.724+0000] {spark_submit.py:644} INFO - 25/07/06 21:20:07 INFO MemoryStore: Block broadcast_0_piece0 stored as bytes in memory (estimated size 35.6 KiB, free 434.2 MiB)
[2025-07-06T21:20:07.727+0000] {spark_submit.py:644} INFO - 25/07/06 21:20:07 INFO BlockManagerInfo: Added broadcast_0_piece0 in memory on 0b50925a8be6:35499 (size: 35.6 KiB, free: 434.4 MiB)
[2025-07-06T21:20:07.747+0000] {spark_submit.py:644} INFO - 25/07/06 21:20:07 INFO SparkContext: Created broadcast 0 from collect at /opt/bitnami/spark/jobs/process_exercises_job.py:191
[2025-07-06T21:20:07.772+0000] {spark_submit.py:644} INFO - 25/07/06 21:20:07 INFO FileSourceScanExec: Planning scan with bin packing, max size: 4194304 bytes, open cost is considered as scanning 4194304 bytes.
[2025-07-06T21:20:07.990+0000] {spark_submit.py:644} INFO - 25/07/06 21:20:07 INFO SparkContext: Starting job: collect at /opt/bitnami/spark/jobs/process_exercises_job.py:191
[2025-07-06T21:20:08.013+0000] {spark_submit.py:644} INFO - 25/07/06 21:20:08 INFO DAGScheduler: Got job 0 (collect at /opt/bitnami/spark/jobs/process_exercises_job.py:191) with 1 output partitions
[2025-07-06T21:20:08.014+0000] {spark_submit.py:644} INFO - 25/07/06 21:20:08 INFO DAGScheduler: Final stage: ResultStage 0 (collect at /opt/bitnami/spark/jobs/process_exercises_job.py:191)
[2025-07-06T21:20:08.015+0000] {spark_submit.py:644} INFO - 25/07/06 21:20:08 INFO DAGScheduler: Parents of final stage: List()
[2025-07-06T21:20:08.020+0000] {spark_submit.py:644} INFO - 25/07/06 21:20:08 INFO DAGScheduler: Missing parents: List()
[2025-07-06T21:20:08.048+0000] {spark_submit.py:644} INFO - 25/07/06 21:20:08 INFO DAGScheduler: Submitting ResultStage 0 (MapPartitionsRDD[5] at collect at /opt/bitnami/spark/jobs/process_exercises_job.py:191), which has no missing parents
[2025-07-06T21:20:08.076+0000] {spark_submit.py:644} INFO - 25/07/06 21:20:08 INFO MemoryStore: Block broadcast_1 stored as values in memory (estimated size 26.8 KiB, free 434.1 MiB)
[2025-07-06T21:20:08.087+0000] {spark_submit.py:644} INFO - 25/07/06 21:20:08 INFO MemoryStore: Block broadcast_1_piece0 stored as bytes in memory (estimated size 13.3 KiB, free 434.1 MiB)
[2025-07-06T21:20:08.088+0000] {spark_submit.py:644} INFO - 25/07/06 21:20:08 INFO BlockManagerInfo: Added broadcast_1_piece0 in memory on 0b50925a8be6:35499 (size: 13.3 KiB, free: 434.4 MiB)
[2025-07-06T21:20:08.089+0000] {spark_submit.py:644} INFO - 25/07/06 21:20:08 INFO SparkContext: Created broadcast 1 from broadcast at DAGScheduler.scala:1585
[2025-07-06T21:20:08.108+0000] {spark_submit.py:644} INFO - 25/07/06 21:20:08 INFO DAGScheduler: Submitting 1 missing tasks from ResultStage 0 (MapPartitionsRDD[5] at collect at /opt/bitnami/spark/jobs/process_exercises_job.py:191) (first 15 tasks are for partitions Vector(0))
[2025-07-06T21:20:08.109+0000] {spark_submit.py:644} INFO - 25/07/06 21:20:08 INFO TaskSchedulerImpl: Adding task set 0.0 with 1 tasks resource profile 0
[2025-07-06T21:21:18.363+0000] {spark_submit.py:644} INFO - 25/07/06 21:21:18 INFO TaskSetManager: Starting task 0.0 in stage 0.0 (TID 0) (172.19.0.7, executor 0, partition 0, PROCESS_LOCAL, 10233 bytes)
[2025-07-06T21:21:19.079+0000] {spark_submit.py:644} INFO - 25/07/06 21:21:19 INFO BlockManagerInfo: Added broadcast_1_piece0 in memory on 172.19.0.7:45435 (size: 13.3 KiB, free: 434.4 MiB)
[2025-07-06T21:21:40.722+0000] {spark_submit.py:644} INFO - 25/07/06 21:21:40 INFO BlockManagerInfo: Added broadcast_0_piece0 in memory on 172.19.0.7:45435 (size: 35.6 KiB, free: 434.4 MiB)
[2025-07-06T21:21:58.399+0000] {spark_submit.py:644} INFO - 25/07/06 21:21:58 INFO TaskSetManager: Finished task 0.0 in stage 0.0 (TID 0) in 40065 ms on 172.19.0.7 (executor 0) (1/1)
[2025-07-06T21:21:58.402+0000] {spark_submit.py:644} INFO - 25/07/06 21:21:58 INFO TaskSchedulerImpl: Removed TaskSet 0.0, whose tasks have all completed, from pool
[2025-07-06T21:21:58.406+0000] {spark_submit.py:644} INFO - 25/07/06 21:21:58 INFO PythonAccumulatorV2: Connected to AccumulatorServer at host: 127.0.0.1 port: 54725
[2025-07-06T21:21:58.410+0000] {spark_submit.py:644} INFO - 25/07/06 21:21:58 INFO DAGScheduler: ResultStage 0 (collect at /opt/bitnami/spark/jobs/process_exercises_job.py:191) finished in 110.338 s
[2025-07-06T21:21:58.414+0000] {spark_submit.py:644} INFO - 25/07/06 21:21:58 INFO DAGScheduler: Job 0 is finished. Cancelling potential speculative or zombie tasks for this job
[2025-07-06T21:21:58.415+0000] {spark_submit.py:644} INFO - 25/07/06 21:21:58 INFO TaskSchedulerImpl: Killing all running tasks in stage 0: Stage finished
[2025-07-06T21:21:58.418+0000] {spark_submit.py:644} INFO - 25/07/06 21:21:58 INFO DAGScheduler: Job 0 finished: collect at /opt/bitnami/spark/jobs/process_exercises_job.py:191, took 110.437661 s
[2025-07-06T21:22:10.813+0000] {spark_submit.py:644} INFO - 25/07/06 21:22:10 INFO InMemoryFileIndex: It took 9 ms to list leaf files for 1 paths.
[2025-07-06T21:22:10.841+0000] {spark_submit.py:644} INFO - 25/07/06 21:22:10 INFO FileSourceStrategy: Pushed Filters:
[2025-07-06T21:22:10.842+0000] {spark_submit.py:644} INFO - 25/07/06 21:22:10 INFO FileSourceStrategy: Post-Scan Filters:
[2025-07-06T21:22:10.849+0000] {spark_submit.py:644} INFO - 25/07/06 21:22:10 INFO MemoryStore: Block broadcast_2 stored as values in memory (estimated size 203.7 KiB, free 433.9 MiB)
[2025-07-06T21:22:10.920+0000] {spark_submit.py:644} INFO - 25/07/06 21:22:10 INFO MemoryStore: Block broadcast_2_piece0 stored as bytes in memory (estimated size 35.7 KiB, free 433.9 MiB)
[2025-07-06T21:22:10.988+0000] {spark_submit.py:644} INFO - 25/07/06 21:22:10 INFO BlockManagerInfo: Added broadcast_2_piece0 in memory on 0b50925a8be6:35499 (size: 35.7 KiB, free: 434.3 MiB)
[2025-07-06T21:22:10.989+0000] {spark_submit.py:644} INFO - 25/07/06 21:22:10 INFO SparkContext: Created broadcast 2 from collect at /opt/bitnami/spark/jobs/process_exercises_job.py:297
[2025-07-06T21:22:10.990+0000] {spark_submit.py:644} INFO - 25/07/06 21:22:10 INFO FileSourceScanExec: Planning scan with bin packing, max size: 8390267 bytes, open cost is considered as scanning 4194304 bytes.
[2025-07-06T21:22:11.009+0000] {spark_submit.py:644} INFO - 25/07/06 21:22:11 INFO BlockManagerInfo: Removed broadcast_1_piece0 on 0b50925a8be6:35499 in memory (size: 13.3 KiB, free: 434.3 MiB)
[2025-07-06T21:22:11.014+0000] {spark_submit.py:644} INFO - 25/07/06 21:22:11 INFO SparkContext: Starting job: collect at /opt/bitnami/spark/jobs/process_exercises_job.py:297
[2025-07-06T21:22:11.027+0000] {spark_submit.py:644} INFO - 25/07/06 21:22:11 INFO DAGScheduler: Got job 1 (collect at /opt/bitnami/spark/jobs/process_exercises_job.py:297) with 2 output partitions
[2025-07-06T21:22:11.028+0000] {spark_submit.py:644} INFO - 25/07/06 21:22:11 INFO DAGScheduler: Final stage: ResultStage 1 (collect at /opt/bitnami/spark/jobs/process_exercises_job.py:297)
[2025-07-06T21:22:11.029+0000] {spark_submit.py:644} INFO - 25/07/06 21:22:11 INFO DAGScheduler: Parents of final stage: List()
[2025-07-06T21:22:11.029+0000] {spark_submit.py:644} INFO - 25/07/06 21:22:11 INFO DAGScheduler: Missing parents: List()
[2025-07-06T21:22:11.030+0000] {spark_submit.py:644} INFO - 25/07/06 21:22:11 INFO DAGScheduler: Submitting ResultStage 1 (MapPartitionsRDD[13] at collect at /opt/bitnami/spark/jobs/process_exercises_job.py:297), which has no missing parents
[2025-07-06T21:22:11.031+0000] {spark_submit.py:644} INFO - 25/07/06 21:22:11 INFO MemoryStore: Block broadcast_3 stored as values in memory (estimated size 9.4 KiB, free 433.9 MiB)
[2025-07-06T21:22:11.035+0000] {spark_submit.py:644} INFO - 25/07/06 21:22:11 INFO BlockManagerInfo: Removed broadcast_1_piece0 on 172.19.0.7:45435 in memory (size: 13.3 KiB, free: 434.4 MiB)
[2025-07-06T21:22:11.062+0000] {spark_submit.py:644} INFO - 25/07/06 21:22:11 INFO MemoryStore: Block broadcast_3_piece0 stored as bytes in memory (estimated size 4.7 KiB, free 433.9 MiB)
[2025-07-06T21:22:11.063+0000] {spark_submit.py:644} INFO - 25/07/06 21:22:11 INFO BlockManagerInfo: Added broadcast_3_piece0 in memory on 0b50925a8be6:35499 (size: 4.7 KiB, free: 434.3 MiB)
[2025-07-06T21:22:11.064+0000] {spark_submit.py:644} INFO - 25/07/06 21:22:11 INFO SparkContext: Created broadcast 3 from broadcast at DAGScheduler.scala:1585
[2025-07-06T21:22:11.064+0000] {spark_submit.py:644} INFO - 25/07/06 21:22:11 INFO DAGScheduler: Submitting 2 missing tasks from ResultStage 1 (MapPartitionsRDD[13] at collect at /opt/bitnami/spark/jobs/process_exercises_job.py:297) (first 15 tasks are for partitions Vector(0, 1))
[2025-07-06T21:22:11.065+0000] {spark_submit.py:644} INFO - 25/07/06 21:22:11 INFO TaskSchedulerImpl: Adding task set 1.0 with 2 tasks resource profile 0
[2025-07-06T21:22:11.066+0000] {spark_submit.py:644} INFO - 25/07/06 21:22:11 INFO TaskSetManager: Starting task 0.0 in stage 1.0 (TID 1) (172.19.0.7, executor 0, partition 0, PROCESS_LOCAL, 10378 bytes)
[2025-07-06T21:22:11.067+0000] {spark_submit.py:644} INFO - 25/07/06 21:22:11 INFO TaskSetManager: Starting task 1.0 in stage 1.0 (TID 2) (172.19.0.7, executor 0, partition 1, PROCESS_LOCAL, 10381 bytes)
[2025-07-06T21:22:11.116+0000] {spark_submit.py:644} INFO - 25/07/06 21:22:11 INFO BlockManagerInfo: Added broadcast_3_piece0 in memory on 172.19.0.7:45435 (size: 4.7 KiB, free: 434.4 MiB)
[2025-07-06T21:22:11.188+0000] {spark_submit.py:644} INFO - 25/07/06 21:22:11 INFO BlockManagerInfo: Added broadcast_2_piece0 in memory on 172.19.0.7:45435 (size: 35.7 KiB, free: 434.3 MiB)
[2025-07-06T21:22:11.224+0000] {spark_submit.py:644} INFO - 25/07/06 21:22:11 INFO TaskSetManager: Finished task 1.0 in stage 1.0 (TID 2) in 157 ms on 172.19.0.7 (executor 0) (1/2)
[2025-07-06T21:22:11.225+0000] {spark_submit.py:644} INFO - 25/07/06 21:22:11 INFO TaskSetManager: Finished task 0.0 in stage 1.0 (TID 1) in 159 ms on 172.19.0.7 (executor 0) (2/2)
[2025-07-06T21:22:11.226+0000] {spark_submit.py:644} INFO - 25/07/06 21:22:11 INFO TaskSchedulerImpl: Removed TaskSet 1.0, whose tasks have all completed, from pool
[2025-07-06T21:22:11.227+0000] {spark_submit.py:644} INFO - 25/07/06 21:22:11 INFO DAGScheduler: ResultStage 1 (collect at /opt/bitnami/spark/jobs/process_exercises_job.py:297) finished in 0.197 s
[2025-07-06T21:22:11.228+0000] {spark_submit.py:644} INFO - 25/07/06 21:22:11 INFO DAGScheduler: Job 1 is finished. Cancelling potential speculative or zombie tasks for this job
[2025-07-06T21:22:11.228+0000] {spark_submit.py:644} INFO - 25/07/06 21:22:11 INFO TaskSchedulerImpl: Killing all running tasks in stage 1: Stage finished
[2025-07-06T21:22:11.229+0000] {spark_submit.py:644} INFO - 25/07/06 21:22:11 INFO DAGScheduler: Job 1 finished: collect at /opt/bitnami/spark/jobs/process_exercises_job.py:297, took 0.213845 s
[2025-07-06T21:22:11.338+0000] {spark_submit.py:644} INFO - 25/07/06 21:22:11 INFO InMemoryFileIndex: It took 80 ms to list leaf files for 1 paths.
[2025-07-06T21:22:11.773+0000] {spark_submit.py:644} INFO - 25/07/06 21:22:11 INFO FileSourceStrategy: Pushed Filters:
[2025-07-06T21:22:11.776+0000] {spark_submit.py:644} INFO - 25/07/06 21:22:11 INFO FileSourceStrategy: Post-Scan Filters:
[2025-07-06T21:22:11.851+0000] {spark_submit.py:644} INFO - 25/07/06 21:22:11 INFO CodeGenerator: Code generated in 48.431938 ms
[2025-07-06T21:22:11.858+0000] {spark_submit.py:644} INFO - 25/07/06 21:22:11 INFO MemoryStore: Block broadcast_4 stored as values in memory (estimated size 203.5 KiB, free 433.7 MiB)
[2025-07-06T21:22:12.341+0000] {spark_submit.py:644} INFO - 25/07/06 21:22:12 INFO MemoryStore: Block broadcast_4_piece0 stored as bytes in memory (estimated size 35.6 KiB, free 433.7 MiB)
[2025-07-06T21:22:12.380+0000] {spark_submit.py:644} INFO - 25/07/06 21:22:12 INFO BlockManagerInfo: Added broadcast_4_piece0 in memory on 0b50925a8be6:35499 (size: 35.6 KiB, free: 434.3 MiB)
[2025-07-06T21:22:12.385+0000] {spark_submit.py:644} INFO - 25/07/06 21:22:12 INFO SparkContext: Created broadcast 4 from collect at /opt/bitnami/spark/jobs/process_exercises_job.py:309
[2025-07-06T21:22:12.388+0000] {spark_submit.py:644} INFO - 25/07/06 21:22:12 INFO FileSourceScanExec: Planning scan with bin packing, max size: 4194304 bytes, open cost is considered as scanning 4194304 bytes.
[2025-07-06T21:22:12.416+0000] {spark_submit.py:644} INFO - 25/07/06 21:22:12 INFO SparkContext: Starting job: collect at /opt/bitnami/spark/jobs/process_exercises_job.py:309
[2025-07-06T21:22:12.418+0000] {spark_submit.py:644} INFO - 25/07/06 21:22:12 INFO DAGScheduler: Got job 2 (collect at /opt/bitnami/spark/jobs/process_exercises_job.py:309) with 1 output partitions
[2025-07-06T21:22:12.418+0000] {spark_submit.py:644} INFO - 25/07/06 21:22:12 INFO DAGScheduler: Final stage: ResultStage 2 (collect at /opt/bitnami/spark/jobs/process_exercises_job.py:309)
[2025-07-06T21:22:12.419+0000] {spark_submit.py:644} INFO - 25/07/06 21:22:12 INFO DAGScheduler: Parents of final stage: List()
[2025-07-06T21:22:12.420+0000] {spark_submit.py:644} INFO - 25/07/06 21:22:12 INFO DAGScheduler: Missing parents: List()
[2025-07-06T21:22:12.421+0000] {spark_submit.py:644} INFO - 25/07/06 21:22:12 INFO DAGScheduler: Submitting ResultStage 2 (MapPartitionsRDD[17] at collect at /opt/bitnami/spark/jobs/process_exercises_job.py:309), which has no missing parents
[2025-07-06T21:22:12.423+0000] {spark_submit.py:644} INFO - 25/07/06 21:22:12 INFO MemoryStore: Block broadcast_5 stored as values in memory (estimated size 12.6 KiB, free 433.7 MiB)
[2025-07-06T21:22:12.607+0000] {spark_submit.py:644} INFO - 25/07/06 21:22:12 INFO MemoryStore: Block broadcast_5_piece0 stored as bytes in memory (estimated size 6.0 KiB, free 433.7 MiB)
[2025-07-06T21:22:12.641+0000] {spark_submit.py:644} INFO - 25/07/06 21:22:12 INFO BlockManagerInfo: Added broadcast_5_piece0 in memory on 0b50925a8be6:35499 (size: 6.0 KiB, free: 434.3 MiB)
[2025-07-06T21:22:12.642+0000] {spark_submit.py:644} INFO - 25/07/06 21:22:12 INFO SparkContext: Created broadcast 5 from broadcast at DAGScheduler.scala:1585
[2025-07-06T21:22:12.642+0000] {spark_submit.py:644} INFO - 25/07/06 21:22:12 INFO DAGScheduler: Submitting 1 missing tasks from ResultStage 2 (MapPartitionsRDD[17] at collect at /opt/bitnami/spark/jobs/process_exercises_job.py:309) (first 15 tasks are for partitions Vector(0))
[2025-07-06T21:22:12.643+0000] {spark_submit.py:644} INFO - 25/07/06 21:22:12 INFO TaskSchedulerImpl: Adding task set 2.0 with 1 tasks resource profile 0
[2025-07-06T21:22:12.644+0000] {spark_submit.py:644} INFO - 25/07/06 21:22:12 INFO TaskSetManager: Starting task 0.0 in stage 2.0 (TID 3) (172.19.0.7, executor 0, partition 0, PROCESS_LOCAL, 10201 bytes)
[2025-07-06T21:22:12.676+0000] {spark_submit.py:644} INFO - 25/07/06 21:22:12 INFO BlockManagerInfo: Added broadcast_5_piece0 in memory on 172.19.0.7:45435 (size: 6.0 KiB, free: 434.3 MiB)
[2025-07-06T21:22:12.729+0000] {spark_submit.py:644} INFO - 25/07/06 21:22:12 INFO BlockManagerInfo: Added broadcast_4_piece0 in memory on 172.19.0.7:45435 (size: 35.6 KiB, free: 434.3 MiB)
[2025-07-06T21:22:12.848+0000] {spark_submit.py:644} INFO - 25/07/06 21:22:12 INFO TaskSetManager: Finished task 0.0 in stage 2.0 (TID 3) in 204 ms on 172.19.0.7 (executor 0) (1/1)
[2025-07-06T21:22:12.849+0000] {spark_submit.py:644} INFO - 25/07/06 21:22:12 INFO TaskSchedulerImpl: Removed TaskSet 2.0, whose tasks have all completed, from pool
[2025-07-06T21:22:12.850+0000] {spark_submit.py:644} INFO - 25/07/06 21:22:12 INFO DAGScheduler: ResultStage 2 (collect at /opt/bitnami/spark/jobs/process_exercises_job.py:309) finished in 0.429 s
[2025-07-06T21:22:12.851+0000] {spark_submit.py:644} INFO - 25/07/06 21:22:12 INFO DAGScheduler: Job 2 is finished. Cancelling potential speculative or zombie tasks for this job
[2025-07-06T21:22:12.852+0000] {spark_submit.py:644} INFO - 25/07/06 21:22:12 INFO TaskSchedulerImpl: Killing all running tasks in stage 2: Stage finished
[2025-07-06T21:22:12.853+0000] {spark_submit.py:644} INFO - 25/07/06 21:22:12 INFO DAGScheduler: Job 2 finished: collect at /opt/bitnami/spark/jobs/process_exercises_job.py:309, took 0.434230 s
[2025-07-06T21:22:12.893+0000] {spark_submit.py:644} INFO - 25/07/06 21:22:12 INFO InMemoryFileIndex: It took 11 ms to list leaf files for 1 paths.
[2025-07-06T21:22:12.933+0000] {spark_submit.py:644} INFO - 25/07/06 21:22:12 INFO FileSourceStrategy: Pushed Filters:
[2025-07-06T21:22:12.934+0000] {spark_submit.py:644} INFO - 25/07/06 21:22:12 INFO FileSourceStrategy: Post-Scan Filters:
[2025-07-06T21:22:12.947+0000] {spark_submit.py:644} INFO - 25/07/06 21:22:12 INFO MemoryStore: Block broadcast_6 stored as values in memory (estimated size 203.5 KiB, free 433.5 MiB)
[2025-07-06T21:22:12.983+0000] {spark_submit.py:644} INFO - 25/07/06 21:22:12 INFO MemoryStore: Block broadcast_6_piece0 stored as bytes in memory (estimated size 35.6 KiB, free 433.4 MiB)
[2025-07-06T21:22:13.000+0000] {spark_submit.py:644} INFO - 25/07/06 21:22:13 INFO BlockManagerInfo: Added broadcast_6_piece0 in memory on 0b50925a8be6:35499 (size: 35.6 KiB, free: 434.3 MiB)
[2025-07-06T21:22:13.001+0000] {spark_submit.py:644} INFO - 25/07/06 21:22:13 INFO SparkContext: Created broadcast 6 from collect at /opt/bitnami/spark/jobs/process_exercises_job.py:309
[2025-07-06T21:22:13.002+0000] {spark_submit.py:644} INFO - 25/07/06 21:22:13 INFO FileSourceScanExec: Planning scan with bin packing, max size: 4194304 bytes, open cost is considered as scanning 4194304 bytes.
[2025-07-06T21:22:13.014+0000] {spark_submit.py:644} INFO - 25/07/06 21:22:13 INFO SparkContext: Starting job: collect at /opt/bitnami/spark/jobs/process_exercises_job.py:309
[2025-07-06T21:22:13.015+0000] {spark_submit.py:644} INFO - 25/07/06 21:22:13 INFO DAGScheduler: Got job 3 (collect at /opt/bitnami/spark/jobs/process_exercises_job.py:309) with 1 output partitions
[2025-07-06T21:22:13.016+0000] {spark_submit.py:644} INFO - 25/07/06 21:22:13 INFO DAGScheduler: Final stage: ResultStage 3 (collect at /opt/bitnami/spark/jobs/process_exercises_job.py:309)
[2025-07-06T21:22:13.017+0000] {spark_submit.py:644} INFO - 25/07/06 21:22:13 INFO DAGScheduler: Parents of final stage: List()
[2025-07-06T21:22:13.017+0000] {spark_submit.py:644} INFO - 25/07/06 21:22:13 INFO DAGScheduler: Missing parents: List()
[2025-07-06T21:22:13.018+0000] {spark_submit.py:644} INFO - 25/07/06 21:22:13 INFO DAGScheduler: Submitting ResultStage 3 (MapPartitionsRDD[21] at collect at /opt/bitnami/spark/jobs/process_exercises_job.py:309), which has no missing parents
[2025-07-06T21:22:13.019+0000] {spark_submit.py:644} INFO - 25/07/06 21:22:13 INFO MemoryStore: Block broadcast_7 stored as values in memory (estimated size 12.6 KiB, free 433.4 MiB)
[2025-07-06T21:22:13.022+0000] {spark_submit.py:644} INFO - 25/07/06 21:22:13 INFO MemoryStore: Block broadcast_7_piece0 stored as bytes in memory (estimated size 6.0 KiB, free 433.4 MiB)
[2025-07-06T21:22:13.023+0000] {spark_submit.py:644} INFO - 25/07/06 21:22:13 INFO BlockManagerInfo: Added broadcast_7_piece0 in memory on 0b50925a8be6:35499 (size: 6.0 KiB, free: 434.2 MiB)
[2025-07-06T21:22:13.024+0000] {spark_submit.py:644} INFO - 25/07/06 21:22:13 INFO SparkContext: Created broadcast 7 from broadcast at DAGScheduler.scala:1585
[2025-07-06T21:22:13.025+0000] {spark_submit.py:644} INFO - 25/07/06 21:22:13 INFO DAGScheduler: Submitting 1 missing tasks from ResultStage 3 (MapPartitionsRDD[21] at collect at /opt/bitnami/spark/jobs/process_exercises_job.py:309) (first 15 tasks are for partitions Vector(0))
[2025-07-06T21:22:13.026+0000] {spark_submit.py:644} INFO - 25/07/06 21:22:13 INFO TaskSchedulerImpl: Adding task set 3.0 with 1 tasks resource profile 0
[2025-07-06T21:22:13.027+0000] {spark_submit.py:644} INFO - 25/07/06 21:22:13 INFO TaskSetManager: Starting task 0.0 in stage 3.0 (TID 4) (172.19.0.7, executor 0, partition 0, PROCESS_LOCAL, 10201 bytes)
[2025-07-06T21:22:13.164+0000] {spark_submit.py:644} INFO - 25/07/06 21:22:13 INFO BlockManagerInfo: Added broadcast_7_piece0 in memory on 172.19.0.7:45435 (size: 6.0 KiB, free: 434.3 MiB)
[2025-07-06T21:22:13.355+0000] {spark_submit.py:644} INFO - 25/07/06 21:22:13 INFO BlockManagerInfo: Added broadcast_6_piece0 in memory on 172.19.0.7:45435 (size: 35.6 KiB, free: 434.2 MiB)
[2025-07-06T21:22:13.599+0000] {spark_submit.py:644} INFO - 25/07/06 21:22:13 INFO TaskSetManager: Finished task 0.0 in stage 3.0 (TID 4) in 572 ms on 172.19.0.7 (executor 0) (1/1)
[2025-07-06T21:22:13.600+0000] {spark_submit.py:644} INFO - 25/07/06 21:22:13 INFO TaskSchedulerImpl: Removed TaskSet 3.0, whose tasks have all completed, from pool
[2025-07-06T21:22:13.601+0000] {spark_submit.py:644} INFO - 25/07/06 21:22:13 INFO DAGScheduler: ResultStage 3 (collect at /opt/bitnami/spark/jobs/process_exercises_job.py:309) finished in 0.583 s
[2025-07-06T21:22:13.602+0000] {spark_submit.py:644} INFO - 25/07/06 21:22:13 INFO DAGScheduler: Job 3 is finished. Cancelling potential speculative or zombie tasks for this job
[2025-07-06T21:22:13.603+0000] {spark_submit.py:644} INFO - 25/07/06 21:22:13 INFO TaskSchedulerImpl: Killing all running tasks in stage 3: Stage finished
[2025-07-06T21:22:13.604+0000] {spark_submit.py:644} INFO - 25/07/06 21:22:13 INFO DAGScheduler: Job 3 finished: collect at /opt/bitnami/spark/jobs/process_exercises_job.py:309, took 0.588057 s
[2025-07-06T21:22:13.664+0000] {spark_submit.py:644} INFO - 25/07/06 21:22:13 INFO InMemoryFileIndex: It took 24 ms to list leaf files for 1 paths.
[2025-07-06T21:22:13.666+0000] {spark_submit.py:644} INFO - 25/07/06 21:22:13 INFO BlockManagerInfo: Removed broadcast_7_piece0 on 0b50925a8be6:35499 in memory (size: 6.0 KiB, free: 434.3 MiB)
[2025-07-06T21:22:13.669+0000] {spark_submit.py:644} INFO - 25/07/06 21:22:13 INFO BlockManagerInfo: Removed broadcast_7_piece0 on 172.19.0.7:45435 in memory (size: 6.0 KiB, free: 434.3 MiB)
[2025-07-06T21:22:13.687+0000] {spark_submit.py:644} INFO - 25/07/06 21:22:13 INFO BlockManagerInfo: Removed broadcast_5_piece0 on 0b50925a8be6:35499 in memory (size: 6.0 KiB, free: 434.3 MiB)
[2025-07-06T21:22:13.689+0000] {spark_submit.py:644} INFO - 25/07/06 21:22:13 INFO BlockManagerInfo: Removed broadcast_5_piece0 on 172.19.0.7:45435 in memory (size: 6.0 KiB, free: 434.3 MiB)
[2025-07-06T21:22:13.733+0000] {spark_submit.py:644} INFO - 25/07/06 21:22:13 INFO BlockManagerInfo: Removed broadcast_3_piece0 on 0b50925a8be6:35499 in memory (size: 4.7 KiB, free: 434.3 MiB)
[2025-07-06T21:22:13.735+0000] {spark_submit.py:644} INFO - 25/07/06 21:22:13 INFO BlockManagerInfo: Removed broadcast_3_piece0 on 172.19.0.7:45435 in memory (size: 4.7 KiB, free: 434.3 MiB)
[2025-07-06T21:22:13.740+0000] {spark_submit.py:644} INFO - 25/07/06 21:22:13 INFO FileSourceStrategy: Pushed Filters:
[2025-07-06T21:22:13.741+0000] {spark_submit.py:644} INFO - 25/07/06 21:22:13 INFO FileSourceStrategy: Post-Scan Filters:
[2025-07-06T21:22:13.756+0000] {spark_submit.py:644} INFO - 25/07/06 21:22:13 INFO MemoryStore: Block broadcast_8 stored as values in memory (estimated size 203.5 KiB, free 433.3 MiB)
[2025-07-06T21:22:13.919+0000] {spark_submit.py:644} INFO - 25/07/06 21:22:13 INFO MemoryStore: Block broadcast_8_piece0 stored as bytes in memory (estimated size 35.6 KiB, free 433.2 MiB)
[2025-07-06T21:22:13.940+0000] {spark_submit.py:644} INFO - 25/07/06 21:22:13 INFO BlockManagerInfo: Added broadcast_8_piece0 in memory on 0b50925a8be6:35499 (size: 35.6 KiB, free: 434.2 MiB)
[2025-07-06T21:22:13.942+0000] {spark_submit.py:644} INFO - 25/07/06 21:22:13 INFO SparkContext: Created broadcast 8 from collect at /opt/bitnami/spark/jobs/process_exercises_job.py:309
[2025-07-06T21:22:13.945+0000] {spark_submit.py:644} INFO - 25/07/06 21:22:13 INFO FileSourceScanExec: Planning scan with bin packing, max size: 4194304 bytes, open cost is considered as scanning 4194304 bytes.
[2025-07-06T21:22:13.989+0000] {spark_submit.py:644} INFO - 25/07/06 21:22:13 INFO SparkContext: Starting job: collect at /opt/bitnami/spark/jobs/process_exercises_job.py:309
[2025-07-06T21:22:13.994+0000] {spark_submit.py:644} INFO - 25/07/06 21:22:13 INFO DAGScheduler: Got job 4 (collect at /opt/bitnami/spark/jobs/process_exercises_job.py:309) with 1 output partitions
[2025-07-06T21:22:13.996+0000] {spark_submit.py:644} INFO - 25/07/06 21:22:13 INFO DAGScheduler: Final stage: ResultStage 4 (collect at /opt/bitnami/spark/jobs/process_exercises_job.py:309)
[2025-07-06T21:22:13.998+0000] {spark_submit.py:644} INFO - 25/07/06 21:22:13 INFO DAGScheduler: Parents of final stage: List()
[2025-07-06T21:22:14.000+0000] {spark_submit.py:644} INFO - 25/07/06 21:22:13 INFO DAGScheduler: Missing parents: List()
[2025-07-06T21:22:14.002+0000] {spark_submit.py:644} INFO - 25/07/06 21:22:13 INFO DAGScheduler: Submitting ResultStage 4 (MapPartitionsRDD[25] at collect at /opt/bitnami/spark/jobs/process_exercises_job.py:309), which has no missing parents
[2025-07-06T21:22:14.004+0000] {spark_submit.py:644} INFO - 25/07/06 21:22:14 INFO MemoryStore: Block broadcast_9 stored as values in memory (estimated size 12.6 KiB, free 433.2 MiB)
[2025-07-06T21:22:14.080+0000] {spark_submit.py:644} INFO - 25/07/06 21:22:14 INFO MemoryStore: Block broadcast_9_piece0 stored as bytes in memory (estimated size 6.0 KiB, free 433.2 MiB)
[2025-07-06T21:22:14.108+0000] {spark_submit.py:644} INFO - 25/07/06 21:22:14 INFO BlockManagerInfo: Added broadcast_9_piece0 in memory on 0b50925a8be6:35499 (size: 6.0 KiB, free: 434.2 MiB)
[2025-07-06T21:22:14.112+0000] {spark_submit.py:644} INFO - 25/07/06 21:22:14 INFO SparkContext: Created broadcast 9 from broadcast at DAGScheduler.scala:1585
[2025-07-06T21:22:14.116+0000] {spark_submit.py:644} INFO - 25/07/06 21:22:14 INFO DAGScheduler: Submitting 1 missing tasks from ResultStage 4 (MapPartitionsRDD[25] at collect at /opt/bitnami/spark/jobs/process_exercises_job.py:309) (first 15 tasks are for partitions Vector(0))
[2025-07-06T21:22:14.127+0000] {spark_submit.py:644} INFO - 25/07/06 21:22:14 INFO TaskSchedulerImpl: Adding task set 4.0 with 1 tasks resource profile 0
[2025-07-06T21:22:14.134+0000] {spark_submit.py:644} INFO - 25/07/06 21:22:14 INFO TaskSetManager: Starting task 0.0 in stage 4.0 (TID 5) (172.19.0.7, executor 0, partition 0, PROCESS_LOCAL, 10201 bytes)
[2025-07-06T21:22:14.181+0000] {spark_submit.py:644} INFO - 25/07/06 21:22:14 INFO BlockManagerInfo: Added broadcast_9_piece0 in memory on 172.19.0.7:45435 (size: 6.0 KiB, free: 434.3 MiB)
[2025-07-06T21:22:14.301+0000] {spark_submit.py:644} INFO - 25/07/06 21:22:14 INFO BlockManagerInfo: Removed broadcast_0_piece0 on 0b50925a8be6:35499 in memory (size: 35.6 KiB, free: 434.3 MiB)
[2025-07-06T21:22:14.324+0000] {spark_submit.py:644} INFO - 25/07/06 21:22:14 INFO BlockManagerInfo: Removed broadcast_0_piece0 on 172.19.0.7:45435 in memory (size: 35.6 KiB, free: 434.3 MiB)
[2025-07-06T21:22:14.355+0000] {spark_submit.py:644} INFO - 25/07/06 21:22:14 INFO BlockManagerInfo: Added broadcast_8_piece0 in memory on 172.19.0.7:45435 (size: 35.6 KiB, free: 434.3 MiB)
[2025-07-06T21:22:14.548+0000] {spark_submit.py:644} INFO - 25/07/06 21:22:14 INFO TaskSetManager: Finished task 0.0 in stage 4.0 (TID 5) in 417 ms on 172.19.0.7 (executor 0) (1/1)
[2025-07-06T21:22:14.549+0000] {spark_submit.py:644} INFO - 25/07/06 21:22:14 INFO TaskSchedulerImpl: Removed TaskSet 4.0, whose tasks have all completed, from pool
[2025-07-06T21:22:14.550+0000] {spark_submit.py:644} INFO - 25/07/06 21:22:14 INFO DAGScheduler: ResultStage 4 (collect at /opt/bitnami/spark/jobs/process_exercises_job.py:309) finished in 0.549 s
[2025-07-06T21:22:14.551+0000] {spark_submit.py:644} INFO - 25/07/06 21:22:14 INFO DAGScheduler: Job 4 is finished. Cancelling potential speculative or zombie tasks for this job
[2025-07-06T21:22:14.552+0000] {spark_submit.py:644} INFO - 25/07/06 21:22:14 INFO TaskSchedulerImpl: Killing all running tasks in stage 4: Stage finished
[2025-07-06T21:22:14.553+0000] {spark_submit.py:644} INFO - 25/07/06 21:22:14 INFO DAGScheduler: Job 4 finished: collect at /opt/bitnami/spark/jobs/process_exercises_job.py:309, took 0.561041 s
[2025-07-06T21:22:14.585+0000] {spark_submit.py:644} INFO - 25/07/06 21:22:14 INFO InMemoryFileIndex: It took 8 ms to list leaf files for 1 paths.
[2025-07-06T21:22:16.695+0000] {spark_submit.py:644} INFO - 25/07/06 21:22:16 INFO FileSourceStrategy: Pushed Filters:
[2025-07-06T21:22:16.696+0000] {spark_submit.py:644} INFO - 25/07/06 21:22:16 INFO FileSourceStrategy: Post-Scan Filters:
[2025-07-06T21:22:17.263+0000] {spark_submit.py:644} INFO - 25/07/06 21:22:17 INFO CodeGenerator: Code generated in 23.280043 ms
[2025-07-06T21:22:17.298+0000] {spark_submit.py:644} INFO - 25/07/06 21:22:17 INFO CodeGenerator: Code generated in 20.55991 ms
[2025-07-06T21:22:17.302+0000] {spark_submit.py:644} INFO - 25/07/06 21:22:17 INFO MemoryStore: Block broadcast_10 stored as values in memory (estimated size 203.5 KiB, free 433.2 MiB)
[2025-07-06T21:22:17.334+0000] {spark_submit.py:644} INFO - 25/07/06 21:22:17 INFO BlockManagerInfo: Removed broadcast_9_piece0 on 0b50925a8be6:35499 in memory (size: 6.0 KiB, free: 434.3 MiB)
[2025-07-06T21:22:17.336+0000] {spark_submit.py:644} INFO - 25/07/06 21:22:17 INFO BlockManagerInfo: Removed broadcast_9_piece0 on 172.19.0.7:45435 in memory (size: 6.0 KiB, free: 434.3 MiB)
[2025-07-06T21:22:17.337+0000] {spark_submit.py:644} INFO - 25/07/06 21:22:17 INFO MemoryStore: Block broadcast_10_piece0 stored as bytes in memory (estimated size 35.6 KiB, free 433.2 MiB)
[2025-07-06T21:22:17.345+0000] {spark_submit.py:644} INFO - 25/07/06 21:22:17 INFO BlockManagerInfo: Removed broadcast_8_piece0 on 172.19.0.7:45435 in memory (size: 35.6 KiB, free: 434.3 MiB)
[2025-07-06T21:22:17.366+0000] {spark_submit.py:644} INFO - 25/07/06 21:22:17 INFO BlockManagerInfo: Removed broadcast_8_piece0 on 0b50925a8be6:35499 in memory (size: 35.6 KiB, free: 434.3 MiB)
[2025-07-06T21:22:17.369+0000] {spark_submit.py:644} INFO - 25/07/06 21:22:17 INFO BlockManagerInfo: Added broadcast_10_piece0 in memory on 0b50925a8be6:35499 (size: 35.6 KiB, free: 434.3 MiB)
[2025-07-06T21:22:17.370+0000] {spark_submit.py:644} INFO - 25/07/06 21:22:17 INFO SparkContext: Created broadcast 10 from count at NativeMethodAccessorImpl.java:0
[2025-07-06T21:22:17.371+0000] {spark_submit.py:644} INFO - 25/07/06 21:22:17 INFO FileSourceScanExec: Planning scan with bin packing, max size: 4194304 bytes, open cost is considered as scanning 4194304 bytes.
[2025-07-06T21:22:17.435+0000] {spark_submit.py:644} INFO - 25/07/06 21:22:17 INFO BlockManagerInfo: Removed broadcast_6_piece0 on 0b50925a8be6:35499 in memory (size: 35.6 KiB, free: 434.3 MiB)
[2025-07-06T21:22:17.438+0000] {spark_submit.py:644} INFO - 25/07/06 21:22:17 INFO BlockManagerInfo: Removed broadcast_6_piece0 on 172.19.0.7:45435 in memory (size: 35.6 KiB, free: 434.3 MiB)
[2025-07-06T21:22:17.524+0000] {spark_submit.py:644} INFO - 25/07/06 21:22:17 INFO BlockManagerInfo: Removed broadcast_2_piece0 on 0b50925a8be6:35499 in memory (size: 35.7 KiB, free: 434.3 MiB)
[2025-07-06T21:22:17.527+0000] {spark_submit.py:644} INFO - 25/07/06 21:22:17 INFO BlockManagerInfo: Removed broadcast_2_piece0 on 172.19.0.7:45435 in memory (size: 35.7 KiB, free: 434.4 MiB)
[2025-07-06T21:22:17.554+0000] {spark_submit.py:644} INFO - 25/07/06 21:22:17 INFO BlockManagerInfo: Removed broadcast_4_piece0 on 172.19.0.7:45435 in memory (size: 35.6 KiB, free: 434.4 MiB)
[2025-07-06T21:22:17.613+0000] {spark_submit.py:644} INFO - 25/07/06 21:22:17 INFO BlockManagerInfo: Removed broadcast_4_piece0 on 0b50925a8be6:35499 in memory (size: 35.6 KiB, free: 434.4 MiB)
[2025-07-06T21:22:17.711+0000] {spark_submit.py:644} INFO - 25/07/06 21:22:17 INFO DAGScheduler: Registering RDD 34 (count at NativeMethodAccessorImpl.java:0) as input to shuffle 0
[2025-07-06T21:22:17.826+0000] {spark_submit.py:644} INFO - 25/07/06 21:22:17 INFO DAGScheduler: Got map stage job 5 (count at NativeMethodAccessorImpl.java:0) with 1 output partitions
[2025-07-06T21:22:17.829+0000] {spark_submit.py:644} INFO - 25/07/06 21:22:17 INFO DAGScheduler: Final stage: ShuffleMapStage 5 (count at NativeMethodAccessorImpl.java:0)
[2025-07-06T21:22:17.831+0000] {spark_submit.py:644} INFO - 25/07/06 21:22:17 INFO DAGScheduler: Parents of final stage: List()
[2025-07-06T21:22:17.833+0000] {spark_submit.py:644} INFO - 25/07/06 21:22:17 INFO DAGScheduler: Missing parents: List()
[2025-07-06T21:22:17.835+0000] {spark_submit.py:644} INFO - 25/07/06 21:22:17 INFO DAGScheduler: Submitting ShuffleMapStage 5 (MapPartitionsRDD[34] at count at NativeMethodAccessorImpl.java:0), which has no missing parents
[2025-07-06T21:22:17.879+0000] {spark_submit.py:644} INFO - 25/07/06 21:22:17 INFO MemoryStore: Block broadcast_11 stored as values in memory (estimated size 41.4 KiB, free 434.1 MiB)
[2025-07-06T21:22:17.897+0000] {spark_submit.py:644} INFO - 25/07/06 21:22:17 INFO MemoryStore: Block broadcast_11_piece0 stored as bytes in memory (estimated size 19.3 KiB, free 434.1 MiB)
[2025-07-06T21:22:17.898+0000] {spark_submit.py:644} INFO - 25/07/06 21:22:17 INFO BlockManagerInfo: Added broadcast_11_piece0 in memory on 0b50925a8be6:35499 (size: 19.3 KiB, free: 434.3 MiB)
[2025-07-06T21:22:17.899+0000] {spark_submit.py:644} INFO - 25/07/06 21:22:17 INFO SparkContext: Created broadcast 11 from broadcast at DAGScheduler.scala:1585
[2025-07-06T21:22:17.901+0000] {spark_submit.py:644} INFO - 25/07/06 21:22:17 INFO DAGScheduler: Submitting 1 missing tasks from ShuffleMapStage 5 (MapPartitionsRDD[34] at count at NativeMethodAccessorImpl.java:0) (first 15 tasks are for partitions Vector(0))
[2025-07-06T21:22:17.901+0000] {spark_submit.py:644} INFO - 25/07/06 21:22:17 INFO TaskSchedulerImpl: Adding task set 5.0 with 1 tasks resource profile 0
[2025-07-06T21:22:17.903+0000] {spark_submit.py:644} INFO - 25/07/06 21:22:17 INFO TaskSetManager: Starting task 0.0 in stage 5.0 (TID 6) (172.19.0.7, executor 0, partition 0, PROCESS_LOCAL, 10190 bytes)
[2025-07-06T21:22:17.958+0000] {spark_submit.py:644} INFO - 25/07/06 21:22:17 INFO BlockManagerInfo: Added broadcast_11_piece0 in memory on 172.19.0.7:45435 (size: 19.3 KiB, free: 434.4 MiB)
[2025-07-06T21:22:18.480+0000] {spark_submit.py:644} INFO - 25/07/06 21:22:18 INFO BlockManagerInfo: Added broadcast_10_piece0 in memory on 172.19.0.7:45435 (size: 35.6 KiB, free: 434.3 MiB)
[2025-07-06T21:22:19.312+0000] {spark_submit.py:644} INFO - 25/07/06 21:22:19 INFO TaskSetManager: Finished task 0.0 in stage 5.0 (TID 6) in 1410 ms on 172.19.0.7 (executor 0) (1/1)
[2025-07-06T21:22:19.313+0000] {spark_submit.py:644} INFO - 25/07/06 21:22:19 INFO TaskSchedulerImpl: Removed TaskSet 5.0, whose tasks have all completed, from pool
[2025-07-06T21:22:19.318+0000] {spark_submit.py:644} INFO - 25/07/06 21:22:19 INFO DAGScheduler: ShuffleMapStage 5 (count at NativeMethodAccessorImpl.java:0) finished in 1.474 s
[2025-07-06T21:22:19.319+0000] {spark_submit.py:644} INFO - 25/07/06 21:22:19 INFO DAGScheduler: looking for newly runnable stages
[2025-07-06T21:22:19.320+0000] {spark_submit.py:644} INFO - 25/07/06 21:22:19 INFO DAGScheduler: running: Set()
[2025-07-06T21:22:19.321+0000] {spark_submit.py:644} INFO - 25/07/06 21:22:19 INFO DAGScheduler: waiting: Set()
[2025-07-06T21:22:19.322+0000] {spark_submit.py:644} INFO - 25/07/06 21:22:19 INFO DAGScheduler: failed: Set()
[2025-07-06T21:22:19.361+0000] {spark_submit.py:644} INFO - 25/07/06 21:22:19 INFO CodeGenerator: Code generated in 10.655401 ms
[2025-07-06T21:22:19.419+0000] {spark_submit.py:644} INFO - 25/07/06 21:22:19 INFO SparkContext: Starting job: count at NativeMethodAccessorImpl.java:0
[2025-07-06T21:22:19.421+0000] {spark_submit.py:644} INFO - 25/07/06 21:22:19 INFO DAGScheduler: Got job 6 (count at NativeMethodAccessorImpl.java:0) with 1 output partitions
[2025-07-06T21:22:19.421+0000] {spark_submit.py:644} INFO - 25/07/06 21:22:19 INFO DAGScheduler: Final stage: ResultStage 7 (count at NativeMethodAccessorImpl.java:0)
[2025-07-06T21:22:19.422+0000] {spark_submit.py:644} INFO - 25/07/06 21:22:19 INFO DAGScheduler: Parents of final stage: List(ShuffleMapStage 6)
[2025-07-06T21:22:19.423+0000] {spark_submit.py:644} INFO - 25/07/06 21:22:19 INFO DAGScheduler: Missing parents: List()
[2025-07-06T21:22:19.423+0000] {spark_submit.py:644} INFO - 25/07/06 21:22:19 INFO DAGScheduler: Submitting ResultStage 7 (MapPartitionsRDD[37] at count at NativeMethodAccessorImpl.java:0), which has no missing parents
[2025-07-06T21:22:19.478+0000] {spark_submit.py:644} INFO - 25/07/06 21:22:19 INFO MemoryStore: Block broadcast_12 stored as values in memory (estimated size 12.5 KiB, free 434.1 MiB)
[2025-07-06T21:22:19.530+0000] {spark_submit.py:644} INFO - 25/07/06 21:22:19 INFO MemoryStore: Block broadcast_12_piece0 stored as bytes in memory (estimated size 5.9 KiB, free 434.1 MiB)
[2025-07-06T21:22:19.576+0000] {spark_submit.py:644} INFO - 25/07/06 21:22:19 INFO BlockManagerInfo: Added broadcast_12_piece0 in memory on 0b50925a8be6:35499 (size: 5.9 KiB, free: 434.3 MiB)
[2025-07-06T21:22:19.577+0000] {spark_submit.py:644} INFO - 25/07/06 21:22:19 INFO SparkContext: Created broadcast 12 from broadcast at DAGScheduler.scala:1585
[2025-07-06T21:22:19.578+0000] {spark_submit.py:644} INFO - 25/07/06 21:22:19 INFO DAGScheduler: Submitting 1 missing tasks from ResultStage 7 (MapPartitionsRDD[37] at count at NativeMethodAccessorImpl.java:0) (first 15 tasks are for partitions Vector(0))
[2025-07-06T21:22:19.579+0000] {spark_submit.py:644} INFO - 25/07/06 21:22:19 INFO TaskSchedulerImpl: Adding task set 7.0 with 1 tasks resource profile 0
[2025-07-06T21:22:19.585+0000] {spark_submit.py:644} INFO - 25/07/06 21:22:19 INFO TaskSetManager: Starting task 0.0 in stage 7.0 (TID 7) (172.19.0.7, executor 0, partition 0, NODE_LOCAL, 9518 bytes)
[2025-07-06T21:22:20.302+0000] {spark_submit.py:644} INFO - 25/07/06 21:22:20 INFO BlockManagerInfo: Added broadcast_12_piece0 in memory on 172.19.0.7:45435 (size: 5.9 KiB, free: 434.3 MiB)
[2025-07-06T21:22:27.745+0000] {job.py:229} INFO - Heartbeat recovered after 12.38 seconds
[2025-07-06T21:22:28.111+0000] {spark_submit.py:644} INFO - 25/07/06 21:22:28 INFO MapOutputTrackerMasterEndpoint: Asked to send map output locations for shuffle 0 to 172.19.0.7:34146
[2025-07-06T21:22:29.407+0000] {spark_submit.py:644} INFO - 25/07/06 21:22:29 INFO TaskSetManager: Finished task 0.0 in stage 7.0 (TID 7) in 9825 ms on 172.19.0.7 (executor 0) (1/1)
[2025-07-06T21:22:29.408+0000] {spark_submit.py:644} INFO - 25/07/06 21:22:29 INFO TaskSchedulerImpl: Removed TaskSet 7.0, whose tasks have all completed, from pool
[2025-07-06T21:22:29.409+0000] {spark_submit.py:644} INFO - 25/07/06 21:22:29 INFO DAGScheduler: ResultStage 7 (count at NativeMethodAccessorImpl.java:0) finished in 9.931 s
[2025-07-06T21:22:29.410+0000] {spark_submit.py:644} INFO - 25/07/06 21:22:29 INFO DAGScheduler: Job 6 is finished. Cancelling potential speculative or zombie tasks for this job
[2025-07-06T21:22:29.410+0000] {spark_submit.py:644} INFO - 25/07/06 21:22:29 INFO TaskSchedulerImpl: Killing all running tasks in stage 7: Stage finished
[2025-07-06T21:22:29.411+0000] {spark_submit.py:644} INFO - 25/07/06 21:22:29 INFO DAGScheduler: Job 6 finished: count at NativeMethodAccessorImpl.java:0, took 9.990612 s
[2025-07-06T21:22:29.445+0000] {spark_submit.py:644} INFO - 25/07/06 21:22:29 INFO InMemoryFileIndex: It took 11 ms to list leaf files for 1 paths.
[2025-07-06T21:22:29.573+0000] {spark_submit.py:644} INFO - 25/07/06 21:22:29 INFO FileSourceStrategy: Pushed Filters:
[2025-07-06T21:22:29.574+0000] {spark_submit.py:644} INFO - 25/07/06 21:22:29 INFO FileSourceStrategy: Post-Scan Filters:
[2025-07-06T21:22:29.629+0000] {spark_submit.py:644} INFO - 25/07/06 21:22:29 INFO MemoryStore: Block broadcast_13 stored as values in memory (estimated size 203.5 KiB, free 433.9 MiB)
[2025-07-06T21:22:29.649+0000] {spark_submit.py:644} INFO - 25/07/06 21:22:29 INFO MemoryStore: Block broadcast_13_piece0 stored as bytes in memory (estimated size 35.6 KiB, free 433.9 MiB)
[2025-07-06T21:22:29.869+0000] {spark_submit.py:644} INFO - 25/07/06 21:22:29 INFO BlockManagerInfo: Added broadcast_13_piece0 in memory on 0b50925a8be6:35499 (size: 35.6 KiB, free: 434.3 MiB)
[2025-07-06T21:22:29.872+0000] {spark_submit.py:644} INFO - 25/07/06 21:22:29 INFO SparkContext: Created broadcast 13 from count at NativeMethodAccessorImpl.java:0
[2025-07-06T21:22:29.875+0000] {spark_submit.py:644} INFO - 25/07/06 21:22:29 INFO FileSourceScanExec: Planning scan with bin packing, max size: 4194304 bytes, open cost is considered as scanning 4194304 bytes.
[2025-07-06T21:22:29.928+0000] {spark_submit.py:644} INFO - 25/07/06 21:22:29 INFO DAGScheduler: Registering RDD 46 (count at NativeMethodAccessorImpl.java:0) as input to shuffle 1
[2025-07-06T21:22:29.929+0000] {spark_submit.py:644} INFO - 25/07/06 21:22:29 INFO DAGScheduler: Got map stage job 7 (count at NativeMethodAccessorImpl.java:0) with 1 output partitions
[2025-07-06T21:22:29.929+0000] {spark_submit.py:644} INFO - 25/07/06 21:22:29 INFO DAGScheduler: Final stage: ShuffleMapStage 8 (count at NativeMethodAccessorImpl.java:0)
[2025-07-06T21:22:29.930+0000] {spark_submit.py:644} INFO - 25/07/06 21:22:29 INFO DAGScheduler: Parents of final stage: List()
[2025-07-06T21:22:29.931+0000] {spark_submit.py:644} INFO - 25/07/06 21:22:29 INFO DAGScheduler: Missing parents: List()
[2025-07-06T21:22:29.932+0000] {spark_submit.py:644} INFO - 25/07/06 21:22:29 INFO DAGScheduler: Submitting ShuffleMapStage 8 (MapPartitionsRDD[46] at count at NativeMethodAccessorImpl.java:0), which has no missing parents
[2025-07-06T21:22:29.933+0000] {spark_submit.py:644} INFO - 25/07/06 21:22:29 INFO MemoryStore: Block broadcast_14 stored as values in memory (estimated size 41.4 KiB, free 433.8 MiB)
[2025-07-06T21:22:30.004+0000] {spark_submit.py:644} INFO - 25/07/06 21:22:30 INFO MemoryStore: Block broadcast_14_piece0 stored as bytes in memory (estimated size 19.3 KiB, free 433.8 MiB)
[2025-07-06T21:22:30.005+0000] {spark_submit.py:644} INFO - 25/07/06 21:22:30 INFO BlockManagerInfo: Added broadcast_14_piece0 in memory on 0b50925a8be6:35499 (size: 19.3 KiB, free: 434.3 MiB)
[2025-07-06T21:22:30.005+0000] {spark_submit.py:644} INFO - 25/07/06 21:22:30 INFO SparkContext: Created broadcast 14 from broadcast at DAGScheduler.scala:1585
[2025-07-06T21:22:30.006+0000] {spark_submit.py:644} INFO - 25/07/06 21:22:30 INFO DAGScheduler: Submitting 1 missing tasks from ShuffleMapStage 8 (MapPartitionsRDD[46] at count at NativeMethodAccessorImpl.java:0) (first 15 tasks are for partitions Vector(0))
[2025-07-06T21:22:30.006+0000] {spark_submit.py:644} INFO - 25/07/06 21:22:30 INFO TaskSchedulerImpl: Adding task set 8.0 with 1 tasks resource profile 0
[2025-07-06T21:22:30.007+0000] {spark_submit.py:644} INFO - 25/07/06 21:22:30 INFO TaskSetManager: Starting task 0.0 in stage 8.0 (TID 8) (172.19.0.7, executor 0, partition 0, PROCESS_LOCAL, 10190 bytes)
[2025-07-06T21:22:30.090+0000] {spark_submit.py:644} INFO - 25/07/06 21:22:30 INFO BlockManagerInfo: Added broadcast_14_piece0 in memory on 172.19.0.7:45435 (size: 19.3 KiB, free: 434.3 MiB)
[2025-07-06T21:22:30.333+0000] {spark_submit.py:644} INFO - 25/07/06 21:22:30 INFO BlockManagerInfo: Added broadcast_13_piece0 in memory on 172.19.0.7:45435 (size: 35.6 KiB, free: 434.3 MiB)
[2025-07-06T21:22:31.370+0000] {spark_submit.py:644} INFO - 25/07/06 21:22:31 INFO TaskSetManager: Finished task 0.0 in stage 8.0 (TID 8) in 1362 ms on 172.19.0.7 (executor 0) (1/1)
[2025-07-06T21:22:31.372+0000] {spark_submit.py:644} INFO - 25/07/06 21:22:31 INFO TaskSchedulerImpl: Removed TaskSet 8.0, whose tasks have all completed, from pool
[2025-07-06T21:22:31.377+0000] {spark_submit.py:644} INFO - 25/07/06 21:22:31 INFO DAGScheduler: ShuffleMapStage 8 (count at NativeMethodAccessorImpl.java:0) finished in 1.445 s
[2025-07-06T21:22:31.379+0000] {spark_submit.py:644} INFO - 25/07/06 21:22:31 INFO DAGScheduler: looking for newly runnable stages
[2025-07-06T21:22:31.381+0000] {spark_submit.py:644} INFO - 25/07/06 21:22:31 INFO DAGScheduler: running: Set()
[2025-07-06T21:22:31.382+0000] {spark_submit.py:644} INFO - 25/07/06 21:22:31 INFO DAGScheduler: waiting: Set()
[2025-07-06T21:22:31.384+0000] {spark_submit.py:644} INFO - 25/07/06 21:22:31 INFO DAGScheduler: failed: Set()
[2025-07-06T21:22:31.416+0000] {spark_submit.py:644} INFO - 25/07/06 21:22:31 INFO SparkContext: Starting job: count at NativeMethodAccessorImpl.java:0
[2025-07-06T21:22:31.417+0000] {spark_submit.py:644} INFO - 25/07/06 21:22:31 INFO BlockManagerInfo: Removed broadcast_11_piece0 on 0b50925a8be6:35499 in memory (size: 19.3 KiB, free: 434.3 MiB)
[2025-07-06T21:22:31.418+0000] {spark_submit.py:644} INFO - 25/07/06 21:22:31 INFO DAGScheduler: Got job 8 (count at NativeMethodAccessorImpl.java:0) with 1 output partitions
[2025-07-06T21:22:31.419+0000] {spark_submit.py:644} INFO - 25/07/06 21:22:31 INFO DAGScheduler: Final stage: ResultStage 10 (count at NativeMethodAccessorImpl.java:0)
[2025-07-06T21:22:31.420+0000] {spark_submit.py:644} INFO - 25/07/06 21:22:31 INFO DAGScheduler: Parents of final stage: List(ShuffleMapStage 9)
[2025-07-06T21:22:31.421+0000] {spark_submit.py:644} INFO - 25/07/06 21:22:31 INFO DAGScheduler: Missing parents: List()
[2025-07-06T21:22:31.422+0000] {spark_submit.py:644} INFO - 25/07/06 21:22:31 INFO BlockManagerInfo: Removed broadcast_11_piece0 on 172.19.0.7:45435 in memory (size: 19.3 KiB, free: 434.3 MiB)
[2025-07-06T21:22:31.423+0000] {spark_submit.py:644} INFO - 25/07/06 21:22:31 INFO DAGScheduler: Submitting ResultStage 10 (MapPartitionsRDD[49] at count at NativeMethodAccessorImpl.java:0), which has no missing parents
[2025-07-06T21:22:31.423+0000] {spark_submit.py:644} INFO - 25/07/06 21:22:31 INFO MemoryStore: Block broadcast_15 stored as values in memory (estimated size 12.5 KiB, free 433.8 MiB)
[2025-07-06T21:22:31.424+0000] {spark_submit.py:644} INFO - 25/07/06 21:22:31 INFO MemoryStore: Block broadcast_15_piece0 stored as bytes in memory (estimated size 5.9 KiB, free 433.8 MiB)
[2025-07-06T21:22:31.425+0000] {spark_submit.py:644} INFO - 25/07/06 21:22:31 INFO BlockManagerInfo: Added broadcast_15_piece0 in memory on 0b50925a8be6:35499 (size: 5.9 KiB, free: 434.3 MiB)
[2025-07-06T21:22:31.426+0000] {spark_submit.py:644} INFO - 25/07/06 21:22:31 INFO SparkContext: Created broadcast 15 from broadcast at DAGScheduler.scala:1585
[2025-07-06T21:22:31.426+0000] {spark_submit.py:644} INFO - 25/07/06 21:22:31 INFO DAGScheduler: Submitting 1 missing tasks from ResultStage 10 (MapPartitionsRDD[49] at count at NativeMethodAccessorImpl.java:0) (first 15 tasks are for partitions Vector(0))
[2025-07-06T21:22:31.427+0000] {spark_submit.py:644} INFO - 25/07/06 21:22:31 INFO TaskSchedulerImpl: Adding task set 10.0 with 1 tasks resource profile 0
[2025-07-06T21:22:31.428+0000] {spark_submit.py:644} INFO - 25/07/06 21:22:31 INFO TaskSetManager: Starting task 0.0 in stage 10.0 (TID 9) (172.19.0.7, executor 0, partition 0, NODE_LOCAL, 9518 bytes)
[2025-07-06T21:22:31.433+0000] {spark_submit.py:644} INFO - 25/07/06 21:22:31 INFO BlockManagerInfo: Removed broadcast_14_piece0 on 0b50925a8be6:35499 in memory (size: 19.3 KiB, free: 434.3 MiB)
[2025-07-06T21:22:31.436+0000] {spark_submit.py:644} INFO - 25/07/06 21:22:31 INFO BlockManagerInfo: Removed broadcast_14_piece0 on 172.19.0.7:45435 in memory (size: 19.3 KiB, free: 434.3 MiB)
[2025-07-06T21:22:31.443+0000] {spark_submit.py:644} INFO - 25/07/06 21:22:31 INFO BlockManagerInfo: Added broadcast_15_piece0 in memory on 172.19.0.7:45435 (size: 5.9 KiB, free: 434.3 MiB)
[2025-07-06T21:22:31.446+0000] {spark_submit.py:644} INFO - 25/07/06 21:22:31 INFO BlockManagerInfo: Removed broadcast_12_piece0 on 0b50925a8be6:35499 in memory (size: 5.9 KiB, free: 434.3 MiB)
[2025-07-06T21:22:31.451+0000] {spark_submit.py:644} INFO - 25/07/06 21:22:31 INFO MapOutputTrackerMasterEndpoint: Asked to send map output locations for shuffle 1 to 172.19.0.7:34146
[2025-07-06T21:22:31.460+0000] {spark_submit.py:644} INFO - 25/07/06 21:22:31 INFO TaskSetManager: Finished task 0.0 in stage 10.0 (TID 9) in 32 ms on 172.19.0.7 (executor 0) (1/1)
[2025-07-06T21:22:31.460+0000] {spark_submit.py:644} INFO - 25/07/06 21:22:31 INFO TaskSchedulerImpl: Removed TaskSet 10.0, whose tasks have all completed, from pool
[2025-07-06T21:22:31.461+0000] {spark_submit.py:644} INFO - 25/07/06 21:22:31 INFO DAGScheduler: ResultStage 10 (count at NativeMethodAccessorImpl.java:0) finished in 0.040 s
[2025-07-06T21:22:31.462+0000] {spark_submit.py:644} INFO - 25/07/06 21:22:31 INFO DAGScheduler: Job 8 is finished. Cancelling potential speculative or zombie tasks for this job
[2025-07-06T21:22:31.463+0000] {spark_submit.py:644} INFO - 25/07/06 21:22:31 INFO TaskSchedulerImpl: Killing all running tasks in stage 10: Stage finished
[2025-07-06T21:22:31.464+0000] {spark_submit.py:644} INFO - 25/07/06 21:22:31 INFO DAGScheduler: Job 8 finished: count at NativeMethodAccessorImpl.java:0, took 0.045489 s
[2025-07-06T21:22:31.506+0000] {spark_submit.py:644} INFO - 25/07/06 21:22:31 INFO InMemoryFileIndex: It took 11 ms to list leaf files for 1 paths.
[2025-07-06T21:22:31.511+0000] {spark_submit.py:644} INFO - 25/07/06 21:22:31 INFO BlockManagerInfo: Removed broadcast_12_piece0 on 172.19.0.7:45435 in memory (size: 5.9 KiB, free: 434.3 MiB)
[2025-07-06T21:22:31.596+0000] {spark_submit.py:644} INFO - 25/07/06 21:22:31 INFO BlockManagerInfo: Removed broadcast_15_piece0 on 0b50925a8be6:35499 in memory (size: 5.9 KiB, free: 434.3 MiB)
[2025-07-06T21:22:31.599+0000] {spark_submit.py:644} INFO - 25/07/06 21:22:31 INFO BlockManagerInfo: Removed broadcast_15_piece0 on 172.19.0.7:45435 in memory (size: 5.9 KiB, free: 434.3 MiB)
[2025-07-06T21:22:31.630+0000] {spark_submit.py:644} INFO - 25/07/06 21:22:31 INFO BlockManagerInfo: Removed broadcast_10_piece0 on 172.19.0.7:45435 in memory (size: 35.6 KiB, free: 434.4 MiB)
[2025-07-06T21:22:31.718+0000] {spark_submit.py:644} INFO - 25/07/06 21:22:31 INFO BlockManagerInfo: Removed broadcast_10_piece0 on 0b50925a8be6:35499 in memory (size: 35.6 KiB, free: 434.4 MiB)
[2025-07-06T21:22:31.792+0000] {spark_submit.py:644} INFO - 25/07/06 21:22:31 INFO FileSourceStrategy: Pushed Filters:
[2025-07-06T21:22:31.792+0000] {spark_submit.py:644} INFO - 25/07/06 21:22:31 INFO FileSourceStrategy: Post-Scan Filters:
[2025-07-06T21:22:31.861+0000] {spark_submit.py:644} INFO - 25/07/06 21:22:31 INFO MemoryStore: Block broadcast_16 stored as values in memory (estimated size 203.5 KiB, free 434.0 MiB)
[2025-07-06T21:22:31.889+0000] {spark_submit.py:644} INFO - 25/07/06 21:22:31 INFO MemoryStore: Block broadcast_16_piece0 stored as bytes in memory (estimated size 35.6 KiB, free 433.9 MiB)
[2025-07-06T21:22:31.890+0000] {spark_submit.py:644} INFO - 25/07/06 21:22:31 INFO BlockManagerInfo: Added broadcast_16_piece0 in memory on 0b50925a8be6:35499 (size: 35.6 KiB, free: 434.3 MiB)
[2025-07-06T21:22:31.890+0000] {spark_submit.py:644} INFO - 25/07/06 21:22:31 INFO SparkContext: Created broadcast 16 from count at NativeMethodAccessorImpl.java:0
[2025-07-06T21:22:31.891+0000] {spark_submit.py:644} INFO - 25/07/06 21:22:31 INFO FileSourceScanExec: Planning scan with bin packing, max size: 4194304 bytes, open cost is considered as scanning 4194304 bytes.
[2025-07-06T21:22:31.901+0000] {spark_submit.py:644} INFO - 25/07/06 21:22:31 INFO DAGScheduler: Registering RDD 58 (count at NativeMethodAccessorImpl.java:0) as input to shuffle 2
[2025-07-06T21:22:31.902+0000] {spark_submit.py:644} INFO - 25/07/06 21:22:31 INFO DAGScheduler: Got map stage job 9 (count at NativeMethodAccessorImpl.java:0) with 1 output partitions
[2025-07-06T21:22:31.902+0000] {spark_submit.py:644} INFO - 25/07/06 21:22:31 INFO DAGScheduler: Final stage: ShuffleMapStage 11 (count at NativeMethodAccessorImpl.java:0)
[2025-07-06T21:22:31.903+0000] {spark_submit.py:644} INFO - 25/07/06 21:22:31 INFO DAGScheduler: Parents of final stage: List()
[2025-07-06T21:22:31.903+0000] {spark_submit.py:644} INFO - 25/07/06 21:22:31 INFO DAGScheduler: Missing parents: List()
[2025-07-06T21:22:31.904+0000] {spark_submit.py:644} INFO - 25/07/06 21:22:31 INFO DAGScheduler: Submitting ShuffleMapStage 11 (MapPartitionsRDD[58] at count at NativeMethodAccessorImpl.java:0), which has no missing parents
[2025-07-06T21:22:31.904+0000] {spark_submit.py:644} INFO - 25/07/06 21:22:31 INFO MemoryStore: Block broadcast_17 stored as values in memory (estimated size 41.4 KiB, free 433.9 MiB)
[2025-07-06T21:22:31.909+0000] {spark_submit.py:644} INFO - 25/07/06 21:22:31 INFO MemoryStore: Block broadcast_17_piece0 stored as bytes in memory (estimated size 19.3 KiB, free 433.9 MiB)
[2025-07-06T21:22:31.924+0000] {spark_submit.py:644} INFO - 25/07/06 21:22:31 INFO BlockManagerInfo: Added broadcast_17_piece0 in memory on 0b50925a8be6:35499 (size: 19.3 KiB, free: 434.3 MiB)
[2025-07-06T21:22:31.926+0000] {spark_submit.py:644} INFO - 25/07/06 21:22:31 INFO SparkContext: Created broadcast 17 from broadcast at DAGScheduler.scala:1585
[2025-07-06T21:22:31.928+0000] {spark_submit.py:644} INFO - 25/07/06 21:22:31 INFO DAGScheduler: Submitting 1 missing tasks from ShuffleMapStage 11 (MapPartitionsRDD[58] at count at NativeMethodAccessorImpl.java:0) (first 15 tasks are for partitions Vector(0))
[2025-07-06T21:22:31.930+0000] {spark_submit.py:644} INFO - 25/07/06 21:22:31 INFO TaskSchedulerImpl: Adding task set 11.0 with 1 tasks resource profile 0
[2025-07-06T21:22:31.931+0000] {spark_submit.py:644} INFO - 25/07/06 21:22:31 INFO TaskSetManager: Starting task 0.0 in stage 11.0 (TID 10) (172.19.0.7, executor 0, partition 0, PROCESS_LOCAL, 10190 bytes)
[2025-07-06T21:22:31.949+0000] {spark_submit.py:644} INFO - 25/07/06 21:22:31 INFO BlockManagerInfo: Added broadcast_17_piece0 in memory on 172.19.0.7:45435 (size: 19.3 KiB, free: 434.3 MiB)
[2025-07-06T21:22:31.969+0000] {spark_submit.py:644} INFO - 25/07/06 21:22:31 INFO BlockManagerInfo: Added broadcast_16_piece0 in memory on 172.19.0.7:45435 (size: 35.6 KiB, free: 434.3 MiB)
[2025-07-06T21:22:32.458+0000] {spark_submit.py:644} INFO - 25/07/06 21:22:32 INFO TaskSetManager: Finished task 0.0 in stage 11.0 (TID 10) in 528 ms on 172.19.0.7 (executor 0) (1/1)
[2025-07-06T21:22:32.461+0000] {spark_submit.py:644} INFO - 25/07/06 21:22:32 INFO TaskSchedulerImpl: Removed TaskSet 11.0, whose tasks have all completed, from pool
[2025-07-06T21:22:32.464+0000] {spark_submit.py:644} INFO - 25/07/06 21:22:32 INFO DAGScheduler: ShuffleMapStage 11 (count at NativeMethodAccessorImpl.java:0) finished in 0.560 s
[2025-07-06T21:22:32.466+0000] {spark_submit.py:644} INFO - 25/07/06 21:22:32 INFO DAGScheduler: looking for newly runnable stages
[2025-07-06T21:22:32.468+0000] {spark_submit.py:644} INFO - 25/07/06 21:22:32 INFO DAGScheduler: running: Set()
[2025-07-06T21:22:32.470+0000] {spark_submit.py:644} INFO - 25/07/06 21:22:32 INFO DAGScheduler: waiting: Set()
[2025-07-06T21:22:32.472+0000] {spark_submit.py:644} INFO - 25/07/06 21:22:32 INFO DAGScheduler: failed: Set()
[2025-07-06T21:22:32.499+0000] {spark_submit.py:644} INFO - 25/07/06 21:22:32 INFO SparkContext: Starting job: count at NativeMethodAccessorImpl.java:0
[2025-07-06T21:22:32.500+0000] {spark_submit.py:644} INFO - 25/07/06 21:22:32 INFO DAGScheduler: Got job 10 (count at NativeMethodAccessorImpl.java:0) with 1 output partitions
[2025-07-06T21:22:32.501+0000] {spark_submit.py:644} INFO - 25/07/06 21:22:32 INFO DAGScheduler: Final stage: ResultStage 13 (count at NativeMethodAccessorImpl.java:0)
[2025-07-06T21:22:32.502+0000] {spark_submit.py:644} INFO - 25/07/06 21:22:32 INFO DAGScheduler: Parents of final stage: List(ShuffleMapStage 12)
[2025-07-06T21:22:32.502+0000] {spark_submit.py:644} INFO - 25/07/06 21:22:32 INFO DAGScheduler: Missing parents: List()
[2025-07-06T21:22:32.503+0000] {spark_submit.py:644} INFO - 25/07/06 21:22:32 INFO DAGScheduler: Submitting ResultStage 13 (MapPartitionsRDD[61] at count at NativeMethodAccessorImpl.java:0), which has no missing parents
[2025-07-06T21:22:32.504+0000] {spark_submit.py:644} INFO - 25/07/06 21:22:32 INFO MemoryStore: Block broadcast_18 stored as values in memory (estimated size 12.5 KiB, free 433.9 MiB)
[2025-07-06T21:22:32.531+0000] {spark_submit.py:644} INFO - 25/07/06 21:22:32 INFO MemoryStore: Block broadcast_18_piece0 stored as bytes in memory (estimated size 5.9 KiB, free 433.9 MiB)
[2025-07-06T21:22:32.532+0000] {spark_submit.py:644} INFO - 25/07/06 21:22:32 INFO BlockManagerInfo: Added broadcast_18_piece0 in memory on 0b50925a8be6:35499 (size: 5.9 KiB, free: 434.3 MiB)
[2025-07-06T21:22:32.532+0000] {spark_submit.py:644} INFO - 25/07/06 21:22:32 INFO SparkContext: Created broadcast 18 from broadcast at DAGScheduler.scala:1585
[2025-07-06T21:22:32.533+0000] {spark_submit.py:644} INFO - 25/07/06 21:22:32 INFO BlockManagerInfo: Removed broadcast_17_piece0 on 0b50925a8be6:35499 in memory (size: 19.3 KiB, free: 434.3 MiB)
[2025-07-06T21:22:32.534+0000] {spark_submit.py:644} INFO - 25/07/06 21:22:32 INFO DAGScheduler: Submitting 1 missing tasks from ResultStage 13 (MapPartitionsRDD[61] at count at NativeMethodAccessorImpl.java:0) (first 15 tasks are for partitions Vector(0))
[2025-07-06T21:22:32.535+0000] {spark_submit.py:644} INFO - 25/07/06 21:22:32 INFO TaskSchedulerImpl: Adding task set 13.0 with 1 tasks resource profile 0
[2025-07-06T21:22:32.536+0000] {spark_submit.py:644} INFO - 25/07/06 21:22:32 INFO BlockManagerInfo: Removed broadcast_17_piece0 on 172.19.0.7:45435 in memory (size: 19.3 KiB, free: 434.3 MiB)
[2025-07-06T21:22:32.536+0000] {spark_submit.py:644} INFO - 25/07/06 21:22:32 INFO TaskSetManager: Starting task 0.0 in stage 13.0 (TID 11) (172.19.0.7, executor 0, partition 0, NODE_LOCAL, 9518 bytes)
[2025-07-06T21:22:32.548+0000] {spark_submit.py:644} INFO - 25/07/06 21:22:32 INFO BlockManagerInfo: Added broadcast_18_piece0 in memory on 172.19.0.7:45435 (size: 5.9 KiB, free: 434.3 MiB)
[2025-07-06T21:22:32.570+0000] {spark_submit.py:644} INFO - 25/07/06 21:22:32 INFO MapOutputTrackerMasterEndpoint: Asked to send map output locations for shuffle 2 to 172.19.0.7:34146
[2025-07-06T21:22:32.579+0000] {spark_submit.py:644} INFO - 25/07/06 21:22:32 INFO TaskSetManager: Finished task 0.0 in stage 13.0 (TID 11) in 45 ms on 172.19.0.7 (executor 0) (1/1)
[2025-07-06T21:22:32.580+0000] {spark_submit.py:644} INFO - 25/07/06 21:22:32 INFO TaskSchedulerImpl: Removed TaskSet 13.0, whose tasks have all completed, from pool
[2025-07-06T21:22:32.581+0000] {spark_submit.py:644} INFO - 25/07/06 21:22:32 INFO DAGScheduler: ResultStage 13 (count at NativeMethodAccessorImpl.java:0) finished in 0.078 s
[2025-07-06T21:22:32.582+0000] {spark_submit.py:644} INFO - 25/07/06 21:22:32 INFO DAGScheduler: Job 10 is finished. Cancelling potential speculative or zombie tasks for this job
[2025-07-06T21:22:32.582+0000] {spark_submit.py:644} INFO - 25/07/06 21:22:32 INFO TaskSchedulerImpl: Killing all running tasks in stage 13: Stage finished
[2025-07-06T21:22:32.583+0000] {spark_submit.py:644} INFO - 25/07/06 21:22:32 INFO DAGScheduler: Job 10 finished: count at NativeMethodAccessorImpl.java:0, took 0.081914 s
[2025-07-06T21:22:32.679+0000] {spark_submit.py:644} INFO - 25/07/06 21:22:32 INFO CodeGenerator: Code generated in 9.028194 ms
[2025-07-06T21:22:32.710+0000] {spark_submit.py:644} INFO - 25/07/06 21:22:32 INFO DAGScheduler: Registering RDD 63 (count at NativeMethodAccessorImpl.java:0) as input to shuffle 3
[2025-07-06T21:22:32.711+0000] {spark_submit.py:644} INFO - 25/07/06 21:22:32 INFO DAGScheduler: Got map stage job 11 (count at NativeMethodAccessorImpl.java:0) with 2 output partitions
[2025-07-06T21:22:32.711+0000] {spark_submit.py:644} INFO - 25/07/06 21:22:32 INFO DAGScheduler: Final stage: ShuffleMapStage 14 (count at NativeMethodAccessorImpl.java:0)
[2025-07-06T21:22:32.712+0000] {spark_submit.py:644} INFO - 25/07/06 21:22:32 INFO DAGScheduler: Parents of final stage: List()
[2025-07-06T21:22:32.713+0000] {spark_submit.py:644} INFO - 25/07/06 21:22:32 INFO DAGScheduler: Missing parents: List()
[2025-07-06T21:22:32.713+0000] {spark_submit.py:644} INFO - 25/07/06 21:22:32 INFO DAGScheduler: Submitting ShuffleMapStage 14 (MapPartitionsRDD[63] at count at NativeMethodAccessorImpl.java:0), which has no missing parents
[2025-07-06T21:22:32.716+0000] {spark_submit.py:644} INFO - 25/07/06 21:22:32 INFO MemoryStore: Block broadcast_19 stored as values in memory (estimated size 16.0 KiB, free 433.9 MiB)
[2025-07-06T21:22:32.733+0000] {spark_submit.py:644} INFO - 25/07/06 21:22:32 INFO MemoryStore: Block broadcast_19_piece0 stored as bytes in memory (estimated size 8.4 KiB, free 433.9 MiB)
[2025-07-06T21:22:32.734+0000] {spark_submit.py:644} INFO - 25/07/06 21:22:32 INFO BlockManagerInfo: Added broadcast_19_piece0 in memory on 0b50925a8be6:35499 (size: 8.4 KiB, free: 434.3 MiB)
[2025-07-06T21:22:32.735+0000] {spark_submit.py:644} INFO - 25/07/06 21:22:32 INFO SparkContext: Created broadcast 19 from broadcast at DAGScheduler.scala:1585
[2025-07-06T21:22:32.736+0000] {spark_submit.py:644} INFO - 25/07/06 21:22:32 INFO DAGScheduler: Submitting 2 missing tasks from ShuffleMapStage 14 (MapPartitionsRDD[63] at count at NativeMethodAccessorImpl.java:0) (first 15 tasks are for partitions Vector(0, 1))
[2025-07-06T21:22:32.737+0000] {spark_submit.py:644} INFO - 25/07/06 21:22:32 INFO TaskSchedulerImpl: Adding task set 14.0 with 2 tasks resource profile 0
[2025-07-06T21:22:32.738+0000] {spark_submit.py:644} INFO - 25/07/06 21:22:32 INFO TaskSetManager: Starting task 0.0 in stage 14.0 (TID 12) (172.19.0.7, executor 0, partition 0, PROCESS_LOCAL, 9487 bytes)
[2025-07-06T21:22:32.739+0000] {spark_submit.py:644} INFO - 25/07/06 21:22:32 INFO TaskSetManager: Starting task 1.0 in stage 14.0 (TID 13) (172.19.0.7, executor 0, partition 1, PROCESS_LOCAL, 15050 bytes)
[2025-07-06T21:22:32.795+0000] {spark_submit.py:644} INFO - 25/07/06 21:22:32 INFO BlockManagerInfo: Added broadcast_19_piece0 in memory on 172.19.0.7:45435 (size: 8.4 KiB, free: 434.3 MiB)
[2025-07-06T21:22:32.913+0000] {job.py:229} INFO - Heartbeat recovered after 10.81 seconds
[2025-07-06T21:22:39.255+0000] {spark_submit.py:644} INFO - 25/07/06 21:22:39 INFO TaskSetManager: Finished task 1.0 in stage 14.0 (TID 13) in 6517 ms on 172.19.0.7 (executor 0) (1/2)
[2025-07-06T21:22:39.799+0000] {spark_submit.py:644} INFO - 25/07/06 21:22:39 INFO TaskSetManager: Finished task 0.0 in stage 14.0 (TID 12) in 7062 ms on 172.19.0.7 (executor 0) (2/2)
[2025-07-06T21:22:39.800+0000] {spark_submit.py:644} INFO - 25/07/06 21:22:39 INFO TaskSchedulerImpl: Removed TaskSet 14.0, whose tasks have all completed, from pool
[2025-07-06T21:22:39.801+0000] {spark_submit.py:644} INFO - 25/07/06 21:22:39 INFO DAGScheduler: ShuffleMapStage 14 (count at NativeMethodAccessorImpl.java:0) finished in 7.090 s
[2025-07-06T21:22:39.802+0000] {spark_submit.py:644} INFO - 25/07/06 21:22:39 INFO DAGScheduler: looking for newly runnable stages
[2025-07-06T21:22:39.803+0000] {spark_submit.py:644} INFO - 25/07/06 21:22:39 INFO DAGScheduler: running: Set()
[2025-07-06T21:22:39.803+0000] {spark_submit.py:644} INFO - 25/07/06 21:22:39 INFO DAGScheduler: waiting: Set()
[2025-07-06T21:22:39.804+0000] {spark_submit.py:644} INFO - 25/07/06 21:22:39 INFO DAGScheduler: failed: Set()
[2025-07-06T21:22:39.821+0000] {spark_submit.py:644} INFO - 25/07/06 21:22:39 INFO CodeGenerator: Code generated in 9.49385 ms
[2025-07-06T21:22:39.829+0000] {spark_submit.py:644} INFO - 25/07/06 21:22:39 INFO SparkContext: Starting job: count at NativeMethodAccessorImpl.java:0
[2025-07-06T21:22:39.831+0000] {spark_submit.py:644} INFO - 25/07/06 21:22:39 INFO DAGScheduler: Got job 12 (count at NativeMethodAccessorImpl.java:0) with 1 output partitions
[2025-07-06T21:22:39.831+0000] {spark_submit.py:644} INFO - 25/07/06 21:22:39 INFO DAGScheduler: Final stage: ResultStage 16 (count at NativeMethodAccessorImpl.java:0)
[2025-07-06T21:22:39.832+0000] {spark_submit.py:644} INFO - 25/07/06 21:22:39 INFO DAGScheduler: Parents of final stage: List(ShuffleMapStage 15)
[2025-07-06T21:22:39.833+0000] {spark_submit.py:644} INFO - 25/07/06 21:22:39 INFO DAGScheduler: Missing parents: List()
[2025-07-06T21:22:39.833+0000] {spark_submit.py:644} INFO - 25/07/06 21:22:39 INFO DAGScheduler: Submitting ResultStage 16 (MapPartitionsRDD[66] at count at NativeMethodAccessorImpl.java:0), which has no missing parents
[2025-07-06T21:22:39.834+0000] {spark_submit.py:644} INFO - 25/07/06 21:22:39 INFO MemoryStore: Block broadcast_20 stored as values in memory (estimated size 12.5 KiB, free 433.9 MiB)
[2025-07-06T21:22:39.890+0000] {spark_submit.py:644} INFO - 25/07/06 21:22:39 INFO MemoryStore: Block broadcast_20_piece0 stored as bytes in memory (estimated size 5.9 KiB, free 433.9 MiB)
[2025-07-06T21:22:39.928+0000] {spark_submit.py:644} INFO - 25/07/06 21:22:39 INFO BlockManagerInfo: Added broadcast_20_piece0 in memory on 0b50925a8be6:35499 (size: 5.9 KiB, free: 434.3 MiB)
[2025-07-06T21:22:39.929+0000] {spark_submit.py:644} INFO - 25/07/06 21:22:39 INFO SparkContext: Created broadcast 20 from broadcast at DAGScheduler.scala:1585
[2025-07-06T21:22:39.930+0000] {spark_submit.py:644} INFO - 25/07/06 21:22:39 INFO DAGScheduler: Submitting 1 missing tasks from ResultStage 16 (MapPartitionsRDD[66] at count at NativeMethodAccessorImpl.java:0) (first 15 tasks are for partitions Vector(0))
[2025-07-06T21:22:39.931+0000] {spark_submit.py:644} INFO - 25/07/06 21:22:39 INFO TaskSchedulerImpl: Adding task set 16.0 with 1 tasks resource profile 0
[2025-07-06T21:22:39.932+0000] {spark_submit.py:644} INFO - 25/07/06 21:22:39 INFO TaskSetManager: Starting task 0.0 in stage 16.0 (TID 14) (172.19.0.7, executor 0, partition 0, NODE_LOCAL, 9518 bytes)
[2025-07-06T21:22:40.690+0000] {spark_submit.py:644} INFO - 25/07/06 21:22:40 INFO BlockManagerInfo: Added broadcast_20_piece0 in memory on 172.19.0.7:45435 (size: 5.9 KiB, free: 434.3 MiB)
[2025-07-06T21:22:40.746+0000] {spark_submit.py:644} INFO - 25/07/06 21:22:40 INFO MapOutputTrackerMasterEndpoint: Asked to send map output locations for shuffle 3 to 172.19.0.7:34146
[2025-07-06T21:22:40.770+0000] {spark_submit.py:644} INFO - 25/07/06 21:22:40 INFO TaskSetManager: Finished task 0.0 in stage 16.0 (TID 14) in 839 ms on 172.19.0.7 (executor 0) (1/1)
[2025-07-06T21:22:40.771+0000] {spark_submit.py:644} INFO - 25/07/06 21:22:40 INFO TaskSchedulerImpl: Removed TaskSet 16.0, whose tasks have all completed, from pool
[2025-07-06T21:22:40.772+0000] {spark_submit.py:644} INFO - 25/07/06 21:22:40 INFO DAGScheduler: ResultStage 16 (count at NativeMethodAccessorImpl.java:0) finished in 0.939 s
[2025-07-06T21:22:40.772+0000] {spark_submit.py:644} INFO - 25/07/06 21:22:40 INFO DAGScheduler: Job 12 is finished. Cancelling potential speculative or zombie tasks for this job
[2025-07-06T21:22:40.773+0000] {spark_submit.py:644} INFO - 25/07/06 21:22:40 INFO TaskSchedulerImpl: Killing all running tasks in stage 16: Stage finished
[2025-07-06T21:22:40.774+0000] {spark_submit.py:644} INFO - 25/07/06 21:22:40 INFO DAGScheduler: Job 12 finished: count at NativeMethodAccessorImpl.java:0, took 0.942113 s
[2025-07-06T21:22:40.871+0000] {spark_submit.py:644} INFO - 25/07/06 21:22:40 INFO BaseMetastoreTableOperations: Refreshing table metadata from new version: s3a://warehouse/exercises/pdf_documents_3f2f6938-06f1-4401-a884-d6a6de9720a0/metadata/00009-b2376ff3-8fd0-48a5-a8e7-51585d1f072e.metadata.json
[2025-07-06T21:22:41.823+0000] {spark_submit.py:644} INFO - 25/07/06 21:22:41 INFO NessieUtil: loadTableMetadata for 'exercises.pdf_documents' from location 's3a://warehouse/exercises/pdf_documents_3f2f6938-06f1-4401-a884-d6a6de9720a0/metadata/00009-b2376ff3-8fd0-48a5-a8e7-51585d1f072e.metadata.json' at 'Branch{name=main, metadata=null, hash=c1ab49fcf067a6b123702d28ef0ab1c46bb5748a9cae7eb8ee5020a1f1f3ce91}'
[2025-07-06T21:22:41.852+0000] {spark_submit.py:644} INFO - 25/07/06 21:22:41 INFO BaseMetastoreCatalog: Table loaded by catalog: nessie.exercises.pdf_documents
[2025-07-06T21:22:47.266+0000] {spark_submit.py:644} INFO - 25/07/06 21:22:47 INFO BlockManagerInfo: Removed broadcast_16_piece0 on 172.19.0.7:45435 in memory (size: 35.6 KiB, free: 434.3 MiB)
[2025-07-06T21:22:47.267+0000] {spark_submit.py:644} INFO - 25/07/06 21:22:47 INFO BlockManagerInfo: Removed broadcast_16_piece0 on 0b50925a8be6:35499 in memory (size: 35.6 KiB, free: 434.3 MiB)
[2025-07-06T21:22:47.363+0000] {spark_submit.py:644} INFO - 25/07/06 21:22:47 INFO BlockManagerInfo: Removed broadcast_19_piece0 on 0b50925a8be6:35499 in memory (size: 8.4 KiB, free: 434.4 MiB)
[2025-07-06T21:22:47.365+0000] {spark_submit.py:644} INFO - 25/07/06 21:22:47 INFO BlockManagerInfo: Removed broadcast_19_piece0 on 172.19.0.7:45435 in memory (size: 8.4 KiB, free: 434.4 MiB)
[2025-07-06T21:22:47.424+0000] {spark_submit.py:644} INFO - 25/07/06 21:22:47 INFO BlockManagerInfo: Removed broadcast_20_piece0 on 0b50925a8be6:35499 in memory (size: 5.9 KiB, free: 434.4 MiB)
[2025-07-06T21:22:47.425+0000] {spark_submit.py:644} INFO - 25/07/06 21:22:47 INFO BlockManagerInfo: Removed broadcast_20_piece0 on 172.19.0.7:45435 in memory (size: 5.9 KiB, free: 434.4 MiB)
[2025-07-06T21:22:47.432+0000] {spark_submit.py:644} INFO - 25/07/06 21:22:47 INFO BlockManagerInfo: Removed broadcast_18_piece0 on 0b50925a8be6:35499 in memory (size: 5.9 KiB, free: 434.4 MiB)
[2025-07-06T21:22:47.434+0000] {spark_submit.py:644} INFO - 25/07/06 21:22:47 INFO BlockManagerInfo: Removed broadcast_18_piece0 on 172.19.0.7:45435 in memory (size: 5.9 KiB, free: 434.4 MiB)
[2025-07-06T21:22:47.459+0000] {spark_submit.py:644} INFO - 25/07/06 21:22:47 INFO CodeGenerator: Code generated in 193.451919 ms
[2025-07-06T21:22:47.631+0000] {spark_submit.py:644} INFO - 25/07/06 21:22:47 INFO SparkWrite: Requesting 0 bytes advisory partition size for table nessie.exercises.pdf_documents
[2025-07-06T21:22:47.631+0000] {spark_submit.py:644} INFO - 25/07/06 21:22:47 INFO SparkWrite: Requesting UnspecifiedDistribution as write distribution for table nessie.exercises.pdf_documents
[2025-07-06T21:22:47.638+0000] {spark_submit.py:644} INFO - 25/07/06 21:22:47 INFO SparkWrite: Requesting [] as write ordering for table nessie.exercises.pdf_documents
[2025-07-06T21:22:47.686+0000] {spark_submit.py:644} INFO - 25/07/06 21:22:47 INFO CodeGenerator: Code generated in 10.670803 ms
[2025-07-06T21:22:47.701+0000] {spark_submit.py:644} INFO - 25/07/06 21:22:47 INFO MemoryStore: Block broadcast_21 stored as values in memory (estimated size 32.0 KiB, free 434.1 MiB)
[2025-07-06T21:22:47.723+0000] {spark_submit.py:644} INFO - 25/07/06 21:22:47 INFO MemoryStore: Block broadcast_21_piece0 stored as bytes in memory (estimated size 30.1 KiB, free 434.1 MiB)
[2025-07-06T21:22:47.744+0000] {spark_submit.py:644} INFO - 25/07/06 21:22:47 INFO BlockManagerInfo: Added broadcast_21_piece0 in memory on 0b50925a8be6:35499 (size: 30.1 KiB, free: 434.3 MiB)
[2025-07-06T21:22:47.744+0000] {spark_submit.py:644} INFO - 25/07/06 21:22:47 INFO SparkContext: Created broadcast 21 from broadcast at SparkWrite.java:193
[2025-07-06T21:22:47.746+0000] {spark_submit.py:644} INFO - 25/07/06 21:22:47 INFO AppendDataExec: Start processing data source write support: IcebergBatchWrite(table=nessie.exercises.pdf_documents, format=PARQUET). The input RDD has 2 partitions.
[2025-07-06T21:22:47.756+0000] {spark_submit.py:644} INFO - 25/07/06 21:22:47 INFO SparkContext: Starting job: saveAsTable at NativeMethodAccessorImpl.java:0
[2025-07-06T21:22:47.757+0000] {spark_submit.py:644} INFO - 25/07/06 21:22:47 INFO DAGScheduler: Got job 13 (saveAsTable at NativeMethodAccessorImpl.java:0) with 2 output partitions
[2025-07-06T21:22:47.758+0000] {spark_submit.py:644} INFO - 25/07/06 21:22:47 INFO DAGScheduler: Final stage: ResultStage 17 (saveAsTable at NativeMethodAccessorImpl.java:0)
[2025-07-06T21:22:47.759+0000] {spark_submit.py:644} INFO - 25/07/06 21:22:47 INFO DAGScheduler: Parents of final stage: List()
[2025-07-06T21:22:47.759+0000] {spark_submit.py:644} INFO - 25/07/06 21:22:47 INFO DAGScheduler: Missing parents: List()
[2025-07-06T21:22:47.760+0000] {spark_submit.py:644} INFO - 25/07/06 21:22:47 INFO DAGScheduler: Submitting ResultStage 17 (MapPartitionsRDD[67] at saveAsTable at NativeMethodAccessorImpl.java:0), which has no missing parents
[2025-07-06T21:22:47.761+0000] {spark_submit.py:644} INFO - 25/07/06 21:22:47 INFO MemoryStore: Block broadcast_22 stored as values in memory (estimated size 15.1 KiB, free 434.1 MiB)
[2025-07-06T21:22:47.780+0000] {spark_submit.py:644} INFO - 25/07/06 21:22:47 INFO MemoryStore: Block broadcast_22_piece0 stored as bytes in memory (estimated size 7.8 KiB, free 434.1 MiB)
[2025-07-06T21:22:47.781+0000] {spark_submit.py:644} INFO - 25/07/06 21:22:47 INFO BlockManagerInfo: Added broadcast_22_piece0 in memory on 0b50925a8be6:35499 (size: 7.8 KiB, free: 434.3 MiB)
[2025-07-06T21:22:47.782+0000] {spark_submit.py:644} INFO - 25/07/06 21:22:47 INFO SparkContext: Created broadcast 22 from broadcast at DAGScheduler.scala:1585
[2025-07-06T21:22:47.782+0000] {spark_submit.py:644} INFO - 25/07/06 21:22:47 INFO DAGScheduler: Submitting 2 missing tasks from ResultStage 17 (MapPartitionsRDD[67] at saveAsTable at NativeMethodAccessorImpl.java:0) (first 15 tasks are for partitions Vector(0, 1))
[2025-07-06T21:22:47.783+0000] {spark_submit.py:644} INFO - 25/07/06 21:22:47 INFO TaskSchedulerImpl: Adding task set 17.0 with 2 tasks resource profile 0
[2025-07-06T21:22:47.784+0000] {spark_submit.py:644} INFO - 25/07/06 21:22:47 INFO TaskSetManager: Starting task 0.0 in stage 17.0 (TID 15) (172.19.0.7, executor 0, partition 0, PROCESS_LOCAL, 9498 bytes)
[2025-07-06T21:22:47.784+0000] {spark_submit.py:644} INFO - 25/07/06 21:22:47 INFO TaskSetManager: Starting task 1.0 in stage 17.0 (TID 16) (172.19.0.7, executor 0, partition 1, PROCESS_LOCAL, 15061 bytes)
[2025-07-06T21:22:47.798+0000] {spark_submit.py:644} INFO - 25/07/06 21:22:47 INFO BlockManagerInfo: Added broadcast_22_piece0 in memory on 172.19.0.7:45435 (size: 7.8 KiB, free: 434.4 MiB)
[2025-07-06T21:22:48.931+0000] {spark_submit.py:644} INFO - 25/07/06 21:22:48 INFO BlockManagerInfo: Added broadcast_21_piece0 in memory on 172.19.0.7:45435 (size: 30.1 KiB, free: 434.3 MiB)
[2025-07-06T21:23:01.140+0000] {spark_submit.py:644} INFO - 25/07/06 21:23:01 INFO TaskSetManager: Finished task 0.0 in stage 17.0 (TID 15) in 13357 ms on 172.19.0.7 (executor 0) (1/2)
[2025-07-06T21:23:04.125+0000] {spark_submit.py:644} INFO - 25/07/06 21:23:04 INFO TaskSetManager: Finished task 1.0 in stage 17.0 (TID 16) in 16341 ms on 172.19.0.7 (executor 0) (2/2)
[2025-07-06T21:23:04.125+0000] {spark_submit.py:644} INFO - 25/07/06 21:23:04 INFO TaskSchedulerImpl: Removed TaskSet 17.0, whose tasks have all completed, from pool
[2025-07-06T21:23:04.126+0000] {spark_submit.py:644} INFO - 25/07/06 21:23:04 INFO DAGScheduler: ResultStage 17 (saveAsTable at NativeMethodAccessorImpl.java:0) finished in 16.367 s
[2025-07-06T21:23:04.126+0000] {spark_submit.py:644} INFO - 25/07/06 21:23:04 INFO DAGScheduler: Job 13 is finished. Cancelling potential speculative or zombie tasks for this job
[2025-07-06T21:23:04.127+0000] {spark_submit.py:644} INFO - 25/07/06 21:23:04 INFO TaskSchedulerImpl: Killing all running tasks in stage 17: Stage finished
[2025-07-06T21:23:04.128+0000] {spark_submit.py:644} INFO - 25/07/06 21:23:04 INFO DAGScheduler: Job 13 finished: saveAsTable at NativeMethodAccessorImpl.java:0, took 16.372235 s
[2025-07-06T21:23:04.128+0000] {spark_submit.py:644} INFO - 25/07/06 21:23:04 INFO AppendDataExec: Data source write support IcebergBatchWrite(table=nessie.exercises.pdf_documents, format=PARQUET) is committing.
[2025-07-06T21:23:04.179+0000] {spark_submit.py:644} INFO - 25/07/06 21:23:04 INFO SparkWrite: Committing append with 1 new data files to table nessie.exercises.pdf_documents
[2025-07-06T21:23:07.097+0000] {spark_submit.py:644} INFO - 25/07/06 21:23:07 INFO NessieIcebergClient: Committed 'exercises.pdf_documents' against 'Branch{name=main, metadata=null, hash=30ac2d69162af9087a4281e966149d614e99e8a56d3e8fa8644a75aec2e7fcf1}', expected commit-id was 'c1ab49fcf067a6b123702d28ef0ab1c46bb5748a9cae7eb8ee5020a1f1f3ce91'
[2025-07-06T21:23:07.098+0000] {spark_submit.py:644} INFO - 25/07/06 21:23:07 INFO BaseMetastoreTableOperations: Successfully committed to table exercises.pdf_documents in 680 ms
[2025-07-06T21:23:07.099+0000] {spark_submit.py:644} INFO - 25/07/06 21:23:07 INFO SnapshotProducer: Committed snapshot 9134409352324136249 (MergeAppend)
[2025-07-06T21:23:07.130+0000] {spark_submit.py:644} INFO - 25/07/06 21:23:07 INFO BaseMetastoreTableOperations: Refreshing table metadata from new version: s3a://warehouse/exercises/pdf_documents_3f2f6938-06f1-4401-a884-d6a6de9720a0/metadata/00010-78a61db9-b06e-42d0-91df-21b4d50e198e.metadata.json
[2025-07-06T21:23:07.142+0000] {spark_submit.py:644} INFO - 25/07/06 21:23:07 INFO NessieUtil: loadTableMetadata for 'exercises.pdf_documents' from location 's3a://warehouse/exercises/pdf_documents_3f2f6938-06f1-4401-a884-d6a6de9720a0/metadata/00010-78a61db9-b06e-42d0-91df-21b4d50e198e.metadata.json' at 'Branch{name=main, metadata=null, hash=30ac2d69162af9087a4281e966149d614e99e8a56d3e8fa8644a75aec2e7fcf1}'
[2025-07-06T21:23:07.175+0000] {spark_submit.py:644} INFO - 25/07/06 21:23:07 INFO LoggingMetricsReporter: Received metrics report: CommitReport{tableName=nessie.exercises.pdf_documents, snapshotId=9134409352324136249, sequenceNumber=11, operation=append, commitMetrics=CommitMetricsResult{totalDuration=TimerResult{timeUnit=NANOSECONDS, totalDuration=PT2.91692308S, count=1}, attempts=CounterResult{unit=COUNT, value=1}, addedDataFiles=CounterResult{unit=COUNT, value=1}, removedDataFiles=null, totalDataFiles=CounterResult{unit=COUNT, value=11}, addedDeleteFiles=null, addedEqualityDeleteFiles=null, addedPositionalDeleteFiles=null, addedDVs=null, removedDeleteFiles=null, removedEqualityDeleteFiles=null, removedPositionalDeleteFiles=null, removedDVs=null, totalDeleteFiles=CounterResult{unit=COUNT, value=0}, addedRecords=CounterResult{unit=COUNT, value=1}, removedRecords=null, totalRecords=CounterResult{unit=COUNT, value=11}, addedFilesSizeInBytes=CounterResult{unit=BYTES, value=4123}, removedFilesSizeInBytes=null, totalFilesSizeInBytes=CounterResult{unit=BYTES, value=87846}, addedPositionalDeletes=null, removedPositionalDeletes=null, totalPositionalDeletes=CounterResult{unit=COUNT, value=0}, addedEqualityDeletes=null, removedEqualityDeletes=null, totalEqualityDeletes=CounterResult{unit=COUNT, value=0}}, metadata={engine-version=3.5.5, app-id=app-20250706211937-0002, engine-name=spark, iceberg-version=Apache Iceberg 1.8.1 (commit 9ce0fcf0af7becf25ad9fc996c3bad2afdcfd33d)}}
[2025-07-06T21:23:07.176+0000] {spark_submit.py:644} INFO - 25/07/06 21:23:07 INFO SparkWrite: Committed in 2995 ms
[2025-07-06T21:23:07.176+0000] {spark_submit.py:644} INFO - 25/07/06 21:23:07 INFO AppendDataExec: Data source write support IcebergBatchWrite(table=nessie.exercises.pdf_documents, format=PARQUET) committed.
[2025-07-06T21:23:07.177+0000] {spark_submit.py:644} INFO - 25/07/06 21:23:07 INFO SparkContext: SparkContext is stopping with exitCode 0.
[2025-07-06T21:23:07.186+0000] {spark_submit.py:644} INFO - 25/07/06 21:23:07 INFO SparkUI: Stopped Spark web UI at http://0b50925a8be6:4040
[2025-07-06T21:23:07.189+0000] {spark_submit.py:644} INFO - 25/07/06 21:23:07 INFO StandaloneSchedulerBackend: Shutting down all executors
[2025-07-06T21:23:07.189+0000] {spark_submit.py:644} INFO - 25/07/06 21:23:07 INFO StandaloneSchedulerBackend$StandaloneDriverEndpoint: Asking each executor to shut down
[2025-07-06T21:23:07.223+0000] {spark_submit.py:644} INFO - 25/07/06 21:23:07 INFO MapOutputTrackerMasterEndpoint: MapOutputTrackerMasterEndpoint stopped!
[2025-07-06T21:23:07.694+0000] {spark_submit.py:644} INFO - 25/07/06 21:23:07 INFO MemoryStore: MemoryStore cleared
[2025-07-06T21:23:07.696+0000] {spark_submit.py:644} INFO - 25/07/06 21:23:07 INFO BlockManager: BlockManager stopped
[2025-07-06T21:23:07.701+0000] {spark_submit.py:644} INFO - 25/07/06 21:23:07 INFO BlockManagerMaster: BlockManagerMaster stopped
[2025-07-06T21:23:07.706+0000] {spark_submit.py:644} INFO - 25/07/06 21:23:07 INFO OutputCommitCoordinator$OutputCommitCoordinatorEndpoint: OutputCommitCoordinator stopped!
[2025-07-06T21:23:07.795+0000] {spark_submit.py:644} INFO - 25/07/06 21:23:07 INFO SparkContext: Successfully stopped SparkContext
[2025-07-06T21:23:08.510+0000] {spark_submit.py:644} INFO - 25/07/06 21:23:08 INFO ShutdownHookManager: Shutdown hook called
[2025-07-06T21:23:08.512+0000] {spark_submit.py:644} INFO - 25/07/06 21:23:08 INFO ShutdownHookManager: Deleting directory /tmp/spark-02914f05-3e6b-4b50-92a2-920686c247b2/pyspark-cb8ea119-173a-4df7-8169-a927c36b0ff4
[2025-07-06T21:23:08.599+0000] {spark_submit.py:644} INFO - 25/07/06 21:23:08 INFO ShutdownHookManager: Deleting directory /tmp/spark-02914f05-3e6b-4b50-92a2-920686c247b2
[2025-07-06T21:23:08.652+0000] {spark_submit.py:644} INFO - 25/07/06 21:23:08 INFO ShutdownHookManager: Deleting directory /tmp/spark-2e913d9f-cdab-43df-bfed-765ad8b5d595
[2025-07-06T21:23:08.679+0000] {spark_submit.py:644} INFO - 25/07/06 21:23:08 INFO MetricsSystemImpl: Stopping s3a-file-system metrics system...
[2025-07-06T21:23:08.680+0000] {spark_submit.py:644} INFO - 25/07/06 21:23:08 INFO MetricsSystemImpl: s3a-file-system metrics system stopped.
[2025-07-06T21:23:08.681+0000] {spark_submit.py:644} INFO - 25/07/06 21:23:08 INFO MetricsSystemImpl: s3a-file-system metrics system shutdown complete.
[2025-07-06T21:23:09.122+0000] {taskinstance.py:349} INFO - ::group::Post task execution logs
[2025-07-06T21:23:09.123+0000] {taskinstance.py:361} INFO - Marking task as SUCCESS. dag_id=process_exercises, task_id=process_exercises, run_id=manual__2025-07-06T21:19:14.039823+00:00, execution_date=20250706T211914, start_date=20250706T211924, end_date=20250706T212309
[2025-07-06T21:23:09.587+0000] {local_task_job_runner.py:266} INFO - Task exited with return code 0
[2025-07-06T21:23:09.604+0000] {local_task_job_runner.py:245} INFO - ::endgroup::
