[2025-07-09T19:15:12.599+0000] {local_task_job_runner.py:123} INFO - ::group::Pre task execution logs
[2025-07-09T19:15:12.626+0000] {taskinstance.py:2631} INFO - Dependencies all met for dep_context=non-requeueable deps ti=<TaskInstance: process_exercises.identify_ready_exercises manual__2025-07-09T19:15:10.950920+00:00 [queued]>
[2025-07-09T19:15:12.635+0000] {taskinstance.py:2631} INFO - Dependencies all met for dep_context=requeueable deps ti=<TaskInstance: process_exercises.identify_ready_exercises manual__2025-07-09T19:15:10.950920+00:00 [queued]>
[2025-07-09T19:15:12.636+0000] {taskinstance.py:2884} INFO - Starting attempt 1 of 1
[2025-07-09T19:15:12.684+0000] {taskinstance.py:2907} INFO - Executing <Task(PythonOperator): identify_ready_exercises> on 2025-07-09 19:15:10.950920+00:00
[2025-07-09T19:15:12.691+0000] {logging_mixin.py:190} WARNING - /home/airflow/.local/lib/python3.12/site-packages/airflow/task/task_runner/standard_task_runner.py:70 DeprecationWarning: This process (pid=5690) is multi-threaded, use of fork() may lead to deadlocks in the child.
[2025-07-09T19:15:12.692+0000] {standard_task_runner.py:72} INFO - Started process 5691 to run task
[2025-07-09T19:15:12.691+0000] {standard_task_runner.py:104} INFO - Running: ['airflow', 'tasks', 'run', 'process_exercises', 'identify_ready_exercises', 'manual__2025-07-09T19:15:10.950920+00:00', '--job-id', '251', '--raw', '--subdir', 'DAGS_FOLDER/process_exercises.py', '--cfg-path', '/tmp/tmpcoc20aql']
[2025-07-09T19:15:12.693+0000] {standard_task_runner.py:105} INFO - Job 251: Subtask identify_ready_exercises
[2025-07-09T19:15:12.806+0000] {task_command.py:467} INFO - Running <TaskInstance: process_exercises.identify_ready_exercises manual__2025-07-09T19:15:10.950920+00:00 [running]> on host 38b7408c68d7
[2025-07-09T19:15:13.059+0000] {taskinstance.py:3157} INFO - Exporting env vars: AIRFLOW_CTX_DAG_OWNER='airflow' AIRFLOW_CTX_DAG_ID='process_exercises' AIRFLOW_CTX_TASK_ID='identify_ready_exercises' AIRFLOW_CTX_EXECUTION_DATE='2025-07-09T19:15:10.950920+00:00' AIRFLOW_CTX_TRY_NUMBER='1' AIRFLOW_CTX_DAG_RUN_ID='manual__2025-07-09T19:15:10.950920+00:00'
[2025-07-09T19:15:13.060+0000] {taskinstance.py:740} INFO - ::endgroup::
[2025-07-09T19:15:13.101+0000] {base.py:84} INFO - Retrieving connection 'minio-ebsim'
[2025-07-09T19:15:13.103+0000] {connection_wrapper.py:328} INFO - AWS Connection (conn_id='minio-ebsim', conn_type='aws') credentials retrieved from extra.
[2025-07-09T19:15:13.550+0000] {logging_mixin.py:190} INFO - [DAG] exercício pronto: CA-SUL-virtual-12345-2025-07-09
[2025-07-09T19:15:13.551+0000] {logging_mixin.py:190} INFO - ✅ [DAG] total de exercícios prontos: 1.
[2025-07-09T19:15:13.552+0000] {logging_mixin.py:190} INFO - ✅ [DAG] o exercício selecionado é CA-SUL-virtual-12345-2025-07-09.
[2025-07-09T19:15:13.552+0000] {python.py:240} INFO - Done. Returned value was: {'id': 'CA-SUL-virtual-12345-2025-07-09', 'metadata': {'id': 'CA-SUL-virtual-12345-2025-07-09', 'name': 'Exercício Virtual', 'description': '12345', 'simulationType': 'virtual', 'origin': 'CA-SUL', 'startDate': '2025-07-09', 'endDate': '2025-07-10', 'trainedForce': '12345v', 'wikiUrl': '', 'documents': [{'id': '1752088298151', 'name': 'Op Jacui IV - Anexo A - Inteligencia.pdf', 'description': '', 'path': 'exercises/CA-SUL-virtual-12345-2025-07-09/documents/Op Jacui IV - Anexo A - Inteligencia.pdf', 'size': 47523, 'mimetype': 'application/pdf', 'uploadedAt': '2025-07-09T19:11:38.151Z'}], 'simulations': [{'id': '172.19.0.6_2025-07-09', 'name': '172.19.0.6_2025-07-09', 'path': 'exercises/CA-SUL-virtual-12345-2025-07-09/simulations/172.19.0.6_2025-07-09', 'originalPath': 'staging/172.19.0.6_2025-07-09', 'movedAt': '2025-07-09T19:11:46.029Z'}], 'createdAt': '2025-07-09T19:11:22.499Z', 'updatedAt': '2025-07-09T19:11:46.029Z'}, 'manifest_entry': {'id': 'CA-SUL-virtual-12345-2025-07-09', 'data': {'origin': 'CA-SUL', 'path': 'exercises/CA-SUL-virtual-12345-2025-07-09', 'createdAt': '2025-07-09T19:11:22.499Z'}}}
[2025-07-09T19:15:13.668+0000] {taskinstance.py:349} INFO - ::group::Post task execution logs
[2025-07-09T19:15:13.669+0000] {taskinstance.py:361} INFO - Marking task as SUCCESS. dag_id=process_exercises, task_id=identify_ready_exercises, run_id=manual__2025-07-09T19:15:10.950920+00:00, execution_date=20250709T191510, start_date=20250709T191512, end_date=20250709T191513
[2025-07-09T19:15:13.795+0000] {local_task_job_runner.py:266} INFO - Task exited with return code 0
[2025-07-09T19:15:13.834+0000] {taskinstance.py:3924} INFO - 1 downstream tasks scheduled from follow-on schedule check
[2025-07-09T19:15:13.876+0000] {local_task_job_runner.py:245} INFO - ::endgroup::
