[2025-07-08T19:16:15.034+0000] {local_task_job_runner.py:123} INFO - ::group::Pre task execution logs
[2025-07-08T19:16:15.074+0000] {taskinstance.py:2631} INFO - Dependencies all met for dep_context=non-requeueable deps ti=<TaskInstance: process_exercises.process_exercises manual__2025-07-08T19:16:10.058645+00:00 [queued]>
[2025-07-08T19:16:15.086+0000] {taskinstance.py:2631} INFO - Dependencies all met for dep_context=requeueable deps ti=<TaskInstance: process_exercises.process_exercises manual__2025-07-08T19:16:10.058645+00:00 [queued]>
[2025-07-08T19:16:15.087+0000] {taskinstance.py:2884} INFO - Starting attempt 1 of 1
[2025-07-08T19:16:15.134+0000] {taskinstance.py:2907} INFO - Executing <Task(SparkSubmitOperator): process_exercises> on 2025-07-08 19:16:10.058645+00:00
[2025-07-08T19:16:15.142+0000] {standard_task_runner.py:104} INFO - Running: ['airflow', 'tasks', 'run', 'process_exercises', 'process_exercises', 'manual__2025-07-08T19:16:10.058645+00:00', '--job-id', '201', '--raw', '--subdir', 'DAGS_FOLDER/process_exercises.py', '--cfg-path', '/tmp/tmp8dcfhu10']
[2025-07-08T19:16:15.145+0000] {standard_task_runner.py:105} INFO - Job 201: Subtask process_exercises
[2025-07-08T19:16:15.152+0000] {logging_mixin.py:190} WARNING - /home/airflow/.local/lib/python3.12/site-packages/airflow/task/task_runner/standard_task_runner.py:70 DeprecationWarning: This process (pid=14082) is multi-threaded, use of fork() may lead to deadlocks in the child.
[2025-07-08T19:16:15.153+0000] {standard_task_runner.py:72} INFO - Started process 14083 to run task
[2025-07-08T19:16:15.246+0000] {task_command.py:467} INFO - Running <TaskInstance: process_exercises.process_exercises manual__2025-07-08T19:16:10.058645+00:00 [running]> on host 3748f1b8240a
[2025-07-08T19:16:15.443+0000] {taskinstance.py:3157} INFO - Exporting env vars: AIRFLOW_CTX_DAG_OWNER='airflow' AIRFLOW_CTX_DAG_ID='process_exercises' AIRFLOW_CTX_TASK_ID='process_exercises' AIRFLOW_CTX_EXECUTION_DATE='2025-07-08T19:16:10.058645+00:00' AIRFLOW_CTX_TRY_NUMBER='1' AIRFLOW_CTX_DAG_RUN_ID='manual__2025-07-08T19:16:10.058645+00:00'
[2025-07-08T19:16:15.445+0000] {taskinstance.py:740} INFO - ::endgroup::
[2025-07-08T19:16:15.500+0000] {base.py:84} INFO - Retrieving connection 'spark-ebsim'
[2025-07-08T19:16:15.513+0000] {spark_submit.py:474} INFO - Spark-Submit cmd: spark-submit --master spark://spark-master:7077 --jars /opt/bitnami/spark/jars/iceberg-spark-runtime-3.5_2.12-1.8.1.jar,/opt/bitnami/spark/jars/nessie-spark-extensions-3.5_2.12-0.103.2.jar,/opt/bitnami/spark/jars/nessie-client-0.103.2.jar,/opt/bitnami/spark/jars/hadoop-aws-3.3.2.jar,/opt/bitnami/spark/jars/aws-java-sdk-bundle-1.12.262.jar, --name arrow-spark --deploy-mode client /opt/bitnami/spark/jobs/process_exercises_job.py {"id": "CA-LESTE-construtiva-4DE-2025-07-08", "manifest_entry": {"data": {"createdAt": "2025-07-08T18:27:58.496Z", "origin": "CA-LESTE", "path": "exercises/CA-LESTE-construtiva-4DE-2025-07-08"}, "id": "CA-LESTE-construtiva-4DE-2025-07-08"}, "metadata": {"createdAt": "2025-07-08T18:27:58.496Z", "description": "4DE", "documents": [{"description": "", "id": "1751999288885", "mimetype": "application/pdf", "name": "Op Jacui IV - Ordem de Operacoes.pdf", "path": "exercises/CA-LESTE-construtiva-4DE-2025-07-08/documents/Op Jacui IV - Ordem de Operacoes.pdf", "size": 336744, "uploadedAt": "2025-07-08T18:28:08.885Z"}], "endDate": "2025-07-10", "id": "CA-LESTE-construtiva-4DE-2025-07-08", "name": "Jogo de Guerra", "origin": "CA-LESTE", "simulationType": "construtiva", "simulations": [{"id": "172.19.0.14_2025-07-08", "movedAt": "2025-07-08T18:28:17.872Z", "name": "172.19.0.14_2025-07-08", "originalPath": "staging/172.19.0.14_2025-07-08", "path": "exercises/CA-LESTE-construtiva-4DE-2025-07-08/simulations/172.19.0.14_2025-07-08"}], "startDate": "2025-07-08", "trainedForce": "4 Divis\u00e3o de Ex\u00e9rcito", "updatedAt": "2025-07-08T18:28:17.873Z", "wikiUrl": ""}}
[2025-07-08T19:16:17.894+0000] {spark_submit.py:644} INFO - 25/07/08 19:16:17 WARN NativeCodeLoader: Unable to load native-hadoop library for your platform... using builtin-java classes where applicable
[2025-07-08T19:16:19.786+0000] {spark_submit.py:644} INFO - [PROCESS EXERCISES] ℹ️ Iniciando processamento de exercícios
[2025-07-08T19:16:19.786+0000] {spark_submit.py:644} INFO - [PROCESS EXERCISES] ℹ️ Exercício selecionado: CA-LESTE-construtiva-4DE-2025-07-08
[2025-07-08T19:16:19.787+0000] {spark_submit.py:644} INFO - [PROCESS EXERCISES] 🔄 Criando sessão Spark
[2025-07-08T19:16:20.437+0000] {spark_submit.py:644} INFO - 25/07/08 19:16:20 INFO SparkContext: Running Spark version 3.5.5
[2025-07-08T19:16:20.438+0000] {spark_submit.py:644} INFO - 25/07/08 19:16:20 INFO SparkContext: OS info Linux, 5.15.167.4-microsoft-standard-WSL2, amd64
[2025-07-08T19:16:20.439+0000] {spark_submit.py:644} INFO - 25/07/08 19:16:20 INFO SparkContext: Java version 17.0.15
[2025-07-08T19:16:20.472+0000] {spark_submit.py:644} INFO - 25/07/08 19:16:20 INFO ResourceUtils: ==============================================================
[2025-07-08T19:16:20.473+0000] {spark_submit.py:644} INFO - 25/07/08 19:16:20 INFO ResourceUtils: No custom resources configured for spark.driver.
[2025-07-08T19:16:20.474+0000] {spark_submit.py:644} INFO - 25/07/08 19:16:20 INFO ResourceUtils: ==============================================================
[2025-07-08T19:16:20.474+0000] {spark_submit.py:644} INFO - 25/07/08 19:16:20 INFO SparkContext: Submitted application: ProcessExercises
[2025-07-08T19:16:20.494+0000] {spark_submit.py:644} INFO - 25/07/08 19:16:20 INFO ResourceProfile: Default ResourceProfile created, executor resources: Map(memory -> name: memory, amount: 1024, script: , vendor: , offHeap -> name: offHeap, amount: 0, script: , vendor: ), task resources: Map(cpus -> name: cpus, amount: 1.0)
[2025-07-08T19:16:20.501+0000] {spark_submit.py:644} INFO - 25/07/08 19:16:20 INFO ResourceProfile: Limiting resource is cpu
[2025-07-08T19:16:20.502+0000] {spark_submit.py:644} INFO - 25/07/08 19:16:20 INFO ResourceProfileManager: Added ResourceProfile id: 0
[2025-07-08T19:16:20.545+0000] {spark_submit.py:644} INFO - 25/07/08 19:16:20 INFO SecurityManager: Changing view acls to: airflow
[2025-07-08T19:16:20.546+0000] {spark_submit.py:644} INFO - 25/07/08 19:16:20 INFO SecurityManager: Changing modify acls to: airflow
[2025-07-08T19:16:20.547+0000] {spark_submit.py:644} INFO - 25/07/08 19:16:20 INFO SecurityManager: Changing view acls groups to:
[2025-07-08T19:16:20.547+0000] {spark_submit.py:644} INFO - 25/07/08 19:16:20 INFO SecurityManager: Changing modify acls groups to:
[2025-07-08T19:16:20.548+0000] {spark_submit.py:644} INFO - 25/07/08 19:16:20 INFO SecurityManager: SecurityManager: authentication disabled; ui acls disabled; users with view permissions: airflow; groups with view permissions: EMPTY; users with modify permissions: airflow; groups with modify permissions: EMPTY
[2025-07-08T19:16:20.789+0000] {spark_submit.py:644} INFO - 25/07/08 19:16:20 INFO Utils: Successfully started service 'sparkDriver' on port 45491.
[2025-07-08T19:16:20.820+0000] {spark_submit.py:644} INFO - 25/07/08 19:16:20 INFO SparkEnv: Registering MapOutputTracker
[2025-07-08T19:16:20.850+0000] {spark_submit.py:644} INFO - 25/07/08 19:16:20 INFO SparkEnv: Registering BlockManagerMaster
[2025-07-08T19:16:20.863+0000] {spark_submit.py:644} INFO - 25/07/08 19:16:20 INFO BlockManagerMasterEndpoint: Using org.apache.spark.storage.DefaultTopologyMapper for getting topology information
[2025-07-08T19:16:20.864+0000] {spark_submit.py:644} INFO - 25/07/08 19:16:20 INFO BlockManagerMasterEndpoint: BlockManagerMasterEndpoint up
[2025-07-08T19:16:20.867+0000] {spark_submit.py:644} INFO - 25/07/08 19:16:20 INFO SparkEnv: Registering BlockManagerMasterHeartbeat
[2025-07-08T19:16:20.885+0000] {spark_submit.py:644} INFO - 25/07/08 19:16:20 INFO DiskBlockManager: Created local directory at /tmp/blockmgr-97211146-71d6-4648-aa23-15c2fad372f3
[2025-07-08T19:16:20.898+0000] {spark_submit.py:644} INFO - 25/07/08 19:16:20 INFO MemoryStore: MemoryStore started with capacity 434.4 MiB
[2025-07-08T19:16:20.912+0000] {spark_submit.py:644} INFO - 25/07/08 19:16:20 INFO SparkEnv: Registering OutputCommitCoordinator
[2025-07-08T19:16:21.016+0000] {spark_submit.py:644} INFO - 25/07/08 19:16:21 INFO JettyUtils: Start Jetty 0.0.0.0:4040 for SparkUI
[2025-07-08T19:16:21.082+0000] {spark_submit.py:644} INFO - 25/07/08 19:16:21 INFO Utils: Successfully started service 'SparkUI' on port 4040.
[2025-07-08T19:16:21.117+0000] {spark_submit.py:644} INFO - 25/07/08 19:16:21 INFO SparkContext: Added JAR file:///opt/bitnami/spark/jars/iceberg-spark-runtime-3.5_2.12-1.8.1.jar at spark://3748f1b8240a:45491/jars/iceberg-spark-runtime-3.5_2.12-1.8.1.jar with timestamp 1752002180431
[2025-07-08T19:16:21.119+0000] {spark_submit.py:644} INFO - 25/07/08 19:16:21 INFO SparkContext: Added JAR file:///opt/bitnami/spark/jars/nessie-spark-extensions-3.5_2.12-0.103.2.jar at spark://3748f1b8240a:45491/jars/nessie-spark-extensions-3.5_2.12-0.103.2.jar with timestamp 1752002180431
[2025-07-08T19:16:21.120+0000] {spark_submit.py:644} INFO - 25/07/08 19:16:21 INFO SparkContext: Added JAR file:///opt/bitnami/spark/jars/nessie-client-0.103.2.jar at spark://3748f1b8240a:45491/jars/nessie-client-0.103.2.jar with timestamp 1752002180431
[2025-07-08T19:16:21.121+0000] {spark_submit.py:644} INFO - 25/07/08 19:16:21 INFO SparkContext: Added JAR file:///opt/bitnami/spark/jars/hadoop-aws-3.3.2.jar at spark://3748f1b8240a:45491/jars/hadoop-aws-3.3.2.jar with timestamp 1752002180431
[2025-07-08T19:16:21.136+0000] {spark_submit.py:644} INFO - 25/07/08 19:16:21 INFO SparkContext: Added JAR file:///opt/bitnami/spark/jars/aws-java-sdk-bundle-1.12.262.jar at spark://3748f1b8240a:45491/jars/aws-java-sdk-bundle-1.12.262.jar with timestamp 1752002180431
[2025-07-08T19:16:21.266+0000] {spark_submit.py:644} INFO - 25/07/08 19:16:21 INFO StandaloneAppClient$ClientEndpoint: Connecting to master spark://spark-master:7077...
[2025-07-08T19:16:21.336+0000] {spark_submit.py:644} INFO - 25/07/08 19:16:21 INFO TransportClientFactory: Successfully created connection to spark-master/172.19.0.2:7077 after 40 ms (0 ms spent in bootstraps)
[2025-07-08T19:16:21.414+0000] {spark_submit.py:644} INFO - 25/07/08 19:16:21 INFO StandaloneSchedulerBackend: Connected to Spark cluster with app ID app-20250708191621-0026
[2025-07-08T19:16:21.417+0000] {spark_submit.py:644} INFO - 25/07/08 19:16:21 INFO StandaloneAppClient$ClientEndpoint: Executor added: app-20250708191621-0026/0 on worker-20250708130010-172.19.0.8-33627 (172.19.0.8:33627) with 2 core(s)
[2025-07-08T19:16:21.419+0000] {spark_submit.py:644} INFO - 25/07/08 19:16:21 INFO StandaloneSchedulerBackend: Granted executor ID app-20250708191621-0026/0 on hostPort 172.19.0.8:33627 with 2 core(s), 1024.0 MiB RAM
[2025-07-08T19:16:21.424+0000] {spark_submit.py:644} INFO - 25/07/08 19:16:21 INFO Utils: Successfully started service 'org.apache.spark.network.netty.NettyBlockTransferService' on port 35395.
[2025-07-08T19:16:21.425+0000] {spark_submit.py:644} INFO - 25/07/08 19:16:21 INFO NettyBlockTransferService: Server created on 3748f1b8240a:35395
[2025-07-08T19:16:21.434+0000] {spark_submit.py:644} INFO - 25/07/08 19:16:21 INFO BlockManager: Using org.apache.spark.storage.RandomBlockReplicationPolicy for block replication policy
[2025-07-08T19:16:21.435+0000] {spark_submit.py:644} INFO - 25/07/08 19:16:21 INFO BlockManagerMaster: Registering BlockManager BlockManagerId(driver, 3748f1b8240a, 35395, None)
[2025-07-08T19:16:21.437+0000] {spark_submit.py:644} INFO - 25/07/08 19:16:21 INFO BlockManagerMasterEndpoint: Registering block manager 3748f1b8240a:35395 with 434.4 MiB RAM, BlockManagerId(driver, 3748f1b8240a, 35395, None)
[2025-07-08T19:16:21.439+0000] {spark_submit.py:644} INFO - 25/07/08 19:16:21 INFO BlockManagerMaster: Registered BlockManager BlockManagerId(driver, 3748f1b8240a, 35395, None)
[2025-07-08T19:16:21.440+0000] {spark_submit.py:644} INFO - 25/07/08 19:16:21 INFO BlockManager: Initialized BlockManager: BlockManagerId(driver, 3748f1b8240a, 35395, None)
[2025-07-08T19:16:21.512+0000] {spark_submit.py:644} INFO - 25/07/08 19:16:21 INFO StandaloneAppClient$ClientEndpoint: Executor updated: app-20250708191621-0026/0 is now RUNNING
[2025-07-08T19:16:21.676+0000] {spark_submit.py:644} INFO - 25/07/08 19:16:21 INFO StandaloneSchedulerBackend: SchedulerBackend is ready for scheduling beginning after reached minRegisteredResourcesRatio: 0.0
[2025-07-08T19:16:21.945+0000] {spark_submit.py:644} INFO - [PROCESS EXERCISES] ✅ Sessão Spark criada com sucesso
[2025-07-08T19:16:21.946+0000] {spark_submit.py:644} INFO - [PROCESS EXERCISES] ✅ Processador de exercícios inicializado
[2025-07-08T19:16:21.946+0000] {spark_submit.py:644} INFO - [PROCESS EXERCISES] 🔄 Criando namespace nessie.exercises
[2025-07-08T19:16:21.951+0000] {spark_submit.py:644} INFO - 25/07/08 19:16:21 INFO SharedState: Setting hive.metastore.warehouse.dir ('null') to the value of spark.sql.warehouse.dir.
[2025-07-08T19:16:21.953+0000] {spark_submit.py:644} INFO - 25/07/08 19:16:21 INFO SharedState: Warehouse path is 'file:/opt/airflow/spark-warehouse'.
[2025-07-08T19:16:25.134+0000] {spark_submit.py:644} INFO - 25/07/08 19:16:25 INFO CatalogUtil: Loading custom FileIO implementation: org.apache.iceberg.hadoop.HadoopFileIO
[2025-07-08T19:16:25.971+0000] {spark_submit.py:644} INFO - 25/07/08 19:16:25 INFO StandaloneSchedulerBackend$StandaloneDriverEndpoint: Registered executor NettyRpcEndpointRef(spark-client://Executor) (172.19.0.8:45476) with ID 0,  ResourceProfileId 0
[2025-07-08T19:16:26.087+0000] {spark_submit.py:644} INFO - 25/07/08 19:16:26 INFO BlockManagerMasterEndpoint: Registering block manager 172.19.0.8:43059 with 434.4 MiB RAM, BlockManagerId(0, 172.19.0.8, 43059, None)
[2025-07-08T19:16:27.096+0000] {spark_submit.py:644} INFO - [PROCESS EXERCISES] ✅ Namespace criado/verificado com sucesso
[2025-07-08T19:16:27.256+0000] {spark_submit.py:644} INFO - [PROCESS EXERCISES] 🔄 === FASE 1: PROCESSAMENTO DE DOCUMENTOS ===
[2025-07-08T19:16:27.407+0000] {spark_submit.py:644} INFO - [PROCESS EXERCISES] 🔄 Iniciando processamento de documentos PDF
[2025-07-08T19:16:27.411+0000] {spark_submit.py:644} INFO - [PROCESS EXERCISES] ℹ️ Encontrados 1 documentos
[2025-07-08T19:16:27.417+0000] {spark_submit.py:644} INFO - [PROCESS EXERCISES] 🔄 Processando documento: Op Jacui IV - Ordem de Operacoes.pdf
[2025-07-08T19:16:27.426+0000] {spark_submit.py:644} INFO - [PROCESS EXERCISES] ℹ️ Carregando PDF de: s3a://bronze/exercises/CA-LESTE-construtiva-4DE-2025-07-08/documents/Op Jacui IV - Ordem de Operacoes.pdf
[2025-07-08T19:16:27.708+0000] {spark_submit.py:644} INFO - 25/07/08 19:16:27 WARN MetricsConfig: Cannot locate configuration: tried hadoop-metrics2-s3a-file-system.properties,hadoop-metrics2.properties
[2025-07-08T19:16:27.726+0000] {spark_submit.py:644} INFO - 25/07/08 19:16:27 INFO MetricsSystemImpl: Scheduled Metric snapshot period at 10 second(s).
[2025-07-08T19:16:27.727+0000] {spark_submit.py:644} INFO - 25/07/08 19:16:27 INFO MetricsSystemImpl: s3a-file-system metrics system started
[2025-07-08T19:16:29.613+0000] {spark_submit.py:644} INFO - 25/07/08 19:16:29 INFO InMemoryFileIndex: It took 63 ms to list leaf files for 1 paths.
[2025-07-08T19:16:30.041+0000] {spark_submit.py:644} INFO - 25/07/08 19:16:30 INFO FileSourceStrategy: Pushed Filters:
[2025-07-08T19:16:30.042+0000] {spark_submit.py:644} INFO - 25/07/08 19:16:30 INFO FileSourceStrategy: Post-Scan Filters:
[2025-07-08T19:16:30.503+0000] {spark_submit.py:644} INFO - 25/07/08 19:16:30 INFO CodeGenerator: Code generated in 174.847287 ms
[2025-07-08T19:16:30.547+0000] {spark_submit.py:644} INFO - 25/07/08 19:16:30 INFO MemoryStore: Block broadcast_0 stored as values in memory (estimated size 203.5 KiB, free 434.2 MiB)
[2025-07-08T19:16:30.589+0000] {spark_submit.py:644} INFO - 25/07/08 19:16:30 INFO MemoryStore: Block broadcast_0_piece0 stored as bytes in memory (estimated size 35.7 KiB, free 434.2 MiB)
[2025-07-08T19:16:30.591+0000] {spark_submit.py:644} INFO - 25/07/08 19:16:30 INFO BlockManagerInfo: Added broadcast_0_piece0 in memory on 3748f1b8240a:35395 (size: 35.7 KiB, free: 434.4 MiB)
[2025-07-08T19:16:30.595+0000] {spark_submit.py:644} INFO - 25/07/08 19:16:30 INFO SparkContext: Created broadcast 0 from collect at /opt/bitnami/spark/jobs/process_exercises_job.py:241
[2025-07-08T19:16:30.604+0000] {spark_submit.py:644} INFO - 25/07/08 19:16:30 INFO FileSourceScanExec: Planning scan with bin packing, max size: 4194304 bytes, open cost is considered as scanning 4194304 bytes.
[2025-07-08T19:16:30.859+0000] {spark_submit.py:644} INFO - 25/07/08 19:16:30 INFO SparkContext: Starting job: collect at /opt/bitnami/spark/jobs/process_exercises_job.py:241
[2025-07-08T19:16:30.954+0000] {spark_submit.py:644} INFO - 25/07/08 19:16:30 INFO DAGScheduler: Got job 0 (collect at /opt/bitnami/spark/jobs/process_exercises_job.py:241) with 1 output partitions
[2025-07-08T19:16:30.955+0000] {spark_submit.py:644} INFO - 25/07/08 19:16:30 INFO DAGScheduler: Final stage: ResultStage 0 (collect at /opt/bitnami/spark/jobs/process_exercises_job.py:241)
[2025-07-08T19:16:30.956+0000] {spark_submit.py:644} INFO - 25/07/08 19:16:30 INFO DAGScheduler: Parents of final stage: List()
[2025-07-08T19:16:30.957+0000] {spark_submit.py:644} INFO - 25/07/08 19:16:30 INFO DAGScheduler: Missing parents: List()
[2025-07-08T19:16:30.957+0000] {spark_submit.py:644} INFO - 25/07/08 19:16:30 INFO DAGScheduler: Submitting ResultStage 0 (MapPartitionsRDD[5] at collect at /opt/bitnami/spark/jobs/process_exercises_job.py:241), which has no missing parents
[2025-07-08T19:16:30.958+0000] {spark_submit.py:644} INFO - 25/07/08 19:16:30 INFO MemoryStore: Block broadcast_1 stored as values in memory (estimated size 27.3 KiB, free 434.1 MiB)
[2025-07-08T19:16:30.959+0000] {spark_submit.py:644} INFO - 25/07/08 19:16:30 INFO MemoryStore: Block broadcast_1_piece0 stored as bytes in memory (estimated size 13.6 KiB, free 434.1 MiB)
[2025-07-08T19:16:30.959+0000] {spark_submit.py:644} INFO - 25/07/08 19:16:30 INFO BlockManagerInfo: Added broadcast_1_piece0 in memory on 3748f1b8240a:35395 (size: 13.6 KiB, free: 434.4 MiB)
[2025-07-08T19:16:30.960+0000] {spark_submit.py:644} INFO - 25/07/08 19:16:30 INFO SparkContext: Created broadcast 1 from broadcast at DAGScheduler.scala:1585
[2025-07-08T19:16:30.960+0000] {spark_submit.py:644} INFO - 25/07/08 19:16:30 INFO DAGScheduler: Submitting 1 missing tasks from ResultStage 0 (MapPartitionsRDD[5] at collect at /opt/bitnami/spark/jobs/process_exercises_job.py:241) (first 15 tasks are for partitions Vector(0))
[2025-07-08T19:16:30.961+0000] {spark_submit.py:644} INFO - 25/07/08 19:16:30 INFO TaskSchedulerImpl: Adding task set 0.0 with 1 tasks resource profile 0
[2025-07-08T19:16:34.909+0000] {spark_submit.py:644} INFO - 25/07/08 19:16:34 INFO TaskSetManager: Starting task 0.0 in stage 0.0 (TID 0) (172.19.0.8, executor 0, partition 0, PROCESS_LOCAL, 10198 bytes)
[2025-07-08T19:16:35.380+0000] {spark_submit.py:644} INFO - 25/07/08 19:16:35 INFO BlockManagerInfo: Added broadcast_1_piece0 in memory on 172.19.0.8:43059 (size: 13.6 KiB, free: 434.4 MiB)
[2025-07-08T19:16:37.878+0000] {spark_submit.py:644} INFO - 25/07/08 19:16:37 INFO BlockManagerInfo: Added broadcast_0_piece0 in memory on 172.19.0.8:43059 (size: 35.7 KiB, free: 434.4 MiB)
[2025-07-08T19:16:41.702+0000] {spark_submit.py:644} INFO - 25/07/08 19:16:41 INFO TaskSetManager: Finished task 0.0 in stage 0.0 (TID 0) in 6811 ms on 172.19.0.8 (executor 0) (1/1)
[2025-07-08T19:16:41.704+0000] {spark_submit.py:644} INFO - 25/07/08 19:16:41 INFO TaskSchedulerImpl: Removed TaskSet 0.0, whose tasks have all completed, from pool
[2025-07-08T19:16:41.707+0000] {spark_submit.py:644} INFO - 25/07/08 19:16:41 INFO PythonAccumulatorV2: Connected to AccumulatorServer at host: 127.0.0.1 port: 53227
[2025-07-08T19:16:41.710+0000] {spark_submit.py:644} INFO - 25/07/08 19:16:41 INFO DAGScheduler: ResultStage 0 (collect at /opt/bitnami/spark/jobs/process_exercises_job.py:241) finished in 10.827 s
[2025-07-08T19:16:41.713+0000] {spark_submit.py:644} INFO - 25/07/08 19:16:41 INFO DAGScheduler: Job 0 is finished. Cancelling potential speculative or zombie tasks for this job
[2025-07-08T19:16:41.714+0000] {spark_submit.py:644} INFO - 25/07/08 19:16:41 INFO TaskSchedulerImpl: Killing all running tasks in stage 0: Stage finished
[2025-07-08T19:16:41.715+0000] {spark_submit.py:644} INFO - 25/07/08 19:16:41 INFO DAGScheduler: Job 0 finished: collect at /opt/bitnami/spark/jobs/process_exercises_job.py:241, took 10.858811 s
[2025-07-08T19:16:41.754+0000] {spark_submit.py:644} INFO - [PROCESS EXERCISES] ✅ Documento processado com sucesso: Op Jacui IV - Ordem de Operacoes.pdf
[2025-07-08T19:16:41.755+0000] {spark_submit.py:644} INFO - [PROCESS EXERCISES] ✅ Processamento de documentos concluído: 1 registros
[2025-07-08T19:16:44.259+0000] {spark_submit.py:644} INFO - 25/07/08 19:16:44 INFO CodeGenerator: Code generated in 15.190706 ms
[2025-07-08T19:16:44.280+0000] {spark_submit.py:644} INFO - 25/07/08 19:16:44 INFO DAGScheduler: Registering RDD 12 (count at NativeMethodAccessorImpl.java:0) as input to shuffle 0
[2025-07-08T19:16:44.284+0000] {spark_submit.py:644} INFO - 25/07/08 19:16:44 INFO DAGScheduler: Got map stage job 1 (count at NativeMethodAccessorImpl.java:0) with 2 output partitions
[2025-07-08T19:16:44.285+0000] {spark_submit.py:644} INFO - 25/07/08 19:16:44 INFO DAGScheduler: Final stage: ShuffleMapStage 1 (count at NativeMethodAccessorImpl.java:0)
[2025-07-08T19:16:44.285+0000] {spark_submit.py:644} INFO - 25/07/08 19:16:44 INFO DAGScheduler: Parents of final stage: List()
[2025-07-08T19:16:44.286+0000] {spark_submit.py:644} INFO - 25/07/08 19:16:44 INFO DAGScheduler: Missing parents: List()
[2025-07-08T19:16:44.287+0000] {spark_submit.py:644} INFO - 25/07/08 19:16:44 INFO DAGScheduler: Submitting ShuffleMapStage 1 (MapPartitionsRDD[12] at count at NativeMethodAccessorImpl.java:0), which has no missing parents
[2025-07-08T19:16:44.302+0000] {spark_submit.py:644} INFO - 25/07/08 19:16:44 INFO MemoryStore: Block broadcast_2 stored as values in memory (estimated size 16.0 KiB, free 434.1 MiB)
[2025-07-08T19:16:44.320+0000] {spark_submit.py:644} INFO - 25/07/08 19:16:44 INFO MemoryStore: Block broadcast_2_piece0 stored as bytes in memory (estimated size 8.4 KiB, free 434.1 MiB)
[2025-07-08T19:16:44.362+0000] {spark_submit.py:644} INFO - 25/07/08 19:16:44 INFO BlockManagerInfo: Added broadcast_2_piece0 in memory on 3748f1b8240a:35395 (size: 8.4 KiB, free: 434.3 MiB)
[2025-07-08T19:16:44.363+0000] {spark_submit.py:644} INFO - 25/07/08 19:16:44 INFO SparkContext: Created broadcast 2 from broadcast at DAGScheduler.scala:1585
[2025-07-08T19:16:44.364+0000] {spark_submit.py:644} INFO - 25/07/08 19:16:44 INFO DAGScheduler: Submitting 2 missing tasks from ShuffleMapStage 1 (MapPartitionsRDD[12] at count at NativeMethodAccessorImpl.java:0) (first 15 tasks are for partitions Vector(0, 1))
[2025-07-08T19:16:44.365+0000] {spark_submit.py:644} INFO - 25/07/08 19:16:44 INFO TaskSchedulerImpl: Adding task set 1.0 with 2 tasks resource profile 0
[2025-07-08T19:16:44.368+0000] {spark_submit.py:644} INFO - 25/07/08 19:16:44 INFO TaskSetManager: Starting task 0.0 in stage 1.0 (TID 1) (172.19.0.8, executor 0, partition 0, PROCESS_LOCAL, 9487 bytes)
[2025-07-08T19:16:44.369+0000] {spark_submit.py:644} INFO - 25/07/08 19:16:44 INFO TaskSetManager: Starting task 1.0 in stage 1.0 (TID 2) (172.19.0.8, executor 0, partition 1, PROCESS_LOCAL, 26221 bytes)
[2025-07-08T19:16:44.402+0000] {spark_submit.py:644} INFO - 25/07/08 19:16:44 INFO BlockManagerInfo: Added broadcast_2_piece0 in memory on 172.19.0.8:43059 (size: 8.4 KiB, free: 434.3 MiB)
[2025-07-08T19:16:46.037+0000] {spark_submit.py:644} INFO - 25/07/08 19:16:46 INFO TaskSetManager: Finished task 1.0 in stage 1.0 (TID 2) in 1669 ms on 172.19.0.8 (executor 0) (1/2)
[2025-07-08T19:16:46.039+0000] {spark_submit.py:644} INFO - 25/07/08 19:16:46 INFO TaskSetManager: Finished task 0.0 in stage 1.0 (TID 1) in 1673 ms on 172.19.0.8 (executor 0) (2/2)
[2025-07-08T19:16:46.039+0000] {spark_submit.py:644} INFO - 25/07/08 19:16:46 INFO TaskSchedulerImpl: Removed TaskSet 1.0, whose tasks have all completed, from pool
[2025-07-08T19:16:46.041+0000] {spark_submit.py:644} INFO - 25/07/08 19:16:46 INFO DAGScheduler: ShuffleMapStage 1 (count at NativeMethodAccessorImpl.java:0) finished in 1.751 s
[2025-07-08T19:16:46.042+0000] {spark_submit.py:644} INFO - 25/07/08 19:16:46 INFO DAGScheduler: looking for newly runnable stages
[2025-07-08T19:16:46.043+0000] {spark_submit.py:644} INFO - 25/07/08 19:16:46 INFO DAGScheduler: running: Set()
[2025-07-08T19:16:46.043+0000] {spark_submit.py:644} INFO - 25/07/08 19:16:46 INFO DAGScheduler: waiting: Set()
[2025-07-08T19:16:46.044+0000] {spark_submit.py:644} INFO - 25/07/08 19:16:46 INFO DAGScheduler: failed: Set()
[2025-07-08T19:16:46.080+0000] {spark_submit.py:644} INFO - 25/07/08 19:16:46 INFO CodeGenerator: Code generated in 11.183115 ms
[2025-07-08T19:16:46.097+0000] {spark_submit.py:644} INFO - 25/07/08 19:16:46 INFO SparkContext: Starting job: count at NativeMethodAccessorImpl.java:0
[2025-07-08T19:16:46.100+0000] {spark_submit.py:644} INFO - 25/07/08 19:16:46 INFO DAGScheduler: Got job 2 (count at NativeMethodAccessorImpl.java:0) with 1 output partitions
[2025-07-08T19:16:46.101+0000] {spark_submit.py:644} INFO - 25/07/08 19:16:46 INFO DAGScheduler: Final stage: ResultStage 3 (count at NativeMethodAccessorImpl.java:0)
[2025-07-08T19:16:46.101+0000] {spark_submit.py:644} INFO - 25/07/08 19:16:46 INFO DAGScheduler: Parents of final stage: List(ShuffleMapStage 2)
[2025-07-08T19:16:46.102+0000] {spark_submit.py:644} INFO - 25/07/08 19:16:46 INFO DAGScheduler: Missing parents: List()
[2025-07-08T19:16:46.102+0000] {spark_submit.py:644} INFO - 25/07/08 19:16:46 INFO DAGScheduler: Submitting ResultStage 3 (MapPartitionsRDD[15] at count at NativeMethodAccessorImpl.java:0), which has no missing parents
[2025-07-08T19:16:46.108+0000] {spark_submit.py:644} INFO - 25/07/08 19:16:46 INFO MemoryStore: Block broadcast_3 stored as values in memory (estimated size 12.5 KiB, free 434.1 MiB)
[2025-07-08T19:16:46.109+0000] {spark_submit.py:644} INFO - 25/07/08 19:16:46 INFO MemoryStore: Block broadcast_3_piece0 stored as bytes in memory (estimated size 5.9 KiB, free 434.1 MiB)
[2025-07-08T19:16:46.110+0000] {spark_submit.py:644} INFO - 25/07/08 19:16:46 INFO BlockManagerInfo: Added broadcast_3_piece0 in memory on 3748f1b8240a:35395 (size: 5.9 KiB, free: 434.3 MiB)
[2025-07-08T19:16:46.111+0000] {spark_submit.py:644} INFO - 25/07/08 19:16:46 INFO SparkContext: Created broadcast 3 from broadcast at DAGScheduler.scala:1585
[2025-07-08T19:16:46.111+0000] {spark_submit.py:644} INFO - 25/07/08 19:16:46 INFO DAGScheduler: Submitting 1 missing tasks from ResultStage 3 (MapPartitionsRDD[15] at count at NativeMethodAccessorImpl.java:0) (first 15 tasks are for partitions Vector(0))
[2025-07-08T19:16:46.112+0000] {spark_submit.py:644} INFO - 25/07/08 19:16:46 INFO TaskSchedulerImpl: Adding task set 3.0 with 1 tasks resource profile 0
[2025-07-08T19:16:46.115+0000] {spark_submit.py:644} INFO - 25/07/08 19:16:46 INFO TaskSetManager: Starting task 0.0 in stage 3.0 (TID 3) (172.19.0.8, executor 0, partition 0, NODE_LOCAL, 9518 bytes)
[2025-07-08T19:16:46.138+0000] {spark_submit.py:644} INFO - 25/07/08 19:16:46 INFO BlockManagerInfo: Added broadcast_3_piece0 in memory on 172.19.0.8:43059 (size: 5.9 KiB, free: 434.3 MiB)
[2025-07-08T19:16:46.154+0000] {spark_submit.py:644} INFO - 25/07/08 19:16:46 INFO MapOutputTrackerMasterEndpoint: Asked to send map output locations for shuffle 0 to 172.19.0.8:45476
[2025-07-08T19:16:47.358+0000] {spark_submit.py:644} INFO - 25/07/08 19:16:47 INFO TaskSetManager: Finished task 0.0 in stage 3.0 (TID 3) in 1244 ms on 172.19.0.8 (executor 0) (1/1)
[2025-07-08T19:16:47.359+0000] {spark_submit.py:644} INFO - 25/07/08 19:16:47 INFO TaskSchedulerImpl: Removed TaskSet 3.0, whose tasks have all completed, from pool
[2025-07-08T19:16:47.361+0000] {spark_submit.py:644} INFO - 25/07/08 19:16:47 INFO DAGScheduler: ResultStage 3 (count at NativeMethodAccessorImpl.java:0) finished in 1.254 s
[2025-07-08T19:16:47.362+0000] {spark_submit.py:644} INFO - 25/07/08 19:16:47 INFO DAGScheduler: Job 2 is finished. Cancelling potential speculative or zombie tasks for this job
[2025-07-08T19:16:47.363+0000] {spark_submit.py:644} INFO - 25/07/08 19:16:47 INFO TaskSchedulerImpl: Killing all running tasks in stage 3: Stage finished
[2025-07-08T19:16:47.364+0000] {spark_submit.py:644} INFO - 25/07/08 19:16:47 INFO DAGScheduler: Job 2 finished: count at NativeMethodAccessorImpl.java:0, took 1.264162 s
[2025-07-08T19:16:47.369+0000] {spark_submit.py:644} INFO - [PROCESS EXERCISES] ℹ️ Salvando 1 registros na tabela nessie.exercises.pdf_documents
[2025-07-08T19:16:47.466+0000] {spark_submit.py:644} INFO - 25/07/08 19:16:47 INFO BaseMetastoreTableOperations: Refreshing table metadata from new version: s3a://warehouse/exercises/pdf_documents_3f2f6938-06f1-4401-a884-d6a6de9720a0/metadata/00036-c3049c73-8968-4279-8821-727f2a16e99d.metadata.json
[2025-07-08T19:16:47.633+0000] {spark_submit.py:644} INFO - 25/07/08 19:16:47 INFO NessieUtil: loadTableMetadata for 'exercises.pdf_documents' from location 's3a://warehouse/exercises/pdf_documents_3f2f6938-06f1-4401-a884-d6a6de9720a0/metadata/00036-c3049c73-8968-4279-8821-727f2a16e99d.metadata.json' at 'Branch{name=main, metadata=null, hash=a156440845a1c31a3df3eeeb6492cfe4268b5608790ebc7a928760a11a76359d}'
[2025-07-08T19:16:47.650+0000] {spark_submit.py:644} INFO - 25/07/08 19:16:47 INFO BaseMetastoreCatalog: Table loaded by catalog: nessie.exercises.pdf_documents
[2025-07-08T19:16:47.884+0000] {spark_submit.py:644} INFO - 25/07/08 19:16:47 INFO BlockManagerInfo: Removed broadcast_3_piece0 on 3748f1b8240a:35395 in memory (size: 5.9 KiB, free: 434.3 MiB)
[2025-07-08T19:16:47.885+0000] {spark_submit.py:644} INFO - 25/07/08 19:16:47 INFO BlockManagerInfo: Removed broadcast_3_piece0 on 172.19.0.8:43059 in memory (size: 5.9 KiB, free: 434.3 MiB)
[2025-07-08T19:16:47.894+0000] {spark_submit.py:644} INFO - 25/07/08 19:16:47 INFO BlockManagerInfo: Removed broadcast_1_piece0 on 3748f1b8240a:35395 in memory (size: 13.6 KiB, free: 434.4 MiB)
[2025-07-08T19:16:47.897+0000] {spark_submit.py:644} INFO - 25/07/08 19:16:47 INFO BlockManagerInfo: Removed broadcast_1_piece0 on 172.19.0.8:43059 in memory (size: 13.6 KiB, free: 434.4 MiB)
[2025-07-08T19:16:47.931+0000] {spark_submit.py:644} INFO - 25/07/08 19:16:47 INFO BlockManagerInfo: Removed broadcast_2_piece0 on 3748f1b8240a:35395 in memory (size: 8.4 KiB, free: 434.4 MiB)
[2025-07-08T19:16:47.932+0000] {spark_submit.py:644} INFO - 25/07/08 19:16:47 INFO BlockManagerInfo: Removed broadcast_2_piece0 on 172.19.0.8:43059 in memory (size: 8.4 KiB, free: 434.4 MiB)
[2025-07-08T19:16:48.681+0000] {spark_submit.py:644} INFO - 25/07/08 19:16:48 INFO CodeGenerator: Code generated in 29.180421 ms
[2025-07-08T19:16:48.684+0000] {spark_submit.py:644} INFO - [PROCESS EXERCISES] 🔄 Salvando tabela nessie.exercises.pdf_documents em modo append
[2025-07-08T19:16:48.880+0000] {spark_submit.py:644} INFO - 25/07/08 19:16:48 INFO SparkWrite: Requesting 0 bytes advisory partition size for table nessie.exercises.pdf_documents
[2025-07-08T19:16:48.881+0000] {spark_submit.py:644} INFO - 25/07/08 19:16:48 INFO SparkWrite: Requesting UnspecifiedDistribution as write distribution for table nessie.exercises.pdf_documents
[2025-07-08T19:16:48.882+0000] {spark_submit.py:644} INFO - 25/07/08 19:16:48 INFO SparkWrite: Requesting [] as write ordering for table nessie.exercises.pdf_documents
[2025-07-08T19:16:48.910+0000] {spark_submit.py:644} INFO - 25/07/08 19:16:48 INFO CodeGenerator: Code generated in 12.309017 ms
[2025-07-08T19:16:48.925+0000] {spark_submit.py:644} INFO - 25/07/08 19:16:48 INFO MemoryStore: Block broadcast_4 stored as values in memory (estimated size 32.0 KiB, free 434.1 MiB)
[2025-07-08T19:16:48.944+0000] {spark_submit.py:644} INFO - 25/07/08 19:16:48 INFO MemoryStore: Block broadcast_4_piece0 stored as bytes in memory (estimated size 30.1 KiB, free 434.1 MiB)
[2025-07-08T19:16:48.944+0000] {spark_submit.py:644} INFO - 25/07/08 19:16:48 INFO BlockManagerInfo: Added broadcast_4_piece0 in memory on 3748f1b8240a:35395 (size: 30.1 KiB, free: 434.3 MiB)
[2025-07-08T19:16:48.945+0000] {spark_submit.py:644} INFO - 25/07/08 19:16:48 INFO SparkContext: Created broadcast 4 from broadcast at SparkWrite.java:193
[2025-07-08T19:16:48.947+0000] {spark_submit.py:644} INFO - 25/07/08 19:16:48 INFO AppendDataExec: Start processing data source write support: IcebergBatchWrite(table=nessie.exercises.pdf_documents, format=PARQUET). The input RDD has 2 partitions.
[2025-07-08T19:16:48.957+0000] {spark_submit.py:644} INFO - 25/07/08 19:16:48 INFO SparkContext: Starting job: saveAsTable at NativeMethodAccessorImpl.java:0
[2025-07-08T19:16:48.958+0000] {spark_submit.py:644} INFO - 25/07/08 19:16:48 INFO DAGScheduler: Got job 3 (saveAsTable at NativeMethodAccessorImpl.java:0) with 2 output partitions
[2025-07-08T19:16:48.959+0000] {spark_submit.py:644} INFO - 25/07/08 19:16:48 INFO DAGScheduler: Final stage: ResultStage 4 (saveAsTable at NativeMethodAccessorImpl.java:0)
[2025-07-08T19:16:48.959+0000] {spark_submit.py:644} INFO - 25/07/08 19:16:48 INFO DAGScheduler: Parents of final stage: List()
[2025-07-08T19:16:48.960+0000] {spark_submit.py:644} INFO - 25/07/08 19:16:48 INFO DAGScheduler: Missing parents: List()
[2025-07-08T19:16:48.960+0000] {spark_submit.py:644} INFO - 25/07/08 19:16:48 INFO DAGScheduler: Submitting ResultStage 4 (MapPartitionsRDD[16] at saveAsTable at NativeMethodAccessorImpl.java:0), which has no missing parents
[2025-07-08T19:16:48.961+0000] {spark_submit.py:644} INFO - 25/07/08 19:16:48 INFO MemoryStore: Block broadcast_5 stored as values in memory (estimated size 15.1 KiB, free 434.1 MiB)
[2025-07-08T19:16:48.972+0000] {spark_submit.py:644} INFO - 25/07/08 19:16:48 INFO MemoryStore: Block broadcast_5_piece0 stored as bytes in memory (estimated size 7.8 KiB, free 434.1 MiB)
[2025-07-08T19:16:48.973+0000] {spark_submit.py:644} INFO - 25/07/08 19:16:48 INFO BlockManagerInfo: Added broadcast_5_piece0 in memory on 3748f1b8240a:35395 (size: 7.8 KiB, free: 434.3 MiB)
[2025-07-08T19:16:48.974+0000] {spark_submit.py:644} INFO - 25/07/08 19:16:48 INFO SparkContext: Created broadcast 5 from broadcast at DAGScheduler.scala:1585
[2025-07-08T19:16:48.974+0000] {spark_submit.py:644} INFO - 25/07/08 19:16:48 INFO DAGScheduler: Submitting 2 missing tasks from ResultStage 4 (MapPartitionsRDD[16] at saveAsTable at NativeMethodAccessorImpl.java:0) (first 15 tasks are for partitions Vector(0, 1))
[2025-07-08T19:16:48.975+0000] {spark_submit.py:644} INFO - 25/07/08 19:16:48 INFO TaskSchedulerImpl: Adding task set 4.0 with 2 tasks resource profile 0
[2025-07-08T19:16:48.976+0000] {spark_submit.py:644} INFO - 25/07/08 19:16:48 INFO TaskSetManager: Starting task 0.0 in stage 4.0 (TID 4) (172.19.0.8, executor 0, partition 0, PROCESS_LOCAL, 9498 bytes)
[2025-07-08T19:16:48.977+0000] {spark_submit.py:644} INFO - 25/07/08 19:16:48 INFO TaskSetManager: Starting task 1.0 in stage 4.0 (TID 5) (172.19.0.8, executor 0, partition 1, PROCESS_LOCAL, 26232 bytes)
[2025-07-08T19:16:48.990+0000] {spark_submit.py:644} INFO - 25/07/08 19:16:48 INFO BlockManagerInfo: Added broadcast_5_piece0 in memory on 172.19.0.8:43059 (size: 7.8 KiB, free: 434.4 MiB)
[2025-07-08T19:16:49.057+0000] {spark_submit.py:644} INFO - 25/07/08 19:16:49 INFO BlockManagerInfo: Added broadcast_4_piece0 in memory on 172.19.0.8:43059 (size: 30.1 KiB, free: 434.3 MiB)
[2025-07-08T19:16:50.373+0000] {spark_submit.py:644} INFO - 25/07/08 19:16:50 INFO TaskSetManager: Finished task 0.0 in stage 4.0 (TID 4) in 1397 ms on 172.19.0.8 (executor 0) (1/2)
[2025-07-08T19:16:51.012+0000] {spark_submit.py:644} INFO - 25/07/08 19:16:51 INFO TaskSetManager: Finished task 1.0 in stage 4.0 (TID 5) in 2036 ms on 172.19.0.8 (executor 0) (2/2)
[2025-07-08T19:16:51.013+0000] {spark_submit.py:644} INFO - 25/07/08 19:16:51 INFO TaskSchedulerImpl: Removed TaskSet 4.0, whose tasks have all completed, from pool
[2025-07-08T19:16:51.014+0000] {spark_submit.py:644} INFO - 25/07/08 19:16:51 INFO DAGScheduler: ResultStage 4 (saveAsTable at NativeMethodAccessorImpl.java:0) finished in 2.053 s
[2025-07-08T19:16:51.015+0000] {spark_submit.py:644} INFO - 25/07/08 19:16:51 INFO DAGScheduler: Job 3 is finished. Cancelling potential speculative or zombie tasks for this job
[2025-07-08T19:16:51.015+0000] {spark_submit.py:644} INFO - 25/07/08 19:16:51 INFO TaskSchedulerImpl: Killing all running tasks in stage 4: Stage finished
[2025-07-08T19:16:51.016+0000] {spark_submit.py:644} INFO - 25/07/08 19:16:51 INFO DAGScheduler: Job 3 finished: saveAsTable at NativeMethodAccessorImpl.java:0, took 2.057727 s
[2025-07-08T19:16:51.016+0000] {spark_submit.py:644} INFO - 25/07/08 19:16:51 INFO AppendDataExec: Data source write support IcebergBatchWrite(table=nessie.exercises.pdf_documents, format=PARQUET) is committing.
[2025-07-08T19:16:51.076+0000] {spark_submit.py:644} INFO - 25/07/08 19:16:51 INFO SparkWrite: Committing append with 1 new data files to table nessie.exercises.pdf_documents
[2025-07-08T19:16:52.513+0000] {spark_submit.py:644} INFO - 25/07/08 19:16:52 INFO NessieIcebergClient: Committed 'exercises.pdf_documents' against 'Branch{name=main, metadata=null, hash=b13934fd04e185c4a7da66e935434ecb917147840c369e5eb7c0411337f2c4f0}', expected commit-id was 'a156440845a1c31a3df3eeeb6492cfe4268b5608790ebc7a928760a11a76359d'
[2025-07-08T19:16:52.514+0000] {spark_submit.py:644} INFO - 25/07/08 19:16:52 INFO BaseMetastoreTableOperations: Successfully committed to table exercises.pdf_documents in 515 ms
[2025-07-08T19:16:52.514+0000] {spark_submit.py:644} INFO - 25/07/08 19:16:52 INFO SnapshotProducer: Committed snapshot 1705896612804180433 (MergeAppend)
[2025-07-08T19:16:52.549+0000] {spark_submit.py:644} INFO - 25/07/08 19:16:52 INFO BaseMetastoreTableOperations: Refreshing table metadata from new version: s3a://warehouse/exercises/pdf_documents_3f2f6938-06f1-4401-a884-d6a6de9720a0/metadata/00037-56541f3a-ae82-4da4-9bd6-0db77bb63726.metadata.json
[2025-07-08T19:16:52.562+0000] {spark_submit.py:644} INFO - 25/07/08 19:16:52 INFO NessieUtil: loadTableMetadata for 'exercises.pdf_documents' from location 's3a://warehouse/exercises/pdf_documents_3f2f6938-06f1-4401-a884-d6a6de9720a0/metadata/00037-56541f3a-ae82-4da4-9bd6-0db77bb63726.metadata.json' at 'Branch{name=main, metadata=null, hash=b13934fd04e185c4a7da66e935434ecb917147840c369e5eb7c0411337f2c4f0}'
[2025-07-08T19:16:52.599+0000] {spark_submit.py:644} INFO - 25/07/08 19:16:52 INFO LoggingMetricsReporter: Received metrics report: CommitReport{tableName=nessie.exercises.pdf_documents, snapshotId=1705896612804180433, sequenceNumber=38, operation=append, commitMetrics=CommitMetricsResult{totalDuration=TimerResult{timeUnit=NANOSECONDS, totalDuration=PT1.435597669S, count=1}, attempts=CounterResult{unit=COUNT, value=1}, addedDataFiles=CounterResult{unit=COUNT, value=1}, removedDataFiles=null, totalDataFiles=CounterResult{unit=COUNT, value=38}, addedDeleteFiles=null, addedEqualityDeleteFiles=null, addedPositionalDeleteFiles=null, addedDVs=null, removedDeleteFiles=null, removedEqualityDeleteFiles=null, removedPositionalDeleteFiles=null, removedDVs=null, totalDeleteFiles=CounterResult{unit=COUNT, value=0}, addedRecords=CounterResult{unit=COUNT, value=1}, removedRecords=null, totalRecords=CounterResult{unit=COUNT, value=38}, addedFilesSizeInBytes=CounterResult{unit=BYTES, value=8843}, removedFilesSizeInBytes=null, totalFilesSizeInBytes=CounterResult{unit=BYTES, value=306404}, addedPositionalDeletes=null, removedPositionalDeletes=null, totalPositionalDeletes=CounterResult{unit=COUNT, value=0}, addedEqualityDeletes=null, removedEqualityDeletes=null, totalEqualityDeletes=CounterResult{unit=COUNT, value=0}}, metadata={engine-version=3.5.5, app-id=app-20250708191621-0026, engine-name=spark, iceberg-version=Apache Iceberg 1.8.1 (commit 9ce0fcf0af7becf25ad9fc996c3bad2afdcfd33d)}}
[2025-07-08T19:16:52.599+0000] {spark_submit.py:644} INFO - 25/07/08 19:16:52 INFO SparkWrite: Committed in 1521 ms
[2025-07-08T19:16:52.600+0000] {spark_submit.py:644} INFO - 25/07/08 19:16:52 INFO AppendDataExec: Data source write support IcebergBatchWrite(table=nessie.exercises.pdf_documents, format=PARQUET) committed.
[2025-07-08T19:16:52.601+0000] {spark_submit.py:644} INFO - [PROCESS EXERCISES] ✅ Tabela nessie.exercises.pdf_documents salva com sucesso (1 registros)
[2025-07-08T19:16:52.602+0000] {spark_submit.py:644} INFO - [PROCESS EXERCISES] 🔄 === FASE 2: PROCESSAMENTO DE SIMULAÇÕES ===
[2025-07-08T19:16:52.602+0000] {spark_submit.py:644} INFO - [PROCESS EXERCISES] 🔄 Iniciando processamento de simulações
[2025-07-08T19:16:52.603+0000] {spark_submit.py:644} INFO - [PROCESS EXERCISES] ℹ️ Buscando arquivos de simulação em: exercises/CA-LESTE-construtiva-4DE-2025-07-08/simulations/172.19.0.14_2025-07-08
[2025-07-08T19:16:52.603+0000] {spark_submit.py:644} INFO - [PROCESS EXERCISES] ℹ️ Buscando arquivos em: s3a://bronze/exercises/CA-LESTE-construtiva-4DE-2025-07-08/simulations/172.19.0.14_2025-07-08/
[2025-07-08T19:16:52.639+0000] {spark_submit.py:644} INFO - 25/07/08 19:16:52 INFO InMemoryFileIndex: It took 10 ms to list leaf files for 1 paths.
[2025-07-08T19:16:52.661+0000] {spark_submit.py:644} INFO - 25/07/08 19:16:52 INFO FileSourceStrategy: Pushed Filters:
[2025-07-08T19:16:52.662+0000] {spark_submit.py:644} INFO - 25/07/08 19:16:52 INFO FileSourceStrategy: Post-Scan Filters:
[2025-07-08T19:16:52.668+0000] {spark_submit.py:644} INFO - 25/07/08 19:16:52 INFO MemoryStore: Block broadcast_6 stored as values in memory (estimated size 203.7 KiB, free 433.9 MiB)
[2025-07-08T19:16:52.698+0000] {spark_submit.py:644} INFO - 25/07/08 19:16:52 INFO BlockManagerInfo: Removed broadcast_5_piece0 on 3748f1b8240a:35395 in memory (size: 7.8 KiB, free: 434.3 MiB)
[2025-07-08T19:16:52.701+0000] {spark_submit.py:644} INFO - 25/07/08 19:16:52 INFO BlockManagerInfo: Removed broadcast_5_piece0 on 172.19.0.8:43059 in memory (size: 7.8 KiB, free: 434.3 MiB)
[2025-07-08T19:16:52.704+0000] {spark_submit.py:644} INFO - 25/07/08 19:16:52 INFO MemoryStore: Block broadcast_6_piece0 stored as bytes in memory (estimated size 35.7 KiB, free 433.9 MiB)
[2025-07-08T19:16:52.725+0000] {spark_submit.py:644} INFO - 25/07/08 19:16:52 INFO BlockManagerInfo: Added broadcast_6_piece0 in memory on 3748f1b8240a:35395 (size: 35.7 KiB, free: 434.3 MiB)
[2025-07-08T19:16:52.737+0000] {spark_submit.py:644} INFO - 25/07/08 19:16:52 INFO SparkContext: Created broadcast 6 from collect at /opt/bitnami/spark/jobs/process_exercises_job.py:438
[2025-07-08T19:16:52.740+0000] {spark_submit.py:644} INFO - 25/07/08 19:16:52 INFO FileSourceScanExec: Planning scan with bin packing, max size: 10487545 bytes, open cost is considered as scanning 4194304 bytes.
[2025-07-08T19:16:52.744+0000] {spark_submit.py:644} INFO - 25/07/08 19:16:52 INFO BlockManagerInfo: Removed broadcast_4_piece0 on 3748f1b8240a:35395 in memory (size: 30.1 KiB, free: 434.3 MiB)
[2025-07-08T19:16:52.749+0000] {spark_submit.py:644} INFO - 25/07/08 19:16:52 INFO BlockManagerInfo: Removed broadcast_4_piece0 on 172.19.0.8:43059 in memory (size: 30.1 KiB, free: 434.4 MiB)
[2025-07-08T19:16:52.772+0000] {spark_submit.py:644} INFO - 25/07/08 19:16:52 INFO SparkContext: Starting job: collect at /opt/bitnami/spark/jobs/process_exercises_job.py:438
[2025-07-08T19:16:52.773+0000] {spark_submit.py:644} INFO - 25/07/08 19:16:52 INFO DAGScheduler: Got job 4 (collect at /opt/bitnami/spark/jobs/process_exercises_job.py:438) with 2 output partitions
[2025-07-08T19:16:52.774+0000] {spark_submit.py:644} INFO - 25/07/08 19:16:52 INFO DAGScheduler: Final stage: ResultStage 5 (collect at /opt/bitnami/spark/jobs/process_exercises_job.py:438)
[2025-07-08T19:16:52.774+0000] {spark_submit.py:644} INFO - 25/07/08 19:16:52 INFO DAGScheduler: Parents of final stage: List()
[2025-07-08T19:16:52.775+0000] {spark_submit.py:644} INFO - 25/07/08 19:16:52 INFO DAGScheduler: Missing parents: List()
[2025-07-08T19:16:52.776+0000] {spark_submit.py:644} INFO - 25/07/08 19:16:52 INFO DAGScheduler: Submitting ResultStage 5 (MapPartitionsRDD[19] at collect at /opt/bitnami/spark/jobs/process_exercises_job.py:438), which has no missing parents
[2025-07-08T19:16:52.777+0000] {spark_submit.py:644} INFO - 25/07/08 19:16:52 INFO MemoryStore: Block broadcast_7 stored as values in memory (estimated size 9.4 KiB, free 433.9 MiB)
[2025-07-08T19:16:52.838+0000] {spark_submit.py:644} INFO - 25/07/08 19:16:52 INFO MemoryStore: Block broadcast_7_piece0 stored as bytes in memory (estimated size 4.7 KiB, free 433.9 MiB)
[2025-07-08T19:16:52.852+0000] {spark_submit.py:644} INFO - 25/07/08 19:16:52 INFO BlockManagerInfo: Added broadcast_7_piece0 in memory on 3748f1b8240a:35395 (size: 4.7 KiB, free: 434.3 MiB)
[2025-07-08T19:16:52.853+0000] {spark_submit.py:644} INFO - 25/07/08 19:16:52 INFO SparkContext: Created broadcast 7 from broadcast at DAGScheduler.scala:1585
[2025-07-08T19:16:52.853+0000] {spark_submit.py:644} INFO - 25/07/08 19:16:52 INFO DAGScheduler: Submitting 2 missing tasks from ResultStage 5 (MapPartitionsRDD[19] at collect at /opt/bitnami/spark/jobs/process_exercises_job.py:438) (first 15 tasks are for partitions Vector(0, 1))
[2025-07-08T19:16:52.854+0000] {spark_submit.py:644} INFO - 25/07/08 19:16:52 INFO TaskSchedulerImpl: Adding task set 5.0 with 2 tasks resource profile 0
[2025-07-08T19:16:52.855+0000] {spark_submit.py:644} INFO - 25/07/08 19:16:52 INFO TaskSetManager: Starting task 0.0 in stage 5.0 (TID 6) (172.19.0.8, executor 0, partition 0, PROCESS_LOCAL, 10561 bytes)
[2025-07-08T19:16:52.855+0000] {spark_submit.py:644} INFO - 25/07/08 19:16:52 INFO TaskSetManager: Starting task 1.0 in stage 5.0 (TID 7) (172.19.0.8, executor 0, partition 1, PROCESS_LOCAL, 10380 bytes)
[2025-07-08T19:16:52.889+0000] {spark_submit.py:644} INFO - 25/07/08 19:16:52 INFO BlockManagerInfo: Added broadcast_7_piece0 in memory on 172.19.0.8:43059 (size: 4.7 KiB, free: 434.4 MiB)
[2025-07-08T19:16:52.911+0000] {spark_submit.py:644} INFO - 25/07/08 19:16:52 INFO BlockManagerInfo: Removed broadcast_0_piece0 on 3748f1b8240a:35395 in memory (size: 35.7 KiB, free: 434.4 MiB)
[2025-07-08T19:16:52.932+0000] {spark_submit.py:644} INFO - 25/07/08 19:16:52 INFO BlockManagerInfo: Removed broadcast_0_piece0 on 172.19.0.8:43059 in memory (size: 35.7 KiB, free: 434.4 MiB)
[2025-07-08T19:16:52.958+0000] {spark_submit.py:644} INFO - 25/07/08 19:16:52 INFO BlockManagerInfo: Added broadcast_6_piece0 in memory on 172.19.0.8:43059 (size: 35.7 KiB, free: 434.4 MiB)
[2025-07-08T19:16:53.038+0000] {spark_submit.py:644} INFO - 25/07/08 19:16:53 INFO TaskSetManager: Finished task 1.0 in stage 5.0 (TID 7) in 183 ms on 172.19.0.8 (executor 0) (1/2)
[2025-07-08T19:16:53.040+0000] {spark_submit.py:644} INFO - 25/07/08 19:16:53 INFO TaskSetManager: Finished task 0.0 in stage 5.0 (TID 6) in 186 ms on 172.19.0.8 (executor 0) (2/2)
[2025-07-08T19:16:53.041+0000] {spark_submit.py:644} INFO - 25/07/08 19:16:53 INFO TaskSchedulerImpl: Removed TaskSet 5.0, whose tasks have all completed, from pool
[2025-07-08T19:16:53.042+0000] {spark_submit.py:644} INFO - 25/07/08 19:16:53 INFO DAGScheduler: ResultStage 5 (collect at /opt/bitnami/spark/jobs/process_exercises_job.py:438) finished in 0.266 s
[2025-07-08T19:16:53.042+0000] {spark_submit.py:644} INFO - 25/07/08 19:16:53 INFO DAGScheduler: Job 4 is finished. Cancelling potential speculative or zombie tasks for this job
[2025-07-08T19:16:53.043+0000] {spark_submit.py:644} INFO - 25/07/08 19:16:53 INFO TaskSchedulerImpl: Killing all running tasks in stage 5: Stage finished
[2025-07-08T19:16:53.043+0000] {spark_submit.py:644} INFO - 25/07/08 19:16:53 INFO DAGScheduler: Job 4 finished: collect at /opt/bitnami/spark/jobs/process_exercises_job.py:438, took 0.270038 s
[2025-07-08T19:16:53.048+0000] {spark_submit.py:644} INFO - [PROCESS EXERCISES] ℹ️ Encontrados 4 arquivos Protobuf (.pb)
[2025-07-08T19:16:53.049+0000] {spark_submit.py:644} INFO - [PROCESS EXERCISES] ℹ️ Encontrados 4 arquivos do tipo PROTO
[2025-07-08T19:16:53.049+0000] {spark_submit.py:644} INFO - [PROCESS EXERCISES] 🔄 Processando 4 arquivos Protobuf
[2025-07-08T19:16:53.050+0000] {spark_submit.py:644} INFO - [PROCESS EXERCISES] ℹ️ Processando arquivo Protobuf: s3a://bronze/exercises/CA-LESTE-construtiva-4DE-2025-07-08/simulations/172.19.0.14_2025-07-08/18-25.56/session-proto_3.pb
[2025-07-08T19:16:53.101+0000] {spark_submit.py:644} INFO - 25/07/08 19:16:53 INFO InMemoryFileIndex: It took 8 ms to list leaf files for 1 paths.
[2025-07-08T19:16:53.394+0000] {spark_submit.py:644} INFO - 25/07/08 19:16:53 INFO FileSourceStrategy: Pushed Filters:
[2025-07-08T19:16:53.394+0000] {spark_submit.py:644} INFO - 25/07/08 19:16:53 INFO FileSourceStrategy: Post-Scan Filters:
[2025-07-08T19:16:53.441+0000] {spark_submit.py:644} INFO - 25/07/08 19:16:53 INFO CodeGenerator: Code generated in 13.074499 ms
[2025-07-08T19:16:53.468+0000] {spark_submit.py:644} INFO - 25/07/08 19:16:53 INFO CodeGenerator: Code generated in 16.161229 ms
[2025-07-08T19:16:53.472+0000] {spark_submit.py:644} INFO - 25/07/08 19:16:53 INFO MemoryStore: Block broadcast_8 stored as values in memory (estimated size 203.5 KiB, free 434.0 MiB)
[2025-07-08T19:16:53.540+0000] {spark_submit.py:644} INFO - 25/07/08 19:16:53 INFO MemoryStore: Block broadcast_8_piece0 stored as bytes in memory (estimated size 35.7 KiB, free 433.9 MiB)
[2025-07-08T19:16:53.549+0000] {spark_submit.py:644} INFO - 25/07/08 19:16:53 INFO BlockManagerInfo: Added broadcast_8_piece0 in memory on 3748f1b8240a:35395 (size: 35.7 KiB, free: 434.3 MiB)
[2025-07-08T19:16:53.550+0000] {spark_submit.py:644} INFO - 25/07/08 19:16:53 INFO SparkContext: Created broadcast 8 from count at NativeMethodAccessorImpl.java:0
[2025-07-08T19:16:53.552+0000] {spark_submit.py:644} INFO - 25/07/08 19:16:53 INFO FileSourceScanExec: Planning scan with bin packing, max size: 4194304 bytes, open cost is considered as scanning 4194304 bytes.
[2025-07-08T19:16:53.573+0000] {spark_submit.py:644} INFO - 25/07/08 19:16:53 INFO DAGScheduler: Registering RDD 28 (count at NativeMethodAccessorImpl.java:0) as input to shuffle 1
[2025-07-08T19:16:53.574+0000] {spark_submit.py:644} INFO - 25/07/08 19:16:53 INFO DAGScheduler: Got map stage job 5 (count at NativeMethodAccessorImpl.java:0) with 1 output partitions
[2025-07-08T19:16:53.574+0000] {spark_submit.py:644} INFO - 25/07/08 19:16:53 INFO DAGScheduler: Final stage: ShuffleMapStage 6 (count at NativeMethodAccessorImpl.java:0)
[2025-07-08T19:16:53.575+0000] {spark_submit.py:644} INFO - 25/07/08 19:16:53 INFO DAGScheduler: Parents of final stage: List()
[2025-07-08T19:16:53.575+0000] {spark_submit.py:644} INFO - 25/07/08 19:16:53 INFO DAGScheduler: Missing parents: List()
[2025-07-08T19:16:53.576+0000] {spark_submit.py:644} INFO - 25/07/08 19:16:53 INFO DAGScheduler: Submitting ShuffleMapStage 6 (MapPartitionsRDD[28] at count at NativeMethodAccessorImpl.java:0), which has no missing parents
[2025-07-08T19:16:53.577+0000] {spark_submit.py:644} INFO - 25/07/08 19:16:53 INFO MemoryStore: Block broadcast_9 stored as values in memory (estimated size 41.0 KiB, free 433.9 MiB)
[2025-07-08T19:16:53.586+0000] {spark_submit.py:644} INFO - 25/07/08 19:16:53 INFO MemoryStore: Block broadcast_9_piece0 stored as bytes in memory (estimated size 19.1 KiB, free 433.9 MiB)
[2025-07-08T19:16:53.600+0000] {spark_submit.py:644} INFO - 25/07/08 19:16:53 INFO BlockManagerInfo: Added broadcast_9_piece0 in memory on 3748f1b8240a:35395 (size: 19.1 KiB, free: 434.3 MiB)
[2025-07-08T19:16:53.601+0000] {spark_submit.py:644} INFO - 25/07/08 19:16:53 INFO SparkContext: Created broadcast 9 from broadcast at DAGScheduler.scala:1585
[2025-07-08T19:16:53.602+0000] {spark_submit.py:644} INFO - 25/07/08 19:16:53 INFO DAGScheduler: Submitting 1 missing tasks from ShuffleMapStage 6 (MapPartitionsRDD[28] at count at NativeMethodAccessorImpl.java:0) (first 15 tasks are for partitions Vector(0))
[2025-07-08T19:16:53.602+0000] {spark_submit.py:644} INFO - 25/07/08 19:16:53 INFO TaskSchedulerImpl: Adding task set 6.0 with 1 tasks resource profile 0
[2025-07-08T19:16:53.603+0000] {spark_submit.py:644} INFO - 25/07/08 19:16:53 INFO TaskSetManager: Starting task 0.0 in stage 6.0 (TID 8) (172.19.0.8, executor 0, partition 0, PROCESS_LOCAL, 10191 bytes)
[2025-07-08T19:16:53.616+0000] {spark_submit.py:644} INFO - 25/07/08 19:16:53 INFO BlockManagerInfo: Added broadcast_9_piece0 in memory on 172.19.0.8:43059 (size: 19.1 KiB, free: 434.3 MiB)
[2025-07-08T19:16:53.704+0000] {spark_submit.py:644} INFO - 25/07/08 19:16:53 INFO BlockManagerInfo: Added broadcast_8_piece0 in memory on 172.19.0.8:43059 (size: 35.7 KiB, free: 434.3 MiB)
[2025-07-08T19:16:54.142+0000] {spark_submit.py:644} INFO - 25/07/08 19:16:54 INFO TaskSetManager: Finished task 0.0 in stage 6.0 (TID 8) in 540 ms on 172.19.0.8 (executor 0) (1/1)
[2025-07-08T19:16:54.143+0000] {spark_submit.py:644} INFO - 25/07/08 19:16:54 INFO TaskSchedulerImpl: Removed TaskSet 6.0, whose tasks have all completed, from pool
[2025-07-08T19:16:54.143+0000] {spark_submit.py:644} INFO - 25/07/08 19:16:54 INFO DAGScheduler: ShuffleMapStage 6 (count at NativeMethodAccessorImpl.java:0) finished in 0.568 s
[2025-07-08T19:16:54.144+0000] {spark_submit.py:644} INFO - 25/07/08 19:16:54 INFO DAGScheduler: looking for newly runnable stages
[2025-07-08T19:16:54.145+0000] {spark_submit.py:644} INFO - 25/07/08 19:16:54 INFO DAGScheduler: running: Set()
[2025-07-08T19:16:54.145+0000] {spark_submit.py:644} INFO - 25/07/08 19:16:54 INFO DAGScheduler: waiting: Set()
[2025-07-08T19:16:54.146+0000] {spark_submit.py:644} INFO - 25/07/08 19:16:54 INFO DAGScheduler: failed: Set()
[2025-07-08T19:16:54.164+0000] {spark_submit.py:644} INFO - 25/07/08 19:16:54 INFO CodeGenerator: Code generated in 7.970253 ms
[2025-07-08T19:16:54.173+0000] {spark_submit.py:644} INFO - 25/07/08 19:16:54 INFO SparkContext: Starting job: count at NativeMethodAccessorImpl.java:0
[2025-07-08T19:16:54.174+0000] {spark_submit.py:644} INFO - 25/07/08 19:16:54 INFO DAGScheduler: Got job 6 (count at NativeMethodAccessorImpl.java:0) with 1 output partitions
[2025-07-08T19:16:54.175+0000] {spark_submit.py:644} INFO - 25/07/08 19:16:54 INFO DAGScheduler: Final stage: ResultStage 8 (count at NativeMethodAccessorImpl.java:0)
[2025-07-08T19:16:54.176+0000] {spark_submit.py:644} INFO - 25/07/08 19:16:54 INFO DAGScheduler: Parents of final stage: List(ShuffleMapStage 7)
[2025-07-08T19:16:54.176+0000] {spark_submit.py:644} INFO - 25/07/08 19:16:54 INFO DAGScheduler: Missing parents: List()
[2025-07-08T19:16:54.177+0000] {spark_submit.py:644} INFO - 25/07/08 19:16:54 INFO DAGScheduler: Submitting ResultStage 8 (MapPartitionsRDD[31] at count at NativeMethodAccessorImpl.java:0), which has no missing parents
[2025-07-08T19:16:54.178+0000] {spark_submit.py:644} INFO - 25/07/08 19:16:54 INFO MemoryStore: Block broadcast_10 stored as values in memory (estimated size 12.5 KiB, free 433.8 MiB)
[2025-07-08T19:16:54.184+0000] {spark_submit.py:644} INFO - 25/07/08 19:16:54 INFO MemoryStore: Block broadcast_10_piece0 stored as bytes in memory (estimated size 5.9 KiB, free 433.8 MiB)
[2025-07-08T19:16:54.199+0000] {spark_submit.py:644} INFO - 25/07/08 19:16:54 INFO BlockManagerInfo: Added broadcast_10_piece0 in memory on 3748f1b8240a:35395 (size: 5.9 KiB, free: 434.3 MiB)
[2025-07-08T19:16:54.199+0000] {spark_submit.py:644} INFO - 25/07/08 19:16:54 INFO SparkContext: Created broadcast 10 from broadcast at DAGScheduler.scala:1585
[2025-07-08T19:16:54.200+0000] {spark_submit.py:644} INFO - 25/07/08 19:16:54 INFO DAGScheduler: Submitting 1 missing tasks from ResultStage 8 (MapPartitionsRDD[31] at count at NativeMethodAccessorImpl.java:0) (first 15 tasks are for partitions Vector(0))
[2025-07-08T19:16:54.201+0000] {spark_submit.py:644} INFO - 25/07/08 19:16:54 INFO TaskSchedulerImpl: Adding task set 8.0 with 1 tasks resource profile 0
[2025-07-08T19:16:54.201+0000] {spark_submit.py:644} INFO - 25/07/08 19:16:54 INFO TaskSetManager: Starting task 0.0 in stage 8.0 (TID 9) (172.19.0.8, executor 0, partition 0, NODE_LOCAL, 9518 bytes)
[2025-07-08T19:16:54.228+0000] {spark_submit.py:644} INFO - 25/07/08 19:16:54 INFO BlockManagerInfo: Added broadcast_10_piece0 in memory on 172.19.0.8:43059 (size: 5.9 KiB, free: 434.3 MiB)
[2025-07-08T19:16:54.234+0000] {spark_submit.py:644} INFO - 25/07/08 19:16:54 INFO MapOutputTrackerMasterEndpoint: Asked to send map output locations for shuffle 1 to 172.19.0.8:45476
[2025-07-08T19:16:54.257+0000] {spark_submit.py:644} INFO - 25/07/08 19:16:54 INFO TaskSetManager: Finished task 0.0 in stage 8.0 (TID 9) in 56 ms on 172.19.0.8 (executor 0) (1/1)
[2025-07-08T19:16:54.258+0000] {spark_submit.py:644} INFO - 25/07/08 19:16:54 INFO TaskSchedulerImpl: Removed TaskSet 8.0, whose tasks have all completed, from pool
[2025-07-08T19:16:54.258+0000] {spark_submit.py:644} INFO - 25/07/08 19:16:54 INFO DAGScheduler: ResultStage 8 (count at NativeMethodAccessorImpl.java:0) finished in 0.082 s
[2025-07-08T19:16:54.259+0000] {spark_submit.py:644} INFO - 25/07/08 19:16:54 INFO DAGScheduler: Job 6 is finished. Cancelling potential speculative or zombie tasks for this job
[2025-07-08T19:16:54.260+0000] {spark_submit.py:644} INFO - 25/07/08 19:16:54 INFO TaskSchedulerImpl: Killing all running tasks in stage 8: Stage finished
[2025-07-08T19:16:54.260+0000] {spark_submit.py:644} INFO - 25/07/08 19:16:54 INFO DAGScheduler: Job 6 finished: count at NativeMethodAccessorImpl.java:0, took 0.086069 s
[2025-07-08T19:16:54.262+0000] {spark_submit.py:644} INFO - [PROCESS EXERCISES] ⚠️ Nenhum registro extraído do arquivo Protobuf: s3a://bronze/exercises/CA-LESTE-construtiva-4DE-2025-07-08/simulations/172.19.0.14_2025-07-08/18-25.56/session-proto_3.pb
[2025-07-08T19:16:54.263+0000] {spark_submit.py:644} INFO - [PROCESS EXERCISES] ℹ️ Processando arquivo Protobuf: s3a://bronze/exercises/CA-LESTE-construtiva-4DE-2025-07-08/simulations/172.19.0.14_2025-07-08/18-25.56/session-proto_4.pb
[2025-07-08T19:16:54.287+0000] {spark_submit.py:644} INFO - 25/07/08 19:16:54 INFO InMemoryFileIndex: It took 8 ms to list leaf files for 1 paths.
[2025-07-08T19:16:54.439+0000] {spark_submit.py:644} INFO - 25/07/08 19:16:54 INFO FileSourceStrategy: Pushed Filters:
[2025-07-08T19:16:54.440+0000] {spark_submit.py:644} INFO - 25/07/08 19:16:54 INFO FileSourceStrategy: Post-Scan Filters:
[2025-07-08T19:16:54.485+0000] {spark_submit.py:644} INFO - 25/07/08 19:16:54 INFO MemoryStore: Block broadcast_11 stored as values in memory (estimated size 203.5 KiB, free 433.6 MiB)
[2025-07-08T19:16:54.539+0000] {spark_submit.py:644} INFO - 25/07/08 19:16:54 INFO MemoryStore: Block broadcast_11_piece0 stored as bytes in memory (estimated size 35.7 KiB, free 433.6 MiB)
[2025-07-08T19:16:54.540+0000] {spark_submit.py:644} INFO - 25/07/08 19:16:54 INFO BlockManagerInfo: Added broadcast_11_piece0 in memory on 3748f1b8240a:35395 (size: 35.7 KiB, free: 434.3 MiB)
[2025-07-08T19:16:54.554+0000] {spark_submit.py:644} INFO - 25/07/08 19:16:54 INFO SparkContext: Created broadcast 11 from count at NativeMethodAccessorImpl.java:0
[2025-07-08T19:16:54.555+0000] {spark_submit.py:644} INFO - 25/07/08 19:16:54 INFO FileSourceScanExec: Planning scan with bin packing, max size: 4194304 bytes, open cost is considered as scanning 4194304 bytes.
[2025-07-08T19:16:54.636+0000] {spark_submit.py:644} INFO - 25/07/08 19:16:54 INFO DAGScheduler: Registering RDD 40 (count at NativeMethodAccessorImpl.java:0) as input to shuffle 2
[2025-07-08T19:16:54.638+0000] {spark_submit.py:644} INFO - 25/07/08 19:16:54 INFO DAGScheduler: Got map stage job 7 (count at NativeMethodAccessorImpl.java:0) with 1 output partitions
[2025-07-08T19:16:54.640+0000] {spark_submit.py:644} INFO - 25/07/08 19:16:54 INFO DAGScheduler: Final stage: ShuffleMapStage 9 (count at NativeMethodAccessorImpl.java:0)
[2025-07-08T19:16:54.643+0000] {spark_submit.py:644} INFO - 25/07/08 19:16:54 INFO DAGScheduler: Parents of final stage: List()
[2025-07-08T19:16:54.645+0000] {spark_submit.py:644} INFO - 25/07/08 19:16:54 INFO DAGScheduler: Missing parents: List()
[2025-07-08T19:16:54.647+0000] {spark_submit.py:644} INFO - 25/07/08 19:16:54 INFO DAGScheduler: Submitting ShuffleMapStage 9 (MapPartitionsRDD[40] at count at NativeMethodAccessorImpl.java:0), which has no missing parents
[2025-07-08T19:16:54.653+0000] {spark_submit.py:644} INFO - 25/07/08 19:16:54 INFO MemoryStore: Block broadcast_12 stored as values in memory (estimated size 41.0 KiB, free 433.6 MiB)
[2025-07-08T19:16:54.657+0000] {spark_submit.py:644} INFO - 25/07/08 19:16:54 INFO MemoryStore: Block broadcast_12_piece0 stored as bytes in memory (estimated size 19.1 KiB, free 433.6 MiB)
[2025-07-08T19:16:54.660+0000] {spark_submit.py:644} INFO - 25/07/08 19:16:54 INFO BlockManagerInfo: Added broadcast_12_piece0 in memory on 3748f1b8240a:35395 (size: 19.1 KiB, free: 434.2 MiB)
[2025-07-08T19:16:54.662+0000] {spark_submit.py:644} INFO - 25/07/08 19:16:54 INFO SparkContext: Created broadcast 12 from broadcast at DAGScheduler.scala:1585
[2025-07-08T19:16:54.664+0000] {spark_submit.py:644} INFO - 25/07/08 19:16:54 INFO DAGScheduler: Submitting 1 missing tasks from ShuffleMapStage 9 (MapPartitionsRDD[40] at count at NativeMethodAccessorImpl.java:0) (first 15 tasks are for partitions Vector(0))
[2025-07-08T19:16:54.667+0000] {spark_submit.py:644} INFO - 25/07/08 19:16:54 INFO TaskSchedulerImpl: Adding task set 9.0 with 1 tasks resource profile 0
[2025-07-08T19:16:54.670+0000] {spark_submit.py:644} INFO - 25/07/08 19:16:54 INFO TaskSetManager: Starting task 0.0 in stage 9.0 (TID 10) (172.19.0.8, executor 0, partition 0, PROCESS_LOCAL, 10191 bytes)
[2025-07-08T19:16:54.836+0000] {spark_submit.py:644} INFO - 25/07/08 19:16:54 INFO BlockManagerInfo: Added broadcast_12_piece0 in memory on 172.19.0.8:43059 (size: 19.1 KiB, free: 434.3 MiB)
[2025-07-08T19:16:54.863+0000] {spark_submit.py:644} INFO - 25/07/08 19:16:54 INFO BlockManagerInfo: Added broadcast_11_piece0 in memory on 172.19.0.8:43059 (size: 35.7 KiB, free: 434.2 MiB)
[2025-07-08T19:16:55.296+0000] {spark_submit.py:644} INFO - 25/07/08 19:16:55 INFO TaskSetManager: Finished task 0.0 in stage 9.0 (TID 10) in 628 ms on 172.19.0.8 (executor 0) (1/1)
[2025-07-08T19:16:55.297+0000] {spark_submit.py:644} INFO - 25/07/08 19:16:55 INFO TaskSchedulerImpl: Removed TaskSet 9.0, whose tasks have all completed, from pool
[2025-07-08T19:16:55.298+0000] {spark_submit.py:644} INFO - 25/07/08 19:16:55 INFO DAGScheduler: ShuffleMapStage 9 (count at NativeMethodAccessorImpl.java:0) finished in 0.654 s
[2025-07-08T19:16:55.299+0000] {spark_submit.py:644} INFO - 25/07/08 19:16:55 INFO DAGScheduler: looking for newly runnable stages
[2025-07-08T19:16:55.301+0000] {spark_submit.py:644} INFO - 25/07/08 19:16:55 INFO DAGScheduler: running: Set()
[2025-07-08T19:16:55.302+0000] {spark_submit.py:644} INFO - 25/07/08 19:16:55 INFO DAGScheduler: waiting: Set()
[2025-07-08T19:16:55.303+0000] {spark_submit.py:644} INFO - 25/07/08 19:16:55 INFO DAGScheduler: failed: Set()
[2025-07-08T19:16:55.330+0000] {spark_submit.py:644} INFO - 25/07/08 19:16:55 INFO SparkContext: Starting job: count at NativeMethodAccessorImpl.java:0
[2025-07-08T19:16:55.332+0000] {spark_submit.py:644} INFO - 25/07/08 19:16:55 INFO DAGScheduler: Got job 8 (count at NativeMethodAccessorImpl.java:0) with 1 output partitions
[2025-07-08T19:16:55.335+0000] {spark_submit.py:644} INFO - 25/07/08 19:16:55 INFO DAGScheduler: Final stage: ResultStage 11 (count at NativeMethodAccessorImpl.java:0)
[2025-07-08T19:16:55.336+0000] {spark_submit.py:644} INFO - 25/07/08 19:16:55 INFO DAGScheduler: Parents of final stage: List(ShuffleMapStage 10)
[2025-07-08T19:16:55.336+0000] {spark_submit.py:644} INFO - 25/07/08 19:16:55 INFO DAGScheduler: Missing parents: List()
[2025-07-08T19:16:55.337+0000] {spark_submit.py:644} INFO - 25/07/08 19:16:55 INFO DAGScheduler: Submitting ResultStage 11 (MapPartitionsRDD[43] at count at NativeMethodAccessorImpl.java:0), which has no missing parents
[2025-07-08T19:16:55.338+0000] {spark_submit.py:644} INFO - 25/07/08 19:16:55 INFO MemoryStore: Block broadcast_13 stored as values in memory (estimated size 12.5 KiB, free 433.5 MiB)
[2025-07-08T19:16:55.338+0000] {spark_submit.py:644} INFO - 25/07/08 19:16:55 INFO MemoryStore: Block broadcast_13_piece0 stored as bytes in memory (estimated size 5.9 KiB, free 433.5 MiB)
[2025-07-08T19:16:55.339+0000] {spark_submit.py:644} INFO - 25/07/08 19:16:55 INFO BlockManagerInfo: Added broadcast_13_piece0 in memory on 3748f1b8240a:35395 (size: 5.9 KiB, free: 434.2 MiB)
[2025-07-08T19:16:55.340+0000] {spark_submit.py:644} INFO - 25/07/08 19:16:55 INFO SparkContext: Created broadcast 13 from broadcast at DAGScheduler.scala:1585
[2025-07-08T19:16:55.340+0000] {spark_submit.py:644} INFO - 25/07/08 19:16:55 INFO DAGScheduler: Submitting 1 missing tasks from ResultStage 11 (MapPartitionsRDD[43] at count at NativeMethodAccessorImpl.java:0) (first 15 tasks are for partitions Vector(0))
[2025-07-08T19:16:55.341+0000] {spark_submit.py:644} INFO - 25/07/08 19:16:55 INFO TaskSchedulerImpl: Adding task set 11.0 with 1 tasks resource profile 0
[2025-07-08T19:16:55.342+0000] {spark_submit.py:644} INFO - 25/07/08 19:16:55 INFO TaskSetManager: Starting task 0.0 in stage 11.0 (TID 11) (172.19.0.8, executor 0, partition 0, NODE_LOCAL, 9518 bytes)
[2025-07-08T19:16:55.357+0000] {spark_submit.py:644} INFO - 25/07/08 19:16:55 INFO BlockManagerInfo: Removed broadcast_9_piece0 on 3748f1b8240a:35395 in memory (size: 19.1 KiB, free: 434.3 MiB)
[2025-07-08T19:16:55.358+0000] {spark_submit.py:644} INFO - 25/07/08 19:16:55 INFO BlockManagerInfo: Removed broadcast_9_piece0 on 172.19.0.8:43059 in memory (size: 19.1 KiB, free: 434.3 MiB)
[2025-07-08T19:16:55.371+0000] {spark_submit.py:644} INFO - 25/07/08 19:16:55 INFO BlockManagerInfo: Removed broadcast_8_piece0 on 3748f1b8240a:35395 in memory (size: 35.7 KiB, free: 434.3 MiB)
[2025-07-08T19:16:55.372+0000] {spark_submit.py:644} INFO - 25/07/08 19:16:55 INFO BlockManagerInfo: Removed broadcast_8_piece0 on 172.19.0.8:43059 in memory (size: 35.7 KiB, free: 434.3 MiB)
[2025-07-08T19:16:55.381+0000] {spark_submit.py:644} INFO - 25/07/08 19:16:55 INFO BlockManagerInfo: Added broadcast_13_piece0 in memory on 172.19.0.8:43059 (size: 5.9 KiB, free: 434.3 MiB)
[2025-07-08T19:16:55.387+0000] {spark_submit.py:644} INFO - 25/07/08 19:16:55 INFO BlockManagerInfo: Removed broadcast_6_piece0 on 3748f1b8240a:35395 in memory (size: 35.7 KiB, free: 434.3 MiB)
[2025-07-08T19:16:55.392+0000] {spark_submit.py:644} INFO - 25/07/08 19:16:55 INFO MapOutputTrackerMasterEndpoint: Asked to send map output locations for shuffle 2 to 172.19.0.8:45476
[2025-07-08T19:16:55.396+0000] {spark_submit.py:644} INFO - 25/07/08 19:16:55 INFO BlockManagerInfo: Removed broadcast_6_piece0 on 172.19.0.8:43059 in memory (size: 35.7 KiB, free: 434.3 MiB)
[2025-07-08T19:16:55.434+0000] {spark_submit.py:644} INFO - 25/07/08 19:16:55 INFO BlockManagerInfo: Removed broadcast_10_piece0 on 3748f1b8240a:35395 in memory (size: 5.9 KiB, free: 434.3 MiB)
[2025-07-08T19:16:55.434+0000] {spark_submit.py:644} INFO - 25/07/08 19:16:55 INFO TaskSetManager: Finished task 0.0 in stage 11.0 (TID 11) in 93 ms on 172.19.0.8 (executor 0) (1/1)
[2025-07-08T19:16:55.435+0000] {spark_submit.py:644} INFO - 25/07/08 19:16:55 INFO TaskSchedulerImpl: Removed TaskSet 11.0, whose tasks have all completed, from pool
[2025-07-08T19:16:55.436+0000] {spark_submit.py:644} INFO - 25/07/08 19:16:55 INFO DAGScheduler: ResultStage 11 (count at NativeMethodAccessorImpl.java:0) finished in 0.101 s
[2025-07-08T19:16:55.437+0000] {spark_submit.py:644} INFO - 25/07/08 19:16:55 INFO DAGScheduler: Job 8 is finished. Cancelling potential speculative or zombie tasks for this job
[2025-07-08T19:16:55.437+0000] {spark_submit.py:644} INFO - 25/07/08 19:16:55 INFO TaskSchedulerImpl: Killing all running tasks in stage 11: Stage finished
[2025-07-08T19:16:55.438+0000] {spark_submit.py:644} INFO - 25/07/08 19:16:55 INFO DAGScheduler: Job 8 finished: count at NativeMethodAccessorImpl.java:0, took 0.105663 s
[2025-07-08T19:16:55.439+0000] {spark_submit.py:644} INFO - 25/07/08 19:16:55 INFO BlockManagerInfo: Removed broadcast_10_piece0 on 172.19.0.8:43059 in memory (size: 5.9 KiB, free: 434.3 MiB)
[2025-07-08T19:16:55.439+0000] {spark_submit.py:644} INFO - [PROCESS EXERCISES] ⚠️ Nenhum registro extraído do arquivo Protobuf: s3a://bronze/exercises/CA-LESTE-construtiva-4DE-2025-07-08/simulations/172.19.0.14_2025-07-08/18-25.56/session-proto_4.pb
[2025-07-08T19:16:55.440+0000] {spark_submit.py:644} INFO - [PROCESS EXERCISES] ℹ️ Processando arquivo Protobuf: s3a://bronze/exercises/CA-LESTE-construtiva-4DE-2025-07-08/simulations/172.19.0.14_2025-07-08/18-25.56/session-proto_1.pb
[2025-07-08T19:16:55.445+0000] {spark_submit.py:644} INFO - 25/07/08 19:16:55 INFO BlockManagerInfo: Removed broadcast_7_piece0 on 3748f1b8240a:35395 in memory (size: 4.7 KiB, free: 434.3 MiB)
[2025-07-08T19:16:55.448+0000] {spark_submit.py:644} INFO - 25/07/08 19:16:55 INFO BlockManagerInfo: Removed broadcast_7_piece0 on 172.19.0.8:43059 in memory (size: 4.7 KiB, free: 434.3 MiB)
[2025-07-08T19:16:55.457+0000] {spark_submit.py:644} INFO - 25/07/08 19:16:55 INFO BlockManagerInfo: Removed broadcast_12_piece0 on 3748f1b8240a:35395 in memory (size: 19.1 KiB, free: 434.4 MiB)
[2025-07-08T19:16:55.460+0000] {spark_submit.py:644} INFO - 25/07/08 19:16:55 INFO BlockManagerInfo: Removed broadcast_12_piece0 on 172.19.0.8:43059 in memory (size: 19.1 KiB, free: 434.4 MiB)
[2025-07-08T19:16:55.473+0000] {spark_submit.py:644} INFO - 25/07/08 19:16:55 INFO InMemoryFileIndex: It took 11 ms to list leaf files for 1 paths.
[2025-07-08T19:16:55.752+0000] {spark_submit.py:644} INFO - 25/07/08 19:16:55 INFO FileSourceStrategy: Pushed Filters:
[2025-07-08T19:16:55.752+0000] {spark_submit.py:644} INFO - 25/07/08 19:16:55 INFO FileSourceStrategy: Post-Scan Filters:
[2025-07-08T19:16:55.781+0000] {spark_submit.py:644} INFO - 25/07/08 19:16:55 INFO MemoryStore: Block broadcast_14 stored as values in memory (estimated size 203.5 KiB, free 433.9 MiB)
[2025-07-08T19:16:55.794+0000] {spark_submit.py:644} INFO - 25/07/08 19:16:55 INFO MemoryStore: Block broadcast_14_piece0 stored as bytes in memory (estimated size 35.7 KiB, free 433.9 MiB)
[2025-07-08T19:16:55.795+0000] {spark_submit.py:644} INFO - 25/07/08 19:16:55 INFO BlockManagerInfo: Added broadcast_14_piece0 in memory on 3748f1b8240a:35395 (size: 35.7 KiB, free: 434.3 MiB)
[2025-07-08T19:16:55.796+0000] {spark_submit.py:644} INFO - 25/07/08 19:16:55 INFO SparkContext: Created broadcast 14 from count at NativeMethodAccessorImpl.java:0
[2025-07-08T19:16:55.797+0000] {spark_submit.py:644} INFO - 25/07/08 19:16:55 INFO FileSourceScanExec: Planning scan with bin packing, max size: 4194304 bytes, open cost is considered as scanning 4194304 bytes.
[2025-07-08T19:16:55.871+0000] {spark_submit.py:644} INFO - 25/07/08 19:16:55 INFO DAGScheduler: Registering RDD 52 (count at NativeMethodAccessorImpl.java:0) as input to shuffle 3
[2025-07-08T19:16:55.931+0000] {spark_submit.py:644} INFO - 25/07/08 19:16:55 INFO DAGScheduler: Got map stage job 9 (count at NativeMethodAccessorImpl.java:0) with 1 output partitions
[2025-07-08T19:16:55.933+0000] {spark_submit.py:644} INFO - 25/07/08 19:16:55 INFO DAGScheduler: Final stage: ShuffleMapStage 12 (count at NativeMethodAccessorImpl.java:0)
[2025-07-08T19:16:55.936+0000] {spark_submit.py:644} INFO - 25/07/08 19:16:55 INFO DAGScheduler: Parents of final stage: List()
[2025-07-08T19:16:55.938+0000] {spark_submit.py:644} INFO - 25/07/08 19:16:55 INFO DAGScheduler: Missing parents: List()
[2025-07-08T19:16:55.940+0000] {spark_submit.py:644} INFO - 25/07/08 19:16:55 INFO DAGScheduler: Submitting ShuffleMapStage 12 (MapPartitionsRDD[52] at count at NativeMethodAccessorImpl.java:0), which has no missing parents
[2025-07-08T19:16:55.943+0000] {spark_submit.py:644} INFO - 25/07/08 19:16:55 INFO MemoryStore: Block broadcast_15 stored as values in memory (estimated size 41.0 KiB, free 433.9 MiB)
[2025-07-08T19:16:55.946+0000] {spark_submit.py:644} INFO - 25/07/08 19:16:55 INFO MemoryStore: Block broadcast_15_piece0 stored as bytes in memory (estimated size 19.1 KiB, free 433.9 MiB)
[2025-07-08T19:16:55.948+0000] {spark_submit.py:644} INFO - 25/07/08 19:16:55 INFO BlockManagerInfo: Added broadcast_15_piece0 in memory on 3748f1b8240a:35395 (size: 19.1 KiB, free: 434.3 MiB)
[2025-07-08T19:16:55.950+0000] {spark_submit.py:644} INFO - 25/07/08 19:16:55 INFO SparkContext: Created broadcast 15 from broadcast at DAGScheduler.scala:1585
[2025-07-08T19:16:55.953+0000] {spark_submit.py:644} INFO - 25/07/08 19:16:55 INFO DAGScheduler: Submitting 1 missing tasks from ShuffleMapStage 12 (MapPartitionsRDD[52] at count at NativeMethodAccessorImpl.java:0) (first 15 tasks are for partitions Vector(0))
[2025-07-08T19:16:55.955+0000] {spark_submit.py:644} INFO - 25/07/08 19:16:55 INFO TaskSchedulerImpl: Adding task set 12.0 with 1 tasks resource profile 0
[2025-07-08T19:16:55.957+0000] {spark_submit.py:644} INFO - 25/07/08 19:16:55 INFO TaskSetManager: Starting task 0.0 in stage 12.0 (TID 12) (172.19.0.8, executor 0, partition 0, PROCESS_LOCAL, 10191 bytes)
[2025-07-08T19:16:56.058+0000] {spark_submit.py:644} INFO - 25/07/08 19:16:56 INFO BlockManagerInfo: Added broadcast_15_piece0 in memory on 172.19.0.8:43059 (size: 19.1 KiB, free: 434.3 MiB)
[2025-07-08T19:16:56.142+0000] {spark_submit.py:644} INFO - 25/07/08 19:16:56 INFO BlockManagerInfo: Added broadcast_14_piece0 in memory on 172.19.0.8:43059 (size: 35.7 KiB, free: 434.3 MiB)
[2025-07-08T19:16:56.238+0000] {spark_submit.py:644} INFO - 25/07/08 19:16:56 INFO BlockManagerInfo: Removed broadcast_13_piece0 on 3748f1b8240a:35395 in memory (size: 5.9 KiB, free: 434.3 MiB)
[2025-07-08T19:16:56.248+0000] {spark_submit.py:644} INFO - 25/07/08 19:16:56 INFO BlockManagerInfo: Removed broadcast_13_piece0 on 172.19.0.8:43059 in memory (size: 5.9 KiB, free: 434.3 MiB)
[2025-07-08T19:16:56.332+0000] {spark_submit.py:644} INFO - 25/07/08 19:16:56 INFO BlockManagerInfo: Removed broadcast_11_piece0 on 3748f1b8240a:35395 in memory (size: 35.7 KiB, free: 434.3 MiB)
[2025-07-08T19:16:56.336+0000] {spark_submit.py:644} INFO - 25/07/08 19:16:56 INFO BlockManagerInfo: Removed broadcast_11_piece0 on 172.19.0.8:43059 in memory (size: 35.7 KiB, free: 434.3 MiB)
[2025-07-08T19:16:56.457+0000] {spark_submit.py:644} INFO - 25/07/08 19:16:56 INFO TaskSetManager: Finished task 0.0 in stage 12.0 (TID 12) in 500 ms on 172.19.0.8 (executor 0) (1/1)
[2025-07-08T19:16:56.460+0000] {spark_submit.py:644} INFO - 25/07/08 19:16:56 INFO TaskSchedulerImpl: Removed TaskSet 12.0, whose tasks have all completed, from pool
[2025-07-08T19:16:56.463+0000] {spark_submit.py:644} INFO - 25/07/08 19:16:56 INFO DAGScheduler: ShuffleMapStage 12 (count at NativeMethodAccessorImpl.java:0) finished in 0.530 s
[2025-07-08T19:16:56.466+0000] {spark_submit.py:644} INFO - 25/07/08 19:16:56 INFO DAGScheduler: looking for newly runnable stages
[2025-07-08T19:16:56.468+0000] {spark_submit.py:644} INFO - 25/07/08 19:16:56 INFO DAGScheduler: running: Set()
[2025-07-08T19:16:56.471+0000] {spark_submit.py:644} INFO - 25/07/08 19:16:56 INFO DAGScheduler: waiting: Set()
[2025-07-08T19:16:56.473+0000] {spark_submit.py:644} INFO - 25/07/08 19:16:56 INFO DAGScheduler: failed: Set()
[2025-07-08T19:16:56.560+0000] {spark_submit.py:644} INFO - 25/07/08 19:16:56 INFO SparkContext: Starting job: count at NativeMethodAccessorImpl.java:0
[2025-07-08T19:16:56.562+0000] {spark_submit.py:644} INFO - 25/07/08 19:16:56 INFO DAGScheduler: Got job 10 (count at NativeMethodAccessorImpl.java:0) with 1 output partitions
[2025-07-08T19:16:56.563+0000] {spark_submit.py:644} INFO - 25/07/08 19:16:56 INFO DAGScheduler: Final stage: ResultStage 14 (count at NativeMethodAccessorImpl.java:0)
[2025-07-08T19:16:56.564+0000] {spark_submit.py:644} INFO - 25/07/08 19:16:56 INFO DAGScheduler: Parents of final stage: List(ShuffleMapStage 13)
[2025-07-08T19:16:56.564+0000] {spark_submit.py:644} INFO - 25/07/08 19:16:56 INFO DAGScheduler: Missing parents: List()
[2025-07-08T19:16:56.565+0000] {spark_submit.py:644} INFO - 25/07/08 19:16:56 INFO DAGScheduler: Submitting ResultStage 14 (MapPartitionsRDD[55] at count at NativeMethodAccessorImpl.java:0), which has no missing parents
[2025-07-08T19:16:56.565+0000] {spark_submit.py:644} INFO - 25/07/08 19:16:56 INFO MemoryStore: Block broadcast_16 stored as values in memory (estimated size 12.5 KiB, free 434.1 MiB)
[2025-07-08T19:16:56.571+0000] {spark_submit.py:644} INFO - 25/07/08 19:16:56 INFO MemoryStore: Block broadcast_16_piece0 stored as bytes in memory (estimated size 5.9 KiB, free 434.1 MiB)
[2025-07-08T19:16:56.572+0000] {spark_submit.py:644} INFO - 25/07/08 19:16:56 INFO BlockManagerInfo: Added broadcast_16_piece0 in memory on 3748f1b8240a:35395 (size: 5.9 KiB, free: 434.3 MiB)
[2025-07-08T19:16:56.573+0000] {spark_submit.py:644} INFO - 25/07/08 19:16:56 INFO BlockManagerInfo: Removed broadcast_15_piece0 on 3748f1b8240a:35395 in memory (size: 19.1 KiB, free: 434.4 MiB)
[2025-07-08T19:16:56.574+0000] {spark_submit.py:644} INFO - 25/07/08 19:16:56 INFO SparkContext: Created broadcast 16 from broadcast at DAGScheduler.scala:1585
[2025-07-08T19:16:56.575+0000] {spark_submit.py:644} INFO - 25/07/08 19:16:56 INFO DAGScheduler: Submitting 1 missing tasks from ResultStage 14 (MapPartitionsRDD[55] at count at NativeMethodAccessorImpl.java:0) (first 15 tasks are for partitions Vector(0))
[2025-07-08T19:16:56.576+0000] {spark_submit.py:644} INFO - 25/07/08 19:16:56 INFO TaskSchedulerImpl: Adding task set 14.0 with 1 tasks resource profile 0
[2025-07-08T19:16:56.576+0000] {spark_submit.py:644} INFO - 25/07/08 19:16:56 INFO TaskSetManager: Starting task 0.0 in stage 14.0 (TID 13) (172.19.0.8, executor 0, partition 0, NODE_LOCAL, 9518 bytes)
[2025-07-08T19:16:56.577+0000] {spark_submit.py:644} INFO - 25/07/08 19:16:56 INFO BlockManagerInfo: Removed broadcast_15_piece0 on 172.19.0.8:43059 in memory (size: 19.1 KiB, free: 434.4 MiB)
[2025-07-08T19:16:56.591+0000] {spark_submit.py:644} INFO - 25/07/08 19:16:56 INFO BlockManagerInfo: Added broadcast_16_piece0 in memory on 172.19.0.8:43059 (size: 5.9 KiB, free: 434.4 MiB)
[2025-07-08T19:16:56.632+0000] {spark_submit.py:644} INFO - 25/07/08 19:16:56 INFO MapOutputTrackerMasterEndpoint: Asked to send map output locations for shuffle 3 to 172.19.0.8:45476
[2025-07-08T19:16:56.647+0000] {spark_submit.py:644} INFO - 25/07/08 19:16:56 INFO TaskSetManager: Finished task 0.0 in stage 14.0 (TID 13) in 72 ms on 172.19.0.8 (executor 0) (1/1)
[2025-07-08T19:16:56.648+0000] {spark_submit.py:644} INFO - 25/07/08 19:16:56 INFO TaskSchedulerImpl: Removed TaskSet 14.0, whose tasks have all completed, from pool
[2025-07-08T19:16:56.649+0000] {spark_submit.py:644} INFO - 25/07/08 19:16:56 INFO DAGScheduler: ResultStage 14 (count at NativeMethodAccessorImpl.java:0) finished in 0.084 s
[2025-07-08T19:16:56.649+0000] {spark_submit.py:644} INFO - 25/07/08 19:16:56 INFO DAGScheduler: Job 10 is finished. Cancelling potential speculative or zombie tasks for this job
[2025-07-08T19:16:56.650+0000] {spark_submit.py:644} INFO - 25/07/08 19:16:56 INFO TaskSchedulerImpl: Killing all running tasks in stage 14: Stage finished
[2025-07-08T19:16:56.651+0000] {spark_submit.py:644} INFO - 25/07/08 19:16:56 INFO DAGScheduler: Job 10 finished: count at NativeMethodAccessorImpl.java:0, took 0.088988 s
[2025-07-08T19:16:56.652+0000] {spark_submit.py:644} INFO - [PROCESS EXERCISES] ⚠️ Nenhum registro extraído do arquivo Protobuf: s3a://bronze/exercises/CA-LESTE-construtiva-4DE-2025-07-08/simulations/172.19.0.14_2025-07-08/18-25.56/session-proto_1.pb
[2025-07-08T19:16:56.653+0000] {spark_submit.py:644} INFO - [PROCESS EXERCISES] ℹ️ Processando arquivo Protobuf: s3a://bronze/exercises/CA-LESTE-construtiva-4DE-2025-07-08/simulations/172.19.0.14_2025-07-08/18-25.56/session-proto_2.pb
[2025-07-08T19:16:56.683+0000] {spark_submit.py:644} INFO - 25/07/08 19:16:56 INFO InMemoryFileIndex: It took 9 ms to list leaf files for 1 paths.
[2025-07-08T19:16:56.886+0000] {spark_submit.py:644} INFO - 25/07/08 19:16:56 INFO FileSourceStrategy: Pushed Filters:
[2025-07-08T19:16:56.886+0000] {spark_submit.py:644} INFO - 25/07/08 19:16:56 INFO FileSourceStrategy: Post-Scan Filters:
[2025-07-08T19:16:56.934+0000] {spark_submit.py:644} INFO - 25/07/08 19:16:56 INFO MemoryStore: Block broadcast_17 stored as values in memory (estimated size 203.5 KiB, free 433.9 MiB)
[2025-07-08T19:16:56.945+0000] {spark_submit.py:644} INFO - 25/07/08 19:16:56 INFO BlockManagerInfo: Removed broadcast_16_piece0 on 3748f1b8240a:35395 in memory (size: 5.9 KiB, free: 434.4 MiB)
[2025-07-08T19:16:56.948+0000] {spark_submit.py:644} INFO - 25/07/08 19:16:56 INFO BlockManagerInfo: Removed broadcast_16_piece0 on 172.19.0.8:43059 in memory (size: 5.9 KiB, free: 434.4 MiB)
[2025-07-08T19:16:56.951+0000] {spark_submit.py:644} INFO - 25/07/08 19:16:56 INFO MemoryStore: Block broadcast_17_piece0 stored as bytes in memory (estimated size 35.7 KiB, free 433.9 MiB)
[2025-07-08T19:16:56.951+0000] {spark_submit.py:644} INFO - 25/07/08 19:16:56 INFO BlockManagerInfo: Added broadcast_17_piece0 in memory on 3748f1b8240a:35395 (size: 35.7 KiB, free: 434.3 MiB)
[2025-07-08T19:16:56.952+0000] {spark_submit.py:644} INFO - 25/07/08 19:16:56 INFO SparkContext: Created broadcast 17 from count at NativeMethodAccessorImpl.java:0
[2025-07-08T19:16:56.954+0000] {spark_submit.py:644} INFO - 25/07/08 19:16:56 INFO FileSourceScanExec: Planning scan with bin packing, max size: 4194304 bytes, open cost is considered as scanning 4194304 bytes.
[2025-07-08T19:16:56.957+0000] {spark_submit.py:644} INFO - 25/07/08 19:16:56 INFO BlockManagerInfo: Removed broadcast_14_piece0 on 3748f1b8240a:35395 in memory (size: 35.7 KiB, free: 434.4 MiB)
[2025-07-08T19:16:56.958+0000] {spark_submit.py:644} INFO - 25/07/08 19:16:56 INFO BlockManagerInfo: Removed broadcast_14_piece0 on 172.19.0.8:43059 in memory (size: 35.7 KiB, free: 434.4 MiB)
[2025-07-08T19:16:56.969+0000] {spark_submit.py:644} INFO - 25/07/08 19:16:56 INFO DAGScheduler: Registering RDD 64 (count at NativeMethodAccessorImpl.java:0) as input to shuffle 4
[2025-07-08T19:16:56.970+0000] {spark_submit.py:644} INFO - 25/07/08 19:16:56 INFO DAGScheduler: Got map stage job 11 (count at NativeMethodAccessorImpl.java:0) with 1 output partitions
[2025-07-08T19:16:56.971+0000] {spark_submit.py:644} INFO - 25/07/08 19:16:56 INFO DAGScheduler: Final stage: ShuffleMapStage 15 (count at NativeMethodAccessorImpl.java:0)
[2025-07-08T19:16:56.972+0000] {spark_submit.py:644} INFO - 25/07/08 19:16:56 INFO DAGScheduler: Parents of final stage: List()
[2025-07-08T19:16:56.972+0000] {spark_submit.py:644} INFO - 25/07/08 19:16:56 INFO DAGScheduler: Missing parents: List()
[2025-07-08T19:16:56.973+0000] {spark_submit.py:644} INFO - 25/07/08 19:16:56 INFO DAGScheduler: Submitting ShuffleMapStage 15 (MapPartitionsRDD[64] at count at NativeMethodAccessorImpl.java:0), which has no missing parents
[2025-07-08T19:16:56.973+0000] {spark_submit.py:644} INFO - 25/07/08 19:16:56 INFO MemoryStore: Block broadcast_18 stored as values in memory (estimated size 41.0 KiB, free 434.1 MiB)
[2025-07-08T19:16:56.975+0000] {spark_submit.py:644} INFO - 25/07/08 19:16:56 INFO MemoryStore: Block broadcast_18_piece0 stored as bytes in memory (estimated size 19.1 KiB, free 434.1 MiB)
[2025-07-08T19:16:56.976+0000] {spark_submit.py:644} INFO - 25/07/08 19:16:56 INFO BlockManagerInfo: Added broadcast_18_piece0 in memory on 3748f1b8240a:35395 (size: 19.1 KiB, free: 434.3 MiB)
[2025-07-08T19:16:56.976+0000] {spark_submit.py:644} INFO - 25/07/08 19:16:56 INFO SparkContext: Created broadcast 18 from broadcast at DAGScheduler.scala:1585
[2025-07-08T19:16:56.977+0000] {spark_submit.py:644} INFO - 25/07/08 19:16:56 INFO DAGScheduler: Submitting 1 missing tasks from ShuffleMapStage 15 (MapPartitionsRDD[64] at count at NativeMethodAccessorImpl.java:0) (first 15 tasks are for partitions Vector(0))
[2025-07-08T19:16:56.978+0000] {spark_submit.py:644} INFO - 25/07/08 19:16:56 INFO TaskSchedulerImpl: Adding task set 15.0 with 1 tasks resource profile 0
[2025-07-08T19:16:57.031+0000] {spark_submit.py:644} INFO - 25/07/08 19:16:56 INFO TaskSetManager: Starting task 0.0 in stage 15.0 (TID 14) (172.19.0.8, executor 0, partition 0, PROCESS_LOCAL, 10191 bytes)
[2025-07-08T19:16:57.037+0000] {spark_submit.py:644} INFO - 25/07/08 19:16:57 INFO BlockManagerInfo: Added broadcast_18_piece0 in memory on 172.19.0.8:43059 (size: 19.1 KiB, free: 434.4 MiB)
[2025-07-08T19:16:57.057+0000] {spark_submit.py:644} INFO - 25/07/08 19:16:57 INFO BlockManagerInfo: Added broadcast_17_piece0 in memory on 172.19.0.8:43059 (size: 35.7 KiB, free: 434.3 MiB)
[2025-07-08T19:16:57.566+0000] {spark_submit.py:644} INFO - 25/07/08 19:16:57 INFO TaskSetManager: Finished task 0.0 in stage 15.0 (TID 14) in 588 ms on 172.19.0.8 (executor 0) (1/1)
[2025-07-08T19:16:57.568+0000] {spark_submit.py:644} INFO - 25/07/08 19:16:57 INFO TaskSchedulerImpl: Removed TaskSet 15.0, whose tasks have all completed, from pool
[2025-07-08T19:16:57.571+0000] {spark_submit.py:644} INFO - 25/07/08 19:16:57 INFO DAGScheduler: ShuffleMapStage 15 (count at NativeMethodAccessorImpl.java:0) finished in 0.599 s
[2025-07-08T19:16:57.572+0000] {spark_submit.py:644} INFO - 25/07/08 19:16:57 INFO DAGScheduler: looking for newly runnable stages
[2025-07-08T19:16:57.573+0000] {spark_submit.py:644} INFO - 25/07/08 19:16:57 INFO DAGScheduler: running: Set()
[2025-07-08T19:16:57.574+0000] {spark_submit.py:644} INFO - 25/07/08 19:16:57 INFO DAGScheduler: waiting: Set()
[2025-07-08T19:16:57.575+0000] {spark_submit.py:644} INFO - 25/07/08 19:16:57 INFO DAGScheduler: failed: Set()
[2025-07-08T19:16:57.604+0000] {spark_submit.py:644} INFO - 25/07/08 19:16:57 INFO SparkContext: Starting job: count at NativeMethodAccessorImpl.java:0
[2025-07-08T19:16:57.605+0000] {spark_submit.py:644} INFO - 25/07/08 19:16:57 INFO DAGScheduler: Got job 12 (count at NativeMethodAccessorImpl.java:0) with 1 output partitions
[2025-07-08T19:16:57.606+0000] {spark_submit.py:644} INFO - 25/07/08 19:16:57 INFO DAGScheduler: Final stage: ResultStage 17 (count at NativeMethodAccessorImpl.java:0)
[2025-07-08T19:16:57.606+0000] {spark_submit.py:644} INFO - 25/07/08 19:16:57 INFO DAGScheduler: Parents of final stage: List(ShuffleMapStage 16)
[2025-07-08T19:16:57.607+0000] {spark_submit.py:644} INFO - 25/07/08 19:16:57 INFO DAGScheduler: Missing parents: List()
[2025-07-08T19:16:57.608+0000] {spark_submit.py:644} INFO - 25/07/08 19:16:57 INFO DAGScheduler: Submitting ResultStage 17 (MapPartitionsRDD[67] at count at NativeMethodAccessorImpl.java:0), which has no missing parents
[2025-07-08T19:16:57.608+0000] {spark_submit.py:644} INFO - 25/07/08 19:16:57 INFO MemoryStore: Block broadcast_19 stored as values in memory (estimated size 12.5 KiB, free 434.1 MiB)
[2025-07-08T19:16:57.615+0000] {spark_submit.py:644} INFO - 25/07/08 19:16:57 INFO MemoryStore: Block broadcast_19_piece0 stored as bytes in memory (estimated size 5.9 KiB, free 434.1 MiB)
[2025-07-08T19:16:57.616+0000] {spark_submit.py:644} INFO - 25/07/08 19:16:57 INFO BlockManagerInfo: Removed broadcast_18_piece0 on 3748f1b8240a:35395 in memory (size: 19.1 KiB, free: 434.4 MiB)
[2025-07-08T19:16:57.617+0000] {spark_submit.py:644} INFO - 25/07/08 19:16:57 INFO BlockManagerInfo: Added broadcast_19_piece0 in memory on 3748f1b8240a:35395 (size: 5.9 KiB, free: 434.4 MiB)
[2025-07-08T19:16:57.618+0000] {spark_submit.py:644} INFO - 25/07/08 19:16:57 INFO SparkContext: Created broadcast 19 from broadcast at DAGScheduler.scala:1585
[2025-07-08T19:16:57.619+0000] {spark_submit.py:644} INFO - 25/07/08 19:16:57 INFO DAGScheduler: Submitting 1 missing tasks from ResultStage 17 (MapPartitionsRDD[67] at count at NativeMethodAccessorImpl.java:0) (first 15 tasks are for partitions Vector(0))
[2025-07-08T19:16:57.620+0000] {spark_submit.py:644} INFO - 25/07/08 19:16:57 INFO TaskSchedulerImpl: Adding task set 17.0 with 1 tasks resource profile 0
[2025-07-08T19:16:57.620+0000] {spark_submit.py:644} INFO - 25/07/08 19:16:57 INFO TaskSetManager: Starting task 0.0 in stage 17.0 (TID 15) (172.19.0.8, executor 0, partition 0, NODE_LOCAL, 9518 bytes)
[2025-07-08T19:16:57.635+0000] {spark_submit.py:644} INFO - 25/07/08 19:16:57 INFO BlockManagerInfo: Removed broadcast_18_piece0 on 172.19.0.8:43059 in memory (size: 19.1 KiB, free: 434.4 MiB)
[2025-07-08T19:16:57.674+0000] {spark_submit.py:644} INFO - 25/07/08 19:16:57 INFO BlockManagerInfo: Added broadcast_19_piece0 in memory on 172.19.0.8:43059 (size: 5.9 KiB, free: 434.4 MiB)
[2025-07-08T19:16:57.744+0000] {spark_submit.py:644} INFO - 25/07/08 19:16:57 INFO MapOutputTrackerMasterEndpoint: Asked to send map output locations for shuffle 4 to 172.19.0.8:45476
[2025-07-08T19:16:57.758+0000] {spark_submit.py:644} INFO - 25/07/08 19:16:57 INFO TaskSetManager: Finished task 0.0 in stage 17.0 (TID 15) in 139 ms on 172.19.0.8 (executor 0) (1/1)
[2025-07-08T19:16:57.759+0000] {spark_submit.py:644} INFO - 25/07/08 19:16:57 INFO TaskSchedulerImpl: Removed TaskSet 17.0, whose tasks have all completed, from pool
[2025-07-08T19:16:57.760+0000] {spark_submit.py:644} INFO - 25/07/08 19:16:57 INFO DAGScheduler: ResultStage 17 (count at NativeMethodAccessorImpl.java:0) finished in 0.152 s
[2025-07-08T19:16:57.761+0000] {spark_submit.py:644} INFO - 25/07/08 19:16:57 INFO DAGScheduler: Job 12 is finished. Cancelling potential speculative or zombie tasks for this job
[2025-07-08T19:16:57.761+0000] {spark_submit.py:644} INFO - 25/07/08 19:16:57 INFO TaskSchedulerImpl: Killing all running tasks in stage 17: Stage finished
[2025-07-08T19:16:57.762+0000] {spark_submit.py:644} INFO - 25/07/08 19:16:57 INFO DAGScheduler: Job 12 finished: count at NativeMethodAccessorImpl.java:0, took 0.156538 s
[2025-07-08T19:16:57.763+0000] {spark_submit.py:644} INFO - [PROCESS EXERCISES] ⚠️ Nenhum registro extraído do arquivo Protobuf: s3a://bronze/exercises/CA-LESTE-construtiva-4DE-2025-07-08/simulations/172.19.0.14_2025-07-08/18-25.56/session-proto_2.pb
[2025-07-08T19:16:57.764+0000] {spark_submit.py:644} INFO - [PROCESS EXERCISES] ⚠️ Nenhum registro de simulação foi processado
[2025-07-08T19:16:57.765+0000] {spark_submit.py:644} INFO - [PROCESS EXERCISES] ℹ️ Tipo de mensagem de simulação: PROTO
[2025-07-08T19:16:57.766+0000] {spark_submit.py:644} INFO - [PROCESS EXERCISES] ⚠️ Nenhuma simulação processada
[2025-07-08T19:16:57.766+0000] {spark_submit.py:644} INFO - [PROCESS EXERCISES] ✅ ✨ Processamento concluído com sucesso!
[2025-07-08T19:16:57.767+0000] {spark_submit.py:644} INFO - [PROCESS EXERCISES] 🔄 Finalizando sessão Spark
[2025-07-08T19:16:57.768+0000] {spark_submit.py:644} INFO - 25/07/08 19:16:57 INFO SparkContext: SparkContext is stopping with exitCode 0.
[2025-07-08T19:16:57.774+0000] {spark_submit.py:644} INFO - 25/07/08 19:16:57 INFO SparkUI: Stopped Spark web UI at http://3748f1b8240a:4040
[2025-07-08T19:16:57.778+0000] {spark_submit.py:644} INFO - 25/07/08 19:16:57 INFO StandaloneSchedulerBackend: Shutting down all executors
[2025-07-08T19:16:57.779+0000] {spark_submit.py:644} INFO - 25/07/08 19:16:57 INFO StandaloneSchedulerBackend$StandaloneDriverEndpoint: Asking each executor to shut down
[2025-07-08T19:16:57.797+0000] {spark_submit.py:644} INFO - 25/07/08 19:16:57 INFO MapOutputTrackerMasterEndpoint: MapOutputTrackerMasterEndpoint stopped!
[2025-07-08T19:16:57.871+0000] {spark_submit.py:644} INFO - 25/07/08 19:16:57 INFO MemoryStore: MemoryStore cleared
[2025-07-08T19:16:57.873+0000] {spark_submit.py:644} INFO - 25/07/08 19:16:57 INFO BlockManager: BlockManager stopped
[2025-07-08T19:16:57.884+0000] {spark_submit.py:644} INFO - 25/07/08 19:16:57 INFO BlockManagerMaster: BlockManagerMaster stopped
[2025-07-08T19:16:57.893+0000] {spark_submit.py:644} INFO - 25/07/08 19:16:57 INFO OutputCommitCoordinator$OutputCommitCoordinatorEndpoint: OutputCommitCoordinator stopped!
[2025-07-08T19:16:58.038+0000] {spark_submit.py:644} INFO - 25/07/08 19:16:58 INFO SparkContext: Successfully stopped SparkContext
[2025-07-08T19:16:58.572+0000] {spark_submit.py:644} INFO - [PROCESS EXERCISES] ✅ Sessão Spark finalizada com sucesso
[2025-07-08T19:16:58.675+0000] {spark_submit.py:644} INFO - 25/07/08 19:16:58 INFO ShutdownHookManager: Shutdown hook called
[2025-07-08T19:16:58.676+0000] {spark_submit.py:644} INFO - 25/07/08 19:16:58 INFO ShutdownHookManager: Deleting directory /tmp/spark-ada8e03d-f646-4981-9eb9-0a59fad60320
[2025-07-08T19:16:58.681+0000] {spark_submit.py:644} INFO - 25/07/08 19:16:58 INFO ShutdownHookManager: Deleting directory /tmp/spark-55adf897-de8c-424d-8197-70a03f9540dc
[2025-07-08T19:16:58.686+0000] {spark_submit.py:644} INFO - 25/07/08 19:16:58 INFO ShutdownHookManager: Deleting directory /tmp/spark-55adf897-de8c-424d-8197-70a03f9540dc/pyspark-8bf5a241-3a5e-4386-9510-a0c17f43efad
[2025-07-08T19:16:58.695+0000] {spark_submit.py:644} INFO - 25/07/08 19:16:58 INFO MetricsSystemImpl: Stopping s3a-file-system metrics system...
[2025-07-08T19:16:58.696+0000] {spark_submit.py:644} INFO - 25/07/08 19:16:58 INFO MetricsSystemImpl: s3a-file-system metrics system stopped.
[2025-07-08T19:16:58.696+0000] {spark_submit.py:644} INFO - 25/07/08 19:16:58 INFO MetricsSystemImpl: s3a-file-system metrics system shutdown complete.
[2025-07-08T19:16:59.114+0000] {taskinstance.py:349} INFO - ::group::Post task execution logs
[2025-07-08T19:16:59.115+0000] {taskinstance.py:361} INFO - Marking task as SUCCESS. dag_id=process_exercises, task_id=process_exercises, run_id=manual__2025-07-08T19:16:10.058645+00:00, execution_date=20250708T191610, start_date=20250708T191615, end_date=20250708T191659
[2025-07-08T19:16:59.279+0000] {local_task_job_runner.py:266} INFO - Task exited with return code 0
[2025-07-08T19:16:59.322+0000] {taskinstance.py:3924} INFO - 1 downstream tasks scheduled from follow-on schedule check
[2025-07-08T19:16:59.362+0000] {local_task_job_runner.py:245} INFO - ::endgroup::
