[2025-07-08T17:31:49.338+0000] {local_task_job_runner.py:123} INFO - ::group::Pre task execution logs
[2025-07-08T17:31:49.377+0000] {taskinstance.py:2631} INFO - Dependencies all met for dep_context=non-requeueable deps ti=<TaskInstance: process_exercises.process_exercises manual__2025-07-08T17:31:44.317375+00:00 [queued]>
[2025-07-08T17:31:49.389+0000] {taskinstance.py:2631} INFO - Dependencies all met for dep_context=requeueable deps ti=<TaskInstance: process_exercises.process_exercises manual__2025-07-08T17:31:44.317375+00:00 [queued]>
[2025-07-08T17:31:49.390+0000] {taskinstance.py:2884} INFO - Starting attempt 1 of 1
[2025-07-08T17:31:49.775+0000] {taskinstance.py:2907} INFO - Executing <Task(SparkSubmitOperator): process_exercises> on 2025-07-08 17:31:44.317375+00:00
[2025-07-08T17:31:49.787+0000] {standard_task_runner.py:104} INFO - Running: ['airflow', 'tasks', 'run', 'process_exercises', 'process_exercises', 'manual__2025-07-08T17:31:44.317375+00:00', '--job-id', '168', '--raw', '--subdir', 'DAGS_FOLDER/process_exercises.py', '--cfg-path', '/tmp/tmpjm5w033s']
[2025-07-08T17:31:49.797+0000] {logging_mixin.py:190} WARNING - /home/airflow/.local/lib/python3.12/site-packages/airflow/task/task_runner/standard_task_runner.py:70 DeprecationWarning: This process (pid=8549) is multi-threaded, use of fork() may lead to deadlocks in the child.
[2025-07-08T17:31:49.795+0000] {standard_task_runner.py:105} INFO - Job 168: Subtask process_exercises
[2025-07-08T17:31:49.798+0000] {standard_task_runner.py:72} INFO - Started process 8550 to run task
[2025-07-08T17:31:49.960+0000] {task_command.py:467} INFO - Running <TaskInstance: process_exercises.process_exercises manual__2025-07-08T17:31:44.317375+00:00 [running]> on host 3748f1b8240a
[2025-07-08T17:31:50.675+0000] {taskinstance.py:3157} INFO - Exporting env vars: AIRFLOW_CTX_DAG_OWNER='airflow' AIRFLOW_CTX_DAG_ID='process_exercises' AIRFLOW_CTX_TASK_ID='process_exercises' AIRFLOW_CTX_EXECUTION_DATE='2025-07-08T17:31:44.317375+00:00' AIRFLOW_CTX_TRY_NUMBER='1' AIRFLOW_CTX_DAG_RUN_ID='manual__2025-07-08T17:31:44.317375+00:00'
[2025-07-08T17:31:50.677+0000] {taskinstance.py:740} INFO - ::endgroup::
[2025-07-08T17:31:50.718+0000] {base.py:84} INFO - Retrieving connection 'spark-ebsim'
[2025-07-08T17:31:50.726+0000] {spark_submit.py:474} INFO - Spark-Submit cmd: spark-submit --master spark://spark-master:7077 --jars /opt/bitnami/spark/jars/iceberg-spark-runtime-3.5_2.12-1.8.1.jar,/opt/bitnami/spark/jars/nessie-spark-extensions-3.5_2.12-0.103.2.jar,/opt/bitnami/spark/jars/nessie-client-0.103.2.jar,/opt/bitnami/spark/jars/hadoop-aws-3.3.2.jar,/opt/bitnami/spark/jars/aws-java-sdk-bundle-1.12.262.jar, --name arrow-spark --deploy-mode client /opt/bitnami/spark/jobs/process_exercises_job.py {"id": "CA-LESTE-construtiva-1DE-2025-07-08", "manifest_entry": {"data": {"createdAt": "2025-07-08T17:30:54.656Z", "origin": "CA-LESTE", "path": "exercises/CA-LESTE-construtiva-1DE-2025-07-08"}, "id": "CA-LESTE-construtiva-1DE-2025-07-08"}, "metadata": {"createdAt": "2025-07-08T17:30:54.656Z", "description": "1DE", "documents": [{"description": "", "id": "1751995868917", "mimetype": "application/pdf", "name": "Op Jacui IV - Ordem de Operacoes.pdf", "path": "exercises/CA-LESTE-construtiva-1DE-2025-07-08/documents/Op Jacui IV - Ordem de Operacoes.pdf", "size": 336744, "uploadedAt": "2025-07-08T17:31:08.917Z"}], "endDate": "2025-07-10", "id": "CA-LESTE-construtiva-1DE-2025-07-08", "name": "Jogo de Guerra", "origin": "CA-LESTE", "simulationType": "construtiva", "simulations": [{"id": "172.19.0.14_2025-07-08", "movedAt": "2025-07-08T17:31:18.065Z", "name": "172.19.0.14_2025-07-08", "originalPath": "staging/172.19.0.14_2025-07-08", "path": "exercises/CA-LESTE-construtiva-1DE-2025-07-08/simulations/172.19.0.14_2025-07-08"}], "startDate": "2025-07-08", "trainedForce": "1 Divis\u00e3o de Ex\u00e9rcito", "updatedAt": "2025-07-08T17:31:18.065Z", "wikiUrl": ""}}
[2025-07-08T17:31:53.312+0000] {spark_submit.py:644} INFO - 25/07/08 17:31:53 WARN NativeCodeLoader: Unable to load native-hadoop library for your platform... using builtin-java classes where applicable
[2025-07-08T17:31:55.283+0000] {spark_submit.py:644} INFO - [PROCESS EXERCISES] ℹ️  Iniciando processamento de exercícios
[2025-07-08T17:31:55.284+0000] {spark_submit.py:644} INFO - [PROCESS EXERCISES] ℹ️  Exercício selecionado: CA-LESTE-construtiva-1DE-2025-07-08
[2025-07-08T17:31:55.284+0000] {spark_submit.py:644} INFO - [PROCESS EXERCISES] 🔄 Criando sessão Spark
[2025-07-08T17:31:55.821+0000] {spark_submit.py:644} INFO - 25/07/08 17:31:55 INFO SparkContext: Running Spark version 3.5.5
[2025-07-08T17:31:55.822+0000] {spark_submit.py:644} INFO - 25/07/08 17:31:55 INFO SparkContext: OS info Linux, 5.15.167.4-microsoft-standard-WSL2, amd64
[2025-07-08T17:31:55.822+0000] {spark_submit.py:644} INFO - 25/07/08 17:31:55 INFO SparkContext: Java version 17.0.15
[2025-07-08T17:31:55.845+0000] {spark_submit.py:644} INFO - 25/07/08 17:31:55 INFO ResourceUtils: ==============================================================
[2025-07-08T17:31:55.846+0000] {spark_submit.py:644} INFO - 25/07/08 17:31:55 INFO ResourceUtils: No custom resources configured for spark.driver.
[2025-07-08T17:31:55.846+0000] {spark_submit.py:644} INFO - 25/07/08 17:31:55 INFO ResourceUtils: ==============================================================
[2025-07-08T17:31:55.847+0000] {spark_submit.py:644} INFO - 25/07/08 17:31:55 INFO SparkContext: Submitted application: ProcessExercises
[2025-07-08T17:31:55.863+0000] {spark_submit.py:644} INFO - 25/07/08 17:31:55 INFO ResourceProfile: Default ResourceProfile created, executor resources: Map(memory -> name: memory, amount: 1024, script: , vendor: , offHeap -> name: offHeap, amount: 0, script: , vendor: ), task resources: Map(cpus -> name: cpus, amount: 1.0)
[2025-07-08T17:31:55.871+0000] {spark_submit.py:644} INFO - 25/07/08 17:31:55 INFO ResourceProfile: Limiting resource is cpu
[2025-07-08T17:31:55.871+0000] {spark_submit.py:644} INFO - 25/07/08 17:31:55 INFO ResourceProfileManager: Added ResourceProfile id: 0
[2025-07-08T17:31:55.919+0000] {spark_submit.py:644} INFO - 25/07/08 17:31:55 INFO SecurityManager: Changing view acls to: airflow
[2025-07-08T17:31:55.920+0000] {spark_submit.py:644} INFO - 25/07/08 17:31:55 INFO SecurityManager: Changing modify acls to: airflow
[2025-07-08T17:31:55.920+0000] {spark_submit.py:644} INFO - 25/07/08 17:31:55 INFO SecurityManager: Changing view acls groups to:
[2025-07-08T17:31:55.921+0000] {spark_submit.py:644} INFO - 25/07/08 17:31:55 INFO SecurityManager: Changing modify acls groups to:
[2025-07-08T17:31:55.921+0000] {spark_submit.py:644} INFO - 25/07/08 17:31:55 INFO SecurityManager: SecurityManager: authentication disabled; ui acls disabled; users with view permissions: airflow; groups with view permissions: EMPTY; users with modify permissions: airflow; groups with modify permissions: EMPTY
[2025-07-08T17:31:56.085+0000] {spark_submit.py:644} INFO - 25/07/08 17:31:56 INFO Utils: Successfully started service 'sparkDriver' on port 39139.
[2025-07-08T17:31:56.118+0000] {spark_submit.py:644} INFO - 25/07/08 17:31:56 INFO SparkEnv: Registering MapOutputTracker
[2025-07-08T17:31:56.147+0000] {spark_submit.py:644} INFO - 25/07/08 17:31:56 INFO SparkEnv: Registering BlockManagerMaster
[2025-07-08T17:31:56.161+0000] {spark_submit.py:644} INFO - 25/07/08 17:31:56 INFO BlockManagerMasterEndpoint: Using org.apache.spark.storage.DefaultTopologyMapper for getting topology information
[2025-07-08T17:31:56.162+0000] {spark_submit.py:644} INFO - 25/07/08 17:31:56 INFO BlockManagerMasterEndpoint: BlockManagerMasterEndpoint up
[2025-07-08T17:31:56.165+0000] {spark_submit.py:644} INFO - 25/07/08 17:31:56 INFO SparkEnv: Registering BlockManagerMasterHeartbeat
[2025-07-08T17:31:56.184+0000] {spark_submit.py:644} INFO - 25/07/08 17:31:56 INFO DiskBlockManager: Created local directory at /tmp/blockmgr-0bc674e3-1fc1-4ba6-b8e2-c1bf400609b0
[2025-07-08T17:31:56.195+0000] {spark_submit.py:644} INFO - 25/07/08 17:31:56 INFO MemoryStore: MemoryStore started with capacity 434.4 MiB
[2025-07-08T17:31:56.206+0000] {spark_submit.py:644} INFO - 25/07/08 17:31:56 INFO SparkEnv: Registering OutputCommitCoordinator
[2025-07-08T17:31:56.321+0000] {spark_submit.py:644} INFO - 25/07/08 17:31:56 INFO JettyUtils: Start Jetty 0.0.0.0:4040 for SparkUI
[2025-07-08T17:31:56.374+0000] {spark_submit.py:644} INFO - 25/07/08 17:31:56 INFO Utils: Successfully started service 'SparkUI' on port 4040.
[2025-07-08T17:31:56.441+0000] {spark_submit.py:644} INFO - 25/07/08 17:31:56 INFO SparkContext: Added JAR file:///opt/bitnami/spark/jars/iceberg-spark-runtime-3.5_2.12-1.8.1.jar at spark://3748f1b8240a:39139/jars/iceberg-spark-runtime-3.5_2.12-1.8.1.jar with timestamp 1751995915814
[2025-07-08T17:31:56.443+0000] {spark_submit.py:644} INFO - 25/07/08 17:31:56 INFO SparkContext: Added JAR file:///opt/bitnami/spark/jars/nessie-spark-extensions-3.5_2.12-0.103.2.jar at spark://3748f1b8240a:39139/jars/nessie-spark-extensions-3.5_2.12-0.103.2.jar with timestamp 1751995915814
[2025-07-08T17:31:56.444+0000] {spark_submit.py:644} INFO - 25/07/08 17:31:56 INFO SparkContext: Added JAR file:///opt/bitnami/spark/jars/nessie-client-0.103.2.jar at spark://3748f1b8240a:39139/jars/nessie-client-0.103.2.jar with timestamp 1751995915814
[2025-07-08T17:31:56.446+0000] {spark_submit.py:644} INFO - 25/07/08 17:31:56 INFO SparkContext: Added JAR file:///opt/bitnami/spark/jars/hadoop-aws-3.3.2.jar at spark://3748f1b8240a:39139/jars/hadoop-aws-3.3.2.jar with timestamp 1751995915814
[2025-07-08T17:31:56.448+0000] {spark_submit.py:644} INFO - 25/07/08 17:31:56 INFO SparkContext: Added JAR file:///opt/bitnami/spark/jars/aws-java-sdk-bundle-1.12.262.jar at spark://3748f1b8240a:39139/jars/aws-java-sdk-bundle-1.12.262.jar with timestamp 1751995915814
[2025-07-08T17:31:56.722+0000] {spark_submit.py:644} INFO - 25/07/08 17:31:56 INFO StandaloneAppClient$ClientEndpoint: Connecting to master spark://spark-master:7077...
[2025-07-08T17:31:56.862+0000] {spark_submit.py:644} INFO - 25/07/08 17:31:56 INFO TransportClientFactory: Successfully created connection to spark-master/172.19.0.2:7077 after 60 ms (0 ms spent in bootstraps)
[2025-07-08T17:31:57.067+0000] {spark_submit.py:644} INFO - 25/07/08 17:31:57 INFO StandaloneSchedulerBackend: Connected to Spark cluster with app ID app-20250708173157-0011
[2025-07-08T17:31:57.070+0000] {spark_submit.py:644} INFO - 25/07/08 17:31:57 INFO StandaloneAppClient$ClientEndpoint: Executor added: app-20250708173157-0011/0 on worker-20250708130010-172.19.0.8-33627 (172.19.0.8:33627) with 2 core(s)
[2025-07-08T17:31:57.073+0000] {spark_submit.py:644} INFO - 25/07/08 17:31:57 INFO StandaloneSchedulerBackend: Granted executor ID app-20250708173157-0011/0 on hostPort 172.19.0.8:33627 with 2 core(s), 1024.0 MiB RAM
[2025-07-08T17:31:57.076+0000] {spark_submit.py:644} INFO - 25/07/08 17:31:57 INFO Utils: Successfully started service 'org.apache.spark.network.netty.NettyBlockTransferService' on port 42289.
[2025-07-08T17:31:57.077+0000] {spark_submit.py:644} INFO - 25/07/08 17:31:57 INFO NettyBlockTransferService: Server created on 3748f1b8240a:42289
[2025-07-08T17:31:57.079+0000] {spark_submit.py:644} INFO - 25/07/08 17:31:57 INFO BlockManager: Using org.apache.spark.storage.RandomBlockReplicationPolicy for block replication policy
[2025-07-08T17:31:57.087+0000] {spark_submit.py:644} INFO - 25/07/08 17:31:57 INFO BlockManagerMaster: Registering BlockManager BlockManagerId(driver, 3748f1b8240a, 42289, None)
[2025-07-08T17:31:57.091+0000] {spark_submit.py:644} INFO - 25/07/08 17:31:57 INFO BlockManagerMasterEndpoint: Registering block manager 3748f1b8240a:42289 with 434.4 MiB RAM, BlockManagerId(driver, 3748f1b8240a, 42289, None)
[2025-07-08T17:31:57.094+0000] {spark_submit.py:644} INFO - 25/07/08 17:31:57 INFO BlockManagerMaster: Registered BlockManager BlockManagerId(driver, 3748f1b8240a, 42289, None)
[2025-07-08T17:31:57.096+0000] {spark_submit.py:644} INFO - 25/07/08 17:31:57 INFO BlockManager: Initialized BlockManager: BlockManagerId(driver, 3748f1b8240a, 42289, None)
[2025-07-08T17:31:57.182+0000] {spark_submit.py:644} INFO - 25/07/08 17:31:57 INFO StandaloneAppClient$ClientEndpoint: Executor updated: app-20250708173157-0011/0 is now RUNNING
[2025-07-08T17:31:57.354+0000] {spark_submit.py:644} INFO - 25/07/08 17:31:57 INFO StandaloneSchedulerBackend: SchedulerBackend is ready for scheduling beginning after reached minRegisteredResourcesRatio: 0.0
[2025-07-08T17:31:57.555+0000] {spark_submit.py:644} INFO - [PROCESS EXERCISES] ✅ Sessão Spark criada com sucesso
[2025-07-08T17:31:57.556+0000] {spark_submit.py:644} INFO - [PROCESS EXERCISES] ✅ Processador de exercícios inicializado
[2025-07-08T17:31:57.557+0000] {spark_submit.py:644} INFO - [PROCESS EXERCISES] 🔄 Criando namespace nessie.exercises
[2025-07-08T17:31:57.564+0000] {spark_submit.py:644} INFO - 25/07/08 17:31:57 INFO SharedState: Setting hive.metastore.warehouse.dir ('null') to the value of spark.sql.warehouse.dir.
[2025-07-08T17:31:57.566+0000] {spark_submit.py:644} INFO - 25/07/08 17:31:57 INFO SharedState: Warehouse path is 'file:/opt/airflow/spark-warehouse'.
[2025-07-08T17:32:00.375+0000] {spark_submit.py:644} INFO - 25/07/08 17:32:00 INFO CatalogUtil: Loading custom FileIO implementation: org.apache.iceberg.hadoop.HadoopFileIO
[2025-07-08T17:32:00.552+0000] {spark_submit.py:644} INFO - 25/07/08 17:32:00 INFO StandaloneSchedulerBackend$StandaloneDriverEndpoint: Registered executor NettyRpcEndpointRef(spark-client://Executor) (172.19.0.8:51216) with ID 0,  ResourceProfileId 0
[2025-07-08T17:32:00.665+0000] {spark_submit.py:644} INFO - 25/07/08 17:32:00 INFO BlockManagerMasterEndpoint: Registering block manager 172.19.0.8:45535 with 434.4 MiB RAM, BlockManagerId(0, 172.19.0.8, 45535, None)
[2025-07-08T17:32:02.014+0000] {spark_submit.py:644} INFO - [PROCESS EXERCISES] ✅ Namespace criado/verificado com sucesso
[2025-07-08T17:32:02.015+0000] {spark_submit.py:644} INFO - [PROCESS EXERCISES] 🔄 === FASE 1: PROCESSAMENTO DE DOCUMENTOS ===
[2025-07-08T17:32:02.016+0000] {spark_submit.py:644} INFO - [PROCESS EXERCISES] 🔄 Iniciando processamento de documentos PDF
[2025-07-08T17:32:02.016+0000] {spark_submit.py:644} INFO - [PROCESS EXERCISES] ℹ️  Encontrados 1 documentos
[2025-07-08T17:32:02.017+0000] {spark_submit.py:644} INFO - [PROCESS EXERCISES] 🔄 Processando documento: Op Jacui IV - Ordem de Operacoes.pdf
[2025-07-08T17:32:02.018+0000] {spark_submit.py:644} INFO - [PROCESS EXERCISES] ℹ️  Carregando PDF de: s3a://bronze/exercises/CA-LESTE-construtiva-1DE-2025-07-08/documents/Op Jacui IV - Ordem de Operacoes.pdf
[2025-07-08T17:32:02.331+0000] {spark_submit.py:644} INFO - 25/07/08 17:32:02 WARN MetricsConfig: Cannot locate configuration: tried hadoop-metrics2-s3a-file-system.properties,hadoop-metrics2.properties
[2025-07-08T17:32:02.348+0000] {spark_submit.py:644} INFO - 25/07/08 17:32:02 INFO MetricsSystemImpl: Scheduled Metric snapshot period at 10 second(s).
[2025-07-08T17:32:02.349+0000] {spark_submit.py:644} INFO - 25/07/08 17:32:02 INFO MetricsSystemImpl: s3a-file-system metrics system started
[2025-07-08T17:32:04.217+0000] {spark_submit.py:644} INFO - 25/07/08 17:32:04 INFO InMemoryFileIndex: It took 56 ms to list leaf files for 1 paths.
[2025-07-08T17:32:04.556+0000] {spark_submit.py:644} INFO - 25/07/08 17:32:04 INFO FileSourceStrategy: Pushed Filters:
[2025-07-08T17:32:04.557+0000] {spark_submit.py:644} INFO - 25/07/08 17:32:04 INFO FileSourceStrategy: Post-Scan Filters:
[2025-07-08T17:32:04.988+0000] {spark_submit.py:644} INFO - 25/07/08 17:32:04 INFO CodeGenerator: Code generated in 145.447101 ms
[2025-07-08T17:32:05.032+0000] {spark_submit.py:644} INFO - 25/07/08 17:32:05 INFO MemoryStore: Block broadcast_0 stored as values in memory (estimated size 203.5 KiB, free 434.2 MiB)
[2025-07-08T17:32:05.116+0000] {spark_submit.py:644} INFO - 25/07/08 17:32:05 INFO MemoryStore: Block broadcast_0_piece0 stored as bytes in memory (estimated size 35.7 KiB, free 434.2 MiB)
[2025-07-08T17:32:05.118+0000] {spark_submit.py:644} INFO - 25/07/08 17:32:05 INFO BlockManagerInfo: Added broadcast_0_piece0 in memory on 3748f1b8240a:42289 (size: 35.7 KiB, free: 434.4 MiB)
[2025-07-08T17:32:05.122+0000] {spark_submit.py:644} INFO - 25/07/08 17:32:05 INFO SparkContext: Created broadcast 0 from collect at /opt/bitnami/spark/jobs/process_exercises_job.py:231
[2025-07-08T17:32:05.137+0000] {spark_submit.py:644} INFO - 25/07/08 17:32:05 INFO FileSourceScanExec: Planning scan with bin packing, max size: 4194304 bytes, open cost is considered as scanning 4194304 bytes.
[2025-07-08T17:32:05.359+0000] {spark_submit.py:644} INFO - 25/07/08 17:32:05 INFO SparkContext: Starting job: collect at /opt/bitnami/spark/jobs/process_exercises_job.py:231
[2025-07-08T17:32:05.372+0000] {spark_submit.py:644} INFO - 25/07/08 17:32:05 INFO DAGScheduler: Got job 0 (collect at /opt/bitnami/spark/jobs/process_exercises_job.py:231) with 1 output partitions
[2025-07-08T17:32:05.373+0000] {spark_submit.py:644} INFO - 25/07/08 17:32:05 INFO DAGScheduler: Final stage: ResultStage 0 (collect at /opt/bitnami/spark/jobs/process_exercises_job.py:231)
[2025-07-08T17:32:05.373+0000] {spark_submit.py:644} INFO - 25/07/08 17:32:05 INFO DAGScheduler: Parents of final stage: List()
[2025-07-08T17:32:05.374+0000] {spark_submit.py:644} INFO - 25/07/08 17:32:05 INFO DAGScheduler: Missing parents: List()
[2025-07-08T17:32:05.379+0000] {spark_submit.py:644} INFO - 25/07/08 17:32:05 INFO DAGScheduler: Submitting ResultStage 0 (MapPartitionsRDD[5] at collect at /opt/bitnami/spark/jobs/process_exercises_job.py:231), which has no missing parents
[2025-07-08T17:32:05.426+0000] {spark_submit.py:644} INFO - 25/07/08 17:32:05 INFO MemoryStore: Block broadcast_1 stored as values in memory (estimated size 27.3 KiB, free 434.1 MiB)
[2025-07-08T17:32:05.437+0000] {spark_submit.py:644} INFO - 25/07/08 17:32:05 INFO MemoryStore: Block broadcast_1_piece0 stored as bytes in memory (estimated size 13.6 KiB, free 434.1 MiB)
[2025-07-08T17:32:05.438+0000] {spark_submit.py:644} INFO - 25/07/08 17:32:05 INFO BlockManagerInfo: Added broadcast_1_piece0 in memory on 3748f1b8240a:42289 (size: 13.6 KiB, free: 434.4 MiB)
[2025-07-08T17:32:05.439+0000] {spark_submit.py:644} INFO - 25/07/08 17:32:05 INFO SparkContext: Created broadcast 1 from broadcast at DAGScheduler.scala:1585
[2025-07-08T17:32:05.456+0000] {spark_submit.py:644} INFO - 25/07/08 17:32:05 INFO DAGScheduler: Submitting 1 missing tasks from ResultStage 0 (MapPartitionsRDD[5] at collect at /opt/bitnami/spark/jobs/process_exercises_job.py:231) (first 15 tasks are for partitions Vector(0))
[2025-07-08T17:32:05.457+0000] {spark_submit.py:644} INFO - 25/07/08 17:32:05 INFO TaskSchedulerImpl: Adding task set 0.0 with 1 tasks resource profile 0
[2025-07-08T17:32:14.941+0000] {spark_submit.py:644} INFO - 25/07/08 17:32:14 INFO TaskSetManager: Starting task 0.0 in stage 0.0 (TID 0) (172.19.0.8, executor 0, partition 0, PROCESS_LOCAL, 10198 bytes)
[2025-07-08T17:32:15.169+0000] {spark_submit.py:644} INFO - 25/07/08 17:32:15 INFO BlockManagerInfo: Added broadcast_1_piece0 in memory on 172.19.0.8:45535 (size: 13.6 KiB, free: 434.4 MiB)
[2025-07-08T17:32:17.131+0000] {spark_submit.py:644} INFO - 25/07/08 17:32:17 INFO BlockManagerInfo: Added broadcast_0_piece0 in memory on 172.19.0.8:45535 (size: 35.7 KiB, free: 434.4 MiB)
[2025-07-08T17:32:22.055+0000] {spark_submit.py:644} INFO - 25/07/08 17:32:22 INFO TaskSetManager: Finished task 0.0 in stage 0.0 (TID 0) in 7123 ms on 172.19.0.8 (executor 0) (1/1)
[2025-07-08T17:32:22.056+0000] {spark_submit.py:644} INFO - 25/07/08 17:32:22 INFO TaskSchedulerImpl: Removed TaskSet 0.0, whose tasks have all completed, from pool
[2025-07-08T17:32:22.059+0000] {spark_submit.py:644} INFO - 25/07/08 17:32:22 INFO PythonAccumulatorV2: Connected to AccumulatorServer at host: 127.0.0.1 port: 34725
[2025-07-08T17:32:22.062+0000] {spark_submit.py:644} INFO - 25/07/08 17:32:22 INFO DAGScheduler: ResultStage 0 (collect at /opt/bitnami/spark/jobs/process_exercises_job.py:231) finished in 16.641 s
[2025-07-08T17:32:22.066+0000] {spark_submit.py:644} INFO - 25/07/08 17:32:22 INFO DAGScheduler: Job 0 is finished. Cancelling potential speculative or zombie tasks for this job
[2025-07-08T17:32:22.067+0000] {spark_submit.py:644} INFO - 25/07/08 17:32:22 INFO TaskSchedulerImpl: Killing all running tasks in stage 0: Stage finished
[2025-07-08T17:32:22.069+0000] {spark_submit.py:644} INFO - 25/07/08 17:32:22 INFO DAGScheduler: Job 0 finished: collect at /opt/bitnami/spark/jobs/process_exercises_job.py:231, took 16.713573 s
[2025-07-08T17:32:22.174+0000] {spark_submit.py:644} INFO - [PROCESS EXERCISES] ✅ Documento processado com sucesso: Op Jacui IV - Ordem de Operacoes.pdf
[2025-07-08T17:32:22.175+0000] {spark_submit.py:644} INFO - [PROCESS EXERCISES] ✅ Processamento de documentos concluído: 1 registros
[2025-07-08T17:32:24.756+0000] {spark_submit.py:644} INFO - 25/07/08 17:32:24 INFO CodeGenerator: Code generated in 16.526524 ms
[2025-07-08T17:32:24.811+0000] {spark_submit.py:644} INFO - 25/07/08 17:32:24 INFO DAGScheduler: Registering RDD 12 (count at NativeMethodAccessorImpl.java:0) as input to shuffle 0
[2025-07-08T17:32:24.814+0000] {spark_submit.py:644} INFO - 25/07/08 17:32:24 INFO DAGScheduler: Got map stage job 1 (count at NativeMethodAccessorImpl.java:0) with 2 output partitions
[2025-07-08T17:32:24.815+0000] {spark_submit.py:644} INFO - 25/07/08 17:32:24 INFO DAGScheduler: Final stage: ShuffleMapStage 1 (count at NativeMethodAccessorImpl.java:0)
[2025-07-08T17:32:24.816+0000] {spark_submit.py:644} INFO - 25/07/08 17:32:24 INFO DAGScheduler: Parents of final stage: List()
[2025-07-08T17:32:24.817+0000] {spark_submit.py:644} INFO - 25/07/08 17:32:24 INFO DAGScheduler: Missing parents: List()
[2025-07-08T17:32:24.818+0000] {spark_submit.py:644} INFO - 25/07/08 17:32:24 INFO DAGScheduler: Submitting ShuffleMapStage 1 (MapPartitionsRDD[12] at count at NativeMethodAccessorImpl.java:0), which has no missing parents
[2025-07-08T17:32:24.839+0000] {spark_submit.py:644} INFO - 25/07/08 17:32:24 INFO MemoryStore: Block broadcast_2 stored as values in memory (estimated size 16.0 KiB, free 434.1 MiB)
[2025-07-08T17:32:24.964+0000] {spark_submit.py:644} INFO - 25/07/08 17:32:24 INFO MemoryStore: Block broadcast_2_piece0 stored as bytes in memory (estimated size 8.3 KiB, free 434.1 MiB)
[2025-07-08T17:32:24.992+0000] {spark_submit.py:644} INFO - 25/07/08 17:32:24 INFO BlockManagerInfo: Added broadcast_2_piece0 in memory on 3748f1b8240a:42289 (size: 8.3 KiB, free: 434.3 MiB)
[2025-07-08T17:32:24.993+0000] {spark_submit.py:644} INFO - 25/07/08 17:32:24 INFO SparkContext: Created broadcast 2 from broadcast at DAGScheduler.scala:1585
[2025-07-08T17:32:24.996+0000] {spark_submit.py:644} INFO - 25/07/08 17:32:24 INFO DAGScheduler: Submitting 2 missing tasks from ShuffleMapStage 1 (MapPartitionsRDD[12] at count at NativeMethodAccessorImpl.java:0) (first 15 tasks are for partitions Vector(0, 1))
[2025-07-08T17:32:24.997+0000] {spark_submit.py:644} INFO - 25/07/08 17:32:24 INFO TaskSchedulerImpl: Adding task set 1.0 with 2 tasks resource profile 0
[2025-07-08T17:32:24.998+0000] {spark_submit.py:644} INFO - 25/07/08 17:32:24 INFO BlockManagerInfo: Removed broadcast_1_piece0 on 3748f1b8240a:42289 in memory (size: 13.6 KiB, free: 434.4 MiB)
[2025-07-08T17:32:25.002+0000] {spark_submit.py:644} INFO - 25/07/08 17:32:25 INFO TaskSetManager: Starting task 0.0 in stage 1.0 (TID 1) (172.19.0.8, executor 0, partition 0, PROCESS_LOCAL, 9487 bytes)
[2025-07-08T17:32:25.003+0000] {spark_submit.py:644} INFO - 25/07/08 17:32:25 INFO TaskSetManager: Starting task 1.0 in stage 1.0 (TID 2) (172.19.0.8, executor 0, partition 1, PROCESS_LOCAL, 26221 bytes)
[2025-07-08T17:32:25.012+0000] {spark_submit.py:644} INFO - 25/07/08 17:32:25 INFO BlockManagerInfo: Removed broadcast_1_piece0 on 172.19.0.8:45535 in memory (size: 13.6 KiB, free: 434.4 MiB)
[2025-07-08T17:32:25.248+0000] {spark_submit.py:644} INFO - 25/07/08 17:32:25 INFO BlockManagerInfo: Added broadcast_2_piece0 in memory on 172.19.0.8:45535 (size: 8.3 KiB, free: 434.4 MiB)
[2025-07-08T17:32:27.066+0000] {spark_submit.py:644} INFO - 25/07/08 17:32:27 INFO TaskSetManager: Finished task 1.0 in stage 1.0 (TID 2) in 2063 ms on 172.19.0.8 (executor 0) (1/2)
[2025-07-08T17:32:27.172+0000] {spark_submit.py:644} INFO - 25/07/08 17:32:27 INFO TaskSetManager: Finished task 0.0 in stage 1.0 (TID 1) in 2174 ms on 172.19.0.8 (executor 0) (2/2)
[2025-07-08T17:32:27.173+0000] {spark_submit.py:644} INFO - 25/07/08 17:32:27 INFO TaskSchedulerImpl: Removed TaskSet 1.0, whose tasks have all completed, from pool
[2025-07-08T17:32:27.174+0000] {spark_submit.py:644} INFO - 25/07/08 17:32:27 INFO DAGScheduler: ShuffleMapStage 1 (count at NativeMethodAccessorImpl.java:0) finished in 2.351 s
[2025-07-08T17:32:27.174+0000] {spark_submit.py:644} INFO - 25/07/08 17:32:27 INFO DAGScheduler: looking for newly runnable stages
[2025-07-08T17:32:27.175+0000] {spark_submit.py:644} INFO - 25/07/08 17:32:27 INFO DAGScheduler: running: Set()
[2025-07-08T17:32:27.175+0000] {spark_submit.py:644} INFO - 25/07/08 17:32:27 INFO DAGScheduler: waiting: Set()
[2025-07-08T17:32:27.176+0000] {spark_submit.py:644} INFO - 25/07/08 17:32:27 INFO DAGScheduler: failed: Set()
[2025-07-08T17:32:27.215+0000] {spark_submit.py:644} INFO - 25/07/08 17:32:27 INFO CodeGenerator: Code generated in 12.269077 ms
[2025-07-08T17:32:27.235+0000] {spark_submit.py:644} INFO - 25/07/08 17:32:27 INFO SparkContext: Starting job: count at NativeMethodAccessorImpl.java:0
[2025-07-08T17:32:27.237+0000] {spark_submit.py:644} INFO - 25/07/08 17:32:27 INFO DAGScheduler: Got job 2 (count at NativeMethodAccessorImpl.java:0) with 1 output partitions
[2025-07-08T17:32:27.238+0000] {spark_submit.py:644} INFO - 25/07/08 17:32:27 INFO DAGScheduler: Final stage: ResultStage 3 (count at NativeMethodAccessorImpl.java:0)
[2025-07-08T17:32:27.238+0000] {spark_submit.py:644} INFO - 25/07/08 17:32:27 INFO DAGScheduler: Parents of final stage: List(ShuffleMapStage 2)
[2025-07-08T17:32:27.239+0000] {spark_submit.py:644} INFO - 25/07/08 17:32:27 INFO DAGScheduler: Missing parents: List()
[2025-07-08T17:32:27.239+0000] {spark_submit.py:644} INFO - 25/07/08 17:32:27 INFO DAGScheduler: Submitting ResultStage 3 (MapPartitionsRDD[15] at count at NativeMethodAccessorImpl.java:0), which has no missing parents
[2025-07-08T17:32:27.245+0000] {spark_submit.py:644} INFO - 25/07/08 17:32:27 INFO MemoryStore: Block broadcast_3 stored as values in memory (estimated size 12.5 KiB, free 434.1 MiB)
[2025-07-08T17:32:27.387+0000] {spark_submit.py:644} INFO - 25/07/08 17:32:27 INFO MemoryStore: Block broadcast_3_piece0 stored as bytes in memory (estimated size 5.9 KiB, free 434.1 MiB)
[2025-07-08T17:32:27.388+0000] {spark_submit.py:644} INFO - 25/07/08 17:32:27 INFO BlockManagerInfo: Added broadcast_3_piece0 in memory on 3748f1b8240a:42289 (size: 5.9 KiB, free: 434.4 MiB)
[2025-07-08T17:32:27.388+0000] {spark_submit.py:644} INFO - 25/07/08 17:32:27 INFO SparkContext: Created broadcast 3 from broadcast at DAGScheduler.scala:1585
[2025-07-08T17:32:27.389+0000] {spark_submit.py:644} INFO - 25/07/08 17:32:27 INFO DAGScheduler: Submitting 1 missing tasks from ResultStage 3 (MapPartitionsRDD[15] at count at NativeMethodAccessorImpl.java:0) (first 15 tasks are for partitions Vector(0))
[2025-07-08T17:32:27.390+0000] {spark_submit.py:644} INFO - 25/07/08 17:32:27 INFO TaskSchedulerImpl: Adding task set 3.0 with 1 tasks resource profile 0
[2025-07-08T17:32:27.394+0000] {spark_submit.py:644} INFO - 25/07/08 17:32:27 INFO TaskSetManager: Starting task 0.0 in stage 3.0 (TID 3) (172.19.0.8, executor 0, partition 0, NODE_LOCAL, 9518 bytes)
[2025-07-08T17:32:27.411+0000] {spark_submit.py:644} INFO - 25/07/08 17:32:27 INFO BlockManagerInfo: Added broadcast_3_piece0 in memory on 172.19.0.8:45535 (size: 5.9 KiB, free: 434.4 MiB)
[2025-07-08T17:32:29.594+0000] {spark_submit.py:644} INFO - 25/07/08 17:32:29 INFO MapOutputTrackerMasterEndpoint: Asked to send map output locations for shuffle 0 to 172.19.0.8:51216
[2025-07-08T17:32:29.793+0000] {spark_submit.py:644} INFO - 25/07/08 17:32:29 INFO TaskSetManager: Finished task 0.0 in stage 3.0 (TID 3) in 2400 ms on 172.19.0.8 (executor 0) (1/1)
[2025-07-08T17:32:29.794+0000] {spark_submit.py:644} INFO - 25/07/08 17:32:29 INFO TaskSchedulerImpl: Removed TaskSet 3.0, whose tasks have all completed, from pool
[2025-07-08T17:32:29.795+0000] {spark_submit.py:644} INFO - 25/07/08 17:32:29 INFO DAGScheduler: ResultStage 3 (count at NativeMethodAccessorImpl.java:0) finished in 2.551 s
[2025-07-08T17:32:29.795+0000] {spark_submit.py:644} INFO - 25/07/08 17:32:29 INFO DAGScheduler: Job 2 is finished. Cancelling potential speculative or zombie tasks for this job
[2025-07-08T17:32:29.799+0000] {spark_submit.py:644} INFO - 25/07/08 17:32:29 INFO TaskSchedulerImpl: Killing all running tasks in stage 3: Stage finished
[2025-07-08T17:32:29.800+0000] {spark_submit.py:644} INFO - 25/07/08 17:32:29 INFO DAGScheduler: Job 2 finished: count at NativeMethodAccessorImpl.java:0, took 2.560801 s
[2025-07-08T17:32:29.800+0000] {spark_submit.py:644} INFO - [PROCESS EXERCISES] ℹ️  Salvando 1 registros na tabela nessie.exercises.pdf_documents
[2025-07-08T17:32:29.903+0000] {spark_submit.py:644} INFO - 25/07/08 17:32:29 INFO BaseMetastoreTableOperations: Refreshing table metadata from new version: s3a://warehouse/exercises/pdf_documents_3f2f6938-06f1-4401-a884-d6a6de9720a0/metadata/00021-845cf484-a10a-4b1e-a0ce-2285fa7b61d3.metadata.json
[2025-07-08T17:32:30.148+0000] {spark_submit.py:644} INFO - 25/07/08 17:32:30 INFO NessieUtil: loadTableMetadata for 'exercises.pdf_documents' from location 's3a://warehouse/exercises/pdf_documents_3f2f6938-06f1-4401-a884-d6a6de9720a0/metadata/00021-845cf484-a10a-4b1e-a0ce-2285fa7b61d3.metadata.json' at 'Branch{name=main, metadata=null, hash=da08aed6a3ec575dcd92bd33b2f598898386647d605e586065214ee3e5348f88}'
[2025-07-08T17:32:30.176+0000] {spark_submit.py:644} INFO - 25/07/08 17:32:30 INFO BaseMetastoreCatalog: Table loaded by catalog: nessie.exercises.pdf_documents
[2025-07-08T17:32:30.536+0000] {spark_submit.py:644} INFO - 25/07/08 17:32:30 INFO BlockManagerInfo: Removed broadcast_2_piece0 on 3748f1b8240a:42289 in memory (size: 8.3 KiB, free: 434.4 MiB)
[2025-07-08T17:32:30.543+0000] {spark_submit.py:644} INFO - 25/07/08 17:32:30 INFO BlockManagerInfo: Removed broadcast_2_piece0 on 172.19.0.8:45535 in memory (size: 8.3 KiB, free: 434.4 MiB)
[2025-07-08T17:32:30.547+0000] {spark_submit.py:644} INFO - 25/07/08 17:32:30 INFO BlockManagerInfo: Removed broadcast_3_piece0 on 3748f1b8240a:42289 in memory (size: 5.9 KiB, free: 434.4 MiB)
[2025-07-08T17:32:30.549+0000] {spark_submit.py:644} INFO - 25/07/08 17:32:30 INFO BlockManagerInfo: Removed broadcast_3_piece0 on 172.19.0.8:45535 in memory (size: 5.9 KiB, free: 434.4 MiB)
[2025-07-08T17:32:31.295+0000] {spark_submit.py:644} INFO - 25/07/08 17:32:31 INFO CodeGenerator: Code generated in 43.876541 ms
[2025-07-08T17:32:31.313+0000] {spark_submit.py:644} INFO - [PROCESS EXERCISES] 🔄 Salvando tabela nessie.exercises.pdf_documents em modo append
[2025-07-08T17:32:31.414+0000] {spark_submit.py:644} INFO - 25/07/08 17:32:31 INFO SparkWrite: Requesting 0 bytes advisory partition size for table nessie.exercises.pdf_documents
[2025-07-08T17:32:31.414+0000] {spark_submit.py:644} INFO - 25/07/08 17:32:31 INFO SparkWrite: Requesting UnspecifiedDistribution as write distribution for table nessie.exercises.pdf_documents
[2025-07-08T17:32:31.416+0000] {spark_submit.py:644} INFO - 25/07/08 17:32:31 INFO SparkWrite: Requesting [] as write ordering for table nessie.exercises.pdf_documents
[2025-07-08T17:32:31.442+0000] {spark_submit.py:644} INFO - 25/07/08 17:32:31 INFO CodeGenerator: Code generated in 11.773613 ms
[2025-07-08T17:32:31.456+0000] {spark_submit.py:644} INFO - 25/07/08 17:32:31 INFO MemoryStore: Block broadcast_4 stored as values in memory (estimated size 32.0 KiB, free 434.1 MiB)
[2025-07-08T17:32:31.506+0000] {spark_submit.py:644} INFO - 25/07/08 17:32:31 INFO MemoryStore: Block broadcast_4_piece0 stored as bytes in memory (estimated size 30.1 KiB, free 434.1 MiB)
[2025-07-08T17:32:31.526+0000] {spark_submit.py:644} INFO - 25/07/08 17:32:31 INFO BlockManagerInfo: Added broadcast_4_piece0 in memory on 3748f1b8240a:42289 (size: 30.1 KiB, free: 434.3 MiB)
[2025-07-08T17:32:31.527+0000] {spark_submit.py:644} INFO - 25/07/08 17:32:31 INFO SparkContext: Created broadcast 4 from broadcast at SparkWrite.java:193
[2025-07-08T17:32:31.529+0000] {spark_submit.py:644} INFO - 25/07/08 17:32:31 INFO AppendDataExec: Start processing data source write support: IcebergBatchWrite(table=nessie.exercises.pdf_documents, format=PARQUET). The input RDD has 2 partitions.
[2025-07-08T17:32:31.539+0000] {spark_submit.py:644} INFO - 25/07/08 17:32:31 INFO SparkContext: Starting job: saveAsTable at NativeMethodAccessorImpl.java:0
[2025-07-08T17:32:31.540+0000] {spark_submit.py:644} INFO - 25/07/08 17:32:31 INFO DAGScheduler: Got job 3 (saveAsTable at NativeMethodAccessorImpl.java:0) with 2 output partitions
[2025-07-08T17:32:31.541+0000] {spark_submit.py:644} INFO - 25/07/08 17:32:31 INFO DAGScheduler: Final stage: ResultStage 4 (saveAsTable at NativeMethodAccessorImpl.java:0)
[2025-07-08T17:32:31.542+0000] {spark_submit.py:644} INFO - 25/07/08 17:32:31 INFO DAGScheduler: Parents of final stage: List()
[2025-07-08T17:32:31.542+0000] {spark_submit.py:644} INFO - 25/07/08 17:32:31 INFO DAGScheduler: Missing parents: List()
[2025-07-08T17:32:31.543+0000] {spark_submit.py:644} INFO - 25/07/08 17:32:31 INFO DAGScheduler: Submitting ResultStage 4 (MapPartitionsRDD[16] at saveAsTable at NativeMethodAccessorImpl.java:0), which has no missing parents
[2025-07-08T17:32:31.544+0000] {spark_submit.py:644} INFO - 25/07/08 17:32:31 INFO MemoryStore: Block broadcast_5 stored as values in memory (estimated size 15.1 KiB, free 434.1 MiB)
[2025-07-08T17:32:31.558+0000] {spark_submit.py:644} INFO - 25/07/08 17:32:31 INFO MemoryStore: Block broadcast_5_piece0 stored as bytes in memory (estimated size 7.8 KiB, free 434.1 MiB)
[2025-07-08T17:32:31.570+0000] {spark_submit.py:644} INFO - 25/07/08 17:32:31 INFO BlockManagerInfo: Removed broadcast_0_piece0 on 172.19.0.8:45535 in memory (size: 35.7 KiB, free: 434.4 MiB)
[2025-07-08T17:32:31.574+0000] {spark_submit.py:644} INFO - 25/07/08 17:32:31 INFO BlockManagerInfo: Added broadcast_5_piece0 in memory on 3748f1b8240a:42289 (size: 7.8 KiB, free: 434.3 MiB)
[2025-07-08T17:32:31.575+0000] {spark_submit.py:644} INFO - 25/07/08 17:32:31 INFO BlockManagerInfo: Removed broadcast_0_piece0 on 3748f1b8240a:42289 in memory (size: 35.7 KiB, free: 434.4 MiB)
[2025-07-08T17:32:31.575+0000] {spark_submit.py:644} INFO - 25/07/08 17:32:31 INFO SparkContext: Created broadcast 5 from broadcast at DAGScheduler.scala:1585
[2025-07-08T17:32:31.576+0000] {spark_submit.py:644} INFO - 25/07/08 17:32:31 INFO DAGScheduler: Submitting 2 missing tasks from ResultStage 4 (MapPartitionsRDD[16] at saveAsTable at NativeMethodAccessorImpl.java:0) (first 15 tasks are for partitions Vector(0, 1))
[2025-07-08T17:32:31.577+0000] {spark_submit.py:644} INFO - 25/07/08 17:32:31 INFO TaskSchedulerImpl: Adding task set 4.0 with 2 tasks resource profile 0
[2025-07-08T17:32:31.579+0000] {spark_submit.py:644} INFO - 25/07/08 17:32:31 INFO TaskSetManager: Starting task 0.0 in stage 4.0 (TID 4) (172.19.0.8, executor 0, partition 0, PROCESS_LOCAL, 9498 bytes)
[2025-07-08T17:32:31.579+0000] {spark_submit.py:644} INFO - 25/07/08 17:32:31 INFO TaskSetManager: Starting task 1.0 in stage 4.0 (TID 5) (172.19.0.8, executor 0, partition 1, PROCESS_LOCAL, 26232 bytes)
[2025-07-08T17:32:31.616+0000] {spark_submit.py:644} INFO - 25/07/08 17:32:31 INFO BlockManagerInfo: Added broadcast_5_piece0 in memory on 172.19.0.8:45535 (size: 7.8 KiB, free: 434.4 MiB)
[2025-07-08T17:32:31.696+0000] {spark_submit.py:644} INFO - 25/07/08 17:32:31 INFO BlockManagerInfo: Added broadcast_4_piece0 in memory on 172.19.0.8:45535 (size: 30.1 KiB, free: 434.4 MiB)
[2025-07-08T17:32:32.830+0000] {spark_submit.py:644} INFO - 25/07/08 17:32:32 INFO TaskSetManager: Finished task 0.0 in stage 4.0 (TID 4) in 1252 ms on 172.19.0.8 (executor 0) (1/2)
[2025-07-08T17:32:33.847+0000] {spark_submit.py:644} INFO - 25/07/08 17:32:33 INFO TaskSetManager: Finished task 1.0 in stage 4.0 (TID 5) in 2268 ms on 172.19.0.8 (executor 0) (2/2)
[2025-07-08T17:32:33.848+0000] {spark_submit.py:644} INFO - 25/07/08 17:32:33 INFO TaskSchedulerImpl: Removed TaskSet 4.0, whose tasks have all completed, from pool
[2025-07-08T17:32:33.849+0000] {spark_submit.py:644} INFO - 25/07/08 17:32:33 INFO DAGScheduler: ResultStage 4 (saveAsTable at NativeMethodAccessorImpl.java:0) finished in 2.306 s
[2025-07-08T17:32:33.849+0000] {spark_submit.py:644} INFO - 25/07/08 17:32:33 INFO DAGScheduler: Job 3 is finished. Cancelling potential speculative or zombie tasks for this job
[2025-07-08T17:32:33.850+0000] {spark_submit.py:644} INFO - 25/07/08 17:32:33 INFO TaskSchedulerImpl: Killing all running tasks in stage 4: Stage finished
[2025-07-08T17:32:33.851+0000] {spark_submit.py:644} INFO - 25/07/08 17:32:33 INFO DAGScheduler: Job 3 finished: saveAsTable at NativeMethodAccessorImpl.java:0, took 2.310318 s
[2025-07-08T17:32:33.851+0000] {spark_submit.py:644} INFO - 25/07/08 17:32:33 INFO AppendDataExec: Data source write support IcebergBatchWrite(table=nessie.exercises.pdf_documents, format=PARQUET) is committing.
[2025-07-08T17:32:33.900+0000] {spark_submit.py:644} INFO - 25/07/08 17:32:33 INFO SparkWrite: Committing append with 1 new data files to table nessie.exercises.pdf_documents
[2025-07-08T17:32:35.340+0000] {spark_submit.py:644} INFO - 25/07/08 17:32:35 INFO NessieIcebergClient: Committed 'exercises.pdf_documents' against 'Branch{name=main, metadata=null, hash=ba8da61db6980bd5ab819d1f9e61c06de75f4a95ea4b402df2e4e61822409135}', expected commit-id was 'da08aed6a3ec575dcd92bd33b2f598898386647d605e586065214ee3e5348f88'
[2025-07-08T17:32:35.341+0000] {spark_submit.py:644} INFO - 25/07/08 17:32:35 INFO BaseMetastoreTableOperations: Successfully committed to table exercises.pdf_documents in 398 ms
[2025-07-08T17:32:35.341+0000] {spark_submit.py:644} INFO - 25/07/08 17:32:35 INFO SnapshotProducer: Committed snapshot 328459290674430251 (MergeAppend)
[2025-07-08T17:32:35.374+0000] {spark_submit.py:644} INFO - 25/07/08 17:32:35 INFO BaseMetastoreTableOperations: Refreshing table metadata from new version: s3a://warehouse/exercises/pdf_documents_3f2f6938-06f1-4401-a884-d6a6de9720a0/metadata/00022-806ff6df-20b8-468f-b48b-df18f40cf0d8.metadata.json
[2025-07-08T17:32:35.387+0000] {spark_submit.py:644} INFO - 25/07/08 17:32:35 INFO NessieUtil: loadTableMetadata for 'exercises.pdf_documents' from location 's3a://warehouse/exercises/pdf_documents_3f2f6938-06f1-4401-a884-d6a6de9720a0/metadata/00022-806ff6df-20b8-468f-b48b-df18f40cf0d8.metadata.json' at 'Branch{name=main, metadata=null, hash=ba8da61db6980bd5ab819d1f9e61c06de75f4a95ea4b402df2e4e61822409135}'
[2025-07-08T17:32:35.421+0000] {spark_submit.py:644} INFO - 25/07/08 17:32:35 INFO LoggingMetricsReporter: Received metrics report: CommitReport{tableName=nessie.exercises.pdf_documents, snapshotId=328459290674430251, sequenceNumber=23, operation=append, commitMetrics=CommitMetricsResult{totalDuration=TimerResult{timeUnit=NANOSECONDS, totalDuration=PT1.445621586S, count=1}, attempts=CounterResult{unit=COUNT, value=1}, addedDataFiles=CounterResult{unit=COUNT, value=1}, removedDataFiles=null, totalDataFiles=CounterResult{unit=COUNT, value=23}, addedDeleteFiles=null, addedEqualityDeleteFiles=null, addedPositionalDeleteFiles=null, addedDVs=null, removedDeleteFiles=null, removedEqualityDeleteFiles=null, removedPositionalDeleteFiles=null, removedDVs=null, totalDeleteFiles=CounterResult{unit=COUNT, value=0}, addedRecords=CounterResult{unit=COUNT, value=1}, removedRecords=null, totalRecords=CounterResult{unit=COUNT, value=23}, addedFilesSizeInBytes=CounterResult{unit=BYTES, value=8843}, removedFilesSizeInBytes=null, totalFilesSizeInBytes=CounterResult{unit=BYTES, value=178496}, addedPositionalDeletes=null, removedPositionalDeletes=null, totalPositionalDeletes=CounterResult{unit=COUNT, value=0}, addedEqualityDeletes=null, removedEqualityDeletes=null, totalEqualityDeletes=CounterResult{unit=COUNT, value=0}}, metadata={engine-version=3.5.5, app-id=app-20250708173157-0011, engine-name=spark, iceberg-version=Apache Iceberg 1.8.1 (commit 9ce0fcf0af7becf25ad9fc996c3bad2afdcfd33d)}}
[2025-07-08T17:32:35.422+0000] {spark_submit.py:644} INFO - 25/07/08 17:32:35 INFO SparkWrite: Committed in 1520 ms
[2025-07-08T17:32:35.423+0000] {spark_submit.py:644} INFO - 25/07/08 17:32:35 INFO AppendDataExec: Data source write support IcebergBatchWrite(table=nessie.exercises.pdf_documents, format=PARQUET) committed.
[2025-07-08T17:32:35.423+0000] {spark_submit.py:644} INFO - [PROCESS EXERCISES] ✅ Tabela nessie.exercises.pdf_documents salva com sucesso (1 registros)
[2025-07-08T17:32:35.424+0000] {spark_submit.py:644} INFO - [PROCESS EXERCISES] 🔄 === FASE 2: PROCESSAMENTO DE SIMULAÇÕES ===
[2025-07-08T17:32:35.425+0000] {spark_submit.py:644} INFO - [PROCESS EXERCISES] 🔄 Iniciando processamento de simulações
[2025-07-08T17:32:35.425+0000] {spark_submit.py:644} INFO - [PROCESS EXERCISES] ℹ️  Buscando arquivos de simulação em: exercises/CA-LESTE-construtiva-1DE-2025-07-08/simulations/172.19.0.14_2025-07-08
[2025-07-08T17:32:35.426+0000] {spark_submit.py:644} INFO - [PROCESS EXERCISES] ℹ️  Buscando arquivos em: s3a://bronze/exercises/CA-LESTE-construtiva-1DE-2025-07-08/simulations/172.19.0.14_2025-07-08/
[2025-07-08T17:32:35.459+0000] {spark_submit.py:644} INFO - 25/07/08 17:32:35 INFO BlockManagerInfo: Removed broadcast_4_piece0 on 3748f1b8240a:42289 in memory (size: 30.1 KiB, free: 434.4 MiB)
[2025-07-08T17:32:35.461+0000] {spark_submit.py:644} INFO - 25/07/08 17:32:35 INFO BlockManagerInfo: Removed broadcast_4_piece0 on 172.19.0.8:45535 in memory (size: 30.1 KiB, free: 434.4 MiB)
[2025-07-08T17:32:35.470+0000] {spark_submit.py:644} INFO - 25/07/08 17:32:35 INFO InMemoryFileIndex: It took 9 ms to list leaf files for 1 paths.
[2025-07-08T17:32:35.471+0000] {spark_submit.py:644} INFO - 25/07/08 17:32:35 INFO BlockManagerInfo: Removed broadcast_5_piece0 on 3748f1b8240a:42289 in memory (size: 7.8 KiB, free: 434.4 MiB)
[2025-07-08T17:32:35.474+0000] {spark_submit.py:644} INFO - 25/07/08 17:32:35 INFO BlockManagerInfo: Removed broadcast_5_piece0 on 172.19.0.8:45535 in memory (size: 7.8 KiB, free: 434.4 MiB)
[2025-07-08T17:32:35.523+0000] {spark_submit.py:644} INFO - 25/07/08 17:32:35 INFO FileSourceStrategy: Pushed Filters:
[2025-07-08T17:32:35.524+0000] {spark_submit.py:644} INFO - 25/07/08 17:32:35 INFO FileSourceStrategy: Post-Scan Filters:
[2025-07-08T17:32:35.532+0000] {spark_submit.py:644} INFO - 25/07/08 17:32:35 INFO MemoryStore: Block broadcast_6 stored as values in memory (estimated size 203.7 KiB, free 434.2 MiB)
[2025-07-08T17:32:35.543+0000] {spark_submit.py:644} INFO - 25/07/08 17:32:35 INFO MemoryStore: Block broadcast_6_piece0 stored as bytes in memory (estimated size 35.7 KiB, free 434.2 MiB)
[2025-07-08T17:32:35.543+0000] {spark_submit.py:644} INFO - 25/07/08 17:32:35 INFO BlockManagerInfo: Added broadcast_6_piece0 in memory on 3748f1b8240a:42289 (size: 35.7 KiB, free: 434.4 MiB)
[2025-07-08T17:32:35.544+0000] {spark_submit.py:644} INFO - 25/07/08 17:32:35 INFO SparkContext: Created broadcast 6 from collect at /opt/bitnami/spark/jobs/process_exercises_job.py:414
[2025-07-08T17:32:35.545+0000] {spark_submit.py:644} INFO - 25/07/08 17:32:35 INFO FileSourceScanExec: Planning scan with bin packing, max size: 6292846 bytes, open cost is considered as scanning 4194304 bytes.
[2025-07-08T17:32:35.561+0000] {spark_submit.py:644} INFO - 25/07/08 17:32:35 INFO SparkContext: Starting job: collect at /opt/bitnami/spark/jobs/process_exercises_job.py:414
[2025-07-08T17:32:35.562+0000] {spark_submit.py:644} INFO - 25/07/08 17:32:35 INFO DAGScheduler: Got job 4 (collect at /opt/bitnami/spark/jobs/process_exercises_job.py:414) with 2 output partitions
[2025-07-08T17:32:35.562+0000] {spark_submit.py:644} INFO - 25/07/08 17:32:35 INFO DAGScheduler: Final stage: ResultStage 5 (collect at /opt/bitnami/spark/jobs/process_exercises_job.py:414)
[2025-07-08T17:32:35.563+0000] {spark_submit.py:644} INFO - 25/07/08 17:32:35 INFO DAGScheduler: Parents of final stage: List()
[2025-07-08T17:32:35.564+0000] {spark_submit.py:644} INFO - 25/07/08 17:32:35 INFO DAGScheduler: Missing parents: List()
[2025-07-08T17:32:35.564+0000] {spark_submit.py:644} INFO - 25/07/08 17:32:35 INFO DAGScheduler: Submitting ResultStage 5 (MapPartitionsRDD[19] at collect at /opt/bitnami/spark/jobs/process_exercises_job.py:414), which has no missing parents
[2025-07-08T17:32:35.565+0000] {spark_submit.py:644} INFO - 25/07/08 17:32:35 INFO MemoryStore: Block broadcast_7 stored as values in memory (estimated size 9.4 KiB, free 434.2 MiB)
[2025-07-08T17:32:35.570+0000] {spark_submit.py:644} INFO - 25/07/08 17:32:35 INFO MemoryStore: Block broadcast_7_piece0 stored as bytes in memory (estimated size 4.7 KiB, free 434.2 MiB)
[2025-07-08T17:32:35.571+0000] {spark_submit.py:644} INFO - 25/07/08 17:32:35 INFO BlockManagerInfo: Added broadcast_7_piece0 in memory on 3748f1b8240a:42289 (size: 4.7 KiB, free: 434.4 MiB)
[2025-07-08T17:32:35.571+0000] {spark_submit.py:644} INFO - 25/07/08 17:32:35 INFO SparkContext: Created broadcast 7 from broadcast at DAGScheduler.scala:1585
[2025-07-08T17:32:35.572+0000] {spark_submit.py:644} INFO - 25/07/08 17:32:35 INFO DAGScheduler: Submitting 2 missing tasks from ResultStage 5 (MapPartitionsRDD[19] at collect at /opt/bitnami/spark/jobs/process_exercises_job.py:414) (first 15 tasks are for partitions Vector(0, 1))
[2025-07-08T17:32:35.573+0000] {spark_submit.py:644} INFO - 25/07/08 17:32:35 INFO TaskSchedulerImpl: Adding task set 5.0 with 2 tasks resource profile 0
[2025-07-08T17:32:35.574+0000] {spark_submit.py:644} INFO - 25/07/08 17:32:35 INFO TaskSetManager: Starting task 0.0 in stage 5.0 (TID 6) (172.19.0.8, executor 0, partition 0, PROCESS_LOCAL, 10380 bytes)
[2025-07-08T17:32:35.575+0000] {spark_submit.py:644} INFO - 25/07/08 17:32:35 INFO TaskSetManager: Starting task 1.0 in stage 5.0 (TID 7) (172.19.0.8, executor 0, partition 1, PROCESS_LOCAL, 10205 bytes)
[2025-07-08T17:32:35.618+0000] {spark_submit.py:644} INFO - 25/07/08 17:32:35 INFO BlockManagerInfo: Added broadcast_7_piece0 in memory on 172.19.0.8:45535 (size: 4.7 KiB, free: 434.4 MiB)
[2025-07-08T17:32:35.643+0000] {spark_submit.py:644} INFO - 25/07/08 17:32:35 INFO BlockManagerInfo: Added broadcast_6_piece0 in memory on 172.19.0.8:45535 (size: 35.7 KiB, free: 434.4 MiB)
[2025-07-08T17:32:35.680+0000] {spark_submit.py:644} INFO - 25/07/08 17:32:35 INFO TaskSetManager: Finished task 1.0 in stage 5.0 (TID 7) in 106 ms on 172.19.0.8 (executor 0) (1/2)
[2025-07-08T17:32:35.681+0000] {spark_submit.py:644} INFO - 25/07/08 17:32:35 INFO TaskSetManager: Finished task 0.0 in stage 5.0 (TID 6) in 108 ms on 172.19.0.8 (executor 0) (2/2)
[2025-07-08T17:32:35.682+0000] {spark_submit.py:644} INFO - 25/07/08 17:32:35 INFO TaskSchedulerImpl: Removed TaskSet 5.0, whose tasks have all completed, from pool
[2025-07-08T17:32:35.683+0000] {spark_submit.py:644} INFO - 25/07/08 17:32:35 INFO DAGScheduler: ResultStage 5 (collect at /opt/bitnami/spark/jobs/process_exercises_job.py:414) finished in 0.119 s
[2025-07-08T17:32:35.684+0000] {spark_submit.py:644} INFO - 25/07/08 17:32:35 INFO DAGScheduler: Job 4 is finished. Cancelling potential speculative or zombie tasks for this job
[2025-07-08T17:32:35.684+0000] {spark_submit.py:644} INFO - 25/07/08 17:32:35 INFO TaskSchedulerImpl: Killing all running tasks in stage 5: Stage finished
[2025-07-08T17:32:35.685+0000] {spark_submit.py:644} INFO - 25/07/08 17:32:35 INFO DAGScheduler: Job 4 finished: collect at /opt/bitnami/spark/jobs/process_exercises_job.py:414, took 0.122040 s
[2025-07-08T17:32:35.689+0000] {spark_submit.py:644} INFO - [PROCESS EXERCISES] ℹ️  Encontrados 2 arquivos Protobuf (.pb)
[2025-07-08T17:32:35.690+0000] {spark_submit.py:644} INFO - [PROCESS EXERCISES] ℹ️  Encontrados 2 arquivos do tipo PROTO
[2025-07-08T17:32:35.690+0000] {spark_submit.py:644} INFO - [PROCESS EXERCISES] 🔄 Processando 2 arquivos Protobuf
[2025-07-08T17:32:35.691+0000] {spark_submit.py:644} INFO - [PROCESS EXERCISES] ℹ️  Processando arquivo Protobuf: s3a://bronze/exercises/CA-LESTE-construtiva-1DE-2025-07-08/simulations/172.19.0.14_2025-07-08/17-17.29/session-proto_1.pb
[2025-07-08T17:32:35.742+0000] {spark_submit.py:644} INFO - 25/07/08 17:32:35 INFO InMemoryFileIndex: It took 9 ms to list leaf files for 1 paths.
[2025-07-08T17:32:36.010+0000] {spark_submit.py:644} INFO - 25/07/08 17:32:36 INFO FileSourceStrategy: Pushed Filters:
[2025-07-08T17:32:36.011+0000] {spark_submit.py:644} INFO - 25/07/08 17:32:36 INFO FileSourceStrategy: Post-Scan Filters:
[2025-07-08T17:32:36.053+0000] {spark_submit.py:644} INFO - 25/07/08 17:32:36 INFO CodeGenerator: Code generated in 13.899184 ms
[2025-07-08T17:32:36.077+0000] {spark_submit.py:644} INFO - 25/07/08 17:32:36 INFO CodeGenerator: Code generated in 14.355542 ms
[2025-07-08T17:32:36.081+0000] {spark_submit.py:644} INFO - 25/07/08 17:32:36 INFO MemoryStore: Block broadcast_8 stored as values in memory (estimated size 203.5 KiB, free 434.0 MiB)
[2025-07-08T17:32:36.089+0000] {spark_submit.py:644} INFO - 25/07/08 17:32:36 INFO MemoryStore: Block broadcast_8_piece0 stored as bytes in memory (estimated size 35.7 KiB, free 433.9 MiB)
[2025-07-08T17:32:36.112+0000] {spark_submit.py:644} INFO - 25/07/08 17:32:36 INFO BlockManagerInfo: Added broadcast_8_piece0 in memory on 3748f1b8240a:42289 (size: 35.7 KiB, free: 434.3 MiB)
[2025-07-08T17:32:36.116+0000] {spark_submit.py:644} INFO - 25/07/08 17:32:36 INFO SparkContext: Created broadcast 8 from count at NativeMethodAccessorImpl.java:0
[2025-07-08T17:32:36.118+0000] {spark_submit.py:644} INFO - 25/07/08 17:32:36 INFO FileSourceScanExec: Planning scan with bin packing, max size: 4194304 bytes, open cost is considered as scanning 4194304 bytes.
[2025-07-08T17:32:36.156+0000] {spark_submit.py:644} INFO - 25/07/08 17:32:36 INFO DAGScheduler: Registering RDD 28 (count at NativeMethodAccessorImpl.java:0) as input to shuffle 1
[2025-07-08T17:32:36.157+0000] {spark_submit.py:644} INFO - 25/07/08 17:32:36 INFO DAGScheduler: Got map stage job 5 (count at NativeMethodAccessorImpl.java:0) with 1 output partitions
[2025-07-08T17:32:36.157+0000] {spark_submit.py:644} INFO - 25/07/08 17:32:36 INFO DAGScheduler: Final stage: ShuffleMapStage 6 (count at NativeMethodAccessorImpl.java:0)
[2025-07-08T17:32:36.158+0000] {spark_submit.py:644} INFO - 25/07/08 17:32:36 INFO DAGScheduler: Parents of final stage: List()
[2025-07-08T17:32:36.159+0000] {spark_submit.py:644} INFO - 25/07/08 17:32:36 INFO DAGScheduler: Missing parents: List()
[2025-07-08T17:32:36.160+0000] {spark_submit.py:644} INFO - 25/07/08 17:32:36 INFO DAGScheduler: Submitting ShuffleMapStage 6 (MapPartitionsRDD[28] at count at NativeMethodAccessorImpl.java:0), which has no missing parents
[2025-07-08T17:32:36.161+0000] {spark_submit.py:644} INFO - 25/07/08 17:32:36 INFO MemoryStore: Block broadcast_9 stored as values in memory (estimated size 41.6 KiB, free 433.9 MiB)
[2025-07-08T17:32:36.163+0000] {spark_submit.py:644} INFO - 25/07/08 17:32:36 INFO MemoryStore: Block broadcast_9_piece0 stored as bytes in memory (estimated size 19.4 KiB, free 433.9 MiB)
[2025-07-08T17:32:36.164+0000] {spark_submit.py:644} INFO - 25/07/08 17:32:36 INFO BlockManagerInfo: Added broadcast_9_piece0 in memory on 3748f1b8240a:42289 (size: 19.4 KiB, free: 434.3 MiB)
[2025-07-08T17:32:36.165+0000] {spark_submit.py:644} INFO - 25/07/08 17:32:36 INFO SparkContext: Created broadcast 9 from broadcast at DAGScheduler.scala:1585
[2025-07-08T17:32:36.166+0000] {spark_submit.py:644} INFO - 25/07/08 17:32:36 INFO DAGScheduler: Submitting 1 missing tasks from ShuffleMapStage 6 (MapPartitionsRDD[28] at count at NativeMethodAccessorImpl.java:0) (first 15 tasks are for partitions Vector(0))
[2025-07-08T17:32:36.167+0000] {spark_submit.py:644} INFO - 25/07/08 17:32:36 INFO TaskSchedulerImpl: Adding task set 6.0 with 1 tasks resource profile 0
[2025-07-08T17:32:36.167+0000] {spark_submit.py:644} INFO - 25/07/08 17:32:36 INFO TaskSetManager: Starting task 0.0 in stage 6.0 (TID 8) (172.19.0.8, executor 0, partition 0, PROCESS_LOCAL, 10191 bytes)
[2025-07-08T17:32:36.181+0000] {spark_submit.py:644} INFO - 25/07/08 17:32:36 INFO BlockManagerInfo: Added broadcast_9_piece0 in memory on 172.19.0.8:45535 (size: 19.4 KiB, free: 434.3 MiB)
[2025-07-08T17:32:36.258+0000] {spark_submit.py:644} INFO - 25/07/08 17:32:36 INFO BlockManagerInfo: Added broadcast_8_piece0 in memory on 172.19.0.8:45535 (size: 35.7 KiB, free: 434.3 MiB)
[2025-07-08T17:32:36.929+0000] {spark_submit.py:644} INFO - 25/07/08 17:32:36 INFO TaskSetManager: Finished task 0.0 in stage 6.0 (TID 8) in 762 ms on 172.19.0.8 (executor 0) (1/1)
[2025-07-08T17:32:36.930+0000] {spark_submit.py:644} INFO - 25/07/08 17:32:36 INFO TaskSchedulerImpl: Removed TaskSet 6.0, whose tasks have all completed, from pool
[2025-07-08T17:32:36.931+0000] {spark_submit.py:644} INFO - 25/07/08 17:32:36 INFO DAGScheduler: ShuffleMapStage 6 (count at NativeMethodAccessorImpl.java:0) finished in 0.772 s
[2025-07-08T17:32:36.932+0000] {spark_submit.py:644} INFO - 25/07/08 17:32:36 INFO DAGScheduler: looking for newly runnable stages
[2025-07-08T17:32:36.932+0000] {spark_submit.py:644} INFO - 25/07/08 17:32:36 INFO DAGScheduler: running: Set()
[2025-07-08T17:32:36.933+0000] {spark_submit.py:644} INFO - 25/07/08 17:32:36 INFO DAGScheduler: waiting: Set()
[2025-07-08T17:32:36.934+0000] {spark_submit.py:644} INFO - 25/07/08 17:32:36 INFO DAGScheduler: failed: Set()
[2025-07-08T17:32:36.964+0000] {spark_submit.py:644} INFO - 25/07/08 17:32:36 INFO CodeGenerator: Code generated in 13.845676 ms
[2025-07-08T17:32:37.018+0000] {spark_submit.py:644} INFO - 25/07/08 17:32:37 INFO SparkContext: Starting job: count at NativeMethodAccessorImpl.java:0
[2025-07-08T17:32:37.020+0000] {spark_submit.py:644} INFO - 25/07/08 17:32:37 INFO DAGScheduler: Got job 6 (count at NativeMethodAccessorImpl.java:0) with 1 output partitions
[2025-07-08T17:32:37.021+0000] {spark_submit.py:644} INFO - 25/07/08 17:32:37 INFO DAGScheduler: Final stage: ResultStage 8 (count at NativeMethodAccessorImpl.java:0)
[2025-07-08T17:32:37.022+0000] {spark_submit.py:644} INFO - 25/07/08 17:32:37 INFO DAGScheduler: Parents of final stage: List(ShuffleMapStage 7)
[2025-07-08T17:32:37.022+0000] {spark_submit.py:644} INFO - 25/07/08 17:32:37 INFO DAGScheduler: Missing parents: List()
[2025-07-08T17:32:37.023+0000] {spark_submit.py:644} INFO - 25/07/08 17:32:37 INFO DAGScheduler: Submitting ResultStage 8 (MapPartitionsRDD[31] at count at NativeMethodAccessorImpl.java:0), which has no missing parents
[2025-07-08T17:32:37.024+0000] {spark_submit.py:644} INFO - 25/07/08 17:32:37 INFO MemoryStore: Block broadcast_10 stored as values in memory (estimated size 12.5 KiB, free 433.8 MiB)
[2025-07-08T17:32:37.026+0000] {spark_submit.py:644} INFO - 25/07/08 17:32:37 INFO MemoryStore: Block broadcast_10_piece0 stored as bytes in memory (estimated size 5.9 KiB, free 433.8 MiB)
[2025-07-08T17:32:37.038+0000] {spark_submit.py:644} INFO - 25/07/08 17:32:37 INFO BlockManagerInfo: Added broadcast_10_piece0 in memory on 3748f1b8240a:42289 (size: 5.9 KiB, free: 434.3 MiB)
[2025-07-08T17:32:37.039+0000] {spark_submit.py:644} INFO - 25/07/08 17:32:37 INFO SparkContext: Created broadcast 10 from broadcast at DAGScheduler.scala:1585
[2025-07-08T17:32:37.040+0000] {spark_submit.py:644} INFO - 25/07/08 17:32:37 INFO DAGScheduler: Submitting 1 missing tasks from ResultStage 8 (MapPartitionsRDD[31] at count at NativeMethodAccessorImpl.java:0) (first 15 tasks are for partitions Vector(0))
[2025-07-08T17:32:37.040+0000] {spark_submit.py:644} INFO - 25/07/08 17:32:37 INFO TaskSchedulerImpl: Adding task set 8.0 with 1 tasks resource profile 0
[2025-07-08T17:32:37.042+0000] {spark_submit.py:644} INFO - 25/07/08 17:32:37 INFO TaskSetManager: Starting task 0.0 in stage 8.0 (TID 9) (172.19.0.8, executor 0, partition 0, NODE_LOCAL, 9518 bytes)
[2025-07-08T17:32:37.110+0000] {spark_submit.py:644} INFO - 25/07/08 17:32:37 INFO BlockManagerInfo: Added broadcast_10_piece0 in memory on 172.19.0.8:45535 (size: 5.9 KiB, free: 434.3 MiB)
[2025-07-08T17:32:37.113+0000] {spark_submit.py:644} INFO - 25/07/08 17:32:37 INFO MapOutputTrackerMasterEndpoint: Asked to send map output locations for shuffle 1 to 172.19.0.8:51216
[2025-07-08T17:32:37.151+0000] {spark_submit.py:644} INFO - 25/07/08 17:32:37 INFO TaskSetManager: Finished task 0.0 in stage 8.0 (TID 9) in 110 ms on 172.19.0.8 (executor 0) (1/1)
[2025-07-08T17:32:37.152+0000] {spark_submit.py:644} INFO - 25/07/08 17:32:37 INFO TaskSchedulerImpl: Removed TaskSet 8.0, whose tasks have all completed, from pool
[2025-07-08T17:32:37.153+0000] {spark_submit.py:644} INFO - 25/07/08 17:32:37 INFO DAGScheduler: ResultStage 8 (count at NativeMethodAccessorImpl.java:0) finished in 0.130 s
[2025-07-08T17:32:37.154+0000] {spark_submit.py:644} INFO - 25/07/08 17:32:37 INFO DAGScheduler: Job 6 is finished. Cancelling potential speculative or zombie tasks for this job
[2025-07-08T17:32:37.154+0000] {spark_submit.py:644} INFO - 25/07/08 17:32:37 INFO TaskSchedulerImpl: Killing all running tasks in stage 8: Stage finished
[2025-07-08T17:32:37.155+0000] {spark_submit.py:644} INFO - 25/07/08 17:32:37 INFO DAGScheduler: Job 6 finished: count at NativeMethodAccessorImpl.java:0, took 0.135129 s
[2025-07-08T17:32:37.157+0000] {spark_submit.py:644} INFO - [PROCESS EXERCISES] ⚠️  Nenhum registro extraído do arquivo Protobuf: s3a://bronze/exercises/CA-LESTE-construtiva-1DE-2025-07-08/simulations/172.19.0.14_2025-07-08/17-17.29/session-proto_1.pb
[2025-07-08T17:32:37.158+0000] {spark_submit.py:644} INFO - [PROCESS EXERCISES] ℹ️  Processando arquivo Protobuf: s3a://bronze/exercises/CA-LESTE-construtiva-1DE-2025-07-08/simulations/172.19.0.14_2025-07-08/17-17.29/session-proto_2.pb
[2025-07-08T17:32:37.226+0000] {spark_submit.py:644} INFO - 25/07/08 17:32:37 INFO InMemoryFileIndex: It took 9 ms to list leaf files for 1 paths.
[2025-07-08T17:32:37.534+0000] {spark_submit.py:644} INFO - 25/07/08 17:32:37 INFO FileSourceStrategy: Pushed Filters:
[2025-07-08T17:32:37.537+0000] {spark_submit.py:644} INFO - 25/07/08 17:32:37 INFO FileSourceStrategy: Post-Scan Filters:
[2025-07-08T17:32:37.748+0000] {spark_submit.py:644} INFO - 25/07/08 17:32:37 INFO MemoryStore: Block broadcast_11 stored as values in memory (estimated size 203.5 KiB, free 433.6 MiB)
[2025-07-08T17:32:37.825+0000] {spark_submit.py:644} INFO - 25/07/08 17:32:37 INFO MemoryStore: Block broadcast_11_piece0 stored as bytes in memory (estimated size 35.7 KiB, free 433.6 MiB)
[2025-07-08T17:32:37.834+0000] {spark_submit.py:644} INFO - 25/07/08 17:32:37 INFO BlockManagerInfo: Added broadcast_11_piece0 in memory on 3748f1b8240a:42289 (size: 35.7 KiB, free: 434.3 MiB)
[2025-07-08T17:32:37.835+0000] {spark_submit.py:644} INFO - 25/07/08 17:32:37 INFO SparkContext: Created broadcast 11 from count at NativeMethodAccessorImpl.java:0
[2025-07-08T17:32:37.836+0000] {spark_submit.py:644} INFO - 25/07/08 17:32:37 INFO FileSourceScanExec: Planning scan with bin packing, max size: 4194304 bytes, open cost is considered as scanning 4194304 bytes.
[2025-07-08T17:32:37.847+0000] {spark_submit.py:644} INFO - 25/07/08 17:32:37 INFO BlockManagerInfo: Removed broadcast_9_piece0 on 3748f1b8240a:42289 in memory (size: 19.4 KiB, free: 434.3 MiB)
[2025-07-08T17:32:37.850+0000] {spark_submit.py:644} INFO - 25/07/08 17:32:37 INFO BlockManagerInfo: Removed broadcast_9_piece0 on 172.19.0.8:45535 in memory (size: 19.4 KiB, free: 434.3 MiB)
[2025-07-08T17:32:37.856+0000] {spark_submit.py:644} INFO - 25/07/08 17:32:37 INFO DAGScheduler: Registering RDD 40 (count at NativeMethodAccessorImpl.java:0) as input to shuffle 2
[2025-07-08T17:32:37.857+0000] {spark_submit.py:644} INFO - 25/07/08 17:32:37 INFO DAGScheduler: Got map stage job 7 (count at NativeMethodAccessorImpl.java:0) with 1 output partitions
[2025-07-08T17:32:37.857+0000] {spark_submit.py:644} INFO - 25/07/08 17:32:37 INFO DAGScheduler: Final stage: ShuffleMapStage 9 (count at NativeMethodAccessorImpl.java:0)
[2025-07-08T17:32:37.858+0000] {spark_submit.py:644} INFO - 25/07/08 17:32:37 INFO DAGScheduler: Parents of final stage: List()
[2025-07-08T17:32:37.859+0000] {spark_submit.py:644} INFO - 25/07/08 17:32:37 INFO BlockManagerInfo: Removed broadcast_7_piece0 on 3748f1b8240a:42289 in memory (size: 4.7 KiB, free: 434.3 MiB)
[2025-07-08T17:32:37.860+0000] {spark_submit.py:644} INFO - 25/07/08 17:32:37 INFO DAGScheduler: Missing parents: List()
[2025-07-08T17:32:37.860+0000] {spark_submit.py:644} INFO - 25/07/08 17:32:37 INFO DAGScheduler: Submitting ShuffleMapStage 9 (MapPartitionsRDD[40] at count at NativeMethodAccessorImpl.java:0), which has no missing parents
[2025-07-08T17:32:37.861+0000] {spark_submit.py:644} INFO - 25/07/08 17:32:37 INFO BlockManagerInfo: Removed broadcast_7_piece0 on 172.19.0.8:45535 in memory (size: 4.7 KiB, free: 434.3 MiB)
[2025-07-08T17:32:37.862+0000] {spark_submit.py:644} INFO - 25/07/08 17:32:37 INFO MemoryStore: Block broadcast_12 stored as values in memory (estimated size 41.6 KiB, free 433.6 MiB)
[2025-07-08T17:32:37.868+0000] {spark_submit.py:644} INFO - 25/07/08 17:32:37 INFO BlockManagerInfo: Removed broadcast_10_piece0 on 172.19.0.8:45535 in memory (size: 5.9 KiB, free: 434.3 MiB)
[2025-07-08T17:32:37.869+0000] {spark_submit.py:644} INFO - 25/07/08 17:32:37 INFO BlockManagerInfo: Removed broadcast_10_piece0 on 3748f1b8240a:42289 in memory (size: 5.9 KiB, free: 434.3 MiB)
[2025-07-08T17:32:37.870+0000] {spark_submit.py:644} INFO - 25/07/08 17:32:37 INFO MemoryStore: Block broadcast_12_piece0 stored as bytes in memory (estimated size 19.4 KiB, free 433.6 MiB)
[2025-07-08T17:32:37.878+0000] {spark_submit.py:644} INFO - 25/07/08 17:32:37 INFO BlockManagerInfo: Removed broadcast_8_piece0 on 172.19.0.8:45535 in memory (size: 35.7 KiB, free: 434.4 MiB)
[2025-07-08T17:32:37.887+0000] {spark_submit.py:644} INFO - 25/07/08 17:32:37 INFO BlockManagerInfo: Added broadcast_12_piece0 in memory on 3748f1b8240a:42289 (size: 19.4 KiB, free: 434.3 MiB)
[2025-07-08T17:32:37.888+0000] {spark_submit.py:644} INFO - 25/07/08 17:32:37 INFO BlockManagerInfo: Removed broadcast_8_piece0 on 3748f1b8240a:42289 in memory (size: 35.7 KiB, free: 434.3 MiB)
[2025-07-08T17:32:37.888+0000] {spark_submit.py:644} INFO - 25/07/08 17:32:37 INFO SparkContext: Created broadcast 12 from broadcast at DAGScheduler.scala:1585
[2025-07-08T17:32:37.889+0000] {spark_submit.py:644} INFO - 25/07/08 17:32:37 INFO DAGScheduler: Submitting 1 missing tasks from ShuffleMapStage 9 (MapPartitionsRDD[40] at count at NativeMethodAccessorImpl.java:0) (first 15 tasks are for partitions Vector(0))
[2025-07-08T17:32:37.889+0000] {spark_submit.py:644} INFO - 25/07/08 17:32:37 INFO TaskSchedulerImpl: Adding task set 9.0 with 1 tasks resource profile 0
[2025-07-08T17:32:37.910+0000] {spark_submit.py:644} INFO - 25/07/08 17:32:37 INFO TaskSetManager: Starting task 0.0 in stage 9.0 (TID 10) (172.19.0.8, executor 0, partition 0, PROCESS_LOCAL, 10191 bytes)
[2025-07-08T17:32:37.928+0000] {spark_submit.py:644} INFO - 25/07/08 17:32:37 INFO BlockManagerInfo: Removed broadcast_6_piece0 on 3748f1b8240a:42289 in memory (size: 35.7 KiB, free: 434.3 MiB)
[2025-07-08T17:32:37.937+0000] {spark_submit.py:644} INFO - 25/07/08 17:32:37 INFO BlockManagerInfo: Removed broadcast_6_piece0 on 172.19.0.8:45535 in memory (size: 35.7 KiB, free: 434.4 MiB)
[2025-07-08T17:32:37.970+0000] {spark_submit.py:644} INFO - 25/07/08 17:32:37 INFO BlockManagerInfo: Added broadcast_12_piece0 in memory on 172.19.0.8:45535 (size: 19.4 KiB, free: 434.4 MiB)
[2025-07-08T17:32:38.022+0000] {spark_submit.py:644} INFO - 25/07/08 17:32:38 INFO BlockManagerInfo: Added broadcast_11_piece0 in memory on 172.19.0.8:45535 (size: 35.7 KiB, free: 434.3 MiB)
[2025-07-08T17:32:38.313+0000] {spark_submit.py:644} INFO - 25/07/08 17:32:38 INFO TaskSetManager: Finished task 0.0 in stage 9.0 (TID 10) in 424 ms on 172.19.0.8 (executor 0) (1/1)
[2025-07-08T17:32:38.314+0000] {spark_submit.py:644} INFO - 25/07/08 17:32:38 INFO TaskSchedulerImpl: Removed TaskSet 9.0, whose tasks have all completed, from pool
[2025-07-08T17:32:38.315+0000] {spark_submit.py:644} INFO - 25/07/08 17:32:38 INFO DAGScheduler: ShuffleMapStage 9 (count at NativeMethodAccessorImpl.java:0) finished in 0.457 s
[2025-07-08T17:32:38.316+0000] {spark_submit.py:644} INFO - 25/07/08 17:32:38 INFO DAGScheduler: looking for newly runnable stages
[2025-07-08T17:32:38.316+0000] {spark_submit.py:644} INFO - 25/07/08 17:32:38 INFO DAGScheduler: running: Set()
[2025-07-08T17:32:38.317+0000] {spark_submit.py:644} INFO - 25/07/08 17:32:38 INFO DAGScheduler: waiting: Set()
[2025-07-08T17:32:38.318+0000] {spark_submit.py:644} INFO - 25/07/08 17:32:38 INFO DAGScheduler: failed: Set()
[2025-07-08T17:32:38.335+0000] {spark_submit.py:644} INFO - 25/07/08 17:32:38 INFO BlockManagerInfo: Removed broadcast_12_piece0 on 3748f1b8240a:42289 in memory (size: 19.4 KiB, free: 434.4 MiB)
[2025-07-08T17:32:38.338+0000] {spark_submit.py:644} INFO - 25/07/08 17:32:38 INFO BlockManagerInfo: Removed broadcast_12_piece0 on 172.19.0.8:45535 in memory (size: 19.4 KiB, free: 434.4 MiB)
[2025-07-08T17:32:38.345+0000] {spark_submit.py:644} INFO - 25/07/08 17:32:38 INFO SparkContext: Starting job: count at NativeMethodAccessorImpl.java:0
[2025-07-08T17:32:38.346+0000] {spark_submit.py:644} INFO - 25/07/08 17:32:38 INFO DAGScheduler: Got job 8 (count at NativeMethodAccessorImpl.java:0) with 1 output partitions
[2025-07-08T17:32:38.347+0000] {spark_submit.py:644} INFO - 25/07/08 17:32:38 INFO DAGScheduler: Final stage: ResultStage 11 (count at NativeMethodAccessorImpl.java:0)
[2025-07-08T17:32:38.348+0000] {spark_submit.py:644} INFO - 25/07/08 17:32:38 INFO DAGScheduler: Parents of final stage: List(ShuffleMapStage 10)
[2025-07-08T17:32:38.349+0000] {spark_submit.py:644} INFO - 25/07/08 17:32:38 INFO DAGScheduler: Missing parents: List()
[2025-07-08T17:32:38.349+0000] {spark_submit.py:644} INFO - 25/07/08 17:32:38 INFO DAGScheduler: Submitting ResultStage 11 (MapPartitionsRDD[43] at count at NativeMethodAccessorImpl.java:0), which has no missing parents
[2025-07-08T17:32:38.350+0000] {spark_submit.py:644} INFO - 25/07/08 17:32:38 INFO MemoryStore: Block broadcast_13 stored as values in memory (estimated size 12.5 KiB, free 434.2 MiB)
[2025-07-08T17:32:38.397+0000] {spark_submit.py:644} INFO - 25/07/08 17:32:38 INFO MemoryStore: Block broadcast_13_piece0 stored as bytes in memory (estimated size 5.9 KiB, free 434.1 MiB)
[2025-07-08T17:32:38.417+0000] {spark_submit.py:644} INFO - 25/07/08 17:32:38 INFO BlockManagerInfo: Added broadcast_13_piece0 in memory on 3748f1b8240a:42289 (size: 5.9 KiB, free: 434.4 MiB)
[2025-07-08T17:32:38.418+0000] {spark_submit.py:644} INFO - 25/07/08 17:32:38 INFO SparkContext: Created broadcast 13 from broadcast at DAGScheduler.scala:1585
[2025-07-08T17:32:38.419+0000] {spark_submit.py:644} INFO - 25/07/08 17:32:38 INFO DAGScheduler: Submitting 1 missing tasks from ResultStage 11 (MapPartitionsRDD[43] at count at NativeMethodAccessorImpl.java:0) (first 15 tasks are for partitions Vector(0))
[2025-07-08T17:32:38.419+0000] {spark_submit.py:644} INFO - 25/07/08 17:32:38 INFO TaskSchedulerImpl: Adding task set 11.0 with 1 tasks resource profile 0
[2025-07-08T17:32:38.420+0000] {spark_submit.py:644} INFO - 25/07/08 17:32:38 INFO TaskSetManager: Starting task 0.0 in stage 11.0 (TID 11) (172.19.0.8, executor 0, partition 0, NODE_LOCAL, 9518 bytes)
[2025-07-08T17:32:38.447+0000] {spark_submit.py:644} INFO - 25/07/08 17:32:38 INFO BlockManagerInfo: Added broadcast_13_piece0 in memory on 172.19.0.8:45535 (size: 5.9 KiB, free: 434.4 MiB)
[2025-07-08T17:32:38.472+0000] {spark_submit.py:644} INFO - 25/07/08 17:32:38 INFO MapOutputTrackerMasterEndpoint: Asked to send map output locations for shuffle 2 to 172.19.0.8:51216
[2025-07-08T17:32:38.487+0000] {spark_submit.py:644} INFO - 25/07/08 17:32:38 INFO TaskSetManager: Finished task 0.0 in stage 11.0 (TID 11) in 68 ms on 172.19.0.8 (executor 0) (1/1)
[2025-07-08T17:32:38.488+0000] {spark_submit.py:644} INFO - 25/07/08 17:32:38 INFO TaskSchedulerImpl: Removed TaskSet 11.0, whose tasks have all completed, from pool
[2025-07-08T17:32:38.488+0000] {spark_submit.py:644} INFO - 25/07/08 17:32:38 INFO DAGScheduler: ResultStage 11 (count at NativeMethodAccessorImpl.java:0) finished in 0.140 s
[2025-07-08T17:32:38.489+0000] {spark_submit.py:644} INFO - 25/07/08 17:32:38 INFO DAGScheduler: Job 8 is finished. Cancelling potential speculative or zombie tasks for this job
[2025-07-08T17:32:38.490+0000] {spark_submit.py:644} INFO - 25/07/08 17:32:38 INFO TaskSchedulerImpl: Killing all running tasks in stage 11: Stage finished
[2025-07-08T17:32:38.490+0000] {spark_submit.py:644} INFO - 25/07/08 17:32:38 INFO DAGScheduler: Job 8 finished: count at NativeMethodAccessorImpl.java:0, took 0.144164 s
[2025-07-08T17:32:38.492+0000] {spark_submit.py:644} INFO - [PROCESS EXERCISES] ⚠️  Nenhum registro extraído do arquivo Protobuf: s3a://bronze/exercises/CA-LESTE-construtiva-1DE-2025-07-08/simulations/172.19.0.14_2025-07-08/17-17.29/session-proto_2.pb
[2025-07-08T17:32:38.492+0000] {spark_submit.py:644} INFO - [PROCESS EXERCISES] ⚠️  Nenhum registro de simulação foi processado
[2025-07-08T17:32:38.493+0000] {spark_submit.py:644} INFO - [PROCESS EXERCISES] ℹ️  Tipo de mensagem de simulação: PROTO
[2025-07-08T17:32:38.494+0000] {spark_submit.py:644} INFO - [PROCESS EXERCISES] ⚠️  Nenhuma simulação processada
[2025-07-08T17:32:38.494+0000] {spark_submit.py:644} INFO - [PROCESS EXERCISES] ✅ ✨ Processamento concluído com sucesso!
[2025-07-08T17:32:38.495+0000] {spark_submit.py:644} INFO - [PROCESS EXERCISES] 🔄 Finalizando sessão Spark
[2025-07-08T17:32:38.495+0000] {spark_submit.py:644} INFO - 25/07/08 17:32:38 INFO SparkContext: SparkContext is stopping with exitCode 0.
[2025-07-08T17:32:38.501+0000] {spark_submit.py:644} INFO - 25/07/08 17:32:38 INFO SparkUI: Stopped Spark web UI at http://3748f1b8240a:4040
[2025-07-08T17:32:38.504+0000] {spark_submit.py:644} INFO - 25/07/08 17:32:38 INFO StandaloneSchedulerBackend: Shutting down all executors
[2025-07-08T17:32:38.505+0000] {spark_submit.py:644} INFO - 25/07/08 17:32:38 INFO StandaloneSchedulerBackend$StandaloneDriverEndpoint: Asking each executor to shut down
[2025-07-08T17:32:38.520+0000] {spark_submit.py:644} INFO - 25/07/08 17:32:38 INFO MapOutputTrackerMasterEndpoint: MapOutputTrackerMasterEndpoint stopped!
[2025-07-08T17:32:38.537+0000] {spark_submit.py:644} INFO - 25/07/08 17:32:38 INFO MemoryStore: MemoryStore cleared
[2025-07-08T17:32:38.539+0000] {spark_submit.py:644} INFO - 25/07/08 17:32:38 INFO BlockManager: BlockManager stopped
[2025-07-08T17:32:38.545+0000] {spark_submit.py:644} INFO - 25/07/08 17:32:38 INFO BlockManagerMaster: BlockManagerMaster stopped
[2025-07-08T17:32:38.550+0000] {spark_submit.py:644} INFO - 25/07/08 17:32:38 INFO OutputCommitCoordinator$OutputCommitCoordinatorEndpoint: OutputCommitCoordinator stopped!
[2025-07-08T17:32:38.563+0000] {spark_submit.py:644} INFO - 25/07/08 17:32:38 INFO SparkContext: Successfully stopped SparkContext
[2025-07-08T17:32:39.323+0000] {spark_submit.py:644} INFO - [PROCESS EXERCISES] ✅ Sessão Spark finalizada com sucesso
[2025-07-08T17:32:39.450+0000] {spark_submit.py:644} INFO - 25/07/08 17:32:39 INFO ShutdownHookManager: Shutdown hook called
[2025-07-08T17:32:39.451+0000] {spark_submit.py:644} INFO - 25/07/08 17:32:39 INFO ShutdownHookManager: Deleting directory /tmp/spark-ed84e6e9-1cac-4829-afa6-609827a220d6/pyspark-02a8191d-7ae0-4462-9b36-f91f01b7929c
[2025-07-08T17:32:39.457+0000] {spark_submit.py:644} INFO - 25/07/08 17:32:39 INFO ShutdownHookManager: Deleting directory /tmp/spark-fab30f1d-6834-4cbc-951b-efb52baf8a0c
[2025-07-08T17:32:39.463+0000] {spark_submit.py:644} INFO - 25/07/08 17:32:39 INFO ShutdownHookManager: Deleting directory /tmp/spark-ed84e6e9-1cac-4829-afa6-609827a220d6
[2025-07-08T17:32:39.476+0000] {spark_submit.py:644} INFO - 25/07/08 17:32:39 INFO MetricsSystemImpl: Stopping s3a-file-system metrics system...
[2025-07-08T17:32:39.477+0000] {spark_submit.py:644} INFO - 25/07/08 17:32:39 INFO MetricsSystemImpl: s3a-file-system metrics system stopped.
[2025-07-08T17:32:39.478+0000] {spark_submit.py:644} INFO - 25/07/08 17:32:39 INFO MetricsSystemImpl: s3a-file-system metrics system shutdown complete.
[2025-07-08T17:32:39.854+0000] {taskinstance.py:349} INFO - ::group::Post task execution logs
[2025-07-08T17:32:39.855+0000] {taskinstance.py:361} INFO - Marking task as SUCCESS. dag_id=process_exercises, task_id=process_exercises, run_id=manual__2025-07-08T17:31:44.317375+00:00, execution_date=20250708T173144, start_date=20250708T173149, end_date=20250708T173239
[2025-07-08T17:32:40.000+0000] {local_task_job_runner.py:266} INFO - Task exited with return code 0
[2025-07-08T17:32:40.016+0000] {local_task_job_runner.py:245} INFO - ::endgroup::
