[2025-07-07T23:48:37.815+0000] {local_task_job_runner.py:123} INFO - ::group::Pre task execution logs
[2025-07-07T23:48:37.849+0000] {taskinstance.py:2631} INFO - Dependencies all met for dep_context=non-requeueable deps ti=<TaskInstance: process_sword_messages.process_sword_messages manual__2025-07-07T23:20:39.078289+00:00 [queued]>
[2025-07-07T23:48:37.862+0000] {taskinstance.py:2631} INFO - Dependencies all met for dep_context=requeueable deps ti=<TaskInstance: process_sword_messages.process_sword_messages manual__2025-07-07T23:20:39.078289+00:00 [queued]>
[2025-07-07T23:48:37.863+0000] {taskinstance.py:2884} INFO - Starting attempt 3 of 2
[2025-07-07T23:48:37.928+0000] {taskinstance.py:2907} INFO - Executing <Task(SparkSubmitOperator): process_sword_messages> on 2025-07-07 23:20:39.078289+00:00
[2025-07-07T23:48:37.938+0000] {logging_mixin.py:190} WARNING - /home/airflow/.local/lib/python3.12/site-packages/airflow/task/task_runner/standard_task_runner.py:70 DeprecationWarning: This process (pid=181) is multi-threaded, use of fork() may lead to deadlocks in the child.
[2025-07-07T23:48:37.940+0000] {standard_task_runner.py:72} INFO - Started process 182 to run task
[2025-07-07T23:48:37.938+0000] {standard_task_runner.py:104} INFO - Running: ['airflow', 'tasks', 'run', 'process_sword_messages', 'process_sword_messages', 'manual__2025-07-07T23:20:39.078289+00:00', '--job-id', '122', '--raw', '--subdir', 'DAGS_FOLDER/process_sword_messages.py', '--cfg-path', '/tmp/tmpdty2olm3']
[2025-07-07T23:48:37.941+0000] {standard_task_runner.py:105} INFO - Job 122: Subtask process_sword_messages
[2025-07-07T23:48:38.082+0000] {task_command.py:467} INFO - Running <TaskInstance: process_sword_messages.process_sword_messages manual__2025-07-07T23:20:39.078289+00:00 [running]> on host 1d260fd0c3c8
[2025-07-07T23:48:38.267+0000] {taskinstance.py:3157} INFO - Exporting env vars: AIRFLOW_CTX_DAG_OWNER='airflow' AIRFLOW_CTX_DAG_ID='process_sword_messages' AIRFLOW_CTX_TASK_ID='process_sword_messages' AIRFLOW_CTX_EXECUTION_DATE='2025-07-07T23:20:39.078289+00:00' AIRFLOW_CTX_TRY_NUMBER='3' AIRFLOW_CTX_DAG_RUN_ID='manual__2025-07-07T23:20:39.078289+00:00'
[2025-07-07T23:48:38.268+0000] {taskinstance.py:740} INFO - ::endgroup::
[2025-07-07T23:48:38.330+0000] {base.py:84} INFO - Retrieving connection 'spark-ebsim'
[2025-07-07T23:48:38.332+0000] {spark_submit.py:474} INFO - Spark-Submit cmd: spark-submit --master spark://spark-master:7077 --name arrow-spark --deploy-mode client /opt/bitnami/spark/jobs/sword_processor_job.py --input-file /opt/bitnami/spark/jobs/test_sword_messages.bin
[2025-07-07T23:48:41.833+0000] {spark_submit.py:644} INFO - 25/07/07 23:48:41 INFO SparkContext: Running Spark version 3.5.5
[2025-07-07T23:48:41.835+0000] {spark_submit.py:644} INFO - 25/07/07 23:48:41 INFO SparkContext: OS info Linux, 5.15.167.4-microsoft-standard-WSL2, amd64
[2025-07-07T23:48:41.835+0000] {spark_submit.py:644} INFO - 25/07/07 23:48:41 INFO SparkContext: Java version 17.0.15
[2025-07-07T23:48:41.884+0000] {spark_submit.py:644} INFO - 25/07/07 23:48:41 WARN NativeCodeLoader: Unable to load native-hadoop library for your platform... using builtin-java classes where applicable
[2025-07-07T23:48:41.957+0000] {spark_submit.py:644} INFO - 25/07/07 23:48:41 INFO ResourceUtils: ==============================================================
[2025-07-07T23:48:41.958+0000] {spark_submit.py:644} INFO - 25/07/07 23:48:41 INFO ResourceUtils: No custom resources configured for spark.driver.
[2025-07-07T23:48:41.958+0000] {spark_submit.py:644} INFO - 25/07/07 23:48:41 INFO ResourceUtils: ==============================================================
[2025-07-07T23:48:41.959+0000] {spark_submit.py:644} INFO - 25/07/07 23:48:41 INFO SparkContext: Submitted application: SwordMessageProcessor
[2025-07-07T23:48:42.002+0000] {spark_submit.py:644} INFO - 25/07/07 23:48:42 INFO ResourceProfile: Default ResourceProfile created, executor resources: Map(memory -> name: memory, amount: 1024, script: , vendor: , offHeap -> name: offHeap, amount: 0, script: , vendor: ), task resources: Map(cpus -> name: cpus, amount: 1.0)
[2025-07-07T23:48:42.015+0000] {spark_submit.py:644} INFO - 25/07/07 23:48:42 INFO ResourceProfile: Limiting resource is cpu
[2025-07-07T23:48:42.016+0000] {spark_submit.py:644} INFO - 25/07/07 23:48:42 INFO ResourceProfileManager: Added ResourceProfile id: 0
[2025-07-07T23:48:42.058+0000] {spark_submit.py:644} INFO - 25/07/07 23:48:42 INFO SecurityManager: Changing view acls to: airflow
[2025-07-07T23:48:42.059+0000] {spark_submit.py:644} INFO - 25/07/07 23:48:42 INFO SecurityManager: Changing modify acls to: airflow
[2025-07-07T23:48:42.059+0000] {spark_submit.py:644} INFO - 25/07/07 23:48:42 INFO SecurityManager: Changing view acls groups to:
[2025-07-07T23:48:42.060+0000] {spark_submit.py:644} INFO - 25/07/07 23:48:42 INFO SecurityManager: Changing modify acls groups to:
[2025-07-07T23:48:42.061+0000] {spark_submit.py:644} INFO - 25/07/07 23:48:42 INFO SecurityManager: SecurityManager: authentication disabled; ui acls disabled; users with view permissions: airflow; groups with view permissions: EMPTY; users with modify permissions: airflow; groups with modify permissions: EMPTY
[2025-07-07T23:48:42.301+0000] {spark_submit.py:644} INFO - 25/07/07 23:48:42 INFO Utils: Successfully started service 'sparkDriver' on port 40489.
[2025-07-07T23:48:42.322+0000] {spark_submit.py:644} INFO - 25/07/07 23:48:42 INFO SparkEnv: Registering MapOutputTracker
[2025-07-07T23:48:42.350+0000] {spark_submit.py:644} INFO - 25/07/07 23:48:42 INFO SparkEnv: Registering BlockManagerMaster
[2025-07-07T23:48:42.363+0000] {spark_submit.py:644} INFO - 25/07/07 23:48:42 INFO BlockManagerMasterEndpoint: Using org.apache.spark.storage.DefaultTopologyMapper for getting topology information
[2025-07-07T23:48:42.363+0000] {spark_submit.py:644} INFO - 25/07/07 23:48:42 INFO BlockManagerMasterEndpoint: BlockManagerMasterEndpoint up
[2025-07-07T23:48:42.367+0000] {spark_submit.py:644} INFO - 25/07/07 23:48:42 INFO SparkEnv: Registering BlockManagerMasterHeartbeat
[2025-07-07T23:48:42.385+0000] {spark_submit.py:644} INFO - 25/07/07 23:48:42 INFO DiskBlockManager: Created local directory at /tmp/blockmgr-0a824ad2-eaf6-4eb6-9ab2-2d0a5ef7dbac
[2025-07-07T23:48:42.396+0000] {spark_submit.py:644} INFO - 25/07/07 23:48:42 INFO MemoryStore: MemoryStore started with capacity 434.4 MiB
[2025-07-07T23:48:42.408+0000] {spark_submit.py:644} INFO - 25/07/07 23:48:42 INFO SparkEnv: Registering OutputCommitCoordinator
[2025-07-07T23:48:42.524+0000] {spark_submit.py:644} INFO - 25/07/07 23:48:42 INFO JettyUtils: Start Jetty 0.0.0.0:4040 for SparkUI
[2025-07-07T23:48:42.569+0000] {spark_submit.py:644} INFO - 25/07/07 23:48:42 INFO Utils: Successfully started service 'SparkUI' on port 4040.
[2025-07-07T23:48:42.684+0000] {spark_submit.py:644} INFO - 25/07/07 23:48:42 INFO StandaloneAppClient$ClientEndpoint: Connecting to master spark://spark-master:7077...
[2025-07-07T23:48:42.724+0000] {spark_submit.py:644} INFO - 25/07/07 23:48:42 INFO TransportClientFactory: Successfully created connection to spark-master/172.19.0.6:7077 after 22 ms (0 ms spent in bootstraps)
[2025-07-07T23:48:42.826+0000] {spark_submit.py:644} INFO - 25/07/07 23:48:42 INFO StandaloneSchedulerBackend: Connected to Spark cluster with app ID app-20250707234842-0001
[2025-07-07T23:48:42.828+0000] {spark_submit.py:644} INFO - 25/07/07 23:48:42 INFO StandaloneAppClient$ClientEndpoint: Executor added: app-20250707234842-0001/0 on worker-20250707234231-172.19.0.13-33723 (172.19.0.13:33723) with 2 core(s)
[2025-07-07T23:48:42.831+0000] {spark_submit.py:644} INFO - 25/07/07 23:48:42 INFO StandaloneSchedulerBackend: Granted executor ID app-20250707234842-0001/0 on hostPort 172.19.0.13:33723 with 2 core(s), 1024.0 MiB RAM
[2025-07-07T23:48:42.836+0000] {spark_submit.py:644} INFO - 25/07/07 23:48:42 INFO Utils: Successfully started service 'org.apache.spark.network.netty.NettyBlockTransferService' on port 34707.
[2025-07-07T23:48:42.837+0000] {spark_submit.py:644} INFO - 25/07/07 23:48:42 INFO NettyBlockTransferService: Server created on 1d260fd0c3c8:34707
[2025-07-07T23:48:42.838+0000] {spark_submit.py:644} INFO - 25/07/07 23:48:42 INFO BlockManager: Using org.apache.spark.storage.RandomBlockReplicationPolicy for block replication policy
[2025-07-07T23:48:42.845+0000] {spark_submit.py:644} INFO - 25/07/07 23:48:42 INFO BlockManagerMaster: Registering BlockManager BlockManagerId(driver, 1d260fd0c3c8, 34707, None)
[2025-07-07T23:48:42.850+0000] {spark_submit.py:644} INFO - 25/07/07 23:48:42 INFO BlockManagerMasterEndpoint: Registering block manager 1d260fd0c3c8:34707 with 434.4 MiB RAM, BlockManagerId(driver, 1d260fd0c3c8, 34707, None)
[2025-07-07T23:48:42.853+0000] {spark_submit.py:644} INFO - 25/07/07 23:48:42 INFO BlockManagerMaster: Registered BlockManager BlockManagerId(driver, 1d260fd0c3c8, 34707, None)
[2025-07-07T23:48:42.855+0000] {spark_submit.py:644} INFO - 25/07/07 23:48:42 INFO BlockManager: Initialized BlockManager: BlockManagerId(driver, 1d260fd0c3c8, 34707, None)
[2025-07-07T23:48:42.893+0000] {spark_submit.py:644} INFO - 25/07/07 23:48:42 INFO StandaloneAppClient$ClientEndpoint: Executor updated: app-20250707234842-0001/0 is now RUNNING
[2025-07-07T23:48:43.224+0000] {spark_submit.py:644} INFO - 25/07/07 23:48:43 INFO StandaloneSchedulerBackend: SchedulerBackend is ready for scheduling beginning after reached minRegisteredResourcesRatio: 0.0
[2025-07-07T23:48:44.208+0000] {spark_submit.py:644} INFO - 25/07/07 23:48:44 INFO MemoryStore: Block broadcast_0 stored as values in memory (estimated size 292.2 KiB, free 434.1 MiB)
[2025-07-07T23:48:44.291+0000] {spark_submit.py:644} INFO - 25/07/07 23:48:44 INFO MemoryStore: Block broadcast_0_piece0 stored as bytes in memory (estimated size 32.7 KiB, free 434.1 MiB)
[2025-07-07T23:48:44.294+0000] {spark_submit.py:644} INFO - 25/07/07 23:48:44 INFO BlockManagerInfo: Added broadcast_0_piece0 in memory on 1d260fd0c3c8:34707 (size: 32.7 KiB, free: 434.4 MiB)
[2025-07-07T23:48:44.300+0000] {spark_submit.py:644} INFO - 25/07/07 23:48:44 INFO SparkContext: Created broadcast 0 from binaryFiles at NativeMethodAccessorImpl.java:0
[2025-07-07T23:48:44.402+0000] {spark_submit.py:644} INFO - 25/07/07 23:48:44 INFO FileInputFormat: Total input files to process : 1
[2025-07-07T23:48:44.426+0000] {spark_submit.py:644} INFO - 25/07/07 23:48:44 INFO FileInputFormat: Total input files to process : 1
[2025-07-07T23:48:44.505+0000] {spark_submit.py:644} INFO - 25/07/07 23:48:44 INFO SparkContext: Starting job: collect at /opt/bitnami/spark/jobs/sword_processor_job.py:35
[2025-07-07T23:48:44.523+0000] {spark_submit.py:644} INFO - 25/07/07 23:48:44 INFO DAGScheduler: Got job 0 (collect at /opt/bitnami/spark/jobs/sword_processor_job.py:35) with 1 output partitions
[2025-07-07T23:48:44.524+0000] {spark_submit.py:644} INFO - 25/07/07 23:48:44 INFO DAGScheduler: Final stage: ResultStage 0 (collect at /opt/bitnami/spark/jobs/sword_processor_job.py:35)
[2025-07-07T23:48:44.524+0000] {spark_submit.py:644} INFO - 25/07/07 23:48:44 INFO DAGScheduler: Parents of final stage: List()
[2025-07-07T23:48:44.526+0000] {spark_submit.py:644} INFO - 25/07/07 23:48:44 INFO DAGScheduler: Missing parents: List()
[2025-07-07T23:48:44.530+0000] {spark_submit.py:644} INFO - 25/07/07 23:48:44 INFO DAGScheduler: Submitting ResultStage 0 (/opt/bitnami/spark/jobs/test_sword_messages.bin BinaryFileRDD[0] at binaryFiles at NativeMethodAccessorImpl.java:0), which has no missing parents
[2025-07-07T23:48:44.587+0000] {spark_submit.py:644} INFO - 25/07/07 23:48:44 INFO MemoryStore: Block broadcast_1 stored as values in memory (estimated size 3.7 KiB, free 434.1 MiB)
[2025-07-07T23:48:44.590+0000] {spark_submit.py:644} INFO - 25/07/07 23:48:44 INFO MemoryStore: Block broadcast_1_piece0 stored as bytes in memory (estimated size 2.2 KiB, free 434.1 MiB)
[2025-07-07T23:48:44.592+0000] {spark_submit.py:644} INFO - 25/07/07 23:48:44 INFO BlockManagerInfo: Added broadcast_1_piece0 in memory on 1d260fd0c3c8:34707 (size: 2.2 KiB, free: 434.4 MiB)
[2025-07-07T23:48:44.593+0000] {spark_submit.py:644} INFO - 25/07/07 23:48:44 INFO SparkContext: Created broadcast 1 from broadcast at DAGScheduler.scala:1585
[2025-07-07T23:48:44.616+0000] {spark_submit.py:644} INFO - 25/07/07 23:48:44 INFO DAGScheduler: Submitting 1 missing tasks from ResultStage 0 (/opt/bitnami/spark/jobs/test_sword_messages.bin BinaryFileRDD[0] at binaryFiles at NativeMethodAccessorImpl.java:0) (first 15 tasks are for partitions Vector(0))
[2025-07-07T23:48:44.617+0000] {spark_submit.py:644} INFO - 25/07/07 23:48:44 INFO TaskSchedulerImpl: Adding task set 0.0 with 1 tasks resource profile 0
[2025-07-07T23:48:46.421+0000] {spark_submit.py:644} INFO - 25/07/07 23:48:46 INFO StandaloneSchedulerBackend$StandaloneDriverEndpoint: Registered executor NettyRpcEndpointRef(spark-client://Executor) (172.19.0.13:51148) with ID 0,  ResourceProfileId 0
[2025-07-07T23:48:46.572+0000] {spark_submit.py:644} INFO - 25/07/07 23:48:46 INFO BlockManagerMasterEndpoint: Registering block manager 172.19.0.13:40321 with 434.4 MiB RAM, BlockManagerId(0, 172.19.0.13, 40321, None)
[2025-07-07T23:48:51.026+0000] {spark_submit.py:644} INFO - 25/07/07 23:48:51 INFO TaskSetManager: Starting task 0.0 in stage 0.0 (TID 0) (172.19.0.13, executor 0, partition 0, PROCESS_LOCAL, 9147 bytes)
[2025-07-07T23:48:51.440+0000] {spark_submit.py:644} INFO - 25/07/07 23:48:51 INFO BlockManagerInfo: Added broadcast_1_piece0 in memory on 172.19.0.13:40321 (size: 2.2 KiB, free: 434.4 MiB)
[2025-07-07T23:48:51.738+0000] {spark_submit.py:644} INFO - 25/07/07 23:48:51 INFO BlockManagerInfo: Added broadcast_0_piece0 in memory on 172.19.0.13:40321 (size: 32.7 KiB, free: 434.4 MiB)
[2025-07-07T23:48:52.070+0000] {spark_submit.py:644} INFO - 25/07/07 23:48:52 INFO TaskSetManager: Finished task 0.0 in stage 0.0 (TID 0) in 1061 ms on 172.19.0.13 (executor 0) (1/1)
[2025-07-07T23:48:52.073+0000] {spark_submit.py:644} INFO - 25/07/07 23:48:52 INFO TaskSchedulerImpl: Removed TaskSet 0.0, whose tasks have all completed, from pool
[2025-07-07T23:48:52.078+0000] {spark_submit.py:644} INFO - 25/07/07 23:48:52 INFO DAGScheduler: ResultStage 0 (collect at /opt/bitnami/spark/jobs/sword_processor_job.py:35) finished in 7.495 s
[2025-07-07T23:48:52.083+0000] {spark_submit.py:644} INFO - 25/07/07 23:48:52 INFO DAGScheduler: Job 0 is finished. Cancelling potential speculative or zombie tasks for this job
[2025-07-07T23:48:52.083+0000] {spark_submit.py:644} INFO - 25/07/07 23:48:52 INFO TaskSchedulerImpl: Killing all running tasks in stage 0: Stage finished
[2025-07-07T23:48:52.086+0000] {spark_submit.py:644} INFO - 25/07/07 23:48:52 INFO DAGScheduler: Job 0 finished: collect at /opt/bitnami/spark/jobs/sword_processor_job.py:35, took 7.675803 s
[2025-07-07T23:48:54.792+0000] {spark_submit.py:644} INFO - 25/07/07 23:48:54 INFO SharedState: Setting hive.metastore.warehouse.dir ('null') to the value of spark.sql.warehouse.dir.
[2025-07-07T23:48:54.799+0000] {spark_submit.py:644} INFO - 25/07/07 23:48:54 INFO SharedState: Warehouse path is 'file:/opt/airflow/spark-warehouse'.
[2025-07-07T23:48:54.819+0000] {spark_submit.py:644} INFO - 25/07/07 23:48:54 INFO BlockManagerInfo: Removed broadcast_0_piece0 on 1d260fd0c3c8:34707 in memory (size: 32.7 KiB, free: 434.4 MiB)
[2025-07-07T23:48:54.836+0000] {spark_submit.py:644} INFO - 25/07/07 23:48:54 INFO BlockManagerInfo: Removed broadcast_0_piece0 on 172.19.0.13:40321 in memory (size: 32.7 KiB, free: 434.4 MiB)
[2025-07-07T23:48:54.899+0000] {spark_submit.py:644} INFO - 25/07/07 23:48:54 INFO BlockManagerInfo: Removed broadcast_1_piece0 on 1d260fd0c3c8:34707 in memory (size: 2.2 KiB, free: 434.4 MiB)
[2025-07-07T23:48:54.902+0000] {spark_submit.py:644} INFO - 25/07/07 23:48:54 INFO BlockManagerInfo: Removed broadcast_1_piece0 on 172.19.0.13:40321 in memory (size: 2.2 KiB, free: 434.4 MiB)
[2025-07-07T23:48:58.160+0000] {spark_submit.py:644} INFO - 25/07/07 23:48:58 INFO CodeGenerator: Code generated in 290.556127 ms
[2025-07-07T23:48:58.219+0000] {spark_submit.py:644} INFO - 25/07/07 23:48:58 INFO DAGScheduler: Registering RDD 7 (count at NativeMethodAccessorImpl.java:0) as input to shuffle 0
[2025-07-07T23:48:58.223+0000] {spark_submit.py:644} INFO - 25/07/07 23:48:58 INFO DAGScheduler: Got map stage job 1 (count at NativeMethodAccessorImpl.java:0) with 2 output partitions
[2025-07-07T23:48:58.224+0000] {spark_submit.py:644} INFO - 25/07/07 23:48:58 INFO DAGScheduler: Final stage: ShuffleMapStage 1 (count at NativeMethodAccessorImpl.java:0)
[2025-07-07T23:48:58.224+0000] {spark_submit.py:644} INFO - 25/07/07 23:48:58 INFO DAGScheduler: Parents of final stage: List()
[2025-07-07T23:48:58.225+0000] {spark_submit.py:644} INFO - 25/07/07 23:48:58 INFO DAGScheduler: Missing parents: List()
[2025-07-07T23:48:58.226+0000] {spark_submit.py:644} INFO - 25/07/07 23:48:58 INFO DAGScheduler: Submitting ShuffleMapStage 1 (MapPartitionsRDD[7] at count at NativeMethodAccessorImpl.java:0), which has no missing parents
[2025-07-07T23:48:58.255+0000] {spark_submit.py:644} INFO - 25/07/07 23:48:58 INFO MemoryStore: Block broadcast_2 stored as values in memory (estimated size 16.2 KiB, free 434.4 MiB)
[2025-07-07T23:48:58.287+0000] {spark_submit.py:644} INFO - 25/07/07 23:48:58 INFO MemoryStore: Block broadcast_2_piece0 stored as bytes in memory (estimated size 8.4 KiB, free 434.4 MiB)
[2025-07-07T23:48:58.288+0000] {spark_submit.py:644} INFO - 25/07/07 23:48:58 INFO BlockManagerInfo: Added broadcast_2_piece0 in memory on 1d260fd0c3c8:34707 (size: 8.4 KiB, free: 434.4 MiB)
[2025-07-07T23:48:58.289+0000] {spark_submit.py:644} INFO - 25/07/07 23:48:58 INFO SparkContext: Created broadcast 2 from broadcast at DAGScheduler.scala:1585
[2025-07-07T23:48:58.291+0000] {spark_submit.py:644} INFO - 25/07/07 23:48:58 INFO DAGScheduler: Submitting 2 missing tasks from ShuffleMapStage 1 (MapPartitionsRDD[7] at count at NativeMethodAccessorImpl.java:0) (first 15 tasks are for partitions Vector(0, 1))
[2025-07-07T23:48:58.292+0000] {spark_submit.py:644} INFO - 25/07/07 23:48:58 INFO TaskSchedulerImpl: Adding task set 1.0 with 2 tasks resource profile 0
[2025-07-07T23:48:58.295+0000] {spark_submit.py:644} INFO - 25/07/07 23:48:58 INFO TaskSetManager: Starting task 0.0 in stage 1.0 (TID 1) (172.19.0.13, executor 0, partition 0, PROCESS_LOCAL, 9074 bytes)
[2025-07-07T23:48:58.296+0000] {spark_submit.py:644} INFO - 25/07/07 23:48:58 INFO TaskSetManager: Starting task 1.0 in stage 1.0 (TID 2) (172.19.0.13, executor 0, partition 1, PROCESS_LOCAL, 9136 bytes)
[2025-07-07T23:48:58.325+0000] {spark_submit.py:644} INFO - 25/07/07 23:48:58 INFO BlockManagerInfo: Added broadcast_2_piece0 in memory on 172.19.0.13:40321 (size: 8.4 KiB, free: 434.4 MiB)
[2025-07-07T23:49:02.456+0000] {spark_submit.py:644} INFO - 25/07/07 23:49:02 INFO TaskSetManager: Finished task 1.0 in stage 1.0 (TID 2) in 4161 ms on 172.19.0.13 (executor 0) (1/2)
[2025-07-07T23:49:02.458+0000] {spark_submit.py:644} INFO - 25/07/07 23:49:02 INFO TaskSetManager: Finished task 0.0 in stage 1.0 (TID 1) in 4165 ms on 172.19.0.13 (executor 0) (2/2)
[2025-07-07T23:49:02.459+0000] {spark_submit.py:644} INFO - 25/07/07 23:49:02 INFO TaskSchedulerImpl: Removed TaskSet 1.0, whose tasks have all completed, from pool
[2025-07-07T23:49:02.461+0000] {spark_submit.py:644} INFO - 25/07/07 23:49:02 INFO PythonAccumulatorV2: Connected to AccumulatorServer at host: 127.0.0.1 port: 33515
[2025-07-07T23:49:02.466+0000] {spark_submit.py:644} INFO - 25/07/07 23:49:02 INFO DAGScheduler: ShuffleMapStage 1 (count at NativeMethodAccessorImpl.java:0) finished in 4.236 s
[2025-07-07T23:49:02.467+0000] {spark_submit.py:644} INFO - 25/07/07 23:49:02 INFO DAGScheduler: looking for newly runnable stages
[2025-07-07T23:49:02.467+0000] {spark_submit.py:644} INFO - 25/07/07 23:49:02 INFO DAGScheduler: running: Set()
[2025-07-07T23:49:02.468+0000] {spark_submit.py:644} INFO - 25/07/07 23:49:02 INFO DAGScheduler: waiting: Set()
[2025-07-07T23:49:02.469+0000] {spark_submit.py:644} INFO - 25/07/07 23:49:02 INFO DAGScheduler: failed: Set()
[2025-07-07T23:49:02.533+0000] {spark_submit.py:644} INFO - 25/07/07 23:49:02 INFO CodeGenerator: Code generated in 18.614147 ms
[2025-07-07T23:49:02.593+0000] {spark_submit.py:644} INFO - 25/07/07 23:49:02 INFO SparkContext: Starting job: count at NativeMethodAccessorImpl.java:0
[2025-07-07T23:49:02.596+0000] {spark_submit.py:644} INFO - 25/07/07 23:49:02 INFO DAGScheduler: Got job 2 (count at NativeMethodAccessorImpl.java:0) with 1 output partitions
[2025-07-07T23:49:02.597+0000] {spark_submit.py:644} INFO - 25/07/07 23:49:02 INFO DAGScheduler: Final stage: ResultStage 3 (count at NativeMethodAccessorImpl.java:0)
[2025-07-07T23:49:02.598+0000] {spark_submit.py:644} INFO - 25/07/07 23:49:02 INFO DAGScheduler: Parents of final stage: List(ShuffleMapStage 2)
[2025-07-07T23:49:02.598+0000] {spark_submit.py:644} INFO - 25/07/07 23:49:02 INFO DAGScheduler: Missing parents: List()
[2025-07-07T23:49:02.599+0000] {spark_submit.py:644} INFO - 25/07/07 23:49:02 INFO DAGScheduler: Submitting ResultStage 3 (MapPartitionsRDD[10] at count at NativeMethodAccessorImpl.java:0), which has no missing parents
[2025-07-07T23:49:02.610+0000] {spark_submit.py:644} INFO - 25/07/07 23:49:02 INFO MemoryStore: Block broadcast_3 stored as values in memory (estimated size 12.5 KiB, free 434.4 MiB)
[2025-07-07T23:49:02.619+0000] {spark_submit.py:644} INFO - 25/07/07 23:49:02 INFO MemoryStore: Block broadcast_3_piece0 stored as bytes in memory (estimated size 5.9 KiB, free 434.4 MiB)
[2025-07-07T23:49:02.620+0000] {spark_submit.py:644} INFO - 25/07/07 23:49:02 INFO BlockManagerInfo: Added broadcast_3_piece0 in memory on 1d260fd0c3c8:34707 (size: 5.9 KiB, free: 434.4 MiB)
[2025-07-07T23:49:02.621+0000] {spark_submit.py:644} INFO - 25/07/07 23:49:02 INFO SparkContext: Created broadcast 3 from broadcast at DAGScheduler.scala:1585
[2025-07-07T23:49:02.622+0000] {spark_submit.py:644} INFO - 25/07/07 23:49:02 INFO BlockManagerInfo: Removed broadcast_2_piece0 on 1d260fd0c3c8:34707 in memory (size: 8.4 KiB, free: 434.4 MiB)
[2025-07-07T23:49:02.624+0000] {spark_submit.py:644} INFO - 25/07/07 23:49:02 INFO DAGScheduler: Submitting 1 missing tasks from ResultStage 3 (MapPartitionsRDD[10] at count at NativeMethodAccessorImpl.java:0) (first 15 tasks are for partitions Vector(0))
[2025-07-07T23:49:02.626+0000] {spark_submit.py:644} INFO - 25/07/07 23:49:02 INFO TaskSchedulerImpl: Adding task set 3.0 with 1 tasks resource profile 0
[2025-07-07T23:49:02.627+0000] {spark_submit.py:644} INFO - 25/07/07 23:49:02 INFO BlockManagerInfo: Removed broadcast_2_piece0 on 172.19.0.13:40321 in memory (size: 8.4 KiB, free: 434.4 MiB)
[2025-07-07T23:49:02.637+0000] {spark_submit.py:644} INFO - 25/07/07 23:49:02 INFO TaskSetManager: Starting task 0.0 in stage 3.0 (TID 3) (172.19.0.13, executor 0, partition 0, NODE_LOCAL, 9003 bytes)
[2025-07-07T23:49:02.702+0000] {spark_submit.py:644} INFO - 25/07/07 23:49:02 INFO BlockManagerInfo: Added broadcast_3_piece0 in memory on 172.19.0.13:40321 (size: 5.9 KiB, free: 434.4 MiB)
[2025-07-07T23:49:02.751+0000] {spark_submit.py:644} INFO - 25/07/07 23:49:02 INFO MapOutputTrackerMasterEndpoint: Asked to send map output locations for shuffle 0 to 172.19.0.13:51148
[2025-07-07T23:49:03.396+0000] {spark_submit.py:644} INFO - 25/07/07 23:49:03 INFO TaskSetManager: Finished task 0.0 in stage 3.0 (TID 3) in 762 ms on 172.19.0.13 (executor 0) (1/1)
[2025-07-07T23:49:03.396+0000] {spark_submit.py:644} INFO - 25/07/07 23:49:03 INFO TaskSchedulerImpl: Removed TaskSet 3.0, whose tasks have all completed, from pool
[2025-07-07T23:49:03.399+0000] {spark_submit.py:644} INFO - 25/07/07 23:49:03 INFO DAGScheduler: ResultStage 3 (count at NativeMethodAccessorImpl.java:0) finished in 0.791 s
[2025-07-07T23:49:03.400+0000] {spark_submit.py:644} INFO - 25/07/07 23:49:03 INFO DAGScheduler: Job 2 is finished. Cancelling potential speculative or zombie tasks for this job
[2025-07-07T23:49:03.401+0000] {spark_submit.py:644} INFO - 25/07/07 23:49:03 INFO TaskSchedulerImpl: Killing all running tasks in stage 3: Stage finished
[2025-07-07T23:49:03.402+0000] {spark_submit.py:644} INFO - 25/07/07 23:49:03 INFO DAGScheduler: Job 2 finished: count at NativeMethodAccessorImpl.java:0, took 0.806963 s
[2025-07-07T23:49:03.413+0000] {spark_submit.py:644} INFO - Total de mensagens processadas: 5
[2025-07-07T23:49:03.414+0000] {spark_submit.py:644} INFO - Dados processados:
[2025-07-07T23:49:03.747+0000] {spark_submit.py:644} INFO - 25/07/07 23:49:03 INFO CodeGenerator: Code generated in 41.385206 ms
[2025-07-07T23:49:03.789+0000] {spark_submit.py:644} INFO - 25/07/07 23:49:03 INFO SparkContext: Starting job: showString at NativeMethodAccessorImpl.java:0
[2025-07-07T23:49:03.792+0000] {spark_submit.py:644} INFO - 25/07/07 23:49:03 INFO DAGScheduler: Got job 3 (showString at NativeMethodAccessorImpl.java:0) with 1 output partitions
[2025-07-07T23:49:03.792+0000] {spark_submit.py:644} INFO - 25/07/07 23:49:03 INFO DAGScheduler: Final stage: ResultStage 4 (showString at NativeMethodAccessorImpl.java:0)
[2025-07-07T23:49:03.793+0000] {spark_submit.py:644} INFO - 25/07/07 23:49:03 INFO DAGScheduler: Parents of final stage: List()
[2025-07-07T23:49:03.794+0000] {spark_submit.py:644} INFO - 25/07/07 23:49:03 INFO DAGScheduler: Missing parents: List()
[2025-07-07T23:49:03.795+0000] {spark_submit.py:644} INFO - 25/07/07 23:49:03 INFO DAGScheduler: Submitting ResultStage 4 (MapPartitionsRDD[12] at showString at NativeMethodAccessorImpl.java:0), which has no missing parents
[2025-07-07T23:49:03.799+0000] {spark_submit.py:644} INFO - 25/07/07 23:49:03 INFO MemoryStore: Block broadcast_4 stored as values in memory (estimated size 15.0 KiB, free 434.4 MiB)
[2025-07-07T23:49:03.811+0000] {spark_submit.py:644} INFO - 25/07/07 23:49:03 INFO MemoryStore: Block broadcast_4_piece0 stored as bytes in memory (estimated size 7.2 KiB, free 434.4 MiB)
[2025-07-07T23:49:03.817+0000] {spark_submit.py:644} INFO - 25/07/07 23:49:03 INFO BlockManagerInfo: Added broadcast_4_piece0 in memory on 1d260fd0c3c8:34707 (size: 7.2 KiB, free: 434.4 MiB)
[2025-07-07T23:49:03.818+0000] {spark_submit.py:644} INFO - 25/07/07 23:49:03 INFO BlockManagerInfo: Removed broadcast_3_piece0 on 172.19.0.13:40321 in memory (size: 5.9 KiB, free: 434.4 MiB)
[2025-07-07T23:49:03.819+0000] {spark_submit.py:644} INFO - 25/07/07 23:49:03 INFO SparkContext: Created broadcast 4 from broadcast at DAGScheduler.scala:1585
[2025-07-07T23:49:03.821+0000] {spark_submit.py:644} INFO - 25/07/07 23:49:03 INFO BlockManagerInfo: Removed broadcast_3_piece0 on 1d260fd0c3c8:34707 in memory (size: 5.9 KiB, free: 434.4 MiB)
[2025-07-07T23:49:03.822+0000] {spark_submit.py:644} INFO - 25/07/07 23:49:03 INFO DAGScheduler: Submitting 1 missing tasks from ResultStage 4 (MapPartitionsRDD[12] at showString at NativeMethodAccessorImpl.java:0) (first 15 tasks are for partitions Vector(0))
[2025-07-07T23:49:03.823+0000] {spark_submit.py:644} INFO - 25/07/07 23:49:03 INFO TaskSchedulerImpl: Adding task set 4.0 with 1 tasks resource profile 0
[2025-07-07T23:49:03.825+0000] {spark_submit.py:644} INFO - 25/07/07 23:49:03 INFO TaskSetManager: Starting task 0.0 in stage 4.0 (TID 4) (172.19.0.13, executor 0, partition 0, PROCESS_LOCAL, 9085 bytes)
[2025-07-07T23:49:03.845+0000] {spark_submit.py:644} INFO - 25/07/07 23:49:03 INFO BlockManagerInfo: Added broadcast_4_piece0 in memory on 172.19.0.13:40321 (size: 7.2 KiB, free: 434.4 MiB)
[2025-07-07T23:49:04.036+0000] {spark_submit.py:644} INFO - 25/07/07 23:49:04 INFO TaskSetManager: Finished task 0.0 in stage 4.0 (TID 4) in 211 ms on 172.19.0.13 (executor 0) (1/1)
[2025-07-07T23:49:04.036+0000] {spark_submit.py:644} INFO - 25/07/07 23:49:04 INFO TaskSchedulerImpl: Removed TaskSet 4.0, whose tasks have all completed, from pool
[2025-07-07T23:49:04.039+0000] {spark_submit.py:644} INFO - 25/07/07 23:49:04 INFO DAGScheduler: ResultStage 4 (showString at NativeMethodAccessorImpl.java:0) finished in 0.242 s
[2025-07-07T23:49:04.040+0000] {spark_submit.py:644} INFO - 25/07/07 23:49:04 INFO DAGScheduler: Job 3 is finished. Cancelling potential speculative or zombie tasks for this job
[2025-07-07T23:49:04.041+0000] {spark_submit.py:644} INFO - 25/07/07 23:49:04 INFO TaskSchedulerImpl: Killing all running tasks in stage 4: Stage finished
[2025-07-07T23:49:04.042+0000] {spark_submit.py:644} INFO - 25/07/07 23:49:04 INFO DAGScheduler: Job 3 finished: showString at NativeMethodAccessorImpl.java:0, took 0.250720 s
[2025-07-07T23:49:04.049+0000] {spark_submit.py:644} INFO - 25/07/07 23:49:04 INFO SparkContext: Starting job: showString at NativeMethodAccessorImpl.java:0
[2025-07-07T23:49:04.050+0000] {spark_submit.py:644} INFO - 25/07/07 23:49:04 INFO DAGScheduler: Got job 4 (showString at NativeMethodAccessorImpl.java:0) with 1 output partitions
[2025-07-07T23:49:04.051+0000] {spark_submit.py:644} INFO - 25/07/07 23:49:04 INFO DAGScheduler: Final stage: ResultStage 5 (showString at NativeMethodAccessorImpl.java:0)
[2025-07-07T23:49:04.052+0000] {spark_submit.py:644} INFO - 25/07/07 23:49:04 INFO DAGScheduler: Parents of final stage: List()
[2025-07-07T23:49:04.053+0000] {spark_submit.py:644} INFO - 25/07/07 23:49:04 INFO DAGScheduler: Missing parents: List()
[2025-07-07T23:49:04.055+0000] {spark_submit.py:644} INFO - 25/07/07 23:49:04 INFO DAGScheduler: Submitting ResultStage 5 (MapPartitionsRDD[12] at showString at NativeMethodAccessorImpl.java:0), which has no missing parents
[2025-07-07T23:49:04.059+0000] {spark_submit.py:644} INFO - 25/07/07 23:49:04 INFO MemoryStore: Block broadcast_5 stored as values in memory (estimated size 15.0 KiB, free 434.4 MiB)
[2025-07-07T23:49:04.062+0000] {spark_submit.py:644} INFO - 25/07/07 23:49:04 INFO MemoryStore: Block broadcast_5_piece0 stored as bytes in memory (estimated size 7.2 KiB, free 434.4 MiB)
[2025-07-07T23:49:04.063+0000] {spark_submit.py:644} INFO - 25/07/07 23:49:04 INFO BlockManagerInfo: Added broadcast_5_piece0 in memory on 1d260fd0c3c8:34707 (size: 7.2 KiB, free: 434.4 MiB)
[2025-07-07T23:49:04.064+0000] {spark_submit.py:644} INFO - 25/07/07 23:49:04 INFO SparkContext: Created broadcast 5 from broadcast at DAGScheduler.scala:1585
[2025-07-07T23:49:04.065+0000] {spark_submit.py:644} INFO - 25/07/07 23:49:04 INFO DAGScheduler: Submitting 1 missing tasks from ResultStage 5 (MapPartitionsRDD[12] at showString at NativeMethodAccessorImpl.java:0) (first 15 tasks are for partitions Vector(1))
[2025-07-07T23:49:04.065+0000] {spark_submit.py:644} INFO - 25/07/07 23:49:04 INFO TaskSchedulerImpl: Adding task set 5.0 with 1 tasks resource profile 0
[2025-07-07T23:49:04.069+0000] {spark_submit.py:644} INFO - 25/07/07 23:49:04 INFO TaskSetManager: Starting task 0.0 in stage 5.0 (TID 5) (172.19.0.13, executor 0, partition 1, PROCESS_LOCAL, 9147 bytes)
[2025-07-07T23:49:04.093+0000] {spark_submit.py:644} INFO - 25/07/07 23:49:04 INFO BlockManagerInfo: Added broadcast_5_piece0 in memory on 172.19.0.13:40321 (size: 7.2 KiB, free: 434.4 MiB)
[2025-07-07T23:49:04.268+0000] {spark_submit.py:644} INFO - 25/07/07 23:49:04 INFO TaskSetManager: Finished task 0.0 in stage 5.0 (TID 5) in 201 ms on 172.19.0.13 (executor 0) (1/1)
[2025-07-07T23:49:04.269+0000] {spark_submit.py:644} INFO - 25/07/07 23:49:04 INFO TaskSchedulerImpl: Removed TaskSet 5.0, whose tasks have all completed, from pool
[2025-07-07T23:49:04.270+0000] {spark_submit.py:644} INFO - 25/07/07 23:49:04 INFO DAGScheduler: ResultStage 5 (showString at NativeMethodAccessorImpl.java:0) finished in 0.214 s
[2025-07-07T23:49:04.271+0000] {spark_submit.py:644} INFO - 25/07/07 23:49:04 INFO DAGScheduler: Job 4 is finished. Cancelling potential speculative or zombie tasks for this job
[2025-07-07T23:49:04.272+0000] {spark_submit.py:644} INFO - 25/07/07 23:49:04 INFO TaskSchedulerImpl: Killing all running tasks in stage 5: Stage finished
[2025-07-07T23:49:04.273+0000] {spark_submit.py:644} INFO - 25/07/07 23:49:04 INFO DAGScheduler: Job 4 finished: showString at NativeMethodAccessorImpl.java:0, took 0.222889 s
[2025-07-07T23:49:07.309+0000] {spark_submit.py:644} INFO - 25/07/07 23:49:07 INFO CodeGenerator: Code generated in 30.117118 ms
[2025-07-07T23:49:07.368+0000] {spark_submit.py:644} INFO - +-----------+-------+---------+------------+--------+-------------------+-------------------+----------+
[2025-07-07T23:49:07.369+0000] {spark_submit.py:644} INFO - |message_num|context|client_id|knowledge_id|group_id|latitude           |longitude          |pertinence|
[2025-07-07T23:49:07.370+0000] {spark_submit.py:644} INFO - +-----------+-------+---------+------------+--------+-------------------+-------------------+----------+
[2025-07-07T23:49:07.371+0000] {spark_submit.py:644} INFO - |1          |0      |4        |975         |498     |-30.001143000000003|-55.016076000000005|1751478956|
[2025-07-07T23:49:07.371+0000] {spark_submit.py:644} INFO - |2          |1      |1        |761         |1181    |-30.001143000000003|-55.016078         |1751478956|
[2025-07-07T23:49:07.372+0000] {spark_submit.py:644} INFO - |3          |2      |2        |767         |1899    |-30.001143000000003|-55.016078         |1751478956|
[2025-07-07T23:49:07.373+0000] {spark_submit.py:644} INFO - |4          |3      |4        |964         |1171    |-30.001143000000003|-55.016078         |1751478956|
[2025-07-07T23:49:07.374+0000] {spark_submit.py:644} INFO - |5          |4      |4        |254         |1399    |-30.001143000000003|-55.016076000000005|1751478956|
[2025-07-07T23:49:07.374+0000] {spark_submit.py:644} INFO - +-----------+-------+---------+------------+--------+-------------------+-------------------+----------+
[2025-07-07T23:49:07.375+0000] {spark_submit.py:644} INFO - 
[2025-07-07T23:49:07.375+0000] {spark_submit.py:644} INFO - Processamento concluído com sucesso!
[2025-07-07T23:49:07.376+0000] {spark_submit.py:644} INFO - 25/07/07 23:49:07 INFO SparkContext: SparkContext is stopping with exitCode 0.
[2025-07-07T23:49:07.419+0000] {spark_submit.py:644} INFO - 25/07/07 23:49:07 INFO SparkUI: Stopped Spark web UI at http://1d260fd0c3c8:4040
[2025-07-07T23:49:07.424+0000] {spark_submit.py:644} INFO - 25/07/07 23:49:07 INFO StandaloneSchedulerBackend: Shutting down all executors
[2025-07-07T23:49:07.425+0000] {spark_submit.py:644} INFO - 25/07/07 23:49:07 INFO StandaloneSchedulerBackend$StandaloneDriverEndpoint: Asking each executor to shut down
[2025-07-07T23:49:07.455+0000] {spark_submit.py:644} INFO - 25/07/07 23:49:07 ERROR Inbox: Ignoring error
[2025-07-07T23:49:07.456+0000] {spark_submit.py:644} INFO - java.util.concurrent.RejectedExecutionException: Task java.util.concurrent.ScheduledThreadPoolExecutor$ScheduledFutureTask@123ec93[Not completed, task = java.util.concurrent.Executors$RunnableAdapter@bb70984[Wrapped task = org.apache.spark.scheduler.cluster.StandaloneSchedulerBackend$StandaloneDriverEndpoint$$anon$2@360ddc0c]] rejected from java.util.concurrent.ScheduledThreadPoolExecutor@2af1265b[Terminated, pool size = 0, active threads = 0, queued tasks = 0, completed tasks = 0]
[2025-07-07T23:49:07.537+0000] {spark_submit.py:644} INFO - at java.base/java.util.concurrent.ThreadPoolExecutor$AbortPolicy.rejectedExecution(ThreadPoolExecutor.java:2065)
[2025-07-07T23:49:07.538+0000] {spark_submit.py:644} INFO - at java.base/java.util.concurrent.ThreadPoolExecutor.reject(ThreadPoolExecutor.java:833)
[2025-07-07T23:49:07.539+0000] {spark_submit.py:644} INFO - at java.base/java.util.concurrent.ScheduledThreadPoolExecutor.delayedExecute(ScheduledThreadPoolExecutor.java:340)
[2025-07-07T23:49:07.540+0000] {spark_submit.py:644} INFO - at java.base/java.util.concurrent.ScheduledThreadPoolExecutor.schedule(ScheduledThreadPoolExecutor.java:562)
[2025-07-07T23:49:07.541+0000] {spark_submit.py:644} INFO - at org.apache.spark.scheduler.cluster.StandaloneSchedulerBackend$StandaloneDriverEndpoint.$anonfun$onDisconnected$1(StandaloneSchedulerBackend.scala:346)
[2025-07-07T23:49:07.542+0000] {spark_submit.py:644} INFO - at scala.Option.foreach(Option.scala:407)
[2025-07-07T23:49:07.543+0000] {spark_submit.py:644} INFO - at org.apache.spark.scheduler.cluster.StandaloneSchedulerBackend$StandaloneDriverEndpoint.onDisconnected(StandaloneSchedulerBackend.scala:313)
[2025-07-07T23:49:07.543+0000] {spark_submit.py:644} INFO - at org.apache.spark.rpc.netty.Inbox.$anonfun$process$1(Inbox.scala:141)
[2025-07-07T23:49:07.544+0000] {spark_submit.py:644} INFO - at org.apache.spark.rpc.netty.Inbox.safelyCall(Inbox.scala:213)
[2025-07-07T23:49:07.545+0000] {spark_submit.py:644} INFO - at org.apache.spark.rpc.netty.Inbox.process(Inbox.scala:100)
[2025-07-07T23:49:07.545+0000] {spark_submit.py:644} INFO - at org.apache.spark.rpc.netty.MessageLoop.org$apache$spark$rpc$netty$MessageLoop$$receiveLoop(MessageLoop.scala:75)
[2025-07-07T23:49:07.546+0000] {spark_submit.py:644} INFO - at org.apache.spark.rpc.netty.MessageLoop$$anon$1.run(MessageLoop.scala:41)
[2025-07-07T23:49:07.547+0000] {spark_submit.py:644} INFO - at java.base/java.util.concurrent.ThreadPoolExecutor.runWorker(ThreadPoolExecutor.java:1136)
[2025-07-07T23:49:07.547+0000] {spark_submit.py:644} INFO - at java.base/java.util.concurrent.ThreadPoolExecutor$Worker.run(ThreadPoolExecutor.java:635)
[2025-07-07T23:49:07.548+0000] {spark_submit.py:644} INFO - at java.base/java.lang.Thread.run(Thread.java:840)
[2025-07-07T23:49:07.549+0000] {spark_submit.py:644} INFO - 25/07/07 23:49:07 INFO MapOutputTrackerMasterEndpoint: MapOutputTrackerMasterEndpoint stopped!
[2025-07-07T23:49:07.800+0000] {spark_submit.py:644} INFO - 25/07/07 23:49:07 INFO MemoryStore: MemoryStore cleared
[2025-07-07T23:49:07.801+0000] {spark_submit.py:644} INFO - 25/07/07 23:49:07 INFO BlockManager: BlockManager stopped
[2025-07-07T23:49:07.807+0000] {spark_submit.py:644} INFO - 25/07/07 23:49:07 INFO BlockManagerMaster: BlockManagerMaster stopped
[2025-07-07T23:49:07.811+0000] {spark_submit.py:644} INFO - 25/07/07 23:49:07 INFO OutputCommitCoordinator$OutputCommitCoordinatorEndpoint: OutputCommitCoordinator stopped!
[2025-07-07T23:49:07.820+0000] {spark_submit.py:644} INFO - 25/07/07 23:49:07 INFO SparkContext: Successfully stopped SparkContext
[2025-07-07T23:49:11.466+0000] {spark_submit.py:644} INFO - 25/07/07 23:49:11 INFO ShutdownHookManager: Shutdown hook called
[2025-07-07T23:49:11.467+0000] {spark_submit.py:644} INFO - 25/07/07 23:49:11 INFO ShutdownHookManager: Deleting directory /tmp/spark-8ec00486-c910-4707-8aff-d286c7998d1f/pyspark-85f08bab-f531-4ee6-a580-35a6d390cdcd
[2025-07-07T23:49:11.474+0000] {spark_submit.py:644} INFO - 25/07/07 23:49:11 INFO ShutdownHookManager: Deleting directory /tmp/spark-8ec00486-c910-4707-8aff-d286c7998d1f
[2025-07-07T23:49:11.479+0000] {spark_submit.py:644} INFO - 25/07/07 23:49:11 INFO ShutdownHookManager: Deleting directory /tmp/spark-7cb76471-e74b-40f6-8663-1b3f9f891c64
[2025-07-07T23:49:11.557+0000] {taskinstance.py:349} INFO - ::group::Post task execution logs
[2025-07-07T23:49:11.562+0000] {taskinstance.py:361} INFO - Marking task as SUCCESS. dag_id=process_sword_messages, task_id=process_sword_messages, run_id=manual__2025-07-07T23:20:39.078289+00:00, execution_date=20250707T232039, start_date=20250707T234837, end_date=20250707T234911
[2025-07-07T23:49:12.005+0000] {local_task_job_runner.py:266} INFO - Task exited with return code 0
[2025-07-07T23:49:12.032+0000] {taskinstance.py:3924} INFO - 0 downstream tasks scheduled from follow-on schedule check
[2025-07-07T23:49:12.169+0000] {local_task_job_runner.py:245} INFO - ::endgroup::
