[2025-07-09T18:42:42.673+0000] {local_task_job_runner.py:123} INFO - ::group::Pre task execution logs
[2025-07-09T18:42:42.710+0000] {taskinstance.py:2631} INFO - Dependencies all met for dep_context=non-requeueable deps ti=<TaskInstance: process_exercises.process_exercises manual__2025-07-09T18:42:39.115048+00:00 [queued]>
[2025-07-09T18:42:42.722+0000] {taskinstance.py:2631} INFO - Dependencies all met for dep_context=requeueable deps ti=<TaskInstance: process_exercises.process_exercises manual__2025-07-09T18:42:39.115048+00:00 [queued]>
[2025-07-09T18:42:42.723+0000] {taskinstance.py:2884} INFO - Starting attempt 1 of 1
[2025-07-09T18:42:42.772+0000] {taskinstance.py:2907} INFO - Executing <Task(SparkSubmitOperator): process_exercises> on 2025-07-09 18:42:39.115048+00:00
[2025-07-09T18:42:42.781+0000] {logging_mixin.py:190} WARNING - /home/airflow/.local/lib/python3.12/site-packages/airflow/task/task_runner/standard_task_runner.py:70 DeprecationWarning: This process (pid=3887) is multi-threaded, use of fork() may lead to deadlocks in the child.
[2025-07-09T18:42:42.782+0000] {standard_task_runner.py:72} INFO - Started process 3888 to run task
[2025-07-09T18:42:42.781+0000] {standard_task_runner.py:104} INFO - Running: ['airflow', 'tasks', 'run', 'process_exercises', 'process_exercises', 'manual__2025-07-09T18:42:39.115048+00:00', '--job-id', '242', '--raw', '--subdir', 'DAGS_FOLDER/process_exercises.py', '--cfg-path', '/tmp/tmpshg5_dq1']
[2025-07-09T18:42:42.784+0000] {standard_task_runner.py:105} INFO - Job 242: Subtask process_exercises
[2025-07-09T18:42:42.897+0000] {task_command.py:467} INFO - Running <TaskInstance: process_exercises.process_exercises manual__2025-07-09T18:42:39.115048+00:00 [running]> on host 38b7408c68d7
[2025-07-09T18:42:43.156+0000] {taskinstance.py:3157} INFO - Exporting env vars: AIRFLOW_CTX_DAG_OWNER='airflow' AIRFLOW_CTX_DAG_ID='process_exercises' AIRFLOW_CTX_TASK_ID='process_exercises' AIRFLOW_CTX_EXECUTION_DATE='2025-07-09T18:42:39.115048+00:00' AIRFLOW_CTX_TRY_NUMBER='1' AIRFLOW_CTX_DAG_RUN_ID='manual__2025-07-09T18:42:39.115048+00:00'
[2025-07-09T18:42:43.157+0000] {taskinstance.py:740} INFO - ::endgroup::
[2025-07-09T18:42:43.197+0000] {base.py:84} INFO - Retrieving connection 'spark-ebsim'
[2025-07-09T18:42:43.205+0000] {spark_submit.py:474} INFO - Spark-Submit cmd: spark-submit --master spark://spark-master:7077 --jars /opt/bitnami/spark/jars/iceberg-spark-runtime-3.5_2.12-1.8.1.jar,/opt/bitnami/spark/jars/nessie-spark-extensions-3.5_2.12-0.103.2.jar,/opt/bitnami/spark/jars/nessie-client-0.103.2.jar,/opt/bitnami/spark/jars/hadoop-aws-3.3.2.jar,/opt/bitnami/spark/jars/aws-java-sdk-bundle-1.12.262.jar, --name arrow-spark --deploy-mode client /opt/bitnami/spark/jobs/process_exercises_job.py {"id": "CA-SUL-construtiva-6655-2025-07-09", "manifest_entry": {"data": {"createdAt": "2025-07-09T18:42:12.733Z", "origin": "CA-SUL", "path": "exercises/CA-SUL-construtiva-6655-2025-07-09"}, "id": "CA-SUL-construtiva-6655-2025-07-09"}, "metadata": {"createdAt": "2025-07-09T18:42:12.733Z", "description": "6655", "documents": [{"description": "", "id": "1752086546773", "mimetype": "application/pdf", "name": "Op Jacui IV - Ap\u00c3\u00aandice 1 ao Anexo C - Lista de Alvos.pdf", "path": "exercises/CA-SUL-construtiva-6655-2025-07-09/documents/Op Jacui IV - Ap\u00c3\u00aandice 1 ao Anexo C - Lista de Alvos.pdf", "size": 25352, "uploadedAt": "2025-07-09T18:42:26.774Z"}], "endDate": "2025-07-10", "id": "CA-SUL-construtiva-6655-2025-07-09", "name": "Jogo de Guerra", "origin": "CA-SUL", "simulationType": "construtiva", "simulations": [{"id": "172.19.0.6_2025-07-09", "movedAt": "2025-07-09T18:42:33.377Z", "name": "172.19.0.6_2025-07-09", "originalPath": "staging/172.19.0.6_2025-07-09", "path": "exercises/CA-SUL-construtiva-6655-2025-07-09/simulations/172.19.0.6_2025-07-09"}], "startDate": "2025-07-09", "trainedForce": "6655", "updatedAt": "2025-07-09T18:42:33.377Z", "wikiUrl": ""}}
[2025-07-09T18:42:45.708+0000] {spark_submit.py:644} INFO - 25/07/09 18:42:45 WARN NativeCodeLoader: Unable to load native-hadoop library for your platform... using builtin-java classes where applicable
[2025-07-09T18:42:47.863+0000] {spark_submit.py:644} INFO - [PROCESS EXERCISES] ℹ️ Iniciando processamento otimizado de exercícios
[2025-07-09T18:42:47.863+0000] {spark_submit.py:644} INFO - [PROCESS EXERCISES] ℹ️ Exercício selecionado: CA-SUL-construtiva-6655-2025-07-09
[2025-07-09T18:42:47.864+0000] {spark_submit.py:644} INFO - [PROCESS EXERCISES] 🔄 Criando sessão Spark otimizada
[2025-07-09T18:42:48.389+0000] {spark_submit.py:644} INFO - 25/07/09 18:42:48 INFO SparkContext: Running Spark version 3.5.5
[2025-07-09T18:42:48.390+0000] {spark_submit.py:644} INFO - 25/07/09 18:42:48 INFO SparkContext: OS info Linux, 5.15.167.4-microsoft-standard-WSL2, amd64
[2025-07-09T18:42:48.391+0000] {spark_submit.py:644} INFO - 25/07/09 18:42:48 INFO SparkContext: Java version 17.0.15
[2025-07-09T18:42:48.414+0000] {spark_submit.py:644} INFO - 25/07/09 18:42:48 INFO ResourceUtils: ==============================================================
[2025-07-09T18:42:48.414+0000] {spark_submit.py:644} INFO - 25/07/09 18:42:48 INFO ResourceUtils: No custom resources configured for spark.driver.
[2025-07-09T18:42:48.415+0000] {spark_submit.py:644} INFO - 25/07/09 18:42:48 INFO ResourceUtils: ==============================================================
[2025-07-09T18:42:48.415+0000] {spark_submit.py:644} INFO - 25/07/09 18:42:48 INFO SparkContext: Submitted application: ProcessExercisesOptimized
[2025-07-09T18:42:48.445+0000] {spark_submit.py:644} INFO - 25/07/09 18:42:48 INFO ResourceProfile: Default ResourceProfile created, executor resources: Map(memory -> name: memory, amount: 2048, script: , vendor: , offHeap -> name: offHeap, amount: 0, script: , vendor: ), task resources: Map(cpus -> name: cpus, amount: 1.0)
[2025-07-09T18:42:48.452+0000] {spark_submit.py:644} INFO - 25/07/09 18:42:48 INFO ResourceProfile: Limiting resource is cpu
[2025-07-09T18:42:48.453+0000] {spark_submit.py:644} INFO - 25/07/09 18:42:48 INFO ResourceProfileManager: Added ResourceProfile id: 0
[2025-07-09T18:42:48.491+0000] {spark_submit.py:644} INFO - 25/07/09 18:42:48 INFO SecurityManager: Changing view acls to: airflow
[2025-07-09T18:42:48.492+0000] {spark_submit.py:644} INFO - 25/07/09 18:42:48 INFO SecurityManager: Changing modify acls to: airflow
[2025-07-09T18:42:48.492+0000] {spark_submit.py:644} INFO - 25/07/09 18:42:48 INFO SecurityManager: Changing view acls groups to:
[2025-07-09T18:42:48.493+0000] {spark_submit.py:644} INFO - 25/07/09 18:42:48 INFO SecurityManager: Changing modify acls groups to:
[2025-07-09T18:42:48.493+0000] {spark_submit.py:644} INFO - 25/07/09 18:42:48 INFO SecurityManager: SecurityManager: authentication disabled; ui acls disabled; users with view permissions: airflow; groups with view permissions: EMPTY; users with modify permissions: airflow; groups with modify permissions: EMPTY
[2025-07-09T18:42:48.673+0000] {spark_submit.py:644} INFO - 25/07/09 18:42:48 INFO Utils: Successfully started service 'sparkDriver' on port 42293.
[2025-07-09T18:42:48.700+0000] {spark_submit.py:644} INFO - 25/07/09 18:42:48 INFO SparkEnv: Registering MapOutputTracker
[2025-07-09T18:42:48.750+0000] {spark_submit.py:644} INFO - 25/07/09 18:42:48 INFO SparkEnv: Registering BlockManagerMaster
[2025-07-09T18:42:48.764+0000] {spark_submit.py:644} INFO - 25/07/09 18:42:48 INFO BlockManagerMasterEndpoint: Using org.apache.spark.storage.DefaultTopologyMapper for getting topology information
[2025-07-09T18:42:48.765+0000] {spark_submit.py:644} INFO - 25/07/09 18:42:48 INFO BlockManagerMasterEndpoint: BlockManagerMasterEndpoint up
[2025-07-09T18:42:48.769+0000] {spark_submit.py:644} INFO - 25/07/09 18:42:48 INFO SparkEnv: Registering BlockManagerMasterHeartbeat
[2025-07-09T18:42:48.787+0000] {spark_submit.py:644} INFO - 25/07/09 18:42:48 INFO DiskBlockManager: Created local directory at /tmp/blockmgr-12c18505-7d60-4476-9954-7d8a49f3d80c
[2025-07-09T18:42:48.797+0000] {spark_submit.py:644} INFO - 25/07/09 18:42:48 INFO MemoryStore: MemoryStore started with capacity 434.4 MiB
[2025-07-09T18:42:48.809+0000] {spark_submit.py:644} INFO - 25/07/09 18:42:48 INFO SparkEnv: Registering OutputCommitCoordinator
[2025-07-09T18:42:48.946+0000] {spark_submit.py:644} INFO - 25/07/09 18:42:48 INFO JettyUtils: Start Jetty 0.0.0.0:4040 for SparkUI
[2025-07-09T18:42:48.992+0000] {spark_submit.py:644} INFO - 25/07/09 18:42:48 INFO Utils: Successfully started service 'SparkUI' on port 4040.
[2025-07-09T18:42:49.023+0000] {spark_submit.py:644} INFO - 25/07/09 18:42:49 INFO SparkContext: Added JAR file:///opt/bitnami/spark/jars/iceberg-spark-runtime-3.5_2.12-1.8.1.jar at spark://38b7408c68d7:42293/jars/iceberg-spark-runtime-3.5_2.12-1.8.1.jar with timestamp 1752086568383
[2025-07-09T18:42:49.025+0000] {spark_submit.py:644} INFO - 25/07/09 18:42:49 INFO SparkContext: Added JAR file:///opt/bitnami/spark/jars/nessie-spark-extensions-3.5_2.12-0.103.2.jar at spark://38b7408c68d7:42293/jars/nessie-spark-extensions-3.5_2.12-0.103.2.jar with timestamp 1752086568383
[2025-07-09T18:42:49.026+0000] {spark_submit.py:644} INFO - 25/07/09 18:42:49 INFO SparkContext: Added JAR file:///opt/bitnami/spark/jars/nessie-client-0.103.2.jar at spark://38b7408c68d7:42293/jars/nessie-client-0.103.2.jar with timestamp 1752086568383
[2025-07-09T18:42:49.027+0000] {spark_submit.py:644} INFO - 25/07/09 18:42:49 INFO SparkContext: Added JAR file:///opt/bitnami/spark/jars/hadoop-aws-3.3.2.jar at spark://38b7408c68d7:42293/jars/hadoop-aws-3.3.2.jar with timestamp 1752086568383
[2025-07-09T18:42:49.028+0000] {spark_submit.py:644} INFO - 25/07/09 18:42:49 INFO SparkContext: Added JAR file:///opt/bitnami/spark/jars/aws-java-sdk-bundle-1.12.262.jar at spark://38b7408c68d7:42293/jars/aws-java-sdk-bundle-1.12.262.jar with timestamp 1752086568383
[2025-07-09T18:42:49.105+0000] {spark_submit.py:644} INFO - 25/07/09 18:42:49 INFO StandaloneAppClient$ClientEndpoint: Connecting to master spark://spark-master:7077...
[2025-07-09T18:42:49.191+0000] {spark_submit.py:644} INFO - 25/07/09 18:42:49 INFO TransportClientFactory: Successfully created connection to spark-master/172.19.0.5:7077 after 34 ms (0 ms spent in bootstraps)
[2025-07-09T18:42:49.288+0000] {spark_submit.py:644} INFO - 25/07/09 18:42:49 INFO StandaloneSchedulerBackend: Connected to Spark cluster with app ID app-20250709184249-0011
[2025-07-09T18:42:49.292+0000] {spark_submit.py:644} INFO - 25/07/09 18:42:49 INFO StandaloneAppClient$ClientEndpoint: Executor added: app-20250709184249-0011/0 on worker-20250709171731-172.19.0.7-37405 (172.19.0.7:37405) with 2 core(s)
[2025-07-09T18:42:49.294+0000] {spark_submit.py:644} INFO - 25/07/09 18:42:49 INFO StandaloneSchedulerBackend: Granted executor ID app-20250709184249-0011/0 on hostPort 172.19.0.7:37405 with 2 core(s), 2.0 GiB RAM
[2025-07-09T18:42:49.298+0000] {spark_submit.py:644} INFO - 25/07/09 18:42:49 INFO Utils: Successfully started service 'org.apache.spark.network.netty.NettyBlockTransferService' on port 34807.
[2025-07-09T18:42:49.299+0000] {spark_submit.py:644} INFO - 25/07/09 18:42:49 INFO NettyBlockTransferService: Server created on 38b7408c68d7:34807
[2025-07-09T18:42:49.301+0000] {spark_submit.py:644} INFO - 25/07/09 18:42:49 INFO BlockManager: Using org.apache.spark.storage.RandomBlockReplicationPolicy for block replication policy
[2025-07-09T18:42:49.306+0000] {spark_submit.py:644} INFO - 25/07/09 18:42:49 INFO BlockManagerMaster: Registering BlockManager BlockManagerId(driver, 38b7408c68d7, 34807, None)
[2025-07-09T18:42:49.309+0000] {spark_submit.py:644} INFO - 25/07/09 18:42:49 INFO BlockManagerMasterEndpoint: Registering block manager 38b7408c68d7:34807 with 434.4 MiB RAM, BlockManagerId(driver, 38b7408c68d7, 34807, None)
[2025-07-09T18:42:49.312+0000] {spark_submit.py:644} INFO - 25/07/09 18:42:49 INFO BlockManagerMaster: Registered BlockManager BlockManagerId(driver, 38b7408c68d7, 34807, None)
[2025-07-09T18:42:49.313+0000] {spark_submit.py:644} INFO - 25/07/09 18:42:49 INFO BlockManager: Initialized BlockManager: BlockManagerId(driver, 38b7408c68d7, 34807, None)
[2025-07-09T18:42:49.379+0000] {spark_submit.py:644} INFO - 25/07/09 18:42:49 INFO StandaloneAppClient$ClientEndpoint: Executor updated: app-20250709184249-0011/0 is now RUNNING
[2025-07-09T18:42:49.517+0000] {spark_submit.py:644} INFO - 25/07/09 18:42:49 INFO StandaloneSchedulerBackend: SchedulerBackend is ready for scheduling beginning after reached minRegisteredResourcesRatio: 0.0
[2025-07-09T18:42:49.768+0000] {spark_submit.py:644} INFO - [PROCESS EXERCISES] ✅ Sessão Spark otimizada criada com sucesso
[2025-07-09T18:42:50.480+0000] {spark_submit.py:644} INFO - [PROCESS EXERCISES] ✅ Processador de exercícios inicializado com otimizações
[2025-07-09T18:42:50.481+0000] {spark_submit.py:644} INFO - [PROCESS EXERCISES] 🔄 Criando namespace nessie.exercises
[2025-07-09T18:42:53.407+0000] {spark_submit.py:644} INFO - [PROCESS EXERCISES] ✅ Namespace criado/verificado com sucesso
[2025-07-09T18:42:53.408+0000] {spark_submit.py:644} INFO - [PROCESS EXERCISES] 🔄 === FASE 1: PROCESSAMENTO DE DOCUMENTOS ===
[2025-07-09T18:42:53.409+0000] {spark_submit.py:644} INFO - [PROCESS EXERCISES] 🔄 Iniciando processamento de documentos PDF
[2025-07-09T18:42:53.409+0000] {spark_submit.py:644} INFO - [PROCESS EXERCISES] ℹ️ Processando 1 arquivos PDF
[2025-07-09T18:42:53.410+0000] {spark_submit.py:644} INFO - [PROCESS EXERCISES] ℹ️ Processando lote 1: 1 arquivos
[2025-07-09T18:42:53.646+0000] {spark_submit.py:644} INFO - 25/07/09 18:42:53 WARN MetricsConfig: Cannot locate configuration: tried hadoop-metrics2-s3a-file-system.properties,hadoop-metrics2.properties
[2025-07-09T18:43:30.552+0000] {spark_submit.py:644} INFO - [PROCESS EXERCISES] ✅ Lote processado: 1 registros
[2025-07-09T18:43:38.297+0000] {spark_submit.py:644} INFO - [PROCESS EXERCISES] ✅ Total de PDFs processados: 1 registros
[2025-07-09T18:43:38.787+0000] {spark_submit.py:644} INFO - [PROCESS EXERCISES] ℹ️ Salvando 1 registros na tabela nessie.exercises.pdf_documents
[2025-07-09T18:43:43.581+0000] {spark_submit.py:644} INFO - [PROCESS EXERCISES] 🔄 Salvando tabela nessie.exercises.pdf_documents em modo append (1 partições)
[2025-07-09T18:43:50.910+0000] {spark_submit.py:644} INFO - [PROCESS EXERCISES] ✅ Tabela nessie.exercises.pdf_documents salva com sucesso (1 registros)
[2025-07-09T18:43:50.910+0000] {spark_submit.py:644} INFO - [PROCESS EXERCISES] 🔄 === FASE 2: PROCESSAMENTO DE SIMULAÇÕES ===
[2025-07-09T18:43:50.911+0000] {spark_submit.py:644} INFO - [PROCESS EXERCISES] 🔄 Iniciando processamento de simulações
[2025-07-09T18:43:50.911+0000] {spark_submit.py:644} INFO - [PROCESS EXERCISES] ℹ️ Buscando arquivos em: s3a://bronze/exercises/CA-SUL-construtiva-6655-2025-07-09/simulations/172.19.0.6_2025-07-09/
[2025-07-09T18:43:51.251+0000] {spark_submit.py:644} INFO - [PROCESS EXERCISES] ℹ️ Encontrados 3 arquivos Protobuf (.pb)
[2025-07-09T18:43:51.252+0000] {spark_submit.py:644} INFO - [PROCESS EXERCISES] ℹ️ Processando 3 arquivos Protobuf
[2025-07-09T18:43:51.430+0000] {spark_submit.py:644} INFO - [PROCESS EXERCISES] ℹ️ Arquivo válido: s3a://bronze/exercises/CA-SUL-construtiva-6655-2025-07-09/simulations/172.19.0.6_2025-07-09/18-40.14/session-proto_2.pb
[2025-07-09T18:43:51.695+0000] {spark_submit.py:644} INFO - [PROCESS EXERCISES] ℹ️ Arquivo válido: s3a://bronze/exercises/CA-SUL-construtiva-6655-2025-07-09/simulations/172.19.0.6_2025-07-09/18-40.14/session-proto_3.pb
[2025-07-09T18:43:51.911+0000] {spark_submit.py:644} INFO - [PROCESS EXERCISES] ℹ️ Arquivo válido: s3a://bronze/exercises/CA-SUL-construtiva-6655-2025-07-09/simulations/172.19.0.6_2025-07-09/18-40.14/session-proto_1.pb
[2025-07-09T18:43:51.911+0000] {spark_submit.py:644} INFO - [PROCESS EXERCISES] ℹ️ Arquivos válidos para processamento: 3
[2025-07-09T18:43:51.912+0000] {spark_submit.py:644} INFO - [PROCESS EXERCISES] ℹ️ Processando lote protobuf 1: 3 arquivos
[2025-07-09T18:43:52.196+0000] {spark_submit.py:644} INFO - [PROCESS EXERCISES] ❌ Erro no lote protobuf 1: [PATH_NOT_FOUND] Path does not exist: s3a://bronze/exercises/CA-SUL-construtiva-6655-2025-07-09/simulations/172.19.0.6_2025-07-09/18-40.14/session-proto_2.pb,s3a:/bronze/exercises/CA-SUL-construtiva-6655-2025-07-09/simulations/172.19.0.6_2025-07-09/18-40.14/session-proto_3.pb,s3a:/bronze/exercises/CA-SUL-construtiva-6655-2025-07-09/simulations/172.19.0.6_2025-07-09/18-40.14/session-proto_1.pb.
[2025-07-09T18:43:52.207+0000] {spark_submit.py:644} INFO - [PROCESS EXERCISES] ⚠️ Nenhum arquivo protobuf processado com sucesso
[2025-07-09T18:43:52.208+0000] {spark_submit.py:644} INFO - [PROCESS EXERCISES] ℹ️ Tipo de mensagem de simulação: PROTO
[2025-07-09T18:43:52.208+0000] {spark_submit.py:644} INFO - [PROCESS EXERCISES] ⚠️ Nenhuma simulação processada
[2025-07-09T18:43:52.209+0000] {spark_submit.py:644} INFO - [PROCESS EXERCISES] ✅ ✨ Processamento otimizado concluído com sucesso!
[2025-07-09T18:43:52.210+0000] {spark_submit.py:644} INFO - [PROCESS EXERCISES] 🔄 Finalizando sessão Spark
[2025-07-09T18:43:52.479+0000] {spark_submit.py:644} INFO - 25/07/09 18:43:52 WARN Dispatcher: Message RequestMessage(d7326c2bf957:7077, NettyRpcEndpointRef(spark://AppClient@38b7408c68d7:42293), ExecutorAdded(1,worker-20250709171731-172.19.0.7-37405,172.19.0.7:37405,2,2048)) dropped due to sparkEnv is stopped. Could not find AppClient.
[2025-07-09T18:43:53.117+0000] {spark_submit.py:644} INFO - [PROCESS EXERCISES] ✅ Sessão Spark finalizada com sucesso
[2025-07-09T18:43:54.013+0000] {taskinstance.py:349} INFO - ::group::Post task execution logs
[2025-07-09T18:43:54.013+0000] {taskinstance.py:361} INFO - Marking task as SUCCESS. dag_id=process_exercises, task_id=process_exercises, run_id=manual__2025-07-09T18:42:39.115048+00:00, execution_date=20250709T184239, start_date=20250709T184242, end_date=20250709T184354
[2025-07-09T18:43:54.225+0000] {local_task_job_runner.py:266} INFO - Task exited with return code 0
[2025-07-09T18:43:54.265+0000] {taskinstance.py:3924} INFO - 1 downstream tasks scheduled from follow-on schedule check
[2025-07-09T18:43:54.348+0000] {local_task_job_runner.py:245} INFO - ::endgroup::
