[2025-07-08T19:05:38.671+0000] {local_task_job_runner.py:123} INFO - ::group::Pre task execution logs
[2025-07-08T19:05:38.726+0000] {taskinstance.py:2631} INFO - Dependencies all met for dep_context=non-requeueable deps ti=<TaskInstance: process_exercises.process_exercises manual__2025-07-08T19:05:34.250947+00:00 [queued]>
[2025-07-08T19:05:38.738+0000] {taskinstance.py:2631} INFO - Dependencies all met for dep_context=requeueable deps ti=<TaskInstance: process_exercises.process_exercises manual__2025-07-08T19:05:34.250947+00:00 [queued]>
[2025-07-08T19:05:38.738+0000] {taskinstance.py:2884} INFO - Starting attempt 1 of 1
[2025-07-08T19:05:38.798+0000] {taskinstance.py:2907} INFO - Executing <Task(SparkSubmitOperator): process_exercises> on 2025-07-08 19:05:34.250947+00:00
[2025-07-08T19:05:38.807+0000] {standard_task_runner.py:104} INFO - Running: ['airflow', 'tasks', 'run', 'process_exercises', 'process_exercises', 'manual__2025-07-08T19:05:34.250947+00:00', '--job-id', '197', '--raw', '--subdir', 'DAGS_FOLDER/process_exercises.py', '--cfg-path', '/tmp/tmpfpqy3fwn']
[2025-07-08T19:05:38.811+0000] {standard_task_runner.py:105} INFO - Job 197: Subtask process_exercises
[2025-07-08T19:05:38.832+0000] {logging_mixin.py:190} WARNING - /home/airflow/.local/lib/python3.12/site-packages/airflow/task/task_runner/standard_task_runner.py:70 DeprecationWarning: This process (pid=13438) is multi-threaded, use of fork() may lead to deadlocks in the child.
[2025-07-08T19:05:38.833+0000] {standard_task_runner.py:72} INFO - Started process 13439 to run task
[2025-07-08T19:05:38.948+0000] {task_command.py:467} INFO - Running <TaskInstance: process_exercises.process_exercises manual__2025-07-08T19:05:34.250947+00:00 [running]> on host 3748f1b8240a
[2025-07-08T19:05:39.227+0000] {taskinstance.py:3157} INFO - Exporting env vars: AIRFLOW_CTX_DAG_OWNER='airflow' AIRFLOW_CTX_DAG_ID='process_exercises' AIRFLOW_CTX_TASK_ID='process_exercises' AIRFLOW_CTX_EXECUTION_DATE='2025-07-08T19:05:34.250947+00:00' AIRFLOW_CTX_TRY_NUMBER='1' AIRFLOW_CTX_DAG_RUN_ID='manual__2025-07-08T19:05:34.250947+00:00'
[2025-07-08T19:05:39.228+0000] {taskinstance.py:740} INFO - ::endgroup::
[2025-07-08T19:05:39.287+0000] {base.py:84} INFO - Retrieving connection 'spark-ebsim'
[2025-07-08T19:05:39.296+0000] {spark_submit.py:474} INFO - Spark-Submit cmd: spark-submit --master spark://spark-master:7077 --jars /opt/bitnami/spark/jars/iceberg-spark-runtime-3.5_2.12-1.8.1.jar,/opt/bitnami/spark/jars/nessie-spark-extensions-3.5_2.12-0.103.2.jar,/opt/bitnami/spark/jars/nessie-client-0.103.2.jar,/opt/bitnami/spark/jars/hadoop-aws-3.3.2.jar,/opt/bitnami/spark/jars/aws-java-sdk-bundle-1.12.262.jar, --name arrow-spark --deploy-mode client /opt/bitnami/spark/jobs/process_exercises_job.py {"id": "CA-LESTE-construtiva-4DE-2025-07-08", "manifest_entry": {"data": {"createdAt": "2025-07-08T18:27:58.496Z", "origin": "CA-LESTE", "path": "exercises/CA-LESTE-construtiva-4DE-2025-07-08"}, "id": "CA-LESTE-construtiva-4DE-2025-07-08"}, "metadata": {"createdAt": "2025-07-08T18:27:58.496Z", "description": "4DE", "documents": [{"description": "", "id": "1751999288885", "mimetype": "application/pdf", "name": "Op Jacui IV - Ordem de Operacoes.pdf", "path": "exercises/CA-LESTE-construtiva-4DE-2025-07-08/documents/Op Jacui IV - Ordem de Operacoes.pdf", "size": 336744, "uploadedAt": "2025-07-08T18:28:08.885Z"}], "endDate": "2025-07-10", "id": "CA-LESTE-construtiva-4DE-2025-07-08", "name": "Jogo de Guerra", "origin": "CA-LESTE", "simulationType": "construtiva", "simulations": [{"id": "172.19.0.14_2025-07-08", "movedAt": "2025-07-08T18:28:17.872Z", "name": "172.19.0.14_2025-07-08", "originalPath": "staging/172.19.0.14_2025-07-08", "path": "exercises/CA-LESTE-construtiva-4DE-2025-07-08/simulations/172.19.0.14_2025-07-08"}], "startDate": "2025-07-08", "trainedForce": "4 Divis\u00e3o de Ex\u00e9rcito", "updatedAt": "2025-07-08T18:28:17.873Z", "wikiUrl": ""}}
[2025-07-08T19:05:41.504+0000] {spark_submit.py:644} INFO - 25/07/08 19:05:41 WARN NativeCodeLoader: Unable to load native-hadoop library for your platform... using builtin-java classes where applicable
[2025-07-08T19:05:43.124+0000] {spark_submit.py:644} INFO - [PROCESS EXERCISES] ℹ️ Iniciando processamento de exercícios
[2025-07-08T19:05:43.125+0000] {spark_submit.py:644} INFO - [PROCESS EXERCISES] ℹ️ Exercício selecionado: CA-LESTE-construtiva-4DE-2025-07-08
[2025-07-08T19:05:43.125+0000] {spark_submit.py:644} INFO - [PROCESS EXERCISES] 🔄 Criando sessão Spark
[2025-07-08T19:05:43.662+0000] {spark_submit.py:644} INFO - 25/07/08 19:05:43 INFO SparkContext: Running Spark version 3.5.5
[2025-07-08T19:05:43.663+0000] {spark_submit.py:644} INFO - 25/07/08 19:05:43 INFO SparkContext: OS info Linux, 5.15.167.4-microsoft-standard-WSL2, amd64
[2025-07-08T19:05:43.663+0000] {spark_submit.py:644} INFO - 25/07/08 19:05:43 INFO SparkContext: Java version 17.0.15
[2025-07-08T19:05:43.687+0000] {spark_submit.py:644} INFO - 25/07/08 19:05:43 INFO ResourceUtils: ==============================================================
[2025-07-08T19:05:43.687+0000] {spark_submit.py:644} INFO - 25/07/08 19:05:43 INFO ResourceUtils: No custom resources configured for spark.driver.
[2025-07-08T19:05:43.688+0000] {spark_submit.py:644} INFO - 25/07/08 19:05:43 INFO ResourceUtils: ==============================================================
[2025-07-08T19:05:43.689+0000] {spark_submit.py:644} INFO - 25/07/08 19:05:43 INFO SparkContext: Submitted application: ProcessExercises
[2025-07-08T19:05:43.709+0000] {spark_submit.py:644} INFO - 25/07/08 19:05:43 INFO ResourceProfile: Default ResourceProfile created, executor resources: Map(memory -> name: memory, amount: 1024, script: , vendor: , offHeap -> name: offHeap, amount: 0, script: , vendor: ), task resources: Map(cpus -> name: cpus, amount: 1.0)
[2025-07-08T19:05:43.718+0000] {spark_submit.py:644} INFO - 25/07/08 19:05:43 INFO ResourceProfile: Limiting resource is cpu
[2025-07-08T19:05:43.718+0000] {spark_submit.py:644} INFO - 25/07/08 19:05:43 INFO ResourceProfileManager: Added ResourceProfile id: 0
[2025-07-08T19:05:43.758+0000] {spark_submit.py:644} INFO - 25/07/08 19:05:43 INFO SecurityManager: Changing view acls to: airflow
[2025-07-08T19:05:43.759+0000] {spark_submit.py:644} INFO - 25/07/08 19:05:43 INFO SecurityManager: Changing modify acls to: airflow
[2025-07-08T19:05:43.760+0000] {spark_submit.py:644} INFO - 25/07/08 19:05:43 INFO SecurityManager: Changing view acls groups to:
[2025-07-08T19:05:43.760+0000] {spark_submit.py:644} INFO - 25/07/08 19:05:43 INFO SecurityManager: Changing modify acls groups to:
[2025-07-08T19:05:43.761+0000] {spark_submit.py:644} INFO - 25/07/08 19:05:43 INFO SecurityManager: SecurityManager: authentication disabled; ui acls disabled; users with view permissions: airflow; groups with view permissions: EMPTY; users with modify permissions: airflow; groups with modify permissions: EMPTY
[2025-07-08T19:05:43.945+0000] {spark_submit.py:644} INFO - 25/07/08 19:05:43 INFO Utils: Successfully started service 'sparkDriver' on port 41969.
[2025-07-08T19:05:43.982+0000] {spark_submit.py:644} INFO - 25/07/08 19:05:43 INFO SparkEnv: Registering MapOutputTracker
[2025-07-08T19:05:44.014+0000] {spark_submit.py:644} INFO - 25/07/08 19:05:44 INFO SparkEnv: Registering BlockManagerMaster
[2025-07-08T19:05:44.026+0000] {spark_submit.py:644} INFO - 25/07/08 19:05:44 INFO BlockManagerMasterEndpoint: Using org.apache.spark.storage.DefaultTopologyMapper for getting topology information
[2025-07-08T19:05:44.027+0000] {spark_submit.py:644} INFO - 25/07/08 19:05:44 INFO BlockManagerMasterEndpoint: BlockManagerMasterEndpoint up
[2025-07-08T19:05:44.030+0000] {spark_submit.py:644} INFO - 25/07/08 19:05:44 INFO SparkEnv: Registering BlockManagerMasterHeartbeat
[2025-07-08T19:05:44.046+0000] {spark_submit.py:644} INFO - 25/07/08 19:05:44 INFO DiskBlockManager: Created local directory at /tmp/blockmgr-e441fd55-edc6-499c-820a-6437af6e58be
[2025-07-08T19:05:44.057+0000] {spark_submit.py:644} INFO - 25/07/08 19:05:44 INFO MemoryStore: MemoryStore started with capacity 434.4 MiB
[2025-07-08T19:05:44.070+0000] {spark_submit.py:644} INFO - 25/07/08 19:05:44 INFO SparkEnv: Registering OutputCommitCoordinator
[2025-07-08T19:05:44.167+0000] {spark_submit.py:644} INFO - 25/07/08 19:05:44 INFO JettyUtils: Start Jetty 0.0.0.0:4040 for SparkUI
[2025-07-08T19:05:44.212+0000] {spark_submit.py:644} INFO - 25/07/08 19:05:44 INFO Utils: Successfully started service 'SparkUI' on port 4040.
[2025-07-08T19:05:44.252+0000] {spark_submit.py:644} INFO - 25/07/08 19:05:44 INFO SparkContext: Added JAR file:///opt/bitnami/spark/jars/iceberg-spark-runtime-3.5_2.12-1.8.1.jar at spark://3748f1b8240a:41969/jars/iceberg-spark-runtime-3.5_2.12-1.8.1.jar with timestamp 1752001543656
[2025-07-08T19:05:44.254+0000] {spark_submit.py:644} INFO - 25/07/08 19:05:44 INFO SparkContext: Added JAR file:///opt/bitnami/spark/jars/nessie-spark-extensions-3.5_2.12-0.103.2.jar at spark://3748f1b8240a:41969/jars/nessie-spark-extensions-3.5_2.12-0.103.2.jar with timestamp 1752001543656
[2025-07-08T19:05:44.255+0000] {spark_submit.py:644} INFO - 25/07/08 19:05:44 INFO SparkContext: Added JAR file:///opt/bitnami/spark/jars/nessie-client-0.103.2.jar at spark://3748f1b8240a:41969/jars/nessie-client-0.103.2.jar with timestamp 1752001543656
[2025-07-08T19:05:44.256+0000] {spark_submit.py:644} INFO - 25/07/08 19:05:44 INFO SparkContext: Added JAR file:///opt/bitnami/spark/jars/hadoop-aws-3.3.2.jar at spark://3748f1b8240a:41969/jars/hadoop-aws-3.3.2.jar with timestamp 1752001543656
[2025-07-08T19:05:44.257+0000] {spark_submit.py:644} INFO - 25/07/08 19:05:44 INFO SparkContext: Added JAR file:///opt/bitnami/spark/jars/aws-java-sdk-bundle-1.12.262.jar at spark://3748f1b8240a:41969/jars/aws-java-sdk-bundle-1.12.262.jar with timestamp 1752001543656
[2025-07-08T19:05:44.403+0000] {spark_submit.py:644} INFO - 25/07/08 19:05:44 INFO StandaloneAppClient$ClientEndpoint: Connecting to master spark://spark-master:7077...
[2025-07-08T19:05:44.506+0000] {spark_submit.py:644} INFO - 25/07/08 19:05:44 INFO TransportClientFactory: Successfully created connection to spark-master/172.19.0.2:7077 after 50 ms (0 ms spent in bootstraps)
[2025-07-08T19:05:44.640+0000] {spark_submit.py:644} INFO - 25/07/08 19:05:44 INFO StandaloneSchedulerBackend: Connected to Spark cluster with app ID app-20250708190544-0024
[2025-07-08T19:05:44.641+0000] {spark_submit.py:644} INFO - 25/07/08 19:05:44 INFO StandaloneAppClient$ClientEndpoint: Executor added: app-20250708190544-0024/0 on worker-20250708130010-172.19.0.8-33627 (172.19.0.8:33627) with 2 core(s)
[2025-07-08T19:05:44.644+0000] {spark_submit.py:644} INFO - 25/07/08 19:05:44 INFO StandaloneSchedulerBackend: Granted executor ID app-20250708190544-0024/0 on hostPort 172.19.0.8:33627 with 2 core(s), 1024.0 MiB RAM
[2025-07-08T19:05:44.651+0000] {spark_submit.py:644} INFO - 25/07/08 19:05:44 INFO Utils: Successfully started service 'org.apache.spark.network.netty.NettyBlockTransferService' on port 40701.
[2025-07-08T19:05:44.652+0000] {spark_submit.py:644} INFO - 25/07/08 19:05:44 INFO NettyBlockTransferService: Server created on 3748f1b8240a:40701
[2025-07-08T19:05:44.654+0000] {spark_submit.py:644} INFO - 25/07/08 19:05:44 INFO BlockManager: Using org.apache.spark.storage.RandomBlockReplicationPolicy for block replication policy
[2025-07-08T19:05:44.660+0000] {spark_submit.py:644} INFO - 25/07/08 19:05:44 INFO BlockManagerMaster: Registering BlockManager BlockManagerId(driver, 3748f1b8240a, 40701, None)
[2025-07-08T19:05:44.666+0000] {spark_submit.py:644} INFO - 25/07/08 19:05:44 INFO BlockManagerMasterEndpoint: Registering block manager 3748f1b8240a:40701 with 434.4 MiB RAM, BlockManagerId(driver, 3748f1b8240a, 40701, None)
[2025-07-08T19:05:44.669+0000] {spark_submit.py:644} INFO - 25/07/08 19:05:44 INFO BlockManagerMaster: Registered BlockManager BlockManagerId(driver, 3748f1b8240a, 40701, None)
[2025-07-08T19:05:44.671+0000] {spark_submit.py:644} INFO - 25/07/08 19:05:44 INFO BlockManager: Initialized BlockManager: BlockManagerId(driver, 3748f1b8240a, 40701, None)
[2025-07-08T19:05:44.752+0000] {spark_submit.py:644} INFO - 25/07/08 19:05:44 INFO StandaloneAppClient$ClientEndpoint: Executor updated: app-20250708190544-0024/0 is now RUNNING
[2025-07-08T19:05:45.115+0000] {spark_submit.py:644} INFO - 25/07/08 19:05:45 INFO StandaloneSchedulerBackend: SchedulerBackend is ready for scheduling beginning after reached minRegisteredResourcesRatio: 0.0
[2025-07-08T19:05:45.341+0000] {spark_submit.py:644} INFO - [PROCESS EXERCISES] ✅ Sessão Spark criada com sucesso
[2025-07-08T19:05:45.342+0000] {spark_submit.py:644} INFO - [PROCESS EXERCISES] ✅ Processador de exercícios inicializado
[2025-07-08T19:05:45.342+0000] {spark_submit.py:644} INFO - [PROCESS EXERCISES] 🔄 Criando namespace nessie.exercises
[2025-07-08T19:05:45.350+0000] {spark_submit.py:644} INFO - 25/07/08 19:05:45 INFO SharedState: Setting hive.metastore.warehouse.dir ('null') to the value of spark.sql.warehouse.dir.
[2025-07-08T19:05:45.353+0000] {spark_submit.py:644} INFO - 25/07/08 19:05:45 INFO SharedState: Warehouse path is 'file:/opt/airflow/spark-warehouse'.
[2025-07-08T19:05:48.391+0000] {spark_submit.py:644} INFO - 25/07/08 19:05:48 INFO CatalogUtil: Loading custom FileIO implementation: org.apache.iceberg.hadoop.HadoopFileIO
[2025-07-08T19:05:48.544+0000] {spark_submit.py:644} INFO - 25/07/08 19:05:48 INFO StandaloneSchedulerBackend$StandaloneDriverEndpoint: Registered executor NettyRpcEndpointRef(spark-client://Executor) (172.19.0.8:33282) with ID 0,  ResourceProfileId 0
[2025-07-08T19:05:48.643+0000] {spark_submit.py:644} INFO - 25/07/08 19:05:48 INFO BlockManagerMasterEndpoint: Registering block manager 172.19.0.8:34219 with 434.4 MiB RAM, BlockManagerId(0, 172.19.0.8, 34219, None)
[2025-07-08T19:05:49.943+0000] {spark_submit.py:644} INFO - [PROCESS EXERCISES] ✅ Namespace criado/verificado com sucesso
[2025-07-08T19:05:49.945+0000] {spark_submit.py:644} INFO - [PROCESS EXERCISES] 🔄 === FASE 1: PROCESSAMENTO DE DOCUMENTOS ===
[2025-07-08T19:05:49.946+0000] {spark_submit.py:644} INFO - [PROCESS EXERCISES] 🔄 Iniciando processamento de documentos PDF
[2025-07-08T19:05:49.947+0000] {spark_submit.py:644} INFO - [PROCESS EXERCISES] ℹ️ Encontrados 1 documentos
[2025-07-08T19:05:49.947+0000] {spark_submit.py:644} INFO - [PROCESS EXERCISES] 🔄 Processando documento: Op Jacui IV - Ordem de Operacoes.pdf
[2025-07-08T19:05:49.948+0000] {spark_submit.py:644} INFO - [PROCESS EXERCISES] ℹ️ Carregando PDF de: s3a://bronze/exercises/CA-LESTE-construtiva-4DE-2025-07-08/documents/Op Jacui IV - Ordem de Operacoes.pdf
[2025-07-08T19:05:50.539+0000] {spark_submit.py:644} INFO - 25/07/08 19:05:50 WARN MetricsConfig: Cannot locate configuration: tried hadoop-metrics2-s3a-file-system.properties,hadoop-metrics2.properties
[2025-07-08T19:05:50.555+0000] {spark_submit.py:644} INFO - 25/07/08 19:05:50 INFO MetricsSystemImpl: Scheduled Metric snapshot period at 10 second(s).
[2025-07-08T19:05:50.555+0000] {spark_submit.py:644} INFO - 25/07/08 19:05:50 INFO MetricsSystemImpl: s3a-file-system metrics system started
[2025-07-08T19:05:52.374+0000] {spark_submit.py:644} INFO - 25/07/08 19:05:52 INFO InMemoryFileIndex: It took 60 ms to list leaf files for 1 paths.
[2025-07-08T19:05:52.932+0000] {spark_submit.py:644} INFO - 25/07/08 19:05:52 INFO FileSourceStrategy: Pushed Filters:
[2025-07-08T19:05:52.933+0000] {spark_submit.py:644} INFO - 25/07/08 19:05:52 INFO FileSourceStrategy: Post-Scan Filters:
[2025-07-08T19:05:53.316+0000] {spark_submit.py:644} INFO - 25/07/08 19:05:53 INFO CodeGenerator: Code generated in 154.908279 ms
[2025-07-08T19:05:53.368+0000] {spark_submit.py:644} INFO - 25/07/08 19:05:53 INFO MemoryStore: Block broadcast_0 stored as values in memory (estimated size 203.5 KiB, free 434.2 MiB)
[2025-07-08T19:05:53.438+0000] {spark_submit.py:644} INFO - 25/07/08 19:05:53 INFO MemoryStore: Block broadcast_0_piece0 stored as bytes in memory (estimated size 35.7 KiB, free 434.2 MiB)
[2025-07-08T19:05:53.443+0000] {spark_submit.py:644} INFO - 25/07/08 19:05:53 INFO BlockManagerInfo: Added broadcast_0_piece0 in memory on 3748f1b8240a:40701 (size: 35.7 KiB, free: 434.4 MiB)
[2025-07-08T19:05:53.445+0000] {spark_submit.py:644} INFO - 25/07/08 19:05:53 INFO SparkContext: Created broadcast 0 from collect at /opt/bitnami/spark/jobs/process_exercises_job.py:238
[2025-07-08T19:05:53.455+0000] {spark_submit.py:644} INFO - 25/07/08 19:05:53 INFO FileSourceScanExec: Planning scan with bin packing, max size: 4194304 bytes, open cost is considered as scanning 4194304 bytes.
[2025-07-08T19:05:53.735+0000] {spark_submit.py:644} INFO - 25/07/08 19:05:53 INFO SparkContext: Starting job: collect at /opt/bitnami/spark/jobs/process_exercises_job.py:238
[2025-07-08T19:05:53.746+0000] {spark_submit.py:644} INFO - 25/07/08 19:05:53 INFO DAGScheduler: Got job 0 (collect at /opt/bitnami/spark/jobs/process_exercises_job.py:238) with 1 output partitions
[2025-07-08T19:05:53.747+0000] {spark_submit.py:644} INFO - 25/07/08 19:05:53 INFO DAGScheduler: Final stage: ResultStage 0 (collect at /opt/bitnami/spark/jobs/process_exercises_job.py:238)
[2025-07-08T19:05:53.747+0000] {spark_submit.py:644} INFO - 25/07/08 19:05:53 INFO DAGScheduler: Parents of final stage: List()
[2025-07-08T19:05:53.748+0000] {spark_submit.py:644} INFO - 25/07/08 19:05:53 INFO DAGScheduler: Missing parents: List()
[2025-07-08T19:05:53.750+0000] {spark_submit.py:644} INFO - 25/07/08 19:05:53 INFO DAGScheduler: Submitting ResultStage 0 (MapPartitionsRDD[5] at collect at /opt/bitnami/spark/jobs/process_exercises_job.py:238), which has no missing parents
[2025-07-08T19:05:53.763+0000] {spark_submit.py:644} INFO - 25/07/08 19:05:53 INFO MemoryStore: Block broadcast_1 stored as values in memory (estimated size 27.3 KiB, free 434.1 MiB)
[2025-07-08T19:05:53.811+0000] {spark_submit.py:644} INFO - 25/07/08 19:05:53 INFO MemoryStore: Block broadcast_1_piece0 stored as bytes in memory (estimated size 13.6 KiB, free 434.1 MiB)
[2025-07-08T19:05:53.813+0000] {spark_submit.py:644} INFO - 25/07/08 19:05:53 INFO BlockManagerInfo: Added broadcast_1_piece0 in memory on 3748f1b8240a:40701 (size: 13.6 KiB, free: 434.4 MiB)
[2025-07-08T19:05:53.816+0000] {spark_submit.py:644} INFO - 25/07/08 19:05:53 INFO SparkContext: Created broadcast 1 from broadcast at DAGScheduler.scala:1585
[2025-07-08T19:05:53.905+0000] {spark_submit.py:644} INFO - 25/07/08 19:05:53 INFO DAGScheduler: Submitting 1 missing tasks from ResultStage 0 (MapPartitionsRDD[5] at collect at /opt/bitnami/spark/jobs/process_exercises_job.py:238) (first 15 tasks are for partitions Vector(0))
[2025-07-08T19:05:53.906+0000] {spark_submit.py:644} INFO - 25/07/08 19:05:53 INFO TaskSchedulerImpl: Adding task set 0.0 with 1 tasks resource profile 0
[2025-07-08T19:05:58.568+0000] {spark_submit.py:644} INFO - 25/07/08 19:05:58 INFO TaskSetManager: Starting task 0.0 in stage 0.0 (TID 0) (172.19.0.8, executor 0, partition 0, PROCESS_LOCAL, 10198 bytes)
[2025-07-08T19:05:58.795+0000] {spark_submit.py:644} INFO - 25/07/08 19:05:58 INFO BlockManagerInfo: Added broadcast_1_piece0 in memory on 172.19.0.8:34219 (size: 13.6 KiB, free: 434.4 MiB)
[2025-07-08T19:06:04.079+0000] {spark_submit.py:644} INFO - 25/07/08 19:06:04 INFO BlockManagerInfo: Added broadcast_0_piece0 in memory on 172.19.0.8:34219 (size: 35.7 KiB, free: 434.4 MiB)
[2025-07-08T19:06:08.393+0000] {spark_submit.py:644} INFO - 25/07/08 19:06:08 INFO TaskSetManager: Finished task 0.0 in stage 0.0 (TID 0) in 9844 ms on 172.19.0.8 (executor 0) (1/1)
[2025-07-08T19:06:08.395+0000] {spark_submit.py:644} INFO - 25/07/08 19:06:08 INFO TaskSchedulerImpl: Removed TaskSet 0.0, whose tasks have all completed, from pool
[2025-07-08T19:06:08.398+0000] {spark_submit.py:644} INFO - 25/07/08 19:06:08 INFO PythonAccumulatorV2: Connected to AccumulatorServer at host: 127.0.0.1 port: 36245
[2025-07-08T19:06:08.401+0000] {spark_submit.py:644} INFO - 25/07/08 19:06:08 INFO DAGScheduler: ResultStage 0 (collect at /opt/bitnami/spark/jobs/process_exercises_job.py:238) finished in 14.641 s
[2025-07-08T19:06:08.403+0000] {spark_submit.py:644} INFO - 25/07/08 19:06:08 INFO DAGScheduler: Job 0 is finished. Cancelling potential speculative or zombie tasks for this job
[2025-07-08T19:06:08.404+0000] {spark_submit.py:644} INFO - 25/07/08 19:06:08 INFO TaskSchedulerImpl: Killing all running tasks in stage 0: Stage finished
[2025-07-08T19:06:08.406+0000] {spark_submit.py:644} INFO - 25/07/08 19:06:08 INFO DAGScheduler: Job 0 finished: collect at /opt/bitnami/spark/jobs/process_exercises_job.py:238, took 14.670633 s
[2025-07-08T19:06:08.444+0000] {spark_submit.py:644} INFO - [PROCESS EXERCISES] ✅ Documento processado com sucesso: Op Jacui IV - Ordem de Operacoes.pdf
[2025-07-08T19:06:08.445+0000] {spark_submit.py:644} INFO - [PROCESS EXERCISES] ✅ Processamento de documentos concluído: 1 registros
[2025-07-08T19:06:09.444+0000] {spark_submit.py:644} INFO - 25/07/08 19:06:09 INFO CodeGenerator: Code generated in 14.948585 ms
[2025-07-08T19:06:09.466+0000] {spark_submit.py:644} INFO - 25/07/08 19:06:09 INFO DAGScheduler: Registering RDD 12 (count at NativeMethodAccessorImpl.java:0) as input to shuffle 0
[2025-07-08T19:06:09.469+0000] {spark_submit.py:644} INFO - 25/07/08 19:06:09 INFO DAGScheduler: Got map stage job 1 (count at NativeMethodAccessorImpl.java:0) with 2 output partitions
[2025-07-08T19:06:09.470+0000] {spark_submit.py:644} INFO - 25/07/08 19:06:09 INFO DAGScheduler: Final stage: ShuffleMapStage 1 (count at NativeMethodAccessorImpl.java:0)
[2025-07-08T19:06:09.471+0000] {spark_submit.py:644} INFO - 25/07/08 19:06:09 INFO DAGScheduler: Parents of final stage: List()
[2025-07-08T19:06:09.471+0000] {spark_submit.py:644} INFO - 25/07/08 19:06:09 INFO DAGScheduler: Missing parents: List()
[2025-07-08T19:06:09.472+0000] {spark_submit.py:644} INFO - 25/07/08 19:06:09 INFO DAGScheduler: Submitting ShuffleMapStage 1 (MapPartitionsRDD[12] at count at NativeMethodAccessorImpl.java:0), which has no missing parents
[2025-07-08T19:06:09.505+0000] {spark_submit.py:644} INFO - 25/07/08 19:06:09 INFO MemoryStore: Block broadcast_2 stored as values in memory (estimated size 16.0 KiB, free 434.1 MiB)
[2025-07-08T19:06:09.518+0000] {spark_submit.py:644} INFO - 25/07/08 19:06:09 INFO MemoryStore: Block broadcast_2_piece0 stored as bytes in memory (estimated size 8.4 KiB, free 434.1 MiB)
[2025-07-08T19:06:09.543+0000] {spark_submit.py:644} INFO - 25/07/08 19:06:09 INFO BlockManagerInfo: Removed broadcast_0_piece0 on 172.19.0.8:34219 in memory (size: 35.7 KiB, free: 434.4 MiB)
[2025-07-08T19:06:09.597+0000] {spark_submit.py:644} INFO - 25/07/08 19:06:09 INFO BlockManagerInfo: Added broadcast_2_piece0 in memory on 3748f1b8240a:40701 (size: 8.4 KiB, free: 434.3 MiB)
[2025-07-08T19:06:09.598+0000] {spark_submit.py:644} INFO - 25/07/08 19:06:09 INFO SparkContext: Created broadcast 2 from broadcast at DAGScheduler.scala:1585
[2025-07-08T19:06:09.599+0000] {spark_submit.py:644} INFO - 25/07/08 19:06:09 INFO DAGScheduler: Submitting 2 missing tasks from ShuffleMapStage 1 (MapPartitionsRDD[12] at count at NativeMethodAccessorImpl.java:0) (first 15 tasks are for partitions Vector(0, 1))
[2025-07-08T19:06:09.600+0000] {spark_submit.py:644} INFO - 25/07/08 19:06:09 INFO TaskSchedulerImpl: Adding task set 1.0 with 2 tasks resource profile 0
[2025-07-08T19:06:09.601+0000] {spark_submit.py:644} INFO - 25/07/08 19:06:09 INFO BlockManagerInfo: Removed broadcast_0_piece0 on 3748f1b8240a:40701 in memory (size: 35.7 KiB, free: 434.4 MiB)
[2025-07-08T19:06:09.609+0000] {spark_submit.py:644} INFO - 25/07/08 19:06:09 INFO TaskSetManager: Starting task 0.0 in stage 1.0 (TID 1) (172.19.0.8, executor 0, partition 0, PROCESS_LOCAL, 9487 bytes)
[2025-07-08T19:06:09.610+0000] {spark_submit.py:644} INFO - 25/07/08 19:06:09 INFO TaskSetManager: Starting task 1.0 in stage 1.0 (TID 2) (172.19.0.8, executor 0, partition 1, PROCESS_LOCAL, 26221 bytes)
[2025-07-08T19:06:09.613+0000] {spark_submit.py:644} INFO - 25/07/08 19:06:09 INFO BlockManagerInfo: Removed broadcast_1_piece0 on 3748f1b8240a:40701 in memory (size: 13.6 KiB, free: 434.4 MiB)
[2025-07-08T19:06:09.619+0000] {spark_submit.py:644} INFO - 25/07/08 19:06:09 INFO BlockManagerInfo: Removed broadcast_1_piece0 on 172.19.0.8:34219 in memory (size: 13.6 KiB, free: 434.4 MiB)
[2025-07-08T19:06:09.647+0000] {spark_submit.py:644} INFO - 25/07/08 19:06:09 INFO BlockManagerInfo: Added broadcast_2_piece0 in memory on 172.19.0.8:34219 (size: 8.4 KiB, free: 434.4 MiB)
[2025-07-08T19:06:11.353+0000] {spark_submit.py:644} INFO - 25/07/08 19:06:11 INFO TaskSetManager: Finished task 1.0 in stage 1.0 (TID 2) in 1743 ms on 172.19.0.8 (executor 0) (1/2)
[2025-07-08T19:06:11.354+0000] {spark_submit.py:644} INFO - 25/07/08 19:06:11 INFO TaskSetManager: Finished task 0.0 in stage 1.0 (TID 1) in 1752 ms on 172.19.0.8 (executor 0) (2/2)
[2025-07-08T19:06:11.355+0000] {spark_submit.py:644} INFO - 25/07/08 19:06:11 INFO TaskSchedulerImpl: Removed TaskSet 1.0, whose tasks have all completed, from pool
[2025-07-08T19:06:11.358+0000] {spark_submit.py:644} INFO - 25/07/08 19:06:11 INFO DAGScheduler: ShuffleMapStage 1 (count at NativeMethodAccessorImpl.java:0) finished in 1.882 s
[2025-07-08T19:06:11.358+0000] {spark_submit.py:644} INFO - 25/07/08 19:06:11 INFO DAGScheduler: looking for newly runnable stages
[2025-07-08T19:06:11.359+0000] {spark_submit.py:644} INFO - 25/07/08 19:06:11 INFO DAGScheduler: running: Set()
[2025-07-08T19:06:11.360+0000] {spark_submit.py:644} INFO - 25/07/08 19:06:11 INFO DAGScheduler: waiting: Set()
[2025-07-08T19:06:11.361+0000] {spark_submit.py:644} INFO - 25/07/08 19:06:11 INFO DAGScheduler: failed: Set()
[2025-07-08T19:06:11.396+0000] {spark_submit.py:644} INFO - 25/07/08 19:06:11 INFO CodeGenerator: Code generated in 10.433906 ms
[2025-07-08T19:06:11.411+0000] {spark_submit.py:644} INFO - 25/07/08 19:06:11 INFO SparkContext: Starting job: count at NativeMethodAccessorImpl.java:0
[2025-07-08T19:06:11.413+0000] {spark_submit.py:644} INFO - 25/07/08 19:06:11 INFO DAGScheduler: Got job 2 (count at NativeMethodAccessorImpl.java:0) with 1 output partitions
[2025-07-08T19:06:11.414+0000] {spark_submit.py:644} INFO - 25/07/08 19:06:11 INFO DAGScheduler: Final stage: ResultStage 3 (count at NativeMethodAccessorImpl.java:0)
[2025-07-08T19:06:11.415+0000] {spark_submit.py:644} INFO - 25/07/08 19:06:11 INFO DAGScheduler: Parents of final stage: List(ShuffleMapStage 2)
[2025-07-08T19:06:11.415+0000] {spark_submit.py:644} INFO - 25/07/08 19:06:11 INFO DAGScheduler: Missing parents: List()
[2025-07-08T19:06:11.416+0000] {spark_submit.py:644} INFO - 25/07/08 19:06:11 INFO DAGScheduler: Submitting ResultStage 3 (MapPartitionsRDD[15] at count at NativeMethodAccessorImpl.java:0), which has no missing parents
[2025-07-08T19:06:11.422+0000] {spark_submit.py:644} INFO - 25/07/08 19:06:11 INFO MemoryStore: Block broadcast_3 stored as values in memory (estimated size 12.5 KiB, free 434.4 MiB)
[2025-07-08T19:06:11.829+0000] {spark_submit.py:644} INFO - 25/07/08 19:06:11 INFO MemoryStore: Block broadcast_3_piece0 stored as bytes in memory (estimated size 5.9 KiB, free 434.4 MiB)
[2025-07-08T19:06:11.830+0000] {spark_submit.py:644} INFO - 25/07/08 19:06:11 INFO BlockManagerInfo: Added broadcast_3_piece0 in memory on 3748f1b8240a:40701 (size: 5.9 KiB, free: 434.4 MiB)
[2025-07-08T19:06:11.831+0000] {spark_submit.py:644} INFO - 25/07/08 19:06:11 INFO SparkContext: Created broadcast 3 from broadcast at DAGScheduler.scala:1585
[2025-07-08T19:06:11.832+0000] {spark_submit.py:644} INFO - 25/07/08 19:06:11 INFO DAGScheduler: Submitting 1 missing tasks from ResultStage 3 (MapPartitionsRDD[15] at count at NativeMethodAccessorImpl.java:0) (first 15 tasks are for partitions Vector(0))
[2025-07-08T19:06:11.833+0000] {spark_submit.py:644} INFO - 25/07/08 19:06:11 INFO TaskSchedulerImpl: Adding task set 3.0 with 1 tasks resource profile 0
[2025-07-08T19:06:11.840+0000] {spark_submit.py:644} INFO - 25/07/08 19:06:11 INFO TaskSetManager: Starting task 0.0 in stage 3.0 (TID 3) (172.19.0.8, executor 0, partition 0, NODE_LOCAL, 9518 bytes)
[2025-07-08T19:06:11.871+0000] {spark_submit.py:644} INFO - 25/07/08 19:06:11 INFO BlockManagerInfo: Added broadcast_3_piece0 in memory on 172.19.0.8:34219 (size: 5.9 KiB, free: 434.4 MiB)
[2025-07-08T19:06:11.961+0000] {spark_submit.py:644} INFO - 25/07/08 19:06:11 INFO MapOutputTrackerMasterEndpoint: Asked to send map output locations for shuffle 0 to 172.19.0.8:33282
[2025-07-08T19:06:12.124+0000] {spark_submit.py:644} INFO - 25/07/08 19:06:12 INFO TaskSetManager: Finished task 0.0 in stage 3.0 (TID 3) in 286 ms on 172.19.0.8 (executor 0) (1/1)
[2025-07-08T19:06:12.124+0000] {spark_submit.py:644} INFO - 25/07/08 19:06:12 INFO TaskSchedulerImpl: Removed TaskSet 3.0, whose tasks have all completed, from pool
[2025-07-08T19:06:12.125+0000] {spark_submit.py:644} INFO - 25/07/08 19:06:12 INFO DAGScheduler: ResultStage 3 (count at NativeMethodAccessorImpl.java:0) finished in 0.705 s
[2025-07-08T19:06:12.126+0000] {spark_submit.py:644} INFO - 25/07/08 19:06:12 INFO DAGScheduler: Job 2 is finished. Cancelling potential speculative or zombie tasks for this job
[2025-07-08T19:06:12.126+0000] {spark_submit.py:644} INFO - 25/07/08 19:06:12 INFO TaskSchedulerImpl: Killing all running tasks in stage 3: Stage finished
[2025-07-08T19:06:12.127+0000] {spark_submit.py:644} INFO - 25/07/08 19:06:12 INFO DAGScheduler: Job 2 finished: count at NativeMethodAccessorImpl.java:0, took 0.714217 s
[2025-07-08T19:06:12.129+0000] {spark_submit.py:644} INFO - [PROCESS EXERCISES] ℹ️ Salvando 1 registros na tabela nessie.exercises.pdf_documents
[2025-07-08T19:06:12.196+0000] {spark_submit.py:644} INFO - 25/07/08 19:06:12 INFO BaseMetastoreTableOperations: Refreshing table metadata from new version: s3a://warehouse/exercises/pdf_documents_3f2f6938-06f1-4401-a884-d6a6de9720a0/metadata/00034-26789138-ddc6-4449-9d29-51684fc96605.metadata.json
[2025-07-08T19:06:12.380+0000] {spark_submit.py:644} INFO - 25/07/08 19:06:12 INFO NessieUtil: loadTableMetadata for 'exercises.pdf_documents' from location 's3a://warehouse/exercises/pdf_documents_3f2f6938-06f1-4401-a884-d6a6de9720a0/metadata/00034-26789138-ddc6-4449-9d29-51684fc96605.metadata.json' at 'Branch{name=main, metadata=null, hash=13f0f2d01a2056ab9bda884c2ddf0cc533aa02e86e65eda73d85ab6f64157b98}'
[2025-07-08T19:06:12.409+0000] {spark_submit.py:644} INFO - 25/07/08 19:06:12 INFO BaseMetastoreCatalog: Table loaded by catalog: nessie.exercises.pdf_documents
[2025-07-08T19:06:12.697+0000] {spark_submit.py:644} INFO - 25/07/08 19:06:12 INFO BlockManagerInfo: Removed broadcast_3_piece0 on 3748f1b8240a:40701 in memory (size: 5.9 KiB, free: 434.4 MiB)
[2025-07-08T19:06:12.699+0000] {spark_submit.py:644} INFO - 25/07/08 19:06:12 INFO BlockManagerInfo: Removed broadcast_3_piece0 on 172.19.0.8:34219 in memory (size: 5.9 KiB, free: 434.4 MiB)
[2025-07-08T19:06:12.708+0000] {spark_submit.py:644} INFO - 25/07/08 19:06:12 INFO BlockManagerInfo: Removed broadcast_2_piece0 on 3748f1b8240a:40701 in memory (size: 8.4 KiB, free: 434.4 MiB)
[2025-07-08T19:06:12.710+0000] {spark_submit.py:644} INFO - 25/07/08 19:06:12 INFO BlockManagerInfo: Removed broadcast_2_piece0 on 172.19.0.8:34219 in memory (size: 8.4 KiB, free: 434.4 MiB)
[2025-07-08T19:06:13.485+0000] {spark_submit.py:644} INFO - 25/07/08 19:06:13 INFO CodeGenerator: Code generated in 31.821373 ms
[2025-07-08T19:06:13.489+0000] {spark_submit.py:644} INFO - [PROCESS EXERCISES] 🔄 Salvando tabela nessie.exercises.pdf_documents em modo append
[2025-07-08T19:06:13.594+0000] {spark_submit.py:644} INFO - 25/07/08 19:06:13 INFO SparkWrite: Requesting 0 bytes advisory partition size for table nessie.exercises.pdf_documents
[2025-07-08T19:06:13.595+0000] {spark_submit.py:644} INFO - 25/07/08 19:06:13 INFO SparkWrite: Requesting UnspecifiedDistribution as write distribution for table nessie.exercises.pdf_documents
[2025-07-08T19:06:13.596+0000] {spark_submit.py:644} INFO - 25/07/08 19:06:13 INFO SparkWrite: Requesting [] as write ordering for table nessie.exercises.pdf_documents
[2025-07-08T19:06:13.621+0000] {spark_submit.py:644} INFO - 25/07/08 19:06:13 INFO CodeGenerator: Code generated in 10.882453 ms
[2025-07-08T19:06:13.635+0000] {spark_submit.py:644} INFO - 25/07/08 19:06:13 INFO MemoryStore: Block broadcast_4 stored as values in memory (estimated size 32.0 KiB, free 434.4 MiB)
[2025-07-08T19:06:13.737+0000] {spark_submit.py:644} INFO - 25/07/08 19:06:13 INFO MemoryStore: Block broadcast_4_piece0 stored as bytes in memory (estimated size 30.1 KiB, free 434.3 MiB)
[2025-07-08T19:06:13.828+0000] {spark_submit.py:644} INFO - 25/07/08 19:06:13 INFO BlockManagerInfo: Added broadcast_4_piece0 in memory on 3748f1b8240a:40701 (size: 30.1 KiB, free: 434.4 MiB)
[2025-07-08T19:06:13.829+0000] {spark_submit.py:644} INFO - 25/07/08 19:06:13 INFO SparkContext: Created broadcast 4 from broadcast at SparkWrite.java:193
[2025-07-08T19:06:13.832+0000] {spark_submit.py:644} INFO - 25/07/08 19:06:13 INFO AppendDataExec: Start processing data source write support: IcebergBatchWrite(table=nessie.exercises.pdf_documents, format=PARQUET). The input RDD has 2 partitions.
[2025-07-08T19:06:13.847+0000] {spark_submit.py:644} INFO - 25/07/08 19:06:13 INFO SparkContext: Starting job: saveAsTable at NativeMethodAccessorImpl.java:0
[2025-07-08T19:06:13.848+0000] {spark_submit.py:644} INFO - 25/07/08 19:06:13 INFO DAGScheduler: Got job 3 (saveAsTable at NativeMethodAccessorImpl.java:0) with 2 output partitions
[2025-07-08T19:06:13.849+0000] {spark_submit.py:644} INFO - 25/07/08 19:06:13 INFO DAGScheduler: Final stage: ResultStage 4 (saveAsTable at NativeMethodAccessorImpl.java:0)
[2025-07-08T19:06:13.849+0000] {spark_submit.py:644} INFO - 25/07/08 19:06:13 INFO DAGScheduler: Parents of final stage: List()
[2025-07-08T19:06:13.850+0000] {spark_submit.py:644} INFO - 25/07/08 19:06:13 INFO DAGScheduler: Missing parents: List()
[2025-07-08T19:06:13.932+0000] {spark_submit.py:644} INFO - 25/07/08 19:06:13 INFO DAGScheduler: Submitting ResultStage 4 (MapPartitionsRDD[16] at saveAsTable at NativeMethodAccessorImpl.java:0), which has no missing parents
[2025-07-08T19:06:13.933+0000] {spark_submit.py:644} INFO - 25/07/08 19:06:13 INFO MemoryStore: Block broadcast_5 stored as values in memory (estimated size 15.1 KiB, free 434.3 MiB)
[2025-07-08T19:06:13.955+0000] {spark_submit.py:644} INFO - 25/07/08 19:06:13 INFO MemoryStore: Block broadcast_5_piece0 stored as bytes in memory (estimated size 7.8 KiB, free 434.3 MiB)
[2025-07-08T19:06:14.040+0000] {spark_submit.py:644} INFO - 25/07/08 19:06:14 INFO BlockManagerInfo: Added broadcast_5_piece0 in memory on 3748f1b8240a:40701 (size: 7.8 KiB, free: 434.4 MiB)
[2025-07-08T19:06:14.041+0000] {spark_submit.py:644} INFO - 25/07/08 19:06:14 INFO SparkContext: Created broadcast 5 from broadcast at DAGScheduler.scala:1585
[2025-07-08T19:06:14.043+0000] {spark_submit.py:644} INFO - 25/07/08 19:06:14 INFO DAGScheduler: Submitting 2 missing tasks from ResultStage 4 (MapPartitionsRDD[16] at saveAsTable at NativeMethodAccessorImpl.java:0) (first 15 tasks are for partitions Vector(0, 1))
[2025-07-08T19:06:14.044+0000] {spark_submit.py:644} INFO - 25/07/08 19:06:14 INFO TaskSchedulerImpl: Adding task set 4.0 with 2 tasks resource profile 0
[2025-07-08T19:06:14.047+0000] {spark_submit.py:644} INFO - 25/07/08 19:06:14 INFO TaskSetManager: Starting task 0.0 in stage 4.0 (TID 4) (172.19.0.8, executor 0, partition 0, PROCESS_LOCAL, 9498 bytes)
[2025-07-08T19:06:14.048+0000] {spark_submit.py:644} INFO - 25/07/08 19:06:14 INFO TaskSetManager: Starting task 1.0 in stage 4.0 (TID 5) (172.19.0.8, executor 0, partition 1, PROCESS_LOCAL, 26232 bytes)
[2025-07-08T19:06:14.070+0000] {spark_submit.py:644} INFO - 25/07/08 19:06:14 INFO BlockManagerInfo: Added broadcast_5_piece0 in memory on 172.19.0.8:34219 (size: 7.8 KiB, free: 434.4 MiB)
[2025-07-08T19:06:14.299+0000] {spark_submit.py:644} INFO - 25/07/08 19:06:14 INFO BlockManagerInfo: Added broadcast_4_piece0 in memory on 172.19.0.8:34219 (size: 30.1 KiB, free: 434.4 MiB)
[2025-07-08T19:06:15.993+0000] {spark_submit.py:644} INFO - 25/07/08 19:06:15 INFO TaskSetManager: Finished task 0.0 in stage 4.0 (TID 4) in 1948 ms on 172.19.0.8 (executor 0) (1/2)
[2025-07-08T19:06:17.074+0000] {spark_submit.py:644} INFO - 25/07/08 19:06:17 INFO TaskSetManager: Finished task 1.0 in stage 4.0 (TID 5) in 3026 ms on 172.19.0.8 (executor 0) (2/2)
[2025-07-08T19:06:17.075+0000] {spark_submit.py:644} INFO - 25/07/08 19:06:17 INFO TaskSchedulerImpl: Removed TaskSet 4.0, whose tasks have all completed, from pool
[2025-07-08T19:06:17.078+0000] {spark_submit.py:644} INFO - 25/07/08 19:06:17 INFO DAGScheduler: ResultStage 4 (saveAsTable at NativeMethodAccessorImpl.java:0) finished in 3.224 s
[2025-07-08T19:06:17.080+0000] {spark_submit.py:644} INFO - 25/07/08 19:06:17 INFO DAGScheduler: Job 3 is finished. Cancelling potential speculative or zombie tasks for this job
[2025-07-08T19:06:17.081+0000] {spark_submit.py:644} INFO - 25/07/08 19:06:17 INFO TaskSchedulerImpl: Killing all running tasks in stage 4: Stage finished
[2025-07-08T19:06:17.084+0000] {spark_submit.py:644} INFO - 25/07/08 19:06:17 INFO DAGScheduler: Job 3 finished: saveAsTable at NativeMethodAccessorImpl.java:0, took 3.230899 s
[2025-07-08T19:06:17.085+0000] {spark_submit.py:644} INFO - 25/07/08 19:06:17 INFO AppendDataExec: Data source write support IcebergBatchWrite(table=nessie.exercises.pdf_documents, format=PARQUET) is committing.
[2025-07-08T19:06:17.157+0000] {spark_submit.py:644} INFO - 25/07/08 19:06:17 INFO SparkWrite: Committing append with 1 new data files to table nessie.exercises.pdf_documents
[2025-07-08T19:06:21.754+0000] {spark_submit.py:644} INFO - 25/07/08 19:06:21 INFO NessieIcebergClient: Committed 'exercises.pdf_documents' against 'Branch{name=main, metadata=null, hash=5fef0f36e525238d0de07199fcb346bccc1b0d8f3f1cce7aed994bc40f2727f7}', expected commit-id was '13f0f2d01a2056ab9bda884c2ddf0cc533aa02e86e65eda73d85ab6f64157b98'
[2025-07-08T19:06:21.756+0000] {spark_submit.py:644} INFO - 25/07/08 19:06:21 INFO BaseMetastoreTableOperations: Successfully committed to table exercises.pdf_documents in 1339 ms
[2025-07-08T19:06:21.758+0000] {spark_submit.py:644} INFO - 25/07/08 19:06:21 INFO SnapshotProducer: Committed snapshot 6492281301064103090 (MergeAppend)
[2025-07-08T19:06:21.824+0000] {spark_submit.py:644} INFO - 25/07/08 19:06:21 INFO BaseMetastoreTableOperations: Refreshing table metadata from new version: s3a://warehouse/exercises/pdf_documents_3f2f6938-06f1-4401-a884-d6a6de9720a0/metadata/00035-4d6e4a7d-d80d-468e-b25f-c62e344cb865.metadata.json
[2025-07-08T19:06:21.840+0000] {spark_submit.py:644} INFO - 25/07/08 19:06:21 INFO NessieUtil: loadTableMetadata for 'exercises.pdf_documents' from location 's3a://warehouse/exercises/pdf_documents_3f2f6938-06f1-4401-a884-d6a6de9720a0/metadata/00035-4d6e4a7d-d80d-468e-b25f-c62e344cb865.metadata.json' at 'Branch{name=main, metadata=null, hash=5fef0f36e525238d0de07199fcb346bccc1b0d8f3f1cce7aed994bc40f2727f7}'
[2025-07-08T19:06:21.873+0000] {spark_submit.py:644} INFO - 25/07/08 19:06:21 INFO LoggingMetricsReporter: Received metrics report: CommitReport{tableName=nessie.exercises.pdf_documents, snapshotId=6492281301064103090, sequenceNumber=36, operation=append, commitMetrics=CommitMetricsResult{totalDuration=TimerResult{timeUnit=NANOSECONDS, totalDuration=PT4.636920123S, count=1}, attempts=CounterResult{unit=COUNT, value=1}, addedDataFiles=CounterResult{unit=COUNT, value=1}, removedDataFiles=null, totalDataFiles=CounterResult{unit=COUNT, value=36}, addedDeleteFiles=null, addedEqualityDeleteFiles=null, addedPositionalDeleteFiles=null, addedDVs=null, removedDeleteFiles=null, removedEqualityDeleteFiles=null, removedPositionalDeleteFiles=null, removedDVs=null, totalDeleteFiles=CounterResult{unit=COUNT, value=0}, addedRecords=CounterResult{unit=COUNT, value=1}, removedRecords=null, totalRecords=CounterResult{unit=COUNT, value=36}, addedFilesSizeInBytes=CounterResult{unit=BYTES, value=8843}, removedFilesSizeInBytes=null, totalFilesSizeInBytes=CounterResult{unit=BYTES, value=288718}, addedPositionalDeletes=null, removedPositionalDeletes=null, totalPositionalDeletes=CounterResult{unit=COUNT, value=0}, addedEqualityDeletes=null, removedEqualityDeletes=null, totalEqualityDeletes=CounterResult{unit=COUNT, value=0}}, metadata={engine-version=3.5.5, app-id=app-20250708190544-0024, engine-name=spark, iceberg-version=Apache Iceberg 1.8.1 (commit 9ce0fcf0af7becf25ad9fc996c3bad2afdcfd33d)}}
[2025-07-08T19:06:21.874+0000] {spark_submit.py:644} INFO - 25/07/08 19:06:21 INFO SparkWrite: Committed in 4714 ms
[2025-07-08T19:06:21.875+0000] {spark_submit.py:644} INFO - 25/07/08 19:06:21 INFO AppendDataExec: Data source write support IcebergBatchWrite(table=nessie.exercises.pdf_documents, format=PARQUET) committed.
[2025-07-08T19:06:21.876+0000] {spark_submit.py:644} INFO - [PROCESS EXERCISES] ✅ Tabela nessie.exercises.pdf_documents salva com sucesso (1 registros)
[2025-07-08T19:06:21.876+0000] {spark_submit.py:644} INFO - [PROCESS EXERCISES] 🔄 === FASE 2: PROCESSAMENTO DE SIMULAÇÕES ===
[2025-07-08T19:06:21.877+0000] {spark_submit.py:644} INFO - [PROCESS EXERCISES] 🔄 Iniciando processamento de simulações
[2025-07-08T19:06:21.878+0000] {spark_submit.py:644} INFO - [PROCESS EXERCISES] ℹ️ Buscando arquivos de simulação em: exercises/CA-LESTE-construtiva-4DE-2025-07-08/simulations/172.19.0.14_2025-07-08
[2025-07-08T19:06:21.878+0000] {spark_submit.py:644} INFO - [PROCESS EXERCISES] ℹ️ Buscando arquivos em: s3a://bronze/exercises/CA-LESTE-construtiva-4DE-2025-07-08/simulations/172.19.0.14_2025-07-08/
[2025-07-08T19:06:21.901+0000] {spark_submit.py:644} INFO - 25/07/08 19:06:21 INFO BlockManagerInfo: Removed broadcast_4_piece0 on 3748f1b8240a:40701 in memory (size: 30.1 KiB, free: 434.4 MiB)
[2025-07-08T19:06:21.903+0000] {spark_submit.py:644} INFO - 25/07/08 19:06:21 INFO BlockManagerInfo: Removed broadcast_4_piece0 on 172.19.0.8:34219 in memory (size: 30.1 KiB, free: 434.4 MiB)
[2025-07-08T19:06:21.911+0000] {spark_submit.py:644} INFO - 25/07/08 19:06:21 INFO BlockManagerInfo: Removed broadcast_5_piece0 on 3748f1b8240a:40701 in memory (size: 7.8 KiB, free: 434.4 MiB)
[2025-07-08T19:06:21.914+0000] {spark_submit.py:644} INFO - 25/07/08 19:06:21 INFO BlockManagerInfo: Removed broadcast_5_piece0 on 172.19.0.8:34219 in memory (size: 7.8 KiB, free: 434.4 MiB)
[2025-07-08T19:06:21.950+0000] {spark_submit.py:644} INFO - 25/07/08 19:06:21 INFO InMemoryFileIndex: It took 9 ms to list leaf files for 1 paths.
[2025-07-08T19:06:21.973+0000] {spark_submit.py:644} INFO - 25/07/08 19:06:21 INFO FileSourceStrategy: Pushed Filters:
[2025-07-08T19:06:21.973+0000] {spark_submit.py:644} INFO - 25/07/08 19:06:21 INFO FileSourceStrategy: Post-Scan Filters:
[2025-07-08T19:06:21.978+0000] {spark_submit.py:644} INFO - 25/07/08 19:06:21 INFO MemoryStore: Block broadcast_6 stored as values in memory (estimated size 203.7 KiB, free 434.2 MiB)
[2025-07-08T19:06:22.007+0000] {spark_submit.py:644} INFO - 25/07/08 19:06:22 INFO MemoryStore: Block broadcast_6_piece0 stored as bytes in memory (estimated size 35.7 KiB, free 434.2 MiB)
[2025-07-08T19:06:22.008+0000] {spark_submit.py:644} INFO - 25/07/08 19:06:22 INFO BlockManagerInfo: Added broadcast_6_piece0 in memory on 3748f1b8240a:40701 (size: 35.7 KiB, free: 434.4 MiB)
[2025-07-08T19:06:22.009+0000] {spark_submit.py:644} INFO - 25/07/08 19:06:22 INFO SparkContext: Created broadcast 6 from collect at /opt/bitnami/spark/jobs/process_exercises_job.py:435
[2025-07-08T19:06:22.010+0000] {spark_submit.py:644} INFO - 25/07/08 19:06:22 INFO FileSourceScanExec: Planning scan with bin packing, max size: 10487545 bytes, open cost is considered as scanning 4194304 bytes.
[2025-07-08T19:06:22.021+0000] {spark_submit.py:644} INFO - 25/07/08 19:06:22 INFO SparkContext: Starting job: collect at /opt/bitnami/spark/jobs/process_exercises_job.py:435
[2025-07-08T19:06:22.022+0000] {spark_submit.py:644} INFO - 25/07/08 19:06:22 INFO DAGScheduler: Got job 4 (collect at /opt/bitnami/spark/jobs/process_exercises_job.py:435) with 2 output partitions
[2025-07-08T19:06:22.022+0000] {spark_submit.py:644} INFO - 25/07/08 19:06:22 INFO DAGScheduler: Final stage: ResultStage 5 (collect at /opt/bitnami/spark/jobs/process_exercises_job.py:435)
[2025-07-08T19:06:22.023+0000] {spark_submit.py:644} INFO - 25/07/08 19:06:22 INFO DAGScheduler: Parents of final stage: List()
[2025-07-08T19:06:22.024+0000] {spark_submit.py:644} INFO - 25/07/08 19:06:22 INFO DAGScheduler: Missing parents: List()
[2025-07-08T19:06:22.024+0000] {spark_submit.py:644} INFO - 25/07/08 19:06:22 INFO DAGScheduler: Submitting ResultStage 5 (MapPartitionsRDD[19] at collect at /opt/bitnami/spark/jobs/process_exercises_job.py:435), which has no missing parents
[2025-07-08T19:06:22.025+0000] {spark_submit.py:644} INFO - 25/07/08 19:06:22 INFO MemoryStore: Block broadcast_7 stored as values in memory (estimated size 9.4 KiB, free 434.2 MiB)
[2025-07-08T19:06:22.030+0000] {spark_submit.py:644} INFO - 25/07/08 19:06:22 INFO MemoryStore: Block broadcast_7_piece0 stored as bytes in memory (estimated size 4.7 KiB, free 434.2 MiB)
[2025-07-08T19:06:22.031+0000] {spark_submit.py:644} INFO - 25/07/08 19:06:22 INFO BlockManagerInfo: Added broadcast_7_piece0 in memory on 3748f1b8240a:40701 (size: 4.7 KiB, free: 434.4 MiB)
[2025-07-08T19:06:22.032+0000] {spark_submit.py:644} INFO - 25/07/08 19:06:22 INFO SparkContext: Created broadcast 7 from broadcast at DAGScheduler.scala:1585
[2025-07-08T19:06:22.032+0000] {spark_submit.py:644} INFO - 25/07/08 19:06:22 INFO DAGScheduler: Submitting 2 missing tasks from ResultStage 5 (MapPartitionsRDD[19] at collect at /opt/bitnami/spark/jobs/process_exercises_job.py:435) (first 15 tasks are for partitions Vector(0, 1))
[2025-07-08T19:06:22.033+0000] {spark_submit.py:644} INFO - 25/07/08 19:06:22 INFO TaskSchedulerImpl: Adding task set 5.0 with 2 tasks resource profile 0
[2025-07-08T19:06:22.034+0000] {spark_submit.py:644} INFO - 25/07/08 19:06:22 INFO TaskSetManager: Starting task 0.0 in stage 5.0 (TID 6) (172.19.0.8, executor 0, partition 0, PROCESS_LOCAL, 10561 bytes)
[2025-07-08T19:06:22.035+0000] {spark_submit.py:644} INFO - 25/07/08 19:06:22 INFO TaskSetManager: Starting task 1.0 in stage 5.0 (TID 7) (172.19.0.8, executor 0, partition 1, PROCESS_LOCAL, 10380 bytes)
[2025-07-08T19:06:22.050+0000] {spark_submit.py:644} INFO - 25/07/08 19:06:22 INFO BlockManagerInfo: Added broadcast_7_piece0 in memory on 172.19.0.8:34219 (size: 4.7 KiB, free: 434.4 MiB)
[2025-07-08T19:06:22.110+0000] {spark_submit.py:644} INFO - 25/07/08 19:06:22 INFO BlockManagerInfo: Added broadcast_6_piece0 in memory on 172.19.0.8:34219 (size: 35.7 KiB, free: 434.4 MiB)
[2025-07-08T19:06:22.157+0000] {spark_submit.py:644} INFO - 25/07/08 19:06:22 INFO TaskSetManager: Finished task 1.0 in stage 5.0 (TID 7) in 123 ms on 172.19.0.8 (executor 0) (1/2)
[2025-07-08T19:06:22.162+0000] {spark_submit.py:644} INFO - 25/07/08 19:06:22 INFO TaskSetManager: Finished task 0.0 in stage 5.0 (TID 6) in 128 ms on 172.19.0.8 (executor 0) (2/2)
[2025-07-08T19:06:22.162+0000] {spark_submit.py:644} INFO - 25/07/08 19:06:22 INFO TaskSchedulerImpl: Removed TaskSet 5.0, whose tasks have all completed, from pool
[2025-07-08T19:06:22.163+0000] {spark_submit.py:644} INFO - 25/07/08 19:06:22 INFO DAGScheduler: ResultStage 5 (collect at /opt/bitnami/spark/jobs/process_exercises_job.py:435) finished in 0.139 s
[2025-07-08T19:06:22.164+0000] {spark_submit.py:644} INFO - 25/07/08 19:06:22 INFO DAGScheduler: Job 4 is finished. Cancelling potential speculative or zombie tasks for this job
[2025-07-08T19:06:22.165+0000] {spark_submit.py:644} INFO - 25/07/08 19:06:22 INFO TaskSchedulerImpl: Killing all running tasks in stage 5: Stage finished
[2025-07-08T19:06:22.165+0000] {spark_submit.py:644} INFO - 25/07/08 19:06:22 INFO DAGScheduler: Job 4 finished: collect at /opt/bitnami/spark/jobs/process_exercises_job.py:435, took 0.143206 s
[2025-07-08T19:06:22.201+0000] {spark_submit.py:644} INFO - [PROCESS EXERCISES] ℹ️ Encontrados 4 arquivos Protobuf (.pb)
[2025-07-08T19:06:22.203+0000] {spark_submit.py:644} INFO - [PROCESS EXERCISES] ℹ️ Encontrados 4 arquivos do tipo PROTO
[2025-07-08T19:06:22.204+0000] {spark_submit.py:644} INFO - [PROCESS EXERCISES] 🔄 Processando 4 arquivos Protobuf
[2025-07-08T19:06:22.206+0000] {spark_submit.py:644} INFO - [PROCESS EXERCISES] ℹ️ Processando arquivo Protobuf: s3a://bronze/exercises/CA-LESTE-construtiva-4DE-2025-07-08/simulations/172.19.0.14_2025-07-08/18-25.56/session-proto_3.pb
[2025-07-08T19:06:22.397+0000] {spark_submit.py:644} INFO - 25/07/08 19:06:22 INFO InMemoryFileIndex: It took 34 ms to list leaf files for 1 paths.
[2025-07-08T19:06:22.714+0000] {spark_submit.py:644} INFO - 25/07/08 19:06:22 INFO FileSourceStrategy: Pushed Filters:
[2025-07-08T19:06:22.715+0000] {spark_submit.py:644} INFO - 25/07/08 19:06:22 INFO FileSourceStrategy: Post-Scan Filters:
[2025-07-08T19:06:22.825+0000] {spark_submit.py:644} INFO - 25/07/08 19:06:22 INFO CodeGenerator: Code generated in 85.129663 ms
[2025-07-08T19:06:22.850+0000] {spark_submit.py:644} INFO - 25/07/08 19:06:22 INFO CodeGenerator: Code generated in 12.86233 ms
[2025-07-08T19:06:22.853+0000] {spark_submit.py:644} INFO - 25/07/08 19:06:22 INFO MemoryStore: Block broadcast_8 stored as values in memory (estimated size 203.5 KiB, free 434.0 MiB)
[2025-07-08T19:06:22.862+0000] {spark_submit.py:644} INFO - 25/07/08 19:06:22 INFO MemoryStore: Block broadcast_8_piece0 stored as bytes in memory (estimated size 35.7 KiB, free 433.9 MiB)
[2025-07-08T19:06:22.900+0000] {spark_submit.py:644} INFO - 25/07/08 19:06:22 INFO BlockManagerInfo: Added broadcast_8_piece0 in memory on 3748f1b8240a:40701 (size: 35.7 KiB, free: 434.3 MiB)
[2025-07-08T19:06:22.902+0000] {spark_submit.py:644} INFO - 25/07/08 19:06:22 INFO SparkContext: Created broadcast 8 from collect at /opt/bitnami/spark/jobs/process_exercises_job.py:388
[2025-07-08T19:06:22.906+0000] {spark_submit.py:644} INFO - 25/07/08 19:06:22 INFO FileSourceScanExec: Planning scan with bin packing, max size: 4194304 bytes, open cost is considered as scanning 4194304 bytes.
[2025-07-08T19:06:22.956+0000] {spark_submit.py:644} INFO - 25/07/08 19:06:22 INFO SparkContext: Starting job: collect at /opt/bitnami/spark/jobs/process_exercises_job.py:388
[2025-07-08T19:06:22.958+0000] {spark_submit.py:644} INFO - 25/07/08 19:06:22 INFO DAGScheduler: Got job 5 (collect at /opt/bitnami/spark/jobs/process_exercises_job.py:388) with 1 output partitions
[2025-07-08T19:06:22.958+0000] {spark_submit.py:644} INFO - 25/07/08 19:06:22 INFO DAGScheduler: Final stage: ResultStage 6 (collect at /opt/bitnami/spark/jobs/process_exercises_job.py:388)
[2025-07-08T19:06:22.959+0000] {spark_submit.py:644} INFO - 25/07/08 19:06:22 INFO DAGScheduler: Parents of final stage: List()
[2025-07-08T19:06:22.960+0000] {spark_submit.py:644} INFO - 25/07/08 19:06:22 INFO DAGScheduler: Missing parents: List()
[2025-07-08T19:06:22.960+0000] {spark_submit.py:644} INFO - 25/07/08 19:06:22 INFO DAGScheduler: Submitting ResultStage 6 (MapPartitionsRDD[28] at collect at /opt/bitnami/spark/jobs/process_exercises_job.py:388), which has no missing parents
[2025-07-08T19:06:22.962+0000] {spark_submit.py:644} INFO - 25/07/08 19:06:22 INFO MemoryStore: Block broadcast_9 stored as values in memory (estimated size 47.0 KiB, free 433.9 MiB)
[2025-07-08T19:06:22.973+0000] {spark_submit.py:644} INFO - 25/07/08 19:06:22 INFO MemoryStore: Block broadcast_9_piece0 stored as bytes in memory (estimated size 19.5 KiB, free 433.9 MiB)
[2025-07-08T19:06:22.998+0000] {spark_submit.py:644} INFO - 25/07/08 19:06:22 INFO BlockManagerInfo: Added broadcast_9_piece0 in memory on 3748f1b8240a:40701 (size: 19.5 KiB, free: 434.3 MiB)
[2025-07-08T19:06:22.999+0000] {spark_submit.py:644} INFO - 25/07/08 19:06:22 INFO SparkContext: Created broadcast 9 from broadcast at DAGScheduler.scala:1585
[2025-07-08T19:06:23.000+0000] {spark_submit.py:644} INFO - 25/07/08 19:06:22 INFO DAGScheduler: Submitting 1 missing tasks from ResultStage 6 (MapPartitionsRDD[28] at collect at /opt/bitnami/spark/jobs/process_exercises_job.py:388) (first 15 tasks are for partitions Vector(0))
[2025-07-08T19:06:23.000+0000] {spark_submit.py:644} INFO - 25/07/08 19:06:22 INFO TaskSchedulerImpl: Adding task set 6.0 with 1 tasks resource profile 0
[2025-07-08T19:06:23.001+0000] {spark_submit.py:644} INFO - 25/07/08 19:06:23 INFO TaskSetManager: Starting task 0.0 in stage 6.0 (TID 8) (172.19.0.8, executor 0, partition 0, PROCESS_LOCAL, 10202 bytes)
[2025-07-08T19:06:23.022+0000] {spark_submit.py:644} INFO - 25/07/08 19:06:23 INFO BlockManagerInfo: Added broadcast_9_piece0 in memory on 172.19.0.8:34219 (size: 19.5 KiB, free: 434.3 MiB)
[2025-07-08T19:06:23.115+0000] {spark_submit.py:644} INFO - 25/07/08 19:06:23 INFO BlockManagerInfo: Added broadcast_8_piece0 in memory on 172.19.0.8:34219 (size: 35.7 KiB, free: 434.3 MiB)
[2025-07-08T19:06:23.546+0000] {spark_submit.py:644} INFO - 25/07/08 19:06:23 INFO TaskSetManager: Finished task 0.0 in stage 6.0 (TID 8) in 546 ms on 172.19.0.8 (executor 0) (1/1)
[2025-07-08T19:06:23.547+0000] {spark_submit.py:644} INFO - 25/07/08 19:06:23 INFO TaskSchedulerImpl: Removed TaskSet 6.0, whose tasks have all completed, from pool
[2025-07-08T19:06:23.548+0000] {spark_submit.py:644} INFO - 25/07/08 19:06:23 INFO DAGScheduler: ResultStage 6 (collect at /opt/bitnami/spark/jobs/process_exercises_job.py:388) finished in 0.588 s
[2025-07-08T19:06:23.549+0000] {spark_submit.py:644} INFO - 25/07/08 19:06:23 INFO DAGScheduler: Job 5 is finished. Cancelling potential speculative or zombie tasks for this job
[2025-07-08T19:06:23.550+0000] {spark_submit.py:644} INFO - 25/07/08 19:06:23 INFO TaskSchedulerImpl: Killing all running tasks in stage 6: Stage finished
[2025-07-08T19:06:23.550+0000] {spark_submit.py:644} INFO - 25/07/08 19:06:23 INFO DAGScheduler: Job 5 finished: collect at /opt/bitnami/spark/jobs/process_exercises_job.py:388, took 0.592444 s
[2025-07-08T19:06:23.555+0000] {spark_submit.py:644} INFO - =====[]======
[2025-07-08T19:06:23.555+0000] {spark_submit.py:644} INFO - [PROCESS EXERCISES] ❌ Erro crítico ao processar arquivo Protobuf s3a://bronze/exercises/CA-LESTE-construtiva-4DE-2025-07-08/simulations/172.19.0.14_2025-07-08/18-25.56/session-proto_3.pb: No active exception to reraise
[2025-07-08T19:06:23.556+0000] {spark_submit.py:644} INFO - [PROCESS EXERCISES] ❌ Erro crítico no processamento de simulações: Falha no processamento Protobuf: No active exception to reraise
[2025-07-08T19:06:23.557+0000] {spark_submit.py:644} INFO - [PROCESS EXERCISES] ❌ Erro crítico durante o processamento: Falha no processamento de simulações: Falha no processamento Protobuf: No active exception to reraise
[2025-07-08T19:06:23.557+0000] {spark_submit.py:644} INFO - [PROCESS EXERCISES] 🔄 Finalizando sessão Spark
[2025-07-08T19:06:23.558+0000] {spark_submit.py:644} INFO - 25/07/08 19:06:23 INFO SparkContext: SparkContext is stopping with exitCode 0.
[2025-07-08T19:06:23.565+0000] {spark_submit.py:644} INFO - 25/07/08 19:06:23 INFO SparkUI: Stopped Spark web UI at http://3748f1b8240a:4040
[2025-07-08T19:06:23.569+0000] {spark_submit.py:644} INFO - 25/07/08 19:06:23 INFO StandaloneSchedulerBackend: Shutting down all executors
[2025-07-08T19:06:23.570+0000] {spark_submit.py:644} INFO - 25/07/08 19:06:23 INFO StandaloneSchedulerBackend$StandaloneDriverEndpoint: Asking each executor to shut down
[2025-07-08T19:06:23.587+0000] {spark_submit.py:644} INFO - 25/07/08 19:06:23 INFO MapOutputTrackerMasterEndpoint: MapOutputTrackerMasterEndpoint stopped!
[2025-07-08T19:06:23.601+0000] {spark_submit.py:644} INFO - 25/07/08 19:06:23 INFO MemoryStore: MemoryStore cleared
[2025-07-08T19:06:23.602+0000] {spark_submit.py:644} INFO - 25/07/08 19:06:23 INFO BlockManager: BlockManager stopped
[2025-07-08T19:06:23.605+0000] {spark_submit.py:644} INFO - 25/07/08 19:06:23 INFO BlockManagerMaster: BlockManagerMaster stopped
[2025-07-08T19:06:23.609+0000] {spark_submit.py:644} INFO - 25/07/08 19:06:23 INFO OutputCommitCoordinator$OutputCommitCoordinatorEndpoint: OutputCommitCoordinator stopped!
[2025-07-08T19:06:23.619+0000] {spark_submit.py:644} INFO - 25/07/08 19:06:23 INFO SparkContext: Successfully stopped SparkContext
[2025-07-08T19:06:24.550+0000] {spark_submit.py:644} INFO - [PROCESS EXERCISES] ✅ Sessão Spark finalizada com sucesso
[2025-07-08T19:06:24.663+0000] {spark_submit.py:644} INFO - 25/07/08 19:06:24 INFO ShutdownHookManager: Shutdown hook called
[2025-07-08T19:06:24.663+0000] {spark_submit.py:644} INFO - 25/07/08 19:06:24 INFO ShutdownHookManager: Deleting directory /tmp/spark-f40e25db-e0d3-4331-98b0-e2d6b8dd7fe9/pyspark-9b81bce1-9057-4719-8fe4-d0e31aaea177
[2025-07-08T19:06:24.668+0000] {spark_submit.py:644} INFO - 25/07/08 19:06:24 INFO ShutdownHookManager: Deleting directory /tmp/spark-f40e25db-e0d3-4331-98b0-e2d6b8dd7fe9
[2025-07-08T19:06:24.673+0000] {spark_submit.py:644} INFO - 25/07/08 19:06:24 INFO ShutdownHookManager: Deleting directory /tmp/spark-5dace143-6ff4-45d3-ae92-b8f05c373950
[2025-07-08T19:06:24.683+0000] {spark_submit.py:644} INFO - 25/07/08 19:06:24 INFO MetricsSystemImpl: Stopping s3a-file-system metrics system...
[2025-07-08T19:06:24.684+0000] {spark_submit.py:644} INFO - 25/07/08 19:06:24 INFO MetricsSystemImpl: s3a-file-system metrics system stopped.
[2025-07-08T19:06:24.684+0000] {spark_submit.py:644} INFO - 25/07/08 19:06:24 INFO MetricsSystemImpl: s3a-file-system metrics system shutdown complete.
[2025-07-08T19:06:24.926+0000] {taskinstance.py:3336} ERROR - Task failed with exception
Traceback (most recent call last):
  File "/home/airflow/.local/lib/python3.12/site-packages/airflow/models/taskinstance.py", line 776, in _execute_task
    result = _execute_callable(context=context, **execute_callable_kwargs)
             ^^^^^^^^^^^^^^^^^^^^^^^^^^^^^^^^^^^^^^^^^^^^^^^^^^^^^^^^^^^^^
  File "/home/airflow/.local/lib/python3.12/site-packages/airflow/models/taskinstance.py", line 742, in _execute_callable
    return ExecutionCallableRunner(
           ^^^^^^^^^^^^^^^^^^^^^^^^
  File "/home/airflow/.local/lib/python3.12/site-packages/airflow/utils/operator_helpers.py", line 252, in run
    return self.func(*args, **kwargs)
           ^^^^^^^^^^^^^^^^^^^^^^^^^^
  File "/home/airflow/.local/lib/python3.12/site-packages/airflow/models/baseoperator.py", line 424, in wrapper
    return func(self, *args, **kwargs)
           ^^^^^^^^^^^^^^^^^^^^^^^^^^^
  File "/home/airflow/.local/lib/python3.12/site-packages/airflow/providers/apache/spark/operators/spark_submit.py", line 197, in execute
    self._hook.submit(self.application)
  File "/home/airflow/.local/lib/python3.12/site-packages/airflow/providers/apache/spark/hooks/spark_submit.py", line 566, in submit
    raise AirflowException(
airflow.exceptions.AirflowException: Cannot execute: spark-submit --master spark://spark-master:7077 --jars /opt/bitnami/spark/jars/iceberg-spark-runtime-3.5_2.12-1.8.1.jar,/opt/bitnami/spark/jars/nessie-spark-extensions-3.5_2.12-0.103.2.jar,/opt/bitnami/spark/jars/nessie-client-0.103.2.jar,/opt/bitnami/spark/jars/hadoop-aws-3.3.2.jar,/opt/bitnami/spark/jars/aws-java-sdk-bundle-1.12.262.jar, --name arrow-spark --deploy-mode client /opt/bitnami/spark/jobs/process_exercises_job.py {"id": "CA-LESTE-construtiva-4DE-2025-07-08", "manifest_entry": {"data": {"createdAt": "2025-07-08T18:27:58.496Z", "origin": "CA-LESTE", "path": "exercises/CA-LESTE-construtiva-4DE-2025-07-08"}, "id": "CA-LESTE-construtiva-4DE-2025-07-08"}, "metadata": {"createdAt": "2025-07-08T18:27:58.496Z", "description": "4DE", "documents": [{"description": "", "id": "1751999288885", "mimetype": "application/pdf", "name": "Op Jacui IV - Ordem de Operacoes.pdf", "path": "exercises/CA-LESTE-construtiva-4DE-2025-07-08/documents/Op Jacui IV - Ordem de Operacoes.pdf", "size": 336744, "uploadedAt": "2025-07-08T18:28:08.885Z"}], "endDate": "2025-07-10", "id": "CA-LESTE-construtiva-4DE-2025-07-08", "name": "Jogo de Guerra", "origin": "CA-LESTE", "simulationType": "construtiva", "simulations": [{"id": "172.19.0.14_2025-07-08", "movedAt": "2025-07-08T18:28:17.872Z", "name": "172.19.0.14_2025-07-08", "originalPath": "staging/172.19.0.14_2025-07-08", "path": "exercises/CA-LESTE-construtiva-4DE-2025-07-08/simulations/172.19.0.14_2025-07-08"}], "startDate": "2025-07-08", "trainedForce": "4 Divis\u00e3o de Ex\u00e9rcito", "updatedAt": "2025-07-08T18:28:17.873Z", "wikiUrl": ""}}. Error code is: 1.
[2025-07-08T19:06:24.931+0000] {taskinstance.py:1242} INFO - Marking task as FAILED. dag_id=process_exercises, task_id=process_exercises, run_id=manual__2025-07-08T19:05:34.250947+00:00, execution_date=20250708T190534, start_date=20250708T190538, end_date=20250708T190624
[2025-07-08T19:06:25.050+0000] {taskinstance.py:349} INFO - ::group::Post task execution logs
[2025-07-08T19:06:25.053+0000] {standard_task_runner.py:124} ERROR - Failed to execute job 197 for task process_exercises (Cannot execute: spark-submit --master spark://spark-master:7077 --jars /opt/bitnami/spark/jars/iceberg-spark-runtime-3.5_2.12-1.8.1.jar,/opt/bitnami/spark/jars/nessie-spark-extensions-3.5_2.12-0.103.2.jar,/opt/bitnami/spark/jars/nessie-client-0.103.2.jar,/opt/bitnami/spark/jars/hadoop-aws-3.3.2.jar,/opt/bitnami/spark/jars/aws-java-sdk-bundle-1.12.262.jar, --name arrow-spark --deploy-mode client /opt/bitnami/spark/jobs/process_exercises_job.py {"id": "CA-LESTE-construtiva-4DE-2025-07-08", "manifest_entry": {"data": {"createdAt": "2025-07-08T18:27:58.496Z", "origin": "CA-LESTE", "path": "exercises/CA-LESTE-construtiva-4DE-2025-07-08"}, "id": "CA-LESTE-construtiva-4DE-2025-07-08"}, "metadata": {"createdAt": "2025-07-08T18:27:58.496Z", "description": "4DE", "documents": [{"description": "", "id": "1751999288885", "mimetype": "application/pdf", "name": "Op Jacui IV - Ordem de Operacoes.pdf", "path": "exercises/CA-LESTE-construtiva-4DE-2025-07-08/documents/Op Jacui IV - Ordem de Operacoes.pdf", "size": 336744, "uploadedAt": "2025-07-08T18:28:08.885Z"}], "endDate": "2025-07-10", "id": "CA-LESTE-construtiva-4DE-2025-07-08", "name": "Jogo de Guerra", "origin": "CA-LESTE", "simulationType": "construtiva", "simulations": [{"id": "172.19.0.14_2025-07-08", "movedAt": "2025-07-08T18:28:17.872Z", "name": "172.19.0.14_2025-07-08", "originalPath": "staging/172.19.0.14_2025-07-08", "path": "exercises/CA-LESTE-construtiva-4DE-2025-07-08/simulations/172.19.0.14_2025-07-08"}], "startDate": "2025-07-08", "trainedForce": "4 Divis\u00e3o de Ex\u00e9rcito", "updatedAt": "2025-07-08T18:28:17.873Z", "wikiUrl": ""}}. Error code is: 1.; 13439)
Traceback (most recent call last):
  File "/home/airflow/.local/lib/python3.12/site-packages/airflow/task/task_runner/standard_task_runner.py", line 117, in _start_by_fork
    ret = args.func(args, dag=self.dag)
          ^^^^^^^^^^^^^^^^^^^^^^^^^^^^^
  File "/home/airflow/.local/lib/python3.12/site-packages/airflow/cli/cli_config.py", line 49, in command
    return func(*args, **kwargs)
           ^^^^^^^^^^^^^^^^^^^^^
  File "/home/airflow/.local/lib/python3.12/site-packages/airflow/utils/cli.py", line 116, in wrapper
    return f(*args, **kwargs)
           ^^^^^^^^^^^^^^^^^^
  File "/home/airflow/.local/lib/python3.12/site-packages/airflow/cli/commands/task_command.py", line 483, in task_run
    task_return_code = _run_task_by_selected_method(args, _dag, ti)
                       ^^^^^^^^^^^^^^^^^^^^^^^^^^^^^^^^^^^^^^^^^^^^
  File "/home/airflow/.local/lib/python3.12/site-packages/airflow/cli/commands/task_command.py", line 256, in _run_task_by_selected_method
    return _run_raw_task(args, ti)
           ^^^^^^^^^^^^^^^^^^^^^^^
  File "/home/airflow/.local/lib/python3.12/site-packages/airflow/cli/commands/task_command.py", line 341, in _run_raw_task
    return ti._run_raw_task(
           ^^^^^^^^^^^^^^^^^
  File "/home/airflow/.local/lib/python3.12/site-packages/airflow/utils/session.py", line 97, in wrapper
    return func(*args, session=session, **kwargs)
           ^^^^^^^^^^^^^^^^^^^^^^^^^^^^^^^^^^^^^^
  File "/home/airflow/.local/lib/python3.12/site-packages/airflow/models/taskinstance.py", line 3029, in _run_raw_task
    return _run_raw_task(
           ^^^^^^^^^^^^^^
  File "/home/airflow/.local/lib/python3.12/site-packages/airflow/models/taskinstance.py", line 282, in _run_raw_task
    TaskInstance._execute_task_with_callbacks(
  File "/home/airflow/.local/lib/python3.12/site-packages/airflow/models/taskinstance.py", line 3184, in _execute_task_with_callbacks
    result = self._execute_task(context, task_orig)
             ^^^^^^^^^^^^^^^^^^^^^^^^^^^^^^^^^^^^^^
  File "/home/airflow/.local/lib/python3.12/site-packages/airflow/models/taskinstance.py", line 3208, in _execute_task
    return _execute_task(self, context, task_orig)
           ^^^^^^^^^^^^^^^^^^^^^^^^^^^^^^^^^^^^^^^
  File "/home/airflow/.local/lib/python3.12/site-packages/airflow/models/taskinstance.py", line 776, in _execute_task
    result = _execute_callable(context=context, **execute_callable_kwargs)
             ^^^^^^^^^^^^^^^^^^^^^^^^^^^^^^^^^^^^^^^^^^^^^^^^^^^^^^^^^^^^^
  File "/home/airflow/.local/lib/python3.12/site-packages/airflow/models/taskinstance.py", line 742, in _execute_callable
    return ExecutionCallableRunner(
           ^^^^^^^^^^^^^^^^^^^^^^^^
  File "/home/airflow/.local/lib/python3.12/site-packages/airflow/utils/operator_helpers.py", line 252, in run
    return self.func(*args, **kwargs)
           ^^^^^^^^^^^^^^^^^^^^^^^^^^
  File "/home/airflow/.local/lib/python3.12/site-packages/airflow/models/baseoperator.py", line 424, in wrapper
    return func(self, *args, **kwargs)
           ^^^^^^^^^^^^^^^^^^^^^^^^^^^
  File "/home/airflow/.local/lib/python3.12/site-packages/airflow/providers/apache/spark/operators/spark_submit.py", line 197, in execute
    self._hook.submit(self.application)
  File "/home/airflow/.local/lib/python3.12/site-packages/airflow/providers/apache/spark/hooks/spark_submit.py", line 566, in submit
    raise AirflowException(
airflow.exceptions.AirflowException: Cannot execute: spark-submit --master spark://spark-master:7077 --jars /opt/bitnami/spark/jars/iceberg-spark-runtime-3.5_2.12-1.8.1.jar,/opt/bitnami/spark/jars/nessie-spark-extensions-3.5_2.12-0.103.2.jar,/opt/bitnami/spark/jars/nessie-client-0.103.2.jar,/opt/bitnami/spark/jars/hadoop-aws-3.3.2.jar,/opt/bitnami/spark/jars/aws-java-sdk-bundle-1.12.262.jar, --name arrow-spark --deploy-mode client /opt/bitnami/spark/jobs/process_exercises_job.py {"id": "CA-LESTE-construtiva-4DE-2025-07-08", "manifest_entry": {"data": {"createdAt": "2025-07-08T18:27:58.496Z", "origin": "CA-LESTE", "path": "exercises/CA-LESTE-construtiva-4DE-2025-07-08"}, "id": "CA-LESTE-construtiva-4DE-2025-07-08"}, "metadata": {"createdAt": "2025-07-08T18:27:58.496Z", "description": "4DE", "documents": [{"description": "", "id": "1751999288885", "mimetype": "application/pdf", "name": "Op Jacui IV - Ordem de Operacoes.pdf", "path": "exercises/CA-LESTE-construtiva-4DE-2025-07-08/documents/Op Jacui IV - Ordem de Operacoes.pdf", "size": 336744, "uploadedAt": "2025-07-08T18:28:08.885Z"}], "endDate": "2025-07-10", "id": "CA-LESTE-construtiva-4DE-2025-07-08", "name": "Jogo de Guerra", "origin": "CA-LESTE", "simulationType": "construtiva", "simulations": [{"id": "172.19.0.14_2025-07-08", "movedAt": "2025-07-08T18:28:17.872Z", "name": "172.19.0.14_2025-07-08", "originalPath": "staging/172.19.0.14_2025-07-08", "path": "exercises/CA-LESTE-construtiva-4DE-2025-07-08/simulations/172.19.0.14_2025-07-08"}], "startDate": "2025-07-08", "trainedForce": "4 Divis\u00e3o de Ex\u00e9rcito", "updatedAt": "2025-07-08T18:28:17.873Z", "wikiUrl": ""}}. Error code is: 1.
[2025-07-08T19:06:25.093+0000] {local_task_job_runner.py:266} INFO - Task exited with return code 1
[2025-07-08T19:06:25.130+0000] {local_task_job_runner.py:245} INFO - ::endgroup::
