[2025-07-08T19:13:27.947+0000] {local_task_job_runner.py:123} INFO - ::group::Pre task execution logs
[2025-07-08T19:13:27.987+0000] {taskinstance.py:2631} INFO - Dependencies all met for dep_context=non-requeueable deps ti=<TaskInstance: process_exercises.process_exercises manual__2025-07-08T19:13:21.608697+00:00 [queued]>
[2025-07-08T19:13:28.000+0000] {taskinstance.py:2631} INFO - Dependencies all met for dep_context=requeueable deps ti=<TaskInstance: process_exercises.process_exercises manual__2025-07-08T19:13:21.608697+00:00 [queued]>
[2025-07-08T19:13:28.001+0000] {taskinstance.py:2884} INFO - Starting attempt 1 of 1
[2025-07-08T19:13:28.159+0000] {taskinstance.py:2907} INFO - Executing <Task(SparkSubmitOperator): process_exercises> on 2025-07-08 19:13:21.608697+00:00
[2025-07-08T19:13:28.168+0000] {standard_task_runner.py:104} INFO - Running: ['airflow', 'tasks', 'run', 'process_exercises', 'process_exercises', 'manual__2025-07-08T19:13:21.608697+00:00', '--job-id', '199', '--raw', '--subdir', 'DAGS_FOLDER/process_exercises.py', '--cfg-path', '/tmp/tmptvxkajr4']
[2025-07-08T19:13:28.171+0000] {standard_task_runner.py:105} INFO - Job 199: Subtask process_exercises
[2025-07-08T19:13:28.203+0000] {logging_mixin.py:190} WARNING - /home/airflow/.local/lib/python3.12/site-packages/airflow/task/task_runner/standard_task_runner.py:70 DeprecationWarning: This process (pid=13810) is multi-threaded, use of fork() may lead to deadlocks in the child.
[2025-07-08T19:13:28.318+0000] {standard_task_runner.py:72} INFO - Started process 13811 to run task
[2025-07-08T19:13:28.510+0000] {task_command.py:467} INFO - Running <TaskInstance: process_exercises.process_exercises manual__2025-07-08T19:13:21.608697+00:00 [running]> on host 3748f1b8240a
[2025-07-08T19:13:28.751+0000] {taskinstance.py:3157} INFO - Exporting env vars: AIRFLOW_CTX_DAG_OWNER='airflow' AIRFLOW_CTX_DAG_ID='process_exercises' AIRFLOW_CTX_TASK_ID='process_exercises' AIRFLOW_CTX_EXECUTION_DATE='2025-07-08T19:13:21.608697+00:00' AIRFLOW_CTX_TRY_NUMBER='1' AIRFLOW_CTX_DAG_RUN_ID='manual__2025-07-08T19:13:21.608697+00:00'
[2025-07-08T19:13:28.752+0000] {taskinstance.py:740} INFO - ::endgroup::
[2025-07-08T19:13:28.794+0000] {base.py:84} INFO - Retrieving connection 'spark-ebsim'
[2025-07-08T19:13:28.802+0000] {spark_submit.py:474} INFO - Spark-Submit cmd: spark-submit --master spark://spark-master:7077 --jars /opt/bitnami/spark/jars/iceberg-spark-runtime-3.5_2.12-1.8.1.jar,/opt/bitnami/spark/jars/nessie-spark-extensions-3.5_2.12-0.103.2.jar,/opt/bitnami/spark/jars/nessie-client-0.103.2.jar,/opt/bitnami/spark/jars/hadoop-aws-3.3.2.jar,/opt/bitnami/spark/jars/aws-java-sdk-bundle-1.12.262.jar, --name arrow-spark --deploy-mode client /opt/bitnami/spark/jobs/process_exercises_job.py {"id": "CA-LESTE-construtiva-4DE-2025-07-08", "manifest_entry": {"data": {"createdAt": "2025-07-08T18:27:58.496Z", "origin": "CA-LESTE", "path": "exercises/CA-LESTE-construtiva-4DE-2025-07-08"}, "id": "CA-LESTE-construtiva-4DE-2025-07-08"}, "metadata": {"createdAt": "2025-07-08T18:27:58.496Z", "description": "4DE", "documents": [{"description": "", "id": "1751999288885", "mimetype": "application/pdf", "name": "Op Jacui IV - Ordem de Operacoes.pdf", "path": "exercises/CA-LESTE-construtiva-4DE-2025-07-08/documents/Op Jacui IV - Ordem de Operacoes.pdf", "size": 336744, "uploadedAt": "2025-07-08T18:28:08.885Z"}], "endDate": "2025-07-10", "id": "CA-LESTE-construtiva-4DE-2025-07-08", "name": "Jogo de Guerra", "origin": "CA-LESTE", "simulationType": "construtiva", "simulations": [{"id": "172.19.0.14_2025-07-08", "movedAt": "2025-07-08T18:28:17.872Z", "name": "172.19.0.14_2025-07-08", "originalPath": "staging/172.19.0.14_2025-07-08", "path": "exercises/CA-LESTE-construtiva-4DE-2025-07-08/simulations/172.19.0.14_2025-07-08"}], "startDate": "2025-07-08", "trainedForce": "4 Divis\u00e3o de Ex\u00e9rcito", "updatedAt": "2025-07-08T18:28:17.873Z", "wikiUrl": ""}}
[2025-07-08T19:13:32.586+0000] {spark_submit.py:644} INFO - 25/07/08 19:13:32 WARN NativeCodeLoader: Unable to load native-hadoop library for your platform... using builtin-java classes where applicable
[2025-07-08T19:13:34.148+0000] {spark_submit.py:644} INFO - [PROCESS EXERCISES] ℹ️ Iniciando processamento de exercícios
[2025-07-08T19:13:34.148+0000] {spark_submit.py:644} INFO - [PROCESS EXERCISES] ℹ️ Exercício selecionado: CA-LESTE-construtiva-4DE-2025-07-08
[2025-07-08T19:13:34.149+0000] {spark_submit.py:644} INFO - [PROCESS EXERCISES] 🔄 Criando sessão Spark
[2025-07-08T19:13:34.723+0000] {spark_submit.py:644} INFO - 25/07/08 19:13:34 INFO SparkContext: Running Spark version 3.5.5
[2025-07-08T19:13:34.724+0000] {spark_submit.py:644} INFO - 25/07/08 19:13:34 INFO SparkContext: OS info Linux, 5.15.167.4-microsoft-standard-WSL2, amd64
[2025-07-08T19:13:34.724+0000] {spark_submit.py:644} INFO - 25/07/08 19:13:34 INFO SparkContext: Java version 17.0.15
[2025-07-08T19:13:34.767+0000] {spark_submit.py:644} INFO - 25/07/08 19:13:34 INFO ResourceUtils: ==============================================================
[2025-07-08T19:13:34.768+0000] {spark_submit.py:644} INFO - 25/07/08 19:13:34 INFO ResourceUtils: No custom resources configured for spark.driver.
[2025-07-08T19:13:34.768+0000] {spark_submit.py:644} INFO - 25/07/08 19:13:34 INFO ResourceUtils: ==============================================================
[2025-07-08T19:13:34.769+0000] {spark_submit.py:644} INFO - 25/07/08 19:13:34 INFO SparkContext: Submitted application: ProcessExercises
[2025-07-08T19:13:34.798+0000] {spark_submit.py:644} INFO - 25/07/08 19:13:34 INFO ResourceProfile: Default ResourceProfile created, executor resources: Map(memory -> name: memory, amount: 1024, script: , vendor: , offHeap -> name: offHeap, amount: 0, script: , vendor: ), task resources: Map(cpus -> name: cpus, amount: 1.0)
[2025-07-08T19:13:34.812+0000] {spark_submit.py:644} INFO - 25/07/08 19:13:34 INFO ResourceProfile: Limiting resource is cpu
[2025-07-08T19:13:34.813+0000] {spark_submit.py:644} INFO - 25/07/08 19:13:34 INFO ResourceProfileManager: Added ResourceProfile id: 0
[2025-07-08T19:13:34.892+0000] {spark_submit.py:644} INFO - 25/07/08 19:13:34 INFO SecurityManager: Changing view acls to: airflow
[2025-07-08T19:13:34.892+0000] {spark_submit.py:644} INFO - 25/07/08 19:13:34 INFO SecurityManager: Changing modify acls to: airflow
[2025-07-08T19:13:34.893+0000] {spark_submit.py:644} INFO - 25/07/08 19:13:34 INFO SecurityManager: Changing view acls groups to:
[2025-07-08T19:13:34.894+0000] {spark_submit.py:644} INFO - 25/07/08 19:13:34 INFO SecurityManager: Changing modify acls groups to:
[2025-07-08T19:13:34.895+0000] {spark_submit.py:644} INFO - 25/07/08 19:13:34 INFO SecurityManager: SecurityManager: authentication disabled; ui acls disabled; users with view permissions: airflow; groups with view permissions: EMPTY; users with modify permissions: airflow; groups with modify permissions: EMPTY
[2025-07-08T19:13:35.154+0000] {spark_submit.py:644} INFO - 25/07/08 19:13:35 INFO Utils: Successfully started service 'sparkDriver' on port 42383.
[2025-07-08T19:13:35.175+0000] {spark_submit.py:644} INFO - 25/07/08 19:13:35 INFO SparkEnv: Registering MapOutputTracker
[2025-07-08T19:13:35.202+0000] {spark_submit.py:644} INFO - 25/07/08 19:13:35 INFO SparkEnv: Registering BlockManagerMaster
[2025-07-08T19:13:35.214+0000] {spark_submit.py:644} INFO - 25/07/08 19:13:35 INFO BlockManagerMasterEndpoint: Using org.apache.spark.storage.DefaultTopologyMapper for getting topology information
[2025-07-08T19:13:35.215+0000] {spark_submit.py:644} INFO - 25/07/08 19:13:35 INFO BlockManagerMasterEndpoint: BlockManagerMasterEndpoint up
[2025-07-08T19:13:35.218+0000] {spark_submit.py:644} INFO - 25/07/08 19:13:35 INFO SparkEnv: Registering BlockManagerMasterHeartbeat
[2025-07-08T19:13:35.252+0000] {spark_submit.py:644} INFO - 25/07/08 19:13:35 INFO DiskBlockManager: Created local directory at /tmp/blockmgr-0c670c5f-8048-44e1-b376-870b378142b3
[2025-07-08T19:13:35.303+0000] {spark_submit.py:644} INFO - 25/07/08 19:13:35 INFO MemoryStore: MemoryStore started with capacity 434.4 MiB
[2025-07-08T19:13:35.368+0000] {spark_submit.py:644} INFO - 25/07/08 19:13:35 INFO SparkEnv: Registering OutputCommitCoordinator
[2025-07-08T19:13:35.673+0000] {spark_submit.py:644} INFO - 25/07/08 19:13:35 INFO JettyUtils: Start Jetty 0.0.0.0:4040 for SparkUI
[2025-07-08T19:13:35.727+0000] {spark_submit.py:644} INFO - 25/07/08 19:13:35 INFO Utils: Successfully started service 'SparkUI' on port 4040.
[2025-07-08T19:13:35.780+0000] {spark_submit.py:644} INFO - 25/07/08 19:13:35 INFO SparkContext: Added JAR file:///opt/bitnami/spark/jars/iceberg-spark-runtime-3.5_2.12-1.8.1.jar at spark://3748f1b8240a:42383/jars/iceberg-spark-runtime-3.5_2.12-1.8.1.jar with timestamp 1752002014715
[2025-07-08T19:13:35.781+0000] {spark_submit.py:644} INFO - 25/07/08 19:13:35 INFO SparkContext: Added JAR file:///opt/bitnami/spark/jars/nessie-spark-extensions-3.5_2.12-0.103.2.jar at spark://3748f1b8240a:42383/jars/nessie-spark-extensions-3.5_2.12-0.103.2.jar with timestamp 1752002014715
[2025-07-08T19:13:35.783+0000] {spark_submit.py:644} INFO - 25/07/08 19:13:35 INFO SparkContext: Added JAR file:///opt/bitnami/spark/jars/nessie-client-0.103.2.jar at spark://3748f1b8240a:42383/jars/nessie-client-0.103.2.jar with timestamp 1752002014715
[2025-07-08T19:13:35.785+0000] {spark_submit.py:644} INFO - 25/07/08 19:13:35 INFO SparkContext: Added JAR file:///opt/bitnami/spark/jars/hadoop-aws-3.3.2.jar at spark://3748f1b8240a:42383/jars/hadoop-aws-3.3.2.jar with timestamp 1752002014715
[2025-07-08T19:13:35.786+0000] {spark_submit.py:644} INFO - 25/07/08 19:13:35 INFO SparkContext: Added JAR file:///opt/bitnami/spark/jars/aws-java-sdk-bundle-1.12.262.jar at spark://3748f1b8240a:42383/jars/aws-java-sdk-bundle-1.12.262.jar with timestamp 1752002014715
[2025-07-08T19:13:36.004+0000] {spark_submit.py:644} INFO - 25/07/08 19:13:36 INFO StandaloneAppClient$ClientEndpoint: Connecting to master spark://spark-master:7077...
[2025-07-08T19:13:36.127+0000] {spark_submit.py:644} INFO - 25/07/08 19:13:36 INFO TransportClientFactory: Successfully created connection to spark-master/172.19.0.2:7077 after 26 ms (0 ms spent in bootstraps)
[2025-07-08T19:13:36.424+0000] {spark_submit.py:644} INFO - 25/07/08 19:13:36 INFO StandaloneSchedulerBackend: Connected to Spark cluster with app ID app-20250708191336-0025
[2025-07-08T19:13:36.430+0000] {spark_submit.py:644} INFO - 25/07/08 19:13:36 INFO Utils: Successfully started service 'org.apache.spark.network.netty.NettyBlockTransferService' on port 39093.
[2025-07-08T19:13:36.431+0000] {spark_submit.py:644} INFO - 25/07/08 19:13:36 INFO NettyBlockTransferService: Server created on 3748f1b8240a:39093
[2025-07-08T19:13:36.432+0000] {spark_submit.py:644} INFO - 25/07/08 19:13:36 INFO BlockManager: Using org.apache.spark.storage.RandomBlockReplicationPolicy for block replication policy
[2025-07-08T19:13:36.452+0000] {spark_submit.py:644} INFO - 25/07/08 19:13:36 INFO BlockManagerMaster: Registering BlockManager BlockManagerId(driver, 3748f1b8240a, 39093, None)
[2025-07-08T19:13:36.452+0000] {spark_submit.py:644} INFO - 25/07/08 19:13:36 INFO BlockManagerMasterEndpoint: Registering block manager 3748f1b8240a:39093 with 434.4 MiB RAM, BlockManagerId(driver, 3748f1b8240a, 39093, None)
[2025-07-08T19:13:36.453+0000] {spark_submit.py:644} INFO - 25/07/08 19:13:36 INFO BlockManagerMaster: Registered BlockManager BlockManagerId(driver, 3748f1b8240a, 39093, None)
[2025-07-08T19:13:36.454+0000] {spark_submit.py:644} INFO - 25/07/08 19:13:36 INFO StandaloneAppClient$ClientEndpoint: Executor added: app-20250708191336-0025/0 on worker-20250708130010-172.19.0.8-33627 (172.19.0.8:33627) with 2 core(s)
[2025-07-08T19:13:36.454+0000] {spark_submit.py:644} INFO - 25/07/08 19:13:36 INFO BlockManager: Initialized BlockManager: BlockManagerId(driver, 3748f1b8240a, 39093, None)
[2025-07-08T19:13:36.455+0000] {spark_submit.py:644} INFO - 25/07/08 19:13:36 INFO StandaloneSchedulerBackend: Granted executor ID app-20250708191336-0025/0 on hostPort 172.19.0.8:33627 with 2 core(s), 1024.0 MiB RAM
[2025-07-08T19:13:36.535+0000] {spark_submit.py:644} INFO - 25/07/08 19:13:36 INFO StandaloneAppClient$ClientEndpoint: Executor updated: app-20250708191336-0025/0 is now RUNNING
[2025-07-08T19:13:36.681+0000] {spark_submit.py:644} INFO - 25/07/08 19:13:36 INFO StandaloneSchedulerBackend: SchedulerBackend is ready for scheduling beginning after reached minRegisteredResourcesRatio: 0.0
[2025-07-08T19:13:36.898+0000] {spark_submit.py:644} INFO - [PROCESS EXERCISES] ✅ Sessão Spark criada com sucesso
[2025-07-08T19:13:36.898+0000] {spark_submit.py:644} INFO - [PROCESS EXERCISES] ✅ Processador de exercícios inicializado
[2025-07-08T19:13:36.899+0000] {spark_submit.py:644} INFO - [PROCESS EXERCISES] 🔄 Criando namespace nessie.exercises
[2025-07-08T19:13:36.905+0000] {spark_submit.py:644} INFO - 25/07/08 19:13:36 INFO SharedState: Setting hive.metastore.warehouse.dir ('null') to the value of spark.sql.warehouse.dir.
[2025-07-08T19:13:36.908+0000] {spark_submit.py:644} INFO - 25/07/08 19:13:36 INFO SharedState: Warehouse path is 'file:/opt/airflow/spark-warehouse'.
[2025-07-08T19:13:39.433+0000] {spark_submit.py:644} INFO - 25/07/08 19:13:39 INFO CatalogUtil: Loading custom FileIO implementation: org.apache.iceberg.hadoop.HadoopFileIO
[2025-07-08T19:13:39.624+0000] {spark_submit.py:644} INFO - 25/07/08 19:13:39 INFO StandaloneSchedulerBackend$StandaloneDriverEndpoint: Registered executor NettyRpcEndpointRef(spark-client://Executor) (172.19.0.8:60078) with ID 0,  ResourceProfileId 0
[2025-07-08T19:13:39.715+0000] {spark_submit.py:644} INFO - 25/07/08 19:13:39 INFO BlockManagerMasterEndpoint: Registering block manager 172.19.0.8:46033 with 434.4 MiB RAM, BlockManagerId(0, 172.19.0.8, 46033, None)
[2025-07-08T19:13:41.846+0000] {spark_submit.py:644} INFO - [PROCESS EXERCISES] ✅ Namespace criado/verificado com sucesso
[2025-07-08T19:13:41.847+0000] {spark_submit.py:644} INFO - [PROCESS EXERCISES] 🔄 === FASE 1: PROCESSAMENTO DE DOCUMENTOS ===
[2025-07-08T19:13:41.848+0000] {spark_submit.py:644} INFO - [PROCESS EXERCISES] 🔄 Iniciando processamento de documentos PDF
[2025-07-08T19:13:41.849+0000] {spark_submit.py:644} INFO - [PROCESS EXERCISES] ℹ️ Encontrados 1 documentos
[2025-07-08T19:13:41.849+0000] {spark_submit.py:644} INFO - [PROCESS EXERCISES] 🔄 Processando documento: Op Jacui IV - Ordem de Operacoes.pdf
[2025-07-08T19:13:41.850+0000] {spark_submit.py:644} INFO - [PROCESS EXERCISES] ℹ️ Carregando PDF de: s3a://bronze/exercises/CA-LESTE-construtiva-4DE-2025-07-08/documents/Op Jacui IV - Ordem de Operacoes.pdf
[2025-07-08T19:13:42.063+0000] {spark_submit.py:644} INFO - 25/07/08 19:13:42 WARN MetricsConfig: Cannot locate configuration: tried hadoop-metrics2-s3a-file-system.properties,hadoop-metrics2.properties
[2025-07-08T19:13:42.074+0000] {spark_submit.py:644} INFO - 25/07/08 19:13:42 INFO MetricsSystemImpl: Scheduled Metric snapshot period at 10 second(s).
[2025-07-08T19:13:42.074+0000] {spark_submit.py:644} INFO - 25/07/08 19:13:42 INFO MetricsSystemImpl: s3a-file-system metrics system started
[2025-07-08T19:13:44.317+0000] {spark_submit.py:644} INFO - 25/07/08 19:13:44 INFO InMemoryFileIndex: It took 63 ms to list leaf files for 1 paths.
[2025-07-08T19:13:45.059+0000] {spark_submit.py:644} INFO - 25/07/08 19:13:45 INFO FileSourceStrategy: Pushed Filters:
[2025-07-08T19:13:45.060+0000] {spark_submit.py:644} INFO - 25/07/08 19:13:45 INFO FileSourceStrategy: Post-Scan Filters:
[2025-07-08T19:13:45.981+0000] {spark_submit.py:644} INFO - 25/07/08 19:13:45 INFO CodeGenerator: Code generated in 587.338743 ms
[2025-07-08T19:13:46.167+0000] {spark_submit.py:644} INFO - 25/07/08 19:13:46 INFO MemoryStore: Block broadcast_0 stored as values in memory (estimated size 203.5 KiB, free 434.2 MiB)
[2025-07-08T19:13:46.296+0000] {spark_submit.py:644} INFO - 25/07/08 19:13:46 INFO MemoryStore: Block broadcast_0_piece0 stored as bytes in memory (estimated size 35.6 KiB, free 434.2 MiB)
[2025-07-08T19:13:46.383+0000] {spark_submit.py:644} INFO - 25/07/08 19:13:46 INFO BlockManagerInfo: Added broadcast_0_piece0 in memory on 3748f1b8240a:39093 (size: 35.6 KiB, free: 434.4 MiB)
[2025-07-08T19:13:46.387+0000] {spark_submit.py:644} INFO - 25/07/08 19:13:46 INFO SparkContext: Created broadcast 0 from collect at /opt/bitnami/spark/jobs/process_exercises_job.py:241
[2025-07-08T19:13:46.398+0000] {spark_submit.py:644} INFO - 25/07/08 19:13:46 INFO FileSourceScanExec: Planning scan with bin packing, max size: 4194304 bytes, open cost is considered as scanning 4194304 bytes.
[2025-07-08T19:13:46.558+0000] {spark_submit.py:644} INFO - 25/07/08 19:13:46 INFO SparkContext: Starting job: collect at /opt/bitnami/spark/jobs/process_exercises_job.py:241
[2025-07-08T19:13:46.570+0000] {spark_submit.py:644} INFO - 25/07/08 19:13:46 INFO DAGScheduler: Got job 0 (collect at /opt/bitnami/spark/jobs/process_exercises_job.py:241) with 1 output partitions
[2025-07-08T19:13:46.571+0000] {spark_submit.py:644} INFO - 25/07/08 19:13:46 INFO DAGScheduler: Final stage: ResultStage 0 (collect at /opt/bitnami/spark/jobs/process_exercises_job.py:241)
[2025-07-08T19:13:46.571+0000] {spark_submit.py:644} INFO - 25/07/08 19:13:46 INFO DAGScheduler: Parents of final stage: List()
[2025-07-08T19:13:46.572+0000] {spark_submit.py:644} INFO - 25/07/08 19:13:46 INFO DAGScheduler: Missing parents: List()
[2025-07-08T19:13:46.575+0000] {spark_submit.py:644} INFO - 25/07/08 19:13:46 INFO DAGScheduler: Submitting ResultStage 0 (MapPartitionsRDD[5] at collect at /opt/bitnami/spark/jobs/process_exercises_job.py:241), which has no missing parents
[2025-07-08T19:13:46.588+0000] {spark_submit.py:644} INFO - 25/07/08 19:13:46 INFO MemoryStore: Block broadcast_1 stored as values in memory (estimated size 27.4 KiB, free 434.1 MiB)
[2025-07-08T19:13:46.718+0000] {spark_submit.py:644} INFO - 25/07/08 19:13:46 INFO MemoryStore: Block broadcast_1_piece0 stored as bytes in memory (estimated size 13.6 KiB, free 434.1 MiB)
[2025-07-08T19:13:46.718+0000] {spark_submit.py:644} INFO - 25/07/08 19:13:46 INFO BlockManagerInfo: Added broadcast_1_piece0 in memory on 3748f1b8240a:39093 (size: 13.6 KiB, free: 434.4 MiB)
[2025-07-08T19:13:46.719+0000] {spark_submit.py:644} INFO - 25/07/08 19:13:46 INFO SparkContext: Created broadcast 1 from broadcast at DAGScheduler.scala:1585
[2025-07-08T19:13:46.730+0000] {spark_submit.py:644} INFO - 25/07/08 19:13:46 INFO DAGScheduler: Submitting 1 missing tasks from ResultStage 0 (MapPartitionsRDD[5] at collect at /opt/bitnami/spark/jobs/process_exercises_job.py:241) (first 15 tasks are for partitions Vector(0))
[2025-07-08T19:13:46.731+0000] {spark_submit.py:644} INFO - 25/07/08 19:13:46 INFO TaskSchedulerImpl: Adding task set 0.0 with 1 tasks resource profile 0
[2025-07-08T19:13:52.438+0000] {spark_submit.py:644} INFO - 25/07/08 19:13:52 INFO TaskSetManager: Starting task 0.0 in stage 0.0 (TID 0) (172.19.0.8, executor 0, partition 0, PROCESS_LOCAL, 10198 bytes)
[2025-07-08T19:13:52.622+0000] {spark_submit.py:644} INFO - 25/07/08 19:13:52 INFO BlockManagerInfo: Added broadcast_1_piece0 in memory on 172.19.0.8:46033 (size: 13.6 KiB, free: 434.4 MiB)
[2025-07-08T19:13:54.979+0000] {spark_submit.py:644} INFO - 25/07/08 19:13:54 INFO BlockManagerInfo: Added broadcast_0_piece0 in memory on 172.19.0.8:46033 (size: 35.6 KiB, free: 434.4 MiB)
[2025-07-08T19:13:59.381+0000] {spark_submit.py:644} INFO - 25/07/08 19:13:59 INFO TaskSetManager: Finished task 0.0 in stage 0.0 (TID 0) in 6960 ms on 172.19.0.8 (executor 0) (1/1)
[2025-07-08T19:13:59.383+0000] {spark_submit.py:644} INFO - 25/07/08 19:13:59 INFO TaskSchedulerImpl: Removed TaskSet 0.0, whose tasks have all completed, from pool
[2025-07-08T19:13:59.386+0000] {spark_submit.py:644} INFO - 25/07/08 19:13:59 INFO PythonAccumulatorV2: Connected to AccumulatorServer at host: 127.0.0.1 port: 50049
[2025-07-08T19:13:59.389+0000] {spark_submit.py:644} INFO - 25/07/08 19:13:59 INFO DAGScheduler: ResultStage 0 (collect at /opt/bitnami/spark/jobs/process_exercises_job.py:241) finished in 12.806 s
[2025-07-08T19:13:59.393+0000] {spark_submit.py:644} INFO - 25/07/08 19:13:59 INFO DAGScheduler: Job 0 is finished. Cancelling potential speculative or zombie tasks for this job
[2025-07-08T19:13:59.394+0000] {spark_submit.py:644} INFO - 25/07/08 19:13:59 INFO TaskSchedulerImpl: Killing all running tasks in stage 0: Stage finished
[2025-07-08T19:13:59.396+0000] {spark_submit.py:644} INFO - 25/07/08 19:13:59 INFO DAGScheduler: Job 0 finished: collect at /opt/bitnami/spark/jobs/process_exercises_job.py:241, took 12.837501 s
[2025-07-08T19:13:59.446+0000] {spark_submit.py:644} INFO - [PROCESS EXERCISES] ✅ Documento processado com sucesso: Op Jacui IV - Ordem de Operacoes.pdf
[2025-07-08T19:13:59.447+0000] {spark_submit.py:644} INFO - [PROCESS EXERCISES] ✅ Processamento de documentos concluído: 1 registros
[2025-07-08T19:14:05.660+0000] {spark_submit.py:644} INFO - 25/07/08 19:14:05 INFO CodeGenerator: Code generated in 37.495677 ms
[2025-07-08T19:14:05.685+0000] {spark_submit.py:644} INFO - 25/07/08 19:14:05 INFO DAGScheduler: Registering RDD 12 (count at NativeMethodAccessorImpl.java:0) as input to shuffle 0
[2025-07-08T19:14:05.689+0000] {spark_submit.py:644} INFO - 25/07/08 19:14:05 INFO DAGScheduler: Got map stage job 1 (count at NativeMethodAccessorImpl.java:0) with 2 output partitions
[2025-07-08T19:14:05.690+0000] {spark_submit.py:644} INFO - 25/07/08 19:14:05 INFO DAGScheduler: Final stage: ShuffleMapStage 1 (count at NativeMethodAccessorImpl.java:0)
[2025-07-08T19:14:05.690+0000] {spark_submit.py:644} INFO - 25/07/08 19:14:05 INFO DAGScheduler: Parents of final stage: List()
[2025-07-08T19:14:05.691+0000] {spark_submit.py:644} INFO - 25/07/08 19:14:05 INFO DAGScheduler: Missing parents: List()
[2025-07-08T19:14:05.692+0000] {spark_submit.py:644} INFO - 25/07/08 19:14:05 INFO DAGScheduler: Submitting ShuffleMapStage 1 (MapPartitionsRDD[12] at count at NativeMethodAccessorImpl.java:0), which has no missing parents
[2025-07-08T19:14:05.712+0000] {spark_submit.py:644} INFO - 25/07/08 19:14:05 INFO MemoryStore: Block broadcast_2 stored as values in memory (estimated size 16.0 KiB, free 434.1 MiB)
[2025-07-08T19:14:05.723+0000] {spark_submit.py:644} INFO - 25/07/08 19:14:05 INFO MemoryStore: Block broadcast_2_piece0 stored as bytes in memory (estimated size 8.4 KiB, free 434.1 MiB)
[2025-07-08T19:14:05.724+0000] {spark_submit.py:644} INFO - 25/07/08 19:14:05 INFO BlockManagerInfo: Added broadcast_2_piece0 in memory on 3748f1b8240a:39093 (size: 8.4 KiB, free: 434.3 MiB)
[2025-07-08T19:14:05.751+0000] {spark_submit.py:644} INFO - 25/07/08 19:14:05 INFO SparkContext: Created broadcast 2 from broadcast at DAGScheduler.scala:1585
[2025-07-08T19:14:05.754+0000] {spark_submit.py:644} INFO - 25/07/08 19:14:05 INFO DAGScheduler: Submitting 2 missing tasks from ShuffleMapStage 1 (MapPartitionsRDD[12] at count at NativeMethodAccessorImpl.java:0) (first 15 tasks are for partitions Vector(0, 1))
[2025-07-08T19:14:05.754+0000] {spark_submit.py:644} INFO - 25/07/08 19:14:05 INFO TaskSchedulerImpl: Adding task set 1.0 with 2 tasks resource profile 0
[2025-07-08T19:14:05.758+0000] {spark_submit.py:644} INFO - 25/07/08 19:14:05 INFO TaskSetManager: Starting task 0.0 in stage 1.0 (TID 1) (172.19.0.8, executor 0, partition 0, PROCESS_LOCAL, 9487 bytes)
[2025-07-08T19:14:05.758+0000] {spark_submit.py:644} INFO - 25/07/08 19:14:05 INFO TaskSetManager: Starting task 1.0 in stage 1.0 (TID 2) (172.19.0.8, executor 0, partition 1, PROCESS_LOCAL, 26221 bytes)
[2025-07-08T19:14:05.776+0000] {spark_submit.py:644} INFO - 25/07/08 19:14:05 INFO BlockManagerInfo: Removed broadcast_1_piece0 on 3748f1b8240a:39093 in memory (size: 13.6 KiB, free: 434.4 MiB)
[2025-07-08T19:14:05.782+0000] {spark_submit.py:644} INFO - 25/07/08 19:14:05 INFO BlockManagerInfo: Removed broadcast_1_piece0 on 172.19.0.8:46033 in memory (size: 13.6 KiB, free: 434.4 MiB)
[2025-07-08T19:14:05.797+0000] {spark_submit.py:644} INFO - 25/07/08 19:14:05 INFO BlockManagerInfo: Added broadcast_2_piece0 in memory on 172.19.0.8:46033 (size: 8.4 KiB, free: 434.4 MiB)
[2025-07-08T19:14:07.102+0000] {spark_submit.py:644} INFO - 25/07/08 19:14:07 INFO TaskSetManager: Finished task 0.0 in stage 1.0 (TID 1) in 1347 ms on 172.19.0.8 (executor 0) (1/2)
[2025-07-08T19:14:07.246+0000] {spark_submit.py:644} INFO - 25/07/08 19:14:07 INFO TaskSetManager: Finished task 1.0 in stage 1.0 (TID 2) in 1488 ms on 172.19.0.8 (executor 0) (2/2)
[2025-07-08T19:14:07.247+0000] {spark_submit.py:644} INFO - 25/07/08 19:14:07 INFO TaskSchedulerImpl: Removed TaskSet 1.0, whose tasks have all completed, from pool
[2025-07-08T19:14:07.249+0000] {spark_submit.py:644} INFO - 25/07/08 19:14:07 INFO DAGScheduler: ShuffleMapStage 1 (count at NativeMethodAccessorImpl.java:0) finished in 1.553 s
[2025-07-08T19:14:07.249+0000] {spark_submit.py:644} INFO - 25/07/08 19:14:07 INFO DAGScheduler: looking for newly runnable stages
[2025-07-08T19:14:07.250+0000] {spark_submit.py:644} INFO - 25/07/08 19:14:07 INFO DAGScheduler: running: Set()
[2025-07-08T19:14:07.251+0000] {spark_submit.py:644} INFO - 25/07/08 19:14:07 INFO DAGScheduler: waiting: Set()
[2025-07-08T19:14:07.252+0000] {spark_submit.py:644} INFO - 25/07/08 19:14:07 INFO DAGScheduler: failed: Set()
[2025-07-08T19:14:07.467+0000] {spark_submit.py:644} INFO - 25/07/08 19:14:07 INFO CodeGenerator: Code generated in 15.44104 ms
[2025-07-08T19:14:07.565+0000] {spark_submit.py:644} INFO - 25/07/08 19:14:07 INFO SparkContext: Starting job: count at NativeMethodAccessorImpl.java:0
[2025-07-08T19:14:07.568+0000] {spark_submit.py:644} INFO - 25/07/08 19:14:07 INFO DAGScheduler: Got job 2 (count at NativeMethodAccessorImpl.java:0) with 1 output partitions
[2025-07-08T19:14:07.569+0000] {spark_submit.py:644} INFO - 25/07/08 19:14:07 INFO DAGScheduler: Final stage: ResultStage 3 (count at NativeMethodAccessorImpl.java:0)
[2025-07-08T19:14:07.569+0000] {spark_submit.py:644} INFO - 25/07/08 19:14:07 INFO DAGScheduler: Parents of final stage: List(ShuffleMapStage 2)
[2025-07-08T19:14:07.570+0000] {spark_submit.py:644} INFO - 25/07/08 19:14:07 INFO DAGScheduler: Missing parents: List()
[2025-07-08T19:14:07.571+0000] {spark_submit.py:644} INFO - 25/07/08 19:14:07 INFO DAGScheduler: Submitting ResultStage 3 (MapPartitionsRDD[15] at count at NativeMethodAccessorImpl.java:0), which has no missing parents
[2025-07-08T19:14:07.576+0000] {spark_submit.py:644} INFO - 25/07/08 19:14:07 INFO MemoryStore: Block broadcast_3 stored as values in memory (estimated size 12.5 KiB, free 434.1 MiB)
[2025-07-08T19:14:07.867+0000] {spark_submit.py:644} INFO - 25/07/08 19:14:07 INFO MemoryStore: Block broadcast_3_piece0 stored as bytes in memory (estimated size 5.9 KiB, free 434.1 MiB)
[2025-07-08T19:14:07.870+0000] {spark_submit.py:644} INFO - 25/07/08 19:14:07 INFO BlockManagerInfo: Added broadcast_3_piece0 in memory on 3748f1b8240a:39093 (size: 5.9 KiB, free: 434.4 MiB)
[2025-07-08T19:14:07.874+0000] {spark_submit.py:644} INFO - 25/07/08 19:14:07 INFO SparkContext: Created broadcast 3 from broadcast at DAGScheduler.scala:1585
[2025-07-08T19:14:07.879+0000] {spark_submit.py:644} INFO - 25/07/08 19:14:07 INFO BlockManagerInfo: Removed broadcast_2_piece0 on 3748f1b8240a:39093 in memory (size: 8.4 KiB, free: 434.4 MiB)
[2025-07-08T19:14:07.882+0000] {spark_submit.py:644} INFO - 25/07/08 19:14:07 INFO DAGScheduler: Submitting 1 missing tasks from ResultStage 3 (MapPartitionsRDD[15] at count at NativeMethodAccessorImpl.java:0) (first 15 tasks are for partitions Vector(0))
[2025-07-08T19:14:07.889+0000] {spark_submit.py:644} INFO - 25/07/08 19:14:07 INFO TaskSchedulerImpl: Adding task set 3.0 with 1 tasks resource profile 0
[2025-07-08T19:14:07.890+0000] {spark_submit.py:644} INFO - 25/07/08 19:14:07 INFO BlockManagerInfo: Removed broadcast_2_piece0 on 172.19.0.8:46033 in memory (size: 8.4 KiB, free: 434.4 MiB)
[2025-07-08T19:14:07.894+0000] {spark_submit.py:644} INFO - 25/07/08 19:14:07 INFO TaskSetManager: Starting task 0.0 in stage 3.0 (TID 3) (172.19.0.8, executor 0, partition 0, NODE_LOCAL, 9518 bytes)
[2025-07-08T19:14:07.956+0000] {spark_submit.py:644} INFO - 25/07/08 19:14:07 INFO BlockManagerInfo: Added broadcast_3_piece0 in memory on 172.19.0.8:46033 (size: 5.9 KiB, free: 434.4 MiB)
[2025-07-08T19:14:12.875+0000] {spark_submit.py:644} INFO - 25/07/08 19:14:12 INFO MapOutputTrackerMasterEndpoint: Asked to send map output locations for shuffle 0 to 172.19.0.8:60078
[2025-07-08T19:14:12.948+0000] {spark_submit.py:644} INFO - 25/07/08 19:14:12 INFO BlockManagerInfo: Removed broadcast_0_piece0 on 3748f1b8240a:39093 in memory (size: 35.6 KiB, free: 434.4 MiB)
[2025-07-08T19:14:12.951+0000] {spark_submit.py:644} INFO - 25/07/08 19:14:12 INFO BlockManagerInfo: Removed broadcast_0_piece0 on 172.19.0.8:46033 in memory (size: 35.6 KiB, free: 434.4 MiB)
[2025-07-08T19:14:13.221+0000] {spark_submit.py:644} INFO - 25/07/08 19:14:13 INFO TaskSetManager: Finished task 0.0 in stage 3.0 (TID 3) in 5339 ms on 172.19.0.8 (executor 0) (1/1)
[2025-07-08T19:14:13.227+0000] {spark_submit.py:644} INFO - 25/07/08 19:14:13 INFO TaskSchedulerImpl: Removed TaskSet 3.0, whose tasks have all completed, from pool
[2025-07-08T19:14:13.228+0000] {spark_submit.py:644} INFO - 25/07/08 19:14:13 INFO DAGScheduler: ResultStage 3 (count at NativeMethodAccessorImpl.java:0) finished in 5.649 s
[2025-07-08T19:14:13.229+0000] {spark_submit.py:644} INFO - 25/07/08 19:14:13 INFO DAGScheduler: Job 2 is finished. Cancelling potential speculative or zombie tasks for this job
[2025-07-08T19:14:13.229+0000] {spark_submit.py:644} INFO - 25/07/08 19:14:13 INFO TaskSchedulerImpl: Killing all running tasks in stage 3: Stage finished
[2025-07-08T19:14:13.230+0000] {spark_submit.py:644} INFO - 25/07/08 19:14:13 INFO DAGScheduler: Job 2 finished: count at NativeMethodAccessorImpl.java:0, took 5.662630 s
[2025-07-08T19:14:13.231+0000] {spark_submit.py:644} INFO - [PROCESS EXERCISES] ℹ️ Salvando 1 registros na tabela nessie.exercises.pdf_documents
[2025-07-08T19:14:13.645+0000] {spark_submit.py:644} INFO - 25/07/08 19:14:13 INFO BaseMetastoreTableOperations: Refreshing table metadata from new version: s3a://warehouse/exercises/pdf_documents_3f2f6938-06f1-4401-a884-d6a6de9720a0/metadata/00035-4d6e4a7d-d80d-468e-b25f-c62e344cb865.metadata.json
[2025-07-08T19:14:13.822+0000] {spark_submit.py:644} INFO - 25/07/08 19:14:13 INFO NessieUtil: loadTableMetadata for 'exercises.pdf_documents' from location 's3a://warehouse/exercises/pdf_documents_3f2f6938-06f1-4401-a884-d6a6de9720a0/metadata/00035-4d6e4a7d-d80d-468e-b25f-c62e344cb865.metadata.json' at 'Branch{name=main, metadata=null, hash=5fef0f36e525238d0de07199fcb346bccc1b0d8f3f1cce7aed994bc40f2727f7}'
[2025-07-08T19:14:13.845+0000] {spark_submit.py:644} INFO - 25/07/08 19:14:13 INFO BaseMetastoreCatalog: Table loaded by catalog: nessie.exercises.pdf_documents
[2025-07-08T19:14:14.529+0000] {spark_submit.py:644} INFO - 25/07/08 19:14:14 INFO BlockManagerInfo: Removed broadcast_3_piece0 on 3748f1b8240a:39093 in memory (size: 5.9 KiB, free: 434.4 MiB)
[2025-07-08T19:14:14.532+0000] {spark_submit.py:644} INFO - 25/07/08 19:14:14 INFO BlockManagerInfo: Removed broadcast_3_piece0 on 172.19.0.8:46033 in memory (size: 5.9 KiB, free: 434.4 MiB)
[2025-07-08T19:14:15.157+0000] {spark_submit.py:644} INFO - 25/07/08 19:14:15 INFO CodeGenerator: Code generated in 55.426816 ms
[2025-07-08T19:14:15.161+0000] {spark_submit.py:644} INFO - [PROCESS EXERCISES] 🔄 Salvando tabela nessie.exercises.pdf_documents em modo append
[2025-07-08T19:14:15.249+0000] {spark_submit.py:644} INFO - 25/07/08 19:14:15 INFO SparkWrite: Requesting 0 bytes advisory partition size for table nessie.exercises.pdf_documents
[2025-07-08T19:14:15.250+0000] {spark_submit.py:644} INFO - 25/07/08 19:14:15 INFO SparkWrite: Requesting UnspecifiedDistribution as write distribution for table nessie.exercises.pdf_documents
[2025-07-08T19:14:15.251+0000] {spark_submit.py:644} INFO - 25/07/08 19:14:15 INFO SparkWrite: Requesting [] as write ordering for table nessie.exercises.pdf_documents
[2025-07-08T19:14:15.281+0000] {spark_submit.py:644} INFO - 25/07/08 19:14:15 INFO CodeGenerator: Code generated in 12.709107 ms
[2025-07-08T19:14:15.307+0000] {spark_submit.py:644} INFO - 25/07/08 19:14:15 INFO MemoryStore: Block broadcast_4 stored as values in memory (estimated size 32.0 KiB, free 434.4 MiB)
[2025-07-08T19:14:15.338+0000] {spark_submit.py:644} INFO - 25/07/08 19:14:15 INFO MemoryStore: Block broadcast_4_piece0 stored as bytes in memory (estimated size 30.1 KiB, free 434.3 MiB)
[2025-07-08T19:14:15.428+0000] {spark_submit.py:644} INFO - 25/07/08 19:14:15 INFO BlockManagerInfo: Added broadcast_4_piece0 in memory on 3748f1b8240a:39093 (size: 30.1 KiB, free: 434.4 MiB)
[2025-07-08T19:14:15.428+0000] {spark_submit.py:644} INFO - 25/07/08 19:14:15 INFO SparkContext: Created broadcast 4 from broadcast at SparkWrite.java:193
[2025-07-08T19:14:15.431+0000] {spark_submit.py:644} INFO - 25/07/08 19:14:15 INFO AppendDataExec: Start processing data source write support: IcebergBatchWrite(table=nessie.exercises.pdf_documents, format=PARQUET). The input RDD has 2 partitions.
[2025-07-08T19:14:15.443+0000] {spark_submit.py:644} INFO - 25/07/08 19:14:15 INFO SparkContext: Starting job: saveAsTable at NativeMethodAccessorImpl.java:0
[2025-07-08T19:14:15.444+0000] {spark_submit.py:644} INFO - 25/07/08 19:14:15 INFO DAGScheduler: Got job 3 (saveAsTable at NativeMethodAccessorImpl.java:0) with 2 output partitions
[2025-07-08T19:14:15.445+0000] {spark_submit.py:644} INFO - 25/07/08 19:14:15 INFO DAGScheduler: Final stage: ResultStage 4 (saveAsTable at NativeMethodAccessorImpl.java:0)
[2025-07-08T19:14:15.446+0000] {spark_submit.py:644} INFO - 25/07/08 19:14:15 INFO DAGScheduler: Parents of final stage: List()
[2025-07-08T19:14:15.447+0000] {spark_submit.py:644} INFO - 25/07/08 19:14:15 INFO DAGScheduler: Missing parents: List()
[2025-07-08T19:14:15.447+0000] {spark_submit.py:644} INFO - 25/07/08 19:14:15 INFO DAGScheduler: Submitting ResultStage 4 (MapPartitionsRDD[16] at saveAsTable at NativeMethodAccessorImpl.java:0), which has no missing parents
[2025-07-08T19:14:15.448+0000] {spark_submit.py:644} INFO - 25/07/08 19:14:15 INFO MemoryStore: Block broadcast_5 stored as values in memory (estimated size 15.1 KiB, free 434.3 MiB)
[2025-07-08T19:14:15.514+0000] {spark_submit.py:644} INFO - 25/07/08 19:14:15 INFO MemoryStore: Block broadcast_5_piece0 stored as bytes in memory (estimated size 7.8 KiB, free 434.3 MiB)
[2025-07-08T19:14:15.569+0000] {spark_submit.py:644} INFO - 25/07/08 19:14:15 INFO BlockManagerInfo: Added broadcast_5_piece0 in memory on 3748f1b8240a:39093 (size: 7.8 KiB, free: 434.4 MiB)
[2025-07-08T19:14:15.571+0000] {spark_submit.py:644} INFO - 25/07/08 19:14:15 INFO SparkContext: Created broadcast 5 from broadcast at DAGScheduler.scala:1585
[2025-07-08T19:14:15.573+0000] {spark_submit.py:644} INFO - 25/07/08 19:14:15 INFO DAGScheduler: Submitting 2 missing tasks from ResultStage 4 (MapPartitionsRDD[16] at saveAsTable at NativeMethodAccessorImpl.java:0) (first 15 tasks are for partitions Vector(0, 1))
[2025-07-08T19:14:15.575+0000] {spark_submit.py:644} INFO - 25/07/08 19:14:15 INFO TaskSchedulerImpl: Adding task set 4.0 with 2 tasks resource profile 0
[2025-07-08T19:14:15.577+0000] {spark_submit.py:644} INFO - 25/07/08 19:14:15 INFO TaskSetManager: Starting task 0.0 in stage 4.0 (TID 4) (172.19.0.8, executor 0, partition 0, PROCESS_LOCAL, 9498 bytes)
[2025-07-08T19:14:15.579+0000] {spark_submit.py:644} INFO - 25/07/08 19:14:15 INFO TaskSetManager: Starting task 1.0 in stage 4.0 (TID 5) (172.19.0.8, executor 0, partition 1, PROCESS_LOCAL, 26232 bytes)
[2025-07-08T19:14:15.598+0000] {spark_submit.py:644} INFO - 25/07/08 19:14:15 INFO BlockManagerInfo: Added broadcast_5_piece0 in memory on 172.19.0.8:46033 (size: 7.8 KiB, free: 434.4 MiB)
[2025-07-08T19:14:15.700+0000] {spark_submit.py:644} INFO - 25/07/08 19:14:15 INFO BlockManagerInfo: Added broadcast_4_piece0 in memory on 172.19.0.8:46033 (size: 30.1 KiB, free: 434.4 MiB)
[2025-07-08T19:14:16.594+0000] {spark_submit.py:644} INFO - 25/07/08 19:14:16 INFO TaskSetManager: Finished task 0.0 in stage 4.0 (TID 4) in 1018 ms on 172.19.0.8 (executor 0) (1/2)
[2025-07-08T19:14:17.719+0000] {spark_submit.py:644} INFO - 25/07/08 19:14:17 INFO TaskSetManager: Finished task 1.0 in stage 4.0 (TID 5) in 2142 ms on 172.19.0.8 (executor 0) (2/2)
[2025-07-08T19:14:17.720+0000] {spark_submit.py:644} INFO - 25/07/08 19:14:17 INFO TaskSchedulerImpl: Removed TaskSet 4.0, whose tasks have all completed, from pool
[2025-07-08T19:14:17.721+0000] {spark_submit.py:644} INFO - 25/07/08 19:14:17 INFO DAGScheduler: ResultStage 4 (saveAsTable at NativeMethodAccessorImpl.java:0) finished in 2.274 s
[2025-07-08T19:14:17.721+0000] {spark_submit.py:644} INFO - 25/07/08 19:14:17 INFO DAGScheduler: Job 3 is finished. Cancelling potential speculative or zombie tasks for this job
[2025-07-08T19:14:17.722+0000] {spark_submit.py:644} INFO - 25/07/08 19:14:17 INFO TaskSchedulerImpl: Killing all running tasks in stage 4: Stage finished
[2025-07-08T19:14:17.722+0000] {spark_submit.py:644} INFO - 25/07/08 19:14:17 INFO DAGScheduler: Job 3 finished: saveAsTable at NativeMethodAccessorImpl.java:0, took 2.278551 s
[2025-07-08T19:14:17.723+0000] {spark_submit.py:644} INFO - 25/07/08 19:14:17 INFO AppendDataExec: Data source write support IcebergBatchWrite(table=nessie.exercises.pdf_documents, format=PARQUET) is committing.
[2025-07-08T19:14:17.781+0000] {spark_submit.py:644} INFO - 25/07/08 19:14:17 INFO SparkWrite: Committing append with 1 new data files to table nessie.exercises.pdf_documents
[2025-07-08T19:14:19.868+0000] {spark_submit.py:644} INFO - 25/07/08 19:14:19 INFO NessieIcebergClient: Committed 'exercises.pdf_documents' against 'Branch{name=main, metadata=null, hash=a156440845a1c31a3df3eeeb6492cfe4268b5608790ebc7a928760a11a76359d}', expected commit-id was '5fef0f36e525238d0de07199fcb346bccc1b0d8f3f1cce7aed994bc40f2727f7'
[2025-07-08T19:14:19.869+0000] {spark_submit.py:644} INFO - 25/07/08 19:14:19 INFO BaseMetastoreTableOperations: Successfully committed to table exercises.pdf_documents in 768 ms
[2025-07-08T19:14:19.870+0000] {spark_submit.py:644} INFO - 25/07/08 19:14:19 INFO SnapshotProducer: Committed snapshot 6417820122258264012 (MergeAppend)
[2025-07-08T19:14:19.910+0000] {spark_submit.py:644} INFO - 25/07/08 19:14:19 INFO BaseMetastoreTableOperations: Refreshing table metadata from new version: s3a://warehouse/exercises/pdf_documents_3f2f6938-06f1-4401-a884-d6a6de9720a0/metadata/00036-c3049c73-8968-4279-8821-727f2a16e99d.metadata.json
[2025-07-08T19:14:19.959+0000] {spark_submit.py:644} INFO - 25/07/08 19:14:19 INFO NessieUtil: loadTableMetadata for 'exercises.pdf_documents' from location 's3a://warehouse/exercises/pdf_documents_3f2f6938-06f1-4401-a884-d6a6de9720a0/metadata/00036-c3049c73-8968-4279-8821-727f2a16e99d.metadata.json' at 'Branch{name=main, metadata=null, hash=a156440845a1c31a3df3eeeb6492cfe4268b5608790ebc7a928760a11a76359d}'
[2025-07-08T19:14:20.053+0000] {spark_submit.py:644} INFO - 25/07/08 19:14:19 INFO LoggingMetricsReporter: Received metrics report: CommitReport{tableName=nessie.exercises.pdf_documents, snapshotId=6417820122258264012, sequenceNumber=37, operation=append, commitMetrics=CommitMetricsResult{totalDuration=TimerResult{timeUnit=NANOSECONDS, totalDuration=PT2.090002809S, count=1}, attempts=CounterResult{unit=COUNT, value=1}, addedDataFiles=CounterResult{unit=COUNT, value=1}, removedDataFiles=null, totalDataFiles=CounterResult{unit=COUNT, value=37}, addedDeleteFiles=null, addedEqualityDeleteFiles=null, addedPositionalDeleteFiles=null, addedDVs=null, removedDeleteFiles=null, removedEqualityDeleteFiles=null, removedPositionalDeleteFiles=null, removedDVs=null, totalDeleteFiles=CounterResult{unit=COUNT, value=0}, addedRecords=CounterResult{unit=COUNT, value=1}, removedRecords=null, totalRecords=CounterResult{unit=COUNT, value=37}, addedFilesSizeInBytes=CounterResult{unit=BYTES, value=8843}, removedFilesSizeInBytes=null, totalFilesSizeInBytes=CounterResult{unit=BYTES, value=297561}, addedPositionalDeletes=null, removedPositionalDeletes=null, totalPositionalDeletes=CounterResult{unit=COUNT, value=0}, addedEqualityDeletes=null, removedEqualityDeletes=null, totalEqualityDeletes=CounterResult{unit=COUNT, value=0}}, metadata={engine-version=3.5.5, app-id=app-20250708191336-0025, engine-name=spark, iceberg-version=Apache Iceberg 1.8.1 (commit 9ce0fcf0af7becf25ad9fc996c3bad2afdcfd33d)}}
[2025-07-08T19:14:20.054+0000] {spark_submit.py:644} INFO - 25/07/08 19:14:20 INFO SparkWrite: Committed in 2270 ms
[2025-07-08T19:14:20.055+0000] {spark_submit.py:644} INFO - 25/07/08 19:14:20 INFO AppendDataExec: Data source write support IcebergBatchWrite(table=nessie.exercises.pdf_documents, format=PARQUET) committed.
[2025-07-08T19:14:20.057+0000] {spark_submit.py:644} INFO - [PROCESS EXERCISES] ✅ Tabela nessie.exercises.pdf_documents salva com sucesso (1 registros)
[2025-07-08T19:14:20.058+0000] {spark_submit.py:644} INFO - [PROCESS EXERCISES] 🔄 === FASE 2: PROCESSAMENTO DE SIMULAÇÕES ===
[2025-07-08T19:14:20.058+0000] {spark_submit.py:644} INFO - [PROCESS EXERCISES] 🔄 Iniciando processamento de simulações
[2025-07-08T19:14:20.059+0000] {spark_submit.py:644} INFO - [PROCESS EXERCISES] ℹ️ Buscando arquivos de simulação em: exercises/CA-LESTE-construtiva-4DE-2025-07-08/simulations/172.19.0.14_2025-07-08
[2025-07-08T19:14:20.060+0000] {spark_submit.py:644} INFO - [PROCESS EXERCISES] ℹ️ Buscando arquivos em: s3a://bronze/exercises/CA-LESTE-construtiva-4DE-2025-07-08/simulations/172.19.0.14_2025-07-08/
[2025-07-08T19:14:20.109+0000] {spark_submit.py:644} INFO - 25/07/08 19:14:20 INFO InMemoryFileIndex: It took 11 ms to list leaf files for 1 paths.
[2025-07-08T19:14:20.134+0000] {spark_submit.py:644} INFO - 25/07/08 19:14:20 INFO FileSourceStrategy: Pushed Filters:
[2025-07-08T19:14:20.135+0000] {spark_submit.py:644} INFO - 25/07/08 19:14:20 INFO FileSourceStrategy: Post-Scan Filters:
[2025-07-08T19:14:20.151+0000] {spark_submit.py:644} INFO - 25/07/08 19:14:20 INFO MemoryStore: Block broadcast_6 stored as values in memory (estimated size 203.7 KiB, free 434.1 MiB)
[2025-07-08T19:14:20.167+0000] {spark_submit.py:644} INFO - 25/07/08 19:14:20 INFO BlockManagerInfo: Removed broadcast_5_piece0 on 3748f1b8240a:39093 in memory (size: 7.8 KiB, free: 434.4 MiB)
[2025-07-08T19:14:20.170+0000] {spark_submit.py:644} INFO - 25/07/08 19:14:20 INFO BlockManagerInfo: Removed broadcast_5_piece0 on 172.19.0.8:46033 in memory (size: 7.8 KiB, free: 434.4 MiB)
[2025-07-08T19:14:20.172+0000] {spark_submit.py:644} INFO - 25/07/08 19:14:20 INFO MemoryStore: Block broadcast_6_piece0 stored as bytes in memory (estimated size 35.7 KiB, free 434.1 MiB)
[2025-07-08T19:14:20.173+0000] {spark_submit.py:644} INFO - 25/07/08 19:14:20 INFO BlockManagerInfo: Added broadcast_6_piece0 in memory on 3748f1b8240a:39093 (size: 35.7 KiB, free: 434.3 MiB)
[2025-07-08T19:14:20.174+0000] {spark_submit.py:644} INFO - 25/07/08 19:14:20 INFO SparkContext: Created broadcast 6 from collect at /opt/bitnami/spark/jobs/process_exercises_job.py:438
[2025-07-08T19:14:20.175+0000] {spark_submit.py:644} INFO - 25/07/08 19:14:20 INFO FileSourceScanExec: Planning scan with bin packing, max size: 10487545 bytes, open cost is considered as scanning 4194304 bytes.
[2025-07-08T19:14:20.178+0000] {spark_submit.py:644} INFO - 25/07/08 19:14:20 INFO BlockManagerInfo: Removed broadcast_4_piece0 on 3748f1b8240a:39093 in memory (size: 30.1 KiB, free: 434.4 MiB)
[2025-07-08T19:14:20.181+0000] {spark_submit.py:644} INFO - 25/07/08 19:14:20 INFO BlockManagerInfo: Removed broadcast_4_piece0 on 172.19.0.8:46033 in memory (size: 30.1 KiB, free: 434.4 MiB)
[2025-07-08T19:14:20.187+0000] {spark_submit.py:644} INFO - 25/07/08 19:14:20 INFO SparkContext: Starting job: collect at /opt/bitnami/spark/jobs/process_exercises_job.py:438
[2025-07-08T19:14:20.188+0000] {spark_submit.py:644} INFO - 25/07/08 19:14:20 INFO DAGScheduler: Got job 4 (collect at /opt/bitnami/spark/jobs/process_exercises_job.py:438) with 2 output partitions
[2025-07-08T19:14:20.189+0000] {spark_submit.py:644} INFO - 25/07/08 19:14:20 INFO DAGScheduler: Final stage: ResultStage 5 (collect at /opt/bitnami/spark/jobs/process_exercises_job.py:438)
[2025-07-08T19:14:20.190+0000] {spark_submit.py:644} INFO - 25/07/08 19:14:20 INFO DAGScheduler: Parents of final stage: List()
[2025-07-08T19:14:20.190+0000] {spark_submit.py:644} INFO - 25/07/08 19:14:20 INFO DAGScheduler: Missing parents: List()
[2025-07-08T19:14:20.191+0000] {spark_submit.py:644} INFO - 25/07/08 19:14:20 INFO DAGScheduler: Submitting ResultStage 5 (MapPartitionsRDD[19] at collect at /opt/bitnami/spark/jobs/process_exercises_job.py:438), which has no missing parents
[2025-07-08T19:14:20.192+0000] {spark_submit.py:644} INFO - 25/07/08 19:14:20 INFO MemoryStore: Block broadcast_7 stored as values in memory (estimated size 9.4 KiB, free 434.2 MiB)
[2025-07-08T19:14:20.193+0000] {spark_submit.py:644} INFO - 25/07/08 19:14:20 INFO MemoryStore: Block broadcast_7_piece0 stored as bytes in memory (estimated size 4.7 KiB, free 434.2 MiB)
[2025-07-08T19:14:20.246+0000] {spark_submit.py:644} INFO - 25/07/08 19:14:20 INFO BlockManagerInfo: Added broadcast_7_piece0 in memory on 3748f1b8240a:39093 (size: 4.7 KiB, free: 434.4 MiB)
[2025-07-08T19:14:20.247+0000] {spark_submit.py:644} INFO - 25/07/08 19:14:20 INFO SparkContext: Created broadcast 7 from broadcast at DAGScheduler.scala:1585
[2025-07-08T19:14:20.248+0000] {spark_submit.py:644} INFO - 25/07/08 19:14:20 INFO DAGScheduler: Submitting 2 missing tasks from ResultStage 5 (MapPartitionsRDD[19] at collect at /opt/bitnami/spark/jobs/process_exercises_job.py:438) (first 15 tasks are for partitions Vector(0, 1))
[2025-07-08T19:14:20.249+0000] {spark_submit.py:644} INFO - 25/07/08 19:14:20 INFO TaskSchedulerImpl: Adding task set 5.0 with 2 tasks resource profile 0
[2025-07-08T19:14:20.251+0000] {spark_submit.py:644} INFO - 25/07/08 19:14:20 INFO TaskSetManager: Starting task 0.0 in stage 5.0 (TID 6) (172.19.0.8, executor 0, partition 0, PROCESS_LOCAL, 10561 bytes)
[2025-07-08T19:14:20.252+0000] {spark_submit.py:644} INFO - 25/07/08 19:14:20 INFO TaskSetManager: Starting task 1.0 in stage 5.0 (TID 7) (172.19.0.8, executor 0, partition 1, PROCESS_LOCAL, 10380 bytes)
[2025-07-08T19:14:20.273+0000] {spark_submit.py:644} INFO - 25/07/08 19:14:20 INFO BlockManagerInfo: Added broadcast_7_piece0 in memory on 172.19.0.8:46033 (size: 4.7 KiB, free: 434.4 MiB)
[2025-07-08T19:14:20.355+0000] {spark_submit.py:644} INFO - 25/07/08 19:14:20 INFO BlockManagerInfo: Added broadcast_6_piece0 in memory on 172.19.0.8:46033 (size: 35.7 KiB, free: 434.4 MiB)
[2025-07-08T19:14:20.457+0000] {spark_submit.py:644} INFO - 25/07/08 19:14:20 INFO TaskSetManager: Finished task 1.0 in stage 5.0 (TID 7) in 206 ms on 172.19.0.8 (executor 0) (1/2)
[2025-07-08T19:14:20.460+0000] {spark_submit.py:644} INFO - 25/07/08 19:14:20 INFO TaskSetManager: Finished task 0.0 in stage 5.0 (TID 6) in 209 ms on 172.19.0.8 (executor 0) (2/2)
[2025-07-08T19:14:20.461+0000] {spark_submit.py:644} INFO - 25/07/08 19:14:20 INFO TaskSchedulerImpl: Removed TaskSet 5.0, whose tasks have all completed, from pool
[2025-07-08T19:14:20.462+0000] {spark_submit.py:644} INFO - 25/07/08 19:14:20 INFO DAGScheduler: ResultStage 5 (collect at /opt/bitnami/spark/jobs/process_exercises_job.py:438) finished in 0.271 s
[2025-07-08T19:14:20.464+0000] {spark_submit.py:644} INFO - 25/07/08 19:14:20 INFO DAGScheduler: Job 4 is finished. Cancelling potential speculative or zombie tasks for this job
[2025-07-08T19:14:20.465+0000] {spark_submit.py:644} INFO - 25/07/08 19:14:20 INFO TaskSchedulerImpl: Killing all running tasks in stage 5: Stage finished
[2025-07-08T19:14:20.467+0000] {spark_submit.py:644} INFO - 25/07/08 19:14:20 INFO DAGScheduler: Job 4 finished: collect at /opt/bitnami/spark/jobs/process_exercises_job.py:438, took 0.276559 s
[2025-07-08T19:14:20.475+0000] {spark_submit.py:644} INFO - [PROCESS EXERCISES] ℹ️ Encontrados 4 arquivos Protobuf (.pb)
[2025-07-08T19:14:20.477+0000] {spark_submit.py:644} INFO - [PROCESS EXERCISES] ℹ️ Encontrados 4 arquivos do tipo PROTO
[2025-07-08T19:14:20.478+0000] {spark_submit.py:644} INFO - [PROCESS EXERCISES] 🔄 Processando 4 arquivos Protobuf
[2025-07-08T19:14:20.479+0000] {spark_submit.py:644} INFO - [PROCESS EXERCISES] ℹ️ Processando arquivo Protobuf: s3a://bronze/exercises/CA-LESTE-construtiva-4DE-2025-07-08/simulations/172.19.0.14_2025-07-08/18-25.56/session-proto_3.pb
[2025-07-08T19:14:20.552+0000] {spark_submit.py:644} INFO - 25/07/08 19:14:20 INFO InMemoryFileIndex: It took 38 ms to list leaf files for 1 paths.
[2025-07-08T19:14:20.894+0000] {spark_submit.py:644} INFO - 25/07/08 19:14:20 INFO FileSourceStrategy: Pushed Filters:
[2025-07-08T19:14:20.894+0000] {spark_submit.py:644} INFO - 25/07/08 19:14:20 INFO FileSourceStrategy: Post-Scan Filters:
[2025-07-08T19:14:20.963+0000] {spark_submit.py:644} INFO - 25/07/08 19:14:20 INFO CodeGenerator: Code generated in 41.938193 ms
[2025-07-08T19:14:20.990+0000] {spark_submit.py:644} INFO - 25/07/08 19:14:20 INFO CodeGenerator: Code generated in 15.687054 ms
[2025-07-08T19:14:20.994+0000] {spark_submit.py:644} INFO - 25/07/08 19:14:20 INFO MemoryStore: Block broadcast_8 stored as values in memory (estimated size 203.5 KiB, free 434.0 MiB)
[2025-07-08T19:14:21.002+0000] {spark_submit.py:644} INFO - 25/07/08 19:14:21 INFO MemoryStore: Block broadcast_8_piece0 stored as bytes in memory (estimated size 35.6 KiB, free 433.9 MiB)
[2025-07-08T19:14:21.003+0000] {spark_submit.py:644} INFO - 25/07/08 19:14:21 INFO BlockManagerInfo: Added broadcast_8_piece0 in memory on 3748f1b8240a:39093 (size: 35.6 KiB, free: 434.3 MiB)
[2025-07-08T19:14:21.004+0000] {spark_submit.py:644} INFO - 25/07/08 19:14:21 INFO SparkContext: Created broadcast 8 from collect at /opt/bitnami/spark/jobs/process_exercises_job.py:391
[2025-07-08T19:14:21.005+0000] {spark_submit.py:644} INFO - 25/07/08 19:14:21 INFO FileSourceScanExec: Planning scan with bin packing, max size: 4194304 bytes, open cost is considered as scanning 4194304 bytes.
[2025-07-08T19:14:21.093+0000] {spark_submit.py:644} INFO - 25/07/08 19:14:21 INFO SparkContext: Starting job: collect at /opt/bitnami/spark/jobs/process_exercises_job.py:391
[2025-07-08T19:14:21.094+0000] {spark_submit.py:644} INFO - 25/07/08 19:14:21 INFO DAGScheduler: Got job 5 (collect at /opt/bitnami/spark/jobs/process_exercises_job.py:391) with 1 output partitions
[2025-07-08T19:14:21.095+0000] {spark_submit.py:644} INFO - 25/07/08 19:14:21 INFO DAGScheduler: Final stage: ResultStage 6 (collect at /opt/bitnami/spark/jobs/process_exercises_job.py:391)
[2025-07-08T19:14:21.095+0000] {spark_submit.py:644} INFO - 25/07/08 19:14:21 INFO DAGScheduler: Parents of final stage: List()
[2025-07-08T19:14:21.096+0000] {spark_submit.py:644} INFO - 25/07/08 19:14:21 INFO DAGScheduler: Missing parents: List()
[2025-07-08T19:14:21.097+0000] {spark_submit.py:644} INFO - 25/07/08 19:14:21 INFO DAGScheduler: Submitting ResultStage 6 (MapPartitionsRDD[28] at collect at /opt/bitnami/spark/jobs/process_exercises_job.py:391), which has no missing parents
[2025-07-08T19:14:21.099+0000] {spark_submit.py:644} INFO - 25/07/08 19:14:21 INFO MemoryStore: Block broadcast_9 stored as values in memory (estimated size 46.9 KiB, free 433.9 MiB)
[2025-07-08T19:14:21.101+0000] {spark_submit.py:644} INFO - 25/07/08 19:14:21 INFO MemoryStore: Block broadcast_9_piece0 stored as bytes in memory (estimated size 19.5 KiB, free 433.9 MiB)
[2025-07-08T19:14:21.101+0000] {spark_submit.py:644} INFO - 25/07/08 19:14:21 INFO BlockManagerInfo: Added broadcast_9_piece0 in memory on 3748f1b8240a:39093 (size: 19.5 KiB, free: 434.3 MiB)
[2025-07-08T19:14:21.102+0000] {spark_submit.py:644} INFO - 25/07/08 19:14:21 INFO SparkContext: Created broadcast 9 from broadcast at DAGScheduler.scala:1585
[2025-07-08T19:14:21.103+0000] {spark_submit.py:644} INFO - 25/07/08 19:14:21 INFO DAGScheduler: Submitting 1 missing tasks from ResultStage 6 (MapPartitionsRDD[28] at collect at /opt/bitnami/spark/jobs/process_exercises_job.py:391) (first 15 tasks are for partitions Vector(0))
[2025-07-08T19:14:21.103+0000] {spark_submit.py:644} INFO - 25/07/08 19:14:21 INFO TaskSchedulerImpl: Adding task set 6.0 with 1 tasks resource profile 0
[2025-07-08T19:14:21.104+0000] {spark_submit.py:644} INFO - 25/07/08 19:14:21 INFO TaskSetManager: Starting task 0.0 in stage 6.0 (TID 8) (172.19.0.8, executor 0, partition 0, PROCESS_LOCAL, 10202 bytes)
[2025-07-08T19:14:21.118+0000] {spark_submit.py:644} INFO - 25/07/08 19:14:21 INFO BlockManagerInfo: Added broadcast_9_piece0 in memory on 172.19.0.8:46033 (size: 19.5 KiB, free: 434.3 MiB)
[2025-07-08T19:14:21.270+0000] {spark_submit.py:644} INFO - 25/07/08 19:14:21 INFO BlockManagerInfo: Added broadcast_8_piece0 in memory on 172.19.0.8:46033 (size: 35.6 KiB, free: 434.3 MiB)
[2025-07-08T19:14:21.712+0000] {spark_submit.py:644} INFO - 25/07/08 19:14:21 INFO TaskSetManager: Finished task 0.0 in stage 6.0 (TID 8) in 608 ms on 172.19.0.8 (executor 0) (1/1)
[2025-07-08T19:14:21.713+0000] {spark_submit.py:644} INFO - 25/07/08 19:14:21 INFO TaskSchedulerImpl: Removed TaskSet 6.0, whose tasks have all completed, from pool
[2025-07-08T19:14:21.714+0000] {spark_submit.py:644} INFO - 25/07/08 19:14:21 INFO DAGScheduler: ResultStage 6 (collect at /opt/bitnami/spark/jobs/process_exercises_job.py:391) finished in 0.618 s
[2025-07-08T19:14:21.715+0000] {spark_submit.py:644} INFO - 25/07/08 19:14:21 INFO DAGScheduler: Job 5 is finished. Cancelling potential speculative or zombie tasks for this job
[2025-07-08T19:14:21.716+0000] {spark_submit.py:644} INFO - 25/07/08 19:14:21 INFO TaskSchedulerImpl: Killing all running tasks in stage 6: Stage finished
[2025-07-08T19:14:21.716+0000] {spark_submit.py:644} INFO - 25/07/08 19:14:21 INFO DAGScheduler: Job 5 finished: collect at /opt/bitnami/spark/jobs/process_exercises_job.py:391, took 0.622007 s
[2025-07-08T19:14:21.720+0000] {spark_submit.py:644} INFO - =====[]======
[2025-07-08T19:14:21.721+0000] {spark_submit.py:644} INFO - [PROCESS EXERCISES] ❌ Erro crítico ao processar arquivo Protobuf s3a://bronze/exercises/CA-LESTE-construtiva-4DE-2025-07-08/simulations/172.19.0.14_2025-07-08/18-25.56/session-proto_3.pb: No active exception to reraise
[2025-07-08T19:14:21.721+0000] {spark_submit.py:644} INFO - [PROCESS EXERCISES] ❌ Erro crítico no processamento de simulações: Falha no processamento Protobuf: No active exception to reraise
[2025-07-08T19:14:21.722+0000] {spark_submit.py:644} INFO - [PROCESS EXERCISES] ❌ Erro crítico durante o processamento: Falha no processamento de simulações: Falha no processamento Protobuf: No active exception to reraise
[2025-07-08T19:14:21.722+0000] {spark_submit.py:644} INFO - [PROCESS EXERCISES] 🔄 Finalizando sessão Spark
[2025-07-08T19:14:21.723+0000] {spark_submit.py:644} INFO - 25/07/08 19:14:21 INFO SparkContext: SparkContext is stopping with exitCode 0.
[2025-07-08T19:14:21.730+0000] {spark_submit.py:644} INFO - 25/07/08 19:14:21 INFO SparkUI: Stopped Spark web UI at http://3748f1b8240a:4040
[2025-07-08T19:14:21.734+0000] {spark_submit.py:644} INFO - 25/07/08 19:14:21 INFO StandaloneSchedulerBackend: Shutting down all executors
[2025-07-08T19:14:21.734+0000] {spark_submit.py:644} INFO - 25/07/08 19:14:21 INFO StandaloneSchedulerBackend$StandaloneDriverEndpoint: Asking each executor to shut down
[2025-07-08T19:14:21.761+0000] {spark_submit.py:644} INFO - 25/07/08 19:14:21 INFO MapOutputTrackerMasterEndpoint: MapOutputTrackerMasterEndpoint stopped!
[2025-07-08T19:14:22.408+0000] {spark_submit.py:644} INFO - 25/07/08 19:14:22 INFO MemoryStore: MemoryStore cleared
[2025-07-08T19:14:22.409+0000] {spark_submit.py:644} INFO - 25/07/08 19:14:22 INFO BlockManager: BlockManager stopped
[2025-07-08T19:14:22.411+0000] {spark_submit.py:644} INFO - 25/07/08 19:14:22 INFO BlockManagerMaster: BlockManagerMaster stopped
[2025-07-08T19:14:22.414+0000] {spark_submit.py:644} INFO - 25/07/08 19:14:22 INFO OutputCommitCoordinator$OutputCommitCoordinatorEndpoint: OutputCommitCoordinator stopped!
[2025-07-08T19:14:22.422+0000] {spark_submit.py:644} INFO - 25/07/08 19:14:22 INFO SparkContext: Successfully stopped SparkContext
[2025-07-08T19:14:22.726+0000] {spark_submit.py:644} INFO - [PROCESS EXERCISES] ✅ Sessão Spark finalizada com sucesso
[2025-07-08T19:14:22.858+0000] {spark_submit.py:644} INFO - 25/07/08 19:14:22 INFO ShutdownHookManager: Shutdown hook called
[2025-07-08T19:14:22.892+0000] {spark_submit.py:644} INFO - 25/07/08 19:14:22 INFO ShutdownHookManager: Deleting directory /tmp/spark-4e3ef013-3f2e-48aa-9c4e-c51e313d795a
[2025-07-08T19:14:22.892+0000] {spark_submit.py:644} INFO - 25/07/08 19:14:22 INFO ShutdownHookManager: Deleting directory /tmp/spark-31d2ccc2-481b-4a03-8b90-ea99da525096
[2025-07-08T19:14:22.893+0000] {spark_submit.py:644} INFO - 25/07/08 19:14:22 INFO ShutdownHookManager: Deleting directory /tmp/spark-31d2ccc2-481b-4a03-8b90-ea99da525096/pyspark-7fd73c3d-5370-4028-b4bc-3f5c68d1f146
[2025-07-08T19:14:22.895+0000] {spark_submit.py:644} INFO - 25/07/08 19:14:22 INFO MetricsSystemImpl: Stopping s3a-file-system metrics system...
[2025-07-08T19:14:22.896+0000] {spark_submit.py:644} INFO - 25/07/08 19:14:22 INFO MetricsSystemImpl: s3a-file-system metrics system stopped.
[2025-07-08T19:14:22.897+0000] {spark_submit.py:644} INFO - 25/07/08 19:14:22 INFO MetricsSystemImpl: s3a-file-system metrics system shutdown complete.
[2025-07-08T19:14:22.987+0000] {taskinstance.py:3336} ERROR - Task failed with exception
Traceback (most recent call last):
  File "/home/airflow/.local/lib/python3.12/site-packages/airflow/models/taskinstance.py", line 776, in _execute_task
    result = _execute_callable(context=context, **execute_callable_kwargs)
             ^^^^^^^^^^^^^^^^^^^^^^^^^^^^^^^^^^^^^^^^^^^^^^^^^^^^^^^^^^^^^
  File "/home/airflow/.local/lib/python3.12/site-packages/airflow/models/taskinstance.py", line 742, in _execute_callable
    return ExecutionCallableRunner(
           ^^^^^^^^^^^^^^^^^^^^^^^^
  File "/home/airflow/.local/lib/python3.12/site-packages/airflow/utils/operator_helpers.py", line 252, in run
    return self.func(*args, **kwargs)
           ^^^^^^^^^^^^^^^^^^^^^^^^^^
  File "/home/airflow/.local/lib/python3.12/site-packages/airflow/models/baseoperator.py", line 424, in wrapper
    return func(self, *args, **kwargs)
           ^^^^^^^^^^^^^^^^^^^^^^^^^^^
  File "/home/airflow/.local/lib/python3.12/site-packages/airflow/providers/apache/spark/operators/spark_submit.py", line 197, in execute
    self._hook.submit(self.application)
  File "/home/airflow/.local/lib/python3.12/site-packages/airflow/providers/apache/spark/hooks/spark_submit.py", line 566, in submit
    raise AirflowException(
airflow.exceptions.AirflowException: Cannot execute: spark-submit --master spark://spark-master:7077 --jars /opt/bitnami/spark/jars/iceberg-spark-runtime-3.5_2.12-1.8.1.jar,/opt/bitnami/spark/jars/nessie-spark-extensions-3.5_2.12-0.103.2.jar,/opt/bitnami/spark/jars/nessie-client-0.103.2.jar,/opt/bitnami/spark/jars/hadoop-aws-3.3.2.jar,/opt/bitnami/spark/jars/aws-java-sdk-bundle-1.12.262.jar, --name arrow-spark --deploy-mode client /opt/bitnami/spark/jobs/process_exercises_job.py {"id": "CA-LESTE-construtiva-4DE-2025-07-08", "manifest_entry": {"data": {"createdAt": "2025-07-08T18:27:58.496Z", "origin": "CA-LESTE", "path": "exercises/CA-LESTE-construtiva-4DE-2025-07-08"}, "id": "CA-LESTE-construtiva-4DE-2025-07-08"}, "metadata": {"createdAt": "2025-07-08T18:27:58.496Z", "description": "4DE", "documents": [{"description": "", "id": "1751999288885", "mimetype": "application/pdf", "name": "Op Jacui IV - Ordem de Operacoes.pdf", "path": "exercises/CA-LESTE-construtiva-4DE-2025-07-08/documents/Op Jacui IV - Ordem de Operacoes.pdf", "size": 336744, "uploadedAt": "2025-07-08T18:28:08.885Z"}], "endDate": "2025-07-10", "id": "CA-LESTE-construtiva-4DE-2025-07-08", "name": "Jogo de Guerra", "origin": "CA-LESTE", "simulationType": "construtiva", "simulations": [{"id": "172.19.0.14_2025-07-08", "movedAt": "2025-07-08T18:28:17.872Z", "name": "172.19.0.14_2025-07-08", "originalPath": "staging/172.19.0.14_2025-07-08", "path": "exercises/CA-LESTE-construtiva-4DE-2025-07-08/simulations/172.19.0.14_2025-07-08"}], "startDate": "2025-07-08", "trainedForce": "4 Divis\u00e3o de Ex\u00e9rcito", "updatedAt": "2025-07-08T18:28:17.873Z", "wikiUrl": ""}}. Error code is: 1.
[2025-07-08T19:14:23.430+0000] {taskinstance.py:1242} INFO - Marking task as FAILED. dag_id=process_exercises, task_id=process_exercises, run_id=manual__2025-07-08T19:13:21.608697+00:00, execution_date=20250708T191321, start_date=20250708T191327, end_date=20250708T191423
[2025-07-08T19:14:23.692+0000] {taskinstance.py:349} INFO - ::group::Post task execution logs
[2025-07-08T19:14:23.693+0000] {standard_task_runner.py:124} ERROR - Failed to execute job 199 for task process_exercises (Cannot execute: spark-submit --master spark://spark-master:7077 --jars /opt/bitnami/spark/jars/iceberg-spark-runtime-3.5_2.12-1.8.1.jar,/opt/bitnami/spark/jars/nessie-spark-extensions-3.5_2.12-0.103.2.jar,/opt/bitnami/spark/jars/nessie-client-0.103.2.jar,/opt/bitnami/spark/jars/hadoop-aws-3.3.2.jar,/opt/bitnami/spark/jars/aws-java-sdk-bundle-1.12.262.jar, --name arrow-spark --deploy-mode client /opt/bitnami/spark/jobs/process_exercises_job.py {"id": "CA-LESTE-construtiva-4DE-2025-07-08", "manifest_entry": {"data": {"createdAt": "2025-07-08T18:27:58.496Z", "origin": "CA-LESTE", "path": "exercises/CA-LESTE-construtiva-4DE-2025-07-08"}, "id": "CA-LESTE-construtiva-4DE-2025-07-08"}, "metadata": {"createdAt": "2025-07-08T18:27:58.496Z", "description": "4DE", "documents": [{"description": "", "id": "1751999288885", "mimetype": "application/pdf", "name": "Op Jacui IV - Ordem de Operacoes.pdf", "path": "exercises/CA-LESTE-construtiva-4DE-2025-07-08/documents/Op Jacui IV - Ordem de Operacoes.pdf", "size": 336744, "uploadedAt": "2025-07-08T18:28:08.885Z"}], "endDate": "2025-07-10", "id": "CA-LESTE-construtiva-4DE-2025-07-08", "name": "Jogo de Guerra", "origin": "CA-LESTE", "simulationType": "construtiva", "simulations": [{"id": "172.19.0.14_2025-07-08", "movedAt": "2025-07-08T18:28:17.872Z", "name": "172.19.0.14_2025-07-08", "originalPath": "staging/172.19.0.14_2025-07-08", "path": "exercises/CA-LESTE-construtiva-4DE-2025-07-08/simulations/172.19.0.14_2025-07-08"}], "startDate": "2025-07-08", "trainedForce": "4 Divis\u00e3o de Ex\u00e9rcito", "updatedAt": "2025-07-08T18:28:17.873Z", "wikiUrl": ""}}. Error code is: 1.; 13811)
Traceback (most recent call last):
  File "/home/airflow/.local/lib/python3.12/site-packages/airflow/task/task_runner/standard_task_runner.py", line 117, in _start_by_fork
    ret = args.func(args, dag=self.dag)
          ^^^^^^^^^^^^^^^^^^^^^^^^^^^^^
  File "/home/airflow/.local/lib/python3.12/site-packages/airflow/cli/cli_config.py", line 49, in command
    return func(*args, **kwargs)
           ^^^^^^^^^^^^^^^^^^^^^
  File "/home/airflow/.local/lib/python3.12/site-packages/airflow/utils/cli.py", line 116, in wrapper
    return f(*args, **kwargs)
           ^^^^^^^^^^^^^^^^^^
  File "/home/airflow/.local/lib/python3.12/site-packages/airflow/cli/commands/task_command.py", line 483, in task_run
    task_return_code = _run_task_by_selected_method(args, _dag, ti)
                       ^^^^^^^^^^^^^^^^^^^^^^^^^^^^^^^^^^^^^^^^^^^^
  File "/home/airflow/.local/lib/python3.12/site-packages/airflow/cli/commands/task_command.py", line 256, in _run_task_by_selected_method
    return _run_raw_task(args, ti)
           ^^^^^^^^^^^^^^^^^^^^^^^
  File "/home/airflow/.local/lib/python3.12/site-packages/airflow/cli/commands/task_command.py", line 341, in _run_raw_task
    return ti._run_raw_task(
           ^^^^^^^^^^^^^^^^^
  File "/home/airflow/.local/lib/python3.12/site-packages/airflow/utils/session.py", line 97, in wrapper
    return func(*args, session=session, **kwargs)
           ^^^^^^^^^^^^^^^^^^^^^^^^^^^^^^^^^^^^^^
  File "/home/airflow/.local/lib/python3.12/site-packages/airflow/models/taskinstance.py", line 3029, in _run_raw_task
    return _run_raw_task(
           ^^^^^^^^^^^^^^
  File "/home/airflow/.local/lib/python3.12/site-packages/airflow/models/taskinstance.py", line 282, in _run_raw_task
    TaskInstance._execute_task_with_callbacks(
  File "/home/airflow/.local/lib/python3.12/site-packages/airflow/models/taskinstance.py", line 3184, in _execute_task_with_callbacks
    result = self._execute_task(context, task_orig)
             ^^^^^^^^^^^^^^^^^^^^^^^^^^^^^^^^^^^^^^
  File "/home/airflow/.local/lib/python3.12/site-packages/airflow/models/taskinstance.py", line 3208, in _execute_task
    return _execute_task(self, context, task_orig)
           ^^^^^^^^^^^^^^^^^^^^^^^^^^^^^^^^^^^^^^^
  File "/home/airflow/.local/lib/python3.12/site-packages/airflow/models/taskinstance.py", line 776, in _execute_task
    result = _execute_callable(context=context, **execute_callable_kwargs)
             ^^^^^^^^^^^^^^^^^^^^^^^^^^^^^^^^^^^^^^^^^^^^^^^^^^^^^^^^^^^^^
  File "/home/airflow/.local/lib/python3.12/site-packages/airflow/models/taskinstance.py", line 742, in _execute_callable
    return ExecutionCallableRunner(
           ^^^^^^^^^^^^^^^^^^^^^^^^
  File "/home/airflow/.local/lib/python3.12/site-packages/airflow/utils/operator_helpers.py", line 252, in run
    return self.func(*args, **kwargs)
           ^^^^^^^^^^^^^^^^^^^^^^^^^^
  File "/home/airflow/.local/lib/python3.12/site-packages/airflow/models/baseoperator.py", line 424, in wrapper
    return func(self, *args, **kwargs)
           ^^^^^^^^^^^^^^^^^^^^^^^^^^^
  File "/home/airflow/.local/lib/python3.12/site-packages/airflow/providers/apache/spark/operators/spark_submit.py", line 197, in execute
    self._hook.submit(self.application)
  File "/home/airflow/.local/lib/python3.12/site-packages/airflow/providers/apache/spark/hooks/spark_submit.py", line 566, in submit
    raise AirflowException(
airflow.exceptions.AirflowException: Cannot execute: spark-submit --master spark://spark-master:7077 --jars /opt/bitnami/spark/jars/iceberg-spark-runtime-3.5_2.12-1.8.1.jar,/opt/bitnami/spark/jars/nessie-spark-extensions-3.5_2.12-0.103.2.jar,/opt/bitnami/spark/jars/nessie-client-0.103.2.jar,/opt/bitnami/spark/jars/hadoop-aws-3.3.2.jar,/opt/bitnami/spark/jars/aws-java-sdk-bundle-1.12.262.jar, --name arrow-spark --deploy-mode client /opt/bitnami/spark/jobs/process_exercises_job.py {"id": "CA-LESTE-construtiva-4DE-2025-07-08", "manifest_entry": {"data": {"createdAt": "2025-07-08T18:27:58.496Z", "origin": "CA-LESTE", "path": "exercises/CA-LESTE-construtiva-4DE-2025-07-08"}, "id": "CA-LESTE-construtiva-4DE-2025-07-08"}, "metadata": {"createdAt": "2025-07-08T18:27:58.496Z", "description": "4DE", "documents": [{"description": "", "id": "1751999288885", "mimetype": "application/pdf", "name": "Op Jacui IV - Ordem de Operacoes.pdf", "path": "exercises/CA-LESTE-construtiva-4DE-2025-07-08/documents/Op Jacui IV - Ordem de Operacoes.pdf", "size": 336744, "uploadedAt": "2025-07-08T18:28:08.885Z"}], "endDate": "2025-07-10", "id": "CA-LESTE-construtiva-4DE-2025-07-08", "name": "Jogo de Guerra", "origin": "CA-LESTE", "simulationType": "construtiva", "simulations": [{"id": "172.19.0.14_2025-07-08", "movedAt": "2025-07-08T18:28:17.872Z", "name": "172.19.0.14_2025-07-08", "originalPath": "staging/172.19.0.14_2025-07-08", "path": "exercises/CA-LESTE-construtiva-4DE-2025-07-08/simulations/172.19.0.14_2025-07-08"}], "startDate": "2025-07-08", "trainedForce": "4 Divis\u00e3o de Ex\u00e9rcito", "updatedAt": "2025-07-08T18:28:17.873Z", "wikiUrl": ""}}. Error code is: 1.
[2025-07-08T19:14:23.814+0000] {local_task_job_runner.py:266} INFO - Task exited with return code 1
[2025-07-08T19:14:23.830+0000] {local_task_job_runner.py:245} INFO - ::endgroup::
