[2025-07-08T17:50:50.108+0000] {local_task_job_runner.py:123} INFO - ::group::Pre task execution logs
[2025-07-08T17:50:50.147+0000] {taskinstance.py:2631} INFO - Dependencies all met for dep_context=non-requeueable deps ti=<TaskInstance: process_exercises.update_manifest_to_processed manual__2025-07-08T17:49:45.005231+00:00 [queued]>
[2025-07-08T17:50:50.159+0000] {taskinstance.py:2631} INFO - Dependencies all met for dep_context=requeueable deps ti=<TaskInstance: process_exercises.update_manifest_to_processed manual__2025-07-08T17:49:45.005231+00:00 [queued]>
[2025-07-08T17:50:50.160+0000] {taskinstance.py:2884} INFO - Starting attempt 1 of 1
[2025-07-08T17:50:50.654+0000] {taskinstance.py:2907} INFO - Executing <Task(PythonOperator): update_manifest_to_processed> on 2025-07-08 17:49:45.005231+00:00
[2025-07-08T17:50:50.661+0000] {standard_task_runner.py:104} INFO - Running: ['airflow', 'tasks', 'run', 'process_exercises', 'update_manifest_to_processed', 'manual__2025-07-08T17:49:45.005231+00:00', '--job-id', '172', '--raw', '--subdir', 'DAGS_FOLDER/process_exercises.py', '--cfg-path', '/tmp/tmp8b1i62q3']
[2025-07-08T17:50:50.664+0000] {standard_task_runner.py:105} INFO - Job 172: Subtask update_manifest_to_processed
[2025-07-08T17:50:50.673+0000] {logging_mixin.py:190} WARNING - /home/airflow/.local/lib/python3.12/site-packages/airflow/task/task_runner/standard_task_runner.py:70 DeprecationWarning: This process (pid=9528) is multi-threaded, use of fork() may lead to deadlocks in the child.
[2025-07-08T17:50:50.674+0000] {standard_task_runner.py:72} INFO - Started process 9529 to run task
[2025-07-08T17:50:51.001+0000] {task_command.py:467} INFO - Running <TaskInstance: process_exercises.update_manifest_to_processed manual__2025-07-08T17:49:45.005231+00:00 [running]> on host 3748f1b8240a
[2025-07-08T17:50:51.745+0000] {taskinstance.py:3157} INFO - Exporting env vars: AIRFLOW_CTX_DAG_OWNER='airflow' AIRFLOW_CTX_DAG_ID='process_exercises' AIRFLOW_CTX_TASK_ID='update_manifest_to_processed' AIRFLOW_CTX_EXECUTION_DATE='2025-07-08T17:49:45.005231+00:00' AIRFLOW_CTX_TRY_NUMBER='1' AIRFLOW_CTX_DAG_RUN_ID='manual__2025-07-08T17:49:45.005231+00:00'
[2025-07-08T17:50:51.746+0000] {taskinstance.py:740} INFO - ::endgroup::
[2025-07-08T17:50:51.844+0000] {base.py:84} INFO - Retrieving connection 'minio-ebsim'
[2025-07-08T17:50:51.846+0000] {connection_wrapper.py:328} INFO - AWS Connection (conn_id='minio-ebsim', conn_type='aws') credentials retrieved from extra.
[2025-07-08T17:50:54.356+0000] {logging_mixin.py:190} INFO - Exercício CA-LESTE-construtiva-2DE-2025-07-08 movido para 'processed'
[2025-07-08T17:50:54.360+0000] {python.py:240} INFO - Done. Returned value was: None
[2025-07-08T17:50:54.390+0000] {taskinstance.py:349} INFO - ::group::Post task execution logs
[2025-07-08T17:50:54.391+0000] {taskinstance.py:361} INFO - Marking task as SUCCESS. dag_id=process_exercises, task_id=update_manifest_to_processed, run_id=manual__2025-07-08T17:49:45.005231+00:00, execution_date=20250708T174945, start_date=20250708T175050, end_date=20250708T175054
[2025-07-08T17:50:55.076+0000] {local_task_job_runner.py:266} INFO - Task exited with return code 0
[2025-07-08T17:50:55.100+0000] {taskinstance.py:3924} INFO - 0 downstream tasks scheduled from follow-on schedule check
[2025-07-08T17:50:55.195+0000] {local_task_job_runner.py:245} INFO - ::endgroup::
