[2025-07-06T15:52:48.567+0000] {local_task_job_runner.py:123} INFO - ::group::Pre task execution logs
[2025-07-06T15:52:48.603+0000] {taskinstance.py:2631} INFO - Dependencies all met for dep_context=non-requeueable deps ti=<TaskInstance: process_sword_messages.process_sword_messages manual__2025-07-06T15:47:30.995320+00:00 [queued]>
[2025-07-06T15:52:48.617+0000] {taskinstance.py:2631} INFO - Dependencies all met for dep_context=requeueable deps ti=<TaskInstance: process_sword_messages.process_sword_messages manual__2025-07-06T15:47:30.995320+00:00 [queued]>
[2025-07-06T15:52:48.618+0000] {taskinstance.py:2884} INFO - Starting attempt 2 of 2
[2025-07-06T15:52:48.659+0000] {taskinstance.py:2907} INFO - Executing <Task(SparkSubmitOperator): process_sword_messages> on 2025-07-06 15:47:30.995320+00:00
[2025-07-06T15:52:48.669+0000] {logging_mixin.py:190} WARNING - /home/airflow/.local/lib/python3.12/site-packages/airflow/task/task_runner/standard_task_runner.py:70 DeprecationWarning: This process (pid=1830) is multi-threaded, use of fork() may lead to deadlocks in the child.
[2025-07-06T15:52:48.669+0000] {standard_task_runner.py:104} INFO - Running: ['airflow', 'tasks', 'run', 'process_sword_messages', 'process_sword_messages', 'manual__2025-07-06T15:47:30.995320+00:00', '--job-id', '66', '--raw', '--subdir', 'DAGS_FOLDER/process_sword_messages.py', '--cfg-path', '/tmp/tmp8zjzg05i']
[2025-07-06T15:52:48.671+0000] {standard_task_runner.py:72} INFO - Started process 1831 to run task
[2025-07-06T15:52:48.672+0000] {standard_task_runner.py:105} INFO - Job 66: Subtask process_sword_messages
[2025-07-06T15:52:48.786+0000] {task_command.py:467} INFO - Running <TaskInstance: process_sword_messages.process_sword_messages manual__2025-07-06T15:47:30.995320+00:00 [running]> on host 87943ecf3d0d
[2025-07-06T15:52:48.976+0000] {taskinstance.py:3157} INFO - Exporting env vars: AIRFLOW_CTX_DAG_OWNER='airflow' AIRFLOW_CTX_DAG_ID='process_sword_messages' AIRFLOW_CTX_TASK_ID='process_sword_messages' AIRFLOW_CTX_EXECUTION_DATE='2025-07-06T15:47:30.995320+00:00' AIRFLOW_CTX_TRY_NUMBER='2' AIRFLOW_CTX_DAG_RUN_ID='manual__2025-07-06T15:47:30.995320+00:00'
[2025-07-06T15:52:48.978+0000] {taskinstance.py:740} INFO - ::endgroup::
[2025-07-06T15:52:49.036+0000] {base.py:84} INFO - Retrieving connection 'spark-ebsim'
[2025-07-06T15:52:49.038+0000] {spark_submit.py:474} INFO - Spark-Submit cmd: spark-submit --master spark://spark-master:7077 --name arrow-spark --deploy-mode client /opt/bitnami/spark/jobs/sword_processor_job.py --input-file /opt/bitnami/spark/jobs/test_sword_messages.bin
[2025-07-06T15:52:52.984+0000] {spark_submit.py:644} INFO - Error importing protobuf schema: No module named 'simulation_client_pb2'
[2025-07-06T15:52:52.985+0000] {spark_submit.py:644} INFO - Trying to debug available modules...
[2025-07-06T15:52:52.986+0000] {spark_submit.py:644} INFO - Python path: ['/opt/bitnami/spark/jobs', '/home/airflow/.local/lib/python3.12/site-packages/pyspark/python/lib/pyspark.zip', '/home/airflow/.local/lib/python3.12/site-packages/pyspark/python/lib/py4j-0.10.9.7-src.zip', '/home/airflow/.local/lib/python3.12/site-packages/pyspark/jars/spark-core_2.12-3.5.5.jar', '/usr/local/lib/python312.zip', '/usr/local/lib/python3.12', '/usr/local/lib/python3.12/lib-dynload', '/home/airflow/.local/lib/python3.12/site-packages']
[2025-07-06T15:52:53.237+0000] {spark_submit.py:644} INFO - /opt/bitnami/spark/jobs/sword_processor_job.py:18: DeprecationWarning: pkg_resources is deprecated as an API. See https://setuptools.pypa.io/en/latest/pkg_resources.html
[2025-07-06T15:52:53.238+0000] {spark_submit.py:644} INFO - import pkg_resources
[2025-07-06T15:52:53.363+0000] {spark_submit.py:644} INFO - Installed packages: ['protobuf', 'types-protobuf']
[2025-07-06T15:52:53.364+0000] {spark_submit.py:644} INFO - Traceback (most recent call last):
[2025-07-06T15:52:53.364+0000] {spark_submit.py:644} INFO - File "/opt/bitnami/spark/jobs/sword_processor_job.py", line 10, in <module>
[2025-07-06T15:52:53.367+0000] {spark_submit.py:644} INFO - from simulation_client_pb2 import SimToClient
[2025-07-06T15:52:53.368+0000] {spark_submit.py:644} INFO - ModuleNotFoundError: No module named 'simulation_client_pb2'
[2025-07-06T15:52:53.456+0000] {spark_submit.py:644} INFO - 25/07/06 15:52:53 INFO ShutdownHookManager: Shutdown hook called
[2025-07-06T15:52:53.459+0000] {spark_submit.py:644} INFO - 25/07/06 15:52:53 INFO ShutdownHookManager: Deleting directory /tmp/spark-81c144b0-7a04-471c-bbd0-e67779621788
[2025-07-06T15:52:53.519+0000] {taskinstance.py:3336} ERROR - Task failed with exception
Traceback (most recent call last):
  File "/home/airflow/.local/lib/python3.12/site-packages/airflow/models/taskinstance.py", line 776, in _execute_task
    result = _execute_callable(context=context, **execute_callable_kwargs)
             ^^^^^^^^^^^^^^^^^^^^^^^^^^^^^^^^^^^^^^^^^^^^^^^^^^^^^^^^^^^^^
  File "/home/airflow/.local/lib/python3.12/site-packages/airflow/models/taskinstance.py", line 742, in _execute_callable
    return ExecutionCallableRunner(
           ^^^^^^^^^^^^^^^^^^^^^^^^
  File "/home/airflow/.local/lib/python3.12/site-packages/airflow/utils/operator_helpers.py", line 252, in run
    return self.func(*args, **kwargs)
           ^^^^^^^^^^^^^^^^^^^^^^^^^^
  File "/home/airflow/.local/lib/python3.12/site-packages/airflow/models/baseoperator.py", line 424, in wrapper
    return func(self, *args, **kwargs)
           ^^^^^^^^^^^^^^^^^^^^^^^^^^^
  File "/home/airflow/.local/lib/python3.12/site-packages/airflow/providers/apache/spark/operators/spark_submit.py", line 197, in execute
    self._hook.submit(self.application)
  File "/home/airflow/.local/lib/python3.12/site-packages/airflow/providers/apache/spark/hooks/spark_submit.py", line 566, in submit
    raise AirflowException(
airflow.exceptions.AirflowException: Cannot execute: spark-submit --master spark://spark-master:7077 --name arrow-spark --deploy-mode client /opt/bitnami/spark/jobs/sword_processor_job.py --input-file /opt/bitnami/spark/jobs/test_sword_messages.bin. Error code is: 1.
[2025-07-06T15:52:53.526+0000] {taskinstance.py:1242} INFO - Marking task as FAILED. dag_id=process_sword_messages, task_id=process_sword_messages, run_id=manual__2025-07-06T15:47:30.995320+00:00, execution_date=20250706T154730, start_date=20250706T155248, end_date=20250706T155253
[2025-07-06T15:52:53.635+0000] {taskinstance.py:349} INFO - ::group::Post task execution logs
[2025-07-06T15:52:53.636+0000] {standard_task_runner.py:124} ERROR - Failed to execute job 66 for task process_sword_messages (Cannot execute: spark-submit --master spark://spark-master:7077 --name arrow-spark --deploy-mode client /opt/bitnami/spark/jobs/sword_processor_job.py --input-file /opt/bitnami/spark/jobs/test_sword_messages.bin. Error code is: 1.; 1831)
Traceback (most recent call last):
  File "/home/airflow/.local/lib/python3.12/site-packages/airflow/task/task_runner/standard_task_runner.py", line 117, in _start_by_fork
    ret = args.func(args, dag=self.dag)
          ^^^^^^^^^^^^^^^^^^^^^^^^^^^^^
  File "/home/airflow/.local/lib/python3.12/site-packages/airflow/cli/cli_config.py", line 49, in command
    return func(*args, **kwargs)
           ^^^^^^^^^^^^^^^^^^^^^
  File "/home/airflow/.local/lib/python3.12/site-packages/airflow/utils/cli.py", line 116, in wrapper
    return f(*args, **kwargs)
           ^^^^^^^^^^^^^^^^^^
  File "/home/airflow/.local/lib/python3.12/site-packages/airflow/cli/commands/task_command.py", line 483, in task_run
    task_return_code = _run_task_by_selected_method(args, _dag, ti)
                       ^^^^^^^^^^^^^^^^^^^^^^^^^^^^^^^^^^^^^^^^^^^^
  File "/home/airflow/.local/lib/python3.12/site-packages/airflow/cli/commands/task_command.py", line 256, in _run_task_by_selected_method
    return _run_raw_task(args, ti)
           ^^^^^^^^^^^^^^^^^^^^^^^
  File "/home/airflow/.local/lib/python3.12/site-packages/airflow/cli/commands/task_command.py", line 341, in _run_raw_task
    return ti._run_raw_task(
           ^^^^^^^^^^^^^^^^^
  File "/home/airflow/.local/lib/python3.12/site-packages/airflow/utils/session.py", line 97, in wrapper
    return func(*args, session=session, **kwargs)
           ^^^^^^^^^^^^^^^^^^^^^^^^^^^^^^^^^^^^^^
  File "/home/airflow/.local/lib/python3.12/site-packages/airflow/models/taskinstance.py", line 3029, in _run_raw_task
    return _run_raw_task(
           ^^^^^^^^^^^^^^
  File "/home/airflow/.local/lib/python3.12/site-packages/airflow/models/taskinstance.py", line 282, in _run_raw_task
    TaskInstance._execute_task_with_callbacks(
  File "/home/airflow/.local/lib/python3.12/site-packages/airflow/models/taskinstance.py", line 3184, in _execute_task_with_callbacks
    result = self._execute_task(context, task_orig)
             ^^^^^^^^^^^^^^^^^^^^^^^^^^^^^^^^^^^^^^
  File "/home/airflow/.local/lib/python3.12/site-packages/airflow/models/taskinstance.py", line 3208, in _execute_task
    return _execute_task(self, context, task_orig)
           ^^^^^^^^^^^^^^^^^^^^^^^^^^^^^^^^^^^^^^^
  File "/home/airflow/.local/lib/python3.12/site-packages/airflow/models/taskinstance.py", line 776, in _execute_task
    result = _execute_callable(context=context, **execute_callable_kwargs)
             ^^^^^^^^^^^^^^^^^^^^^^^^^^^^^^^^^^^^^^^^^^^^^^^^^^^^^^^^^^^^^
  File "/home/airflow/.local/lib/python3.12/site-packages/airflow/models/taskinstance.py", line 742, in _execute_callable
    return ExecutionCallableRunner(
           ^^^^^^^^^^^^^^^^^^^^^^^^
  File "/home/airflow/.local/lib/python3.12/site-packages/airflow/utils/operator_helpers.py", line 252, in run
    return self.func(*args, **kwargs)
           ^^^^^^^^^^^^^^^^^^^^^^^^^^
  File "/home/airflow/.local/lib/python3.12/site-packages/airflow/models/baseoperator.py", line 424, in wrapper
    return func(self, *args, **kwargs)
           ^^^^^^^^^^^^^^^^^^^^^^^^^^^
  File "/home/airflow/.local/lib/python3.12/site-packages/airflow/providers/apache/spark/operators/spark_submit.py", line 197, in execute
    self._hook.submit(self.application)
  File "/home/airflow/.local/lib/python3.12/site-packages/airflow/providers/apache/spark/hooks/spark_submit.py", line 566, in submit
    raise AirflowException(
airflow.exceptions.AirflowException: Cannot execute: spark-submit --master spark://spark-master:7077 --name arrow-spark --deploy-mode client /opt/bitnami/spark/jobs/sword_processor_job.py --input-file /opt/bitnami/spark/jobs/test_sword_messages.bin. Error code is: 1.
[2025-07-06T15:52:53.667+0000] {local_task_job_runner.py:266} INFO - Task exited with return code 1
[2025-07-06T15:52:53.675+0000] {standard_task_runner.py:217} INFO - Process not found (most likely exited), stop collecting metrics
[2025-07-06T15:52:53.697+0000] {taskinstance.py:3924} INFO - 0 downstream tasks scheduled from follow-on schedule check
[2025-07-06T15:52:53.735+0000] {local_task_job_runner.py:245} INFO - ::endgroup::
