[2025-07-09T17:28:44.240+0000] {local_task_job_runner.py:123} INFO - ::group::Pre task execution logs
[2025-07-09T17:28:44.276+0000] {taskinstance.py:2631} INFO - Dependencies all met for dep_context=non-requeueable deps ti=<TaskInstance: process_sword_messages.process_sword_messages manual__2025-07-09T17:28:42.400748+00:00 [queued]>
[2025-07-09T17:28:44.287+0000] {taskinstance.py:2631} INFO - Dependencies all met for dep_context=requeueable deps ti=<TaskInstance: process_sword_messages.process_sword_messages manual__2025-07-09T17:28:42.400748+00:00 [queued]>
[2025-07-09T17:28:44.288+0000] {taskinstance.py:2884} INFO - Starting attempt 1 of 2
[2025-07-09T17:28:44.341+0000] {taskinstance.py:2907} INFO - Executing <Task(SparkSubmitOperator): process_sword_messages> on 2025-07-09 17:28:42.400748+00:00
[2025-07-09T17:28:44.348+0000] {logging_mixin.py:190} WARNING - /home/airflow/.local/lib/python3.12/site-packages/airflow/task/task_runner/standard_task_runner.py:70 DeprecationWarning: This process (pid=544) is multi-threaded, use of fork() may lead to deadlocks in the child.
[2025-07-09T17:28:44.349+0000] {standard_task_runner.py:72} INFO - Started process 545 to run task
[2025-07-09T17:28:44.348+0000] {standard_task_runner.py:104} INFO - Running: ['airflow', 'tasks', 'run', 'process_sword_messages', 'process_sword_messages', 'manual__2025-07-09T17:28:42.400748+00:00', '--job-id', '223', '--raw', '--subdir', 'DAGS_FOLDER/process_sword_messages.py', '--cfg-path', '/tmp/tmpdpy37gtf']
[2025-07-09T17:28:44.350+0000] {standard_task_runner.py:105} INFO - Job 223: Subtask process_sword_messages
[2025-07-09T17:28:44.454+0000] {task_command.py:467} INFO - Running <TaskInstance: process_sword_messages.process_sword_messages manual__2025-07-09T17:28:42.400748+00:00 [running]> on host 38b7408c68d7
[2025-07-09T17:28:44.658+0000] {taskinstance.py:3157} INFO - Exporting env vars: AIRFLOW_CTX_DAG_OWNER='airflow' AIRFLOW_CTX_DAG_ID='process_sword_messages' AIRFLOW_CTX_TASK_ID='process_sword_messages' AIRFLOW_CTX_EXECUTION_DATE='2025-07-09T17:28:42.400748+00:00' AIRFLOW_CTX_TRY_NUMBER='1' AIRFLOW_CTX_DAG_RUN_ID='manual__2025-07-09T17:28:42.400748+00:00'
[2025-07-09T17:28:44.659+0000] {taskinstance.py:740} INFO - ::endgroup::
[2025-07-09T17:28:44.714+0000] {base.py:84} INFO - Retrieving connection 'spark-ebsim'
[2025-07-09T17:28:44.716+0000] {spark_submit.py:474} INFO - Spark-Submit cmd: spark-submit --master spark://spark-master:7077 --name arrow-spark --deploy-mode client /opt/bitnami/spark/jobs/sword_processor_job.py --input-file /opt/bitnami/spark/jobs/session-proto_1.pb
[2025-07-09T17:28:56.079+0000] {spark_submit.py:644} INFO - 25/07/09 17:28:56 INFO SparkContext: Running Spark version 3.5.5
[2025-07-09T17:28:56.081+0000] {spark_submit.py:644} INFO - 25/07/09 17:28:56 INFO SparkContext: OS info Linux, 5.15.167.4-microsoft-standard-WSL2, amd64
[2025-07-09T17:28:56.082+0000] {spark_submit.py:644} INFO - 25/07/09 17:28:56 INFO SparkContext: Java version 17.0.15
[2025-07-09T17:28:56.132+0000] {spark_submit.py:644} INFO - 25/07/09 17:28:56 WARN NativeCodeLoader: Unable to load native-hadoop library for your platform... using builtin-java classes where applicable
[2025-07-09T17:28:56.209+0000] {spark_submit.py:644} INFO - 25/07/09 17:28:56 INFO ResourceUtils: ==============================================================
[2025-07-09T17:28:56.210+0000] {spark_submit.py:644} INFO - 25/07/09 17:28:56 INFO ResourceUtils: No custom resources configured for spark.driver.
[2025-07-09T17:28:56.211+0000] {spark_submit.py:644} INFO - 25/07/09 17:28:56 INFO ResourceUtils: ==============================================================
[2025-07-09T17:28:56.211+0000] {spark_submit.py:644} INFO - 25/07/09 17:28:56 INFO SparkContext: Submitted application: SwordMessageProcessor
[2025-07-09T17:28:56.229+0000] {spark_submit.py:644} INFO - 25/07/09 17:28:56 INFO ResourceProfile: Default ResourceProfile created, executor resources: Map(memory -> name: memory, amount: 1024, script: , vendor: , offHeap -> name: offHeap, amount: 0, script: , vendor: ), task resources: Map(cpus -> name: cpus, amount: 1.0)
[2025-07-09T17:28:56.237+0000] {spark_submit.py:644} INFO - 25/07/09 17:28:56 INFO ResourceProfile: Limiting resource is cpu
[2025-07-09T17:28:56.237+0000] {spark_submit.py:644} INFO - 25/07/09 17:28:56 INFO ResourceProfileManager: Added ResourceProfile id: 0
[2025-07-09T17:28:56.291+0000] {spark_submit.py:644} INFO - 25/07/09 17:28:56 INFO SecurityManager: Changing view acls to: airflow
[2025-07-09T17:28:56.292+0000] {spark_submit.py:644} INFO - 25/07/09 17:28:56 INFO SecurityManager: Changing modify acls to: airflow
[2025-07-09T17:28:56.293+0000] {spark_submit.py:644} INFO - 25/07/09 17:28:56 INFO SecurityManager: Changing view acls groups to:
[2025-07-09T17:28:56.293+0000] {spark_submit.py:644} INFO - 25/07/09 17:28:56 INFO SecurityManager: Changing modify acls groups to:
[2025-07-09T17:28:56.294+0000] {spark_submit.py:644} INFO - 25/07/09 17:28:56 INFO SecurityManager: SecurityManager: authentication disabled; ui acls disabled; users with view permissions: airflow; groups with view permissions: EMPTY; users with modify permissions: airflow; groups with modify permissions: EMPTY
[2025-07-09T17:28:56.556+0000] {spark_submit.py:644} INFO - 25/07/09 17:28:56 INFO Utils: Successfully started service 'sparkDriver' on port 38307.
[2025-07-09T17:28:56.580+0000] {spark_submit.py:644} INFO - 25/07/09 17:28:56 INFO SparkEnv: Registering MapOutputTracker
[2025-07-09T17:28:56.611+0000] {spark_submit.py:644} INFO - 25/07/09 17:28:56 INFO SparkEnv: Registering BlockManagerMaster
[2025-07-09T17:28:56.633+0000] {spark_submit.py:644} INFO - 25/07/09 17:28:56 INFO BlockManagerMasterEndpoint: Using org.apache.spark.storage.DefaultTopologyMapper for getting topology information
[2025-07-09T17:28:56.636+0000] {spark_submit.py:644} INFO - 25/07/09 17:28:56 INFO BlockManagerMasterEndpoint: BlockManagerMasterEndpoint up
[2025-07-09T17:28:56.640+0000] {spark_submit.py:644} INFO - 25/07/09 17:28:56 INFO SparkEnv: Registering BlockManagerMasterHeartbeat
[2025-07-09T17:28:56.668+0000] {spark_submit.py:644} INFO - 25/07/09 17:28:56 INFO DiskBlockManager: Created local directory at /tmp/blockmgr-ed7f54a7-f039-4435-a56a-8f68a8960b8a
[2025-07-09T17:28:56.695+0000] {spark_submit.py:644} INFO - 25/07/09 17:28:56 INFO MemoryStore: MemoryStore started with capacity 434.4 MiB
[2025-07-09T17:28:56.710+0000] {spark_submit.py:644} INFO - 25/07/09 17:28:56 INFO SparkEnv: Registering OutputCommitCoordinator
[2025-07-09T17:28:56.918+0000] {spark_submit.py:644} INFO - 25/07/09 17:28:56 INFO JettyUtils: Start Jetty 0.0.0.0:4040 for SparkUI
[2025-07-09T17:28:56.967+0000] {spark_submit.py:644} INFO - 25/07/09 17:28:56 INFO Utils: Successfully started service 'SparkUI' on port 4040.
[2025-07-09T17:28:57.143+0000] {spark_submit.py:644} INFO - 25/07/09 17:28:57 INFO StandaloneAppClient$ClientEndpoint: Connecting to master spark://spark-master:7077...
[2025-07-09T17:28:57.198+0000] {spark_submit.py:644} INFO - 25/07/09 17:28:57 INFO TransportClientFactory: Successfully created connection to spark-master/172.19.0.5:7077 after 36 ms (0 ms spent in bootstraps)
[2025-07-09T17:28:57.271+0000] {spark_submit.py:644} INFO - 25/07/09 17:28:57 INFO StandaloneSchedulerBackend: Connected to Spark cluster with app ID app-20250709172857-0001
[2025-07-09T17:28:57.273+0000] {spark_submit.py:644} INFO - 25/07/09 17:28:57 INFO StandaloneAppClient$ClientEndpoint: Executor added: app-20250709172857-0001/0 on worker-20250709171731-172.19.0.7-37405 (172.19.0.7:37405) with 2 core(s)
[2025-07-09T17:28:57.275+0000] {spark_submit.py:644} INFO - 25/07/09 17:28:57 INFO StandaloneSchedulerBackend: Granted executor ID app-20250709172857-0001/0 on hostPort 172.19.0.7:37405 with 2 core(s), 1024.0 MiB RAM
[2025-07-09T17:28:57.280+0000] {spark_submit.py:644} INFO - 25/07/09 17:28:57 INFO Utils: Successfully started service 'org.apache.spark.network.netty.NettyBlockTransferService' on port 40731.
[2025-07-09T17:28:57.280+0000] {spark_submit.py:644} INFO - 25/07/09 17:28:57 INFO NettyBlockTransferService: Server created on 38b7408c68d7:40731
[2025-07-09T17:28:57.288+0000] {spark_submit.py:644} INFO - 25/07/09 17:28:57 INFO BlockManager: Using org.apache.spark.storage.RandomBlockReplicationPolicy for block replication policy
[2025-07-09T17:28:57.292+0000] {spark_submit.py:644} INFO - 25/07/09 17:28:57 INFO BlockManagerMaster: Registering BlockManager BlockManagerId(driver, 38b7408c68d7, 40731, None)
[2025-07-09T17:28:57.295+0000] {spark_submit.py:644} INFO - 25/07/09 17:28:57 INFO BlockManagerMasterEndpoint: Registering block manager 38b7408c68d7:40731 with 434.4 MiB RAM, BlockManagerId(driver, 38b7408c68d7, 40731, None)
[2025-07-09T17:28:57.297+0000] {spark_submit.py:644} INFO - 25/07/09 17:28:57 INFO BlockManagerMaster: Registered BlockManager BlockManagerId(driver, 38b7408c68d7, 40731, None)
[2025-07-09T17:28:57.298+0000] {spark_submit.py:644} INFO - 25/07/09 17:28:57 INFO BlockManager: Initialized BlockManager: BlockManagerId(driver, 38b7408c68d7, 40731, None)
[2025-07-09T17:28:57.441+0000] {spark_submit.py:644} INFO - 25/07/09 17:28:57 INFO StandaloneAppClient$ClientEndpoint: Executor updated: app-20250709172857-0001/0 is now RUNNING
[2025-07-09T17:28:57.494+0000] {spark_submit.py:644} INFO - 25/07/09 17:28:57 INFO StandaloneSchedulerBackend: SchedulerBackend is ready for scheduling beginning after reached minRegisteredResourcesRatio: 0.0
[2025-07-09T17:28:58.258+0000] {spark_submit.py:644} INFO - 25/07/09 17:28:58 INFO MemoryStore: Block broadcast_0 stored as values in memory (estimated size 292.2 KiB, free 434.1 MiB)
[2025-07-09T17:28:58.337+0000] {spark_submit.py:644} INFO - 25/07/09 17:28:58 INFO MemoryStore: Block broadcast_0_piece0 stored as bytes in memory (estimated size 32.7 KiB, free 434.1 MiB)
[2025-07-09T17:28:58.342+0000] {spark_submit.py:644} INFO - 25/07/09 17:28:58 INFO BlockManagerInfo: Added broadcast_0_piece0 in memory on 38b7408c68d7:40731 (size: 32.7 KiB, free: 434.4 MiB)
[2025-07-09T17:28:58.346+0000] {spark_submit.py:644} INFO - 25/07/09 17:28:58 INFO SparkContext: Created broadcast 0 from binaryFiles at NativeMethodAccessorImpl.java:0
[2025-07-09T17:28:58.410+0000] {spark_submit.py:644} INFO - 25/07/09 17:28:58 INFO FileInputFormat: Total input files to process : 1
[2025-07-09T17:28:58.418+0000] {spark_submit.py:644} INFO - 25/07/09 17:28:58 INFO FileInputFormat: Total input files to process : 1
[2025-07-09T17:28:58.488+0000] {spark_submit.py:644} INFO - 25/07/09 17:28:58 INFO SparkContext: Starting job: collect at /opt/bitnami/spark/jobs/sword_processor_job.py:35
[2025-07-09T17:28:58.500+0000] {spark_submit.py:644} INFO - 25/07/09 17:28:58 INFO DAGScheduler: Got job 0 (collect at /opt/bitnami/spark/jobs/sword_processor_job.py:35) with 1 output partitions
[2025-07-09T17:28:58.502+0000] {spark_submit.py:644} INFO - 25/07/09 17:28:58 INFO DAGScheduler: Final stage: ResultStage 0 (collect at /opt/bitnami/spark/jobs/sword_processor_job.py:35)
[2025-07-09T17:28:58.502+0000] {spark_submit.py:644} INFO - 25/07/09 17:28:58 INFO DAGScheduler: Parents of final stage: List()
[2025-07-09T17:28:58.503+0000] {spark_submit.py:644} INFO - 25/07/09 17:28:58 INFO DAGScheduler: Missing parents: List()
[2025-07-09T17:28:58.506+0000] {spark_submit.py:644} INFO - 25/07/09 17:28:58 INFO DAGScheduler: Submitting ResultStage 0 (/opt/bitnami/spark/jobs/session-proto_1.pb BinaryFileRDD[0] at binaryFiles at NativeMethodAccessorImpl.java:0), which has no missing parents
[2025-07-09T17:28:58.521+0000] {spark_submit.py:644} INFO - 25/07/09 17:28:58 INFO MemoryStore: Block broadcast_1 stored as values in memory (estimated size 3.7 KiB, free 434.1 MiB)
[2025-07-09T17:28:58.529+0000] {spark_submit.py:644} INFO - 25/07/09 17:28:58 INFO MemoryStore: Block broadcast_1_piece0 stored as bytes in memory (estimated size 2.2 KiB, free 434.1 MiB)
[2025-07-09T17:28:58.530+0000] {spark_submit.py:644} INFO - 25/07/09 17:28:58 INFO BlockManagerInfo: Added broadcast_1_piece0 in memory on 38b7408c68d7:40731 (size: 2.2 KiB, free: 434.4 MiB)
[2025-07-09T17:28:58.531+0000] {spark_submit.py:644} INFO - 25/07/09 17:28:58 INFO SparkContext: Created broadcast 1 from broadcast at DAGScheduler.scala:1585
[2025-07-09T17:28:58.586+0000] {spark_submit.py:644} INFO - 25/07/09 17:28:58 INFO DAGScheduler: Submitting 1 missing tasks from ResultStage 0 (/opt/bitnami/spark/jobs/session-proto_1.pb BinaryFileRDD[0] at binaryFiles at NativeMethodAccessorImpl.java:0) (first 15 tasks are for partitions Vector(0))
[2025-07-09T17:28:58.587+0000] {spark_submit.py:644} INFO - 25/07/09 17:28:58 INFO TaskSchedulerImpl: Adding task set 0.0 with 1 tasks resource profile 0
[2025-07-09T17:29:04.309+0000] {spark_submit.py:644} INFO - 25/07/09 17:29:04 INFO StandaloneSchedulerBackend$StandaloneDriverEndpoint: Registered executor NettyRpcEndpointRef(spark-client://Executor) (172.19.0.7:41158) with ID 0,  ResourceProfileId 0
[2025-07-09T17:29:04.416+0000] {spark_submit.py:644} INFO - 25/07/09 17:29:04 INFO BlockManagerMasterEndpoint: Registering block manager 172.19.0.7:37791 with 434.4 MiB RAM, BlockManagerId(0, 172.19.0.7, 37791, None)
[2025-07-09T17:29:04.486+0000] {spark_submit.py:644} INFO - 25/07/09 17:29:04 INFO TaskSetManager: Starting task 0.0 in stage 0.0 (TID 0) (172.19.0.7, executor 0, partition 0, PROCESS_LOCAL, 9142 bytes)
[2025-07-09T17:29:04.967+0000] {spark_submit.py:644} INFO - 25/07/09 17:29:04 INFO BlockManagerInfo: Added broadcast_1_piece0 in memory on 172.19.0.7:37791 (size: 2.2 KiB, free: 434.4 MiB)
[2025-07-09T17:29:05.262+0000] {spark_submit.py:644} INFO - 25/07/09 17:29:05 INFO BlockManagerInfo: Added broadcast_0_piece0 in memory on 172.19.0.7:37791 (size: 32.7 KiB, free: 434.4 MiB)
[2025-07-09T17:29:05.451+0000] {spark_submit.py:644} INFO - 25/07/09 17:29:05 INFO TaskSetManager: Finished task 0.0 in stage 0.0 (TID 0) in 975 ms on 172.19.0.7 (executor 0) (1/1)
[2025-07-09T17:29:05.453+0000] {spark_submit.py:644} INFO - 25/07/09 17:29:05 INFO TaskSchedulerImpl: Removed TaskSet 0.0, whose tasks have all completed, from pool
[2025-07-09T17:29:05.457+0000] {spark_submit.py:644} INFO - 25/07/09 17:29:05 INFO DAGScheduler: ResultStage 0 (collect at /opt/bitnami/spark/jobs/sword_processor_job.py:35) finished in 6.940 s
[2025-07-09T17:29:05.461+0000] {spark_submit.py:644} INFO - 25/07/09 17:29:05 INFO DAGScheduler: Job 0 is finished. Cancelling potential speculative or zombie tasks for this job
[2025-07-09T17:29:05.462+0000] {spark_submit.py:644} INFO - 25/07/09 17:29:05 INFO TaskSchedulerImpl: Killing all running tasks in stage 0: Stage finished
[2025-07-09T17:29:05.463+0000] {spark_submit.py:644} INFO - 25/07/09 17:29:05 INFO DAGScheduler: Job 0 finished: collect at /opt/bitnami/spark/jobs/sword_processor_job.py:35, took 6.976047 s
[2025-07-09T17:29:05.544+0000] {spark_submit.py:644} INFO - 25/07/09 17:29:05 INFO SharedState: Setting hive.metastore.warehouse.dir ('null') to the value of spark.sql.warehouse.dir.
[2025-07-09T17:29:05.546+0000] {spark_submit.py:644} INFO - 25/07/09 17:29:05 INFO SharedState: Warehouse path is 'file:/opt/airflow/spark-warehouse'.
[2025-07-09T17:29:06.239+0000] {spark_submit.py:644} INFO - 25/07/09 17:29:06 INFO BlockManagerInfo: Removed broadcast_1_piece0 on 38b7408c68d7:40731 in memory (size: 2.2 KiB, free: 434.4 MiB)
[2025-07-09T17:29:06.249+0000] {spark_submit.py:644} INFO - 25/07/09 17:29:06 INFO BlockManagerInfo: Removed broadcast_1_piece0 on 172.19.0.7:37791 in memory (size: 2.2 KiB, free: 434.4 MiB)
[2025-07-09T17:29:06.257+0000] {spark_submit.py:644} INFO - 25/07/09 17:29:06 INFO InMemoryFileIndex: It took 24 ms to list leaf files for 1 paths.
[2025-07-09T17:29:07.228+0000] {spark_submit.py:644} INFO - 25/07/09 17:29:07 INFO FileSourceStrategy: Pushed Filters:
[2025-07-09T17:29:07.229+0000] {spark_submit.py:644} INFO - 25/07/09 17:29:07 INFO FileSourceStrategy: Post-Scan Filters:
[2025-07-09T17:29:07.282+0000] {spark_submit.py:644} INFO - 25/07/09 17:29:07 INFO MemoryStore: Block broadcast_2 stored as values in memory (estimated size 199.5 KiB, free 433.9 MiB)
[2025-07-09T17:29:07.292+0000] {spark_submit.py:644} INFO - 25/07/09 17:29:07 INFO MemoryStore: Block broadcast_2_piece0 stored as bytes in memory (estimated size 34.3 KiB, free 433.9 MiB)
[2025-07-09T17:29:07.293+0000] {spark_submit.py:644} INFO - 25/07/09 17:29:07 INFO BlockManagerInfo: Added broadcast_2_piece0 in memory on 38b7408c68d7:40731 (size: 34.3 KiB, free: 434.3 MiB)
[2025-07-09T17:29:07.294+0000] {spark_submit.py:644} INFO - 25/07/09 17:29:07 INFO SparkContext: Created broadcast 2 from collect at /opt/bitnami/spark/jobs/sword_processor_job.py:37
[2025-07-09T17:29:07.302+0000] {spark_submit.py:644} INFO - 25/07/09 17:29:07 INFO FileSourceScanExec: Planning scan with bin packing, max size: 4194304 bytes, open cost is considered as scanning 4194304 bytes.
[2025-07-09T17:29:07.352+0000] {spark_submit.py:644} INFO - 25/07/09 17:29:07 INFO SparkContext: Starting job: collect at /opt/bitnami/spark/jobs/sword_processor_job.py:37
[2025-07-09T17:29:07.354+0000] {spark_submit.py:644} INFO - 25/07/09 17:29:07 INFO DAGScheduler: Got job 1 (collect at /opt/bitnami/spark/jobs/sword_processor_job.py:37) with 1 output partitions
[2025-07-09T17:29:07.354+0000] {spark_submit.py:644} INFO - 25/07/09 17:29:07 INFO DAGScheduler: Final stage: ResultStage 1 (collect at /opt/bitnami/spark/jobs/sword_processor_job.py:37)
[2025-07-09T17:29:07.355+0000] {spark_submit.py:644} INFO - 25/07/09 17:29:07 INFO DAGScheduler: Parents of final stage: List()
[2025-07-09T17:29:07.356+0000] {spark_submit.py:644} INFO - 25/07/09 17:29:07 INFO DAGScheduler: Missing parents: List()
[2025-07-09T17:29:07.356+0000] {spark_submit.py:644} INFO - 25/07/09 17:29:07 INFO DAGScheduler: Submitting ResultStage 1 (MapPartitionsRDD[3] at collect at /opt/bitnami/spark/jobs/sword_processor_job.py:37), which has no missing parents
[2025-07-09T17:29:07.360+0000] {spark_submit.py:644} INFO - 25/07/09 17:29:07 INFO MemoryStore: Block broadcast_3 stored as values in memory (estimated size 9.8 KiB, free 433.8 MiB)
[2025-07-09T17:29:07.362+0000] {spark_submit.py:644} INFO - 25/07/09 17:29:07 INFO MemoryStore: Block broadcast_3_piece0 stored as bytes in memory (estimated size 4.9 KiB, free 433.8 MiB)
[2025-07-09T17:29:07.363+0000] {spark_submit.py:644} INFO - 25/07/09 17:29:07 INFO BlockManagerInfo: Added broadcast_3_piece0 in memory on 38b7408c68d7:40731 (size: 4.9 KiB, free: 434.3 MiB)
[2025-07-09T17:29:07.363+0000] {spark_submit.py:644} INFO - 25/07/09 17:29:07 INFO SparkContext: Created broadcast 3 from broadcast at DAGScheduler.scala:1585
[2025-07-09T17:29:07.364+0000] {spark_submit.py:644} INFO - 25/07/09 17:29:07 INFO DAGScheduler: Submitting 1 missing tasks from ResultStage 1 (MapPartitionsRDD[3] at collect at /opt/bitnami/spark/jobs/sword_processor_job.py:37) (first 15 tasks are for partitions Vector(0))
[2025-07-09T17:29:07.365+0000] {spark_submit.py:644} INFO - 25/07/09 17:29:07 INFO TaskSchedulerImpl: Adding task set 1.0 with 1 tasks resource profile 0
[2025-07-09T17:29:07.368+0000] {spark_submit.py:644} INFO - 25/07/09 17:29:07 INFO TaskSetManager: Starting task 0.0 in stage 1.0 (TID 1) (172.19.0.7, executor 0, partition 0, PROCESS_LOCAL, 9615 bytes)
[2025-07-09T17:29:07.425+0000] {spark_submit.py:644} INFO - 25/07/09 17:29:07 INFO BlockManagerInfo: Added broadcast_3_piece0 in memory on 172.19.0.7:37791 (size: 4.9 KiB, free: 434.4 MiB)
[2025-07-09T17:29:08.568+0000] {spark_submit.py:644} INFO - 25/07/09 17:29:08 INFO BlockManagerInfo: Added broadcast_2_piece0 in memory on 172.19.0.7:37791 (size: 34.3 KiB, free: 434.3 MiB)
[2025-07-09T17:29:09.808+0000] {spark_submit.py:644} INFO - 25/07/09 17:29:09 INFO TaskSetManager: Finished task 0.0 in stage 1.0 (TID 1) in 2442 ms on 172.19.0.7 (executor 0) (1/1)
[2025-07-09T17:29:09.808+0000] {spark_submit.py:644} INFO - 25/07/09 17:29:09 INFO TaskSchedulerImpl: Removed TaskSet 1.0, whose tasks have all completed, from pool
[2025-07-09T17:29:09.809+0000] {spark_submit.py:644} INFO - 25/07/09 17:29:09 INFO DAGScheduler: ResultStage 1 (collect at /opt/bitnami/spark/jobs/sword_processor_job.py:37) finished in 2.451 s
[2025-07-09T17:29:09.810+0000] {spark_submit.py:644} INFO - 25/07/09 17:29:09 INFO DAGScheduler: Job 1 is finished. Cancelling potential speculative or zombie tasks for this job
[2025-07-09T17:29:09.810+0000] {spark_submit.py:644} INFO - 25/07/09 17:29:09 INFO TaskSchedulerImpl: Killing all running tasks in stage 1: Stage finished
[2025-07-09T17:29:09.811+0000] {spark_submit.py:644} INFO - 25/07/09 17:29:09 INFO DAGScheduler: Job 1 finished: collect at /opt/bitnami/spark/jobs/sword_processor_job.py:37, took 2.457940 s
[2025-07-09T17:29:09.862+0000] {spark_submit.py:644} INFO - ======binary_data:b'\x00\x00\x003\x08\x00\x12-\xda\x02*\n\x03\x08\xd1\x06\x12\x03\x08\xf0\x0b\x18\xf8\xe1\xb5\xc3\x06B\x12\tK\xaf\xcd\xc6J\x00>\xc0\x11\x11 C\xc7\x0e\x82K\xc0J\x02\x08\x00P\x00\x18\x01\x00\x00\x002\x08\x01\x12,\xda\x02)\n\x02\x08\x13\x12\x03\x08\xe1\x08\x18\xf9\xe1\xb5\xc3\x06B\x12\t\x8d\x9e[\xe8J\x00>\xc0\x11\xb1\x17\n\xd8\x0e\x82K\xc0J\x02\x08\x00P\x00\x18\x04\x00\x00\x003\x08\x02\x12-\xda\x02*\n\x03\x08\xbe\x05\x12\x03\x08\xe8\x08\x18\xfa\xe1\xb5\xc3\x06B\x12\tK\xaf\xcd\xc6J\x00>\xc0\x11\xb1\x17\n\xd8\x0e\x82K\xc0J\x02\x08\x00P\x00\x18\x01\x00\x00\x003\x08\x03\x12-\xda\x02*\n\x03\x08\x9e\x07\x12\x03\x08\xb1\n\x18\xfb\xe1\xb5\xc3\x06B\x12\t\x8d\x9e[\xe8J\x00>\xc0\x11\x11 C\xc7\x0e\x82K\xc0J\x02\x08\x00P\x00\x18\x01\x00\x00\x003\x08\x04\x12-\xda\x02*\n\x03\x08\xb2\x07\x12\x03\x08\x9e\t\x18\xfc\xe1\xb5\xc3\x06B\x12\t\x8d\x9e[\xe8J\x00>\xc0\x11\x11 C\xc7\x0e\x82K\xc0J\x02\x08\x00P\x00\x18\x02\x00\x00\x003\x08\x05\x12-\xda\x02*\n\x03\x08\xb5\x02\x12\x03\x08\xdf\r\x18\xfd\xe1\xb5\xc3\x06B\x12\tK\xaf\xcd\xc6J\x00>\xc0\x11\xb1\x17\n\xd8\x0e\x82K\xc0J\x02\x08\x00P\x00\x18\x02\x00\x00\x003\x08\x06\x12-\xda\x02*\n\x03\x08\x8f\x04\x12\x03\x08\x84\x01\x18\xfe\xe1\xb5\xc3\x06B\x12\t\x8d\x9e[\xe8J\x00>\xc0\x11\x11 C\xc7\x0e\x82K\xc0J\x02\x08\x00P\x00\x18\x02\x00\x00\x003\x08\x07\x12-\xda\x02*\n\x03\x08\xc9\x01\x12\x03\x08\x9f\t\x18\xff\xe1\xb5\xc3\x06B\x12\t\x8d\x9e[\xe8J\x00>\xc0\x11\x11 C\xc7\x0e\x82K\xc0J\x02\x08\x00P\x00\x18\x02\x00\x00\x003\x08\x08\x12-\xda\x02*\n\x03\x08\x86\x05\x12\x03\x08\xb7\t\x18\x80\xe2\xb5\xc3\x06B\x12\t\x8d\x9e[\xe8J\x00>\xc0\x11\x11 C\xc7\x0e\x82K\xc0J\x02\x08\x00P\x00\x18\x03\x00\x00\x003\x08\t\x12-\xda\x02*\n\x03\x08\x9b\x01\x12\x03\x08\xc6\x02\x18\x81\xe2\xb5\xc3\x06B\x12\tK\xaf\xcd\xc6J\x00>\xc0\x11\x11 C\xc7\x0e\x82K\xc0J\x02\x08\x00P\x00\x18\x01\x00\x00\x003\x08\x00\x12-\xda\x02*\n\x03\x08\xd1\x06\x12\x03\x08\xf0\x0b\x18\x88\xe2\xb5\xc3\x06B\x12\tK\xaf\xcd\xc6J\x00>\xc0\x11\x11 C\xc7\x0e\x82K\xc0J\x02\x08\x00P\x00\x18\x01'======
[2025-07-09T17:29:09.862+0000] {spark_submit.py:644} INFO - ======binary_data_2:Row(path='file:/opt/bitnami/spark/jobs/session-proto_1.pb', modificationTime=datetime.datetime(2025, 7, 9, 12, 4, 15, 214000), length=604, content=bytearray(b'\x00\x00\x003\x08\x00\x12-\xda\x02*\n\x03\x08\xd1\x06\x12\x03\x08\xf0\x0b\x18\xf8\xe1\xb5\xc3\x06B\x12\tK\xaf\xcd\xc6J\x00>\xc0\x11\x11 C\xc7\x0e\x82K\xc0J\x02\x08\x00P\x00\x18\x01\x00\x00\x002\x08\x01\x12,\xda\x02)\n\x02\x08\x13\x12\x03\x08\xe1\x08\x18\xf9\xe1\xb5\xc3\x06B\x12\t\x8d\x9e[\xe8J\x00>\xc0\x11\xb1\x17\n\xd8\x0e\x82K\xc0J\x02\x08\x00P\x00\x18\x04\x00\x00\x003\x08\x02\x12-\xda\x02*\n\x03\x08\xbe\x05\x12\x03\x08\xe8\x08\x18\xfa\xe1\xb5\xc3\x06B\x12\tK\xaf\xcd\xc6J\x00>\xc0\x11\xb1\x17\n\xd8\x0e\x82K\xc0J\x02\x08\x00P\x00\x18\x01\x00\x00\x003\x08\x03\x12-\xda\x02*\n\x03\x08\x9e\x07\x12\x03\x08\xb1\n\x18\xfb\xe1\xb5\xc3\x06B\x12\t\x8d\x9e[\xe8J\x00>\xc0\x11\x11 C\xc7\x0e\x82K\xc0J\x02\x08\x00P\x00\x18\x01\x00\x00\x003\x08\x04\x12-\xda\x02*\n\x03\x08\xb2\x07\x12\x03\x08\x9e\t\x18\xfc\xe1\xb5\xc3\x06B\x12\t\x8d\x9e[\xe8J\x00>\xc0\x11\x11 C\xc7\x0e\x82K\xc0J\x02\x08\x00P\x00\x18\x02\x00\x00\x003\x08\x05\x12-\xda\x02*\n\x03\x08\xb5\x02\x12\x03\x08\xdf\r\x18\xfd\xe1\xb5\xc3\x06B\x12\tK\xaf\xcd\xc6J\x00>\xc0\x11\xb1\x17\n\xd8\x0e\x82K\xc0J\x02\x08\x00P\x00\x18\x02\x00\x00\x003\x08\x06\x12-\xda\x02*\n\x03\x08\x8f\x04\x12\x03\x08\x84\x01\x18\xfe\xe1\xb5\xc3\x06B\x12\t\x8d\x9e[\xe8J\x00>\xc0\x11\x11 C\xc7\x0e\x82K\xc0J\x02\x08\x00P\x00\x18\x02\x00\x00\x003\x08\x07\x12-\xda\x02*\n\x03\x08\xc9\x01\x12\x03\x08\x9f\t\x18\xff\xe1\xb5\xc3\x06B\x12\t\x8d\x9e[\xe8J\x00>\xc0\x11\x11 C\xc7\x0e\x82K\xc0J\x02\x08\x00P\x00\x18\x02\x00\x00\x003\x08\x08\x12-\xda\x02*\n\x03\x08\x86\x05\x12\x03\x08\xb7\t\x18\x80\xe2\xb5\xc3\x06B\x12\t\x8d\x9e[\xe8J\x00>\xc0\x11\x11 C\xc7\x0e\x82K\xc0J\x02\x08\x00P\x00\x18\x03\x00\x00\x003\x08\t\x12-\xda\x02*\n\x03\x08\x9b\x01\x12\x03\x08\xc6\x02\x18\x81\xe2\xb5\xc3\x06B\x12\tK\xaf\xcd\xc6J\x00>\xc0\x11\x11 C\xc7\x0e\x82K\xc0J\x02\x08\x00P\x00\x18\x01\x00\x00\x003\x08\x00\x12-\xda\x02*\n\x03\x08\xd1\x06\x12\x03\x08\xf0\x0b\x18\x88\xe2\xb5\xc3\x06B\x12\tK\xaf\xcd\xc6J\x00>\xc0\x11\x11 C\xc7\x0e\x82K\xc0J\x02\x08\x00P\x00\x18\x01'))======
[2025-07-09T17:29:10.880+0000] {spark_submit.py:644} INFO - 25/07/09 17:29:10 INFO BlockManagerInfo: Removed broadcast_3_piece0 on 38b7408c68d7:40731 in memory (size: 4.9 KiB, free: 434.3 MiB)
[2025-07-09T17:29:10.885+0000] {spark_submit.py:644} INFO - 25/07/09 17:29:10 INFO BlockManagerInfo: Removed broadcast_3_piece0 on 172.19.0.7:37791 in memory (size: 4.9 KiB, free: 434.3 MiB)
[2025-07-09T17:29:10.930+0000] {spark_submit.py:644} INFO - 25/07/09 17:29:10 INFO BlockManagerInfo: Removed broadcast_0_piece0 on 38b7408c68d7:40731 in memory (size: 32.7 KiB, free: 434.4 MiB)
[2025-07-09T17:29:10.934+0000] {spark_submit.py:644} INFO - 25/07/09 17:29:10 INFO BlockManagerInfo: Removed broadcast_0_piece0 on 172.19.0.7:37791 in memory (size: 32.7 KiB, free: 434.4 MiB)
[2025-07-09T17:29:11.338+0000] {spark_submit.py:644} INFO - 25/07/09 17:29:11 INFO CodeGenerator: Code generated in 180.392752 ms
[2025-07-09T17:29:11.387+0000] {spark_submit.py:644} INFO - 25/07/09 17:29:11 INFO DAGScheduler: Registering RDD 10 (count at NativeMethodAccessorImpl.java:0) as input to shuffle 0
[2025-07-09T17:29:11.392+0000] {spark_submit.py:644} INFO - 25/07/09 17:29:11 INFO DAGScheduler: Got map stage job 2 (count at NativeMethodAccessorImpl.java:0) with 2 output partitions
[2025-07-09T17:29:11.393+0000] {spark_submit.py:644} INFO - 25/07/09 17:29:11 INFO DAGScheduler: Final stage: ShuffleMapStage 2 (count at NativeMethodAccessorImpl.java:0)
[2025-07-09T17:29:11.393+0000] {spark_submit.py:644} INFO - 25/07/09 17:29:11 INFO DAGScheduler: Parents of final stage: List()
[2025-07-09T17:29:11.394+0000] {spark_submit.py:644} INFO - 25/07/09 17:29:11 INFO DAGScheduler: Missing parents: List()
[2025-07-09T17:29:11.396+0000] {spark_submit.py:644} INFO - 25/07/09 17:29:11 INFO DAGScheduler: Submitting ShuffleMapStage 2 (MapPartitionsRDD[10] at count at NativeMethodAccessorImpl.java:0), which has no missing parents
[2025-07-09T17:29:11.426+0000] {spark_submit.py:644} INFO - 25/07/09 17:29:11 INFO MemoryStore: Block broadcast_4 stored as values in memory (estimated size 16.2 KiB, free 434.2 MiB)
[2025-07-09T17:29:11.434+0000] {spark_submit.py:644} INFO - 25/07/09 17:29:11 INFO MemoryStore: Block broadcast_4_piece0 stored as bytes in memory (estimated size 8.4 KiB, free 434.1 MiB)
[2025-07-09T17:29:11.449+0000] {spark_submit.py:644} INFO - 25/07/09 17:29:11 INFO BlockManagerInfo: Added broadcast_4_piece0 in memory on 38b7408c68d7:40731 (size: 8.4 KiB, free: 434.4 MiB)
[2025-07-09T17:29:11.450+0000] {spark_submit.py:644} INFO - 25/07/09 17:29:11 INFO SparkContext: Created broadcast 4 from broadcast at DAGScheduler.scala:1585
[2025-07-09T17:29:11.452+0000] {spark_submit.py:644} INFO - 25/07/09 17:29:11 INFO DAGScheduler: Submitting 2 missing tasks from ShuffleMapStage 2 (MapPartitionsRDD[10] at count at NativeMethodAccessorImpl.java:0) (first 15 tasks are for partitions Vector(0, 1))
[2025-07-09T17:29:11.453+0000] {spark_submit.py:644} INFO - 25/07/09 17:29:11 INFO TaskSchedulerImpl: Adding task set 2.0 with 2 tasks resource profile 0
[2025-07-09T17:29:11.455+0000] {spark_submit.py:644} INFO - 25/07/09 17:29:11 INFO TaskSetManager: Starting task 0.0 in stage 2.0 (TID 2) (172.19.0.7, executor 0, partition 0, PROCESS_LOCAL, 9187 bytes)
[2025-07-09T17:29:11.456+0000] {spark_submit.py:644} INFO - 25/07/09 17:29:11 INFO TaskSetManager: Starting task 1.0 in stage 2.0 (TID 3) (172.19.0.7, executor 0, partition 1, PROCESS_LOCAL, 9248 bytes)
[2025-07-09T17:29:11.579+0000] {spark_submit.py:644} INFO - 25/07/09 17:29:11 INFO BlockManagerInfo: Added broadcast_4_piece0 in memory on 172.19.0.7:37791 (size: 8.4 KiB, free: 434.4 MiB)
[2025-07-09T17:29:13.095+0000] {spark_submit.py:644} INFO - 25/07/09 17:29:13 INFO TaskSetManager: Finished task 1.0 in stage 2.0 (TID 3) in 1639 ms on 172.19.0.7 (executor 0) (1/2)
[2025-07-09T17:29:13.095+0000] {spark_submit.py:644} INFO - 25/07/09 17:29:13 INFO TaskSetManager: Finished task 0.0 in stage 2.0 (TID 2) in 1642 ms on 172.19.0.7 (executor 0) (2/2)
[2025-07-09T17:29:13.096+0000] {spark_submit.py:644} INFO - 25/07/09 17:29:13 INFO TaskSchedulerImpl: Removed TaskSet 2.0, whose tasks have all completed, from pool
[2025-07-09T17:29:13.136+0000] {spark_submit.py:644} INFO - 25/07/09 17:29:13 INFO PythonAccumulatorV2: Connected to AccumulatorServer at host: 127.0.0.1 port: 41731
[2025-07-09T17:29:13.141+0000] {spark_submit.py:644} INFO - 25/07/09 17:29:13 INFO DAGScheduler: ShuffleMapStage 2 (count at NativeMethodAccessorImpl.java:0) finished in 1.740 s
[2025-07-09T17:29:13.142+0000] {spark_submit.py:644} INFO - 25/07/09 17:29:13 INFO DAGScheduler: looking for newly runnable stages
[2025-07-09T17:29:13.142+0000] {spark_submit.py:644} INFO - 25/07/09 17:29:13 INFO DAGScheduler: running: Set()
[2025-07-09T17:29:13.143+0000] {spark_submit.py:644} INFO - 25/07/09 17:29:13 INFO DAGScheduler: waiting: Set()
[2025-07-09T17:29:13.174+0000] {spark_submit.py:644} INFO - 25/07/09 17:29:13 INFO DAGScheduler: failed: Set()
[2025-07-09T17:29:13.216+0000] {spark_submit.py:644} INFO - 25/07/09 17:29:13 INFO CodeGenerator: Code generated in 13.528106 ms
[2025-07-09T17:29:13.250+0000] {spark_submit.py:644} INFO - 25/07/09 17:29:13 INFO SparkContext: Starting job: count at NativeMethodAccessorImpl.java:0
[2025-07-09T17:29:13.252+0000] {spark_submit.py:644} INFO - 25/07/09 17:29:13 INFO DAGScheduler: Got job 3 (count at NativeMethodAccessorImpl.java:0) with 1 output partitions
[2025-07-09T17:29:13.253+0000] {spark_submit.py:644} INFO - 25/07/09 17:29:13 INFO DAGScheduler: Final stage: ResultStage 4 (count at NativeMethodAccessorImpl.java:0)
[2025-07-09T17:29:13.253+0000] {spark_submit.py:644} INFO - 25/07/09 17:29:13 INFO DAGScheduler: Parents of final stage: List(ShuffleMapStage 3)
[2025-07-09T17:29:13.254+0000] {spark_submit.py:644} INFO - 25/07/09 17:29:13 INFO DAGScheduler: Missing parents: List()
[2025-07-09T17:29:13.254+0000] {spark_submit.py:644} INFO - 25/07/09 17:29:13 INFO DAGScheduler: Submitting ResultStage 4 (MapPartitionsRDD[13] at count at NativeMethodAccessorImpl.java:0), which has no missing parents
[2025-07-09T17:29:13.261+0000] {spark_submit.py:644} INFO - 25/07/09 17:29:13 INFO MemoryStore: Block broadcast_5 stored as values in memory (estimated size 12.5 KiB, free 434.1 MiB)
[2025-07-09T17:29:13.286+0000] {spark_submit.py:644} INFO - 25/07/09 17:29:13 INFO MemoryStore: Block broadcast_5_piece0 stored as bytes in memory (estimated size 5.9 KiB, free 434.1 MiB)
[2025-07-09T17:29:13.307+0000] {spark_submit.py:644} INFO - 25/07/09 17:29:13 INFO BlockManagerInfo: Added broadcast_5_piece0 in memory on 38b7408c68d7:40731 (size: 5.9 KiB, free: 434.4 MiB)
[2025-07-09T17:29:13.308+0000] {spark_submit.py:644} INFO - 25/07/09 17:29:13 INFO SparkContext: Created broadcast 5 from broadcast at DAGScheduler.scala:1585
[2025-07-09T17:29:13.309+0000] {spark_submit.py:644} INFO - 25/07/09 17:29:13 INFO DAGScheduler: Submitting 1 missing tasks from ResultStage 4 (MapPartitionsRDD[13] at count at NativeMethodAccessorImpl.java:0) (first 15 tasks are for partitions Vector(0))
[2025-07-09T17:29:13.310+0000] {spark_submit.py:644} INFO - 25/07/09 17:29:13 INFO TaskSchedulerImpl: Adding task set 4.0 with 1 tasks resource profile 0
[2025-07-09T17:29:13.313+0000] {spark_submit.py:644} INFO - 25/07/09 17:29:13 INFO TaskSetManager: Starting task 0.0 in stage 4.0 (TID 4) (172.19.0.7, executor 0, partition 0, NODE_LOCAL, 9003 bytes)
[2025-07-09T17:29:13.330+0000] {spark_submit.py:644} INFO - 25/07/09 17:29:13 INFO BlockManagerInfo: Added broadcast_5_piece0 in memory on 172.19.0.7:37791 (size: 5.9 KiB, free: 434.4 MiB)
[2025-07-09T17:29:13.380+0000] {spark_submit.py:644} INFO - 25/07/09 17:29:13 INFO MapOutputTrackerMasterEndpoint: Asked to send map output locations for shuffle 0 to 172.19.0.7:41158
[2025-07-09T17:29:13.502+0000] {spark_submit.py:644} INFO - 25/07/09 17:29:13 INFO TaskSetManager: Finished task 0.0 in stage 4.0 (TID 4) in 190 ms on 172.19.0.7 (executor 0) (1/1)
[2025-07-09T17:29:13.503+0000] {spark_submit.py:644} INFO - 25/07/09 17:29:13 INFO TaskSchedulerImpl: Removed TaskSet 4.0, whose tasks have all completed, from pool
[2025-07-09T17:29:13.503+0000] {spark_submit.py:644} INFO - 25/07/09 17:29:13 INFO DAGScheduler: ResultStage 4 (count at NativeMethodAccessorImpl.java:0) finished in 0.243 s
[2025-07-09T17:29:13.504+0000] {spark_submit.py:644} INFO - 25/07/09 17:29:13 INFO DAGScheduler: Job 3 is finished. Cancelling potential speculative or zombie tasks for this job
[2025-07-09T17:29:13.504+0000] {spark_submit.py:644} INFO - 25/07/09 17:29:13 INFO TaskSchedulerImpl: Killing all running tasks in stage 4: Stage finished
[2025-07-09T17:29:13.505+0000] {spark_submit.py:644} INFO - 25/07/09 17:29:13 INFO DAGScheduler: Job 3 finished: count at NativeMethodAccessorImpl.java:0, took 0.254035 s
[2025-07-09T17:29:13.507+0000] {spark_submit.py:644} INFO - Total de mensagens processadas: 11
[2025-07-09T17:29:13.508+0000] {spark_submit.py:644} INFO - Dados processados:
[2025-07-09T17:29:13.620+0000] {spark_submit.py:644} INFO - 25/07/09 17:29:13 INFO CodeGenerator: Code generated in 21.944208 ms
[2025-07-09T17:29:13.630+0000] {spark_submit.py:644} INFO - 25/07/09 17:29:13 INFO SparkContext: Starting job: showString at NativeMethodAccessorImpl.java:0
[2025-07-09T17:29:13.631+0000] {spark_submit.py:644} INFO - 25/07/09 17:29:13 INFO DAGScheduler: Got job 4 (showString at NativeMethodAccessorImpl.java:0) with 1 output partitions
[2025-07-09T17:29:13.632+0000] {spark_submit.py:644} INFO - 25/07/09 17:29:13 INFO DAGScheduler: Final stage: ResultStage 5 (showString at NativeMethodAccessorImpl.java:0)
[2025-07-09T17:29:13.632+0000] {spark_submit.py:644} INFO - 25/07/09 17:29:13 INFO DAGScheduler: Parents of final stage: List()
[2025-07-09T17:29:13.633+0000] {spark_submit.py:644} INFO - 25/07/09 17:29:13 INFO DAGScheduler: Missing parents: List()
[2025-07-09T17:29:13.633+0000] {spark_submit.py:644} INFO - 25/07/09 17:29:13 INFO DAGScheduler: Submitting ResultStage 5 (MapPartitionsRDD[15] at showString at NativeMethodAccessorImpl.java:0), which has no missing parents
[2025-07-09T17:29:13.635+0000] {spark_submit.py:644} INFO - 25/07/09 17:29:13 INFO MemoryStore: Block broadcast_6 stored as values in memory (estimated size 15.0 KiB, free 434.1 MiB)
[2025-07-09T17:29:13.655+0000] {spark_submit.py:644} INFO - 25/07/09 17:29:13 INFO MemoryStore: Block broadcast_6_piece0 stored as bytes in memory (estimated size 7.2 KiB, free 434.1 MiB)
[2025-07-09T17:29:13.656+0000] {spark_submit.py:644} INFO - 25/07/09 17:29:13 INFO BlockManagerInfo: Added broadcast_6_piece0 in memory on 38b7408c68d7:40731 (size: 7.2 KiB, free: 434.3 MiB)
[2025-07-09T17:29:13.657+0000] {spark_submit.py:644} INFO - 25/07/09 17:29:13 INFO SparkContext: Created broadcast 6 from broadcast at DAGScheduler.scala:1585
[2025-07-09T17:29:13.658+0000] {spark_submit.py:644} INFO - 25/07/09 17:29:13 INFO DAGScheduler: Submitting 1 missing tasks from ResultStage 5 (MapPartitionsRDD[15] at showString at NativeMethodAccessorImpl.java:0) (first 15 tasks are for partitions Vector(0))
[2025-07-09T17:29:13.658+0000] {spark_submit.py:644} INFO - 25/07/09 17:29:13 INFO TaskSchedulerImpl: Adding task set 5.0 with 1 tasks resource profile 0
[2025-07-09T17:29:13.659+0000] {spark_submit.py:644} INFO - 25/07/09 17:29:13 INFO TaskSetManager: Starting task 0.0 in stage 5.0 (TID 5) (172.19.0.7, executor 0, partition 0, PROCESS_LOCAL, 9198 bytes)
[2025-07-09T17:29:13.690+0000] {spark_submit.py:644} INFO - 25/07/09 17:29:13 INFO BlockManagerInfo: Added broadcast_6_piece0 in memory on 172.19.0.7:37791 (size: 7.2 KiB, free: 434.3 MiB)
[2025-07-09T17:29:13.849+0000] {spark_submit.py:644} INFO - 25/07/09 17:29:13 INFO TaskSetManager: Finished task 0.0 in stage 5.0 (TID 5) in 189 ms on 172.19.0.7 (executor 0) (1/1)
[2025-07-09T17:29:13.849+0000] {spark_submit.py:644} INFO - 25/07/09 17:29:13 INFO TaskSchedulerImpl: Removed TaskSet 5.0, whose tasks have all completed, from pool
[2025-07-09T17:29:13.850+0000] {spark_submit.py:644} INFO - 25/07/09 17:29:13 INFO DAGScheduler: ResultStage 5 (showString at NativeMethodAccessorImpl.java:0) finished in 0.217 s
[2025-07-09T17:29:13.851+0000] {spark_submit.py:644} INFO - 25/07/09 17:29:13 INFO DAGScheduler: Job 4 is finished. Cancelling potential speculative or zombie tasks for this job
[2025-07-09T17:29:13.851+0000] {spark_submit.py:644} INFO - 25/07/09 17:29:13 INFO TaskSchedulerImpl: Killing all running tasks in stage 5: Stage finished
[2025-07-09T17:29:13.852+0000] {spark_submit.py:644} INFO - 25/07/09 17:29:13 INFO DAGScheduler: Job 4 finished: showString at NativeMethodAccessorImpl.java:0, took 0.220922 s
[2025-07-09T17:29:13.859+0000] {spark_submit.py:644} INFO - 25/07/09 17:29:13 INFO SparkContext: Starting job: showString at NativeMethodAccessorImpl.java:0
[2025-07-09T17:29:13.860+0000] {spark_submit.py:644} INFO - 25/07/09 17:29:13 INFO DAGScheduler: Got job 5 (showString at NativeMethodAccessorImpl.java:0) with 1 output partitions
[2025-07-09T17:29:13.861+0000] {spark_submit.py:644} INFO - 25/07/09 17:29:13 INFO DAGScheduler: Final stage: ResultStage 6 (showString at NativeMethodAccessorImpl.java:0)
[2025-07-09T17:29:13.861+0000] {spark_submit.py:644} INFO - 25/07/09 17:29:13 INFO DAGScheduler: Parents of final stage: List()
[2025-07-09T17:29:13.862+0000] {spark_submit.py:644} INFO - 25/07/09 17:29:13 INFO DAGScheduler: Missing parents: List()
[2025-07-09T17:29:13.863+0000] {spark_submit.py:644} INFO - 25/07/09 17:29:13 INFO DAGScheduler: Submitting ResultStage 6 (MapPartitionsRDD[15] at showString at NativeMethodAccessorImpl.java:0), which has no missing parents
[2025-07-09T17:29:13.864+0000] {spark_submit.py:644} INFO - 25/07/09 17:29:13 INFO MemoryStore: Block broadcast_7 stored as values in memory (estimated size 15.0 KiB, free 434.1 MiB)
[2025-07-09T17:29:13.876+0000] {spark_submit.py:644} INFO - 25/07/09 17:29:13 INFO MemoryStore: Block broadcast_7_piece0 stored as bytes in memory (estimated size 7.2 KiB, free 434.1 MiB)
[2025-07-09T17:29:13.878+0000] {spark_submit.py:644} INFO - 25/07/09 17:29:13 INFO BlockManagerInfo: Added broadcast_7_piece0 in memory on 38b7408c68d7:40731 (size: 7.2 KiB, free: 434.3 MiB)
[2025-07-09T17:29:13.878+0000] {spark_submit.py:644} INFO - 25/07/09 17:29:13 INFO BlockManagerInfo: Removed broadcast_5_piece0 on 38b7408c68d7:40731 in memory (size: 5.9 KiB, free: 434.3 MiB)
[2025-07-09T17:29:13.879+0000] {spark_submit.py:644} INFO - 25/07/09 17:29:13 INFO SparkContext: Created broadcast 7 from broadcast at DAGScheduler.scala:1585
[2025-07-09T17:29:13.880+0000] {spark_submit.py:644} INFO - 25/07/09 17:29:13 INFO DAGScheduler: Submitting 1 missing tasks from ResultStage 6 (MapPartitionsRDD[15] at showString at NativeMethodAccessorImpl.java:0) (first 15 tasks are for partitions Vector(1))
[2025-07-09T17:29:13.881+0000] {spark_submit.py:644} INFO - 25/07/09 17:29:13 INFO TaskSchedulerImpl: Adding task set 6.0 with 1 tasks resource profile 0
[2025-07-09T17:29:13.882+0000] {spark_submit.py:644} INFO - 25/07/09 17:29:13 INFO BlockManagerInfo: Removed broadcast_5_piece0 on 172.19.0.7:37791 in memory (size: 5.9 KiB, free: 434.4 MiB)
[2025-07-09T17:29:13.883+0000] {spark_submit.py:644} INFO - 25/07/09 17:29:13 INFO TaskSetManager: Starting task 0.0 in stage 6.0 (TID 6) (172.19.0.7, executor 0, partition 1, PROCESS_LOCAL, 9259 bytes)
[2025-07-09T17:29:13.890+0000] {spark_submit.py:644} INFO - 25/07/09 17:29:13 INFO BlockManagerInfo: Removed broadcast_4_piece0 on 38b7408c68d7:40731 in memory (size: 8.4 KiB, free: 434.4 MiB)
[2025-07-09T17:29:13.894+0000] {spark_submit.py:644} INFO - 25/07/09 17:29:13 INFO BlockManagerInfo: Removed broadcast_4_piece0 on 172.19.0.7:37791 in memory (size: 8.4 KiB, free: 434.4 MiB)
[2025-07-09T17:29:13.901+0000] {spark_submit.py:644} INFO - 25/07/09 17:29:13 INFO BlockManagerInfo: Added broadcast_7_piece0 in memory on 172.19.0.7:37791 (size: 7.2 KiB, free: 434.4 MiB)
[2025-07-09T17:29:13.902+0000] {spark_submit.py:644} INFO - 25/07/09 17:29:13 INFO BlockManagerInfo: Removed broadcast_6_piece0 on 38b7408c68d7:40731 in memory (size: 7.2 KiB, free: 434.4 MiB)
[2025-07-09T17:29:13.904+0000] {spark_submit.py:644} INFO - 25/07/09 17:29:13 INFO BlockManagerInfo: Removed broadcast_6_piece0 on 172.19.0.7:37791 in memory (size: 7.2 KiB, free: 434.4 MiB)
[2025-07-09T17:29:13.930+0000] {spark_submit.py:644} INFO - 25/07/09 17:29:13 INFO BlockManagerInfo: Removed broadcast_2_piece0 on 38b7408c68d7:40731 in memory (size: 34.3 KiB, free: 434.4 MiB)
[2025-07-09T17:29:13.933+0000] {spark_submit.py:644} INFO - 25/07/09 17:29:13 INFO BlockManagerInfo: Removed broadcast_2_piece0 on 172.19.0.7:37791 in memory (size: 34.3 KiB, free: 434.4 MiB)
[2025-07-09T17:29:14.070+0000] {spark_submit.py:644} INFO - 25/07/09 17:29:14 INFO TaskSetManager: Finished task 0.0 in stage 6.0 (TID 6) in 189 ms on 172.19.0.7 (executor 0) (1/1)
[2025-07-09T17:29:14.071+0000] {spark_submit.py:644} INFO - 25/07/09 17:29:14 INFO TaskSchedulerImpl: Removed TaskSet 6.0, whose tasks have all completed, from pool
[2025-07-09T17:29:14.072+0000] {spark_submit.py:644} INFO - 25/07/09 17:29:14 INFO DAGScheduler: ResultStage 6 (showString at NativeMethodAccessorImpl.java:0) finished in 0.209 s
[2025-07-09T17:29:14.073+0000] {spark_submit.py:644} INFO - 25/07/09 17:29:14 INFO DAGScheduler: Job 5 is finished. Cancelling potential speculative or zombie tasks for this job
[2025-07-09T17:29:14.073+0000] {spark_submit.py:644} INFO - 25/07/09 17:29:14 INFO TaskSchedulerImpl: Killing all running tasks in stage 6: Stage finished
[2025-07-09T17:29:14.074+0000] {spark_submit.py:644} INFO - 25/07/09 17:29:14 INFO DAGScheduler: Job 5 finished: showString at NativeMethodAccessorImpl.java:0, took 0.213231 s
[2025-07-09T17:29:15.281+0000] {spark_submit.py:644} INFO - 25/07/09 17:29:15 INFO CodeGenerator: Code generated in 21.579421 ms
[2025-07-09T17:29:15.292+0000] {spark_submit.py:644} INFO - +-----------+-------+---------+------------+--------+-------------------+-------------------+----------+
[2025-07-09T17:29:15.292+0000] {spark_submit.py:644} INFO - |message_num|context|client_id|knowledge_id|group_id|latitude           |longitude          |pertinence|
[2025-07-09T17:29:15.293+0000] {spark_submit.py:644} INFO - +-----------+-------+---------+------------+--------+-------------------+-------------------+----------+
[2025-07-09T17:29:15.294+0000] {spark_submit.py:644} INFO - |1          |0      |1        |849         |1520    |-30.001141         |-55.016076000000005|1752002808|
[2025-07-09T17:29:15.294+0000] {spark_submit.py:644} INFO - |2          |1      |4        |19          |1121    |-30.001143000000003|-55.016078         |1752002809|
[2025-07-09T17:29:15.295+0000] {spark_submit.py:644} INFO - |3          |2      |1        |702         |1128    |-30.001141         |-55.016078         |1752002810|
[2025-07-09T17:29:15.295+0000] {spark_submit.py:644} INFO - |4          |3      |1        |926         |1329    |-30.001143000000003|-55.016076000000005|1752002811|
[2025-07-09T17:29:15.296+0000] {spark_submit.py:644} INFO - |5          |4      |2        |946         |1182    |-30.001143000000003|-55.016076000000005|1752002812|
[2025-07-09T17:29:15.296+0000] {spark_submit.py:644} INFO - |6          |5      |2        |309         |1759    |-30.001141         |-55.016078         |1752002813|
[2025-07-09T17:29:15.297+0000] {spark_submit.py:644} INFO - |7          |6      |2        |527         |132     |-30.001143000000003|-55.016076000000005|1752002814|
[2025-07-09T17:29:15.297+0000] {spark_submit.py:644} INFO - |8          |7      |2        |201         |1183    |-30.001143000000003|-55.016076000000005|1752002815|
[2025-07-09T17:29:15.298+0000] {spark_submit.py:644} INFO - |9          |8      |3        |646         |1207    |-30.001143000000003|-55.016076000000005|1752002816|
[2025-07-09T17:29:15.298+0000] {spark_submit.py:644} INFO - |10         |9      |1        |155         |326     |-30.001141         |-55.016076000000005|1752002817|
[2025-07-09T17:29:15.299+0000] {spark_submit.py:644} INFO - |11         |0      |1        |849         |1520    |-30.001141         |-55.016076000000005|1752002824|
[2025-07-09T17:29:15.299+0000] {spark_submit.py:644} INFO - +-----------+-------+---------+------------+--------+-------------------+-------------------+----------+
[2025-07-09T17:29:15.300+0000] {spark_submit.py:644} INFO - 
[2025-07-09T17:29:15.300+0000] {spark_submit.py:644} INFO - Processamento concluído com sucesso!
[2025-07-09T17:29:15.300+0000] {spark_submit.py:644} INFO - 25/07/09 17:29:15 INFO SparkContext: SparkContext is stopping with exitCode 0.
[2025-07-09T17:29:15.330+0000] {spark_submit.py:644} INFO - 25/07/09 17:29:15 INFO SparkUI: Stopped Spark web UI at http://38b7408c68d7:4040
[2025-07-09T17:29:15.333+0000] {spark_submit.py:644} INFO - 25/07/09 17:29:15 INFO StandaloneSchedulerBackend: Shutting down all executors
[2025-07-09T17:29:15.334+0000] {spark_submit.py:644} INFO - 25/07/09 17:29:15 INFO StandaloneSchedulerBackend$StandaloneDriverEndpoint: Asking each executor to shut down
[2025-07-09T17:29:15.388+0000] {spark_submit.py:644} INFO - 25/07/09 17:29:15 INFO MapOutputTrackerMasterEndpoint: MapOutputTrackerMasterEndpoint stopped!
[2025-07-09T17:29:15.420+0000] {spark_submit.py:644} INFO - 25/07/09 17:29:15 INFO MemoryStore: MemoryStore cleared
[2025-07-09T17:29:15.421+0000] {spark_submit.py:644} INFO - 25/07/09 17:29:15 INFO BlockManager: BlockManager stopped
[2025-07-09T17:29:15.425+0000] {spark_submit.py:644} INFO - 25/07/09 17:29:15 INFO BlockManagerMaster: BlockManagerMaster stopped
[2025-07-09T17:29:15.428+0000] {spark_submit.py:644} INFO - 25/07/09 17:29:15 INFO OutputCommitCoordinator$OutputCommitCoordinatorEndpoint: OutputCommitCoordinator stopped!
[2025-07-09T17:29:15.435+0000] {spark_submit.py:644} INFO - 25/07/09 17:29:15 INFO SparkContext: Successfully stopped SparkContext
[2025-07-09T17:29:16.173+0000] {spark_submit.py:644} INFO - 25/07/09 17:29:16 INFO ShutdownHookManager: Shutdown hook called
[2025-07-09T17:29:16.173+0000] {spark_submit.py:644} INFO - 25/07/09 17:29:16 INFO ShutdownHookManager: Deleting directory /tmp/spark-e27e6f6a-6b27-4052-9fbf-7e2fef32ea07
[2025-07-09T17:29:16.178+0000] {spark_submit.py:644} INFO - 25/07/09 17:29:16 INFO ShutdownHookManager: Deleting directory /tmp/spark-30621c17-15d7-4428-a58a-d82bc090c23e
[2025-07-09T17:29:16.181+0000] {spark_submit.py:644} INFO - 25/07/09 17:29:16 INFO ShutdownHookManager: Deleting directory /tmp/spark-30621c17-15d7-4428-a58a-d82bc090c23e/pyspark-76c99eaf-c8f8-4ed9-9237-d650f84fc604
[2025-07-09T17:29:16.230+0000] {taskinstance.py:349} INFO - ::group::Post task execution logs
[2025-07-09T17:29:16.230+0000] {taskinstance.py:361} INFO - Marking task as SUCCESS. dag_id=process_sword_messages, task_id=process_sword_messages, run_id=manual__2025-07-09T17:28:42.400748+00:00, execution_date=20250709T172842, start_date=20250709T172844, end_date=20250709T172916
[2025-07-09T17:29:16.368+0000] {local_task_job_runner.py:266} INFO - Task exited with return code 0
[2025-07-09T17:29:16.390+0000] {taskinstance.py:3924} INFO - 0 downstream tasks scheduled from follow-on schedule check
[2025-07-09T17:29:16.433+0000] {local_task_job_runner.py:245} INFO - ::endgroup::
