[2025-07-05T12:15:07.169+0000] {local_task_job_runner.py:123} INFO - ::group::Pre task execution logs
[2025-07-05T12:15:07.204+0000] {taskinstance.py:2631} INFO - Dependencies all met for dep_context=non-requeueable deps ti=<TaskInstance: process_exercises.identify_ready_exercises manual__2025-07-05T12:15:05.408946+00:00 [queued]>
[2025-07-05T12:15:07.213+0000] {taskinstance.py:2631} INFO - Dependencies all met for dep_context=requeueable deps ti=<TaskInstance: process_exercises.identify_ready_exercises manual__2025-07-05T12:15:05.408946+00:00 [queued]>
[2025-07-05T12:15:07.214+0000] {taskinstance.py:2884} INFO - Starting attempt 1 of 1
[2025-07-05T12:15:07.301+0000] {taskinstance.py:2907} INFO - Executing <Task(PythonOperator): identify_ready_exercises> on 2025-07-05 12:15:05.408946+00:00
[2025-07-05T12:15:07.328+0000] {logging_mixin.py:190} WARNING - /home/airflow/.local/lib/python3.12/site-packages/airflow/task/task_runner/standard_task_runner.py:70 DeprecationWarning: This process (pid=271) is multi-threaded, use of fork() may lead to deadlocks in the child.
[2025-07-05T12:15:07.332+0000] {standard_task_runner.py:72} INFO - Started process 277 to run task
[2025-07-05T12:15:07.329+0000] {standard_task_runner.py:104} INFO - Running: ['airflow', 'tasks', 'run', 'process_exercises', 'identify_ready_exercises', 'manual__2025-07-05T12:15:05.408946+00:00', '--job-id', '43', '--raw', '--subdir', 'DAGS_FOLDER/process_exercises.py', '--cfg-path', '/tmp/tmpszkj6gp7']
[2025-07-05T12:15:07.335+0000] {standard_task_runner.py:105} INFO - Job 43: Subtask identify_ready_exercises
[2025-07-05T12:15:07.468+0000] {task_command.py:467} INFO - Running <TaskInstance: process_exercises.identify_ready_exercises manual__2025-07-05T12:15:05.408946+00:00 [running]> on host acec215ad325
[2025-07-05T12:15:07.851+0000] {taskinstance.py:3157} INFO - Exporting env vars: AIRFLOW_CTX_DAG_OWNER='airflow' AIRFLOW_CTX_DAG_ID='process_exercises' AIRFLOW_CTX_TASK_ID='identify_ready_exercises' AIRFLOW_CTX_EXECUTION_DATE='2025-07-05T12:15:05.408946+00:00' AIRFLOW_CTX_TRY_NUMBER='1' AIRFLOW_CTX_DAG_RUN_ID='manual__2025-07-05T12:15:05.408946+00:00'
[2025-07-05T12:15:07.854+0000] {taskinstance.py:740} INFO - ::endgroup::
[2025-07-05T12:15:08.086+0000] {base.py:84} INFO - Retrieving connection 'minio-ebsim'
[2025-07-05T12:15:08.087+0000] {connection_wrapper.py:328} INFO - AWS Connection (conn_id='minio-ebsim', conn_type='aws') credentials retrieved from extra.
[2025-07-05T12:15:23.688+0000] {logging_mixin.py:190} INFO - [DAG] exercício pronto: CA-SUL-construtiva-5DE-2025-07-05
[2025-07-05T12:15:23.689+0000] {logging_mixin.py:190} INFO - ✅ [DAG] total de exercícios prontos: 1.
[2025-07-05T12:15:23.689+0000] {logging_mixin.py:190} INFO - ✅ [DAG] o exercício selecionado é CA-SUL-construtiva-5DE-2025-07-05.
[2025-07-05T12:15:23.691+0000] {python.py:240} INFO - Done. Returned value was: {'id': 'CA-SUL-construtiva-5DE-2025-07-05', 'metadata': {'id': 'CA-SUL-construtiva-5DE-2025-07-05', 'name': 'Jogo de Guerra', 'description': '5DE', 'simulationType': 'construtiva', 'origin': 'CA-SUL', 'startDate': '2025-07-05', 'endDate': '2025-07-06', 'trainedForce': '5 Divisão de Exército', 'wikiUrl': '', 'documents': [{'id': '1751717685645', 'name': 'Op Jacui IV - Ordem de Operacoes.pdf', 'description': '', 'path': 'exercises/CA-SUL-construtiva-5DE-2025-07-05/documents/Op Jacui IV - Ordem de Operacoes.pdf', 'size': 336744, 'mimetype': 'application/pdf', 'uploadedAt': '2025-07-05T12:14:45.645Z'}], 'simulations': [{'id': '172.19.0.6_2025-07-05', 'name': '172.19.0.6_2025-07-05', 'path': 'exercises/CA-SUL-construtiva-5DE-2025-07-05/simulations/172.19.0.6_2025-07-05', 'originalPath': 'staging/172.19.0.6_2025-07-05', 'movedAt': '2025-07-05T12:14:55.594Z'}], 'createdAt': '2025-07-05T12:14:26.092Z', 'updatedAt': '2025-07-05T12:14:55.594Z'}, 'manifest_entry': {'id': 'CA-SUL-construtiva-5DE-2025-07-05', 'data': {'origin': 'CA-SUL', 'path': 'exercises/CA-SUL-construtiva-5DE-2025-07-05', 'createdAt': '2025-07-05T12:14:26.092Z'}}}
[2025-07-05T12:15:23.793+0000] {taskinstance.py:349} INFO - ::group::Post task execution logs
[2025-07-05T12:15:23.794+0000] {taskinstance.py:361} INFO - Marking task as SUCCESS. dag_id=process_exercises, task_id=identify_ready_exercises, run_id=manual__2025-07-05T12:15:05.408946+00:00, execution_date=20250705T121505, start_date=20250705T121507, end_date=20250705T121523
[2025-07-05T12:15:23.968+0000] {local_task_job_runner.py:266} INFO - Task exited with return code 0
[2025-07-05T12:15:24.020+0000] {taskinstance.py:3924} INFO - 1 downstream tasks scheduled from follow-on schedule check
[2025-07-05T12:15:24.056+0000] {local_task_job_runner.py:245} INFO - ::endgroup::
