[2025-07-03T18:27:05.849+0000] {local_task_job_runner.py:123} INFO - ::group::Pre task execution logs
[2025-07-03T18:27:05.896+0000] {taskinstance.py:2631} INFO - Dependencies all met for dep_context=non-requeueable deps ti=<TaskInstance: process_exercises.identify_ready_exercises manual__2025-07-03T18:27:04.383971+00:00 [queued]>
[2025-07-03T18:27:05.905+0000] {taskinstance.py:2631} INFO - Dependencies all met for dep_context=requeueable deps ti=<TaskInstance: process_exercises.identify_ready_exercises manual__2025-07-03T18:27:04.383971+00:00 [queued]>
[2025-07-03T18:27:05.906+0000] {taskinstance.py:2884} INFO - Starting attempt 1 of 1
[2025-07-03T18:27:05.967+0000] {taskinstance.py:2907} INFO - Executing <Task(PythonOperator): identify_ready_exercises> on 2025-07-03 18:27:04.383971+00:00
[2025-07-03T18:27:05.979+0000] {logging_mixin.py:190} WARNING - /home/airflow/.local/lib/python3.12/site-packages/airflow/task/task_runner/standard_task_runner.py:70 DeprecationWarning: This process (pid=269) is multi-threaded, use of fork() may lead to deadlocks in the child.
[2025-07-03T18:27:05.981+0000] {standard_task_runner.py:72} INFO - Started process 270 to run task
[2025-07-03T18:27:05.978+0000] {standard_task_runner.py:104} INFO - Running: ['airflow', 'tasks', 'run', 'process_exercises', 'identify_ready_exercises', 'manual__2025-07-03T18:27:04.383971+00:00', '--job-id', '7', '--raw', '--subdir', 'DAGS_FOLDER/process_exercises.py', '--cfg-path', '/tmp/tmpv1mxg5c7']
[2025-07-03T18:27:05.982+0000] {standard_task_runner.py:105} INFO - Job 7: Subtask identify_ready_exercises
[2025-07-03T18:27:06.143+0000] {task_command.py:467} INFO - Running <TaskInstance: process_exercises.identify_ready_exercises manual__2025-07-03T18:27:04.383971+00:00 [running]> on host 1a82eaaf6423
[2025-07-03T18:27:06.342+0000] {taskinstance.py:3157} INFO - Exporting env vars: AIRFLOW_CTX_DAG_OWNER='airflow' AIRFLOW_CTX_DAG_ID='process_exercises' AIRFLOW_CTX_TASK_ID='identify_ready_exercises' AIRFLOW_CTX_EXECUTION_DATE='2025-07-03T18:27:04.383971+00:00' AIRFLOW_CTX_TRY_NUMBER='1' AIRFLOW_CTX_DAG_RUN_ID='manual__2025-07-03T18:27:04.383971+00:00'
[2025-07-03T18:27:06.344+0000] {taskinstance.py:740} INFO - ::endgroup::
[2025-07-03T18:27:06.391+0000] {base.py:84} INFO - Retrieving connection 'minio-ebsim'
[2025-07-03T18:27:06.392+0000] {connection_wrapper.py:391} INFO - AWS Connection (conn_id='minio-ebsim', conn_type='aws') credentials retrieved from extra.
[2025-07-03T18:27:06.837+0000] {logging_mixin.py:190} INFO - [DAG] exercício pronto: CA-LESTE-construtiva-1DE-2025-07-03
[2025-07-03T18:27:06.838+0000] {logging_mixin.py:190} INFO - ✅ [DAG] total de exercícios prontos: 1.
[2025-07-03T18:27:06.839+0000] {logging_mixin.py:190} INFO - ✅ [DAG] o exercício selecionado é CA-LESTE-construtiva-1DE-2025-07-03.
[2025-07-03T18:27:06.841+0000] {python.py:240} INFO - Done. Returned value was: {'id': 'CA-LESTE-construtiva-1DE-2025-07-03', 'metadata': {'id': 'CA-LESTE-construtiva-1DE-2025-07-03', 'name': 'Jogo de Guerra', 'description': '1DE', 'simulationType': 'construtiva', 'origin': 'CA-LESTE', 'startDate': '2025-07-03', 'endDate': '2025-07-04', 'trainedForce': '1 Divisão de Exército', 'wikiUrl': '', 'documents': [{'id': '1751564467848', 'name': 'Op Jacui IV - Ordem de Operacoes.pdf', 'description': '', 'path': 'exercises/CA-LESTE-construtiva-1DE-2025-07-03/documents/Op Jacui IV - Ordem de Operacoes.pdf', 'size': 336744, 'mimetype': 'application/pdf', 'uploadedAt': '2025-07-03T17:41:07.848Z'}], 'simulations': [{'id': '172.19.0.14_2025-07-03', 'name': '172.19.0.14_2025-07-03', 'path': 'exercises/CA-LESTE-construtiva-1DE-2025-07-03/simulations/172.19.0.14_2025-07-03', 'originalPath': 'staging/172.19.0.14_2025-07-03', 'movedAt': '2025-07-03T17:41:14.938Z'}], 'createdAt': '2025-07-03T17:40:55.255Z', 'updatedAt': '2025-07-03T17:41:14.938Z'}, 'manifest_entry': {'id': 'CA-LESTE-construtiva-1DE-2025-07-03', 'data': {'origin': 'CA-LESTE', 'path': 'exercises/CA-LESTE-construtiva-1DE-2025-07-03', 'createdAt': '2025-07-03T17:40:55.255Z'}}}
[2025-07-03T18:27:06.936+0000] {taskinstance.py:349} INFO - ::group::Post task execution logs
[2025-07-03T18:27:06.937+0000] {taskinstance.py:361} INFO - Marking task as SUCCESS. dag_id=process_exercises, task_id=identify_ready_exercises, run_id=manual__2025-07-03T18:27:04.383971+00:00, execution_date=20250703T182704, start_date=20250703T182705, end_date=20250703T182706
[2025-07-03T18:27:07.082+0000] {local_task_job_runner.py:266} INFO - Task exited with return code 0
[2025-07-03T18:27:07.124+0000] {taskinstance.py:3924} INFO - 1 downstream tasks scheduled from follow-on schedule check
[2025-07-03T18:27:07.194+0000] {local_task_job_runner.py:245} INFO - ::endgroup::
