[2025-07-08T13:12:58.104+0000] {local_task_job_runner.py:123} INFO - ::group::Pre task execution logs
[2025-07-08T13:12:58.143+0000] {taskinstance.py:2631} INFO - Dependencies all met for dep_context=non-requeueable deps ti=<TaskInstance: process_exercises.process_exercises manual__2025-07-08T13:12:52.799918+00:00 [queued]>
[2025-07-08T13:12:58.154+0000] {taskinstance.py:2631} INFO - Dependencies all met for dep_context=requeueable deps ti=<TaskInstance: process_exercises.process_exercises manual__2025-07-08T13:12:52.799918+00:00 [queued]>
[2025-07-08T13:12:58.155+0000] {taskinstance.py:2884} INFO - Starting attempt 1 of 1
[2025-07-08T13:12:58.260+0000] {taskinstance.py:2907} INFO - Executing <Task(SparkSubmitOperator): process_exercises> on 2025-07-08 13:12:52.799918+00:00
[2025-07-08T13:12:58.287+0000] {logging_mixin.py:190} WARNING - /home/airflow/.local/lib/python3.12/site-packages/airflow/task/task_runner/standard_task_runner.py:70 DeprecationWarning: This process (pid=562) is multi-threaded, use of fork() may lead to deadlocks in the child.
[2025-07-08T13:12:58.293+0000] {standard_task_runner.py:72} INFO - Started process 563 to run task
[2025-07-08T13:12:58.288+0000] {standard_task_runner.py:104} INFO - Running: ['airflow', 'tasks', 'run', 'process_exercises', 'process_exercises', 'manual__2025-07-08T13:12:52.799918+00:00', '--job-id', '135', '--raw', '--subdir', 'DAGS_FOLDER/process_exercises.py', '--cfg-path', '/tmp/tmp_c51j2fp']
[2025-07-08T13:12:58.298+0000] {standard_task_runner.py:105} INFO - Job 135: Subtask process_exercises
[2025-07-08T13:12:58.580+0000] {task_command.py:467} INFO - Running <TaskInstance: process_exercises.process_exercises manual__2025-07-08T13:12:52.799918+00:00 [running]> on host 3748f1b8240a
[2025-07-08T13:12:58.875+0000] {taskinstance.py:3157} INFO - Exporting env vars: AIRFLOW_CTX_DAG_OWNER='airflow' AIRFLOW_CTX_DAG_ID='process_exercises' AIRFLOW_CTX_TASK_ID='process_exercises' AIRFLOW_CTX_EXECUTION_DATE='2025-07-08T13:12:52.799918+00:00' AIRFLOW_CTX_TRY_NUMBER='1' AIRFLOW_CTX_DAG_RUN_ID='manual__2025-07-08T13:12:52.799918+00:00'
[2025-07-08T13:12:58.876+0000] {taskinstance.py:740} INFO - ::endgroup::
[2025-07-08T13:12:58.938+0000] {base.py:84} INFO - Retrieving connection 'spark-ebsim'
[2025-07-08T13:12:58.946+0000] {spark_submit.py:474} INFO - Spark-Submit cmd: spark-submit --master spark://spark-master:7077 --jars /opt/bitnami/spark/jars/iceberg-spark-runtime-3.5_2.12-1.8.1.jar,/opt/bitnami/spark/jars/nessie-spark-extensions-3.5_2.12-0.103.2.jar,/opt/bitnami/spark/jars/nessie-client-0.103.2.jar,/opt/bitnami/spark/jars/hadoop-aws-3.3.2.jar,/opt/bitnami/spark/jars/aws-java-sdk-bundle-1.12.262.jar, --name arrow-spark --deploy-mode client /opt/bitnami/spark/jobs/process_exercises_job.py {"id": "CA-SUL-construtiva-6DE-2025-07-08", "manifest_entry": {"data": {"createdAt": "2025-07-08T13:02:46.325Z", "origin": "CA-SUL", "path": "exercises/CA-SUL-construtiva-6DE-2025-07-08"}, "id": "CA-SUL-construtiva-6DE-2025-07-08"}, "metadata": {"createdAt": "2025-07-08T13:02:46.325Z", "description": "6DE", "documents": [{"description": "", "id": "1751979893598", "mimetype": "application/pdf", "name": "Op Jacui IV - Anexo A - Inteligencia.pdf", "path": "exercises/CA-SUL-construtiva-6DE-2025-07-08/documents/Op Jacui IV - Anexo A - Inteligencia.pdf", "size": 47523, "uploadedAt": "2025-07-08T13:04:53.598Z"}], "endDate": "2025-07-10", "id": "CA-SUL-construtiva-6DE-2025-07-08", "name": "Jogo de Guerra", "origin": "CA-SUL", "simulationType": "construtiva", "simulations": [{"id": "172.19.0.14_2025-07-08", "movedAt": "2025-07-08T13:05:04.531Z", "name": "172.19.0.14_2025-07-08", "originalPath": "staging/172.19.0.14_2025-07-08", "path": "exercises/CA-SUL-construtiva-6DE-2025-07-08/simulations/172.19.0.14_2025-07-08"}], "startDate": "2025-07-08", "trainedForce": "6 Divis\u00e3o de Ex\u00e9rcito", "updatedAt": "2025-07-08T13:05:04.532Z", "wikiUrl": ""}}
[2025-07-08T13:13:12.504+0000] {spark_submit.py:644} INFO - 25/07/08 13:13:12 WARN NativeCodeLoader: Unable to load native-hadoop library for your platform... using builtin-java classes where applicable
[2025-07-08T13:13:17.153+0000] {spark_submit.py:644} INFO - [PROCESS EXERCISES] ✅ sessão Spark iniciada com sucesso.
[2025-07-08T13:13:17.919+0000] {spark_submit.py:644} INFO - 25/07/08 13:13:17 INFO SparkContext: Running Spark version 3.5.5
[2025-07-08T13:13:17.921+0000] {spark_submit.py:644} INFO - 25/07/08 13:13:17 INFO SparkContext: OS info Linux, 5.15.167.4-microsoft-standard-WSL2, amd64
[2025-07-08T13:13:17.922+0000] {spark_submit.py:644} INFO - 25/07/08 13:13:17 INFO SparkContext: Java version 17.0.15
[2025-07-08T13:13:17.980+0000] {spark_submit.py:644} INFO - 25/07/08 13:13:17 INFO ResourceUtils: ==============================================================
[2025-07-08T13:13:17.981+0000] {spark_submit.py:644} INFO - 25/07/08 13:13:17 INFO ResourceUtils: No custom resources configured for spark.driver.
[2025-07-08T13:13:17.981+0000] {spark_submit.py:644} INFO - 25/07/08 13:13:17 INFO ResourceUtils: ==============================================================
[2025-07-08T13:13:17.982+0000] {spark_submit.py:644} INFO - 25/07/08 13:13:17 INFO SparkContext: Submitted application: ProcessExercises
[2025-07-08T13:13:18.044+0000] {spark_submit.py:644} INFO - 25/07/08 13:13:18 INFO ResourceProfile: Default ResourceProfile created, executor resources: Map(memory -> name: memory, amount: 1024, script: , vendor: , offHeap -> name: offHeap, amount: 0, script: , vendor: ), task resources: Map(cpus -> name: cpus, amount: 1.0)
[2025-07-08T13:13:18.054+0000] {spark_submit.py:644} INFO - 25/07/08 13:13:18 INFO ResourceProfile: Limiting resource is cpu
[2025-07-08T13:13:18.055+0000] {spark_submit.py:644} INFO - 25/07/08 13:13:18 INFO ResourceProfileManager: Added ResourceProfile id: 0
[2025-07-08T13:13:18.287+0000] {spark_submit.py:644} INFO - 25/07/08 13:13:18 INFO SecurityManager: Changing view acls to: airflow
[2025-07-08T13:13:18.288+0000] {spark_submit.py:644} INFO - 25/07/08 13:13:18 INFO SecurityManager: Changing modify acls to: airflow
[2025-07-08T13:13:18.288+0000] {spark_submit.py:644} INFO - 25/07/08 13:13:18 INFO SecurityManager: Changing view acls groups to:
[2025-07-08T13:13:18.289+0000] {spark_submit.py:644} INFO - 25/07/08 13:13:18 INFO SecurityManager: Changing modify acls groups to:
[2025-07-08T13:13:18.289+0000] {spark_submit.py:644} INFO - 25/07/08 13:13:18 INFO SecurityManager: SecurityManager: authentication disabled; ui acls disabled; users with view permissions: airflow; groups with view permissions: EMPTY; users with modify permissions: airflow; groups with modify permissions: EMPTY
[2025-07-08T13:13:19.121+0000] {spark_submit.py:644} INFO - 25/07/08 13:13:19 INFO Utils: Successfully started service 'sparkDriver' on port 33513.
[2025-07-08T13:13:19.289+0000] {spark_submit.py:644} INFO - 25/07/08 13:13:19 INFO SparkEnv: Registering MapOutputTracker
[2025-07-08T13:13:19.356+0000] {spark_submit.py:644} INFO - 25/07/08 13:13:19 INFO SparkEnv: Registering BlockManagerMaster
[2025-07-08T13:13:19.412+0000] {spark_submit.py:644} INFO - 25/07/08 13:13:19 INFO BlockManagerMasterEndpoint: Using org.apache.spark.storage.DefaultTopologyMapper for getting topology information
[2025-07-08T13:13:19.413+0000] {spark_submit.py:644} INFO - 25/07/08 13:13:19 INFO BlockManagerMasterEndpoint: BlockManagerMasterEndpoint up
[2025-07-08T13:13:19.429+0000] {spark_submit.py:644} INFO - 25/07/08 13:13:19 INFO SparkEnv: Registering BlockManagerMasterHeartbeat
[2025-07-08T13:13:19.497+0000] {spark_submit.py:644} INFO - 25/07/08 13:13:19 INFO DiskBlockManager: Created local directory at /tmp/blockmgr-8ea1700f-0764-4776-8284-b0b216f0a7b9
[2025-07-08T13:13:19.657+0000] {spark_submit.py:644} INFO - 25/07/08 13:13:19 INFO MemoryStore: MemoryStore started with capacity 434.4 MiB
[2025-07-08T13:13:19.679+0000] {spark_submit.py:644} INFO - 25/07/08 13:13:19 INFO SparkEnv: Registering OutputCommitCoordinator
[2025-07-08T13:13:20.357+0000] {spark_submit.py:644} INFO - 25/07/08 13:13:20 INFO JettyUtils: Start Jetty 0.0.0.0:4040 for SparkUI
[2025-07-08T13:13:20.473+0000] {spark_submit.py:644} INFO - 25/07/08 13:13:20 INFO Utils: Successfully started service 'SparkUI' on port 4040.
[2025-07-08T13:13:20.573+0000] {spark_submit.py:644} INFO - 25/07/08 13:13:20 INFO SparkContext: Added JAR file:///opt/bitnami/spark/jars/iceberg-spark-runtime-3.5_2.12-1.8.1.jar at spark://3748f1b8240a:33513/jars/iceberg-spark-runtime-3.5_2.12-1.8.1.jar with timestamp 1751980397817
[2025-07-08T13:13:20.574+0000] {spark_submit.py:644} INFO - 25/07/08 13:13:20 INFO SparkContext: Added JAR file:///opt/bitnami/spark/jars/nessie-spark-extensions-3.5_2.12-0.103.2.jar at spark://3748f1b8240a:33513/jars/nessie-spark-extensions-3.5_2.12-0.103.2.jar with timestamp 1751980397817
[2025-07-08T13:13:20.576+0000] {spark_submit.py:644} INFO - 25/07/08 13:13:20 INFO SparkContext: Added JAR file:///opt/bitnami/spark/jars/nessie-client-0.103.2.jar at spark://3748f1b8240a:33513/jars/nessie-client-0.103.2.jar with timestamp 1751980397817
[2025-07-08T13:13:20.577+0000] {spark_submit.py:644} INFO - 25/07/08 13:13:20 INFO SparkContext: Added JAR file:///opt/bitnami/spark/jars/hadoop-aws-3.3.2.jar at spark://3748f1b8240a:33513/jars/hadoop-aws-3.3.2.jar with timestamp 1751980397817
[2025-07-08T13:13:20.579+0000] {spark_submit.py:644} INFO - 25/07/08 13:13:20 INFO SparkContext: Added JAR file:///opt/bitnami/spark/jars/aws-java-sdk-bundle-1.12.262.jar at spark://3748f1b8240a:33513/jars/aws-java-sdk-bundle-1.12.262.jar with timestamp 1751980397817
[2025-07-08T13:13:20.789+0000] {spark_submit.py:644} INFO - 25/07/08 13:13:20 INFO StandaloneAppClient$ClientEndpoint: Connecting to master spark://spark-master:7077...
[2025-07-08T13:13:21.087+0000] {spark_submit.py:644} INFO - 25/07/08 13:13:21 INFO TransportClientFactory: Successfully created connection to spark-master/172.19.0.2:7077 after 231 ms (0 ms spent in bootstraps)
[2025-07-08T13:13:21.455+0000] {spark_submit.py:644} INFO - 25/07/08 13:13:21 INFO StandaloneSchedulerBackend: Connected to Spark cluster with app ID app-20250708131321-0001
[2025-07-08T13:13:21.465+0000] {spark_submit.py:644} INFO - 25/07/08 13:13:21 INFO StandaloneAppClient$ClientEndpoint: Executor added: app-20250708131321-0001/0 on worker-20250708130010-172.19.0.8-33627 (172.19.0.8:33627) with 2 core(s)
[2025-07-08T13:13:21.470+0000] {spark_submit.py:644} INFO - 25/07/08 13:13:21 INFO StandaloneSchedulerBackend: Granted executor ID app-20250708131321-0001/0 on hostPort 172.19.0.8:33627 with 2 core(s), 1024.0 MiB RAM
[2025-07-08T13:13:21.488+0000] {spark_submit.py:644} INFO - 25/07/08 13:13:21 INFO Utils: Successfully started service 'org.apache.spark.network.netty.NettyBlockTransferService' on port 37419.
[2025-07-08T13:13:21.489+0000] {spark_submit.py:644} INFO - 25/07/08 13:13:21 INFO NettyBlockTransferService: Server created on 3748f1b8240a:37419
[2025-07-08T13:13:21.491+0000] {spark_submit.py:644} INFO - 25/07/08 13:13:21 INFO BlockManager: Using org.apache.spark.storage.RandomBlockReplicationPolicy for block replication policy
[2025-07-08T13:13:21.545+0000] {spark_submit.py:644} INFO - 25/07/08 13:13:21 INFO BlockManagerMaster: Registering BlockManager BlockManagerId(driver, 3748f1b8240a, 37419, None)
[2025-07-08T13:13:21.549+0000] {spark_submit.py:644} INFO - 25/07/08 13:13:21 INFO BlockManagerMasterEndpoint: Registering block manager 3748f1b8240a:37419 with 434.4 MiB RAM, BlockManagerId(driver, 3748f1b8240a, 37419, None)
[2025-07-08T13:13:21.556+0000] {spark_submit.py:644} INFO - 25/07/08 13:13:21 INFO BlockManagerMaster: Registered BlockManager BlockManagerId(driver, 3748f1b8240a, 37419, None)
[2025-07-08T13:13:21.557+0000] {spark_submit.py:644} INFO - 25/07/08 13:13:21 INFO BlockManager: Initialized BlockManager: BlockManagerId(driver, 3748f1b8240a, 37419, None)
[2025-07-08T13:13:21.558+0000] {spark_submit.py:644} INFO - 25/07/08 13:13:21 INFO StandaloneAppClient$ClientEndpoint: Executor updated: app-20250708131321-0001/0 is now RUNNING
[2025-07-08T13:13:22.338+0000] {spark_submit.py:644} INFO - 25/07/08 13:13:22 INFO StandaloneSchedulerBackend: SchedulerBackend is ready for scheduling beginning after reached minRegisteredResourcesRatio: 0.0
[2025-07-08T13:13:23.830+0000] {spark_submit.py:644} INFO - 25/07/08 13:13:23 INFO SharedState: Setting hive.metastore.warehouse.dir ('null') to the value of spark.sql.warehouse.dir.
[2025-07-08T13:13:23.834+0000] {spark_submit.py:644} INFO - 25/07/08 13:13:23 INFO SharedState: Warehouse path is 'file:/opt/airflow/spark-warehouse'.
[2025-07-08T13:13:33.269+0000] {spark_submit.py:644} INFO - 25/07/08 13:13:33 INFO CatalogUtil: Loading custom FileIO implementation: org.apache.iceberg.hadoop.HadoopFileIO
[2025-07-08T13:13:35.403+0000] {spark_submit.py:644} INFO - 25/07/08 13:13:35 WARN MetricsConfig: Cannot locate configuration: tried hadoop-metrics2-s3a-file-system.properties,hadoop-metrics2.properties
[2025-07-08T13:13:35.414+0000] {spark_submit.py:644} INFO - 25/07/08 13:13:35 INFO MetricsSystemImpl: Scheduled Metric snapshot period at 10 second(s).
[2025-07-08T13:13:35.414+0000] {spark_submit.py:644} INFO - 25/07/08 13:13:35 INFO MetricsSystemImpl: s3a-file-system metrics system started
[2025-07-08T13:13:36.609+0000] {spark_submit.py:644} INFO - 25/07/08 13:13:36 INFO StandaloneSchedulerBackend$StandaloneDriverEndpoint: Registered executor NettyRpcEndpointRef(spark-client://Executor) (172.19.0.8:52860) with ID 0,  ResourceProfileId 0
[2025-07-08T13:13:36.748+0000] {spark_submit.py:644} INFO - 25/07/08 13:13:36 INFO BlockManagerMasterEndpoint: Registering block manager 172.19.0.8:37861 with 434.4 MiB RAM, BlockManagerId(0, 172.19.0.8, 37861, None)
[2025-07-08T13:13:37.647+0000] {spark_submit.py:644} INFO - 25/07/08 13:13:37 INFO InMemoryFileIndex: It took 115 ms to list leaf files for 1 paths.
[2025-07-08T13:13:38.230+0000] {spark_submit.py:644} INFO - 25/07/08 13:13:38 INFO FileSourceStrategy: Pushed Filters:
[2025-07-08T13:13:38.233+0000] {spark_submit.py:644} INFO - 25/07/08 13:13:38 INFO FileSourceStrategy: Post-Scan Filters:
[2025-07-08T13:13:39.395+0000] {spark_submit.py:644} INFO - 25/07/08 13:13:39 INFO CodeGenerator: Code generated in 481.872303 ms
[2025-07-08T13:13:39.546+0000] {spark_submit.py:644} INFO - 25/07/08 13:13:39 INFO MemoryStore: Block broadcast_0 stored as values in memory (estimated size 203.5 KiB, free 434.2 MiB)
[2025-07-08T13:13:39.670+0000] {spark_submit.py:644} INFO - 25/07/08 13:13:39 INFO MemoryStore: Block broadcast_0_piece0 stored as bytes in memory (estimated size 35.7 KiB, free 434.2 MiB)
[2025-07-08T13:13:39.676+0000] {spark_submit.py:644} INFO - 25/07/08 13:13:39 INFO BlockManagerInfo: Added broadcast_0_piece0 in memory on 3748f1b8240a:37419 (size: 35.7 KiB, free: 434.4 MiB)
[2025-07-08T13:13:39.683+0000] {spark_submit.py:644} INFO - 25/07/08 13:13:39 INFO SparkContext: Created broadcast 0 from collect at /opt/bitnami/spark/jobs/process_exercises_job.py:195
[2025-07-08T13:13:39.747+0000] {spark_submit.py:644} INFO - 25/07/08 13:13:39 INFO FileSourceScanExec: Planning scan with bin packing, max size: 4194304 bytes, open cost is considered as scanning 4194304 bytes.
[2025-07-08T13:13:40.136+0000] {spark_submit.py:644} INFO - 25/07/08 13:13:40 INFO SparkContext: Starting job: collect at /opt/bitnami/spark/jobs/process_exercises_job.py:195
[2025-07-08T13:13:40.162+0000] {spark_submit.py:644} INFO - 25/07/08 13:13:40 INFO DAGScheduler: Got job 0 (collect at /opt/bitnami/spark/jobs/process_exercises_job.py:195) with 1 output partitions
[2025-07-08T13:13:40.163+0000] {spark_submit.py:644} INFO - 25/07/08 13:13:40 INFO DAGScheduler: Final stage: ResultStage 0 (collect at /opt/bitnami/spark/jobs/process_exercises_job.py:195)
[2025-07-08T13:13:40.164+0000] {spark_submit.py:644} INFO - 25/07/08 13:13:40 INFO DAGScheduler: Parents of final stage: List()
[2025-07-08T13:13:40.166+0000] {spark_submit.py:644} INFO - 25/07/08 13:13:40 INFO DAGScheduler: Missing parents: List()
[2025-07-08T13:13:40.171+0000] {spark_submit.py:644} INFO - 25/07/08 13:13:40 INFO DAGScheduler: Submitting ResultStage 0 (MapPartitionsRDD[5] at collect at /opt/bitnami/spark/jobs/process_exercises_job.py:195), which has no missing parents
[2025-07-08T13:13:40.306+0000] {spark_submit.py:644} INFO - 25/07/08 13:13:40 INFO MemoryStore: Block broadcast_1 stored as values in memory (estimated size 26.8 KiB, free 434.1 MiB)
[2025-07-08T13:13:40.316+0000] {spark_submit.py:644} INFO - 25/07/08 13:13:40 INFO MemoryStore: Block broadcast_1_piece0 stored as bytes in memory (estimated size 13.3 KiB, free 434.1 MiB)
[2025-07-08T13:13:40.317+0000] {spark_submit.py:644} INFO - 25/07/08 13:13:40 INFO BlockManagerInfo: Added broadcast_1_piece0 in memory on 3748f1b8240a:37419 (size: 13.3 KiB, free: 434.4 MiB)
[2025-07-08T13:13:40.318+0000] {spark_submit.py:644} INFO - 25/07/08 13:13:40 INFO SparkContext: Created broadcast 1 from broadcast at DAGScheduler.scala:1585
[2025-07-08T13:13:40.339+0000] {spark_submit.py:644} INFO - 25/07/08 13:13:40 INFO DAGScheduler: Submitting 1 missing tasks from ResultStage 0 (MapPartitionsRDD[5] at collect at /opt/bitnami/spark/jobs/process_exercises_job.py:195) (first 15 tasks are for partitions Vector(0))
[2025-07-08T13:13:40.341+0000] {spark_submit.py:644} INFO - 25/07/08 13:13:40 INFO TaskSchedulerImpl: Adding task set 0.0 with 1 tasks resource profile 0
[2025-07-08T13:13:46.511+0000] {spark_submit.py:644} INFO - 25/07/08 13:13:46 INFO TaskSetManager: Starting task 0.0 in stage 0.0 (TID 0) (172.19.0.8, executor 0, partition 0, PROCESS_LOCAL, 10202 bytes)
[2025-07-08T13:13:52.093+0000] {spark_submit.py:644} INFO - 25/07/08 13:13:52 INFO BlockManagerInfo: Added broadcast_1_piece0 in memory on 172.19.0.8:37861 (size: 13.3 KiB, free: 434.4 MiB)
[2025-07-08T13:14:00.779+0000] {spark_submit.py:644} INFO - 25/07/08 13:14:00 INFO BlockManagerInfo: Added broadcast_0_piece0 in memory on 172.19.0.8:37861 (size: 35.7 KiB, free: 434.4 MiB)
[2025-07-08T13:14:13.077+0000] {spark_submit.py:644} INFO - 25/07/08 13:14:13 INFO TaskSetManager: Finished task 0.0 in stage 0.0 (TID 0) in 26575 ms on 172.19.0.8 (executor 0) (1/1)
[2025-07-08T13:14:13.079+0000] {spark_submit.py:644} INFO - 25/07/08 13:14:13 INFO TaskSchedulerImpl: Removed TaskSet 0.0, whose tasks have all completed, from pool
[2025-07-08T13:14:13.082+0000] {spark_submit.py:644} INFO - 25/07/08 13:14:13 INFO PythonAccumulatorV2: Connected to AccumulatorServer at host: 127.0.0.1 port: 49471
[2025-07-08T13:14:13.085+0000] {spark_submit.py:644} INFO - 25/07/08 13:14:13 INFO DAGScheduler: ResultStage 0 (collect at /opt/bitnami/spark/jobs/process_exercises_job.py:195) finished in 32.785 s
[2025-07-08T13:14:13.090+0000] {spark_submit.py:644} INFO - 25/07/08 13:14:13 INFO DAGScheduler: Job 0 is finished. Cancelling potential speculative or zombie tasks for this job
[2025-07-08T13:14:13.091+0000] {spark_submit.py:644} INFO - 25/07/08 13:14:13 INFO TaskSchedulerImpl: Killing all running tasks in stage 0: Stage finished
[2025-07-08T13:14:13.093+0000] {spark_submit.py:644} INFO - 25/07/08 13:14:13 INFO DAGScheduler: Job 0 finished: collect at /opt/bitnami/spark/jobs/process_exercises_job.py:195, took 32.961658 s
[2025-07-08T13:14:14.574+0000] {spark_submit.py:644} INFO - 25/07/08 13:14:14 INFO InMemoryFileIndex: It took 16 ms to list leaf files for 1 paths.
[2025-07-08T13:14:14.635+0000] {spark_submit.py:644} INFO - 25/07/08 13:14:14 INFO FileSourceStrategy: Pushed Filters:
[2025-07-08T13:14:14.635+0000] {spark_submit.py:644} INFO - 25/07/08 13:14:14 INFO FileSourceStrategy: Post-Scan Filters:
[2025-07-08T13:14:14.645+0000] {spark_submit.py:644} INFO - 25/07/08 13:14:14 INFO MemoryStore: Block broadcast_2 stored as values in memory (estimated size 203.7 KiB, free 433.9 MiB)
[2025-07-08T13:14:14.672+0000] {spark_submit.py:644} INFO - 25/07/08 13:14:14 INFO MemoryStore: Block broadcast_2_piece0 stored as bytes in memory (estimated size 35.7 KiB, free 433.9 MiB)
[2025-07-08T13:14:14.678+0000] {spark_submit.py:644} INFO - 25/07/08 13:14:14 INFO BlockManagerInfo: Added broadcast_2_piece0 in memory on 3748f1b8240a:37419 (size: 35.7 KiB, free: 434.3 MiB)
[2025-07-08T13:14:14.679+0000] {spark_submit.py:644} INFO - 25/07/08 13:14:14 INFO SparkContext: Created broadcast 2 from collect at /opt/bitnami/spark/jobs/process_exercises_job.py:311
[2025-07-08T13:14:14.681+0000] {spark_submit.py:644} INFO - 25/07/08 13:14:14 INFO FileSourceScanExec: Planning scan with bin packing, max size: 8390298 bytes, open cost is considered as scanning 4194304 bytes.
[2025-07-08T13:14:14.724+0000] {spark_submit.py:644} INFO - 25/07/08 13:14:14 INFO BlockManagerInfo: Removed broadcast_1_piece0 on 172.19.0.8:37861 in memory (size: 13.3 KiB, free: 434.4 MiB)
[2025-07-08T13:14:14.732+0000] {spark_submit.py:644} INFO - 25/07/08 13:14:14 INFO BlockManagerInfo: Removed broadcast_1_piece0 on 3748f1b8240a:37419 in memory (size: 13.3 KiB, free: 434.3 MiB)
[2025-07-08T13:14:14.747+0000] {spark_submit.py:644} INFO - 25/07/08 13:14:14 INFO SparkContext: Starting job: collect at /opt/bitnami/spark/jobs/process_exercises_job.py:311
[2025-07-08T13:14:14.754+0000] {spark_submit.py:644} INFO - 25/07/08 13:14:14 INFO DAGScheduler: Got job 1 (collect at /opt/bitnami/spark/jobs/process_exercises_job.py:311) with 2 output partitions
[2025-07-08T13:14:14.755+0000] {spark_submit.py:644} INFO - 25/07/08 13:14:14 INFO DAGScheduler: Final stage: ResultStage 1 (collect at /opt/bitnami/spark/jobs/process_exercises_job.py:311)
[2025-07-08T13:14:14.756+0000] {spark_submit.py:644} INFO - 25/07/08 13:14:14 INFO DAGScheduler: Parents of final stage: List()
[2025-07-08T13:14:14.756+0000] {spark_submit.py:644} INFO - 25/07/08 13:14:14 INFO DAGScheduler: Missing parents: List()
[2025-07-08T13:14:14.757+0000] {spark_submit.py:644} INFO - 25/07/08 13:14:14 INFO DAGScheduler: Submitting ResultStage 1 (MapPartitionsRDD[13] at collect at /opt/bitnami/spark/jobs/process_exercises_job.py:311), which has no missing parents
[2025-07-08T13:14:14.758+0000] {spark_submit.py:644} INFO - 25/07/08 13:14:14 INFO MemoryStore: Block broadcast_3 stored as values in memory (estimated size 9.4 KiB, free 433.9 MiB)
[2025-07-08T13:14:14.760+0000] {spark_submit.py:644} INFO - 25/07/08 13:14:14 INFO MemoryStore: Block broadcast_3_piece0 stored as bytes in memory (estimated size 4.7 KiB, free 433.9 MiB)
[2025-07-08T13:14:14.761+0000] {spark_submit.py:644} INFO - 25/07/08 13:14:14 INFO BlockManagerInfo: Added broadcast_3_piece0 in memory on 3748f1b8240a:37419 (size: 4.7 KiB, free: 434.3 MiB)
[2025-07-08T13:14:14.762+0000] {spark_submit.py:644} INFO - 25/07/08 13:14:14 INFO SparkContext: Created broadcast 3 from broadcast at DAGScheduler.scala:1585
[2025-07-08T13:14:14.763+0000] {spark_submit.py:644} INFO - 25/07/08 13:14:14 INFO DAGScheduler: Submitting 2 missing tasks from ResultStage 1 (MapPartitionsRDD[13] at collect at /opt/bitnami/spark/jobs/process_exercises_job.py:311) (first 15 tasks are for partitions Vector(0, 1))
[2025-07-08T13:14:14.764+0000] {spark_submit.py:644} INFO - 25/07/08 13:14:14 INFO TaskSchedulerImpl: Adding task set 1.0 with 2 tasks resource profile 0
[2025-07-08T13:14:14.766+0000] {spark_submit.py:644} INFO - 25/07/08 13:14:14 INFO TaskSetManager: Starting task 0.0 in stage 1.0 (TID 1) (172.19.0.8, executor 0, partition 0, PROCESS_LOCAL, 10376 bytes)
[2025-07-08T13:14:14.822+0000] {spark_submit.py:644} INFO - 25/07/08 13:14:14 INFO TaskSetManager: Starting task 1.0 in stage 1.0 (TID 2) (172.19.0.8, executor 0, partition 1, PROCESS_LOCAL, 10379 bytes)
[2025-07-08T13:14:14.834+0000] {spark_submit.py:644} INFO - 25/07/08 13:14:14 INFO BlockManagerInfo: Added broadcast_3_piece0 in memory on 172.19.0.8:37861 (size: 4.7 KiB, free: 434.4 MiB)
[2025-07-08T13:14:14.870+0000] {spark_submit.py:644} INFO - 25/07/08 13:14:14 INFO BlockManagerInfo: Added broadcast_2_piece0 in memory on 172.19.0.8:37861 (size: 35.7 KiB, free: 434.3 MiB)
[2025-07-08T13:14:14.934+0000] {spark_submit.py:644} INFO - 25/07/08 13:14:14 INFO TaskSetManager: Finished task 0.0 in stage 1.0 (TID 1) in 169 ms on 172.19.0.8 (executor 0) (1/2)
[2025-07-08T13:14:14.936+0000] {spark_submit.py:644} INFO - 25/07/08 13:14:14 INFO TaskSetManager: Finished task 1.0 in stage 1.0 (TID 2) in 170 ms on 172.19.0.8 (executor 0) (2/2)
[2025-07-08T13:14:14.937+0000] {spark_submit.py:644} INFO - 25/07/08 13:14:14 INFO TaskSchedulerImpl: Removed TaskSet 1.0, whose tasks have all completed, from pool
[2025-07-08T13:14:14.938+0000] {spark_submit.py:644} INFO - 25/07/08 13:14:14 INFO DAGScheduler: ResultStage 1 (collect at /opt/bitnami/spark/jobs/process_exercises_job.py:311) finished in 0.184 s
[2025-07-08T13:14:14.939+0000] {spark_submit.py:644} INFO - 25/07/08 13:14:14 INFO DAGScheduler: Job 1 is finished. Cancelling potential speculative or zombie tasks for this job
[2025-07-08T13:14:14.939+0000] {spark_submit.py:644} INFO - 25/07/08 13:14:14 INFO TaskSchedulerImpl: Killing all running tasks in stage 1: Stage finished
[2025-07-08T13:14:14.940+0000] {spark_submit.py:644} INFO - 25/07/08 13:14:14 INFO DAGScheduler: Job 1 finished: collect at /opt/bitnami/spark/jobs/process_exercises_job.py:311, took 0.190857 s
[2025-07-08T13:14:15.025+0000] {spark_submit.py:644} INFO - 25/07/08 13:14:15 INFO InMemoryFileIndex: It took 15 ms to list leaf files for 1 paths.
[2025-07-08T13:14:15.153+0000] {spark_submit.py:644} INFO - ===========PROCESSED========= DataFrame[path: string, modificationTime: timestamp, length: bigint, content: binary, proto_data: array<struct<context:int,client_id:int,knowledge_id:int,group_id:int,latitude:double,longitude:double,altitude:double,timestamp:bigint>>]
[2025-07-08T13:14:15.154+0000] {spark_submit.py:644} INFO - [PROCESS EXERCISES] ❌ erro durante processamento em main(): 'NoneType' object has no attribute 'show'
[2025-07-08T13:14:15.155+0000] {spark_submit.py:644} INFO - [PROCESS EXERCISES] ✅ sessão Spark terminada com sucesso.
[2025-07-08T13:14:15.156+0000] {spark_submit.py:644} INFO - 25/07/08 13:14:15 INFO SparkContext: SparkContext is stopping with exitCode 0.
[2025-07-08T13:14:15.166+0000] {spark_submit.py:644} INFO - 25/07/08 13:14:15 INFO SparkUI: Stopped Spark web UI at http://3748f1b8240a:4040
[2025-07-08T13:14:15.171+0000] {spark_submit.py:644} INFO - 25/07/08 13:14:15 INFO StandaloneSchedulerBackend: Shutting down all executors
[2025-07-08T13:14:15.172+0000] {spark_submit.py:644} INFO - 25/07/08 13:14:15 INFO StandaloneSchedulerBackend$StandaloneDriverEndpoint: Asking each executor to shut down
[2025-07-08T13:14:15.201+0000] {spark_submit.py:644} INFO - 25/07/08 13:14:15 INFO MapOutputTrackerMasterEndpoint: MapOutputTrackerMasterEndpoint stopped!
[2025-07-08T13:14:15.232+0000] {spark_submit.py:644} INFO - 25/07/08 13:14:15 INFO MemoryStore: MemoryStore cleared
[2025-07-08T13:14:15.233+0000] {spark_submit.py:644} INFO - 25/07/08 13:14:15 INFO BlockManager: BlockManager stopped
[2025-07-08T13:14:15.237+0000] {spark_submit.py:644} INFO - 25/07/08 13:14:15 INFO BlockManagerMaster: BlockManagerMaster stopped
[2025-07-08T13:14:15.254+0000] {spark_submit.py:644} INFO - 25/07/08 13:14:15 INFO OutputCommitCoordinator$OutputCommitCoordinatorEndpoint: OutputCommitCoordinator stopped!
[2025-07-08T13:14:15.263+0000] {spark_submit.py:644} INFO - 25/07/08 13:14:15 INFO SparkContext: Successfully stopped SparkContext
[2025-07-08T13:14:16.090+0000] {spark_submit.py:644} INFO - [PROCESS EXERCISES] ❌ erro durante processamento em main(): 'NoneType' object has no attribute 'show'
[2025-07-08T13:14:16.214+0000] {spark_submit.py:644} INFO - 25/07/08 13:14:16 INFO ShutdownHookManager: Shutdown hook called
[2025-07-08T13:14:16.215+0000] {spark_submit.py:644} INFO - 25/07/08 13:14:16 INFO ShutdownHookManager: Deleting directory /tmp/spark-8fd61490-0328-4b85-ad30-19a9d495fb3d/pyspark-52bbf629-60da-4c77-85c0-1c5f9825eb3a
[2025-07-08T13:14:16.220+0000] {spark_submit.py:644} INFO - 25/07/08 13:14:16 INFO ShutdownHookManager: Deleting directory /tmp/spark-8fd61490-0328-4b85-ad30-19a9d495fb3d
[2025-07-08T13:14:16.225+0000] {spark_submit.py:644} INFO - 25/07/08 13:14:16 INFO ShutdownHookManager: Deleting directory /tmp/spark-090f81c0-019b-40ff-8c2c-6c5fa3256c2a
[2025-07-08T13:14:16.233+0000] {spark_submit.py:644} INFO - 25/07/08 13:14:16 INFO MetricsSystemImpl: Stopping s3a-file-system metrics system...
[2025-07-08T13:14:16.233+0000] {spark_submit.py:644} INFO - 25/07/08 13:14:16 INFO MetricsSystemImpl: s3a-file-system metrics system stopped.
[2025-07-08T13:14:16.234+0000] {spark_submit.py:644} INFO - 25/07/08 13:14:16 INFO MetricsSystemImpl: s3a-file-system metrics system shutdown complete.
[2025-07-08T13:14:16.628+0000] {taskinstance.py:3336} ERROR - Task failed with exception
Traceback (most recent call last):
  File "/home/airflow/.local/lib/python3.12/site-packages/airflow/models/taskinstance.py", line 776, in _execute_task
    result = _execute_callable(context=context, **execute_callable_kwargs)
             ^^^^^^^^^^^^^^^^^^^^^^^^^^^^^^^^^^^^^^^^^^^^^^^^^^^^^^^^^^^^^
  File "/home/airflow/.local/lib/python3.12/site-packages/airflow/models/taskinstance.py", line 742, in _execute_callable
    return ExecutionCallableRunner(
           ^^^^^^^^^^^^^^^^^^^^^^^^
  File "/home/airflow/.local/lib/python3.12/site-packages/airflow/utils/operator_helpers.py", line 252, in run
    return self.func(*args, **kwargs)
           ^^^^^^^^^^^^^^^^^^^^^^^^^^
  File "/home/airflow/.local/lib/python3.12/site-packages/airflow/models/baseoperator.py", line 424, in wrapper
    return func(self, *args, **kwargs)
           ^^^^^^^^^^^^^^^^^^^^^^^^^^^
  File "/home/airflow/.local/lib/python3.12/site-packages/airflow/providers/apache/spark/operators/spark_submit.py", line 197, in execute
    self._hook.submit(self.application)
  File "/home/airflow/.local/lib/python3.12/site-packages/airflow/providers/apache/spark/hooks/spark_submit.py", line 566, in submit
    raise AirflowException(
airflow.exceptions.AirflowException: Cannot execute: spark-submit --master spark://spark-master:7077 --jars /opt/bitnami/spark/jars/iceberg-spark-runtime-3.5_2.12-1.8.1.jar,/opt/bitnami/spark/jars/nessie-spark-extensions-3.5_2.12-0.103.2.jar,/opt/bitnami/spark/jars/nessie-client-0.103.2.jar,/opt/bitnami/spark/jars/hadoop-aws-3.3.2.jar,/opt/bitnami/spark/jars/aws-java-sdk-bundle-1.12.262.jar, --name arrow-spark --deploy-mode client /opt/bitnami/spark/jobs/process_exercises_job.py {"id": "CA-SUL-construtiva-6DE-2025-07-08", "manifest_entry": {"data": {"createdAt": "2025-07-08T13:02:46.325Z", "origin": "CA-SUL", "path": "exercises/CA-SUL-construtiva-6DE-2025-07-08"}, "id": "CA-SUL-construtiva-6DE-2025-07-08"}, "metadata": {"createdAt": "2025-07-08T13:02:46.325Z", "description": "6DE", "documents": [{"description": "", "id": "1751979893598", "mimetype": "application/pdf", "name": "Op Jacui IV - Anexo A - Inteligencia.pdf", "path": "exercises/CA-SUL-construtiva-6DE-2025-07-08/documents/Op Jacui IV - Anexo A - Inteligencia.pdf", "size": 47523, "uploadedAt": "2025-07-08T13:04:53.598Z"}], "endDate": "2025-07-10", "id": "CA-SUL-construtiva-6DE-2025-07-08", "name": "Jogo de Guerra", "origin": "CA-SUL", "simulationType": "construtiva", "simulations": [{"id": "172.19.0.14_2025-07-08", "movedAt": "2025-07-08T13:05:04.531Z", "name": "172.19.0.14_2025-07-08", "originalPath": "staging/172.19.0.14_2025-07-08", "path": "exercises/CA-SUL-construtiva-6DE-2025-07-08/simulations/172.19.0.14_2025-07-08"}], "startDate": "2025-07-08", "trainedForce": "6 Divis\u00e3o de Ex\u00e9rcito", "updatedAt": "2025-07-08T13:05:04.532Z", "wikiUrl": ""}}. Error code is: 1.
[2025-07-08T13:14:16.634+0000] {taskinstance.py:1242} INFO - Marking task as FAILED. dag_id=process_exercises, task_id=process_exercises, run_id=manual__2025-07-08T13:12:52.799918+00:00, execution_date=20250708T131252, start_date=20250708T131258, end_date=20250708T131416
[2025-07-08T13:14:16.797+0000] {taskinstance.py:349} INFO - ::group::Post task execution logs
[2025-07-08T13:14:16.801+0000] {standard_task_runner.py:124} ERROR - Failed to execute job 135 for task process_exercises (Cannot execute: spark-submit --master spark://spark-master:7077 --jars /opt/bitnami/spark/jars/iceberg-spark-runtime-3.5_2.12-1.8.1.jar,/opt/bitnami/spark/jars/nessie-spark-extensions-3.5_2.12-0.103.2.jar,/opt/bitnami/spark/jars/nessie-client-0.103.2.jar,/opt/bitnami/spark/jars/hadoop-aws-3.3.2.jar,/opt/bitnami/spark/jars/aws-java-sdk-bundle-1.12.262.jar, --name arrow-spark --deploy-mode client /opt/bitnami/spark/jobs/process_exercises_job.py {"id": "CA-SUL-construtiva-6DE-2025-07-08", "manifest_entry": {"data": {"createdAt": "2025-07-08T13:02:46.325Z", "origin": "CA-SUL", "path": "exercises/CA-SUL-construtiva-6DE-2025-07-08"}, "id": "CA-SUL-construtiva-6DE-2025-07-08"}, "metadata": {"createdAt": "2025-07-08T13:02:46.325Z", "description": "6DE", "documents": [{"description": "", "id": "1751979893598", "mimetype": "application/pdf", "name": "Op Jacui IV - Anexo A - Inteligencia.pdf", "path": "exercises/CA-SUL-construtiva-6DE-2025-07-08/documents/Op Jacui IV - Anexo A - Inteligencia.pdf", "size": 47523, "uploadedAt": "2025-07-08T13:04:53.598Z"}], "endDate": "2025-07-10", "id": "CA-SUL-construtiva-6DE-2025-07-08", "name": "Jogo de Guerra", "origin": "CA-SUL", "simulationType": "construtiva", "simulations": [{"id": "172.19.0.14_2025-07-08", "movedAt": "2025-07-08T13:05:04.531Z", "name": "172.19.0.14_2025-07-08", "originalPath": "staging/172.19.0.14_2025-07-08", "path": "exercises/CA-SUL-construtiva-6DE-2025-07-08/simulations/172.19.0.14_2025-07-08"}], "startDate": "2025-07-08", "trainedForce": "6 Divis\u00e3o de Ex\u00e9rcito", "updatedAt": "2025-07-08T13:05:04.532Z", "wikiUrl": ""}}. Error code is: 1.; 563)
Traceback (most recent call last):
  File "/home/airflow/.local/lib/python3.12/site-packages/airflow/task/task_runner/standard_task_runner.py", line 117, in _start_by_fork
    ret = args.func(args, dag=self.dag)
          ^^^^^^^^^^^^^^^^^^^^^^^^^^^^^
  File "/home/airflow/.local/lib/python3.12/site-packages/airflow/cli/cli_config.py", line 49, in command
    return func(*args, **kwargs)
           ^^^^^^^^^^^^^^^^^^^^^
  File "/home/airflow/.local/lib/python3.12/site-packages/airflow/utils/cli.py", line 116, in wrapper
    return f(*args, **kwargs)
           ^^^^^^^^^^^^^^^^^^
  File "/home/airflow/.local/lib/python3.12/site-packages/airflow/cli/commands/task_command.py", line 483, in task_run
    task_return_code = _run_task_by_selected_method(args, _dag, ti)
                       ^^^^^^^^^^^^^^^^^^^^^^^^^^^^^^^^^^^^^^^^^^^^
  File "/home/airflow/.local/lib/python3.12/site-packages/airflow/cli/commands/task_command.py", line 256, in _run_task_by_selected_method
    return _run_raw_task(args, ti)
           ^^^^^^^^^^^^^^^^^^^^^^^
  File "/home/airflow/.local/lib/python3.12/site-packages/airflow/cli/commands/task_command.py", line 341, in _run_raw_task
    return ti._run_raw_task(
           ^^^^^^^^^^^^^^^^^
  File "/home/airflow/.local/lib/python3.12/site-packages/airflow/utils/session.py", line 97, in wrapper
    return func(*args, session=session, **kwargs)
           ^^^^^^^^^^^^^^^^^^^^^^^^^^^^^^^^^^^^^^
  File "/home/airflow/.local/lib/python3.12/site-packages/airflow/models/taskinstance.py", line 3029, in _run_raw_task
    return _run_raw_task(
           ^^^^^^^^^^^^^^
  File "/home/airflow/.local/lib/python3.12/site-packages/airflow/models/taskinstance.py", line 282, in _run_raw_task
    TaskInstance._execute_task_with_callbacks(
  File "/home/airflow/.local/lib/python3.12/site-packages/airflow/models/taskinstance.py", line 3184, in _execute_task_with_callbacks
    result = self._execute_task(context, task_orig)
             ^^^^^^^^^^^^^^^^^^^^^^^^^^^^^^^^^^^^^^
  File "/home/airflow/.local/lib/python3.12/site-packages/airflow/models/taskinstance.py", line 3208, in _execute_task
    return _execute_task(self, context, task_orig)
           ^^^^^^^^^^^^^^^^^^^^^^^^^^^^^^^^^^^^^^^
  File "/home/airflow/.local/lib/python3.12/site-packages/airflow/models/taskinstance.py", line 776, in _execute_task
    result = _execute_callable(context=context, **execute_callable_kwargs)
             ^^^^^^^^^^^^^^^^^^^^^^^^^^^^^^^^^^^^^^^^^^^^^^^^^^^^^^^^^^^^^
  File "/home/airflow/.local/lib/python3.12/site-packages/airflow/models/taskinstance.py", line 742, in _execute_callable
    return ExecutionCallableRunner(
           ^^^^^^^^^^^^^^^^^^^^^^^^
  File "/home/airflow/.local/lib/python3.12/site-packages/airflow/utils/operator_helpers.py", line 252, in run
    return self.func(*args, **kwargs)
           ^^^^^^^^^^^^^^^^^^^^^^^^^^
  File "/home/airflow/.local/lib/python3.12/site-packages/airflow/models/baseoperator.py", line 424, in wrapper
    return func(self, *args, **kwargs)
           ^^^^^^^^^^^^^^^^^^^^^^^^^^^
  File "/home/airflow/.local/lib/python3.12/site-packages/airflow/providers/apache/spark/operators/spark_submit.py", line 197, in execute
    self._hook.submit(self.application)
  File "/home/airflow/.local/lib/python3.12/site-packages/airflow/providers/apache/spark/hooks/spark_submit.py", line 566, in submit
    raise AirflowException(
airflow.exceptions.AirflowException: Cannot execute: spark-submit --master spark://spark-master:7077 --jars /opt/bitnami/spark/jars/iceberg-spark-runtime-3.5_2.12-1.8.1.jar,/opt/bitnami/spark/jars/nessie-spark-extensions-3.5_2.12-0.103.2.jar,/opt/bitnami/spark/jars/nessie-client-0.103.2.jar,/opt/bitnami/spark/jars/hadoop-aws-3.3.2.jar,/opt/bitnami/spark/jars/aws-java-sdk-bundle-1.12.262.jar, --name arrow-spark --deploy-mode client /opt/bitnami/spark/jobs/process_exercises_job.py {"id": "CA-SUL-construtiva-6DE-2025-07-08", "manifest_entry": {"data": {"createdAt": "2025-07-08T13:02:46.325Z", "origin": "CA-SUL", "path": "exercises/CA-SUL-construtiva-6DE-2025-07-08"}, "id": "CA-SUL-construtiva-6DE-2025-07-08"}, "metadata": {"createdAt": "2025-07-08T13:02:46.325Z", "description": "6DE", "documents": [{"description": "", "id": "1751979893598", "mimetype": "application/pdf", "name": "Op Jacui IV - Anexo A - Inteligencia.pdf", "path": "exercises/CA-SUL-construtiva-6DE-2025-07-08/documents/Op Jacui IV - Anexo A - Inteligencia.pdf", "size": 47523, "uploadedAt": "2025-07-08T13:04:53.598Z"}], "endDate": "2025-07-10", "id": "CA-SUL-construtiva-6DE-2025-07-08", "name": "Jogo de Guerra", "origin": "CA-SUL", "simulationType": "construtiva", "simulations": [{"id": "172.19.0.14_2025-07-08", "movedAt": "2025-07-08T13:05:04.531Z", "name": "172.19.0.14_2025-07-08", "originalPath": "staging/172.19.0.14_2025-07-08", "path": "exercises/CA-SUL-construtiva-6DE-2025-07-08/simulations/172.19.0.14_2025-07-08"}], "startDate": "2025-07-08", "trainedForce": "6 Divis\u00e3o de Ex\u00e9rcito", "updatedAt": "2025-07-08T13:05:04.532Z", "wikiUrl": ""}}. Error code is: 1.
[2025-07-08T13:14:16.855+0000] {local_task_job_runner.py:266} INFO - Task exited with return code 1
[2025-07-08T13:14:16.914+0000] {taskinstance.py:3924} INFO - 0 downstream tasks scheduled from follow-on schedule check
[2025-07-08T13:14:16.956+0000] {local_task_job_runner.py:245} INFO - ::endgroup::
