[2025-07-08T00:06:45.674+0000] {local_task_job_runner.py:123} INFO - ::group::Pre task execution logs
[2025-07-08T00:06:45.715+0000] {taskinstance.py:2631} INFO - Dependencies all met for dep_context=non-requeueable deps ti=<TaskInstance: process_exercises.process_exercises manual__2025-07-08T00:06:41.557418+00:00 [queued]>
[2025-07-08T00:06:45.728+0000] {taskinstance.py:2631} INFO - Dependencies all met for dep_context=requeueable deps ti=<TaskInstance: process_exercises.process_exercises manual__2025-07-08T00:06:41.557418+00:00 [queued]>
[2025-07-08T00:06:45.729+0000] {taskinstance.py:2884} INFO - Starting attempt 1 of 1
[2025-07-08T00:06:45.831+0000] {taskinstance.py:2907} INFO - Executing <Task(SparkSubmitOperator): process_exercises> on 2025-07-08 00:06:41.557418+00:00
[2025-07-08T00:06:45.845+0000] {logging_mixin.py:190} WARNING - /home/airflow/.local/lib/python3.12/site-packages/airflow/task/task_runner/standard_task_runner.py:70 DeprecationWarning: This process (pid=1067) is multi-threaded, use of fork() may lead to deadlocks in the child.
[2025-07-08T00:06:45.847+0000] {standard_task_runner.py:72} INFO - Started process 1068 to run task
[2025-07-08T00:06:45.845+0000] {standard_task_runner.py:104} INFO - Running: ['airflow', 'tasks', 'run', 'process_exercises', 'process_exercises', 'manual__2025-07-08T00:06:41.557418+00:00', '--job-id', '129', '--raw', '--subdir', 'DAGS_FOLDER/process_exercises.py', '--cfg-path', '/tmp/tmp10289kar']
[2025-07-08T00:06:45.849+0000] {standard_task_runner.py:105} INFO - Job 129: Subtask process_exercises
[2025-07-08T00:06:46.072+0000] {task_command.py:467} INFO - Running <TaskInstance: process_exercises.process_exercises manual__2025-07-08T00:06:41.557418+00:00 [running]> on host 684e3ce84eec
[2025-07-08T00:06:46.532+0000] {taskinstance.py:3157} INFO - Exporting env vars: AIRFLOW_CTX_DAG_OWNER='airflow' AIRFLOW_CTX_DAG_ID='process_exercises' AIRFLOW_CTX_TASK_ID='process_exercises' AIRFLOW_CTX_EXECUTION_DATE='2025-07-08T00:06:41.557418+00:00' AIRFLOW_CTX_TRY_NUMBER='1' AIRFLOW_CTX_DAG_RUN_ID='manual__2025-07-08T00:06:41.557418+00:00'
[2025-07-08T00:06:46.533+0000] {taskinstance.py:740} INFO - ::endgroup::
[2025-07-08T00:06:46.575+0000] {base.py:84} INFO - Retrieving connection 'spark-ebsim'
[2025-07-08T00:06:46.583+0000] {spark_submit.py:474} INFO - Spark-Submit cmd: spark-submit --master spark://spark-master:7077 --jars /opt/bitnami/spark/jars/iceberg-spark-runtime-3.5_2.12-1.8.1.jar,/opt/bitnami/spark/jars/nessie-spark-extensions-3.5_2.12-0.103.2.jar,/opt/bitnami/spark/jars/nessie-client-0.103.2.jar,/opt/bitnami/spark/jars/hadoop-aws-3.3.2.jar,/opt/bitnami/spark/jars/aws-java-sdk-bundle-1.12.262.jar, --name arrow-spark --deploy-mode client /opt/bitnami/spark/jobs/process_exercises_job.py {"id": "CA-SUL-construtiva-5DE-2025-07-08", "manifest_entry": {"data": {"createdAt": "2025-07-08T00:06:15.387Z", "origin": "CA-SUL", "path": "exercises/CA-SUL-construtiva-5DE-2025-07-08"}, "id": "CA-SUL-construtiva-5DE-2025-07-08"}, "metadata": {"createdAt": "2025-07-08T00:06:15.387Z", "description": "5DE", "documents": [{"description": "", "id": "1751933192522", "mimetype": "application/pdf", "name": "Op Jacui IV - Ordem de Operacoes.pdf", "path": "exercises/CA-SUL-construtiva-5DE-2025-07-08/documents/Op Jacui IV - Ordem de Operacoes.pdf", "size": 336744, "uploadedAt": "2025-07-08T00:06:32.522Z"}], "endDate": "2025-07-08", "id": "CA-SUL-construtiva-5DE-2025-07-08", "name": "Jogo de Guerra", "origin": "CA-SUL", "simulationType": "construtiva", "simulations": [{"id": "172.19.0.14_2025-07-08", "movedAt": "2025-07-08T00:06:36.191Z", "name": "172.19.0.14_2025-07-08", "originalPath": "staging/172.19.0.14_2025-07-08", "path": "exercises/CA-SUL-construtiva-5DE-2025-07-08/simulations/172.19.0.14_2025-07-08"}], "startDate": "2025-07-07", "trainedForce": "5 Divis\u00e3o de Ex\u00e9rcito", "updatedAt": "2025-07-08T00:06:36.191Z", "wikiUrl": ""}}
[2025-07-08T00:06:50.344+0000] {spark_submit.py:644} INFO - 25/07/08 00:06:50 WARN NativeCodeLoader: Unable to load native-hadoop library for your platform... using builtin-java classes where applicable
[2025-07-08T00:06:53.866+0000] {spark_submit.py:644} INFO - 25/07/08 00:06:53 INFO SparkContext: Running Spark version 3.5.5
[2025-07-08T00:06:53.867+0000] {spark_submit.py:644} INFO - 25/07/08 00:06:53 INFO SparkContext: OS info Linux, 5.15.167.4-microsoft-standard-WSL2, amd64
[2025-07-08T00:06:53.874+0000] {spark_submit.py:644} INFO - 25/07/08 00:06:53 INFO SparkContext: Java version 17.0.15
[2025-07-08T00:06:53.892+0000] {spark_submit.py:644} INFO - 25/07/08 00:06:53 INFO ResourceUtils: ==============================================================
[2025-07-08T00:06:53.893+0000] {spark_submit.py:644} INFO - 25/07/08 00:06:53 INFO ResourceUtils: No custom resources configured for spark.driver.
[2025-07-08T00:06:53.894+0000] {spark_submit.py:644} INFO - 25/07/08 00:06:53 INFO ResourceUtils: ==============================================================
[2025-07-08T00:06:53.894+0000] {spark_submit.py:644} INFO - 25/07/08 00:06:53 INFO SparkContext: Submitted application: ProcessExercises
[2025-07-08T00:06:53.911+0000] {spark_submit.py:644} INFO - 25/07/08 00:06:53 INFO ResourceProfile: Default ResourceProfile created, executor resources: Map(memory -> name: memory, amount: 1024, script: , vendor: , offHeap -> name: offHeap, amount: 0, script: , vendor: ), task resources: Map(cpus -> name: cpus, amount: 1.0)
[2025-07-08T00:06:53.920+0000] {spark_submit.py:644} INFO - 25/07/08 00:06:53 INFO ResourceProfile: Limiting resource is cpu
[2025-07-08T00:06:53.920+0000] {spark_submit.py:644} INFO - 25/07/08 00:06:53 INFO ResourceProfileManager: Added ResourceProfile id: 0
[2025-07-08T00:06:53.962+0000] {spark_submit.py:644} INFO - 25/07/08 00:06:53 INFO SecurityManager: Changing view acls to: airflow
[2025-07-08T00:06:53.962+0000] {spark_submit.py:644} INFO - 25/07/08 00:06:53 INFO SecurityManager: Changing modify acls to: airflow
[2025-07-08T00:06:53.974+0000] {spark_submit.py:644} INFO - 25/07/08 00:06:53 INFO SecurityManager: Changing view acls groups to:
[2025-07-08T00:06:53.975+0000] {spark_submit.py:644} INFO - 25/07/08 00:06:53 INFO SecurityManager: Changing modify acls groups to:
[2025-07-08T00:06:53.976+0000] {spark_submit.py:644} INFO - 25/07/08 00:06:53 INFO SecurityManager: SecurityManager: authentication disabled; ui acls disabled; users with view permissions: airflow; groups with view permissions: EMPTY; users with modify permissions: airflow; groups with modify permissions: EMPTY
[2025-07-08T00:06:54.168+0000] {spark_submit.py:644} INFO - 25/07/08 00:06:54 INFO Utils: Successfully started service 'sparkDriver' on port 40693.
[2025-07-08T00:06:54.197+0000] {spark_submit.py:644} INFO - 25/07/08 00:06:54 INFO SparkEnv: Registering MapOutputTracker
[2025-07-08T00:06:54.242+0000] {spark_submit.py:644} INFO - 25/07/08 00:06:54 INFO SparkEnv: Registering BlockManagerMaster
[2025-07-08T00:06:54.256+0000] {spark_submit.py:644} INFO - 25/07/08 00:06:54 INFO BlockManagerMasterEndpoint: Using org.apache.spark.storage.DefaultTopologyMapper for getting topology information
[2025-07-08T00:06:54.257+0000] {spark_submit.py:644} INFO - 25/07/08 00:06:54 INFO BlockManagerMasterEndpoint: BlockManagerMasterEndpoint up
[2025-07-08T00:06:54.260+0000] {spark_submit.py:644} INFO - 25/07/08 00:06:54 INFO SparkEnv: Registering BlockManagerMasterHeartbeat
[2025-07-08T00:06:54.279+0000] {spark_submit.py:644} INFO - 25/07/08 00:06:54 INFO DiskBlockManager: Created local directory at /tmp/blockmgr-adb9333f-2fe6-488b-bdc4-f192fe825465
[2025-07-08T00:06:54.292+0000] {spark_submit.py:644} INFO - 25/07/08 00:06:54 INFO MemoryStore: MemoryStore started with capacity 434.4 MiB
[2025-07-08T00:06:54.305+0000] {spark_submit.py:644} INFO - 25/07/08 00:06:54 INFO SparkEnv: Registering OutputCommitCoordinator
[2025-07-08T00:06:54.424+0000] {spark_submit.py:644} INFO - 25/07/08 00:06:54 INFO JettyUtils: Start Jetty 0.0.0.0:4040 for SparkUI
[2025-07-08T00:06:54.487+0000] {spark_submit.py:644} INFO - 25/07/08 00:06:54 INFO Utils: Successfully started service 'SparkUI' on port 4040.
[2025-07-08T00:06:54.522+0000] {spark_submit.py:644} INFO - 25/07/08 00:06:54 INFO SparkContext: Added JAR file:///opt/bitnami/spark/jars/iceberg-spark-runtime-3.5_2.12-1.8.1.jar at spark://684e3ce84eec:40693/jars/iceberg-spark-runtime-3.5_2.12-1.8.1.jar with timestamp 1751933213859
[2025-07-08T00:06:54.523+0000] {spark_submit.py:644} INFO - 25/07/08 00:06:54 INFO SparkContext: Added JAR file:///opt/bitnami/spark/jars/nessie-spark-extensions-3.5_2.12-0.103.2.jar at spark://684e3ce84eec:40693/jars/nessie-spark-extensions-3.5_2.12-0.103.2.jar with timestamp 1751933213859
[2025-07-08T00:06:54.524+0000] {spark_submit.py:644} INFO - 25/07/08 00:06:54 INFO SparkContext: Added JAR file:///opt/bitnami/spark/jars/nessie-client-0.103.2.jar at spark://684e3ce84eec:40693/jars/nessie-client-0.103.2.jar with timestamp 1751933213859
[2025-07-08T00:06:54.525+0000] {spark_submit.py:644} INFO - 25/07/08 00:06:54 INFO SparkContext: Added JAR file:///opt/bitnami/spark/jars/hadoop-aws-3.3.2.jar at spark://684e3ce84eec:40693/jars/hadoop-aws-3.3.2.jar with timestamp 1751933213859
[2025-07-08T00:06:54.526+0000] {spark_submit.py:644} INFO - 25/07/08 00:06:54 INFO SparkContext: Added JAR file:///opt/bitnami/spark/jars/aws-java-sdk-bundle-1.12.262.jar at spark://684e3ce84eec:40693/jars/aws-java-sdk-bundle-1.12.262.jar with timestamp 1751933213859
[2025-07-08T00:06:54.707+0000] {spark_submit.py:644} INFO - 25/07/08 00:06:54 INFO StandaloneAppClient$ClientEndpoint: Connecting to master spark://spark-master:7077...
[2025-07-08T00:06:54.805+0000] {spark_submit.py:644} INFO - 25/07/08 00:06:54 INFO TransportClientFactory: Successfully created connection to spark-master/172.19.0.6:7077 after 66 ms (0 ms spent in bootstraps)
[2025-07-08T00:06:54.909+0000] {spark_submit.py:644} INFO - 25/07/08 00:06:54 INFO StandaloneSchedulerBackend: Connected to Spark cluster with app ID app-20250708000654-0004
[2025-07-08T00:06:54.911+0000] {spark_submit.py:644} INFO - 25/07/08 00:06:54 INFO StandaloneAppClient$ClientEndpoint: Executor added: app-20250708000654-0004/0 on worker-20250707234231-172.19.0.13-33723 (172.19.0.13:33723) with 2 core(s)
[2025-07-08T00:06:54.913+0000] {spark_submit.py:644} INFO - 25/07/08 00:06:54 INFO StandaloneSchedulerBackend: Granted executor ID app-20250708000654-0004/0 on hostPort 172.19.0.13:33723 with 2 core(s), 1024.0 MiB RAM
[2025-07-08T00:06:54.917+0000] {spark_submit.py:644} INFO - 25/07/08 00:06:54 INFO Utils: Successfully started service 'org.apache.spark.network.netty.NettyBlockTransferService' on port 39207.
[2025-07-08T00:06:54.918+0000] {spark_submit.py:644} INFO - 25/07/08 00:06:54 INFO NettyBlockTransferService: Server created on 684e3ce84eec:39207
[2025-07-08T00:06:54.920+0000] {spark_submit.py:644} INFO - 25/07/08 00:06:54 INFO BlockManager: Using org.apache.spark.storage.RandomBlockReplicationPolicy for block replication policy
[2025-07-08T00:06:54.926+0000] {spark_submit.py:644} INFO - 25/07/08 00:06:54 INFO BlockManagerMaster: Registering BlockManager BlockManagerId(driver, 684e3ce84eec, 39207, None)
[2025-07-08T00:06:54.929+0000] {spark_submit.py:644} INFO - 25/07/08 00:06:54 INFO BlockManagerMasterEndpoint: Registering block manager 684e3ce84eec:39207 with 434.4 MiB RAM, BlockManagerId(driver, 684e3ce84eec, 39207, None)
[2025-07-08T00:06:54.931+0000] {spark_submit.py:644} INFO - 25/07/08 00:06:54 INFO BlockManagerMaster: Registered BlockManager BlockManagerId(driver, 684e3ce84eec, 39207, None)
[2025-07-08T00:06:54.933+0000] {spark_submit.py:644} INFO - 25/07/08 00:06:54 INFO BlockManager: Initialized BlockManager: BlockManagerId(driver, 684e3ce84eec, 39207, None)
[2025-07-08T00:06:54.977+0000] {spark_submit.py:644} INFO - 25/07/08 00:06:54 INFO StandaloneAppClient$ClientEndpoint: Executor updated: app-20250708000654-0004/0 is now RUNNING
[2025-07-08T00:06:55.305+0000] {spark_submit.py:644} INFO - 25/07/08 00:06:55 INFO StandaloneSchedulerBackend: SchedulerBackend is ready for scheduling beginning after reached minRegisteredResourcesRatio: 0.0
[2025-07-08T00:06:55.593+0000] {spark_submit.py:644} INFO - 25/07/08 00:06:55 INFO SharedState: Setting hive.metastore.warehouse.dir ('null') to the value of spark.sql.warehouse.dir.
[2025-07-08T00:06:55.596+0000] {spark_submit.py:644} INFO - 25/07/08 00:06:55 INFO SharedState: Warehouse path is 'file:/opt/airflow/spark-warehouse'.
[2025-07-08T00:06:58.717+0000] {spark_submit.py:644} INFO - 25/07/08 00:06:58 INFO CatalogUtil: Loading custom FileIO implementation: org.apache.iceberg.hadoop.HadoopFileIO
[2025-07-08T00:07:00.732+0000] {spark_submit.py:644} INFO - 25/07/08 00:07:00 INFO StandaloneSchedulerBackend$StandaloneDriverEndpoint: Registered executor NettyRpcEndpointRef(spark-client://Executor) (172.19.0.13:33352) with ID 0,  ResourceProfileId 0
[2025-07-08T00:07:00.810+0000] {spark_submit.py:644} INFO - 25/07/08 00:07:00 INFO BlockManagerMasterEndpoint: Registering block manager 172.19.0.13:38485 with 434.4 MiB RAM, BlockManagerId(0, 172.19.0.13, 38485, None)
[2025-07-08T00:07:01.522+0000] {spark_submit.py:644} INFO - 25/07/08 00:07:01 WARN MetricsConfig: Cannot locate configuration: tried hadoop-metrics2-s3a-file-system.properties,hadoop-metrics2.properties
[2025-07-08T00:07:01.668+0000] {spark_submit.py:644} INFO - 25/07/08 00:07:01 INFO MetricsSystemImpl: Scheduled Metric snapshot period at 10 second(s).
[2025-07-08T00:07:01.669+0000] {spark_submit.py:644} INFO - 25/07/08 00:07:01 INFO MetricsSystemImpl: s3a-file-system metrics system started
[2025-07-08T00:07:05.060+0000] {spark_submit.py:644} INFO - 25/07/08 00:07:05 INFO InMemoryFileIndex: It took 177 ms to list leaf files for 1 paths.
[2025-07-08T00:07:06.518+0000] {spark_submit.py:644} INFO - 25/07/08 00:07:06 INFO FileSourceStrategy: Pushed Filters:
[2025-07-08T00:07:06.520+0000] {spark_submit.py:644} INFO - 25/07/08 00:07:06 INFO FileSourceStrategy: Post-Scan Filters:
[2025-07-08T00:07:07.360+0000] {spark_submit.py:644} INFO - 25/07/08 00:07:07 INFO CodeGenerator: Code generated in 354.796606 ms
[2025-07-08T00:07:07.460+0000] {spark_submit.py:644} INFO - 25/07/08 00:07:07 INFO MemoryStore: Block broadcast_0 stored as values in memory (estimated size 203.5 KiB, free 434.2 MiB)
[2025-07-08T00:07:07.585+0000] {spark_submit.py:644} INFO - 25/07/08 00:07:07 INFO MemoryStore: Block broadcast_0_piece0 stored as bytes in memory (estimated size 35.7 KiB, free 434.2 MiB)
[2025-07-08T00:07:07.590+0000] {spark_submit.py:644} INFO - 25/07/08 00:07:07 INFO BlockManagerInfo: Added broadcast_0_piece0 in memory on 684e3ce84eec:39207 (size: 35.7 KiB, free: 434.4 MiB)
[2025-07-08T00:07:07.598+0000] {spark_submit.py:644} INFO - 25/07/08 00:07:07 INFO SparkContext: Created broadcast 0 from collect at /opt/bitnami/spark/jobs/process_exercises_job.py:195
[2025-07-08T00:07:07.632+0000] {spark_submit.py:644} INFO - 25/07/08 00:07:07 INFO FileSourceScanExec: Planning scan with bin packing, max size: 4194304 bytes, open cost is considered as scanning 4194304 bytes.
[2025-07-08T00:07:07.938+0000] {spark_submit.py:644} INFO - 25/07/08 00:07:07 INFO SparkContext: Starting job: collect at /opt/bitnami/spark/jobs/process_exercises_job.py:195
[2025-07-08T00:07:08.025+0000] {spark_submit.py:644} INFO - 25/07/08 00:07:08 INFO DAGScheduler: Got job 0 (collect at /opt/bitnami/spark/jobs/process_exercises_job.py:195) with 1 output partitions
[2025-07-08T00:07:08.028+0000] {spark_submit.py:644} INFO - 25/07/08 00:07:08 INFO DAGScheduler: Final stage: ResultStage 0 (collect at /opt/bitnami/spark/jobs/process_exercises_job.py:195)
[2025-07-08T00:07:08.031+0000] {spark_submit.py:644} INFO - 25/07/08 00:07:08 INFO DAGScheduler: Parents of final stage: List()
[2025-07-08T00:07:08.038+0000] {spark_submit.py:644} INFO - 25/07/08 00:07:08 INFO DAGScheduler: Missing parents: List()
[2025-07-08T00:07:08.052+0000] {spark_submit.py:644} INFO - 25/07/08 00:07:08 INFO DAGScheduler: Submitting ResultStage 0 (MapPartitionsRDD[5] at collect at /opt/bitnami/spark/jobs/process_exercises_job.py:195), which has no missing parents
[2025-07-08T00:07:08.089+0000] {spark_submit.py:644} INFO - 25/07/08 00:07:08 INFO MemoryStore: Block broadcast_1 stored as values in memory (estimated size 26.8 KiB, free 434.1 MiB)
[2025-07-08T00:07:08.104+0000] {spark_submit.py:644} INFO - 25/07/08 00:07:08 INFO MemoryStore: Block broadcast_1_piece0 stored as bytes in memory (estimated size 13.3 KiB, free 434.1 MiB)
[2025-07-08T00:07:08.105+0000] {spark_submit.py:644} INFO - 25/07/08 00:07:08 INFO BlockManagerInfo: Added broadcast_1_piece0 in memory on 684e3ce84eec:39207 (size: 13.3 KiB, free: 434.4 MiB)
[2025-07-08T00:07:08.106+0000] {spark_submit.py:644} INFO - 25/07/08 00:07:08 INFO SparkContext: Created broadcast 1 from broadcast at DAGScheduler.scala:1585
[2025-07-08T00:07:08.131+0000] {spark_submit.py:644} INFO - 25/07/08 00:07:08 INFO DAGScheduler: Submitting 1 missing tasks from ResultStage 0 (MapPartitionsRDD[5] at collect at /opt/bitnami/spark/jobs/process_exercises_job.py:195) (first 15 tasks are for partitions Vector(0))
[2025-07-08T00:07:08.175+0000] {spark_submit.py:644} INFO - 25/07/08 00:07:08 INFO TaskSchedulerImpl: Adding task set 0.0 with 1 tasks resource profile 0
[2025-07-08T00:08:13.580+0000] {spark_submit.py:644} INFO - 25/07/08 00:08:13 INFO TaskSetManager: Starting task 0.0 in stage 0.0 (TID 0) (172.19.0.13, executor 0, partition 0, PROCESS_LOCAL, 10196 bytes)
[2025-07-08T00:08:14.974+0000] {spark_submit.py:644} INFO - 25/07/08 00:08:14 INFO BlockManagerInfo: Added broadcast_1_piece0 in memory on 172.19.0.13:38485 (size: 13.3 KiB, free: 434.4 MiB)
[2025-07-08T00:08:27.919+0000] {spark_submit.py:644} INFO - 25/07/08 00:08:27 INFO BlockManagerInfo: Added broadcast_0_piece0 in memory on 172.19.0.13:38485 (size: 35.7 KiB, free: 434.4 MiB)
[2025-07-08T00:08:49.416+0000] {spark_submit.py:644} INFO - 25/07/08 00:08:49 INFO TaskSetManager: Finished task 0.0 in stage 0.0 (TID 0) in 35877 ms on 172.19.0.13 (executor 0) (1/1)
[2025-07-08T00:08:49.419+0000] {spark_submit.py:644} INFO - 25/07/08 00:08:49 INFO TaskSchedulerImpl: Removed TaskSet 0.0, whose tasks have all completed, from pool
[2025-07-08T00:08:49.422+0000] {spark_submit.py:644} INFO - 25/07/08 00:08:49 INFO PythonAccumulatorV2: Connected to AccumulatorServer at host: 127.0.0.1 port: 45771
[2025-07-08T00:08:49.441+0000] {spark_submit.py:644} INFO - 25/07/08 00:08:49 INFO DAGScheduler: ResultStage 0 (collect at /opt/bitnami/spark/jobs/process_exercises_job.py:195) finished in 101.359 s
[2025-07-08T00:08:49.445+0000] {spark_submit.py:644} INFO - 25/07/08 00:08:49 INFO DAGScheduler: Job 0 is finished. Cancelling potential speculative or zombie tasks for this job
[2025-07-08T00:08:49.446+0000] {spark_submit.py:644} INFO - 25/07/08 00:08:49 INFO TaskSchedulerImpl: Killing all running tasks in stage 0: Stage finished
[2025-07-08T00:08:49.449+0000] {spark_submit.py:644} INFO - 25/07/08 00:08:49 INFO DAGScheduler: Job 0 finished: collect at /opt/bitnami/spark/jobs/process_exercises_job.py:195, took 101.521782 s
[2025-07-08T00:08:55.704+0000] {spark_submit.py:644} INFO - 25/07/08 00:08:55 INFO InMemoryFileIndex: It took 17 ms to list leaf files for 1 paths.
[2025-07-08T00:08:55.980+0000] {spark_submit.py:644} INFO - 25/07/08 00:08:55 INFO FileSourceStrategy: Pushed Filters:
[2025-07-08T00:08:55.981+0000] {spark_submit.py:644} INFO - 25/07/08 00:08:55 INFO FileSourceStrategy: Post-Scan Filters:
[2025-07-08T00:08:55.995+0000] {spark_submit.py:644} INFO - 25/07/08 00:08:55 INFO MemoryStore: Block broadcast_2 stored as values in memory (estimated size 203.7 KiB, free 433.9 MiB)
[2025-07-08T00:08:56.081+0000] {spark_submit.py:644} INFO - 25/07/08 00:08:56 INFO MemoryStore: Block broadcast_2_piece0 stored as bytes in memory (estimated size 35.7 KiB, free 433.9 MiB)
[2025-07-08T00:08:56.087+0000] {spark_submit.py:644} INFO - 25/07/08 00:08:56 INFO BlockManagerInfo: Added broadcast_2_piece0 in memory on 684e3ce84eec:39207 (size: 35.7 KiB, free: 434.3 MiB)
[2025-07-08T00:08:56.102+0000] {spark_submit.py:644} INFO - 25/07/08 00:08:56 INFO SparkContext: Created broadcast 2 from collect at /opt/bitnami/spark/jobs/process_exercises_job.py:303
[2025-07-08T00:08:56.117+0000] {spark_submit.py:644} INFO - 25/07/08 00:08:56 INFO FileSourceScanExec: Planning scan with bin packing, max size: 8390298 bytes, open cost is considered as scanning 4194304 bytes.
[2025-07-08T00:08:56.170+0000] {spark_submit.py:644} INFO - 25/07/08 00:08:56 INFO SparkContext: Starting job: collect at /opt/bitnami/spark/jobs/process_exercises_job.py:303
[2025-07-08T00:08:56.192+0000] {spark_submit.py:644} INFO - 25/07/08 00:08:56 INFO DAGScheduler: Got job 1 (collect at /opt/bitnami/spark/jobs/process_exercises_job.py:303) with 2 output partitions
[2025-07-08T00:08:56.195+0000] {spark_submit.py:644} INFO - 25/07/08 00:08:56 INFO DAGScheduler: Final stage: ResultStage 1 (collect at /opt/bitnami/spark/jobs/process_exercises_job.py:303)
[2025-07-08T00:08:56.196+0000] {spark_submit.py:644} INFO - 25/07/08 00:08:56 INFO DAGScheduler: Parents of final stage: List()
[2025-07-08T00:08:56.262+0000] {spark_submit.py:644} INFO - 25/07/08 00:08:56 INFO DAGScheduler: Missing parents: List()
[2025-07-08T00:08:56.263+0000] {spark_submit.py:644} INFO - 25/07/08 00:08:56 INFO DAGScheduler: Submitting ResultStage 1 (MapPartitionsRDD[13] at collect at /opt/bitnami/spark/jobs/process_exercises_job.py:303), which has no missing parents
[2025-07-08T00:08:56.468+0000] {spark_submit.py:644} INFO - 25/07/08 00:08:56 INFO MemoryStore: Block broadcast_3 stored as values in memory (estimated size 9.4 KiB, free 433.9 MiB)
[2025-07-08T00:08:56.480+0000] {spark_submit.py:644} INFO - 25/07/08 00:08:56 INFO BlockManagerInfo: Removed broadcast_1_piece0 on 684e3ce84eec:39207 in memory (size: 13.3 KiB, free: 434.3 MiB)
[2025-07-08T00:08:56.483+0000] {spark_submit.py:644} INFO - 25/07/08 00:08:56 INFO MemoryStore: Block broadcast_3_piece0 stored as bytes in memory (estimated size 4.7 KiB, free 433.9 MiB)
[2025-07-08T00:08:56.486+0000] {spark_submit.py:644} INFO - 25/07/08 00:08:56 INFO BlockManagerInfo: Added broadcast_3_piece0 in memory on 684e3ce84eec:39207 (size: 4.7 KiB, free: 434.3 MiB)
[2025-07-08T00:08:56.488+0000] {spark_submit.py:644} INFO - 25/07/08 00:08:56 INFO SparkContext: Created broadcast 3 from broadcast at DAGScheduler.scala:1585
[2025-07-08T00:08:56.491+0000] {spark_submit.py:644} INFO - 25/07/08 00:08:56 INFO DAGScheduler: Submitting 2 missing tasks from ResultStage 1 (MapPartitionsRDD[13] at collect at /opt/bitnami/spark/jobs/process_exercises_job.py:303) (first 15 tasks are for partitions Vector(0, 1))
[2025-07-08T00:08:56.562+0000] {spark_submit.py:644} INFO - 25/07/08 00:08:56 INFO TaskSchedulerImpl: Adding task set 1.0 with 2 tasks resource profile 0
[2025-07-08T00:08:56.583+0000] {spark_submit.py:644} INFO - 25/07/08 00:08:56 INFO TaskSetManager: Starting task 0.0 in stage 1.0 (TID 1) (172.19.0.13, executor 0, partition 0, PROCESS_LOCAL, 10376 bytes)
[2025-07-08T00:08:56.597+0000] {spark_submit.py:644} INFO - 25/07/08 00:08:56 INFO TaskSetManager: Starting task 1.0 in stage 1.0 (TID 2) (172.19.0.13, executor 0, partition 1, PROCESS_LOCAL, 10379 bytes)
[2025-07-08T00:08:56.616+0000] {spark_submit.py:644} INFO - 25/07/08 00:08:56 INFO BlockManagerInfo: Removed broadcast_1_piece0 on 172.19.0.13:38485 in memory (size: 13.3 KiB, free: 434.4 MiB)
[2025-07-08T00:08:56.616+0000] {spark_submit.py:644} INFO - 25/07/08 00:08:56 INFO BlockManagerInfo: Added broadcast_3_piece0 in memory on 172.19.0.13:38485 (size: 4.7 KiB, free: 434.4 MiB)
[2025-07-08T00:08:56.686+0000] {spark_submit.py:644} INFO - 25/07/08 00:08:56 INFO BlockManagerInfo: Removed broadcast_0_piece0 on 684e3ce84eec:39207 in memory (size: 35.7 KiB, free: 434.4 MiB)
[2025-07-08T00:08:56.992+0000] {spark_submit.py:644} INFO - 25/07/08 00:08:56 INFO BlockManagerInfo: Removed broadcast_0_piece0 on 172.19.0.13:38485 in memory (size: 35.7 KiB, free: 434.4 MiB)
[2025-07-08T00:08:57.185+0000] {spark_submit.py:644} INFO - 25/07/08 00:08:57 INFO BlockManagerInfo: Added broadcast_2_piece0 in memory on 172.19.0.13:38485 (size: 35.7 KiB, free: 434.4 MiB)
[2025-07-08T00:08:57.815+0000] {spark_submit.py:644} INFO - 25/07/08 00:08:57 INFO TaskSetManager: Finished task 0.0 in stage 1.0 (TID 1) in 1329 ms on 172.19.0.13 (executor 0) (1/2)
[2025-07-08T00:08:57.815+0000] {spark_submit.py:644} INFO - 25/07/08 00:08:57 INFO TaskSetManager: Finished task 1.0 in stage 1.0 (TID 2) in 1328 ms on 172.19.0.13 (executor 0) (2/2)
[2025-07-08T00:08:57.816+0000] {spark_submit.py:644} INFO - 25/07/08 00:08:57 INFO TaskSchedulerImpl: Removed TaskSet 1.0, whose tasks have all completed, from pool
[2025-07-08T00:08:57.817+0000] {spark_submit.py:644} INFO - 25/07/08 00:08:57 INFO DAGScheduler: ResultStage 1 (collect at /opt/bitnami/spark/jobs/process_exercises_job.py:303) finished in 1.553 s
[2025-07-08T00:08:57.818+0000] {spark_submit.py:644} INFO - 25/07/08 00:08:57 INFO DAGScheduler: Job 1 is finished. Cancelling potential speculative or zombie tasks for this job
[2025-07-08T00:08:57.819+0000] {spark_submit.py:644} INFO - 25/07/08 00:08:57 INFO TaskSchedulerImpl: Killing all running tasks in stage 1: Stage finished
[2025-07-08T00:08:57.820+0000] {spark_submit.py:644} INFO - 25/07/08 00:08:57 INFO DAGScheduler: Job 1 finished: collect at /opt/bitnami/spark/jobs/process_exercises_job.py:303, took 1.647772 s
[2025-07-08T00:08:57.868+0000] {spark_submit.py:644} INFO - 25/07/08 00:08:57 INFO InMemoryFileIndex: It took 16 ms to list leaf files for 1 paths.
[2025-07-08T00:08:58.366+0000] {spark_submit.py:644} INFO - 25/07/08 00:08:58 INFO FileSourceStrategy: Pushed Filters:
[2025-07-08T00:08:58.367+0000] {spark_submit.py:644} INFO - 25/07/08 00:08:58 INFO FileSourceStrategy: Post-Scan Filters:
[2025-07-08T00:08:58.800+0000] {spark_submit.py:644} INFO - 25/07/08 00:08:58 INFO CodeGenerator: Code generated in 332.866649 ms
[2025-07-08T00:08:58.873+0000] {spark_submit.py:644} INFO - 25/07/08 00:08:58 INFO MemoryStore: Block broadcast_4 stored as values in memory (estimated size 203.5 KiB, free 434.0 MiB)
[2025-07-08T00:08:58.923+0000] {spark_submit.py:644} INFO - 25/07/08 00:08:58 INFO BlockManagerInfo: Removed broadcast_3_piece0 on 684e3ce84eec:39207 in memory (size: 4.7 KiB, free: 434.4 MiB)
[2025-07-08T00:08:58.926+0000] {spark_submit.py:644} INFO - 25/07/08 00:08:58 INFO BlockManagerInfo: Removed broadcast_3_piece0 on 172.19.0.13:38485 in memory (size: 4.7 KiB, free: 434.4 MiB)
[2025-07-08T00:08:58.929+0000] {spark_submit.py:644} INFO - 25/07/08 00:08:58 INFO MemoryStore: Block broadcast_4_piece0 stored as bytes in memory (estimated size 35.7 KiB, free 433.9 MiB)
[2025-07-08T00:08:58.931+0000] {spark_submit.py:644} INFO - 25/07/08 00:08:58 INFO BlockManagerInfo: Added broadcast_4_piece0 in memory on 684e3ce84eec:39207 (size: 35.7 KiB, free: 434.3 MiB)
[2025-07-08T00:08:58.963+0000] {spark_submit.py:644} INFO - 25/07/08 00:08:58 INFO SparkContext: Created broadcast 4 from collect at /opt/bitnami/spark/jobs/process_exercises_job.py:315
[2025-07-08T00:08:58.965+0000] {spark_submit.py:644} INFO - 25/07/08 00:08:58 INFO FileSourceScanExec: Planning scan with bin packing, max size: 4194304 bytes, open cost is considered as scanning 4194304 bytes.
[2025-07-08T00:08:58.983+0000] {spark_submit.py:644} INFO - 25/07/08 00:08:58 INFO SparkContext: Starting job: collect at /opt/bitnami/spark/jobs/process_exercises_job.py:315
[2025-07-08T00:08:58.986+0000] {spark_submit.py:644} INFO - 25/07/08 00:08:58 INFO DAGScheduler: Got job 2 (collect at /opt/bitnami/spark/jobs/process_exercises_job.py:315) with 1 output partitions
[2025-07-08T00:08:58.987+0000] {spark_submit.py:644} INFO - 25/07/08 00:08:58 INFO DAGScheduler: Final stage: ResultStage 2 (collect at /opt/bitnami/spark/jobs/process_exercises_job.py:315)
[2025-07-08T00:08:58.988+0000] {spark_submit.py:644} INFO - 25/07/08 00:08:58 INFO DAGScheduler: Parents of final stage: List()
[2025-07-08T00:08:58.989+0000] {spark_submit.py:644} INFO - 25/07/08 00:08:58 INFO DAGScheduler: Missing parents: List()
[2025-07-08T00:08:58.989+0000] {spark_submit.py:644} INFO - 25/07/08 00:08:58 INFO DAGScheduler: Submitting ResultStage 2 (MapPartitionsRDD[17] at collect at /opt/bitnami/spark/jobs/process_exercises_job.py:315), which has no missing parents
[2025-07-08T00:08:58.996+0000] {spark_submit.py:644} INFO - 25/07/08 00:08:58 INFO MemoryStore: Block broadcast_5 stored as values in memory (estimated size 12.6 KiB, free 433.9 MiB)
[2025-07-08T00:08:58.999+0000] {spark_submit.py:644} INFO - 25/07/08 00:08:58 INFO MemoryStore: Block broadcast_5_piece0 stored as bytes in memory (estimated size 6.0 KiB, free 433.9 MiB)
[2025-07-08T00:08:59.064+0000] {spark_submit.py:644} INFO - 25/07/08 00:08:59 INFO BlockManagerInfo: Added broadcast_5_piece0 in memory on 684e3ce84eec:39207 (size: 6.0 KiB, free: 434.3 MiB)
[2025-07-08T00:08:59.065+0000] {spark_submit.py:644} INFO - 25/07/08 00:08:59 INFO SparkContext: Created broadcast 5 from broadcast at DAGScheduler.scala:1585
[2025-07-08T00:08:59.066+0000] {spark_submit.py:644} INFO - 25/07/08 00:08:59 INFO DAGScheduler: Submitting 1 missing tasks from ResultStage 2 (MapPartitionsRDD[17] at collect at /opt/bitnami/spark/jobs/process_exercises_job.py:315) (first 15 tasks are for partitions Vector(0))
[2025-07-08T00:08:59.067+0000] {spark_submit.py:644} INFO - 25/07/08 00:08:59 INFO TaskSchedulerImpl: Adding task set 2.0 with 1 tasks resource profile 0
[2025-07-08T00:08:59.068+0000] {spark_submit.py:644} INFO - 25/07/08 00:08:59 INFO TaskSetManager: Starting task 0.0 in stage 2.0 (TID 3) (172.19.0.13, executor 0, partition 0, PROCESS_LOCAL, 10200 bytes)
[2025-07-08T00:08:59.120+0000] {spark_submit.py:644} INFO - 25/07/08 00:08:59 INFO BlockManagerInfo: Added broadcast_5_piece0 in memory on 172.19.0.13:38485 (size: 6.0 KiB, free: 434.4 MiB)
[2025-07-08T00:08:59.317+0000] {spark_submit.py:644} INFO - 25/07/08 00:08:59 INFO BlockManagerInfo: Added broadcast_4_piece0 in memory on 172.19.0.13:38485 (size: 35.7 KiB, free: 434.3 MiB)
[2025-07-08T00:08:59.383+0000] {spark_submit.py:644} INFO - 25/07/08 00:08:59 INFO TaskSetManager: Finished task 0.0 in stage 2.0 (TID 3) in 315 ms on 172.19.0.13 (executor 0) (1/1)
[2025-07-08T00:08:59.384+0000] {spark_submit.py:644} INFO - 25/07/08 00:08:59 INFO TaskSchedulerImpl: Removed TaskSet 2.0, whose tasks have all completed, from pool
[2025-07-08T00:08:59.385+0000] {spark_submit.py:644} INFO - 25/07/08 00:08:59 INFO DAGScheduler: ResultStage 2 (collect at /opt/bitnami/spark/jobs/process_exercises_job.py:315) finished in 0.395 s
[2025-07-08T00:08:59.385+0000] {spark_submit.py:644} INFO - 25/07/08 00:08:59 INFO DAGScheduler: Job 2 is finished. Cancelling potential speculative or zombie tasks for this job
[2025-07-08T00:08:59.386+0000] {spark_submit.py:644} INFO - 25/07/08 00:08:59 INFO TaskSchedulerImpl: Killing all running tasks in stage 2: Stage finished
[2025-07-08T00:08:59.387+0000] {spark_submit.py:644} INFO - 25/07/08 00:08:59 INFO DAGScheduler: Job 2 finished: collect at /opt/bitnami/spark/jobs/process_exercises_job.py:315, took 0.402477 s
[2025-07-08T00:08:59.447+0000] {spark_submit.py:644} INFO - 25/07/08 00:08:59 INFO InMemoryFileIndex: It took 16 ms to list leaf files for 1 paths.
[2025-07-08T00:08:59.545+0000] {spark_submit.py:644} INFO - 25/07/08 00:08:59 INFO FileSourceStrategy: Pushed Filters:
[2025-07-08T00:08:59.546+0000] {spark_submit.py:644} INFO - 25/07/08 00:08:59 INFO FileSourceStrategy: Post-Scan Filters:
[2025-07-08T00:08:59.556+0000] {spark_submit.py:644} INFO - 25/07/08 00:08:59 INFO MemoryStore: Block broadcast_6 stored as values in memory (estimated size 203.5 KiB, free 433.7 MiB)
[2025-07-08T00:08:59.582+0000] {spark_submit.py:644} INFO - 25/07/08 00:08:59 INFO MemoryStore: Block broadcast_6_piece0 stored as bytes in memory (estimated size 35.7 KiB, free 433.7 MiB)
[2025-07-08T00:08:59.583+0000] {spark_submit.py:644} INFO - 25/07/08 00:08:59 INFO BlockManagerInfo: Removed broadcast_5_piece0 on 684e3ce84eec:39207 in memory (size: 6.0 KiB, free: 434.3 MiB)
[2025-07-08T00:08:59.584+0000] {spark_submit.py:644} INFO - 25/07/08 00:08:59 INFO BlockManagerInfo: Added broadcast_6_piece0 in memory on 684e3ce84eec:39207 (size: 35.7 KiB, free: 434.3 MiB)
[2025-07-08T00:08:59.585+0000] {spark_submit.py:644} INFO - 25/07/08 00:08:59 INFO SparkContext: Created broadcast 6 from collect at /opt/bitnami/spark/jobs/process_exercises_job.py:315
[2025-07-08T00:08:59.587+0000] {spark_submit.py:644} INFO - 25/07/08 00:08:59 INFO FileSourceScanExec: Planning scan with bin packing, max size: 4194304 bytes, open cost is considered as scanning 4194304 bytes.
[2025-07-08T00:08:59.691+0000] {spark_submit.py:644} INFO - 25/07/08 00:08:59 INFO SparkContext: Starting job: collect at /opt/bitnami/spark/jobs/process_exercises_job.py:315
[2025-07-08T00:08:59.693+0000] {spark_submit.py:644} INFO - 25/07/08 00:08:59 INFO DAGScheduler: Got job 3 (collect at /opt/bitnami/spark/jobs/process_exercises_job.py:315) with 1 output partitions
[2025-07-08T00:08:59.693+0000] {spark_submit.py:644} INFO - 25/07/08 00:08:59 INFO DAGScheduler: Final stage: ResultStage 3 (collect at /opt/bitnami/spark/jobs/process_exercises_job.py:315)
[2025-07-08T00:08:59.694+0000] {spark_submit.py:644} INFO - 25/07/08 00:08:59 INFO DAGScheduler: Parents of final stage: List()
[2025-07-08T00:08:59.695+0000] {spark_submit.py:644} INFO - 25/07/08 00:08:59 INFO DAGScheduler: Missing parents: List()
[2025-07-08T00:08:59.696+0000] {spark_submit.py:644} INFO - 25/07/08 00:08:59 INFO DAGScheduler: Submitting ResultStage 3 (MapPartitionsRDD[21] at collect at /opt/bitnami/spark/jobs/process_exercises_job.py:315), which has no missing parents
[2025-07-08T00:08:59.697+0000] {spark_submit.py:644} INFO - 25/07/08 00:08:59 INFO MemoryStore: Block broadcast_7 stored as values in memory (estimated size 12.6 KiB, free 433.7 MiB)
[2025-07-08T00:08:59.699+0000] {spark_submit.py:644} INFO - 25/07/08 00:08:59 INFO MemoryStore: Block broadcast_7_piece0 stored as bytes in memory (estimated size 6.0 KiB, free 433.7 MiB)
[2025-07-08T00:08:59.700+0000] {spark_submit.py:644} INFO - 25/07/08 00:08:59 INFO BlockManagerInfo: Added broadcast_7_piece0 in memory on 684e3ce84eec:39207 (size: 6.0 KiB, free: 434.3 MiB)
[2025-07-08T00:08:59.701+0000] {spark_submit.py:644} INFO - 25/07/08 00:08:59 INFO SparkContext: Created broadcast 7 from broadcast at DAGScheduler.scala:1585
[2025-07-08T00:08:59.702+0000] {spark_submit.py:644} INFO - 25/07/08 00:08:59 INFO DAGScheduler: Submitting 1 missing tasks from ResultStage 3 (MapPartitionsRDD[21] at collect at /opt/bitnami/spark/jobs/process_exercises_job.py:315) (first 15 tasks are for partitions Vector(0))
[2025-07-08T00:08:59.702+0000] {spark_submit.py:644} INFO - 25/07/08 00:08:59 INFO TaskSchedulerImpl: Adding task set 3.0 with 1 tasks resource profile 0
[2025-07-08T00:08:59.704+0000] {spark_submit.py:644} INFO - 25/07/08 00:08:59 INFO TaskSetManager: Starting task 0.0 in stage 3.0 (TID 4) (172.19.0.13, executor 0, partition 0, PROCESS_LOCAL, 10200 bytes)
[2025-07-08T00:08:59.784+0000] {spark_submit.py:644} INFO - 25/07/08 00:08:59 INFO BlockManagerInfo: Removed broadcast_5_piece0 on 172.19.0.13:38485 in memory (size: 6.0 KiB, free: 434.3 MiB)
[2025-07-08T00:08:59.792+0000] {spark_submit.py:644} INFO - 25/07/08 00:08:59 INFO BlockManagerInfo: Added broadcast_7_piece0 in memory on 172.19.0.13:38485 (size: 6.0 KiB, free: 434.3 MiB)
[2025-07-08T00:08:59.813+0000] {spark_submit.py:644} INFO - 25/07/08 00:08:59 INFO BlockManagerInfo: Added broadcast_6_piece0 in memory on 172.19.0.13:38485 (size: 35.7 KiB, free: 434.3 MiB)
[2025-07-08T00:08:59.925+0000] {spark_submit.py:644} INFO - 25/07/08 00:08:59 INFO TaskSetManager: Finished task 0.0 in stage 3.0 (TID 4) in 221 ms on 172.19.0.13 (executor 0) (1/1)
[2025-07-08T00:08:59.926+0000] {spark_submit.py:644} INFO - 25/07/08 00:08:59 INFO TaskSchedulerImpl: Removed TaskSet 3.0, whose tasks have all completed, from pool
[2025-07-08T00:08:59.926+0000] {spark_submit.py:644} INFO - 25/07/08 00:08:59 INFO DAGScheduler: ResultStage 3 (collect at /opt/bitnami/spark/jobs/process_exercises_job.py:315) finished in 0.230 s
[2025-07-08T00:08:59.927+0000] {spark_submit.py:644} INFO - 25/07/08 00:08:59 INFO DAGScheduler: Job 3 is finished. Cancelling potential speculative or zombie tasks for this job
[2025-07-08T00:08:59.928+0000] {spark_submit.py:644} INFO - 25/07/08 00:08:59 INFO TaskSchedulerImpl: Killing all running tasks in stage 3: Stage finished
[2025-07-08T00:08:59.929+0000] {spark_submit.py:644} INFO - 25/07/08 00:08:59 INFO DAGScheduler: Job 3 finished: collect at /opt/bitnami/spark/jobs/process_exercises_job.py:315, took 0.235687 s
[2025-07-08T00:08:59.967+0000] {spark_submit.py:644} INFO - 25/07/08 00:08:59 INFO InMemoryFileIndex: It took 10 ms to list leaf files for 1 paths.
[2025-07-08T00:09:00.005+0000] {spark_submit.py:644} INFO - 25/07/08 00:09:00 INFO FileSourceStrategy: Pushed Filters:
[2025-07-08T00:09:00.006+0000] {spark_submit.py:644} INFO - 25/07/08 00:09:00 INFO FileSourceStrategy: Post-Scan Filters:
[2025-07-08T00:09:00.020+0000] {spark_submit.py:644} INFO - 25/07/08 00:09:00 INFO MemoryStore: Block broadcast_8 stored as values in memory (estimated size 203.5 KiB, free 433.5 MiB)
[2025-07-08T00:09:00.041+0000] {spark_submit.py:644} INFO - 25/07/08 00:09:00 INFO MemoryStore: Block broadcast_8_piece0 stored as bytes in memory (estimated size 35.7 KiB, free 433.4 MiB)
[2025-07-08T00:09:00.170+0000] {spark_submit.py:644} INFO - 25/07/08 00:09:00 INFO BlockManagerInfo: Removed broadcast_7_piece0 on 172.19.0.13:38485 in memory (size: 6.0 KiB, free: 434.3 MiB)
[2025-07-08T00:09:00.171+0000] {spark_submit.py:644} INFO - 25/07/08 00:09:00 INFO BlockManagerInfo: Added broadcast_8_piece0 in memory on 684e3ce84eec:39207 (size: 35.7 KiB, free: 434.3 MiB)
[2025-07-08T00:09:00.172+0000] {spark_submit.py:644} INFO - 25/07/08 00:09:00 INFO BlockManagerInfo: Removed broadcast_7_piece0 on 684e3ce84eec:39207 in memory (size: 6.0 KiB, free: 434.3 MiB)
[2025-07-08T00:09:00.173+0000] {spark_submit.py:644} INFO - 25/07/08 00:09:00 INFO SparkContext: Created broadcast 8 from collect at /opt/bitnami/spark/jobs/process_exercises_job.py:315
[2025-07-08T00:09:00.174+0000] {spark_submit.py:644} INFO - 25/07/08 00:09:00 INFO FileSourceScanExec: Planning scan with bin packing, max size: 4194304 bytes, open cost is considered as scanning 4194304 bytes.
[2025-07-08T00:09:00.187+0000] {spark_submit.py:644} INFO - 25/07/08 00:09:00 INFO SparkContext: Starting job: collect at /opt/bitnami/spark/jobs/process_exercises_job.py:315
[2025-07-08T00:09:00.189+0000] {spark_submit.py:644} INFO - 25/07/08 00:09:00 INFO DAGScheduler: Got job 4 (collect at /opt/bitnami/spark/jobs/process_exercises_job.py:315) with 1 output partitions
[2025-07-08T00:09:00.190+0000] {spark_submit.py:644} INFO - 25/07/08 00:09:00 INFO DAGScheduler: Final stage: ResultStage 4 (collect at /opt/bitnami/spark/jobs/process_exercises_job.py:315)
[2025-07-08T00:09:00.191+0000] {spark_submit.py:644} INFO - 25/07/08 00:09:00 INFO DAGScheduler: Parents of final stage: List()
[2025-07-08T00:09:00.191+0000] {spark_submit.py:644} INFO - 25/07/08 00:09:00 INFO DAGScheduler: Missing parents: List()
[2025-07-08T00:09:00.192+0000] {spark_submit.py:644} INFO - 25/07/08 00:09:00 INFO DAGScheduler: Submitting ResultStage 4 (MapPartitionsRDD[25] at collect at /opt/bitnami/spark/jobs/process_exercises_job.py:315), which has no missing parents
[2025-07-08T00:09:00.193+0000] {spark_submit.py:644} INFO - 25/07/08 00:09:00 INFO MemoryStore: Block broadcast_9 stored as values in memory (estimated size 12.6 KiB, free 433.5 MiB)
[2025-07-08T00:09:00.250+0000] {spark_submit.py:644} INFO - 25/07/08 00:09:00 INFO MemoryStore: Block broadcast_9_piece0 stored as bytes in memory (estimated size 6.0 KiB, free 433.4 MiB)
[2025-07-08T00:09:00.272+0000] {spark_submit.py:644} INFO - 25/07/08 00:09:00 INFO BlockManagerInfo: Added broadcast_9_piece0 in memory on 684e3ce84eec:39207 (size: 6.0 KiB, free: 434.3 MiB)
[2025-07-08T00:09:00.273+0000] {spark_submit.py:644} INFO - 25/07/08 00:09:00 INFO SparkContext: Created broadcast 9 from broadcast at DAGScheduler.scala:1585
[2025-07-08T00:09:00.273+0000] {spark_submit.py:644} INFO - 25/07/08 00:09:00 INFO DAGScheduler: Submitting 1 missing tasks from ResultStage 4 (MapPartitionsRDD[25] at collect at /opt/bitnami/spark/jobs/process_exercises_job.py:315) (first 15 tasks are for partitions Vector(0))
[2025-07-08T00:09:00.274+0000] {spark_submit.py:644} INFO - 25/07/08 00:09:00 INFO TaskSchedulerImpl: Adding task set 4.0 with 1 tasks resource profile 0
[2025-07-08T00:09:00.275+0000] {spark_submit.py:644} INFO - 25/07/08 00:09:00 INFO TaskSetManager: Starting task 0.0 in stage 4.0 (TID 5) (172.19.0.13, executor 0, partition 0, PROCESS_LOCAL, 10200 bytes)
[2025-07-08T00:09:00.293+0000] {spark_submit.py:644} INFO - 25/07/08 00:09:00 INFO BlockManagerInfo: Added broadcast_9_piece0 in memory on 172.19.0.13:38485 (size: 6.0 KiB, free: 434.3 MiB)
[2025-07-08T00:09:00.333+0000] {spark_submit.py:644} INFO - 25/07/08 00:09:00 INFO BlockManagerInfo: Added broadcast_8_piece0 in memory on 172.19.0.13:38485 (size: 35.7 KiB, free: 434.3 MiB)
[2025-07-08T00:09:00.395+0000] {spark_submit.py:644} INFO - 25/07/08 00:09:00 INFO TaskSetManager: Finished task 0.0 in stage 4.0 (TID 5) in 120 ms on 172.19.0.13 (executor 0) (1/1)
[2025-07-08T00:09:00.396+0000] {spark_submit.py:644} INFO - 25/07/08 00:09:00 INFO TaskSchedulerImpl: Removed TaskSet 4.0, whose tasks have all completed, from pool
[2025-07-08T00:09:00.397+0000] {spark_submit.py:644} INFO - 25/07/08 00:09:00 INFO DAGScheduler: ResultStage 4 (collect at /opt/bitnami/spark/jobs/process_exercises_job.py:315) finished in 0.205 s
[2025-07-08T00:09:00.398+0000] {spark_submit.py:644} INFO - 25/07/08 00:09:00 INFO DAGScheduler: Job 4 is finished. Cancelling potential speculative or zombie tasks for this job
[2025-07-08T00:09:00.398+0000] {spark_submit.py:644} INFO - 25/07/08 00:09:00 INFO TaskSchedulerImpl: Killing all running tasks in stage 4: Stage finished
[2025-07-08T00:09:00.399+0000] {spark_submit.py:644} INFO - 25/07/08 00:09:00 INFO DAGScheduler: Job 4 finished: collect at /opt/bitnami/spark/jobs/process_exercises_job.py:315, took 0.210158 s
[2025-07-08T00:09:00.468+0000] {spark_submit.py:644} INFO - 25/07/08 00:09:00 INFO InMemoryFileIndex: It took 35 ms to list leaf files for 1 paths.
[2025-07-08T00:09:00.992+0000] {spark_submit.py:644} INFO - 25/07/08 00:09:00 INFO FileSourceStrategy: Pushed Filters:
[2025-07-08T00:09:00.993+0000] {spark_submit.py:644} INFO - 25/07/08 00:09:00 INFO FileSourceStrategy: Post-Scan Filters:
[2025-07-08T00:09:01.141+0000] {spark_submit.py:644} INFO - 25/07/08 00:09:01 INFO CodeGenerator: Code generated in 23.804201 ms
[2025-07-08T00:09:01.210+0000] {spark_submit.py:644} INFO - 25/07/08 00:09:01 INFO CodeGenerator: Code generated in 34.567577 ms
[2025-07-08T00:09:01.215+0000] {spark_submit.py:644} INFO - 25/07/08 00:09:01 INFO MemoryStore: Block broadcast_10 stored as values in memory (estimated size 203.5 KiB, free 433.2 MiB)
[2025-07-08T00:09:01.262+0000] {spark_submit.py:644} INFO - 25/07/08 00:09:01 INFO MemoryStore: Block broadcast_10_piece0 stored as bytes in memory (estimated size 35.7 KiB, free 433.2 MiB)
[2025-07-08T00:09:01.266+0000] {spark_submit.py:644} INFO - 25/07/08 00:09:01 INFO BlockManagerInfo: Removed broadcast_9_piece0 on 172.19.0.13:38485 in memory (size: 6.0 KiB, free: 434.3 MiB)
[2025-07-08T00:09:01.273+0000] {spark_submit.py:644} INFO - 25/07/08 00:09:01 INFO BlockManagerInfo: Added broadcast_10_piece0 in memory on 684e3ce84eec:39207 (size: 35.7 KiB, free: 434.2 MiB)
[2025-07-08T00:09:01.273+0000] {spark_submit.py:644} INFO - 25/07/08 00:09:01 INFO BlockManagerInfo: Removed broadcast_9_piece0 on 684e3ce84eec:39207 in memory (size: 6.0 KiB, free: 434.2 MiB)
[2025-07-08T00:09:01.274+0000] {spark_submit.py:644} INFO - 25/07/08 00:09:01 INFO SparkContext: Created broadcast 10 from count at NativeMethodAccessorImpl.java:0
[2025-07-08T00:09:01.276+0000] {spark_submit.py:644} INFO - 25/07/08 00:09:01 INFO FileSourceScanExec: Planning scan with bin packing, max size: 4194304 bytes, open cost is considered as scanning 4194304 bytes.
[2025-07-08T00:09:01.496+0000] {spark_submit.py:644} INFO - 25/07/08 00:09:01 INFO DAGScheduler: Registering RDD 34 (count at NativeMethodAccessorImpl.java:0) as input to shuffle 0
[2025-07-08T00:09:01.501+0000] {spark_submit.py:644} INFO - 25/07/08 00:09:01 INFO DAGScheduler: Got map stage job 5 (count at NativeMethodAccessorImpl.java:0) with 1 output partitions
[2025-07-08T00:09:01.501+0000] {spark_submit.py:644} INFO - 25/07/08 00:09:01 INFO DAGScheduler: Final stage: ShuffleMapStage 5 (count at NativeMethodAccessorImpl.java:0)
[2025-07-08T00:09:01.502+0000] {spark_submit.py:644} INFO - 25/07/08 00:09:01 INFO DAGScheduler: Parents of final stage: List()
[2025-07-08T00:09:01.503+0000] {spark_submit.py:644} INFO - 25/07/08 00:09:01 INFO DAGScheduler: Missing parents: List()
[2025-07-08T00:09:01.505+0000] {spark_submit.py:644} INFO - 25/07/08 00:09:01 INFO DAGScheduler: Submitting ShuffleMapStage 5 (MapPartitionsRDD[34] at count at NativeMethodAccessorImpl.java:0), which has no missing parents
[2025-07-08T00:09:01.564+0000] {spark_submit.py:644} INFO - 25/07/08 00:09:01 INFO MemoryStore: Block broadcast_11 stored as values in memory (estimated size 41.5 KiB, free 433.2 MiB)
[2025-07-08T00:09:01.573+0000] {spark_submit.py:644} INFO - 25/07/08 00:09:01 INFO MemoryStore: Block broadcast_11_piece0 stored as bytes in memory (estimated size 19.4 KiB, free 433.2 MiB)
[2025-07-08T00:09:01.575+0000] {spark_submit.py:644} INFO - 25/07/08 00:09:01 INFO BlockManagerInfo: Added broadcast_11_piece0 in memory on 684e3ce84eec:39207 (size: 19.4 KiB, free: 434.2 MiB)
[2025-07-08T00:09:01.576+0000] {spark_submit.py:644} INFO - 25/07/08 00:09:01 INFO BlockManagerInfo: Removed broadcast_8_piece0 on 684e3ce84eec:39207 in memory (size: 35.7 KiB, free: 434.2 MiB)
[2025-07-08T00:09:01.576+0000] {spark_submit.py:644} INFO - 25/07/08 00:09:01 INFO SparkContext: Created broadcast 11 from broadcast at DAGScheduler.scala:1585
[2025-07-08T00:09:01.578+0000] {spark_submit.py:644} INFO - 25/07/08 00:09:01 INFO DAGScheduler: Submitting 1 missing tasks from ShuffleMapStage 5 (MapPartitionsRDD[34] at count at NativeMethodAccessorImpl.java:0) (first 15 tasks are for partitions Vector(0))
[2025-07-08T00:09:01.579+0000] {spark_submit.py:644} INFO - 25/07/08 00:09:01 INFO TaskSchedulerImpl: Adding task set 5.0 with 1 tasks resource profile 0
[2025-07-08T00:09:01.580+0000] {spark_submit.py:644} INFO - 25/07/08 00:09:01 INFO BlockManagerInfo: Removed broadcast_8_piece0 on 172.19.0.13:38485 in memory (size: 35.7 KiB, free: 434.3 MiB)
[2025-07-08T00:09:01.583+0000] {spark_submit.py:644} INFO - 25/07/08 00:09:01 INFO TaskSetManager: Starting task 0.0 in stage 5.0 (TID 6) (172.19.0.13, executor 0, partition 0, PROCESS_LOCAL, 10189 bytes)
[2025-07-08T00:09:01.592+0000] {spark_submit.py:644} INFO - 25/07/08 00:09:01 INFO BlockManagerInfo: Removed broadcast_6_piece0 on 684e3ce84eec:39207 in memory (size: 35.7 KiB, free: 434.3 MiB)
[2025-07-08T00:09:01.596+0000] {spark_submit.py:644} INFO - 25/07/08 00:09:01 INFO BlockManagerInfo: Removed broadcast_6_piece0 on 172.19.0.13:38485 in memory (size: 35.7 KiB, free: 434.3 MiB)
[2025-07-08T00:09:01.605+0000] {spark_submit.py:644} INFO - 25/07/08 00:09:01 INFO BlockManagerInfo: Removed broadcast_4_piece0 on 684e3ce84eec:39207 in memory (size: 35.7 KiB, free: 434.3 MiB)
[2025-07-08T00:09:01.608+0000] {spark_submit.py:644} INFO - 25/07/08 00:09:01 INFO BlockManagerInfo: Removed broadcast_4_piece0 on 172.19.0.13:38485 in memory (size: 35.7 KiB, free: 434.4 MiB)
[2025-07-08T00:09:01.665+0000] {spark_submit.py:644} INFO - 25/07/08 00:09:01 INFO BlockManagerInfo: Removed broadcast_2_piece0 on 684e3ce84eec:39207 in memory (size: 35.7 KiB, free: 434.3 MiB)
[2025-07-08T00:09:01.667+0000] {spark_submit.py:644} INFO - 25/07/08 00:09:01 INFO BlockManagerInfo: Removed broadcast_2_piece0 on 172.19.0.13:38485 in memory (size: 35.7 KiB, free: 434.4 MiB)
[2025-07-08T00:09:01.670+0000] {spark_submit.py:644} INFO - 25/07/08 00:09:01 INFO BlockManagerInfo: Added broadcast_11_piece0 in memory on 172.19.0.13:38485 (size: 19.4 KiB, free: 434.4 MiB)
[2025-07-08T00:09:02.542+0000] {spark_submit.py:644} INFO - 25/07/08 00:09:02 INFO BlockManagerInfo: Added broadcast_10_piece0 in memory on 172.19.0.13:38485 (size: 35.7 KiB, free: 434.3 MiB)
[2025-07-08T00:09:03.087+0000] {spark_submit.py:644} INFO - 25/07/08 00:09:03 INFO TaskSetManager: Finished task 0.0 in stage 5.0 (TID 6) in 1506 ms on 172.19.0.13 (executor 0) (1/1)
[2025-07-08T00:09:03.089+0000] {spark_submit.py:644} INFO - 25/07/08 00:09:03 INFO TaskSchedulerImpl: Removed TaskSet 5.0, whose tasks have all completed, from pool
[2025-07-08T00:09:03.098+0000] {spark_submit.py:644} INFO - 25/07/08 00:09:03 INFO DAGScheduler: ShuffleMapStage 5 (count at NativeMethodAccessorImpl.java:0) finished in 1.588 s
[2025-07-08T00:09:03.100+0000] {spark_submit.py:644} INFO - 25/07/08 00:09:03 INFO DAGScheduler: looking for newly runnable stages
[2025-07-08T00:09:03.103+0000] {spark_submit.py:644} INFO - 25/07/08 00:09:03 INFO DAGScheduler: running: Set()
[2025-07-08T00:09:03.106+0000] {spark_submit.py:644} INFO - 25/07/08 00:09:03 INFO DAGScheduler: waiting: Set()
[2025-07-08T00:09:03.109+0000] {spark_submit.py:644} INFO - 25/07/08 00:09:03 INFO DAGScheduler: failed: Set()
[2025-07-08T00:09:03.216+0000] {spark_submit.py:644} INFO - 25/07/08 00:09:03 INFO CodeGenerator: Code generated in 16.850541 ms
[2025-07-08T00:09:03.266+0000] {spark_submit.py:644} INFO - 25/07/08 00:09:03 INFO SparkContext: Starting job: count at NativeMethodAccessorImpl.java:0
[2025-07-08T00:09:03.268+0000] {spark_submit.py:644} INFO - 25/07/08 00:09:03 INFO DAGScheduler: Got job 6 (count at NativeMethodAccessorImpl.java:0) with 1 output partitions
[2025-07-08T00:09:03.268+0000] {spark_submit.py:644} INFO - 25/07/08 00:09:03 INFO DAGScheduler: Final stage: ResultStage 7 (count at NativeMethodAccessorImpl.java:0)
[2025-07-08T00:09:03.269+0000] {spark_submit.py:644} INFO - 25/07/08 00:09:03 INFO DAGScheduler: Parents of final stage: List(ShuffleMapStage 6)
[2025-07-08T00:09:03.270+0000] {spark_submit.py:644} INFO - 25/07/08 00:09:03 INFO DAGScheduler: Missing parents: List()
[2025-07-08T00:09:03.271+0000] {spark_submit.py:644} INFO - 25/07/08 00:09:03 INFO DAGScheduler: Submitting ResultStage 7 (MapPartitionsRDD[37] at count at NativeMethodAccessorImpl.java:0), which has no missing parents
[2025-07-08T00:09:03.277+0000] {spark_submit.py:644} INFO - 25/07/08 00:09:03 INFO MemoryStore: Block broadcast_12 stored as values in memory (estimated size 12.5 KiB, free 434.1 MiB)
[2025-07-08T00:09:03.284+0000] {spark_submit.py:644} INFO - 25/07/08 00:09:03 INFO MemoryStore: Block broadcast_12_piece0 stored as bytes in memory (estimated size 5.9 KiB, free 434.1 MiB)
[2025-07-08T00:09:03.285+0000] {spark_submit.py:644} INFO - 25/07/08 00:09:03 INFO BlockManagerInfo: Added broadcast_12_piece0 in memory on 684e3ce84eec:39207 (size: 5.9 KiB, free: 434.3 MiB)
[2025-07-08T00:09:03.286+0000] {spark_submit.py:644} INFO - 25/07/08 00:09:03 INFO SparkContext: Created broadcast 12 from broadcast at DAGScheduler.scala:1585
[2025-07-08T00:09:03.287+0000] {spark_submit.py:644} INFO - 25/07/08 00:09:03 INFO BlockManagerInfo: Removed broadcast_11_piece0 on 684e3ce84eec:39207 in memory (size: 19.4 KiB, free: 434.4 MiB)
[2025-07-08T00:09:03.288+0000] {spark_submit.py:644} INFO - 25/07/08 00:09:03 INFO DAGScheduler: Submitting 1 missing tasks from ResultStage 7 (MapPartitionsRDD[37] at count at NativeMethodAccessorImpl.java:0) (first 15 tasks are for partitions Vector(0))
[2025-07-08T00:09:03.288+0000] {spark_submit.py:644} INFO - 25/07/08 00:09:03 INFO TaskSchedulerImpl: Adding task set 7.0 with 1 tasks resource profile 0
[2025-07-08T00:09:03.289+0000] {spark_submit.py:644} INFO - 25/07/08 00:09:03 INFO BlockManagerInfo: Removed broadcast_11_piece0 on 172.19.0.13:38485 in memory (size: 19.4 KiB, free: 434.4 MiB)
[2025-07-08T00:09:03.292+0000] {spark_submit.py:644} INFO - 25/07/08 00:09:03 INFO TaskSetManager: Starting task 0.0 in stage 7.0 (TID 7) (172.19.0.13, executor 0, partition 0, NODE_LOCAL, 9518 bytes)
[2025-07-08T00:09:03.308+0000] {spark_submit.py:644} INFO - 25/07/08 00:09:03 INFO BlockManagerInfo: Added broadcast_12_piece0 in memory on 172.19.0.13:38485 (size: 5.9 KiB, free: 434.4 MiB)
[2025-07-08T00:09:03.339+0000] {spark_submit.py:644} INFO - 25/07/08 00:09:03 INFO MapOutputTrackerMasterEndpoint: Asked to send map output locations for shuffle 0 to 172.19.0.13:33352
[2025-07-08T00:09:03.886+0000] {spark_submit.py:644} INFO - 25/07/08 00:09:03 INFO TaskSetManager: Finished task 0.0 in stage 7.0 (TID 7) in 596 ms on 172.19.0.13 (executor 0) (1/1)
[2025-07-08T00:09:03.887+0000] {spark_submit.py:644} INFO - 25/07/08 00:09:03 INFO TaskSchedulerImpl: Removed TaskSet 7.0, whose tasks have all completed, from pool
[2025-07-08T00:09:03.888+0000] {spark_submit.py:644} INFO - 25/07/08 00:09:03 INFO DAGScheduler: ResultStage 7 (count at NativeMethodAccessorImpl.java:0) finished in 0.613 s
[2025-07-08T00:09:03.889+0000] {spark_submit.py:644} INFO - 25/07/08 00:09:03 INFO DAGScheduler: Job 6 is finished. Cancelling potential speculative or zombie tasks for this job
[2025-07-08T00:09:03.890+0000] {spark_submit.py:644} INFO - 25/07/08 00:09:03 INFO TaskSchedulerImpl: Killing all running tasks in stage 7: Stage finished
[2025-07-08T00:09:03.891+0000] {spark_submit.py:644} INFO - 25/07/08 00:09:03 INFO DAGScheduler: Job 6 finished: count at NativeMethodAccessorImpl.java:0, took 0.623511 s
[2025-07-08T00:09:03.938+0000] {spark_submit.py:644} INFO - 25/07/08 00:09:03 INFO InMemoryFileIndex: It took 12 ms to list leaf files for 1 paths.
[2025-07-08T00:09:04.083+0000] {spark_submit.py:644} INFO - 25/07/08 00:09:04 INFO FileSourceStrategy: Pushed Filters:
[2025-07-08T00:09:04.084+0000] {spark_submit.py:644} INFO - 25/07/08 00:09:04 INFO FileSourceStrategy: Post-Scan Filters:
[2025-07-08T00:09:04.125+0000] {spark_submit.py:644} INFO - 25/07/08 00:09:04 INFO MemoryStore: Block broadcast_13 stored as values in memory (estimated size 203.5 KiB, free 433.9 MiB)
[2025-07-08T00:09:04.137+0000] {spark_submit.py:644} INFO - 25/07/08 00:09:04 INFO BlockManagerInfo: Removed broadcast_10_piece0 on 684e3ce84eec:39207 in memory (size: 35.7 KiB, free: 434.4 MiB)
[2025-07-08T00:09:04.163+0000] {spark_submit.py:644} INFO - 25/07/08 00:09:04 INFO BlockManagerInfo: Removed broadcast_10_piece0 on 172.19.0.13:38485 in memory (size: 35.7 KiB, free: 434.4 MiB)
[2025-07-08T00:09:04.165+0000] {spark_submit.py:644} INFO - 25/07/08 00:09:04 INFO MemoryStore: Block broadcast_13_piece0 stored as bytes in memory (estimated size 35.7 KiB, free 434.1 MiB)
[2025-07-08T00:09:04.168+0000] {spark_submit.py:644} INFO - 25/07/08 00:09:04 INFO BlockManagerInfo: Added broadcast_13_piece0 in memory on 684e3ce84eec:39207 (size: 35.7 KiB, free: 434.4 MiB)
[2025-07-08T00:09:04.171+0000] {spark_submit.py:644} INFO - 25/07/08 00:09:04 INFO SparkContext: Created broadcast 13 from count at NativeMethodAccessorImpl.java:0
[2025-07-08T00:09:04.175+0000] {spark_submit.py:644} INFO - 25/07/08 00:09:04 INFO FileSourceScanExec: Planning scan with bin packing, max size: 4194304 bytes, open cost is considered as scanning 4194304 bytes.
[2025-07-08T00:09:04.191+0000] {spark_submit.py:644} INFO - 25/07/08 00:09:04 INFO BlockManagerInfo: Removed broadcast_12_piece0 on 684e3ce84eec:39207 in memory (size: 5.9 KiB, free: 434.4 MiB)
[2025-07-08T00:09:04.263+0000] {spark_submit.py:644} INFO - 25/07/08 00:09:04 INFO BlockManagerInfo: Removed broadcast_12_piece0 on 172.19.0.13:38485 in memory (size: 5.9 KiB, free: 434.4 MiB)
[2025-07-08T00:09:04.366+0000] {spark_submit.py:644} INFO - 25/07/08 00:09:04 INFO DAGScheduler: Registering RDD 46 (count at NativeMethodAccessorImpl.java:0) as input to shuffle 1
[2025-07-08T00:09:04.368+0000] {spark_submit.py:644} INFO - 25/07/08 00:09:04 INFO DAGScheduler: Got map stage job 7 (count at NativeMethodAccessorImpl.java:0) with 1 output partitions
[2025-07-08T00:09:04.369+0000] {spark_submit.py:644} INFO - 25/07/08 00:09:04 INFO DAGScheduler: Final stage: ShuffleMapStage 8 (count at NativeMethodAccessorImpl.java:0)
[2025-07-08T00:09:04.370+0000] {spark_submit.py:644} INFO - 25/07/08 00:09:04 INFO DAGScheduler: Parents of final stage: List()
[2025-07-08T00:09:04.371+0000] {spark_submit.py:644} INFO - 25/07/08 00:09:04 INFO DAGScheduler: Missing parents: List()
[2025-07-08T00:09:04.373+0000] {spark_submit.py:644} INFO - 25/07/08 00:09:04 INFO DAGScheduler: Submitting ShuffleMapStage 8 (MapPartitionsRDD[46] at count at NativeMethodAccessorImpl.java:0), which has no missing parents
[2025-07-08T00:09:04.384+0000] {spark_submit.py:644} INFO - 25/07/08 00:09:04 INFO MemoryStore: Block broadcast_14 stored as values in memory (estimated size 41.5 KiB, free 434.1 MiB)
[2025-07-08T00:09:04.389+0000] {spark_submit.py:644} INFO - 25/07/08 00:09:04 INFO MemoryStore: Block broadcast_14_piece0 stored as bytes in memory (estimated size 19.4 KiB, free 434.1 MiB)
[2025-07-08T00:09:04.391+0000] {spark_submit.py:644} INFO - 25/07/08 00:09:04 INFO BlockManagerInfo: Added broadcast_14_piece0 in memory on 684e3ce84eec:39207 (size: 19.4 KiB, free: 434.3 MiB)
[2025-07-08T00:09:04.392+0000] {spark_submit.py:644} INFO - 25/07/08 00:09:04 INFO SparkContext: Created broadcast 14 from broadcast at DAGScheduler.scala:1585
[2025-07-08T00:09:04.393+0000] {spark_submit.py:644} INFO - 25/07/08 00:09:04 INFO DAGScheduler: Submitting 1 missing tasks from ShuffleMapStage 8 (MapPartitionsRDD[46] at count at NativeMethodAccessorImpl.java:0) (first 15 tasks are for partitions Vector(0))
[2025-07-08T00:09:04.394+0000] {spark_submit.py:644} INFO - 25/07/08 00:09:04 INFO TaskSchedulerImpl: Adding task set 8.0 with 1 tasks resource profile 0
[2025-07-08T00:09:04.396+0000] {spark_submit.py:644} INFO - 25/07/08 00:09:04 INFO TaskSetManager: Starting task 0.0 in stage 8.0 (TID 8) (172.19.0.13, executor 0, partition 0, PROCESS_LOCAL, 10189 bytes)
[2025-07-08T00:09:04.472+0000] {spark_submit.py:644} INFO - 25/07/08 00:09:04 INFO BlockManagerInfo: Added broadcast_14_piece0 in memory on 172.19.0.13:38485 (size: 19.4 KiB, free: 434.4 MiB)
[2025-07-08T00:09:04.517+0000] {spark_submit.py:644} INFO - 25/07/08 00:09:04 INFO BlockManagerInfo: Added broadcast_13_piece0 in memory on 172.19.0.13:38485 (size: 35.7 KiB, free: 434.3 MiB)
[2025-07-08T00:09:04.998+0000] {spark_submit.py:644} INFO - 25/07/08 00:09:04 INFO TaskSetManager: Finished task 0.0 in stage 8.0 (TID 8) in 602 ms on 172.19.0.13 (executor 0) (1/1)
[2025-07-08T00:09:04.999+0000] {spark_submit.py:644} INFO - 25/07/08 00:09:04 INFO TaskSchedulerImpl: Removed TaskSet 8.0, whose tasks have all completed, from pool
[2025-07-08T00:09:05.001+0000] {spark_submit.py:644} INFO - 25/07/08 00:09:05 INFO DAGScheduler: ShuffleMapStage 8 (count at NativeMethodAccessorImpl.java:0) finished in 0.629 s
[2025-07-08T00:09:05.002+0000] {spark_submit.py:644} INFO - 25/07/08 00:09:05 INFO DAGScheduler: looking for newly runnable stages
[2025-07-08T00:09:05.002+0000] {spark_submit.py:644} INFO - 25/07/08 00:09:05 INFO DAGScheduler: running: Set()
[2025-07-08T00:09:05.003+0000] {spark_submit.py:644} INFO - 25/07/08 00:09:05 INFO DAGScheduler: waiting: Set()
[2025-07-08T00:09:05.004+0000] {spark_submit.py:644} INFO - 25/07/08 00:09:05 INFO DAGScheduler: failed: Set()
[2025-07-08T00:09:05.039+0000] {spark_submit.py:644} INFO - 25/07/08 00:09:05 INFO SparkContext: Starting job: count at NativeMethodAccessorImpl.java:0
[2025-07-08T00:09:05.041+0000] {spark_submit.py:644} INFO - 25/07/08 00:09:05 INFO DAGScheduler: Got job 8 (count at NativeMethodAccessorImpl.java:0) with 1 output partitions
[2025-07-08T00:09:05.042+0000] {spark_submit.py:644} INFO - 25/07/08 00:09:05 INFO DAGScheduler: Final stage: ResultStage 10 (count at NativeMethodAccessorImpl.java:0)
[2025-07-08T00:09:05.043+0000] {spark_submit.py:644} INFO - 25/07/08 00:09:05 INFO DAGScheduler: Parents of final stage: List(ShuffleMapStage 9)
[2025-07-08T00:09:05.044+0000] {spark_submit.py:644} INFO - 25/07/08 00:09:05 INFO DAGScheduler: Missing parents: List()
[2025-07-08T00:09:05.045+0000] {spark_submit.py:644} INFO - 25/07/08 00:09:05 INFO DAGScheduler: Submitting ResultStage 10 (MapPartitionsRDD[49] at count at NativeMethodAccessorImpl.java:0), which has no missing parents
[2025-07-08T00:09:05.046+0000] {spark_submit.py:644} INFO - 25/07/08 00:09:05 INFO MemoryStore: Block broadcast_15 stored as values in memory (estimated size 12.5 KiB, free 434.1 MiB)
[2025-07-08T00:09:05.054+0000] {spark_submit.py:644} INFO - 25/07/08 00:09:05 INFO MemoryStore: Block broadcast_15_piece0 stored as bytes in memory (estimated size 5.9 KiB, free 434.1 MiB)
[2025-07-08T00:09:05.055+0000] {spark_submit.py:644} INFO - 25/07/08 00:09:05 INFO BlockManagerInfo: Added broadcast_15_piece0 in memory on 684e3ce84eec:39207 (size: 5.9 KiB, free: 434.3 MiB)
[2025-07-08T00:09:05.056+0000] {spark_submit.py:644} INFO - 25/07/08 00:09:05 INFO BlockManagerInfo: Removed broadcast_14_piece0 on 684e3ce84eec:39207 in memory (size: 19.4 KiB, free: 434.4 MiB)
[2025-07-08T00:09:05.056+0000] {spark_submit.py:644} INFO - 25/07/08 00:09:05 INFO SparkContext: Created broadcast 15 from broadcast at DAGScheduler.scala:1585
[2025-07-08T00:09:05.057+0000] {spark_submit.py:644} INFO - 25/07/08 00:09:05 INFO DAGScheduler: Submitting 1 missing tasks from ResultStage 10 (MapPartitionsRDD[49] at count at NativeMethodAccessorImpl.java:0) (first 15 tasks are for partitions Vector(0))
[2025-07-08T00:09:05.058+0000] {spark_submit.py:644} INFO - 25/07/08 00:09:05 INFO TaskSchedulerImpl: Adding task set 10.0 with 1 tasks resource profile 0
[2025-07-08T00:09:05.059+0000] {spark_submit.py:644} INFO - 25/07/08 00:09:05 INFO TaskSetManager: Starting task 0.0 in stage 10.0 (TID 9) (172.19.0.13, executor 0, partition 0, NODE_LOCAL, 9518 bytes)
[2025-07-08T00:09:05.066+0000] {spark_submit.py:644} INFO - 25/07/08 00:09:05 INFO BlockManagerInfo: Removed broadcast_14_piece0 on 172.19.0.13:38485 in memory (size: 19.4 KiB, free: 434.4 MiB)
[2025-07-08T00:09:05.090+0000] {spark_submit.py:644} INFO - 25/07/08 00:09:05 INFO BlockManagerInfo: Added broadcast_15_piece0 in memory on 172.19.0.13:38485 (size: 5.9 KiB, free: 434.4 MiB)
[2025-07-08T00:09:05.098+0000] {spark_submit.py:644} INFO - 25/07/08 00:09:05 INFO MapOutputTrackerMasterEndpoint: Asked to send map output locations for shuffle 1 to 172.19.0.13:33352
[2025-07-08T00:09:05.119+0000] {spark_submit.py:644} INFO - 25/07/08 00:09:05 INFO TaskSetManager: Finished task 0.0 in stage 10.0 (TID 9) in 61 ms on 172.19.0.13 (executor 0) (1/1)
[2025-07-08T00:09:05.120+0000] {spark_submit.py:644} INFO - 25/07/08 00:09:05 INFO TaskSchedulerImpl: Removed TaskSet 10.0, whose tasks have all completed, from pool
[2025-07-08T00:09:05.123+0000] {spark_submit.py:644} INFO - 25/07/08 00:09:05 INFO DAGScheduler: ResultStage 10 (count at NativeMethodAccessorImpl.java:0) finished in 0.077 s
[2025-07-08T00:09:05.181+0000] {spark_submit.py:644} INFO - 25/07/08 00:09:05 INFO DAGScheduler: Job 8 is finished. Cancelling potential speculative or zombie tasks for this job
[2025-07-08T00:09:05.182+0000] {spark_submit.py:644} INFO - 25/07/08 00:09:05 INFO TaskSchedulerImpl: Killing all running tasks in stage 10: Stage finished
[2025-07-08T00:09:05.182+0000] {spark_submit.py:644} INFO - 25/07/08 00:09:05 INFO DAGScheduler: Job 8 finished: count at NativeMethodAccessorImpl.java:0, took 0.084706 s
[2025-07-08T00:09:05.271+0000] {spark_submit.py:644} INFO - 25/07/08 00:09:05 INFO InMemoryFileIndex: It took 61 ms to list leaf files for 1 paths.
[2025-07-08T00:09:05.692+0000] {spark_submit.py:644} INFO - 25/07/08 00:09:05 INFO FileSourceStrategy: Pushed Filters:
[2025-07-08T00:09:05.693+0000] {spark_submit.py:644} INFO - 25/07/08 00:09:05 INFO FileSourceStrategy: Post-Scan Filters:
[2025-07-08T00:09:05.770+0000] {spark_submit.py:644} INFO - 25/07/08 00:09:05 INFO MemoryStore: Block broadcast_16 stored as values in memory (estimated size 203.5 KiB, free 433.9 MiB)
[2025-07-08T00:09:05.793+0000] {spark_submit.py:644} INFO - 25/07/08 00:09:05 INFO BlockManagerInfo: Removed broadcast_13_piece0 on 684e3ce84eec:39207 in memory (size: 35.7 KiB, free: 434.4 MiB)
[2025-07-08T00:09:05.798+0000] {spark_submit.py:644} INFO - 25/07/08 00:09:05 INFO BlockManagerInfo: Removed broadcast_13_piece0 on 172.19.0.13:38485 in memory (size: 35.7 KiB, free: 434.4 MiB)
[2025-07-08T00:09:05.800+0000] {spark_submit.py:644} INFO - 25/07/08 00:09:05 INFO MemoryStore: Block broadcast_16_piece0 stored as bytes in memory (estimated size 35.7 KiB, free 434.1 MiB)
[2025-07-08T00:09:05.801+0000] {spark_submit.py:644} INFO - 25/07/08 00:09:05 INFO BlockManagerInfo: Added broadcast_16_piece0 in memory on 684e3ce84eec:39207 (size: 35.7 KiB, free: 434.4 MiB)
[2025-07-08T00:09:05.802+0000] {spark_submit.py:644} INFO - 25/07/08 00:09:05 INFO SparkContext: Created broadcast 16 from count at NativeMethodAccessorImpl.java:0
[2025-07-08T00:09:05.804+0000] {spark_submit.py:644} INFO - 25/07/08 00:09:05 INFO FileSourceScanExec: Planning scan with bin packing, max size: 4194304 bytes, open cost is considered as scanning 4194304 bytes.
[2025-07-08T00:09:05.862+0000] {spark_submit.py:644} INFO - 25/07/08 00:09:05 INFO BlockManagerInfo: Removed broadcast_15_piece0 on 684e3ce84eec:39207 in memory (size: 5.9 KiB, free: 434.4 MiB)
[2025-07-08T00:09:05.863+0000] {spark_submit.py:644} INFO - 25/07/08 00:09:05 INFO BlockManagerInfo: Removed broadcast_15_piece0 on 172.19.0.13:38485 in memory (size: 5.9 KiB, free: 434.4 MiB)
[2025-07-08T00:09:05.895+0000] {spark_submit.py:644} INFO - 25/07/08 00:09:05 INFO DAGScheduler: Registering RDD 58 (count at NativeMethodAccessorImpl.java:0) as input to shuffle 2
[2025-07-08T00:09:05.896+0000] {spark_submit.py:644} INFO - 25/07/08 00:09:05 INFO DAGScheduler: Got map stage job 9 (count at NativeMethodAccessorImpl.java:0) with 1 output partitions
[2025-07-08T00:09:05.896+0000] {spark_submit.py:644} INFO - 25/07/08 00:09:05 INFO DAGScheduler: Final stage: ShuffleMapStage 11 (count at NativeMethodAccessorImpl.java:0)
[2025-07-08T00:09:05.897+0000] {spark_submit.py:644} INFO - 25/07/08 00:09:05 INFO DAGScheduler: Parents of final stage: List()
[2025-07-08T00:09:05.898+0000] {spark_submit.py:644} INFO - 25/07/08 00:09:05 INFO DAGScheduler: Missing parents: List()
[2025-07-08T00:09:05.899+0000] {spark_submit.py:644} INFO - 25/07/08 00:09:05 INFO DAGScheduler: Submitting ShuffleMapStage 11 (MapPartitionsRDD[58] at count at NativeMethodAccessorImpl.java:0), which has no missing parents
[2025-07-08T00:09:05.901+0000] {spark_submit.py:644} INFO - 25/07/08 00:09:05 INFO MemoryStore: Block broadcast_17 stored as values in memory (estimated size 41.5 KiB, free 434.1 MiB)
[2025-07-08T00:09:05.903+0000] {spark_submit.py:644} INFO - 25/07/08 00:09:05 INFO MemoryStore: Block broadcast_17_piece0 stored as bytes in memory (estimated size 19.3 KiB, free 434.1 MiB)
[2025-07-08T00:09:05.963+0000] {spark_submit.py:644} INFO - 25/07/08 00:09:05 INFO BlockManagerInfo: Added broadcast_17_piece0 in memory on 684e3ce84eec:39207 (size: 19.3 KiB, free: 434.3 MiB)
[2025-07-08T00:09:05.963+0000] {spark_submit.py:644} INFO - 25/07/08 00:09:05 INFO SparkContext: Created broadcast 17 from broadcast at DAGScheduler.scala:1585
[2025-07-08T00:09:05.964+0000] {spark_submit.py:644} INFO - 25/07/08 00:09:05 INFO DAGScheduler: Submitting 1 missing tasks from ShuffleMapStage 11 (MapPartitionsRDD[58] at count at NativeMethodAccessorImpl.java:0) (first 15 tasks are for partitions Vector(0))
[2025-07-08T00:09:05.965+0000] {spark_submit.py:644} INFO - 25/07/08 00:09:05 INFO TaskSchedulerImpl: Adding task set 11.0 with 1 tasks resource profile 0
[2025-07-08T00:09:05.965+0000] {spark_submit.py:644} INFO - 25/07/08 00:09:05 INFO TaskSetManager: Starting task 0.0 in stage 11.0 (TID 10) (172.19.0.13, executor 0, partition 0, PROCESS_LOCAL, 10189 bytes)
[2025-07-08T00:09:05.980+0000] {spark_submit.py:644} INFO - 25/07/08 00:09:05 INFO BlockManagerInfo: Added broadcast_17_piece0 in memory on 172.19.0.13:38485 (size: 19.3 KiB, free: 434.4 MiB)
[2025-07-08T00:09:06.293+0000] {spark_submit.py:644} INFO - 25/07/08 00:09:06 INFO BlockManagerInfo: Added broadcast_16_piece0 in memory on 172.19.0.13:38485 (size: 35.7 KiB, free: 434.3 MiB)
[2025-07-08T00:09:07.191+0000] {spark_submit.py:644} INFO - 25/07/08 00:09:07 INFO TaskSetManager: Finished task 0.0 in stage 11.0 (TID 10) in 1225 ms on 172.19.0.13 (executor 0) (1/1)
[2025-07-08T00:09:07.194+0000] {spark_submit.py:644} INFO - 25/07/08 00:09:07 INFO TaskSchedulerImpl: Removed TaskSet 11.0, whose tasks have all completed, from pool
[2025-07-08T00:09:07.201+0000] {spark_submit.py:644} INFO - 25/07/08 00:09:07 INFO DAGScheduler: ShuffleMapStage 11 (count at NativeMethodAccessorImpl.java:0) finished in 1.301 s
[2025-07-08T00:09:07.205+0000] {spark_submit.py:644} INFO - 25/07/08 00:09:07 INFO DAGScheduler: looking for newly runnable stages
[2025-07-08T00:09:07.207+0000] {spark_submit.py:644} INFO - 25/07/08 00:09:07 INFO DAGScheduler: running: Set()
[2025-07-08T00:09:07.212+0000] {spark_submit.py:644} INFO - 25/07/08 00:09:07 INFO DAGScheduler: waiting: Set()
[2025-07-08T00:09:07.215+0000] {spark_submit.py:644} INFO - 25/07/08 00:09:07 INFO DAGScheduler: failed: Set()
[2025-07-08T00:09:07.283+0000] {spark_submit.py:644} INFO - 25/07/08 00:09:07 INFO SparkContext: Starting job: count at NativeMethodAccessorImpl.java:0
[2025-07-08T00:09:07.284+0000] {spark_submit.py:644} INFO - 25/07/08 00:09:07 INFO DAGScheduler: Got job 10 (count at NativeMethodAccessorImpl.java:0) with 1 output partitions
[2025-07-08T00:09:07.285+0000] {spark_submit.py:644} INFO - 25/07/08 00:09:07 INFO DAGScheduler: Final stage: ResultStage 13 (count at NativeMethodAccessorImpl.java:0)
[2025-07-08T00:09:07.286+0000] {spark_submit.py:644} INFO - 25/07/08 00:09:07 INFO DAGScheduler: Parents of final stage: List(ShuffleMapStage 12)
[2025-07-08T00:09:07.287+0000] {spark_submit.py:644} INFO - 25/07/08 00:09:07 INFO DAGScheduler: Missing parents: List()
[2025-07-08T00:09:07.288+0000] {spark_submit.py:644} INFO - 25/07/08 00:09:07 INFO DAGScheduler: Submitting ResultStage 13 (MapPartitionsRDD[61] at count at NativeMethodAccessorImpl.java:0), which has no missing parents
[2025-07-08T00:09:07.289+0000] {spark_submit.py:644} INFO - 25/07/08 00:09:07 INFO MemoryStore: Block broadcast_18 stored as values in memory (estimated size 12.5 KiB, free 434.1 MiB)
[2025-07-08T00:09:07.303+0000] {spark_submit.py:644} INFO - 25/07/08 00:09:07 INFO MemoryStore: Block broadcast_18_piece0 stored as bytes in memory (estimated size 5.9 KiB, free 434.1 MiB)
[2025-07-08T00:09:07.304+0000] {spark_submit.py:644} INFO - 25/07/08 00:09:07 INFO BlockManagerInfo: Added broadcast_18_piece0 in memory on 684e3ce84eec:39207 (size: 5.9 KiB, free: 434.3 MiB)
[2025-07-08T00:09:07.305+0000] {spark_submit.py:644} INFO - 25/07/08 00:09:07 INFO BlockManagerInfo: Removed broadcast_17_piece0 on 684e3ce84eec:39207 in memory (size: 19.3 KiB, free: 434.4 MiB)
[2025-07-08T00:09:07.306+0000] {spark_submit.py:644} INFO - 25/07/08 00:09:07 INFO SparkContext: Created broadcast 18 from broadcast at DAGScheduler.scala:1585
[2025-07-08T00:09:07.307+0000] {spark_submit.py:644} INFO - 25/07/08 00:09:07 INFO DAGScheduler: Submitting 1 missing tasks from ResultStage 13 (MapPartitionsRDD[61] at count at NativeMethodAccessorImpl.java:0) (first 15 tasks are for partitions Vector(0))
[2025-07-08T00:09:07.308+0000] {spark_submit.py:644} INFO - 25/07/08 00:09:07 INFO TaskSchedulerImpl: Adding task set 13.0 with 1 tasks resource profile 0
[2025-07-08T00:09:07.310+0000] {spark_submit.py:644} INFO - 25/07/08 00:09:07 INFO TaskSetManager: Starting task 0.0 in stage 13.0 (TID 11) (172.19.0.13, executor 0, partition 0, NODE_LOCAL, 9518 bytes)
[2025-07-08T00:09:07.364+0000] {spark_submit.py:644} INFO - 25/07/08 00:09:07 INFO BlockManagerInfo: Removed broadcast_17_piece0 on 172.19.0.13:38485 in memory (size: 19.3 KiB, free: 434.4 MiB)
[2025-07-08T00:09:07.372+0000] {spark_submit.py:644} INFO - 25/07/08 00:09:07 INFO BlockManagerInfo: Added broadcast_18_piece0 in memory on 172.19.0.13:38485 (size: 5.9 KiB, free: 434.4 MiB)
[2025-07-08T00:09:07.393+0000] {spark_submit.py:644} INFO - 25/07/08 00:09:07 INFO MapOutputTrackerMasterEndpoint: Asked to send map output locations for shuffle 2 to 172.19.0.13:33352
[2025-07-08T00:09:07.487+0000] {spark_submit.py:644} INFO - 25/07/08 00:09:07 INFO TaskSetManager: Finished task 0.0 in stage 13.0 (TID 11) in 178 ms on 172.19.0.13 (executor 0) (1/1)
[2025-07-08T00:09:07.488+0000] {spark_submit.py:644} INFO - 25/07/08 00:09:07 INFO TaskSchedulerImpl: Removed TaskSet 13.0, whose tasks have all completed, from pool
[2025-07-08T00:09:07.489+0000] {spark_submit.py:644} INFO - 25/07/08 00:09:07 INFO DAGScheduler: ResultStage 13 (count at NativeMethodAccessorImpl.java:0) finished in 0.201 s
[2025-07-08T00:09:07.490+0000] {spark_submit.py:644} INFO - 25/07/08 00:09:07 INFO DAGScheduler: Job 10 is finished. Cancelling potential speculative or zombie tasks for this job
[2025-07-08T00:09:07.491+0000] {spark_submit.py:644} INFO - 25/07/08 00:09:07 INFO TaskSchedulerImpl: Killing all running tasks in stage 13: Stage finished
[2025-07-08T00:09:07.492+0000] {spark_submit.py:644} INFO - 25/07/08 00:09:07 INFO DAGScheduler: Job 10 finished: count at NativeMethodAccessorImpl.java:0, took 0.207348 s
[2025-07-08T00:09:07.578+0000] {spark_submit.py:644} INFO - 25/07/08 00:09:07 INFO CodeGenerator: Code generated in 11.216826 ms
[2025-07-08T00:09:07.588+0000] {spark_submit.py:644} INFO - 25/07/08 00:09:07 INFO DAGScheduler: Registering RDD 63 (count at NativeMethodAccessorImpl.java:0) as input to shuffle 3
[2025-07-08T00:09:07.589+0000] {spark_submit.py:644} INFO - 25/07/08 00:09:07 INFO DAGScheduler: Got map stage job 11 (count at NativeMethodAccessorImpl.java:0) with 2 output partitions
[2025-07-08T00:09:07.590+0000] {spark_submit.py:644} INFO - 25/07/08 00:09:07 INFO DAGScheduler: Final stage: ShuffleMapStage 14 (count at NativeMethodAccessorImpl.java:0)
[2025-07-08T00:09:07.591+0000] {spark_submit.py:644} INFO - 25/07/08 00:09:07 INFO DAGScheduler: Parents of final stage: List()
[2025-07-08T00:09:07.592+0000] {spark_submit.py:644} INFO - 25/07/08 00:09:07 INFO DAGScheduler: Missing parents: List()
[2025-07-08T00:09:07.593+0000] {spark_submit.py:644} INFO - 25/07/08 00:09:07 INFO DAGScheduler: Submitting ShuffleMapStage 14 (MapPartitionsRDD[63] at count at NativeMethodAccessorImpl.java:0), which has no missing parents
[2025-07-08T00:09:07.600+0000] {spark_submit.py:644} INFO - 25/07/08 00:09:07 INFO MemoryStore: Block broadcast_19 stored as values in memory (estimated size 16.0 KiB, free 434.1 MiB)
[2025-07-08T00:09:07.611+0000] {spark_submit.py:644} INFO - 25/07/08 00:09:07 INFO MemoryStore: Block broadcast_19_piece0 stored as bytes in memory (estimated size 8.4 KiB, free 434.1 MiB)
[2025-07-08T00:09:07.612+0000] {spark_submit.py:644} INFO - 25/07/08 00:09:07 INFO BlockManagerInfo: Added broadcast_19_piece0 in memory on 684e3ce84eec:39207 (size: 8.4 KiB, free: 434.4 MiB)
[2025-07-08T00:09:07.613+0000] {spark_submit.py:644} INFO - 25/07/08 00:09:07 INFO BlockManagerInfo: Removed broadcast_16_piece0 on 684e3ce84eec:39207 in memory (size: 35.7 KiB, free: 434.4 MiB)
[2025-07-08T00:09:07.614+0000] {spark_submit.py:644} INFO - 25/07/08 00:09:07 INFO SparkContext: Created broadcast 19 from broadcast at DAGScheduler.scala:1585
[2025-07-08T00:09:07.615+0000] {spark_submit.py:644} INFO - 25/07/08 00:09:07 INFO DAGScheduler: Submitting 2 missing tasks from ShuffleMapStage 14 (MapPartitionsRDD[63] at count at NativeMethodAccessorImpl.java:0) (first 15 tasks are for partitions Vector(0, 1))
[2025-07-08T00:09:07.616+0000] {spark_submit.py:644} INFO - 25/07/08 00:09:07 INFO TaskSchedulerImpl: Adding task set 14.0 with 2 tasks resource profile 0
[2025-07-08T00:09:07.617+0000] {spark_submit.py:644} INFO - 25/07/08 00:09:07 INFO TaskSetManager: Starting task 0.0 in stage 14.0 (TID 12) (172.19.0.13, executor 0, partition 0, PROCESS_LOCAL, 9487 bytes)
[2025-07-08T00:09:07.618+0000] {spark_submit.py:644} INFO - 25/07/08 00:09:07 INFO TaskSetManager: Starting task 1.0 in stage 14.0 (TID 13) (172.19.0.13, executor 0, partition 1, PROCESS_LOCAL, 26219 bytes)
[2025-07-08T00:09:07.672+0000] {spark_submit.py:644} INFO - 25/07/08 00:09:07 INFO BlockManagerInfo: Removed broadcast_16_piece0 on 172.19.0.13:38485 in memory (size: 35.7 KiB, free: 434.4 MiB)
[2025-07-08T00:09:07.683+0000] {spark_submit.py:644} INFO - 25/07/08 00:09:07 INFO BlockManagerInfo: Removed broadcast_18_piece0 on 684e3ce84eec:39207 in memory (size: 5.9 KiB, free: 434.4 MiB)
[2025-07-08T00:09:07.686+0000] {spark_submit.py:644} INFO - 25/07/08 00:09:07 INFO BlockManagerInfo: Removed broadcast_18_piece0 on 172.19.0.13:38485 in memory (size: 5.9 KiB, free: 434.4 MiB)
[2025-07-08T00:09:07.690+0000] {spark_submit.py:644} INFO - 25/07/08 00:09:07 INFO BlockManagerInfo: Added broadcast_19_piece0 in memory on 172.19.0.13:38485 (size: 8.4 KiB, free: 434.4 MiB)
[2025-07-08T00:09:14.462+0000] {spark_submit.py:644} INFO - 25/07/08 00:09:14 INFO TaskSetManager: Finished task 1.0 in stage 14.0 (TID 13) in 6844 ms on 172.19.0.13 (executor 0) (1/2)
[2025-07-08T00:09:15.153+0000] {spark_submit.py:644} INFO - 25/07/08 00:09:15 INFO TaskSetManager: Finished task 0.0 in stage 14.0 (TID 12) in 7538 ms on 172.19.0.13 (executor 0) (2/2)
[2025-07-08T00:09:15.168+0000] {spark_submit.py:644} INFO - 25/07/08 00:09:15 INFO TaskSchedulerImpl: Removed TaskSet 14.0, whose tasks have all completed, from pool
[2025-07-08T00:09:15.168+0000] {spark_submit.py:644} INFO - 25/07/08 00:09:15 INFO DAGScheduler: ShuffleMapStage 14 (count at NativeMethodAccessorImpl.java:0) finished in 7.564 s
[2025-07-08T00:09:15.169+0000] {spark_submit.py:644} INFO - 25/07/08 00:09:15 INFO DAGScheduler: looking for newly runnable stages
[2025-07-08T00:09:15.170+0000] {spark_submit.py:644} INFO - 25/07/08 00:09:15 INFO DAGScheduler: running: Set()
[2025-07-08T00:09:15.171+0000] {spark_submit.py:644} INFO - 25/07/08 00:09:15 INFO DAGScheduler: waiting: Set()
[2025-07-08T00:09:15.172+0000] {spark_submit.py:644} INFO - 25/07/08 00:09:15 INFO DAGScheduler: failed: Set()
[2025-07-08T00:09:15.179+0000] {spark_submit.py:644} INFO - 25/07/08 00:09:15 INFO CodeGenerator: Code generated in 13.363334 ms
[2025-07-08T00:09:15.189+0000] {spark_submit.py:644} INFO - 25/07/08 00:09:15 INFO SparkContext: Starting job: count at NativeMethodAccessorImpl.java:0
[2025-07-08T00:09:15.190+0000] {spark_submit.py:644} INFO - 25/07/08 00:09:15 INFO DAGScheduler: Got job 12 (count at NativeMethodAccessorImpl.java:0) with 1 output partitions
[2025-07-08T00:09:15.191+0000] {spark_submit.py:644} INFO - 25/07/08 00:09:15 INFO DAGScheduler: Final stage: ResultStage 16 (count at NativeMethodAccessorImpl.java:0)
[2025-07-08T00:09:15.192+0000] {spark_submit.py:644} INFO - 25/07/08 00:09:15 INFO DAGScheduler: Parents of final stage: List(ShuffleMapStage 15)
[2025-07-08T00:09:15.192+0000] {spark_submit.py:644} INFO - 25/07/08 00:09:15 INFO DAGScheduler: Missing parents: List()
[2025-07-08T00:09:15.193+0000] {spark_submit.py:644} INFO - 25/07/08 00:09:15 INFO DAGScheduler: Submitting ResultStage 16 (MapPartitionsRDD[66] at count at NativeMethodAccessorImpl.java:0), which has no missing parents
[2025-07-08T00:09:15.194+0000] {spark_submit.py:644} INFO - 25/07/08 00:09:15 INFO MemoryStore: Block broadcast_20 stored as values in memory (estimated size 12.5 KiB, free 434.4 MiB)
[2025-07-08T00:09:15.237+0000] {spark_submit.py:644} INFO - 25/07/08 00:09:15 INFO MemoryStore: Block broadcast_20_piece0 stored as bytes in memory (estimated size 5.9 KiB, free 434.4 MiB)
[2025-07-08T00:09:15.238+0000] {spark_submit.py:644} INFO - 25/07/08 00:09:15 INFO BlockManagerInfo: Added broadcast_20_piece0 in memory on 684e3ce84eec:39207 (size: 5.9 KiB, free: 434.4 MiB)
[2025-07-08T00:09:15.239+0000] {spark_submit.py:644} INFO - 25/07/08 00:09:15 INFO BlockManagerInfo: Removed broadcast_19_piece0 on 684e3ce84eec:39207 in memory (size: 8.4 KiB, free: 434.4 MiB)
[2025-07-08T00:09:15.240+0000] {spark_submit.py:644} INFO - 25/07/08 00:09:15 INFO SparkContext: Created broadcast 20 from broadcast at DAGScheduler.scala:1585
[2025-07-08T00:09:15.241+0000] {spark_submit.py:644} INFO - 25/07/08 00:09:15 INFO DAGScheduler: Submitting 1 missing tasks from ResultStage 16 (MapPartitionsRDD[66] at count at NativeMethodAccessorImpl.java:0) (first 15 tasks are for partitions Vector(0))
[2025-07-08T00:09:15.241+0000] {spark_submit.py:644} INFO - 25/07/08 00:09:15 INFO TaskSchedulerImpl: Adding task set 16.0 with 1 tasks resource profile 0
[2025-07-08T00:09:15.242+0000] {spark_submit.py:644} INFO - 25/07/08 00:09:15 INFO BlockManagerInfo: Removed broadcast_19_piece0 on 172.19.0.13:38485 in memory (size: 8.4 KiB, free: 434.4 MiB)
[2025-07-08T00:09:15.243+0000] {spark_submit.py:644} INFO - 25/07/08 00:09:15 INFO TaskSetManager: Starting task 0.0 in stage 16.0 (TID 14) (172.19.0.13, executor 0, partition 0, NODE_LOCAL, 9518 bytes)
[2025-07-08T00:09:15.256+0000] {spark_submit.py:644} INFO - 25/07/08 00:09:15 INFO BlockManagerInfo: Added broadcast_20_piece0 in memory on 172.19.0.13:38485 (size: 5.9 KiB, free: 434.4 MiB)
[2025-07-08T00:09:15.263+0000] {spark_submit.py:644} INFO - 25/07/08 00:09:15 INFO MapOutputTrackerMasterEndpoint: Asked to send map output locations for shuffle 3 to 172.19.0.13:33352
[2025-07-08T00:09:15.295+0000] {spark_submit.py:644} INFO - 25/07/08 00:09:15 INFO TaskSetManager: Finished task 0.0 in stage 16.0 (TID 14) in 53 ms on 172.19.0.13 (executor 0) (1/1)
[2025-07-08T00:09:15.295+0000] {spark_submit.py:644} INFO - 25/07/08 00:09:15 INFO TaskSchedulerImpl: Removed TaskSet 16.0, whose tasks have all completed, from pool
[2025-07-08T00:09:15.296+0000] {spark_submit.py:644} INFO - 25/07/08 00:09:15 INFO DAGScheduler: ResultStage 16 (count at NativeMethodAccessorImpl.java:0) finished in 0.104 s
[2025-07-08T00:09:15.297+0000] {spark_submit.py:644} INFO - 25/07/08 00:09:15 INFO DAGScheduler: Job 12 is finished. Cancelling potential speculative or zombie tasks for this job
[2025-07-08T00:09:15.298+0000] {spark_submit.py:644} INFO - 25/07/08 00:09:15 INFO TaskSchedulerImpl: Killing all running tasks in stage 16: Stage finished
[2025-07-08T00:09:15.298+0000] {spark_submit.py:644} INFO - 25/07/08 00:09:15 INFO DAGScheduler: Job 12 finished: count at NativeMethodAccessorImpl.java:0, took 0.107887 s
[2025-07-08T00:09:15.444+0000] {spark_submit.py:644} INFO - 25/07/08 00:09:15 INFO BaseMetastoreTableOperations: Refreshing table metadata from new version: s3a://warehouse/exercises/pdf_documents_3f2f6938-06f1-4401-a884-d6a6de9720a0/metadata/00012-786d3f6b-9a9d-4fc0-837c-d8923cb1d3e0.metadata.json
[2025-07-08T00:09:15.932+0000] {spark_submit.py:644} INFO - 25/07/08 00:09:15 INFO NessieUtil: loadTableMetadata for 'exercises.pdf_documents' from location 's3a://warehouse/exercises/pdf_documents_3f2f6938-06f1-4401-a884-d6a6de9720a0/metadata/00012-786d3f6b-9a9d-4fc0-837c-d8923cb1d3e0.metadata.json' at 'Branch{name=main, metadata=null, hash=34b2fce610495429430ff3be4752e37d0f5b11c82ba3285ed921c92a88b65777}'
[2025-07-08T00:09:15.955+0000] {spark_submit.py:644} INFO - 25/07/08 00:09:15 INFO BaseMetastoreCatalog: Table loaded by catalog: nessie.exercises.pdf_documents
[2025-07-08T00:09:20.620+0000] {spark_submit.py:644} INFO - 25/07/08 00:09:20 INFO CodeGenerator: Code generated in 243.844607 ms
[2025-07-08T00:09:20.747+0000] {spark_submit.py:644} INFO - 25/07/08 00:09:20 INFO SparkWrite: Requesting 0 bytes advisory partition size for table nessie.exercises.pdf_documents
[2025-07-08T00:09:20.748+0000] {spark_submit.py:644} INFO - 25/07/08 00:09:20 INFO SparkWrite: Requesting UnspecifiedDistribution as write distribution for table nessie.exercises.pdf_documents
[2025-07-08T00:09:20.750+0000] {spark_submit.py:644} INFO - 25/07/08 00:09:20 INFO SparkWrite: Requesting [] as write ordering for table nessie.exercises.pdf_documents
[2025-07-08T00:09:20.779+0000] {spark_submit.py:644} INFO - 25/07/08 00:09:20 INFO BlockManagerInfo: Removed broadcast_20_piece0 on 684e3ce84eec:39207 in memory (size: 5.9 KiB, free: 434.4 MiB)
[2025-07-08T00:09:20.783+0000] {spark_submit.py:644} INFO - 25/07/08 00:09:20 INFO BlockManagerInfo: Removed broadcast_20_piece0 on 172.19.0.13:38485 in memory (size: 5.9 KiB, free: 434.4 MiB)
[2025-07-08T00:09:20.804+0000] {spark_submit.py:644} INFO - 25/07/08 00:09:20 INFO CodeGenerator: Code generated in 13.790459 ms
[2025-07-08T00:09:20.822+0000] {spark_submit.py:644} INFO - 25/07/08 00:09:20 INFO MemoryStore: Block broadcast_21 stored as values in memory (estimated size 32.0 KiB, free 434.4 MiB)
[2025-07-08T00:09:20.875+0000] {spark_submit.py:644} INFO - 25/07/08 00:09:20 INFO MemoryStore: Block broadcast_21_piece0 stored as bytes in memory (estimated size 30.1 KiB, free 434.3 MiB)
[2025-07-08T00:09:20.878+0000] {spark_submit.py:644} INFO - 25/07/08 00:09:20 INFO BlockManagerInfo: Added broadcast_21_piece0 in memory on 684e3ce84eec:39207 (size: 30.1 KiB, free: 434.4 MiB)
[2025-07-08T00:09:20.880+0000] {spark_submit.py:644} INFO - 25/07/08 00:09:20 INFO SparkContext: Created broadcast 21 from broadcast at SparkWrite.java:193
[2025-07-08T00:09:20.885+0000] {spark_submit.py:644} INFO - 25/07/08 00:09:20 INFO AppendDataExec: Start processing data source write support: IcebergBatchWrite(table=nessie.exercises.pdf_documents, format=PARQUET). The input RDD has 2 partitions.
[2025-07-08T00:09:20.907+0000] {spark_submit.py:644} INFO - 25/07/08 00:09:20 INFO SparkContext: Starting job: saveAsTable at NativeMethodAccessorImpl.java:0
[2025-07-08T00:09:20.909+0000] {spark_submit.py:644} INFO - 25/07/08 00:09:20 INFO DAGScheduler: Got job 13 (saveAsTable at NativeMethodAccessorImpl.java:0) with 2 output partitions
[2025-07-08T00:09:20.910+0000] {spark_submit.py:644} INFO - 25/07/08 00:09:20 INFO DAGScheduler: Final stage: ResultStage 17 (saveAsTable at NativeMethodAccessorImpl.java:0)
[2025-07-08T00:09:20.911+0000] {spark_submit.py:644} INFO - 25/07/08 00:09:20 INFO DAGScheduler: Parents of final stage: List()
[2025-07-08T00:09:20.912+0000] {spark_submit.py:644} INFO - 25/07/08 00:09:20 INFO DAGScheduler: Missing parents: List()
[2025-07-08T00:09:20.913+0000] {spark_submit.py:644} INFO - 25/07/08 00:09:20 INFO DAGScheduler: Submitting ResultStage 17 (MapPartitionsRDD[67] at saveAsTable at NativeMethodAccessorImpl.java:0), which has no missing parents
[2025-07-08T00:09:20.919+0000] {spark_submit.py:644} INFO - 25/07/08 00:09:20 INFO MemoryStore: Block broadcast_22 stored as values in memory (estimated size 15.1 KiB, free 434.3 MiB)
[2025-07-08T00:09:20.961+0000] {spark_submit.py:644} INFO - 25/07/08 00:09:20 INFO MemoryStore: Block broadcast_22_piece0 stored as bytes in memory (estimated size 7.8 KiB, free 434.3 MiB)
[2025-07-08T00:09:20.962+0000] {spark_submit.py:644} INFO - 25/07/08 00:09:20 INFO BlockManagerInfo: Added broadcast_22_piece0 in memory on 684e3ce84eec:39207 (size: 7.8 KiB, free: 434.4 MiB)
[2025-07-08T00:09:20.963+0000] {spark_submit.py:644} INFO - 25/07/08 00:09:20 INFO SparkContext: Created broadcast 22 from broadcast at DAGScheduler.scala:1585
[2025-07-08T00:09:20.964+0000] {spark_submit.py:644} INFO - 25/07/08 00:09:20 INFO DAGScheduler: Submitting 2 missing tasks from ResultStage 17 (MapPartitionsRDD[67] at saveAsTable at NativeMethodAccessorImpl.java:0) (first 15 tasks are for partitions Vector(0, 1))
[2025-07-08T00:09:20.965+0000] {spark_submit.py:644} INFO - 25/07/08 00:09:20 INFO TaskSchedulerImpl: Adding task set 17.0 with 2 tasks resource profile 0
[2025-07-08T00:09:20.967+0000] {spark_submit.py:644} INFO - 25/07/08 00:09:20 INFO TaskSetManager: Starting task 0.0 in stage 17.0 (TID 15) (172.19.0.13, executor 0, partition 0, PROCESS_LOCAL, 9498 bytes)
[2025-07-08T00:09:20.969+0000] {spark_submit.py:644} INFO - 25/07/08 00:09:20 INFO TaskSetManager: Starting task 1.0 in stage 17.0 (TID 16) (172.19.0.13, executor 0, partition 1, PROCESS_LOCAL, 26230 bytes)
[2025-07-08T00:09:20.990+0000] {spark_submit.py:644} INFO - 25/07/08 00:09:20 INFO BlockManagerInfo: Added broadcast_22_piece0 in memory on 172.19.0.13:38485 (size: 7.8 KiB, free: 434.4 MiB)
[2025-07-08T00:09:21.305+0000] {spark_submit.py:644} INFO - 25/07/08 00:09:21 INFO BlockManagerInfo: Added broadcast_21_piece0 in memory on 172.19.0.13:38485 (size: 30.1 KiB, free: 434.4 MiB)
[2025-07-08T00:09:26.560+0000] {spark_submit.py:644} INFO - 25/07/08 00:09:26 INFO TaskSetManager: Finished task 0.0 in stage 17.0 (TID 15) in 5593 ms on 172.19.0.13 (executor 0) (1/2)
[2025-07-08T00:09:31.183+0000] {spark_submit.py:644} INFO - 25/07/08 00:09:31 INFO TaskSetManager: Finished task 1.0 in stage 17.0 (TID 16) in 10216 ms on 172.19.0.13 (executor 0) (2/2)
[2025-07-08T00:09:31.185+0000] {spark_submit.py:644} INFO - 25/07/08 00:09:31 INFO TaskSchedulerImpl: Removed TaskSet 17.0, whose tasks have all completed, from pool
[2025-07-08T00:09:31.186+0000] {spark_submit.py:644} INFO - 25/07/08 00:09:31 INFO DAGScheduler: ResultStage 17 (saveAsTable at NativeMethodAccessorImpl.java:0) finished in 10.273 s
[2025-07-08T00:09:31.186+0000] {spark_submit.py:644} INFO - 25/07/08 00:09:31 INFO DAGScheduler: Job 13 is finished. Cancelling potential speculative or zombie tasks for this job
[2025-07-08T00:09:31.187+0000] {spark_submit.py:644} INFO - 25/07/08 00:09:31 INFO TaskSchedulerImpl: Killing all running tasks in stage 17: Stage finished
[2025-07-08T00:09:31.189+0000] {spark_submit.py:644} INFO - 25/07/08 00:09:31 INFO DAGScheduler: Job 13 finished: saveAsTable at NativeMethodAccessorImpl.java:0, took 10.280196 s
[2025-07-08T00:09:31.190+0000] {spark_submit.py:644} INFO - 25/07/08 00:09:31 INFO AppendDataExec: Data source write support IcebergBatchWrite(table=nessie.exercises.pdf_documents, format=PARQUET) is committing.
[2025-07-08T00:09:31.967+0000] {spark_submit.py:644} INFO - 25/07/08 00:09:31 INFO SparkWrite: Committing append with 1 new data files to table nessie.exercises.pdf_documents
[2025-07-08T00:09:39.479+0000] {spark_submit.py:644} INFO - 25/07/08 00:09:39 INFO NessieIcebergClient: Committed 'exercises.pdf_documents' against 'Branch{name=main, metadata=null, hash=fc2e99968efd346b984b24b9449089f1f8e8e4a0de0437821e510b84de216487}', expected commit-id was '34b2fce610495429430ff3be4752e37d0f5b11c82ba3285ed921c92a88b65777'
[2025-07-08T00:09:39.482+0000] {spark_submit.py:644} INFO - 25/07/08 00:09:39 INFO BaseMetastoreTableOperations: Successfully committed to table exercises.pdf_documents in 669 ms
[2025-07-08T00:09:39.484+0000] {spark_submit.py:644} INFO - 25/07/08 00:09:39 INFO SnapshotProducer: Committed snapshot 3818086464238779148 (MergeAppend)
[2025-07-08T00:09:39.571+0000] {spark_submit.py:644} INFO - 25/07/08 00:09:39 INFO BaseMetastoreTableOperations: Refreshing table metadata from new version: s3a://warehouse/exercises/pdf_documents_3f2f6938-06f1-4401-a884-d6a6de9720a0/metadata/00013-a7045482-3f6f-4bcf-93ea-00aeb2947e43.metadata.json
[2025-07-08T00:09:39.584+0000] {spark_submit.py:644} INFO - 25/07/08 00:09:39 INFO NessieUtil: loadTableMetadata for 'exercises.pdf_documents' from location 's3a://warehouse/exercises/pdf_documents_3f2f6938-06f1-4401-a884-d6a6de9720a0/metadata/00013-a7045482-3f6f-4bcf-93ea-00aeb2947e43.metadata.json' at 'Branch{name=main, metadata=null, hash=fc2e99968efd346b984b24b9449089f1f8e8e4a0de0437821e510b84de216487}'
[2025-07-08T00:09:39.620+0000] {spark_submit.py:644} INFO - 25/07/08 00:09:39 INFO LoggingMetricsReporter: Received metrics report: CommitReport{tableName=nessie.exercises.pdf_documents, snapshotId=3818086464238779148, sequenceNumber=14, operation=append, commitMetrics=CommitMetricsResult{totalDuration=TimerResult{timeUnit=NANOSECONDS, totalDuration=PT7.564342174S, count=1}, attempts=CounterResult{unit=COUNT, value=1}, addedDataFiles=CounterResult{unit=COUNT, value=1}, removedDataFiles=null, totalDataFiles=CounterResult{unit=COUNT, value=14}, addedDeleteFiles=null, addedEqualityDeleteFiles=null, addedPositionalDeleteFiles=null, addedDVs=null, removedDeleteFiles=null, removedEqualityDeleteFiles=null, removedPositionalDeleteFiles=null, removedDVs=null, totalDeleteFiles=CounterResult{unit=COUNT, value=0}, addedRecords=CounterResult{unit=COUNT, value=1}, removedRecords=null, totalRecords=CounterResult{unit=COUNT, value=14}, addedFilesSizeInBytes=CounterResult{unit=BYTES, value=8829}, removedFilesSizeInBytes=null, totalFilesSizeInBytes=CounterResult{unit=BYTES, value=114347}, addedPositionalDeletes=null, removedPositionalDeletes=null, totalPositionalDeletes=CounterResult{unit=COUNT, value=0}, addedEqualityDeletes=null, removedEqualityDeletes=null, totalEqualityDeletes=CounterResult{unit=COUNT, value=0}}, metadata={engine-version=3.5.5, app-id=app-20250708000654-0004, engine-name=spark, iceberg-version=Apache Iceberg 1.8.1 (commit 9ce0fcf0af7becf25ad9fc996c3bad2afdcfd33d)}}
[2025-07-08T00:09:39.621+0000] {spark_submit.py:644} INFO - 25/07/08 00:09:39 INFO SparkWrite: Committed in 7652 ms
[2025-07-08T00:09:39.622+0000] {spark_submit.py:644} INFO - 25/07/08 00:09:39 INFO AppendDataExec: Data source write support IcebergBatchWrite(table=nessie.exercises.pdf_documents, format=PARQUET) committed.
[2025-07-08T00:09:39.624+0000] {spark_submit.py:644} INFO - 25/07/08 00:09:39 INFO SparkContext: SparkContext is stopping with exitCode 0.
[2025-07-08T00:09:39.679+0000] {spark_submit.py:644} INFO - 25/07/08 00:09:39 INFO SparkUI: Stopped Spark web UI at http://684e3ce84eec:4040
[2025-07-08T00:09:39.683+0000] {spark_submit.py:644} INFO - 25/07/08 00:09:39 INFO StandaloneSchedulerBackend: Shutting down all executors
[2025-07-08T00:09:39.684+0000] {spark_submit.py:644} INFO - 25/07/08 00:09:39 INFO StandaloneSchedulerBackend$StandaloneDriverEndpoint: Asking each executor to shut down
[2025-07-08T00:09:39.790+0000] {spark_submit.py:644} INFO - 25/07/08 00:09:39 INFO MapOutputTrackerMasterEndpoint: MapOutputTrackerMasterEndpoint stopped!
[2025-07-08T00:09:39.921+0000] {spark_submit.py:644} INFO - 25/07/08 00:09:39 INFO MemoryStore: MemoryStore cleared
[2025-07-08T00:09:39.922+0000] {spark_submit.py:644} INFO - 25/07/08 00:09:39 INFO BlockManager: BlockManager stopped
[2025-07-08T00:09:39.924+0000] {spark_submit.py:644} INFO - 25/07/08 00:09:39 INFO BlockManagerMaster: BlockManagerMaster stopped
[2025-07-08T00:09:39.972+0000] {spark_submit.py:644} INFO - 25/07/08 00:09:39 INFO OutputCommitCoordinator$OutputCommitCoordinatorEndpoint: OutputCommitCoordinator stopped!
[2025-07-08T00:09:40.019+0000] {spark_submit.py:644} INFO - 25/07/08 00:09:40 INFO SparkContext: Successfully stopped SparkContext
[2025-07-08T00:09:40.375+0000] {spark_submit.py:644} INFO - 25/07/08 00:09:40 INFO ShutdownHookManager: Shutdown hook called
[2025-07-08T00:09:40.376+0000] {spark_submit.py:644} INFO - 25/07/08 00:09:40 INFO ShutdownHookManager: Deleting directory /tmp/spark-19a68b1b-b8df-41d2-bcdd-6da6ab779400
[2025-07-08T00:09:40.380+0000] {spark_submit.py:644} INFO - 25/07/08 00:09:40 INFO ShutdownHookManager: Deleting directory /tmp/spark-3644e4f3-54f7-4480-8f71-747033f19b73
[2025-07-08T00:09:40.384+0000] {spark_submit.py:644} INFO - 25/07/08 00:09:40 INFO ShutdownHookManager: Deleting directory /tmp/spark-19a68b1b-b8df-41d2-bcdd-6da6ab779400/pyspark-b680d452-f24c-405f-b6e3-ba1411989f1f
[2025-07-08T00:09:40.393+0000] {spark_submit.py:644} INFO - 25/07/08 00:09:40 INFO MetricsSystemImpl: Stopping s3a-file-system metrics system...
[2025-07-08T00:09:40.394+0000] {spark_submit.py:644} INFO - 25/07/08 00:09:40 INFO MetricsSystemImpl: s3a-file-system metrics system stopped.
[2025-07-08T00:09:40.395+0000] {spark_submit.py:644} INFO - 25/07/08 00:09:40 INFO MetricsSystemImpl: s3a-file-system metrics system shutdown complete.
[2025-07-08T00:09:40.802+0000] {taskinstance.py:349} INFO - ::group::Post task execution logs
[2025-07-08T00:09:40.803+0000] {taskinstance.py:361} INFO - Marking task as SUCCESS. dag_id=process_exercises, task_id=process_exercises, run_id=manual__2025-07-08T00:06:41.557418+00:00, execution_date=20250708T000641, start_date=20250708T000645, end_date=20250708T000940
[2025-07-08T00:09:40.940+0000] {local_task_job_runner.py:266} INFO - Task exited with return code 0
[2025-07-08T00:09:40.975+0000] {taskinstance.py:3924} INFO - 1 downstream tasks scheduled from follow-on schedule check
[2025-07-08T00:09:41.023+0000] {local_task_job_runner.py:245} INFO - ::endgroup::
