[2025-07-09T19:03:09.635+0000] {local_task_job_runner.py:123} INFO - ::group::Pre task execution logs
[2025-07-09T19:03:09.671+0000] {taskinstance.py:2631} INFO - Dependencies all met for dep_context=non-requeueable deps ti=<TaskInstance: process_exercises.process_exercises manual__2025-07-09T19:03:03.576108+00:00 [queued]>
[2025-07-09T19:03:09.680+0000] {taskinstance.py:2631} INFO - Dependencies all met for dep_context=requeueable deps ti=<TaskInstance: process_exercises.process_exercises manual__2025-07-09T19:03:03.576108+00:00 [queued]>
[2025-07-09T19:03:09.681+0000] {taskinstance.py:2884} INFO - Starting attempt 1 of 1
[2025-07-09T19:03:09.733+0000] {taskinstance.py:2907} INFO - Executing <Task(SparkSubmitOperator): process_exercises> on 2025-07-09 19:03:03.576108+00:00
[2025-07-09T19:03:09.740+0000] {logging_mixin.py:190} WARNING - /home/airflow/.local/lib/python3.12/site-packages/airflow/task/task_runner/standard_task_runner.py:70 DeprecationWarning: This process (pid=4836) is multi-threaded, use of fork() may lead to deadlocks in the child.
[2025-07-09T19:03:09.742+0000] {standard_task_runner.py:72} INFO - Started process 4837 to run task
[2025-07-09T19:03:09.741+0000] {standard_task_runner.py:104} INFO - Running: ['airflow', 'tasks', 'run', 'process_exercises', 'process_exercises', 'manual__2025-07-09T19:03:03.576108+00:00', '--job-id', '247', '--raw', '--subdir', 'DAGS_FOLDER/process_exercises.py', '--cfg-path', '/tmp/tmpm4g7xn2z']
[2025-07-09T19:03:09.743+0000] {standard_task_runner.py:105} INFO - Job 247: Subtask process_exercises
[2025-07-09T19:03:09.843+0000] {task_command.py:467} INFO - Running <TaskInstance: process_exercises.process_exercises manual__2025-07-09T19:03:03.576108+00:00 [running]> on host 38b7408c68d7
[2025-07-09T19:03:10.050+0000] {taskinstance.py:3157} INFO - Exporting env vars: AIRFLOW_CTX_DAG_OWNER='airflow' AIRFLOW_CTX_DAG_ID='process_exercises' AIRFLOW_CTX_TASK_ID='process_exercises' AIRFLOW_CTX_EXECUTION_DATE='2025-07-09T19:03:03.576108+00:00' AIRFLOW_CTX_TRY_NUMBER='1' AIRFLOW_CTX_DAG_RUN_ID='manual__2025-07-09T19:03:03.576108+00:00'
[2025-07-09T19:03:10.051+0000] {taskinstance.py:740} INFO - ::endgroup::
[2025-07-09T19:03:10.086+0000] {base.py:84} INFO - Retrieving connection 'spark-ebsim'
[2025-07-09T19:03:10.094+0000] {spark_submit.py:474} INFO - Spark-Submit cmd: spark-submit --master spark://spark-master:7077 --jars /opt/bitnami/spark/jars/iceberg-spark-runtime-3.5_2.12-1.8.1.jar,/opt/bitnami/spark/jars/nessie-spark-extensions-3.5_2.12-0.103.2.jar,/opt/bitnami/spark/jars/nessie-client-0.103.2.jar,/opt/bitnami/spark/jars/hadoop-aws-3.3.2.jar,/opt/bitnami/spark/jars/aws-java-sdk-bundle-1.12.262.jar, --name arrow-spark --deploy-mode client /opt/bitnami/spark/jobs/process_exercises_job.py {"id": "CA-SUL-construtiva-5577-2025-07-09", "manifest_entry": {"data": {"createdAt": "2025-07-09T18:57:00.951Z", "origin": "CA-SUL", "path": "exercises/CA-SUL-construtiva-5577-2025-07-09"}, "id": "CA-SUL-construtiva-5577-2025-07-09"}, "metadata": {"createdAt": "2025-07-09T18:57:00.951Z", "description": "5577", "documents": [{"description": "", "id": "1752087431266", "mimetype": "application/pdf", "name": "Op Jacui IV - Apd 2 ao An A - Plano de Busca.pdf", "path": "exercises/CA-SUL-construtiva-5577-2025-07-09/documents/Op Jacui IV - Apd 2 ao An A - Plano de Busca.pdf", "size": 46220, "uploadedAt": "2025-07-09T18:57:11.266Z"}], "endDate": "2025-07-10", "id": "CA-SUL-construtiva-5577-2025-07-09", "name": "Jogo de Guerra", "origin": "CA-SUL", "simulationType": "construtiva", "simulations": [{"id": "172.19.0.6_2025-07-09", "movedAt": "2025-07-09T18:57:18.810Z", "name": "172.19.0.6_2025-07-09", "originalPath": "staging/172.19.0.6_2025-07-09", "path": "exercises/CA-SUL-construtiva-5577-2025-07-09/simulations/172.19.0.6_2025-07-09"}], "startDate": "2025-07-09", "trainedForce": "5588", "updatedAt": "2025-07-09T18:57:18.810Z", "wikiUrl": ""}}
[2025-07-09T19:03:15.963+0000] {spark_submit.py:644} INFO - 25/07/09 19:03:15 WARN NativeCodeLoader: Unable to load native-hadoop library for your platform... using builtin-java classes where applicable
[2025-07-09T19:03:18.171+0000] {spark_submit.py:644} INFO - [PROCESS EXERCISES] ℹ️ Iniciando processamento otimizado de exercícios
[2025-07-09T19:03:18.172+0000] {spark_submit.py:644} INFO - [PROCESS EXERCISES] ℹ️ Exercício selecionado: CA-SUL-construtiva-5577-2025-07-09
[2025-07-09T19:03:18.173+0000] {spark_submit.py:644} INFO - [PROCESS EXERCISES] 🔄 Criando sessão Spark otimizada
[2025-07-09T19:03:18.716+0000] {spark_submit.py:644} INFO - 25/07/09 19:03:18 INFO SparkContext: Running Spark version 3.5.5
[2025-07-09T19:03:18.717+0000] {spark_submit.py:644} INFO - 25/07/09 19:03:18 INFO SparkContext: OS info Linux, 5.15.167.4-microsoft-standard-WSL2, amd64
[2025-07-09T19:03:18.718+0000] {spark_submit.py:644} INFO - 25/07/09 19:03:18 INFO SparkContext: Java version 17.0.15
[2025-07-09T19:03:18.742+0000] {spark_submit.py:644} INFO - 25/07/09 19:03:18 INFO ResourceUtils: ==============================================================
[2025-07-09T19:03:18.743+0000] {spark_submit.py:644} INFO - 25/07/09 19:03:18 INFO ResourceUtils: No custom resources configured for spark.driver.
[2025-07-09T19:03:18.744+0000] {spark_submit.py:644} INFO - 25/07/09 19:03:18 INFO ResourceUtils: ==============================================================
[2025-07-09T19:03:18.744+0000] {spark_submit.py:644} INFO - 25/07/09 19:03:18 INFO SparkContext: Submitted application: ProcessExercisesOptimized
[2025-07-09T19:03:18.766+0000] {spark_submit.py:644} INFO - 25/07/09 19:03:18 INFO ResourceProfile: Default ResourceProfile created, executor resources: Map(memory -> name: memory, amount: 2048, script: , vendor: , offHeap -> name: offHeap, amount: 0, script: , vendor: ), task resources: Map(cpus -> name: cpus, amount: 1.0)
[2025-07-09T19:03:18.784+0000] {spark_submit.py:644} INFO - 25/07/09 19:03:18 INFO ResourceProfile: Limiting resource is cpu
[2025-07-09T19:03:18.785+0000] {spark_submit.py:644} INFO - 25/07/09 19:03:18 INFO ResourceProfileManager: Added ResourceProfile id: 0
[2025-07-09T19:03:18.837+0000] {spark_submit.py:644} INFO - 25/07/09 19:03:18 INFO SecurityManager: Changing view acls to: airflow
[2025-07-09T19:03:18.838+0000] {spark_submit.py:644} INFO - 25/07/09 19:03:18 INFO SecurityManager: Changing modify acls to: airflow
[2025-07-09T19:03:18.838+0000] {spark_submit.py:644} INFO - 25/07/09 19:03:18 INFO SecurityManager: Changing view acls groups to:
[2025-07-09T19:03:18.839+0000] {spark_submit.py:644} INFO - 25/07/09 19:03:18 INFO SecurityManager: Changing modify acls groups to:
[2025-07-09T19:03:18.839+0000] {spark_submit.py:644} INFO - 25/07/09 19:03:18 INFO SecurityManager: SecurityManager: authentication disabled; ui acls disabled; users with view permissions: airflow; groups with view permissions: EMPTY; users with modify permissions: airflow; groups with modify permissions: EMPTY
[2025-07-09T19:03:19.039+0000] {spark_submit.py:644} INFO - 25/07/09 19:03:19 INFO Utils: Successfully started service 'sparkDriver' on port 45023.
[2025-07-09T19:03:19.060+0000] {spark_submit.py:644} INFO - 25/07/09 19:03:19 INFO SparkEnv: Registering MapOutputTracker
[2025-07-09T19:03:19.086+0000] {spark_submit.py:644} INFO - 25/07/09 19:03:19 INFO SparkEnv: Registering BlockManagerMaster
[2025-07-09T19:03:19.098+0000] {spark_submit.py:644} INFO - 25/07/09 19:03:19 INFO BlockManagerMasterEndpoint: Using org.apache.spark.storage.DefaultTopologyMapper for getting topology information
[2025-07-09T19:03:19.099+0000] {spark_submit.py:644} INFO - 25/07/09 19:03:19 INFO BlockManagerMasterEndpoint: BlockManagerMasterEndpoint up
[2025-07-09T19:03:19.102+0000] {spark_submit.py:644} INFO - 25/07/09 19:03:19 INFO SparkEnv: Registering BlockManagerMasterHeartbeat
[2025-07-09T19:03:19.146+0000] {spark_submit.py:644} INFO - 25/07/09 19:03:19 INFO DiskBlockManager: Created local directory at /tmp/blockmgr-58ca2d11-31c0-40cb-88e9-dd5a214710d7
[2025-07-09T19:03:19.156+0000] {spark_submit.py:644} INFO - 25/07/09 19:03:19 INFO MemoryStore: MemoryStore started with capacity 434.4 MiB
[2025-07-09T19:03:19.168+0000] {spark_submit.py:644} INFO - 25/07/09 19:03:19 INFO SparkEnv: Registering OutputCommitCoordinator
[2025-07-09T19:03:19.305+0000] {spark_submit.py:644} INFO - 25/07/09 19:03:19 INFO JettyUtils: Start Jetty 0.0.0.0:4040 for SparkUI
[2025-07-09T19:03:19.353+0000] {spark_submit.py:644} INFO - 25/07/09 19:03:19 INFO Utils: Successfully started service 'SparkUI' on port 4040.
[2025-07-09T19:03:19.397+0000] {spark_submit.py:644} INFO - 25/07/09 19:03:19 INFO SparkContext: Added JAR file:///opt/bitnami/spark/jars/iceberg-spark-runtime-3.5_2.12-1.8.1.jar at spark://38b7408c68d7:45023/jars/iceberg-spark-runtime-3.5_2.12-1.8.1.jar with timestamp 1752087798710
[2025-07-09T19:03:19.398+0000] {spark_submit.py:644} INFO - 25/07/09 19:03:19 INFO SparkContext: Added JAR file:///opt/bitnami/spark/jars/nessie-spark-extensions-3.5_2.12-0.103.2.jar at spark://38b7408c68d7:45023/jars/nessie-spark-extensions-3.5_2.12-0.103.2.jar with timestamp 1752087798710
[2025-07-09T19:03:19.399+0000] {spark_submit.py:644} INFO - 25/07/09 19:03:19 INFO SparkContext: Added JAR file:///opt/bitnami/spark/jars/nessie-client-0.103.2.jar at spark://38b7408c68d7:45023/jars/nessie-client-0.103.2.jar with timestamp 1752087798710
[2025-07-09T19:03:19.401+0000] {spark_submit.py:644} INFO - 25/07/09 19:03:19 INFO SparkContext: Added JAR file:///opt/bitnami/spark/jars/hadoop-aws-3.3.2.jar at spark://38b7408c68d7:45023/jars/hadoop-aws-3.3.2.jar with timestamp 1752087798710
[2025-07-09T19:03:19.402+0000] {spark_submit.py:644} INFO - 25/07/09 19:03:19 INFO SparkContext: Added JAR file:///opt/bitnami/spark/jars/aws-java-sdk-bundle-1.12.262.jar at spark://38b7408c68d7:45023/jars/aws-java-sdk-bundle-1.12.262.jar with timestamp 1752087798710
[2025-07-09T19:03:19.499+0000] {spark_submit.py:644} INFO - 25/07/09 19:03:19 INFO StandaloneAppClient$ClientEndpoint: Connecting to master spark://spark-master:7077...
[2025-07-09T19:03:19.541+0000] {spark_submit.py:644} INFO - 25/07/09 19:03:19 INFO TransportClientFactory: Successfully created connection to spark-master/172.19.0.5:7077 after 25 ms (0 ms spent in bootstraps)
[2025-07-09T19:03:19.652+0000] {spark_submit.py:644} INFO - 25/07/09 19:03:19 INFO StandaloneSchedulerBackend: Connected to Spark cluster with app ID app-20250709190319-0013
[2025-07-09T19:03:19.655+0000] {spark_submit.py:644} INFO - 25/07/09 19:03:19 INFO StandaloneAppClient$ClientEndpoint: Executor added: app-20250709190319-0013/0 on worker-20250709171731-172.19.0.7-37405 (172.19.0.7:37405) with 2 core(s)
[2025-07-09T19:03:19.656+0000] {spark_submit.py:644} INFO - 25/07/09 19:03:19 INFO StandaloneSchedulerBackend: Granted executor ID app-20250709190319-0013/0 on hostPort 172.19.0.7:37405 with 2 core(s), 2.0 GiB RAM
[2025-07-09T19:03:19.660+0000] {spark_submit.py:644} INFO - 25/07/09 19:03:19 INFO Utils: Successfully started service 'org.apache.spark.network.netty.NettyBlockTransferService' on port 43711.
[2025-07-09T19:03:19.661+0000] {spark_submit.py:644} INFO - 25/07/09 19:03:19 INFO NettyBlockTransferService: Server created on 38b7408c68d7:43711
[2025-07-09T19:03:19.662+0000] {spark_submit.py:644} INFO - 25/07/09 19:03:19 INFO BlockManager: Using org.apache.spark.storage.RandomBlockReplicationPolicy for block replication policy
[2025-07-09T19:03:19.667+0000] {spark_submit.py:644} INFO - 25/07/09 19:03:19 INFO BlockManagerMaster: Registering BlockManager BlockManagerId(driver, 38b7408c68d7, 43711, None)
[2025-07-09T19:03:19.669+0000] {spark_submit.py:644} INFO - 25/07/09 19:03:19 INFO BlockManagerMasterEndpoint: Registering block manager 38b7408c68d7:43711 with 434.4 MiB RAM, BlockManagerId(driver, 38b7408c68d7, 43711, None)
[2025-07-09T19:03:19.679+0000] {spark_submit.py:644} INFO - 25/07/09 19:03:19 INFO BlockManagerMaster: Registered BlockManager BlockManagerId(driver, 38b7408c68d7, 43711, None)
[2025-07-09T19:03:19.680+0000] {spark_submit.py:644} INFO - 25/07/09 19:03:19 INFO BlockManager: Initialized BlockManager: BlockManagerId(driver, 38b7408c68d7, 43711, None)
[2025-07-09T19:03:19.780+0000] {spark_submit.py:644} INFO - 25/07/09 19:03:19 INFO StandaloneAppClient$ClientEndpoint: Executor updated: app-20250709190319-0013/0 is now RUNNING
[2025-07-09T19:03:19.888+0000] {spark_submit.py:644} INFO - 25/07/09 19:03:19 INFO StandaloneSchedulerBackend: SchedulerBackend is ready for scheduling beginning after reached minRegisteredResourcesRatio: 0.0
[2025-07-09T19:03:20.127+0000] {spark_submit.py:644} INFO - [PROCESS EXERCISES] ✅ Sessão Spark otimizada criada com sucesso
[2025-07-09T19:03:21.037+0000] {spark_submit.py:644} INFO - [PROCESS EXERCISES] ✅ Processador de exercícios inicializado com otimizações
[2025-07-09T19:03:21.037+0000] {spark_submit.py:644} INFO - [PROCESS EXERCISES] 🔄 Criando namespace nessie.exercises
[2025-07-09T19:03:24.079+0000] {spark_submit.py:644} INFO - [PROCESS EXERCISES] ✅ Namespace criado/verificado com sucesso
[2025-07-09T19:03:24.080+0000] {spark_submit.py:644} INFO - [PROCESS EXERCISES] 🔄 === FASE 1: PROCESSAMENTO DE DOCUMENTOS ===
[2025-07-09T19:03:24.081+0000] {spark_submit.py:644} INFO - [PROCESS EXERCISES] 🔄 Iniciando processamento de documentos PDF
[2025-07-09T19:03:24.082+0000] {spark_submit.py:644} INFO - [PROCESS EXERCISES] ℹ️ Processando 1 arquivos PDF
[2025-07-09T19:03:24.083+0000] {spark_submit.py:644} INFO - [PROCESS EXERCISES] ℹ️ Processando lote 1: 1 arquivos
[2025-07-09T19:03:24.406+0000] {spark_submit.py:644} INFO - 25/07/09 19:03:24 WARN MetricsConfig: Cannot locate configuration: tried hadoop-metrics2-s3a-file-system.properties,hadoop-metrics2.properties
[2025-07-09T19:03:58.762+0000] {spark_submit.py:644} INFO - [PROCESS EXERCISES] ✅ Lote processado: 1 registros
[2025-07-09T19:04:07.646+0000] {spark_submit.py:644} INFO - [PROCESS EXERCISES] ✅ Total de PDFs processados: 1 registros
[2025-07-09T19:04:08.430+0000] {spark_submit.py:644} INFO - [PROCESS EXERCISES] ℹ️ Salvando 1 registros na tabela nessie.exercises.pdf_documents
[2025-07-09T19:04:09.875+0000] {spark_submit.py:644} INFO - [PROCESS EXERCISES] 🔄 Salvando tabela nessie.exercises.pdf_documents em modo append (1 partições)
[2025-07-09T19:04:15.486+0000] {spark_submit.py:644} INFO - [PROCESS EXERCISES] ✅ Tabela nessie.exercises.pdf_documents salva com sucesso (1 registros)
[2025-07-09T19:04:15.486+0000] {spark_submit.py:644} INFO - [PROCESS EXERCISES] 🔄 === FASE 2: PROCESSAMENTO DE SIMULAÇÕES ===
[2025-07-09T19:04:15.487+0000] {spark_submit.py:644} INFO - [PROCESS EXERCISES] 🔄 Iniciando processamento de simulações
[2025-07-09T19:04:15.488+0000] {spark_submit.py:644} INFO - [PROCESS EXERCISES] ℹ️ Buscando arquivos em: s3a://bronze/exercises/CA-SUL-construtiva-5577-2025-07-09/simulations/172.19.0.6_2025-07-09/
[2025-07-09T19:04:15.839+0000] {spark_submit.py:644} INFO - [PROCESS EXERCISES] ℹ️ Encontrados 3 arquivos Protobuf (.pb)
[2025-07-09T19:04:15.840+0000] {spark_submit.py:644} INFO - [PROCESS EXERCISES] ℹ️ Processando 3 arquivos Protobuf
[2025-07-09T19:04:15.840+0000] {spark_submit.py:644} INFO - [PROCESS EXERCISES] ℹ️ Processando arquivo protobuf: s3a://bronze/exercises/CA-SUL-construtiva-5577-2025-07-09/simulations/172.19.0.6_2025-07-09/18-53.33/session-proto_2.pb
[2025-07-09T19:04:16.370+0000] {spark_submit.py:644} INFO - [PROCESS EXERCISES] ℹ️ Arquivo s3a://bronze/exercises/CA-SUL-construtiva-5577-2025-07-09/simulations/172.19.0.6_2025-07-09/18-53.33/session-proto_2.pb lido: 1044 bytes
[2025-07-09T19:04:16.409+0000] {spark_submit.py:644} INFO - [PROCESS EXERCISES] 📊 Arquivo s3a://bronze/exercises/CA-SUL-construtiva-5577-2025-07-09/simulations/172.19.0.6_2025-07-09/18-53.33/session-proto_2.pb: extraídas 19 mensagens
[2025-07-09T19:04:16.410+0000] {spark_submit.py:644} INFO - [PROCESS EXERCISES] ℹ️ Processando arquivo protobuf: s3a://bronze/exercises/CA-SUL-construtiva-5577-2025-07-09/simulations/172.19.0.6_2025-07-09/18-53.33/session-proto_3.pb
[2025-07-09T19:04:16.548+0000] {spark_submit.py:644} INFO - [PROCESS EXERCISES] ℹ️ Arquivo s3a://bronze/exercises/CA-SUL-construtiva-5577-2025-07-09/simulations/172.19.0.6_2025-07-09/18-53.33/session-proto_3.pb lido: 1043 bytes
[2025-07-09T19:04:16.549+0000] {spark_submit.py:644} INFO - [PROCESS EXERCISES] 📊 Arquivo s3a://bronze/exercises/CA-SUL-construtiva-5577-2025-07-09/simulations/172.19.0.6_2025-07-09/18-53.33/session-proto_3.pb: extraídas 19 mensagens
[2025-07-09T19:04:16.550+0000] {spark_submit.py:644} INFO - [PROCESS EXERCISES] ℹ️ Processando arquivo protobuf: s3a://bronze/exercises/CA-SUL-construtiva-5577-2025-07-09/simulations/172.19.0.6_2025-07-09/18-53.33/session-proto_1.pb
[2025-07-09T19:04:16.749+0000] {spark_submit.py:644} INFO - [PROCESS EXERCISES] ℹ️ Arquivo s3a://bronze/exercises/CA-SUL-construtiva-5577-2025-07-09/simulations/172.19.0.6_2025-07-09/18-53.33/session-proto_1.pb lido: 109 bytes
[2025-07-09T19:04:16.750+0000] {spark_submit.py:644} INFO - [PROCESS EXERCISES] 📊 Arquivo s3a://bronze/exercises/CA-SUL-construtiva-5577-2025-07-09/simulations/172.19.0.6_2025-07-09/18-53.33/session-proto_1.pb: extraídas 2 mensagens
[2025-07-09T19:04:16.751+0000] {spark_submit.py:644} INFO - [PROCESS EXERCISES] ℹ️ Total de mensagens protobuf extraídas: 40
[2025-07-09T19:04:17.127+0000] {spark_submit.py:644} INFO - [PROCESS EXERCISES] ✅ Total protobuf processado: 3 arquivos (40 registros)
[2025-07-09T19:04:17.128+0000] {spark_submit.py:644} INFO - [PROCESS EXERCISES] ℹ️ Tipo de mensagem de simulação: PROTO
[2025-07-09T19:04:17.390+0000] {spark_submit.py:644} INFO - [PROCESS EXERCISES] ℹ️ Salvando 40 registros na tabela nessie.exercises.protobuf_messages
[2025-07-09T19:04:17.443+0000] {spark_submit.py:644} INFO - [PROCESS EXERCISES] 🔄 Salvando tabela nessie.exercises.protobuf_messages em modo append (1 partições)
[2025-07-09T19:04:19.250+0000] {spark_submit.py:644} INFO - [PROCESS EXERCISES] ✅ Tabela nessie.exercises.protobuf_messages salva com sucesso (40 registros)
[2025-07-09T19:04:19.251+0000] {spark_submit.py:644} INFO - [PROCESS EXERCISES] ✅ Simulações processadas e salvas com sucesso
[2025-07-09T19:04:19.252+0000] {spark_submit.py:644} INFO - [PROCESS EXERCISES] ✅ ✨ Processamento otimizado concluído com sucesso!
[2025-07-09T19:04:19.252+0000] {spark_submit.py:644} INFO - [PROCESS EXERCISES] 🔄 Finalizando sessão Spark
[2025-07-09T19:04:19.438+0000] {spark_submit.py:644} INFO - [PROCESS EXERCISES] ✅ Sessão Spark finalizada com sucesso
[2025-07-09T19:04:19.916+0000] {taskinstance.py:349} INFO - ::group::Post task execution logs
[2025-07-09T19:04:19.917+0000] {taskinstance.py:361} INFO - Marking task as SUCCESS. dag_id=process_exercises, task_id=process_exercises, run_id=manual__2025-07-09T19:03:03.576108+00:00, execution_date=20250709T190303, start_date=20250709T190309, end_date=20250709T190419
[2025-07-09T19:04:20.065+0000] {local_task_job_runner.py:266} INFO - Task exited with return code 0
[2025-07-09T19:04:20.080+0000] {local_task_job_runner.py:245} INFO - ::endgroup::
