[2025-07-08T15:07:17.100+0000] {local_task_job_runner.py:123} INFO - ::group::Pre task execution logs
[2025-07-08T15:07:17.147+0000] {taskinstance.py:2631} INFO - Dependencies all met for dep_context=non-requeueable deps ti=<TaskInstance: process_exercises.process_exercises manual__2025-07-08T15:07:12.125057+00:00 [queued]>
[2025-07-08T15:07:17.158+0000] {taskinstance.py:2631} INFO - Dependencies all met for dep_context=requeueable deps ti=<TaskInstance: process_exercises.process_exercises manual__2025-07-08T15:07:12.125057+00:00 [queued]>
[2025-07-08T15:07:17.158+0000] {taskinstance.py:2884} INFO - Starting attempt 1 of 1
[2025-07-08T15:07:17.207+0000] {taskinstance.py:2907} INFO - Executing <Task(SparkSubmitOperator): process_exercises> on 2025-07-08 15:07:12.125057+00:00
[2025-07-08T15:07:17.218+0000] {logging_mixin.py:190} WARNING - /home/airflow/.local/lib/python3.12/site-packages/airflow/task/task_runner/standard_task_runner.py:70 DeprecationWarning: This process (pid=2947) is multi-threaded, use of fork() may lead to deadlocks in the child.
[2025-07-08T15:07:17.219+0000] {standard_task_runner.py:72} INFO - Started process 2948 to run task
[2025-07-08T15:07:17.218+0000] {standard_task_runner.py:104} INFO - Running: ['airflow', 'tasks', 'run', 'process_exercises', 'process_exercises', 'manual__2025-07-08T15:07:12.125057+00:00', '--job-id', '137', '--raw', '--subdir', 'DAGS_FOLDER/process_exercises.py', '--cfg-path', '/tmp/tmp37vyh2gw']
[2025-07-08T15:07:17.220+0000] {standard_task_runner.py:105} INFO - Job 137: Subtask process_exercises
[2025-07-08T15:07:17.406+0000] {task_command.py:467} INFO - Running <TaskInstance: process_exercises.process_exercises manual__2025-07-08T15:07:12.125057+00:00 [running]> on host 3748f1b8240a
[2025-07-08T15:07:17.717+0000] {taskinstance.py:3157} INFO - Exporting env vars: AIRFLOW_CTX_DAG_OWNER='airflow' AIRFLOW_CTX_DAG_ID='process_exercises' AIRFLOW_CTX_TASK_ID='process_exercises' AIRFLOW_CTX_EXECUTION_DATE='2025-07-08T15:07:12.125057+00:00' AIRFLOW_CTX_TRY_NUMBER='1' AIRFLOW_CTX_DAG_RUN_ID='manual__2025-07-08T15:07:12.125057+00:00'
[2025-07-08T15:07:17.721+0000] {taskinstance.py:740} INFO - ::endgroup::
[2025-07-08T15:07:17.798+0000] {base.py:84} INFO - Retrieving connection 'spark-ebsim'
[2025-07-08T15:07:17.806+0000] {spark_submit.py:474} INFO - Spark-Submit cmd: spark-submit --master spark://spark-master:7077 --jars /opt/bitnami/spark/jars/iceberg-spark-runtime-3.5_2.12-1.8.1.jar,/opt/bitnami/spark/jars/nessie-spark-extensions-3.5_2.12-0.103.2.jar,/opt/bitnami/spark/jars/nessie-client-0.103.2.jar,/opt/bitnami/spark/jars/hadoop-aws-3.3.2.jar,/opt/bitnami/spark/jars/aws-java-sdk-bundle-1.12.262.jar, --name arrow-spark --deploy-mode client /opt/bitnami/spark/jobs/process_exercises_job.py {"id": "CA-SUL-construtiva-6DE-2025-07-08", "manifest_entry": {"data": {"createdAt": "2025-07-08T13:02:46.325Z", "origin": "CA-SUL", "path": "exercises/CA-SUL-construtiva-6DE-2025-07-08"}, "id": "CA-SUL-construtiva-6DE-2025-07-08"}, "metadata": {"createdAt": "2025-07-08T13:02:46.325Z", "description": "6DE", "documents": [{"description": "", "id": "1751979893598", "mimetype": "application/pdf", "name": "Op Jacui IV - Anexo A - Inteligencia.pdf", "path": "exercises/CA-SUL-construtiva-6DE-2025-07-08/documents/Op Jacui IV - Anexo A - Inteligencia.pdf", "size": 47523, "uploadedAt": "2025-07-08T13:04:53.598Z"}], "endDate": "2025-07-10", "id": "CA-SUL-construtiva-6DE-2025-07-08", "name": "Jogo de Guerra", "origin": "CA-SUL", "simulationType": "construtiva", "simulations": [{"id": "172.19.0.14_2025-07-08", "movedAt": "2025-07-08T13:05:04.531Z", "name": "172.19.0.14_2025-07-08", "originalPath": "staging/172.19.0.14_2025-07-08", "path": "exercises/CA-SUL-construtiva-6DE-2025-07-08/simulations/172.19.0.14_2025-07-08"}], "startDate": "2025-07-08", "trainedForce": "6 Divis\u00e3o de Ex\u00e9rcito", "updatedAt": "2025-07-08T13:05:04.532Z", "wikiUrl": ""}}
[2025-07-08T15:07:19.984+0000] {spark_submit.py:644} INFO - 25/07/08 15:07:19 WARN NativeCodeLoader: Unable to load native-hadoop library for your platform... using builtin-java classes where applicable
[2025-07-08T15:07:21.578+0000] {spark_submit.py:644} INFO - [PROCESS EXERCISES] ✅ sessão Spark iniciada com sucesso.
[2025-07-08T15:07:22.156+0000] {spark_submit.py:644} INFO - 25/07/08 15:07:22 INFO SparkContext: Running Spark version 3.5.5
[2025-07-08T15:07:22.157+0000] {spark_submit.py:644} INFO - 25/07/08 15:07:22 INFO SparkContext: OS info Linux, 5.15.167.4-microsoft-standard-WSL2, amd64
[2025-07-08T15:07:22.158+0000] {spark_submit.py:644} INFO - 25/07/08 15:07:22 INFO SparkContext: Java version 17.0.15
[2025-07-08T15:07:22.183+0000] {spark_submit.py:644} INFO - 25/07/08 15:07:22 INFO ResourceUtils: ==============================================================
[2025-07-08T15:07:22.184+0000] {spark_submit.py:644} INFO - 25/07/08 15:07:22 INFO ResourceUtils: No custom resources configured for spark.driver.
[2025-07-08T15:07:22.184+0000] {spark_submit.py:644} INFO - 25/07/08 15:07:22 INFO ResourceUtils: ==============================================================
[2025-07-08T15:07:22.185+0000] {spark_submit.py:644} INFO - 25/07/08 15:07:22 INFO SparkContext: Submitted application: ProcessExercises
[2025-07-08T15:07:22.204+0000] {spark_submit.py:644} INFO - 25/07/08 15:07:22 INFO ResourceProfile: Default ResourceProfile created, executor resources: Map(memory -> name: memory, amount: 1024, script: , vendor: , offHeap -> name: offHeap, amount: 0, script: , vendor: ), task resources: Map(cpus -> name: cpus, amount: 1.0)
[2025-07-08T15:07:22.212+0000] {spark_submit.py:644} INFO - 25/07/08 15:07:22 INFO ResourceProfile: Limiting resource is cpu
[2025-07-08T15:07:22.213+0000] {spark_submit.py:644} INFO - 25/07/08 15:07:22 INFO ResourceProfileManager: Added ResourceProfile id: 0
[2025-07-08T15:07:22.278+0000] {spark_submit.py:644} INFO - 25/07/08 15:07:22 INFO SecurityManager: Changing view acls to: airflow
[2025-07-08T15:07:22.279+0000] {spark_submit.py:644} INFO - 25/07/08 15:07:22 INFO SecurityManager: Changing modify acls to: airflow
[2025-07-08T15:07:22.280+0000] {spark_submit.py:644} INFO - 25/07/08 15:07:22 INFO SecurityManager: Changing view acls groups to:
[2025-07-08T15:07:22.280+0000] {spark_submit.py:644} INFO - 25/07/08 15:07:22 INFO SecurityManager: Changing modify acls groups to:
[2025-07-08T15:07:22.281+0000] {spark_submit.py:644} INFO - 25/07/08 15:07:22 INFO SecurityManager: SecurityManager: authentication disabled; ui acls disabled; users with view permissions: airflow; groups with view permissions: EMPTY; users with modify permissions: airflow; groups with modify permissions: EMPTY
[2025-07-08T15:07:22.478+0000] {spark_submit.py:644} INFO - 25/07/08 15:07:22 INFO Utils: Successfully started service 'sparkDriver' on port 46865.
[2025-07-08T15:07:22.504+0000] {spark_submit.py:644} INFO - 25/07/08 15:07:22 INFO SparkEnv: Registering MapOutputTracker
[2025-07-08T15:07:22.535+0000] {spark_submit.py:644} INFO - 25/07/08 15:07:22 INFO SparkEnv: Registering BlockManagerMaster
[2025-07-08T15:07:22.550+0000] {spark_submit.py:644} INFO - 25/07/08 15:07:22 INFO BlockManagerMasterEndpoint: Using org.apache.spark.storage.DefaultTopologyMapper for getting topology information
[2025-07-08T15:07:22.550+0000] {spark_submit.py:644} INFO - 25/07/08 15:07:22 INFO BlockManagerMasterEndpoint: BlockManagerMasterEndpoint up
[2025-07-08T15:07:22.554+0000] {spark_submit.py:644} INFO - 25/07/08 15:07:22 INFO SparkEnv: Registering BlockManagerMasterHeartbeat
[2025-07-08T15:07:22.579+0000] {spark_submit.py:644} INFO - 25/07/08 15:07:22 INFO DiskBlockManager: Created local directory at /tmp/blockmgr-bd8fd7e7-495a-4b26-8558-2a58e85b3703
[2025-07-08T15:07:22.598+0000] {spark_submit.py:644} INFO - 25/07/08 15:07:22 INFO MemoryStore: MemoryStore started with capacity 434.4 MiB
[2025-07-08T15:07:22.618+0000] {spark_submit.py:644} INFO - 25/07/08 15:07:22 INFO SparkEnv: Registering OutputCommitCoordinator
[2025-07-08T15:07:22.776+0000] {spark_submit.py:644} INFO - 25/07/08 15:07:22 INFO JettyUtils: Start Jetty 0.0.0.0:4040 for SparkUI
[2025-07-08T15:07:22.839+0000] {spark_submit.py:644} INFO - 25/07/08 15:07:22 INFO Utils: Successfully started service 'SparkUI' on port 4040.
[2025-07-08T15:07:22.875+0000] {spark_submit.py:644} INFO - 25/07/08 15:07:22 INFO SparkContext: Added JAR file:///opt/bitnami/spark/jars/iceberg-spark-runtime-3.5_2.12-1.8.1.jar at spark://3748f1b8240a:46865/jars/iceberg-spark-runtime-3.5_2.12-1.8.1.jar with timestamp 1751987242149
[2025-07-08T15:07:22.876+0000] {spark_submit.py:644} INFO - 25/07/08 15:07:22 INFO SparkContext: Added JAR file:///opt/bitnami/spark/jars/nessie-spark-extensions-3.5_2.12-0.103.2.jar at spark://3748f1b8240a:46865/jars/nessie-spark-extensions-3.5_2.12-0.103.2.jar with timestamp 1751987242149
[2025-07-08T15:07:22.878+0000] {spark_submit.py:644} INFO - 25/07/08 15:07:22 INFO SparkContext: Added JAR file:///opt/bitnami/spark/jars/nessie-client-0.103.2.jar at spark://3748f1b8240a:46865/jars/nessie-client-0.103.2.jar with timestamp 1751987242149
[2025-07-08T15:07:22.879+0000] {spark_submit.py:644} INFO - 25/07/08 15:07:22 INFO SparkContext: Added JAR file:///opt/bitnami/spark/jars/hadoop-aws-3.3.2.jar at spark://3748f1b8240a:46865/jars/hadoop-aws-3.3.2.jar with timestamp 1751987242149
[2025-07-08T15:07:22.880+0000] {spark_submit.py:644} INFO - 25/07/08 15:07:22 INFO SparkContext: Added JAR file:///opt/bitnami/spark/jars/aws-java-sdk-bundle-1.12.262.jar at spark://3748f1b8240a:46865/jars/aws-java-sdk-bundle-1.12.262.jar with timestamp 1751987242149
[2025-07-08T15:07:23.049+0000] {spark_submit.py:644} INFO - 25/07/08 15:07:23 INFO StandaloneAppClient$ClientEndpoint: Connecting to master spark://spark-master:7077...
[2025-07-08T15:07:23.098+0000] {spark_submit.py:644} INFO - 25/07/08 15:07:23 INFO TransportClientFactory: Successfully created connection to spark-master/172.19.0.2:7077 after 29 ms (0 ms spent in bootstraps)
[2025-07-08T15:07:23.236+0000] {spark_submit.py:644} INFO - 25/07/08 15:07:23 INFO StandaloneSchedulerBackend: Connected to Spark cluster with app ID app-20250708150723-0002
[2025-07-08T15:07:23.239+0000] {spark_submit.py:644} INFO - 25/07/08 15:07:23 INFO StandaloneAppClient$ClientEndpoint: Executor added: app-20250708150723-0002/0 on worker-20250708130010-172.19.0.8-33627 (172.19.0.8:33627) with 2 core(s)
[2025-07-08T15:07:23.241+0000] {spark_submit.py:644} INFO - 25/07/08 15:07:23 INFO StandaloneSchedulerBackend: Granted executor ID app-20250708150723-0002/0 on hostPort 172.19.0.8:33627 with 2 core(s), 1024.0 MiB RAM
[2025-07-08T15:07:23.245+0000] {spark_submit.py:644} INFO - 25/07/08 15:07:23 INFO Utils: Successfully started service 'org.apache.spark.network.netty.NettyBlockTransferService' on port 38173.
[2025-07-08T15:07:23.246+0000] {spark_submit.py:644} INFO - 25/07/08 15:07:23 INFO NettyBlockTransferService: Server created on 3748f1b8240a:38173
[2025-07-08T15:07:23.247+0000] {spark_submit.py:644} INFO - 25/07/08 15:07:23 INFO BlockManager: Using org.apache.spark.storage.RandomBlockReplicationPolicy for block replication policy
[2025-07-08T15:07:23.252+0000] {spark_submit.py:644} INFO - 25/07/08 15:07:23 INFO BlockManagerMaster: Registering BlockManager BlockManagerId(driver, 3748f1b8240a, 38173, None)
[2025-07-08T15:07:23.256+0000] {spark_submit.py:644} INFO - 25/07/08 15:07:23 INFO BlockManagerMasterEndpoint: Registering block manager 3748f1b8240a:38173 with 434.4 MiB RAM, BlockManagerId(driver, 3748f1b8240a, 38173, None)
[2025-07-08T15:07:23.258+0000] {spark_submit.py:644} INFO - 25/07/08 15:07:23 INFO BlockManagerMaster: Registered BlockManager BlockManagerId(driver, 3748f1b8240a, 38173, None)
[2025-07-08T15:07:23.259+0000] {spark_submit.py:644} INFO - 25/07/08 15:07:23 INFO BlockManager: Initialized BlockManager: BlockManagerId(driver, 3748f1b8240a, 38173, None)
[2025-07-08T15:07:23.386+0000] {spark_submit.py:644} INFO - 25/07/08 15:07:23 INFO StandaloneAppClient$ClientEndpoint: Executor updated: app-20250708150723-0002/0 is now RUNNING
[2025-07-08T15:07:23.464+0000] {spark_submit.py:644} INFO - 25/07/08 15:07:23 INFO StandaloneSchedulerBackend: SchedulerBackend is ready for scheduling beginning after reached minRegisteredResourcesRatio: 0.0
[2025-07-08T15:07:23.698+0000] {spark_submit.py:644} INFO - 25/07/08 15:07:23 INFO SharedState: Setting hive.metastore.warehouse.dir ('null') to the value of spark.sql.warehouse.dir.
[2025-07-08T15:07:23.701+0000] {spark_submit.py:644} INFO - 25/07/08 15:07:23 INFO SharedState: Warehouse path is 'file:/opt/airflow/spark-warehouse'.
[2025-07-08T15:07:26.352+0000] {spark_submit.py:644} INFO - 25/07/08 15:07:26 INFO CatalogUtil: Loading custom FileIO implementation: org.apache.iceberg.hadoop.HadoopFileIO
[2025-07-08T15:07:31.013+0000] {spark_submit.py:644} INFO - 25/07/08 15:07:31 INFO StandaloneSchedulerBackend$StandaloneDriverEndpoint: Registered executor NettyRpcEndpointRef(spark-client://Executor) (172.19.0.8:52496) with ID 0,  ResourceProfileId 0
[2025-07-08T15:07:31.296+0000] {spark_submit.py:644} INFO - 25/07/08 15:07:31 INFO BlockManagerMasterEndpoint: Registering block manager 172.19.0.8:43277 with 434.4 MiB RAM, BlockManagerId(0, 172.19.0.8, 43277, None)
[2025-07-08T15:07:31.791+0000] {spark_submit.py:644} INFO - 25/07/08 15:07:31 WARN MetricsConfig: Cannot locate configuration: tried hadoop-metrics2-s3a-file-system.properties,hadoop-metrics2.properties
[2025-07-08T15:07:31.804+0000] {spark_submit.py:644} INFO - 25/07/08 15:07:31 INFO MetricsSystemImpl: Scheduled Metric snapshot period at 10 second(s).
[2025-07-08T15:07:31.805+0000] {spark_submit.py:644} INFO - 25/07/08 15:07:31 INFO MetricsSystemImpl: s3a-file-system metrics system started
[2025-07-08T15:07:35.227+0000] {spark_submit.py:644} INFO - 25/07/08 15:07:35 INFO InMemoryFileIndex: It took 953 ms to list leaf files for 1 paths.
[2025-07-08T15:07:38.681+0000] {spark_submit.py:644} INFO - 25/07/08 15:07:38 INFO FileSourceStrategy: Pushed Filters:
[2025-07-08T15:07:38.682+0000] {spark_submit.py:644} INFO - 25/07/08 15:07:38 INFO FileSourceStrategy: Post-Scan Filters:
[2025-07-08T15:07:44.392+0000] {spark_submit.py:644} INFO - 25/07/08 15:07:44 INFO CodeGenerator: Code generated in 1463.119581 ms
[2025-07-08T15:07:44.556+0000] {spark_submit.py:644} INFO - 25/07/08 15:07:44 INFO MemoryStore: Block broadcast_0 stored as values in memory (estimated size 203.5 KiB, free 434.2 MiB)
[2025-07-08T15:07:44.806+0000] {spark_submit.py:644} INFO - 25/07/08 15:07:44 INFO MemoryStore: Block broadcast_0_piece0 stored as bytes in memory (estimated size 35.7 KiB, free 434.2 MiB)
[2025-07-08T15:07:44.809+0000] {spark_submit.py:644} INFO - 25/07/08 15:07:44 INFO BlockManagerInfo: Added broadcast_0_piece0 in memory on 3748f1b8240a:38173 (size: 35.7 KiB, free: 434.4 MiB)
[2025-07-08T15:07:44.819+0000] {spark_submit.py:644} INFO - 25/07/08 15:07:44 INFO SparkContext: Created broadcast 0 from collect at /opt/bitnami/spark/jobs/process_exercises_job.py:221
[2025-07-08T15:07:44.836+0000] {spark_submit.py:644} INFO - 25/07/08 15:07:44 INFO FileSourceScanExec: Planning scan with bin packing, max size: 4194304 bytes, open cost is considered as scanning 4194304 bytes.
[2025-07-08T15:07:45.356+0000] {spark_submit.py:644} INFO - 25/07/08 15:07:45 INFO SparkContext: Starting job: collect at /opt/bitnami/spark/jobs/process_exercises_job.py:221
[2025-07-08T15:07:45.370+0000] {spark_submit.py:644} INFO - 25/07/08 15:07:45 INFO DAGScheduler: Got job 0 (collect at /opt/bitnami/spark/jobs/process_exercises_job.py:221) with 1 output partitions
[2025-07-08T15:07:45.371+0000] {spark_submit.py:644} INFO - 25/07/08 15:07:45 INFO DAGScheduler: Final stage: ResultStage 0 (collect at /opt/bitnami/spark/jobs/process_exercises_job.py:221)
[2025-07-08T15:07:45.372+0000] {spark_submit.py:644} INFO - 25/07/08 15:07:45 INFO DAGScheduler: Parents of final stage: List()
[2025-07-08T15:07:45.373+0000] {spark_submit.py:644} INFO - 25/07/08 15:07:45 INFO DAGScheduler: Missing parents: List()
[2025-07-08T15:07:45.376+0000] {spark_submit.py:644} INFO - 25/07/08 15:07:45 INFO DAGScheduler: Submitting ResultStage 0 (MapPartitionsRDD[5] at collect at /opt/bitnami/spark/jobs/process_exercises_job.py:221), which has no missing parents
[2025-07-08T15:07:45.397+0000] {spark_submit.py:644} INFO - 25/07/08 15:07:45 INFO MemoryStore: Block broadcast_1 stored as values in memory (estimated size 26.8 KiB, free 434.1 MiB)
[2025-07-08T15:07:45.511+0000] {spark_submit.py:644} INFO - 25/07/08 15:07:45 INFO MemoryStore: Block broadcast_1_piece0 stored as bytes in memory (estimated size 13.3 KiB, free 434.1 MiB)
[2025-07-08T15:07:45.533+0000] {spark_submit.py:644} INFO - 25/07/08 15:07:45 INFO BlockManagerInfo: Added broadcast_1_piece0 in memory on 3748f1b8240a:38173 (size: 13.3 KiB, free: 434.4 MiB)
[2025-07-08T15:07:45.534+0000] {spark_submit.py:644} INFO - 25/07/08 15:07:45 INFO SparkContext: Created broadcast 1 from broadcast at DAGScheduler.scala:1585
[2025-07-08T15:07:45.572+0000] {spark_submit.py:644} INFO - 25/07/08 15:07:45 INFO DAGScheduler: Submitting 1 missing tasks from ResultStage 0 (MapPartitionsRDD[5] at collect at /opt/bitnami/spark/jobs/process_exercises_job.py:221) (first 15 tasks are for partitions Vector(0))
[2025-07-08T15:07:45.573+0000] {spark_submit.py:644} INFO - 25/07/08 15:07:45 INFO TaskSchedulerImpl: Adding task set 0.0 with 1 tasks resource profile 0
[2025-07-08T15:08:00.498+0000] {spark_submit.py:644} INFO - 25/07/08 15:08:00 INFO TaskSetManager: Starting task 0.0 in stage 0.0 (TID 0) (172.19.0.8, executor 0, partition 0, PROCESS_LOCAL, 10202 bytes)
[2025-07-08T15:08:01.657+0000] {spark_submit.py:644} INFO - 25/07/08 15:08:01 INFO BlockManagerInfo: Added broadcast_1_piece0 in memory on 172.19.0.8:43277 (size: 13.3 KiB, free: 434.4 MiB)
[2025-07-08T15:08:09.070+0000] {spark_submit.py:644} INFO - 25/07/08 15:08:09 INFO BlockManagerInfo: Added broadcast_0_piece0 in memory on 172.19.0.8:43277 (size: 35.7 KiB, free: 434.4 MiB)
[2025-07-08T15:08:11.766+0000] {spark_submit.py:644} INFO - 25/07/08 15:08:11 INFO TaskSetManager: Finished task 0.0 in stage 0.0 (TID 0) in 11279 ms on 172.19.0.8 (executor 0) (1/1)
[2025-07-08T15:08:11.768+0000] {spark_submit.py:644} INFO - 25/07/08 15:08:11 INFO TaskSchedulerImpl: Removed TaskSet 0.0, whose tasks have all completed, from pool
[2025-07-08T15:08:11.772+0000] {spark_submit.py:644} INFO - 25/07/08 15:08:11 INFO PythonAccumulatorV2: Connected to AccumulatorServer at host: 127.0.0.1 port: 49767
[2025-07-08T15:08:11.778+0000] {spark_submit.py:644} INFO - 25/07/08 15:08:11 INFO DAGScheduler: ResultStage 0 (collect at /opt/bitnami/spark/jobs/process_exercises_job.py:221) finished in 26.383 s
[2025-07-08T15:08:11.779+0000] {spark_submit.py:644} INFO - 25/07/08 15:08:11 INFO DAGScheduler: Job 0 is finished. Cancelling potential speculative or zombie tasks for this job
[2025-07-08T15:08:11.779+0000] {spark_submit.py:644} INFO - 25/07/08 15:08:11 INFO TaskSchedulerImpl: Killing all running tasks in stage 0: Stage finished
[2025-07-08T15:08:11.780+0000] {spark_submit.py:644} INFO - 25/07/08 15:08:11 INFO DAGScheduler: Job 0 finished: collect at /opt/bitnami/spark/jobs/process_exercises_job.py:221, took 26.427797 s
[2025-07-08T15:08:14.207+0000] {spark_submit.py:644} INFO - 25/07/08 15:08:14 INFO InMemoryFileIndex: It took 9 ms to list leaf files for 1 paths.
[2025-07-08T15:08:14.234+0000] {spark_submit.py:644} INFO - 25/07/08 15:08:14 INFO FileSourceStrategy: Pushed Filters:
[2025-07-08T15:08:14.235+0000] {spark_submit.py:644} INFO - 25/07/08 15:08:14 INFO FileSourceStrategy: Post-Scan Filters:
[2025-07-08T15:08:14.243+0000] {spark_submit.py:644} INFO - 25/07/08 15:08:14 INFO MemoryStore: Block broadcast_2 stored as values in memory (estimated size 203.7 KiB, free 433.9 MiB)
[2025-07-08T15:08:14.275+0000] {spark_submit.py:644} INFO - 25/07/08 15:08:14 INFO MemoryStore: Block broadcast_2_piece0 stored as bytes in memory (estimated size 35.7 KiB, free 433.9 MiB)
[2025-07-08T15:08:14.292+0000] {spark_submit.py:644} INFO - 25/07/08 15:08:14 INFO BlockManagerInfo: Added broadcast_2_piece0 in memory on 3748f1b8240a:38173 (size: 35.7 KiB, free: 434.3 MiB)
[2025-07-08T15:08:14.293+0000] {spark_submit.py:644} INFO - 25/07/08 15:08:14 INFO SparkContext: Created broadcast 2 from collect at /opt/bitnami/spark/jobs/process_exercises_job.py:347
[2025-07-08T15:08:14.294+0000] {spark_submit.py:644} INFO - 25/07/08 15:08:14 INFO FileSourceScanExec: Planning scan with bin packing, max size: 8390298 bytes, open cost is considered as scanning 4194304 bytes.
[2025-07-08T15:08:14.296+0000] {spark_submit.py:644} INFO - 25/07/08 15:08:14 INFO BlockManagerInfo: Removed broadcast_1_piece0 on 3748f1b8240a:38173 in memory (size: 13.3 KiB, free: 434.3 MiB)
[2025-07-08T15:08:14.312+0000] {spark_submit.py:644} INFO - 25/07/08 15:08:14 INFO SparkContext: Starting job: collect at /opt/bitnami/spark/jobs/process_exercises_job.py:347
[2025-07-08T15:08:14.313+0000] {spark_submit.py:644} INFO - 25/07/08 15:08:14 INFO DAGScheduler: Got job 1 (collect at /opt/bitnami/spark/jobs/process_exercises_job.py:347) with 2 output partitions
[2025-07-08T15:08:14.314+0000] {spark_submit.py:644} INFO - 25/07/08 15:08:14 INFO DAGScheduler: Final stage: ResultStage 1 (collect at /opt/bitnami/spark/jobs/process_exercises_job.py:347)
[2025-07-08T15:08:14.315+0000] {spark_submit.py:644} INFO - 25/07/08 15:08:14 INFO DAGScheduler: Parents of final stage: List()
[2025-07-08T15:08:14.328+0000] {spark_submit.py:644} INFO - 25/07/08 15:08:14 INFO DAGScheduler: Missing parents: List()
[2025-07-08T15:08:14.329+0000] {spark_submit.py:644} INFO - 25/07/08 15:08:14 INFO BlockManagerInfo: Removed broadcast_1_piece0 on 172.19.0.8:43277 in memory (size: 13.3 KiB, free: 434.4 MiB)
[2025-07-08T15:08:14.329+0000] {spark_submit.py:644} INFO - 25/07/08 15:08:14 INFO DAGScheduler: Submitting ResultStage 1 (MapPartitionsRDD[13] at collect at /opt/bitnami/spark/jobs/process_exercises_job.py:347), which has no missing parents
[2025-07-08T15:08:14.332+0000] {spark_submit.py:644} INFO - 25/07/08 15:08:14 INFO MemoryStore: Block broadcast_3 stored as values in memory (estimated size 9.4 KiB, free 433.9 MiB)
[2025-07-08T15:08:14.349+0000] {spark_submit.py:644} INFO - 25/07/08 15:08:14 INFO MemoryStore: Block broadcast_3_piece0 stored as bytes in memory (estimated size 4.7 KiB, free 433.9 MiB)
[2025-07-08T15:08:14.350+0000] {spark_submit.py:644} INFO - 25/07/08 15:08:14 INFO BlockManagerInfo: Added broadcast_3_piece0 in memory on 3748f1b8240a:38173 (size: 4.7 KiB, free: 434.3 MiB)
[2025-07-08T15:08:14.350+0000] {spark_submit.py:644} INFO - 25/07/08 15:08:14 INFO SparkContext: Created broadcast 3 from broadcast at DAGScheduler.scala:1585
[2025-07-08T15:08:14.351+0000] {spark_submit.py:644} INFO - 25/07/08 15:08:14 INFO DAGScheduler: Submitting 2 missing tasks from ResultStage 1 (MapPartitionsRDD[13] at collect at /opt/bitnami/spark/jobs/process_exercises_job.py:347) (first 15 tasks are for partitions Vector(0, 1))
[2025-07-08T15:08:14.351+0000] {spark_submit.py:644} INFO - 25/07/08 15:08:14 INFO TaskSchedulerImpl: Adding task set 1.0 with 2 tasks resource profile 0
[2025-07-08T15:08:14.353+0000] {spark_submit.py:644} INFO - 25/07/08 15:08:14 INFO TaskSetManager: Starting task 0.0 in stage 1.0 (TID 1) (172.19.0.8, executor 0, partition 0, PROCESS_LOCAL, 10376 bytes)
[2025-07-08T15:08:14.354+0000] {spark_submit.py:644} INFO - 25/07/08 15:08:14 INFO TaskSetManager: Starting task 1.0 in stage 1.0 (TID 2) (172.19.0.8, executor 0, partition 1, PROCESS_LOCAL, 10379 bytes)
[2025-07-08T15:08:14.394+0000] {spark_submit.py:644} INFO - 25/07/08 15:08:14 INFO BlockManagerInfo: Added broadcast_3_piece0 in memory on 172.19.0.8:43277 (size: 4.7 KiB, free: 434.4 MiB)
[2025-07-08T15:08:14.454+0000] {spark_submit.py:644} INFO - 25/07/08 15:08:14 INFO BlockManagerInfo: Added broadcast_2_piece0 in memory on 172.19.0.8:43277 (size: 35.7 KiB, free: 434.3 MiB)
[2025-07-08T15:08:14.500+0000] {spark_submit.py:644} INFO - 25/07/08 15:08:14 INFO TaskSetManager: Finished task 1.0 in stage 1.0 (TID 2) in 147 ms on 172.19.0.8 (executor 0) (1/2)
[2025-07-08T15:08:14.523+0000] {spark_submit.py:644} INFO - 25/07/08 15:08:14 INFO TaskSetManager: Finished task 0.0 in stage 1.0 (TID 1) in 149 ms on 172.19.0.8 (executor 0) (2/2)
[2025-07-08T15:08:14.524+0000] {spark_submit.py:644} INFO - 25/07/08 15:08:14 INFO TaskSchedulerImpl: Removed TaskSet 1.0, whose tasks have all completed, from pool
[2025-07-08T15:08:14.524+0000] {spark_submit.py:644} INFO - 25/07/08 15:08:14 INFO DAGScheduler: ResultStage 1 (collect at /opt/bitnami/spark/jobs/process_exercises_job.py:347) finished in 0.172 s
[2025-07-08T15:08:14.525+0000] {spark_submit.py:644} INFO - 25/07/08 15:08:14 INFO DAGScheduler: Job 1 is finished. Cancelling potential speculative or zombie tasks for this job
[2025-07-08T15:08:14.525+0000] {spark_submit.py:644} INFO - 25/07/08 15:08:14 INFO TaskSchedulerImpl: Killing all running tasks in stage 1: Stage finished
[2025-07-08T15:08:14.526+0000] {spark_submit.py:644} INFO - 25/07/08 15:08:14 INFO DAGScheduler: Job 1 finished: collect at /opt/bitnami/spark/jobs/process_exercises_job.py:347, took 0.191424 s
[2025-07-08T15:08:14.543+0000] {spark_submit.py:644} INFO - 25/07/08 15:08:14 INFO InMemoryFileIndex: It took 10 ms to list leaf files for 1 paths.
[2025-07-08T15:08:15.245+0000] {spark_submit.py:644} INFO - 25/07/08 15:08:15 INFO FileSourceStrategy: Pushed Filters:
[2025-07-08T15:08:15.246+0000] {spark_submit.py:644} INFO - 25/07/08 15:08:15 INFO FileSourceStrategy: Post-Scan Filters:
[2025-07-08T15:08:15.964+0000] {spark_submit.py:644} INFO - 25/07/08 15:08:15 INFO CodeGenerator: Code generated in 402.132938 ms
[2025-07-08T15:08:16.016+0000] {spark_submit.py:644} INFO - 25/07/08 15:08:16 INFO CodeGenerator: Code generated in 25.962091 ms
[2025-07-08T15:08:16.020+0000] {spark_submit.py:644} INFO - 25/07/08 15:08:16 INFO MemoryStore: Block broadcast_4 stored as values in memory (estimated size 203.5 KiB, free 433.7 MiB)
[2025-07-08T15:08:16.127+0000] {spark_submit.py:644} INFO - 25/07/08 15:08:16 INFO BlockManagerInfo: Removed broadcast_3_piece0 on 3748f1b8240a:38173 in memory (size: 4.7 KiB, free: 434.3 MiB)
[2025-07-08T15:08:16.131+0000] {spark_submit.py:644} INFO - 25/07/08 15:08:16 INFO BlockManagerInfo: Removed broadcast_3_piece0 on 172.19.0.8:43277 in memory (size: 4.7 KiB, free: 434.3 MiB)
[2025-07-08T15:08:16.137+0000] {spark_submit.py:644} INFO - 25/07/08 15:08:16 INFO MemoryStore: Block broadcast_4_piece0 stored as bytes in memory (estimated size 35.7 KiB, free 433.7 MiB)
[2025-07-08T15:08:16.201+0000] {spark_submit.py:644} INFO - 25/07/08 15:08:16 INFO BlockManagerInfo: Added broadcast_4_piece0 in memory on 3748f1b8240a:38173 (size: 35.7 KiB, free: 434.3 MiB)
[2025-07-08T15:08:16.204+0000] {spark_submit.py:644} INFO - 25/07/08 15:08:16 INFO SparkContext: Created broadcast 4 from count at NativeMethodAccessorImpl.java:0
[2025-07-08T15:08:16.205+0000] {spark_submit.py:644} INFO - 25/07/08 15:08:16 INFO FileSourceScanExec: Planning scan with bin packing, max size: 4194304 bytes, open cost is considered as scanning 4194304 bytes.
[2025-07-08T15:08:16.819+0000] {spark_submit.py:644} INFO - 25/07/08 15:08:16 INFO DAGScheduler: Registering RDD 22 (count at NativeMethodAccessorImpl.java:0) as input to shuffle 0
[2025-07-08T15:08:17.065+0000] {spark_submit.py:644} INFO - 25/07/08 15:08:17 INFO DAGScheduler: Got map stage job 2 (count at NativeMethodAccessorImpl.java:0) with 1 output partitions
[2025-07-08T15:08:17.067+0000] {spark_submit.py:644} INFO - 25/07/08 15:08:17 INFO DAGScheduler: Final stage: ShuffleMapStage 2 (count at NativeMethodAccessorImpl.java:0)
[2025-07-08T15:08:17.069+0000] {spark_submit.py:644} INFO - 25/07/08 15:08:17 INFO DAGScheduler: Parents of final stage: List()
[2025-07-08T15:08:17.071+0000] {spark_submit.py:644} INFO - 25/07/08 15:08:17 INFO DAGScheduler: Missing parents: List()
[2025-07-08T15:08:17.077+0000] {spark_submit.py:644} INFO - 25/07/08 15:08:17 INFO DAGScheduler: Submitting ShuffleMapStage 2 (MapPartitionsRDD[22] at count at NativeMethodAccessorImpl.java:0), which has no missing parents
[2025-07-08T15:08:17.099+0000] {spark_submit.py:644} INFO - 25/07/08 15:08:17 INFO MemoryStore: Block broadcast_5 stored as values in memory (estimated size 41.2 KiB, free 433.7 MiB)
[2025-07-08T15:08:17.142+0000] {spark_submit.py:644} INFO - 25/07/08 15:08:17 INFO MemoryStore: Block broadcast_5_piece0 stored as bytes in memory (estimated size 19.2 KiB, free 433.6 MiB)
[2025-07-08T15:08:17.200+0000] {spark_submit.py:644} INFO - 25/07/08 15:08:17 INFO BlockManagerInfo: Removed broadcast_0_piece0 on 172.19.0.8:43277 in memory (size: 35.7 KiB, free: 434.4 MiB)
[2025-07-08T15:08:17.210+0000] {spark_submit.py:644} INFO - 25/07/08 15:08:17 INFO BlockManagerInfo: Added broadcast_5_piece0 in memory on 3748f1b8240a:38173 (size: 19.2 KiB, free: 434.3 MiB)
[2025-07-08T15:08:17.211+0000] {spark_submit.py:644} INFO - 25/07/08 15:08:17 INFO BlockManagerInfo: Removed broadcast_0_piece0 on 3748f1b8240a:38173 in memory (size: 35.7 KiB, free: 434.3 MiB)
[2025-07-08T15:08:17.211+0000] {spark_submit.py:644} INFO - 25/07/08 15:08:17 INFO SparkContext: Created broadcast 5 from broadcast at DAGScheduler.scala:1585
[2025-07-08T15:08:17.212+0000] {spark_submit.py:644} INFO - 25/07/08 15:08:17 INFO DAGScheduler: Submitting 1 missing tasks from ShuffleMapStage 2 (MapPartitionsRDD[22] at count at NativeMethodAccessorImpl.java:0) (first 15 tasks are for partitions Vector(0))
[2025-07-08T15:08:17.213+0000] {spark_submit.py:644} INFO - 25/07/08 15:08:17 INFO TaskSchedulerImpl: Adding task set 2.0 with 1 tasks resource profile 0
[2025-07-08T15:08:17.214+0000] {spark_submit.py:644} INFO - 25/07/08 15:08:17 INFO TaskSetManager: Starting task 0.0 in stage 2.0 (TID 3) (172.19.0.8, executor 0, partition 0, PROCESS_LOCAL, 10189 bytes)
[2025-07-08T15:08:17.312+0000] {spark_submit.py:644} INFO - 25/07/08 15:08:17 INFO BlockManagerInfo: Added broadcast_5_piece0 in memory on 172.19.0.8:43277 (size: 19.2 KiB, free: 434.3 MiB)
[2025-07-08T15:08:20.336+0000] {spark_submit.py:644} INFO - 25/07/08 15:08:20 INFO BlockManagerInfo: Added broadcast_4_piece0 in memory on 172.19.0.8:43277 (size: 35.7 KiB, free: 434.3 MiB)
[2025-07-08T15:08:21.821+0000] {spark_submit.py:644} INFO - 25/07/08 15:08:21 INFO TaskSetManager: Finished task 0.0 in stage 2.0 (TID 3) in 4608 ms on 172.19.0.8 (executor 0) (1/1)
[2025-07-08T15:08:21.822+0000] {spark_submit.py:644} INFO - 25/07/08 15:08:21 INFO TaskSchedulerImpl: Removed TaskSet 2.0, whose tasks have all completed, from pool
[2025-07-08T15:08:21.824+0000] {spark_submit.py:644} INFO - 25/07/08 15:08:21 INFO DAGScheduler: ShuffleMapStage 2 (count at NativeMethodAccessorImpl.java:0) finished in 4.740 s
[2025-07-08T15:08:21.825+0000] {spark_submit.py:644} INFO - 25/07/08 15:08:21 INFO DAGScheduler: looking for newly runnable stages
[2025-07-08T15:08:21.825+0000] {spark_submit.py:644} INFO - 25/07/08 15:08:21 INFO DAGScheduler: running: Set()
[2025-07-08T15:08:21.826+0000] {spark_submit.py:644} INFO - 25/07/08 15:08:21 INFO DAGScheduler: waiting: Set()
[2025-07-08T15:08:21.827+0000] {spark_submit.py:644} INFO - 25/07/08 15:08:21 INFO DAGScheduler: failed: Set()
[2025-07-08T15:08:22.051+0000] {spark_submit.py:644} INFO - 25/07/08 15:08:22 INFO CodeGenerator: Code generated in 11.490882 ms
[2025-07-08T15:08:22.233+0000] {spark_submit.py:644} INFO - 25/07/08 15:08:22 INFO SparkContext: Starting job: count at NativeMethodAccessorImpl.java:0
[2025-07-08T15:08:22.237+0000] {spark_submit.py:644} INFO - 25/07/08 15:08:22 INFO DAGScheduler: Got job 3 (count at NativeMethodAccessorImpl.java:0) with 1 output partitions
[2025-07-08T15:08:22.239+0000] {spark_submit.py:644} INFO - 25/07/08 15:08:22 INFO DAGScheduler: Final stage: ResultStage 4 (count at NativeMethodAccessorImpl.java:0)
[2025-07-08T15:08:22.240+0000] {spark_submit.py:644} INFO - 25/07/08 15:08:22 INFO DAGScheduler: Parents of final stage: List(ShuffleMapStage 3)
[2025-07-08T15:08:22.240+0000] {spark_submit.py:644} INFO - 25/07/08 15:08:22 INFO DAGScheduler: Missing parents: List()
[2025-07-08T15:08:22.241+0000] {spark_submit.py:644} INFO - 25/07/08 15:08:22 INFO DAGScheduler: Submitting ResultStage 4 (MapPartitionsRDD[25] at count at NativeMethodAccessorImpl.java:0), which has no missing parents
[2025-07-08T15:08:22.250+0000] {spark_submit.py:644} INFO - 25/07/08 15:08:22 INFO MemoryStore: Block broadcast_6 stored as values in memory (estimated size 12.5 KiB, free 433.9 MiB)
[2025-07-08T15:08:22.390+0000] {spark_submit.py:644} INFO - 25/07/08 15:08:22 INFO MemoryStore: Block broadcast_6_piece0 stored as bytes in memory (estimated size 5.9 KiB, free 433.9 MiB)
[2025-07-08T15:08:22.401+0000] {spark_submit.py:644} INFO - 25/07/08 15:08:22 INFO BlockManagerInfo: Removed broadcast_5_piece0 on 172.19.0.8:43277 in memory (size: 19.2 KiB, free: 434.3 MiB)
[2025-07-08T15:08:22.445+0000] {spark_submit.py:644} INFO - 25/07/08 15:08:22 INFO BlockManagerInfo: Added broadcast_6_piece0 in memory on 3748f1b8240a:38173 (size: 5.9 KiB, free: 434.3 MiB)
[2025-07-08T15:08:22.445+0000] {spark_submit.py:644} INFO - 25/07/08 15:08:22 INFO BlockManagerInfo: Removed broadcast_5_piece0 on 3748f1b8240a:38173 in memory (size: 19.2 KiB, free: 434.3 MiB)
[2025-07-08T15:08:22.446+0000] {spark_submit.py:644} INFO - 25/07/08 15:08:22 INFO SparkContext: Created broadcast 6 from broadcast at DAGScheduler.scala:1585
[2025-07-08T15:08:22.446+0000] {spark_submit.py:644} INFO - 25/07/08 15:08:22 INFO DAGScheduler: Submitting 1 missing tasks from ResultStage 4 (MapPartitionsRDD[25] at count at NativeMethodAccessorImpl.java:0) (first 15 tasks are for partitions Vector(0))
[2025-07-08T15:08:22.447+0000] {spark_submit.py:644} INFO - 25/07/08 15:08:22 INFO TaskSchedulerImpl: Adding task set 4.0 with 1 tasks resource profile 0
[2025-07-08T15:08:22.451+0000] {spark_submit.py:644} INFO - 25/07/08 15:08:22 INFO TaskSetManager: Starting task 0.0 in stage 4.0 (TID 4) (172.19.0.8, executor 0, partition 0, NODE_LOCAL, 9518 bytes)
[2025-07-08T15:08:22.587+0000] {spark_submit.py:644} INFO - 25/07/08 15:08:22 INFO BlockManagerInfo: Added broadcast_6_piece0 in memory on 172.19.0.8:43277 (size: 5.9 KiB, free: 434.3 MiB)
[2025-07-08T15:08:22.731+0000] {spark_submit.py:644} INFO - 25/07/08 15:08:22 INFO MapOutputTrackerMasterEndpoint: Asked to send map output locations for shuffle 0 to 172.19.0.8:52496
[2025-07-08T15:08:24.692+0000] {spark_submit.py:644} INFO - 25/07/08 15:08:24 INFO TaskSetManager: Finished task 0.0 in stage 4.0 (TID 4) in 2242 ms on 172.19.0.8 (executor 0) (1/1)
[2025-07-08T15:08:24.692+0000] {spark_submit.py:644} INFO - 25/07/08 15:08:24 INFO TaskSchedulerImpl: Removed TaskSet 4.0, whose tasks have all completed, from pool
[2025-07-08T15:08:24.693+0000] {spark_submit.py:644} INFO - 25/07/08 15:08:24 INFO DAGScheduler: ResultStage 4 (count at NativeMethodAccessorImpl.java:0) finished in 2.445 s
[2025-07-08T15:08:24.694+0000] {spark_submit.py:644} INFO - 25/07/08 15:08:24 INFO DAGScheduler: Job 3 is finished. Cancelling potential speculative or zombie tasks for this job
[2025-07-08T15:08:24.694+0000] {spark_submit.py:644} INFO - 25/07/08 15:08:24 INFO TaskSchedulerImpl: Killing all running tasks in stage 4: Stage finished
[2025-07-08T15:08:24.695+0000] {spark_submit.py:644} INFO - 25/07/08 15:08:24 INFO DAGScheduler: Job 3 finished: count at NativeMethodAccessorImpl.java:0, took 2.460973 s
[2025-07-08T15:08:24.727+0000] {spark_submit.py:644} INFO - 25/07/08 15:08:24 INFO InMemoryFileIndex: It took 9 ms to list leaf files for 1 paths.
[2025-07-08T15:08:24.847+0000] {spark_submit.py:644} INFO - 25/07/08 15:08:24 INFO FileSourceStrategy: Pushed Filters:
[2025-07-08T15:08:24.848+0000] {spark_submit.py:644} INFO - 25/07/08 15:08:24 INFO FileSourceStrategy: Post-Scan Filters:
[2025-07-08T15:08:24.880+0000] {spark_submit.py:644} INFO - 25/07/08 15:08:24 INFO MemoryStore: Block broadcast_7 stored as values in memory (estimated size 203.5 KiB, free 433.7 MiB)
[2025-07-08T15:08:24.913+0000] {spark_submit.py:644} INFO - 25/07/08 15:08:24 INFO MemoryStore: Block broadcast_7_piece0 stored as bytes in memory (estimated size 35.7 KiB, free 433.7 MiB)
[2025-07-08T15:08:24.915+0000] {spark_submit.py:644} INFO - 25/07/08 15:08:24 INFO BlockManagerInfo: Added broadcast_7_piece0 in memory on 3748f1b8240a:38173 (size: 35.7 KiB, free: 434.3 MiB)
[2025-07-08T15:08:24.917+0000] {spark_submit.py:644} INFO - 25/07/08 15:08:24 INFO SparkContext: Created broadcast 7 from count at NativeMethodAccessorImpl.java:0
[2025-07-08T15:08:24.917+0000] {spark_submit.py:644} INFO - 25/07/08 15:08:24 INFO BlockManagerInfo: Removed broadcast_4_piece0 on 3748f1b8240a:38173 in memory (size: 35.7 KiB, free: 434.3 MiB)
[2025-07-08T15:08:24.930+0000] {spark_submit.py:644} INFO - 25/07/08 15:08:24 INFO BlockManagerInfo: Removed broadcast_4_piece0 on 172.19.0.8:43277 in memory (size: 35.7 KiB, free: 434.4 MiB)
[2025-07-08T15:08:24.934+0000] {spark_submit.py:644} INFO - 25/07/08 15:08:24 INFO FileSourceScanExec: Planning scan with bin packing, max size: 4194304 bytes, open cost is considered as scanning 4194304 bytes.
[2025-07-08T15:08:24.963+0000] {spark_submit.py:644} INFO - 25/07/08 15:08:24 INFO BlockManagerInfo: Removed broadcast_6_piece0 on 3748f1b8240a:38173 in memory (size: 5.9 KiB, free: 434.3 MiB)
[2025-07-08T15:08:25.030+0000] {spark_submit.py:644} INFO - 25/07/08 15:08:25 INFO BlockManagerInfo: Removed broadcast_6_piece0 on 172.19.0.8:43277 in memory (size: 5.9 KiB, free: 434.4 MiB)
[2025-07-08T15:08:25.045+0000] {spark_submit.py:644} INFO - 25/07/08 15:08:25 INFO DAGScheduler: Registering RDD 34 (count at NativeMethodAccessorImpl.java:0) as input to shuffle 1
[2025-07-08T15:08:25.046+0000] {spark_submit.py:644} INFO - 25/07/08 15:08:25 INFO DAGScheduler: Got map stage job 4 (count at NativeMethodAccessorImpl.java:0) with 1 output partitions
[2025-07-08T15:08:25.047+0000] {spark_submit.py:644} INFO - 25/07/08 15:08:25 INFO DAGScheduler: Final stage: ShuffleMapStage 5 (count at NativeMethodAccessorImpl.java:0)
[2025-07-08T15:08:25.048+0000] {spark_submit.py:644} INFO - 25/07/08 15:08:25 INFO DAGScheduler: Parents of final stage: List()
[2025-07-08T15:08:25.049+0000] {spark_submit.py:644} INFO - 25/07/08 15:08:25 INFO DAGScheduler: Missing parents: List()
[2025-07-08T15:08:25.050+0000] {spark_submit.py:644} INFO - 25/07/08 15:08:25 INFO DAGScheduler: Submitting ShuffleMapStage 5 (MapPartitionsRDD[34] at count at NativeMethodAccessorImpl.java:0), which has no missing parents
[2025-07-08T15:08:25.053+0000] {spark_submit.py:644} INFO - 25/07/08 15:08:25 INFO MemoryStore: Block broadcast_8 stored as values in memory (estimated size 41.2 KiB, free 433.9 MiB)
[2025-07-08T15:08:25.055+0000] {spark_submit.py:644} INFO - 25/07/08 15:08:25 INFO MemoryStore: Block broadcast_8_piece0 stored as bytes in memory (estimated size 19.2 KiB, free 433.9 MiB)
[2025-07-08T15:08:25.056+0000] {spark_submit.py:644} INFO - 25/07/08 15:08:25 INFO BlockManagerInfo: Added broadcast_8_piece0 in memory on 3748f1b8240a:38173 (size: 19.2 KiB, free: 434.3 MiB)
[2025-07-08T15:08:25.057+0000] {spark_submit.py:644} INFO - 25/07/08 15:08:25 INFO SparkContext: Created broadcast 8 from broadcast at DAGScheduler.scala:1585
[2025-07-08T15:08:25.058+0000] {spark_submit.py:644} INFO - 25/07/08 15:08:25 INFO DAGScheduler: Submitting 1 missing tasks from ShuffleMapStage 5 (MapPartitionsRDD[34] at count at NativeMethodAccessorImpl.java:0) (first 15 tasks are for partitions Vector(0))
[2025-07-08T15:08:25.059+0000] {spark_submit.py:644} INFO - 25/07/08 15:08:25 INFO TaskSchedulerImpl: Adding task set 5.0 with 1 tasks resource profile 0
[2025-07-08T15:08:25.060+0000] {spark_submit.py:644} INFO - 25/07/08 15:08:25 INFO TaskSetManager: Starting task 0.0 in stage 5.0 (TID 5) (172.19.0.8, executor 0, partition 0, PROCESS_LOCAL, 10189 bytes)
[2025-07-08T15:08:25.145+0000] {spark_submit.py:644} INFO - 25/07/08 15:08:25 INFO BlockManagerInfo: Added broadcast_8_piece0 in memory on 172.19.0.8:43277 (size: 19.2 KiB, free: 434.3 MiB)
[2025-07-08T15:08:25.274+0000] {spark_submit.py:644} INFO - 25/07/08 15:08:25 INFO BlockManagerInfo: Added broadcast_7_piece0 in memory on 172.19.0.8:43277 (size: 35.7 KiB, free: 434.3 MiB)
[2025-07-08T15:08:26.170+0000] {spark_submit.py:644} INFO - 25/07/08 15:08:26 INFO TaskSetManager: Finished task 0.0 in stage 5.0 (TID 5) in 1110 ms on 172.19.0.8 (executor 0) (1/1)
[2025-07-08T15:08:26.172+0000] {spark_submit.py:644} INFO - 25/07/08 15:08:26 INFO TaskSchedulerImpl: Removed TaskSet 5.0, whose tasks have all completed, from pool
[2025-07-08T15:08:26.176+0000] {spark_submit.py:644} INFO - 25/07/08 15:08:26 INFO DAGScheduler: ShuffleMapStage 5 (count at NativeMethodAccessorImpl.java:0) finished in 1.125 s
[2025-07-08T15:08:26.178+0000] {spark_submit.py:644} INFO - 25/07/08 15:08:26 INFO DAGScheduler: looking for newly runnable stages
[2025-07-08T15:08:26.181+0000] {spark_submit.py:644} INFO - 25/07/08 15:08:26 INFO DAGScheduler: running: Set()
[2025-07-08T15:08:26.184+0000] {spark_submit.py:644} INFO - 25/07/08 15:08:26 INFO DAGScheduler: waiting: Set()
[2025-07-08T15:08:26.186+0000] {spark_submit.py:644} INFO - 25/07/08 15:08:26 INFO DAGScheduler: failed: Set()
[2025-07-08T15:08:26.281+0000] {spark_submit.py:644} INFO - 25/07/08 15:08:26 INFO SparkContext: Starting job: count at NativeMethodAccessorImpl.java:0
[2025-07-08T15:08:26.283+0000] {spark_submit.py:644} INFO - 25/07/08 15:08:26 INFO DAGScheduler: Got job 5 (count at NativeMethodAccessorImpl.java:0) with 1 output partitions
[2025-07-08T15:08:26.284+0000] {spark_submit.py:644} INFO - 25/07/08 15:08:26 INFO DAGScheduler: Final stage: ResultStage 7 (count at NativeMethodAccessorImpl.java:0)
[2025-07-08T15:08:26.285+0000] {spark_submit.py:644} INFO - 25/07/08 15:08:26 INFO DAGScheduler: Parents of final stage: List(ShuffleMapStage 6)
[2025-07-08T15:08:26.286+0000] {spark_submit.py:644} INFO - 25/07/08 15:08:26 INFO DAGScheduler: Missing parents: List()
[2025-07-08T15:08:26.287+0000] {spark_submit.py:644} INFO - 25/07/08 15:08:26 INFO DAGScheduler: Submitting ResultStage 7 (MapPartitionsRDD[37] at count at NativeMethodAccessorImpl.java:0), which has no missing parents
[2025-07-08T15:08:26.288+0000] {spark_submit.py:644} INFO - 25/07/08 15:08:26 INFO MemoryStore: Block broadcast_9 stored as values in memory (estimated size 12.5 KiB, free 433.9 MiB)
[2025-07-08T15:08:26.317+0000] {spark_submit.py:644} INFO - 25/07/08 15:08:26 INFO MemoryStore: Block broadcast_9_piece0 stored as bytes in memory (estimated size 5.9 KiB, free 433.9 MiB)
[2025-07-08T15:08:26.318+0000] {spark_submit.py:644} INFO - 25/07/08 15:08:26 INFO BlockManagerInfo: Added broadcast_9_piece0 in memory on 3748f1b8240a:38173 (size: 5.9 KiB, free: 434.3 MiB)
[2025-07-08T15:08:26.329+0000] {spark_submit.py:644} INFO - 25/07/08 15:08:26 INFO SparkContext: Created broadcast 9 from broadcast at DAGScheduler.scala:1585
[2025-07-08T15:08:26.330+0000] {spark_submit.py:644} INFO - 25/07/08 15:08:26 INFO BlockManagerInfo: Removed broadcast_8_piece0 on 3748f1b8240a:38173 in memory (size: 19.2 KiB, free: 434.3 MiB)
[2025-07-08T15:08:26.331+0000] {spark_submit.py:644} INFO - 25/07/08 15:08:26 INFO DAGScheduler: Submitting 1 missing tasks from ResultStage 7 (MapPartitionsRDD[37] at count at NativeMethodAccessorImpl.java:0) (first 15 tasks are for partitions Vector(0))
[2025-07-08T15:08:26.332+0000] {spark_submit.py:644} INFO - 25/07/08 15:08:26 INFO TaskSchedulerImpl: Adding task set 7.0 with 1 tasks resource profile 0
[2025-07-08T15:08:26.333+0000] {spark_submit.py:644} INFO - 25/07/08 15:08:26 INFO BlockManagerInfo: Removed broadcast_8_piece0 on 172.19.0.8:43277 in memory (size: 19.2 KiB, free: 434.3 MiB)
[2025-07-08T15:08:26.333+0000] {spark_submit.py:644} INFO - 25/07/08 15:08:26 INFO TaskSetManager: Starting task 0.0 in stage 7.0 (TID 6) (172.19.0.8, executor 0, partition 0, NODE_LOCAL, 9518 bytes)
[2025-07-08T15:08:26.351+0000] {spark_submit.py:644} INFO - 25/07/08 15:08:26 INFO BlockManagerInfo: Added broadcast_9_piece0 in memory on 172.19.0.8:43277 (size: 5.9 KiB, free: 434.3 MiB)
[2025-07-08T15:08:26.358+0000] {spark_submit.py:644} INFO - 25/07/08 15:08:26 INFO MapOutputTrackerMasterEndpoint: Asked to send map output locations for shuffle 1 to 172.19.0.8:52496
[2025-07-08T15:08:26.371+0000] {spark_submit.py:644} INFO - 25/07/08 15:08:26 INFO TaskSetManager: Finished task 0.0 in stage 7.0 (TID 6) in 40 ms on 172.19.0.8 (executor 0) (1/1)
[2025-07-08T15:08:26.372+0000] {spark_submit.py:644} INFO - 25/07/08 15:08:26 INFO TaskSchedulerImpl: Removed TaskSet 7.0, whose tasks have all completed, from pool
[2025-07-08T15:08:26.373+0000] {spark_submit.py:644} INFO - 25/07/08 15:08:26 INFO DAGScheduler: ResultStage 7 (count at NativeMethodAccessorImpl.java:0) finished in 0.087 s
[2025-07-08T15:08:26.373+0000] {spark_submit.py:644} INFO - 25/07/08 15:08:26 INFO DAGScheduler: Job 5 is finished. Cancelling potential speculative or zombie tasks for this job
[2025-07-08T15:08:26.374+0000] {spark_submit.py:644} INFO - 25/07/08 15:08:26 INFO TaskSchedulerImpl: Killing all running tasks in stage 7: Stage finished
[2025-07-08T15:08:26.375+0000] {spark_submit.py:644} INFO - 25/07/08 15:08:26 INFO DAGScheduler: Job 5 finished: count at NativeMethodAccessorImpl.java:0, took 0.091954 s
[2025-07-08T15:08:26.462+0000] {spark_submit.py:644} INFO - 25/07/08 15:08:26 INFO InMemoryFileIndex: It took 12 ms to list leaf files for 1 paths.
[2025-07-08T15:08:26.689+0000] {spark_submit.py:644} INFO - 25/07/08 15:08:26 INFO FileSourceStrategy: Pushed Filters:
[2025-07-08T15:08:26.690+0000] {spark_submit.py:644} INFO - 25/07/08 15:08:26 INFO FileSourceStrategy: Post-Scan Filters:
[2025-07-08T15:08:26.735+0000] {spark_submit.py:644} INFO - 25/07/08 15:08:26 INFO MemoryStore: Block broadcast_10 stored as values in memory (estimated size 203.5 KiB, free 433.7 MiB)
[2025-07-08T15:08:26.747+0000] {spark_submit.py:644} INFO - 25/07/08 15:08:26 INFO BlockManagerInfo: Removed broadcast_9_piece0 on 3748f1b8240a:38173 in memory (size: 5.9 KiB, free: 434.3 MiB)
[2025-07-08T15:08:26.749+0000] {spark_submit.py:644} INFO - 25/07/08 15:08:26 INFO BlockManagerInfo: Removed broadcast_9_piece0 on 172.19.0.8:43277 in memory (size: 5.9 KiB, free: 434.3 MiB)
[2025-07-08T15:08:26.751+0000] {spark_submit.py:644} INFO - 25/07/08 15:08:26 INFO MemoryStore: Block broadcast_10_piece0 stored as bytes in memory (estimated size 35.7 KiB, free 433.7 MiB)
[2025-07-08T15:08:26.752+0000] {spark_submit.py:644} INFO - 25/07/08 15:08:26 INFO BlockManagerInfo: Added broadcast_10_piece0 in memory on 3748f1b8240a:38173 (size: 35.7 KiB, free: 434.3 MiB)
[2025-07-08T15:08:26.753+0000] {spark_submit.py:644} INFO - 25/07/08 15:08:26 INFO SparkContext: Created broadcast 10 from count at NativeMethodAccessorImpl.java:0
[2025-07-08T15:08:26.754+0000] {spark_submit.py:644} INFO - 25/07/08 15:08:26 INFO FileSourceScanExec: Planning scan with bin packing, max size: 4194304 bytes, open cost is considered as scanning 4194304 bytes.
[2025-07-08T15:08:26.759+0000] {spark_submit.py:644} INFO - 25/07/08 15:08:26 INFO BlockManagerInfo: Removed broadcast_7_piece0 on 3748f1b8240a:38173 in memory (size: 35.7 KiB, free: 434.3 MiB)
[2025-07-08T15:08:26.761+0000] {spark_submit.py:644} INFO - 25/07/08 15:08:26 INFO BlockManagerInfo: Removed broadcast_7_piece0 on 172.19.0.8:43277 in memory (size: 35.7 KiB, free: 434.4 MiB)
[2025-07-08T15:08:26.771+0000] {spark_submit.py:644} INFO - 25/07/08 15:08:26 INFO DAGScheduler: Registering RDD 46 (count at NativeMethodAccessorImpl.java:0) as input to shuffle 2
[2025-07-08T15:08:26.772+0000] {spark_submit.py:644} INFO - 25/07/08 15:08:26 INFO DAGScheduler: Got map stage job 6 (count at NativeMethodAccessorImpl.java:0) with 1 output partitions
[2025-07-08T15:08:26.773+0000] {spark_submit.py:644} INFO - 25/07/08 15:08:26 INFO DAGScheduler: Final stage: ShuffleMapStage 8 (count at NativeMethodAccessorImpl.java:0)
[2025-07-08T15:08:26.773+0000] {spark_submit.py:644} INFO - 25/07/08 15:08:26 INFO DAGScheduler: Parents of final stage: List()
[2025-07-08T15:08:26.774+0000] {spark_submit.py:644} INFO - 25/07/08 15:08:26 INFO DAGScheduler: Missing parents: List()
[2025-07-08T15:08:26.774+0000] {spark_submit.py:644} INFO - 25/07/08 15:08:26 INFO DAGScheduler: Submitting ShuffleMapStage 8 (MapPartitionsRDD[46] at count at NativeMethodAccessorImpl.java:0), which has no missing parents
[2025-07-08T15:08:26.775+0000] {spark_submit.py:644} INFO - 25/07/08 15:08:26 INFO MemoryStore: Block broadcast_11 stored as values in memory (estimated size 41.2 KiB, free 433.9 MiB)
[2025-07-08T15:08:26.777+0000] {spark_submit.py:644} INFO - 25/07/08 15:08:26 INFO MemoryStore: Block broadcast_11_piece0 stored as bytes in memory (estimated size 19.2 KiB, free 433.9 MiB)
[2025-07-08T15:08:26.778+0000] {spark_submit.py:644} INFO - 25/07/08 15:08:26 INFO BlockManagerInfo: Added broadcast_11_piece0 in memory on 3748f1b8240a:38173 (size: 19.2 KiB, free: 434.3 MiB)
[2025-07-08T15:08:26.829+0000] {spark_submit.py:644} INFO - 25/07/08 15:08:26 INFO SparkContext: Created broadcast 11 from broadcast at DAGScheduler.scala:1585
[2025-07-08T15:08:26.831+0000] {spark_submit.py:644} INFO - 25/07/08 15:08:26 INFO DAGScheduler: Submitting 1 missing tasks from ShuffleMapStage 8 (MapPartitionsRDD[46] at count at NativeMethodAccessorImpl.java:0) (first 15 tasks are for partitions Vector(0))
[2025-07-08T15:08:26.833+0000] {spark_submit.py:644} INFO - 25/07/08 15:08:26 INFO TaskSchedulerImpl: Adding task set 8.0 with 1 tasks resource profile 0
[2025-07-08T15:08:26.835+0000] {spark_submit.py:644} INFO - 25/07/08 15:08:26 INFO TaskSetManager: Starting task 0.0 in stage 8.0 (TID 7) (172.19.0.8, executor 0, partition 0, PROCESS_LOCAL, 10189 bytes)
[2025-07-08T15:08:26.854+0000] {spark_submit.py:644} INFO - 25/07/08 15:08:26 INFO BlockManagerInfo: Added broadcast_11_piece0 in memory on 172.19.0.8:43277 (size: 19.2 KiB, free: 434.3 MiB)
[2025-07-08T15:08:26.948+0000] {spark_submit.py:644} INFO - 25/07/08 15:08:26 INFO BlockManagerInfo: Added broadcast_10_piece0 in memory on 172.19.0.8:43277 (size: 35.7 KiB, free: 434.3 MiB)
[2025-07-08T15:08:27.473+0000] {spark_submit.py:644} INFO - 25/07/08 15:08:27 INFO TaskSetManager: Finished task 0.0 in stage 8.0 (TID 7) in 693 ms on 172.19.0.8 (executor 0) (1/1)
[2025-07-08T15:08:27.528+0000] {spark_submit.py:644} INFO - 25/07/08 15:08:27 INFO TaskSchedulerImpl: Removed TaskSet 8.0, whose tasks have all completed, from pool
[2025-07-08T15:08:27.530+0000] {spark_submit.py:644} INFO - 25/07/08 15:08:27 INFO DAGScheduler: ShuffleMapStage 8 (count at NativeMethodAccessorImpl.java:0) finished in 0.701 s
[2025-07-08T15:08:27.532+0000] {spark_submit.py:644} INFO - 25/07/08 15:08:27 INFO DAGScheduler: looking for newly runnable stages
[2025-07-08T15:08:27.534+0000] {spark_submit.py:644} INFO - 25/07/08 15:08:27 INFO DAGScheduler: running: Set()
[2025-07-08T15:08:27.536+0000] {spark_submit.py:644} INFO - 25/07/08 15:08:27 INFO DAGScheduler: waiting: Set()
[2025-07-08T15:08:27.539+0000] {spark_submit.py:644} INFO - 25/07/08 15:08:27 INFO DAGScheduler: failed: Set()
[2025-07-08T15:08:27.541+0000] {spark_submit.py:644} INFO - 25/07/08 15:08:27 INFO SparkContext: Starting job: count at NativeMethodAccessorImpl.java:0
[2025-07-08T15:08:27.544+0000] {spark_submit.py:644} INFO - 25/07/08 15:08:27 INFO DAGScheduler: Got job 7 (count at NativeMethodAccessorImpl.java:0) with 1 output partitions
[2025-07-08T15:08:27.546+0000] {spark_submit.py:644} INFO - 25/07/08 15:08:27 INFO DAGScheduler: Final stage: ResultStage 10 (count at NativeMethodAccessorImpl.java:0)
[2025-07-08T15:08:27.629+0000] {spark_submit.py:644} INFO - 25/07/08 15:08:27 INFO DAGScheduler: Parents of final stage: List(ShuffleMapStage 9)
[2025-07-08T15:08:27.631+0000] {spark_submit.py:644} INFO - 25/07/08 15:08:27 INFO DAGScheduler: Missing parents: List()
[2025-07-08T15:08:27.634+0000] {spark_submit.py:644} INFO - 25/07/08 15:08:27 INFO DAGScheduler: Submitting ResultStage 10 (MapPartitionsRDD[49] at count at NativeMethodAccessorImpl.java:0), which has no missing parents
[2025-07-08T15:08:27.638+0000] {spark_submit.py:644} INFO - 25/07/08 15:08:27 INFO MemoryStore: Block broadcast_12 stored as values in memory (estimated size 12.5 KiB, free 433.9 MiB)
[2025-07-08T15:08:27.641+0000] {spark_submit.py:644} INFO - 25/07/08 15:08:27 INFO MemoryStore: Block broadcast_12_piece0 stored as bytes in memory (estimated size 5.9 KiB, free 433.9 MiB)
[2025-07-08T15:08:27.644+0000] {spark_submit.py:644} INFO - 25/07/08 15:08:27 INFO BlockManagerInfo: Added broadcast_12_piece0 in memory on 3748f1b8240a:38173 (size: 5.9 KiB, free: 434.3 MiB)
[2025-07-08T15:08:27.652+0000] {spark_submit.py:644} INFO - 25/07/08 15:08:27 INFO BlockManagerInfo: Removed broadcast_11_piece0 on 3748f1b8240a:38173 in memory (size: 19.2 KiB, free: 434.3 MiB)
[2025-07-08T15:08:27.654+0000] {spark_submit.py:644} INFO - 25/07/08 15:08:27 INFO SparkContext: Created broadcast 12 from broadcast at DAGScheduler.scala:1585
[2025-07-08T15:08:27.729+0000] {spark_submit.py:644} INFO - 25/07/08 15:08:27 INFO BlockManagerInfo: Removed broadcast_11_piece0 on 172.19.0.8:43277 in memory (size: 19.2 KiB, free: 434.3 MiB)
[2025-07-08T15:08:27.730+0000] {spark_submit.py:644} INFO - 25/07/08 15:08:27 INFO DAGScheduler: Submitting 1 missing tasks from ResultStage 10 (MapPartitionsRDD[49] at count at NativeMethodAccessorImpl.java:0) (first 15 tasks are for partitions Vector(0))
[2025-07-08T15:08:27.731+0000] {spark_submit.py:644} INFO - 25/07/08 15:08:27 INFO TaskSchedulerImpl: Adding task set 10.0 with 1 tasks resource profile 0
[2025-07-08T15:08:27.733+0000] {spark_submit.py:644} INFO - 25/07/08 15:08:27 INFO TaskSetManager: Starting task 0.0 in stage 10.0 (TID 8) (172.19.0.8, executor 0, partition 0, NODE_LOCAL, 9518 bytes)
[2025-07-08T15:08:27.829+0000] {spark_submit.py:644} INFO - 25/07/08 15:08:27 INFO BlockManagerInfo: Added broadcast_12_piece0 in memory on 172.19.0.8:43277 (size: 5.9 KiB, free: 434.3 MiB)
[2025-07-08T15:08:27.887+0000] {spark_submit.py:644} INFO - 25/07/08 15:08:27 INFO MapOutputTrackerMasterEndpoint: Asked to send map output locations for shuffle 2 to 172.19.0.8:52496
[2025-07-08T15:08:27.939+0000] {spark_submit.py:644} INFO - 25/07/08 15:08:27 INFO TaskSetManager: Finished task 0.0 in stage 10.0 (TID 8) in 284 ms on 172.19.0.8 (executor 0) (1/1)
[2025-07-08T15:08:27.940+0000] {spark_submit.py:644} INFO - 25/07/08 15:08:27 INFO TaskSchedulerImpl: Removed TaskSet 10.0, whose tasks have all completed, from pool
[2025-07-08T15:08:27.941+0000] {spark_submit.py:644} INFO - 25/07/08 15:08:27 INFO DAGScheduler: ResultStage 10 (count at NativeMethodAccessorImpl.java:0) finished in 0.439 s
[2025-07-08T15:08:27.941+0000] {spark_submit.py:644} INFO - 25/07/08 15:08:27 INFO DAGScheduler: Job 7 is finished. Cancelling potential speculative or zombie tasks for this job
[2025-07-08T15:08:27.942+0000] {spark_submit.py:644} INFO - 25/07/08 15:08:27 INFO TaskSchedulerImpl: Killing all running tasks in stage 10: Stage finished
[2025-07-08T15:08:27.943+0000] {spark_submit.py:644} INFO - 25/07/08 15:08:27 INFO DAGScheduler: Job 7 finished: count at NativeMethodAccessorImpl.java:0, took 0.443210 s
[2025-07-08T15:08:27.944+0000] {spark_submit.py:644} INFO - [PROCESS EXERCISES] ❌ erro durante processamento em main(): 'NoneType' object has no attribute 'show'
[2025-07-08T15:08:27.944+0000] {spark_submit.py:644} INFO - [PROCESS EXERCISES] ✅ sessão Spark terminada com sucesso.
[2025-07-08T15:08:27.945+0000] {spark_submit.py:644} INFO - 25/07/08 15:08:27 INFO SparkContext: SparkContext is stopping with exitCode 0.
[2025-07-08T15:08:28.033+0000] {spark_submit.py:644} INFO - 25/07/08 15:08:28 INFO SparkUI: Stopped Spark web UI at http://3748f1b8240a:4040
[2025-07-08T15:08:28.036+0000] {spark_submit.py:644} INFO - 25/07/08 15:08:28 INFO StandaloneSchedulerBackend: Shutting down all executors
[2025-07-08T15:08:28.037+0000] {spark_submit.py:644} INFO - 25/07/08 15:08:28 INFO StandaloneSchedulerBackend$StandaloneDriverEndpoint: Asking each executor to shut down
[2025-07-08T15:08:28.108+0000] {spark_submit.py:644} INFO - 25/07/08 15:08:28 ERROR Inbox: Ignoring error
[2025-07-08T15:08:28.109+0000] {spark_submit.py:644} INFO - java.util.concurrent.RejectedExecutionException: Task java.util.concurrent.ScheduledThreadPoolExecutor$ScheduledFutureTask@78f5aff9[Not completed, task = java.util.concurrent.Executors$RunnableAdapter@970395b[Wrapped task = org.apache.spark.scheduler.cluster.StandaloneSchedulerBackend$StandaloneDriverEndpoint$$anon$2@5cdb07ff]] rejected from java.util.concurrent.ScheduledThreadPoolExecutor@4f904b69[Terminated, pool size = 0, active threads = 0, queued tasks = 0, completed tasks = 0]
[2025-07-08T15:08:28.110+0000] {spark_submit.py:644} INFO - at java.base/java.util.concurrent.ThreadPoolExecutor$AbortPolicy.rejectedExecution(ThreadPoolExecutor.java:2065)
[2025-07-08T15:08:28.110+0000] {spark_submit.py:644} INFO - at java.base/java.util.concurrent.ThreadPoolExecutor.reject(ThreadPoolExecutor.java:833)
[2025-07-08T15:08:28.111+0000] {spark_submit.py:644} INFO - at java.base/java.util.concurrent.ScheduledThreadPoolExecutor.delayedExecute(ScheduledThreadPoolExecutor.java:340)
[2025-07-08T15:08:28.112+0000] {spark_submit.py:644} INFO - at java.base/java.util.concurrent.ScheduledThreadPoolExecutor.schedule(ScheduledThreadPoolExecutor.java:562)
[2025-07-08T15:08:28.113+0000] {spark_submit.py:644} INFO - at org.apache.spark.scheduler.cluster.StandaloneSchedulerBackend$StandaloneDriverEndpoint.$anonfun$onDisconnected$1(StandaloneSchedulerBackend.scala:346)
[2025-07-08T15:08:28.114+0000] {spark_submit.py:644} INFO - at scala.Option.foreach(Option.scala:407)
[2025-07-08T15:08:28.114+0000] {spark_submit.py:644} INFO - at org.apache.spark.scheduler.cluster.StandaloneSchedulerBackend$StandaloneDriverEndpoint.onDisconnected(StandaloneSchedulerBackend.scala:313)
[2025-07-08T15:08:28.115+0000] {spark_submit.py:644} INFO - at org.apache.spark.rpc.netty.Inbox.$anonfun$process$1(Inbox.scala:141)
[2025-07-08T15:08:28.116+0000] {spark_submit.py:644} INFO - at org.apache.spark.rpc.netty.Inbox.safelyCall(Inbox.scala:213)
[2025-07-08T15:08:28.116+0000] {spark_submit.py:644} INFO - at org.apache.spark.rpc.netty.Inbox.process(Inbox.scala:100)
[2025-07-08T15:08:28.117+0000] {spark_submit.py:644} INFO - at org.apache.spark.rpc.netty.MessageLoop.org$apache$spark$rpc$netty$MessageLoop$$receiveLoop(MessageLoop.scala:75)
[2025-07-08T15:08:28.118+0000] {spark_submit.py:644} INFO - at org.apache.spark.rpc.netty.MessageLoop$$anon$1.run(MessageLoop.scala:41)
[2025-07-08T15:08:28.119+0000] {spark_submit.py:644} INFO - at java.base/java.util.concurrent.ThreadPoolExecutor.runWorker(ThreadPoolExecutor.java:1136)
[2025-07-08T15:08:28.119+0000] {spark_submit.py:644} INFO - at java.base/java.util.concurrent.ThreadPoolExecutor$Worker.run(ThreadPoolExecutor.java:635)
[2025-07-08T15:08:28.120+0000] {spark_submit.py:644} INFO - at java.base/java.lang.Thread.run(Thread.java:840)
[2025-07-08T15:08:28.122+0000] {spark_submit.py:644} INFO - 25/07/08 15:08:28 INFO MapOutputTrackerMasterEndpoint: MapOutputTrackerMasterEndpoint stopped!
[2025-07-08T15:08:28.391+0000] {spark_submit.py:644} INFO - 25/07/08 15:08:28 INFO MemoryStore: MemoryStore cleared
[2025-07-08T15:08:28.392+0000] {spark_submit.py:644} INFO - 25/07/08 15:08:28 INFO BlockManager: BlockManager stopped
[2025-07-08T15:08:28.395+0000] {spark_submit.py:644} INFO - 25/07/08 15:08:28 INFO BlockManagerMaster: BlockManagerMaster stopped
[2025-07-08T15:08:28.402+0000] {spark_submit.py:644} INFO - 25/07/08 15:08:28 INFO OutputCommitCoordinator$OutputCommitCoordinatorEndpoint: OutputCommitCoordinator stopped!
[2025-07-08T15:08:28.416+0000] {spark_submit.py:644} INFO - 25/07/08 15:08:28 INFO SparkContext: Successfully stopped SparkContext
[2025-07-08T15:08:28.482+0000] {spark_submit.py:644} INFO - [PROCESS EXERCISES] ❌ erro durante processamento em main(): 'NoneType' object has no attribute 'show'
[2025-07-08T15:08:28.634+0000] {spark_submit.py:644} INFO - 25/07/08 15:08:28 INFO ShutdownHookManager: Shutdown hook called
[2025-07-08T15:08:28.634+0000] {spark_submit.py:644} INFO - 25/07/08 15:08:28 INFO ShutdownHookManager: Deleting directory /tmp/spark-19fcbb5b-7cb5-4563-a5ea-73de4239eec8
[2025-07-08T15:08:28.639+0000] {spark_submit.py:644} INFO - 25/07/08 15:08:28 INFO ShutdownHookManager: Deleting directory /tmp/spark-d3ef5682-a228-4bbf-87cb-00d953127246/pyspark-004f7768-d4c2-4f8e-a942-82b608ba9788
[2025-07-08T15:08:28.643+0000] {spark_submit.py:644} INFO - 25/07/08 15:08:28 INFO ShutdownHookManager: Deleting directory /tmp/spark-d3ef5682-a228-4bbf-87cb-00d953127246
[2025-07-08T15:08:28.651+0000] {spark_submit.py:644} INFO - 25/07/08 15:08:28 INFO MetricsSystemImpl: Stopping s3a-file-system metrics system...
[2025-07-08T15:08:28.652+0000] {spark_submit.py:644} INFO - 25/07/08 15:08:28 INFO MetricsSystemImpl: s3a-file-system metrics system stopped.
[2025-07-08T15:08:28.652+0000] {spark_submit.py:644} INFO - 25/07/08 15:08:28 INFO MetricsSystemImpl: s3a-file-system metrics system shutdown complete.
[2025-07-08T15:08:28.995+0000] {taskinstance.py:3336} ERROR - Task failed with exception
Traceback (most recent call last):
  File "/home/airflow/.local/lib/python3.12/site-packages/airflow/models/taskinstance.py", line 776, in _execute_task
    result = _execute_callable(context=context, **execute_callable_kwargs)
             ^^^^^^^^^^^^^^^^^^^^^^^^^^^^^^^^^^^^^^^^^^^^^^^^^^^^^^^^^^^^^
  File "/home/airflow/.local/lib/python3.12/site-packages/airflow/models/taskinstance.py", line 742, in _execute_callable
    return ExecutionCallableRunner(
           ^^^^^^^^^^^^^^^^^^^^^^^^
  File "/home/airflow/.local/lib/python3.12/site-packages/airflow/utils/operator_helpers.py", line 252, in run
    return self.func(*args, **kwargs)
           ^^^^^^^^^^^^^^^^^^^^^^^^^^
  File "/home/airflow/.local/lib/python3.12/site-packages/airflow/models/baseoperator.py", line 424, in wrapper
    return func(self, *args, **kwargs)
           ^^^^^^^^^^^^^^^^^^^^^^^^^^^
  File "/home/airflow/.local/lib/python3.12/site-packages/airflow/providers/apache/spark/operators/spark_submit.py", line 197, in execute
    self._hook.submit(self.application)
  File "/home/airflow/.local/lib/python3.12/site-packages/airflow/providers/apache/spark/hooks/spark_submit.py", line 566, in submit
    raise AirflowException(
airflow.exceptions.AirflowException: Cannot execute: spark-submit --master spark://spark-master:7077 --jars /opt/bitnami/spark/jars/iceberg-spark-runtime-3.5_2.12-1.8.1.jar,/opt/bitnami/spark/jars/nessie-spark-extensions-3.5_2.12-0.103.2.jar,/opt/bitnami/spark/jars/nessie-client-0.103.2.jar,/opt/bitnami/spark/jars/hadoop-aws-3.3.2.jar,/opt/bitnami/spark/jars/aws-java-sdk-bundle-1.12.262.jar, --name arrow-spark --deploy-mode client /opt/bitnami/spark/jobs/process_exercises_job.py {"id": "CA-SUL-construtiva-6DE-2025-07-08", "manifest_entry": {"data": {"createdAt": "2025-07-08T13:02:46.325Z", "origin": "CA-SUL", "path": "exercises/CA-SUL-construtiva-6DE-2025-07-08"}, "id": "CA-SUL-construtiva-6DE-2025-07-08"}, "metadata": {"createdAt": "2025-07-08T13:02:46.325Z", "description": "6DE", "documents": [{"description": "", "id": "1751979893598", "mimetype": "application/pdf", "name": "Op Jacui IV - Anexo A - Inteligencia.pdf", "path": "exercises/CA-SUL-construtiva-6DE-2025-07-08/documents/Op Jacui IV - Anexo A - Inteligencia.pdf", "size": 47523, "uploadedAt": "2025-07-08T13:04:53.598Z"}], "endDate": "2025-07-10", "id": "CA-SUL-construtiva-6DE-2025-07-08", "name": "Jogo de Guerra", "origin": "CA-SUL", "simulationType": "construtiva", "simulations": [{"id": "172.19.0.14_2025-07-08", "movedAt": "2025-07-08T13:05:04.531Z", "name": "172.19.0.14_2025-07-08", "originalPath": "staging/172.19.0.14_2025-07-08", "path": "exercises/CA-SUL-construtiva-6DE-2025-07-08/simulations/172.19.0.14_2025-07-08"}], "startDate": "2025-07-08", "trainedForce": "6 Divis\u00e3o de Ex\u00e9rcito", "updatedAt": "2025-07-08T13:05:04.532Z", "wikiUrl": ""}}. Error code is: 1.
[2025-07-08T15:08:29.323+0000] {taskinstance.py:1242} INFO - Marking task as FAILED. dag_id=process_exercises, task_id=process_exercises, run_id=manual__2025-07-08T15:07:12.125057+00:00, execution_date=20250708T150712, start_date=20250708T150717, end_date=20250708T150829
[2025-07-08T15:08:29.533+0000] {taskinstance.py:349} INFO - ::group::Post task execution logs
[2025-07-08T15:08:29.534+0000] {standard_task_runner.py:124} ERROR - Failed to execute job 137 for task process_exercises (Cannot execute: spark-submit --master spark://spark-master:7077 --jars /opt/bitnami/spark/jars/iceberg-spark-runtime-3.5_2.12-1.8.1.jar,/opt/bitnami/spark/jars/nessie-spark-extensions-3.5_2.12-0.103.2.jar,/opt/bitnami/spark/jars/nessie-client-0.103.2.jar,/opt/bitnami/spark/jars/hadoop-aws-3.3.2.jar,/opt/bitnami/spark/jars/aws-java-sdk-bundle-1.12.262.jar, --name arrow-spark --deploy-mode client /opt/bitnami/spark/jobs/process_exercises_job.py {"id": "CA-SUL-construtiva-6DE-2025-07-08", "manifest_entry": {"data": {"createdAt": "2025-07-08T13:02:46.325Z", "origin": "CA-SUL", "path": "exercises/CA-SUL-construtiva-6DE-2025-07-08"}, "id": "CA-SUL-construtiva-6DE-2025-07-08"}, "metadata": {"createdAt": "2025-07-08T13:02:46.325Z", "description": "6DE", "documents": [{"description": "", "id": "1751979893598", "mimetype": "application/pdf", "name": "Op Jacui IV - Anexo A - Inteligencia.pdf", "path": "exercises/CA-SUL-construtiva-6DE-2025-07-08/documents/Op Jacui IV - Anexo A - Inteligencia.pdf", "size": 47523, "uploadedAt": "2025-07-08T13:04:53.598Z"}], "endDate": "2025-07-10", "id": "CA-SUL-construtiva-6DE-2025-07-08", "name": "Jogo de Guerra", "origin": "CA-SUL", "simulationType": "construtiva", "simulations": [{"id": "172.19.0.14_2025-07-08", "movedAt": "2025-07-08T13:05:04.531Z", "name": "172.19.0.14_2025-07-08", "originalPath": "staging/172.19.0.14_2025-07-08", "path": "exercises/CA-SUL-construtiva-6DE-2025-07-08/simulations/172.19.0.14_2025-07-08"}], "startDate": "2025-07-08", "trainedForce": "6 Divis\u00e3o de Ex\u00e9rcito", "updatedAt": "2025-07-08T13:05:04.532Z", "wikiUrl": ""}}. Error code is: 1.; 2948)
Traceback (most recent call last):
  File "/home/airflow/.local/lib/python3.12/site-packages/airflow/task/task_runner/standard_task_runner.py", line 117, in _start_by_fork
    ret = args.func(args, dag=self.dag)
          ^^^^^^^^^^^^^^^^^^^^^^^^^^^^^
  File "/home/airflow/.local/lib/python3.12/site-packages/airflow/cli/cli_config.py", line 49, in command
    return func(*args, **kwargs)
           ^^^^^^^^^^^^^^^^^^^^^
  File "/home/airflow/.local/lib/python3.12/site-packages/airflow/utils/cli.py", line 116, in wrapper
    return f(*args, **kwargs)
           ^^^^^^^^^^^^^^^^^^
  File "/home/airflow/.local/lib/python3.12/site-packages/airflow/cli/commands/task_command.py", line 483, in task_run
    task_return_code = _run_task_by_selected_method(args, _dag, ti)
                       ^^^^^^^^^^^^^^^^^^^^^^^^^^^^^^^^^^^^^^^^^^^^
  File "/home/airflow/.local/lib/python3.12/site-packages/airflow/cli/commands/task_command.py", line 256, in _run_task_by_selected_method
    return _run_raw_task(args, ti)
           ^^^^^^^^^^^^^^^^^^^^^^^
  File "/home/airflow/.local/lib/python3.12/site-packages/airflow/cli/commands/task_command.py", line 341, in _run_raw_task
    return ti._run_raw_task(
           ^^^^^^^^^^^^^^^^^
  File "/home/airflow/.local/lib/python3.12/site-packages/airflow/utils/session.py", line 97, in wrapper
    return func(*args, session=session, **kwargs)
           ^^^^^^^^^^^^^^^^^^^^^^^^^^^^^^^^^^^^^^
  File "/home/airflow/.local/lib/python3.12/site-packages/airflow/models/taskinstance.py", line 3029, in _run_raw_task
    return _run_raw_task(
           ^^^^^^^^^^^^^^
  File "/home/airflow/.local/lib/python3.12/site-packages/airflow/models/taskinstance.py", line 282, in _run_raw_task
    TaskInstance._execute_task_with_callbacks(
  File "/home/airflow/.local/lib/python3.12/site-packages/airflow/models/taskinstance.py", line 3184, in _execute_task_with_callbacks
    result = self._execute_task(context, task_orig)
             ^^^^^^^^^^^^^^^^^^^^^^^^^^^^^^^^^^^^^^
  File "/home/airflow/.local/lib/python3.12/site-packages/airflow/models/taskinstance.py", line 3208, in _execute_task
    return _execute_task(self, context, task_orig)
           ^^^^^^^^^^^^^^^^^^^^^^^^^^^^^^^^^^^^^^^
  File "/home/airflow/.local/lib/python3.12/site-packages/airflow/models/taskinstance.py", line 776, in _execute_task
    result = _execute_callable(context=context, **execute_callable_kwargs)
             ^^^^^^^^^^^^^^^^^^^^^^^^^^^^^^^^^^^^^^^^^^^^^^^^^^^^^^^^^^^^^
  File "/home/airflow/.local/lib/python3.12/site-packages/airflow/models/taskinstance.py", line 742, in _execute_callable
    return ExecutionCallableRunner(
           ^^^^^^^^^^^^^^^^^^^^^^^^
  File "/home/airflow/.local/lib/python3.12/site-packages/airflow/utils/operator_helpers.py", line 252, in run
    return self.func(*args, **kwargs)
           ^^^^^^^^^^^^^^^^^^^^^^^^^^
  File "/home/airflow/.local/lib/python3.12/site-packages/airflow/models/baseoperator.py", line 424, in wrapper
    return func(self, *args, **kwargs)
           ^^^^^^^^^^^^^^^^^^^^^^^^^^^
  File "/home/airflow/.local/lib/python3.12/site-packages/airflow/providers/apache/spark/operators/spark_submit.py", line 197, in execute
    self._hook.submit(self.application)
  File "/home/airflow/.local/lib/python3.12/site-packages/airflow/providers/apache/spark/hooks/spark_submit.py", line 566, in submit
    raise AirflowException(
airflow.exceptions.AirflowException: Cannot execute: spark-submit --master spark://spark-master:7077 --jars /opt/bitnami/spark/jars/iceberg-spark-runtime-3.5_2.12-1.8.1.jar,/opt/bitnami/spark/jars/nessie-spark-extensions-3.5_2.12-0.103.2.jar,/opt/bitnami/spark/jars/nessie-client-0.103.2.jar,/opt/bitnami/spark/jars/hadoop-aws-3.3.2.jar,/opt/bitnami/spark/jars/aws-java-sdk-bundle-1.12.262.jar, --name arrow-spark --deploy-mode client /opt/bitnami/spark/jobs/process_exercises_job.py {"id": "CA-SUL-construtiva-6DE-2025-07-08", "manifest_entry": {"data": {"createdAt": "2025-07-08T13:02:46.325Z", "origin": "CA-SUL", "path": "exercises/CA-SUL-construtiva-6DE-2025-07-08"}, "id": "CA-SUL-construtiva-6DE-2025-07-08"}, "metadata": {"createdAt": "2025-07-08T13:02:46.325Z", "description": "6DE", "documents": [{"description": "", "id": "1751979893598", "mimetype": "application/pdf", "name": "Op Jacui IV - Anexo A - Inteligencia.pdf", "path": "exercises/CA-SUL-construtiva-6DE-2025-07-08/documents/Op Jacui IV - Anexo A - Inteligencia.pdf", "size": 47523, "uploadedAt": "2025-07-08T13:04:53.598Z"}], "endDate": "2025-07-10", "id": "CA-SUL-construtiva-6DE-2025-07-08", "name": "Jogo de Guerra", "origin": "CA-SUL", "simulationType": "construtiva", "simulations": [{"id": "172.19.0.14_2025-07-08", "movedAt": "2025-07-08T13:05:04.531Z", "name": "172.19.0.14_2025-07-08", "originalPath": "staging/172.19.0.14_2025-07-08", "path": "exercises/CA-SUL-construtiva-6DE-2025-07-08/simulations/172.19.0.14_2025-07-08"}], "startDate": "2025-07-08", "trainedForce": "6 Divis\u00e3o de Ex\u00e9rcito", "updatedAt": "2025-07-08T13:05:04.532Z", "wikiUrl": ""}}. Error code is: 1.
[2025-07-08T15:08:29.580+0000] {local_task_job_runner.py:266} INFO - Task exited with return code 1
[2025-07-08T15:08:29.632+0000] {taskinstance.py:3924} INFO - 0 downstream tasks scheduled from follow-on schedule check
[2025-07-08T15:08:29.798+0000] {local_task_job_runner.py:245} INFO - ::endgroup::
