[2025-07-08T18:54:21.795+0000] {local_task_job_runner.py:123} INFO - ::group::Pre task execution logs
[2025-07-08T18:54:21.846+0000] {taskinstance.py:2631} INFO - Dependencies all met for dep_context=non-requeueable deps ti=<TaskInstance: process_exercises.process_exercises manual__2025-07-08T18:54:15.740061+00:00 [queued]>
[2025-07-08T18:54:21.858+0000] {taskinstance.py:2631} INFO - Dependencies all met for dep_context=requeueable deps ti=<TaskInstance: process_exercises.process_exercises manual__2025-07-08T18:54:15.740061+00:00 [queued]>
[2025-07-08T18:54:21.859+0000] {taskinstance.py:2884} INFO - Starting attempt 1 of 1
[2025-07-08T18:54:21.905+0000] {taskinstance.py:2907} INFO - Executing <Task(SparkSubmitOperator): process_exercises> on 2025-07-08 18:54:15.740061+00:00
[2025-07-08T18:54:21.913+0000] {standard_task_runner.py:104} INFO - Running: ['airflow', 'tasks', 'run', 'process_exercises', 'process_exercises', 'manual__2025-07-08T18:54:15.740061+00:00', '--job-id', '189', '--raw', '--subdir', 'DAGS_FOLDER/process_exercises.py', '--cfg-path', '/tmp/tmps9tw2e2r']
[2025-07-08T18:54:21.917+0000] {standard_task_runner.py:105} INFO - Job 189: Subtask process_exercises
[2025-07-08T18:54:21.931+0000] {logging_mixin.py:190} WARNING - /home/airflow/.local/lib/python3.12/site-packages/airflow/task/task_runner/standard_task_runner.py:70 DeprecationWarning: This process (pid=12325) is multi-threaded, use of fork() may lead to deadlocks in the child.
[2025-07-08T18:54:21.932+0000] {standard_task_runner.py:72} INFO - Started process 12326 to run task
[2025-07-08T18:54:22.079+0000] {task_command.py:467} INFO - Running <TaskInstance: process_exercises.process_exercises manual__2025-07-08T18:54:15.740061+00:00 [running]> on host 3748f1b8240a
[2025-07-08T18:54:22.399+0000] {taskinstance.py:3157} INFO - Exporting env vars: AIRFLOW_CTX_DAG_OWNER='airflow' AIRFLOW_CTX_DAG_ID='process_exercises' AIRFLOW_CTX_TASK_ID='process_exercises' AIRFLOW_CTX_EXECUTION_DATE='2025-07-08T18:54:15.740061+00:00' AIRFLOW_CTX_TRY_NUMBER='1' AIRFLOW_CTX_DAG_RUN_ID='manual__2025-07-08T18:54:15.740061+00:00'
[2025-07-08T18:54:22.401+0000] {taskinstance.py:740} INFO - ::endgroup::
[2025-07-08T18:54:22.459+0000] {base.py:84} INFO - Retrieving connection 'spark-ebsim'
[2025-07-08T18:54:22.470+0000] {spark_submit.py:474} INFO - Spark-Submit cmd: spark-submit --master spark://spark-master:7077 --jars /opt/bitnami/spark/jars/iceberg-spark-runtime-3.5_2.12-1.8.1.jar,/opt/bitnami/spark/jars/nessie-spark-extensions-3.5_2.12-0.103.2.jar,/opt/bitnami/spark/jars/nessie-client-0.103.2.jar,/opt/bitnami/spark/jars/hadoop-aws-3.3.2.jar,/opt/bitnami/spark/jars/aws-java-sdk-bundle-1.12.262.jar, --name arrow-spark --deploy-mode client /opt/bitnami/spark/jobs/process_exercises_job.py {"id": "CA-LESTE-construtiva-4DE-2025-07-08", "manifest_entry": {"data": {"createdAt": "2025-07-08T18:27:58.496Z", "origin": "CA-LESTE", "path": "exercises/CA-LESTE-construtiva-4DE-2025-07-08"}, "id": "CA-LESTE-construtiva-4DE-2025-07-08"}, "metadata": {"createdAt": "2025-07-08T18:27:58.496Z", "description": "4DE", "documents": [{"description": "", "id": "1751999288885", "mimetype": "application/pdf", "name": "Op Jacui IV - Ordem de Operacoes.pdf", "path": "exercises/CA-LESTE-construtiva-4DE-2025-07-08/documents/Op Jacui IV - Ordem de Operacoes.pdf", "size": 336744, "uploadedAt": "2025-07-08T18:28:08.885Z"}], "endDate": "2025-07-10", "id": "CA-LESTE-construtiva-4DE-2025-07-08", "name": "Jogo de Guerra", "origin": "CA-LESTE", "simulationType": "construtiva", "simulations": [{"id": "172.19.0.14_2025-07-08", "movedAt": "2025-07-08T18:28:17.872Z", "name": "172.19.0.14_2025-07-08", "originalPath": "staging/172.19.0.14_2025-07-08", "path": "exercises/CA-LESTE-construtiva-4DE-2025-07-08/simulations/172.19.0.14_2025-07-08"}], "startDate": "2025-07-08", "trainedForce": "4 Divis\u00e3o de Ex\u00e9rcito", "updatedAt": "2025-07-08T18:28:17.873Z", "wikiUrl": ""}}
[2025-07-08T18:54:24.493+0000] {spark_submit.py:644} INFO - 25/07/08 18:54:24 WARN NativeCodeLoader: Unable to load native-hadoop library for your platform... using builtin-java classes where applicable
[2025-07-08T18:54:26.196+0000] {spark_submit.py:644} INFO - [PROCESS EXERCISES] ℹ️ Iniciando processamento de exercícios
[2025-07-08T18:54:26.196+0000] {spark_submit.py:644} INFO - [PROCESS EXERCISES] ℹ️ Exercício selecionado: CA-LESTE-construtiva-4DE-2025-07-08
[2025-07-08T18:54:26.197+0000] {spark_submit.py:644} INFO - [PROCESS EXERCISES] 🔄 Criando sessão Spark
[2025-07-08T18:54:26.894+0000] {spark_submit.py:644} INFO - 25/07/08 18:54:26 INFO SparkContext: Running Spark version 3.5.5
[2025-07-08T18:54:26.894+0000] {spark_submit.py:644} INFO - 25/07/08 18:54:26 INFO SparkContext: OS info Linux, 5.15.167.4-microsoft-standard-WSL2, amd64
[2025-07-08T18:54:26.895+0000] {spark_submit.py:644} INFO - 25/07/08 18:54:26 INFO SparkContext: Java version 17.0.15
[2025-07-08T18:54:26.926+0000] {spark_submit.py:644} INFO - 25/07/08 18:54:26 INFO ResourceUtils: ==============================================================
[2025-07-08T18:54:26.927+0000] {spark_submit.py:644} INFO - 25/07/08 18:54:26 INFO ResourceUtils: No custom resources configured for spark.driver.
[2025-07-08T18:54:26.927+0000] {spark_submit.py:644} INFO - 25/07/08 18:54:26 INFO ResourceUtils: ==============================================================
[2025-07-08T18:54:26.928+0000] {spark_submit.py:644} INFO - 25/07/08 18:54:26 INFO SparkContext: Submitted application: ProcessExercises
[2025-07-08T18:54:26.950+0000] {spark_submit.py:644} INFO - 25/07/08 18:54:26 INFO ResourceProfile: Default ResourceProfile created, executor resources: Map(memory -> name: memory, amount: 1024, script: , vendor: , offHeap -> name: offHeap, amount: 0, script: , vendor: ), task resources: Map(cpus -> name: cpus, amount: 1.0)
[2025-07-08T18:54:27.005+0000] {spark_submit.py:644} INFO - 25/07/08 18:54:27 INFO ResourceProfile: Limiting resource is cpu
[2025-07-08T18:54:27.008+0000] {spark_submit.py:644} INFO - 25/07/08 18:54:27 INFO ResourceProfileManager: Added ResourceProfile id: 0
[2025-07-08T18:54:27.167+0000] {spark_submit.py:644} INFO - 25/07/08 18:54:27 INFO SecurityManager: Changing view acls to: airflow
[2025-07-08T18:54:27.168+0000] {spark_submit.py:644} INFO - 25/07/08 18:54:27 INFO SecurityManager: Changing modify acls to: airflow
[2025-07-08T18:54:27.169+0000] {spark_submit.py:644} INFO - 25/07/08 18:54:27 INFO SecurityManager: Changing view acls groups to:
[2025-07-08T18:54:27.169+0000] {spark_submit.py:644} INFO - 25/07/08 18:54:27 INFO SecurityManager: Changing modify acls groups to:
[2025-07-08T18:54:27.170+0000] {spark_submit.py:644} INFO - 25/07/08 18:54:27 INFO SecurityManager: SecurityManager: authentication disabled; ui acls disabled; users with view permissions: airflow; groups with view permissions: EMPTY; users with modify permissions: airflow; groups with modify permissions: EMPTY
[2025-07-08T18:54:27.558+0000] {spark_submit.py:644} INFO - 25/07/08 18:54:27 INFO Utils: Successfully started service 'sparkDriver' on port 33673.
[2025-07-08T18:54:27.589+0000] {spark_submit.py:644} INFO - 25/07/08 18:54:27 INFO SparkEnv: Registering MapOutputTracker
[2025-07-08T18:54:27.623+0000] {spark_submit.py:644} INFO - 25/07/08 18:54:27 INFO SparkEnv: Registering BlockManagerMaster
[2025-07-08T18:54:27.637+0000] {spark_submit.py:644} INFO - 25/07/08 18:54:27 INFO BlockManagerMasterEndpoint: Using org.apache.spark.storage.DefaultTopologyMapper for getting topology information
[2025-07-08T18:54:27.638+0000] {spark_submit.py:644} INFO - 25/07/08 18:54:27 INFO BlockManagerMasterEndpoint: BlockManagerMasterEndpoint up
[2025-07-08T18:54:27.641+0000] {spark_submit.py:644} INFO - 25/07/08 18:54:27 INFO SparkEnv: Registering BlockManagerMasterHeartbeat
[2025-07-08T18:54:27.669+0000] {spark_submit.py:644} INFO - 25/07/08 18:54:27 INFO DiskBlockManager: Created local directory at /tmp/blockmgr-5ad2ef81-73d9-45a8-b2c2-008912bdf9bf
[2025-07-08T18:54:27.684+0000] {spark_submit.py:644} INFO - 25/07/08 18:54:27 INFO MemoryStore: MemoryStore started with capacity 434.4 MiB
[2025-07-08T18:54:27.699+0000] {spark_submit.py:644} INFO - 25/07/08 18:54:27 INFO SparkEnv: Registering OutputCommitCoordinator
[2025-07-08T18:54:27.960+0000] {spark_submit.py:644} INFO - 25/07/08 18:54:27 INFO JettyUtils: Start Jetty 0.0.0.0:4040 for SparkUI
[2025-07-08T18:54:28.192+0000] {spark_submit.py:644} INFO - 25/07/08 18:54:28 INFO Utils: Successfully started service 'SparkUI' on port 4040.
[2025-07-08T18:54:28.327+0000] {spark_submit.py:644} INFO - 25/07/08 18:54:28 INFO SparkContext: Added JAR file:///opt/bitnami/spark/jars/iceberg-spark-runtime-3.5_2.12-1.8.1.jar at spark://3748f1b8240a:33673/jars/iceberg-spark-runtime-3.5_2.12-1.8.1.jar with timestamp 1752000866886
[2025-07-08T18:54:28.328+0000] {spark_submit.py:644} INFO - 25/07/08 18:54:28 INFO SparkContext: Added JAR file:///opt/bitnami/spark/jars/nessie-spark-extensions-3.5_2.12-0.103.2.jar at spark://3748f1b8240a:33673/jars/nessie-spark-extensions-3.5_2.12-0.103.2.jar with timestamp 1752000866886
[2025-07-08T18:54:28.330+0000] {spark_submit.py:644} INFO - 25/07/08 18:54:28 INFO SparkContext: Added JAR file:///opt/bitnami/spark/jars/nessie-client-0.103.2.jar at spark://3748f1b8240a:33673/jars/nessie-client-0.103.2.jar with timestamp 1752000866886
[2025-07-08T18:54:28.331+0000] {spark_submit.py:644} INFO - 25/07/08 18:54:28 INFO SparkContext: Added JAR file:///opt/bitnami/spark/jars/hadoop-aws-3.3.2.jar at spark://3748f1b8240a:33673/jars/hadoop-aws-3.3.2.jar with timestamp 1752000866886
[2025-07-08T18:54:28.333+0000] {spark_submit.py:644} INFO - 25/07/08 18:54:28 INFO SparkContext: Added JAR file:///opt/bitnami/spark/jars/aws-java-sdk-bundle-1.12.262.jar at spark://3748f1b8240a:33673/jars/aws-java-sdk-bundle-1.12.262.jar with timestamp 1752000866886
[2025-07-08T18:54:28.483+0000] {spark_submit.py:644} INFO - 25/07/08 18:54:28 INFO StandaloneAppClient$ClientEndpoint: Connecting to master spark://spark-master:7077...
[2025-07-08T18:54:28.521+0000] {spark_submit.py:644} INFO - 25/07/08 18:54:28 INFO TransportClientFactory: Successfully created connection to spark-master/172.19.0.2:7077 after 21 ms (0 ms spent in bootstraps)
[2025-07-08T18:54:28.618+0000] {spark_submit.py:644} INFO - 25/07/08 18:54:28 INFO StandaloneSchedulerBackend: Connected to Spark cluster with app ID app-20250708185428-0020
[2025-07-08T18:54:28.620+0000] {spark_submit.py:644} INFO - 25/07/08 18:54:28 INFO StandaloneAppClient$ClientEndpoint: Executor added: app-20250708185428-0020/0 on worker-20250708130010-172.19.0.8-33627 (172.19.0.8:33627) with 2 core(s)
[2025-07-08T18:54:28.621+0000] {spark_submit.py:644} INFO - 25/07/08 18:54:28 INFO StandaloneSchedulerBackend: Granted executor ID app-20250708185428-0020/0 on hostPort 172.19.0.8:33627 with 2 core(s), 1024.0 MiB RAM
[2025-07-08T18:54:28.625+0000] {spark_submit.py:644} INFO - 25/07/08 18:54:28 INFO Utils: Successfully started service 'org.apache.spark.network.netty.NettyBlockTransferService' on port 34565.
[2025-07-08T18:54:28.626+0000] {spark_submit.py:644} INFO - 25/07/08 18:54:28 INFO NettyBlockTransferService: Server created on 3748f1b8240a:34565
[2025-07-08T18:54:28.627+0000] {spark_submit.py:644} INFO - 25/07/08 18:54:28 INFO BlockManager: Using org.apache.spark.storage.RandomBlockReplicationPolicy for block replication policy
[2025-07-08T18:54:28.632+0000] {spark_submit.py:644} INFO - 25/07/08 18:54:28 INFO BlockManagerMaster: Registering BlockManager BlockManagerId(driver, 3748f1b8240a, 34565, None)
[2025-07-08T18:54:28.635+0000] {spark_submit.py:644} INFO - 25/07/08 18:54:28 INFO BlockManagerMasterEndpoint: Registering block manager 3748f1b8240a:34565 with 434.4 MiB RAM, BlockManagerId(driver, 3748f1b8240a, 34565, None)
[2025-07-08T18:54:28.637+0000] {spark_submit.py:644} INFO - 25/07/08 18:54:28 INFO BlockManagerMaster: Registered BlockManager BlockManagerId(driver, 3748f1b8240a, 34565, None)
[2025-07-08T18:54:28.638+0000] {spark_submit.py:644} INFO - 25/07/08 18:54:28 INFO BlockManager: Initialized BlockManager: BlockManagerId(driver, 3748f1b8240a, 34565, None)
[2025-07-08T18:54:28.893+0000] {spark_submit.py:644} INFO - 25/07/08 18:54:28 INFO StandaloneSchedulerBackend: SchedulerBackend is ready for scheduling beginning after reached minRegisteredResourcesRatio: 0.0
[2025-07-08T18:54:28.962+0000] {spark_submit.py:644} INFO - 25/07/08 18:54:28 INFO StandaloneAppClient$ClientEndpoint: Executor updated: app-20250708185428-0020/0 is now RUNNING
[2025-07-08T18:54:29.131+0000] {spark_submit.py:644} INFO - [PROCESS EXERCISES] ✅ Sessão Spark criada com sucesso
[2025-07-08T18:54:29.132+0000] {spark_submit.py:644} INFO - [PROCESS EXERCISES] ✅ Processador de exercícios inicializado
[2025-07-08T18:54:29.133+0000] {spark_submit.py:644} INFO - [PROCESS EXERCISES] 🔄 Criando namespace nessie.exercises
[2025-07-08T18:54:29.141+0000] {spark_submit.py:644} INFO - 25/07/08 18:54:29 INFO SharedState: Setting hive.metastore.warehouse.dir ('null') to the value of spark.sql.warehouse.dir.
[2025-07-08T18:54:29.144+0000] {spark_submit.py:644} INFO - 25/07/08 18:54:29 INFO SharedState: Warehouse path is 'file:/opt/airflow/spark-warehouse'.
[2025-07-08T18:54:31.628+0000] {spark_submit.py:644} INFO - 25/07/08 18:54:31 INFO CatalogUtil: Loading custom FileIO implementation: org.apache.iceberg.hadoop.HadoopFileIO
[2025-07-08T18:54:31.887+0000] {spark_submit.py:644} INFO - 25/07/08 18:54:31 INFO StandaloneSchedulerBackend$StandaloneDriverEndpoint: Registered executor NettyRpcEndpointRef(spark-client://Executor) (172.19.0.8:53492) with ID 0,  ResourceProfileId 0
[2025-07-08T18:54:31.957+0000] {spark_submit.py:644} INFO - 25/07/08 18:54:31 INFO BlockManagerMasterEndpoint: Registering block manager 172.19.0.8:43337 with 434.4 MiB RAM, BlockManagerId(0, 172.19.0.8, 43337, None)
[2025-07-08T18:54:33.474+0000] {spark_submit.py:644} INFO - [PROCESS EXERCISES] ✅ Namespace criado/verificado com sucesso
[2025-07-08T18:54:33.474+0000] {spark_submit.py:644} INFO - [PROCESS EXERCISES] 🔄 === FASE 1: PROCESSAMENTO DE DOCUMENTOS ===
[2025-07-08T18:54:33.475+0000] {spark_submit.py:644} INFO - [PROCESS EXERCISES] 🔄 Iniciando processamento de documentos PDF
[2025-07-08T18:54:33.476+0000] {spark_submit.py:644} INFO - [PROCESS EXERCISES] ℹ️ Encontrados 1 documentos
[2025-07-08T18:54:33.476+0000] {spark_submit.py:644} INFO - [PROCESS EXERCISES] 🔄 Processando documento: Op Jacui IV - Ordem de Operacoes.pdf
[2025-07-08T18:54:33.477+0000] {spark_submit.py:644} INFO - [PROCESS EXERCISES] ℹ️ Carregando PDF de: s3a://bronze/exercises/CA-LESTE-construtiva-4DE-2025-07-08/documents/Op Jacui IV - Ordem de Operacoes.pdf
[2025-07-08T18:54:34.086+0000] {spark_submit.py:644} INFO - 25/07/08 18:54:34 WARN MetricsConfig: Cannot locate configuration: tried hadoop-metrics2-s3a-file-system.properties,hadoop-metrics2.properties
[2025-07-08T18:54:34.103+0000] {spark_submit.py:644} INFO - 25/07/08 18:54:34 INFO MetricsSystemImpl: Scheduled Metric snapshot period at 10 second(s).
[2025-07-08T18:54:34.104+0000] {spark_submit.py:644} INFO - 25/07/08 18:54:34 INFO MetricsSystemImpl: s3a-file-system metrics system started
[2025-07-08T18:54:35.917+0000] {spark_submit.py:644} INFO - 25/07/08 18:54:35 INFO InMemoryFileIndex: It took 89 ms to list leaf files for 1 paths.
[2025-07-08T18:54:36.634+0000] {spark_submit.py:644} INFO - 25/07/08 18:54:36 INFO FileSourceStrategy: Pushed Filters:
[2025-07-08T18:54:36.949+0000] {spark_submit.py:644} INFO - 25/07/08 18:54:36 INFO FileSourceStrategy: Post-Scan Filters:
[2025-07-08T18:54:37.151+0000] {spark_submit.py:644} INFO - 25/07/08 18:54:37 INFO CodeGenerator: Code generated in 249.118837 ms
[2025-07-08T18:54:37.203+0000] {spark_submit.py:644} INFO - 25/07/08 18:54:37 INFO MemoryStore: Block broadcast_0 stored as values in memory (estimated size 203.5 KiB, free 434.2 MiB)
[2025-07-08T18:54:37.257+0000] {spark_submit.py:644} INFO - 25/07/08 18:54:37 INFO MemoryStore: Block broadcast_0_piece0 stored as bytes in memory (estimated size 35.6 KiB, free 434.2 MiB)
[2025-07-08T18:54:37.260+0000] {spark_submit.py:644} INFO - 25/07/08 18:54:37 INFO BlockManagerInfo: Added broadcast_0_piece0 in memory on 3748f1b8240a:34565 (size: 35.6 KiB, free: 434.4 MiB)
[2025-07-08T18:54:37.271+0000] {spark_submit.py:644} INFO - 25/07/08 18:54:37 INFO SparkContext: Created broadcast 0 from collect at /opt/bitnami/spark/jobs/process_exercises_job.py:238
[2025-07-08T18:54:37.284+0000] {spark_submit.py:644} INFO - 25/07/08 18:54:37 INFO FileSourceScanExec: Planning scan with bin packing, max size: 4194304 bytes, open cost is considered as scanning 4194304 bytes.
[2025-07-08T18:54:37.911+0000] {spark_submit.py:644} INFO - 25/07/08 18:54:37 INFO SparkContext: Starting job: collect at /opt/bitnami/spark/jobs/process_exercises_job.py:238
[2025-07-08T18:54:37.949+0000] {spark_submit.py:644} INFO - 25/07/08 18:54:37 INFO DAGScheduler: Got job 0 (collect at /opt/bitnami/spark/jobs/process_exercises_job.py:238) with 1 output partitions
[2025-07-08T18:54:38.134+0000] {spark_submit.py:644} INFO - 25/07/08 18:54:37 INFO DAGScheduler: Final stage: ResultStage 0 (collect at /opt/bitnami/spark/jobs/process_exercises_job.py:238)
[2025-07-08T18:54:38.136+0000] {spark_submit.py:644} INFO - 25/07/08 18:54:37 INFO DAGScheduler: Parents of final stage: List()
[2025-07-08T18:54:38.139+0000] {spark_submit.py:644} INFO - 25/07/08 18:54:37 INFO DAGScheduler: Missing parents: List()
[2025-07-08T18:54:38.141+0000] {spark_submit.py:644} INFO - 25/07/08 18:54:37 INFO DAGScheduler: Submitting ResultStage 0 (MapPartitionsRDD[5] at collect at /opt/bitnami/spark/jobs/process_exercises_job.py:238), which has no missing parents
[2025-07-08T18:54:38.144+0000] {spark_submit.py:644} INFO - 25/07/08 18:54:38 INFO MemoryStore: Block broadcast_1 stored as values in memory (estimated size 27.3 KiB, free 434.1 MiB)
[2025-07-08T18:54:38.146+0000] {spark_submit.py:644} INFO - 25/07/08 18:54:38 INFO MemoryStore: Block broadcast_1_piece0 stored as bytes in memory (estimated size 13.6 KiB, free 434.1 MiB)
[2025-07-08T18:54:38.149+0000] {spark_submit.py:644} INFO - 25/07/08 18:54:38 INFO BlockManagerInfo: Added broadcast_1_piece0 in memory on 3748f1b8240a:34565 (size: 13.6 KiB, free: 434.4 MiB)
[2025-07-08T18:54:38.152+0000] {spark_submit.py:644} INFO - 25/07/08 18:54:38 INFO SparkContext: Created broadcast 1 from broadcast at DAGScheduler.scala:1585
[2025-07-08T18:54:38.212+0000] {spark_submit.py:644} INFO - 25/07/08 18:54:38 INFO DAGScheduler: Submitting 1 missing tasks from ResultStage 0 (MapPartitionsRDD[5] at collect at /opt/bitnami/spark/jobs/process_exercises_job.py:238) (first 15 tasks are for partitions Vector(0))
[2025-07-08T18:54:38.216+0000] {spark_submit.py:644} INFO - 25/07/08 18:54:38 INFO TaskSchedulerImpl: Adding task set 0.0 with 1 tasks resource profile 0
[2025-07-08T18:54:43.072+0000] {spark_submit.py:644} INFO - 25/07/08 18:54:43 INFO TaskSetManager: Starting task 0.0 in stage 0.0 (TID 0) (172.19.0.8, executor 0, partition 0, PROCESS_LOCAL, 10198 bytes)
[2025-07-08T18:54:43.274+0000] {spark_submit.py:644} INFO - 25/07/08 18:54:43 INFO BlockManagerInfo: Added broadcast_1_piece0 in memory on 172.19.0.8:43337 (size: 13.6 KiB, free: 434.4 MiB)
[2025-07-08T18:54:45.426+0000] {spark_submit.py:644} INFO - 25/07/08 18:54:45 INFO BlockManagerInfo: Added broadcast_0_piece0 in memory on 172.19.0.8:43337 (size: 35.6 KiB, free: 434.4 MiB)
[2025-07-08T18:54:50.256+0000] {spark_submit.py:644} INFO - 25/07/08 18:54:50 INFO TaskSetManager: Finished task 0.0 in stage 0.0 (TID 0) in 7197 ms on 172.19.0.8 (executor 0) (1/1)
[2025-07-08T18:54:50.258+0000] {spark_submit.py:644} INFO - 25/07/08 18:54:50 INFO TaskSchedulerImpl: Removed TaskSet 0.0, whose tasks have all completed, from pool
[2025-07-08T18:54:50.261+0000] {spark_submit.py:644} INFO - 25/07/08 18:54:50 INFO PythonAccumulatorV2: Connected to AccumulatorServer at host: 127.0.0.1 port: 60291
[2025-07-08T18:54:50.273+0000] {spark_submit.py:644} INFO - 25/07/08 18:54:50 INFO DAGScheduler: ResultStage 0 (collect at /opt/bitnami/spark/jobs/process_exercises_job.py:238) finished in 12.241 s
[2025-07-08T18:54:50.277+0000] {spark_submit.py:644} INFO - 25/07/08 18:54:50 INFO DAGScheduler: Job 0 is finished. Cancelling potential speculative or zombie tasks for this job
[2025-07-08T18:54:50.278+0000] {spark_submit.py:644} INFO - 25/07/08 18:54:50 INFO TaskSchedulerImpl: Killing all running tasks in stage 0: Stage finished
[2025-07-08T18:54:50.280+0000] {spark_submit.py:644} INFO - 25/07/08 18:54:50 INFO DAGScheduler: Job 0 finished: collect at /opt/bitnami/spark/jobs/process_exercises_job.py:238, took 12.370460 s
[2025-07-08T18:54:50.328+0000] {spark_submit.py:644} INFO - [PROCESS EXERCISES] ✅ Documento processado com sucesso: Op Jacui IV - Ordem de Operacoes.pdf
[2025-07-08T18:54:50.329+0000] {spark_submit.py:644} INFO - [PROCESS EXERCISES] ✅ Processamento de documentos concluído: 1 registros
[2025-07-08T18:54:50.986+0000] {spark_submit.py:644} INFO - 25/07/08 18:54:50 INFO CodeGenerator: Code generated in 26.308394 ms
[2025-07-08T18:54:51.010+0000] {spark_submit.py:644} INFO - 25/07/08 18:54:51 INFO DAGScheduler: Registering RDD 12 (count at NativeMethodAccessorImpl.java:0) as input to shuffle 0
[2025-07-08T18:54:51.013+0000] {spark_submit.py:644} INFO - 25/07/08 18:54:51 INFO DAGScheduler: Got map stage job 1 (count at NativeMethodAccessorImpl.java:0) with 2 output partitions
[2025-07-08T18:54:51.014+0000] {spark_submit.py:644} INFO - 25/07/08 18:54:51 INFO DAGScheduler: Final stage: ShuffleMapStage 1 (count at NativeMethodAccessorImpl.java:0)
[2025-07-08T18:54:51.015+0000] {spark_submit.py:644} INFO - 25/07/08 18:54:51 INFO DAGScheduler: Parents of final stage: List()
[2025-07-08T18:54:51.016+0000] {spark_submit.py:644} INFO - 25/07/08 18:54:51 INFO DAGScheduler: Missing parents: List()
[2025-07-08T18:54:51.017+0000] {spark_submit.py:644} INFO - 25/07/08 18:54:51 INFO DAGScheduler: Submitting ShuffleMapStage 1 (MapPartitionsRDD[12] at count at NativeMethodAccessorImpl.java:0), which has no missing parents
[2025-07-08T18:54:51.035+0000] {spark_submit.py:644} INFO - 25/07/08 18:54:51 INFO MemoryStore: Block broadcast_2 stored as values in memory (estimated size 16.0 KiB, free 434.1 MiB)
[2025-07-08T18:54:51.043+0000] {spark_submit.py:644} INFO - 25/07/08 18:54:51 INFO MemoryStore: Block broadcast_2_piece0 stored as bytes in memory (estimated size 8.4 KiB, free 434.1 MiB)
[2025-07-08T18:54:51.044+0000] {spark_submit.py:644} INFO - 25/07/08 18:54:51 INFO BlockManagerInfo: Added broadcast_2_piece0 in memory on 3748f1b8240a:34565 (size: 8.4 KiB, free: 434.3 MiB)
[2025-07-08T18:54:51.045+0000] {spark_submit.py:644} INFO - 25/07/08 18:54:51 INFO SparkContext: Created broadcast 2 from broadcast at DAGScheduler.scala:1585
[2025-07-08T18:54:51.047+0000] {spark_submit.py:644} INFO - 25/07/08 18:54:51 INFO DAGScheduler: Submitting 2 missing tasks from ShuffleMapStage 1 (MapPartitionsRDD[12] at count at NativeMethodAccessorImpl.java:0) (first 15 tasks are for partitions Vector(0, 1))
[2025-07-08T18:54:51.072+0000] {spark_submit.py:644} INFO - 25/07/08 18:54:51 INFO TaskSchedulerImpl: Adding task set 1.0 with 2 tasks resource profile 0
[2025-07-08T18:54:51.074+0000] {spark_submit.py:644} INFO - 25/07/08 18:54:51 INFO TaskSetManager: Starting task 0.0 in stage 1.0 (TID 1) (172.19.0.8, executor 0, partition 0, PROCESS_LOCAL, 9487 bytes)
[2025-07-08T18:54:51.075+0000] {spark_submit.py:644} INFO - 25/07/08 18:54:51 INFO TaskSetManager: Starting task 1.0 in stage 1.0 (TID 2) (172.19.0.8, executor 0, partition 1, PROCESS_LOCAL, 26221 bytes)
[2025-07-08T18:54:51.111+0000] {spark_submit.py:644} INFO - 25/07/08 18:54:51 INFO BlockManagerInfo: Added broadcast_2_piece0 in memory on 172.19.0.8:43337 (size: 8.4 KiB, free: 434.3 MiB)
[2025-07-08T18:54:51.196+0000] {spark_submit.py:644} INFO - 25/07/08 18:54:51 INFO BlockManagerInfo: Removed broadcast_1_piece0 on 3748f1b8240a:34565 in memory (size: 13.6 KiB, free: 434.4 MiB)
[2025-07-08T18:54:51.206+0000] {spark_submit.py:644} INFO - 25/07/08 18:54:51 INFO BlockManagerInfo: Removed broadcast_1_piece0 on 172.19.0.8:43337 in memory (size: 13.6 KiB, free: 434.4 MiB)
[2025-07-08T18:54:53.092+0000] {spark_submit.py:644} INFO - 25/07/08 18:54:53 INFO TaskSetManager: Finished task 0.0 in stage 1.0 (TID 1) in 2044 ms on 172.19.0.8 (executor 0) (1/2)
[2025-07-08T18:54:53.093+0000] {spark_submit.py:644} INFO - 25/07/08 18:54:53 INFO TaskSetManager: Finished task 1.0 in stage 1.0 (TID 2) in 2018 ms on 172.19.0.8 (executor 0) (2/2)
[2025-07-08T18:54:53.094+0000] {spark_submit.py:644} INFO - 25/07/08 18:54:53 INFO TaskSchedulerImpl: Removed TaskSet 1.0, whose tasks have all completed, from pool
[2025-07-08T18:54:53.096+0000] {spark_submit.py:644} INFO - 25/07/08 18:54:53 INFO DAGScheduler: ShuffleMapStage 1 (count at NativeMethodAccessorImpl.java:0) finished in 2.075 s
[2025-07-08T18:54:53.097+0000] {spark_submit.py:644} INFO - 25/07/08 18:54:53 INFO DAGScheduler: looking for newly runnable stages
[2025-07-08T18:54:53.098+0000] {spark_submit.py:644} INFO - 25/07/08 18:54:53 INFO DAGScheduler: running: Set()
[2025-07-08T18:54:53.099+0000] {spark_submit.py:644} INFO - 25/07/08 18:54:53 INFO DAGScheduler: waiting: Set()
[2025-07-08T18:54:53.099+0000] {spark_submit.py:644} INFO - 25/07/08 18:54:53 INFO DAGScheduler: failed: Set()
[2025-07-08T18:54:53.140+0000] {spark_submit.py:644} INFO - 25/07/08 18:54:53 INFO CodeGenerator: Code generated in 12.959871 ms
[2025-07-08T18:54:53.156+0000] {spark_submit.py:644} INFO - 25/07/08 18:54:53 INFO SparkContext: Starting job: count at NativeMethodAccessorImpl.java:0
[2025-07-08T18:54:53.159+0000] {spark_submit.py:644} INFO - 25/07/08 18:54:53 INFO DAGScheduler: Got job 2 (count at NativeMethodAccessorImpl.java:0) with 1 output partitions
[2025-07-08T18:54:53.159+0000] {spark_submit.py:644} INFO - 25/07/08 18:54:53 INFO DAGScheduler: Final stage: ResultStage 3 (count at NativeMethodAccessorImpl.java:0)
[2025-07-08T18:54:53.160+0000] {spark_submit.py:644} INFO - 25/07/08 18:54:53 INFO DAGScheduler: Parents of final stage: List(ShuffleMapStage 2)
[2025-07-08T18:54:53.160+0000] {spark_submit.py:644} INFO - 25/07/08 18:54:53 INFO DAGScheduler: Missing parents: List()
[2025-07-08T18:54:53.161+0000] {spark_submit.py:644} INFO - 25/07/08 18:54:53 INFO DAGScheduler: Submitting ResultStage 3 (MapPartitionsRDD[15] at count at NativeMethodAccessorImpl.java:0), which has no missing parents
[2025-07-08T18:54:53.167+0000] {spark_submit.py:644} INFO - 25/07/08 18:54:53 INFO MemoryStore: Block broadcast_3 stored as values in memory (estimated size 12.5 KiB, free 434.1 MiB)
[2025-07-08T18:54:53.183+0000] {spark_submit.py:644} INFO - 25/07/08 18:54:53 INFO MemoryStore: Block broadcast_3_piece0 stored as bytes in memory (estimated size 5.9 KiB, free 434.1 MiB)
[2025-07-08T18:54:53.184+0000] {spark_submit.py:644} INFO - 25/07/08 18:54:53 INFO BlockManagerInfo: Added broadcast_3_piece0 in memory on 3748f1b8240a:34565 (size: 5.9 KiB, free: 434.4 MiB)
[2025-07-08T18:54:53.184+0000] {spark_submit.py:644} INFO - 25/07/08 18:54:53 INFO SparkContext: Created broadcast 3 from broadcast at DAGScheduler.scala:1585
[2025-07-08T18:54:53.185+0000] {spark_submit.py:644} INFO - 25/07/08 18:54:53 INFO DAGScheduler: Submitting 1 missing tasks from ResultStage 3 (MapPartitionsRDD[15] at count at NativeMethodAccessorImpl.java:0) (first 15 tasks are for partitions Vector(0))
[2025-07-08T18:54:53.186+0000] {spark_submit.py:644} INFO - 25/07/08 18:54:53 INFO TaskSchedulerImpl: Adding task set 3.0 with 1 tasks resource profile 0
[2025-07-08T18:54:53.190+0000] {spark_submit.py:644} INFO - 25/07/08 18:54:53 INFO TaskSetManager: Starting task 0.0 in stage 3.0 (TID 3) (172.19.0.8, executor 0, partition 0, NODE_LOCAL, 9518 bytes)
[2025-07-08T18:54:53.210+0000] {spark_submit.py:644} INFO - 25/07/08 18:54:53 INFO BlockManagerInfo: Added broadcast_3_piece0 in memory on 172.19.0.8:43337 (size: 5.9 KiB, free: 434.4 MiB)
[2025-07-08T18:54:53.228+0000] {spark_submit.py:644} INFO - 25/07/08 18:54:53 INFO MapOutputTrackerMasterEndpoint: Asked to send map output locations for shuffle 0 to 172.19.0.8:53492
[2025-07-08T18:54:53.318+0000] {spark_submit.py:644} INFO - 25/07/08 18:54:53 INFO TaskSetManager: Finished task 0.0 in stage 3.0 (TID 3) in 129 ms on 172.19.0.8 (executor 0) (1/1)
[2025-07-08T18:54:53.318+0000] {spark_submit.py:644} INFO - 25/07/08 18:54:53 INFO TaskSchedulerImpl: Removed TaskSet 3.0, whose tasks have all completed, from pool
[2025-07-08T18:54:53.319+0000] {spark_submit.py:644} INFO - 25/07/08 18:54:53 INFO DAGScheduler: ResultStage 3 (count at NativeMethodAccessorImpl.java:0) finished in 0.154 s
[2025-07-08T18:54:53.320+0000] {spark_submit.py:644} INFO - 25/07/08 18:54:53 INFO DAGScheduler: Job 2 is finished. Cancelling potential speculative or zombie tasks for this job
[2025-07-08T18:54:53.321+0000] {spark_submit.py:644} INFO - 25/07/08 18:54:53 INFO TaskSchedulerImpl: Killing all running tasks in stage 3: Stage finished
[2025-07-08T18:54:53.321+0000] {spark_submit.py:644} INFO - 25/07/08 18:54:53 INFO DAGScheduler: Job 2 finished: count at NativeMethodAccessorImpl.java:0, took 0.163415 s
[2025-07-08T18:54:53.323+0000] {spark_submit.py:644} INFO - [PROCESS EXERCISES] ℹ️ Salvando 1 registros na tabela nessie.exercises.pdf_documents
[2025-07-08T18:54:53.401+0000] {spark_submit.py:644} INFO - 25/07/08 18:54:53 INFO BaseMetastoreTableOperations: Refreshing table metadata from new version: s3a://warehouse/exercises/pdf_documents_3f2f6938-06f1-4401-a884-d6a6de9720a0/metadata/00030-c056c997-bb61-4b63-b5ae-b01765bd8834.metadata.json
[2025-07-08T18:54:53.578+0000] {spark_submit.py:644} INFO - 25/07/08 18:54:53 INFO NessieUtil: loadTableMetadata for 'exercises.pdf_documents' from location 's3a://warehouse/exercises/pdf_documents_3f2f6938-06f1-4401-a884-d6a6de9720a0/metadata/00030-c056c997-bb61-4b63-b5ae-b01765bd8834.metadata.json' at 'Branch{name=main, metadata=null, hash=0a988165ccc8ab83da774234434d580e837c55b2019d743a2974a6df0bca12a2}'
[2025-07-08T18:54:53.598+0000] {spark_submit.py:644} INFO - 25/07/08 18:54:53 INFO BaseMetastoreCatalog: Table loaded by catalog: nessie.exercises.pdf_documents
[2025-07-08T18:54:56.513+0000] {spark_submit.py:644} INFO - 25/07/08 18:54:56 INFO BlockManagerInfo: Removed broadcast_3_piece0 on 3748f1b8240a:34565 in memory (size: 5.9 KiB, free: 434.4 MiB)
[2025-07-08T18:54:56.516+0000] {spark_submit.py:644} INFO - 25/07/08 18:54:56 INFO BlockManagerInfo: Removed broadcast_3_piece0 on 172.19.0.8:43337 in memory (size: 5.9 KiB, free: 434.4 MiB)
[2025-07-08T18:54:56.525+0000] {spark_submit.py:644} INFO - 25/07/08 18:54:56 INFO BlockManagerInfo: Removed broadcast_2_piece0 on 3748f1b8240a:34565 in memory (size: 8.4 KiB, free: 434.4 MiB)
[2025-07-08T18:54:56.528+0000] {spark_submit.py:644} INFO - 25/07/08 18:54:56 INFO BlockManagerInfo: Removed broadcast_2_piece0 on 172.19.0.8:43337 in memory (size: 8.4 KiB, free: 434.4 MiB)
[2025-07-08T18:54:57.729+0000] {spark_submit.py:644} INFO - 25/07/08 18:54:57 INFO CodeGenerator: Code generated in 30.026641 ms
[2025-07-08T18:54:57.733+0000] {spark_submit.py:644} INFO - [PROCESS EXERCISES] 🔄 Salvando tabela nessie.exercises.pdf_documents em modo append
[2025-07-08T18:54:57.880+0000] {spark_submit.py:644} INFO - 25/07/08 18:54:57 INFO SparkWrite: Requesting 0 bytes advisory partition size for table nessie.exercises.pdf_documents
[2025-07-08T18:54:57.880+0000] {spark_submit.py:644} INFO - 25/07/08 18:54:57 INFO SparkWrite: Requesting UnspecifiedDistribution as write distribution for table nessie.exercises.pdf_documents
[2025-07-08T18:54:57.881+0000] {spark_submit.py:644} INFO - 25/07/08 18:54:57 INFO SparkWrite: Requesting [] as write ordering for table nessie.exercises.pdf_documents
[2025-07-08T18:54:57.909+0000] {spark_submit.py:644} INFO - 25/07/08 18:54:57 INFO CodeGenerator: Code generated in 11.78523 ms
[2025-07-08T18:54:57.922+0000] {spark_submit.py:644} INFO - 25/07/08 18:54:57 INFO MemoryStore: Block broadcast_4 stored as values in memory (estimated size 32.0 KiB, free 434.1 MiB)
[2025-07-08T18:54:57.946+0000] {spark_submit.py:644} INFO - 25/07/08 18:54:57 INFO MemoryStore: Block broadcast_4_piece0 stored as bytes in memory (estimated size 30.1 KiB, free 434.1 MiB)
[2025-07-08T18:54:57.947+0000] {spark_submit.py:644} INFO - 25/07/08 18:54:57 INFO BlockManagerInfo: Added broadcast_4_piece0 in memory on 3748f1b8240a:34565 (size: 30.1 KiB, free: 434.3 MiB)
[2025-07-08T18:54:57.948+0000] {spark_submit.py:644} INFO - 25/07/08 18:54:57 INFO SparkContext: Created broadcast 4 from broadcast at SparkWrite.java:193
[2025-07-08T18:54:57.951+0000] {spark_submit.py:644} INFO - 25/07/08 18:54:57 INFO AppendDataExec: Start processing data source write support: IcebergBatchWrite(table=nessie.exercises.pdf_documents, format=PARQUET). The input RDD has 2 partitions.
[2025-07-08T18:54:57.973+0000] {spark_submit.py:644} INFO - 25/07/08 18:54:57 INFO SparkContext: Starting job: saveAsTable at NativeMethodAccessorImpl.java:0
[2025-07-08T18:54:57.974+0000] {spark_submit.py:644} INFO - 25/07/08 18:54:57 INFO DAGScheduler: Got job 3 (saveAsTable at NativeMethodAccessorImpl.java:0) with 2 output partitions
[2025-07-08T18:54:57.975+0000] {spark_submit.py:644} INFO - 25/07/08 18:54:57 INFO DAGScheduler: Final stage: ResultStage 4 (saveAsTable at NativeMethodAccessorImpl.java:0)
[2025-07-08T18:54:57.975+0000] {spark_submit.py:644} INFO - 25/07/08 18:54:57 INFO DAGScheduler: Parents of final stage: List()
[2025-07-08T18:54:57.976+0000] {spark_submit.py:644} INFO - 25/07/08 18:54:57 INFO DAGScheduler: Missing parents: List()
[2025-07-08T18:54:57.976+0000] {spark_submit.py:644} INFO - 25/07/08 18:54:57 INFO DAGScheduler: Submitting ResultStage 4 (MapPartitionsRDD[16] at saveAsTable at NativeMethodAccessorImpl.java:0), which has no missing parents
[2025-07-08T18:54:57.979+0000] {spark_submit.py:644} INFO - 25/07/08 18:54:57 INFO MemoryStore: Block broadcast_5 stored as values in memory (estimated size 15.1 KiB, free 434.1 MiB)
[2025-07-08T18:54:57.981+0000] {spark_submit.py:644} INFO - 25/07/08 18:54:57 INFO MemoryStore: Block broadcast_5_piece0 stored as bytes in memory (estimated size 7.8 KiB, free 434.1 MiB)
[2025-07-08T18:54:58.016+0000] {spark_submit.py:644} INFO - 25/07/08 18:54:58 INFO BlockManagerInfo: Removed broadcast_0_piece0 on 172.19.0.8:43337 in memory (size: 35.6 KiB, free: 434.4 MiB)
[2025-07-08T18:54:58.019+0000] {spark_submit.py:644} INFO - 25/07/08 18:54:58 INFO BlockManagerInfo: Added broadcast_5_piece0 in memory on 3748f1b8240a:34565 (size: 7.8 KiB, free: 434.3 MiB)
[2025-07-08T18:54:58.020+0000] {spark_submit.py:644} INFO - 25/07/08 18:54:58 INFO SparkContext: Created broadcast 5 from broadcast at DAGScheduler.scala:1585
[2025-07-08T18:54:58.021+0000] {spark_submit.py:644} INFO - 25/07/08 18:54:58 INFO BlockManagerInfo: Removed broadcast_0_piece0 on 3748f1b8240a:34565 in memory (size: 35.6 KiB, free: 434.4 MiB)
[2025-07-08T18:54:58.021+0000] {spark_submit.py:644} INFO - 25/07/08 18:54:58 INFO DAGScheduler: Submitting 2 missing tasks from ResultStage 4 (MapPartitionsRDD[16] at saveAsTable at NativeMethodAccessorImpl.java:0) (first 15 tasks are for partitions Vector(0, 1))
[2025-07-08T18:54:58.022+0000] {spark_submit.py:644} INFO - 25/07/08 18:54:58 INFO TaskSchedulerImpl: Adding task set 4.0 with 2 tasks resource profile 0
[2025-07-08T18:54:58.077+0000] {spark_submit.py:644} INFO - 25/07/08 18:54:58 INFO TaskSetManager: Starting task 0.0 in stage 4.0 (TID 4) (172.19.0.8, executor 0, partition 0, PROCESS_LOCAL, 9498 bytes)
[2025-07-08T18:54:58.078+0000] {spark_submit.py:644} INFO - 25/07/08 18:54:58 INFO TaskSetManager: Starting task 1.0 in stage 4.0 (TID 5) (172.19.0.8, executor 0, partition 1, PROCESS_LOCAL, 26232 bytes)
[2025-07-08T18:54:58.100+0000] {spark_submit.py:644} INFO - 25/07/08 18:54:58 INFO BlockManagerInfo: Added broadcast_5_piece0 in memory on 172.19.0.8:43337 (size: 7.8 KiB, free: 434.4 MiB)
[2025-07-08T18:54:58.193+0000] {spark_submit.py:644} INFO - 25/07/08 18:54:58 INFO BlockManagerInfo: Added broadcast_4_piece0 in memory on 172.19.0.8:43337 (size: 30.1 KiB, free: 434.4 MiB)
[2025-07-08T18:54:59.791+0000] {spark_submit.py:644} INFO - 25/07/08 18:54:59 INFO TaskSetManager: Finished task 0.0 in stage 4.0 (TID 4) in 1717 ms on 172.19.0.8 (executor 0) (1/2)
[2025-07-08T18:55:00.396+0000] {spark_submit.py:644} INFO - 25/07/08 18:55:00 INFO TaskSetManager: Finished task 1.0 in stage 4.0 (TID 5) in 2318 ms on 172.19.0.8 (executor 0) (2/2)
[2025-07-08T18:55:00.396+0000] {spark_submit.py:644} INFO - 25/07/08 18:55:00 INFO TaskSchedulerImpl: Removed TaskSet 4.0, whose tasks have all completed, from pool
[2025-07-08T18:55:00.397+0000] {spark_submit.py:644} INFO - 25/07/08 18:55:00 INFO DAGScheduler: ResultStage 4 (saveAsTable at NativeMethodAccessorImpl.java:0) finished in 2.420 s
[2025-07-08T18:55:00.398+0000] {spark_submit.py:644} INFO - 25/07/08 18:55:00 INFO DAGScheduler: Job 3 is finished. Cancelling potential speculative or zombie tasks for this job
[2025-07-08T18:55:00.398+0000] {spark_submit.py:644} INFO - 25/07/08 18:55:00 INFO TaskSchedulerImpl: Killing all running tasks in stage 4: Stage finished
[2025-07-08T18:55:00.399+0000] {spark_submit.py:644} INFO - 25/07/08 18:55:00 INFO DAGScheduler: Job 3 finished: saveAsTable at NativeMethodAccessorImpl.java:0, took 2.425163 s
[2025-07-08T18:55:00.400+0000] {spark_submit.py:644} INFO - 25/07/08 18:55:00 INFO AppendDataExec: Data source write support IcebergBatchWrite(table=nessie.exercises.pdf_documents, format=PARQUET) is committing.
[2025-07-08T18:55:00.455+0000] {spark_submit.py:644} INFO - 25/07/08 18:55:00 INFO SparkWrite: Committing append with 1 new data files to table nessie.exercises.pdf_documents
[2025-07-08T18:55:01.691+0000] {spark_submit.py:644} INFO - 25/07/08 18:55:01 INFO BlockManagerInfo: Removed broadcast_5_piece0 on 3748f1b8240a:34565 in memory (size: 7.8 KiB, free: 434.4 MiB)
[2025-07-08T18:55:01.694+0000] {spark_submit.py:644} INFO - 25/07/08 18:55:01 INFO BlockManagerInfo: Removed broadcast_5_piece0 on 172.19.0.8:43337 in memory (size: 7.8 KiB, free: 434.4 MiB)
[2025-07-08T18:55:01.794+0000] {spark_submit.py:644} INFO - 25/07/08 18:55:01 INFO NessieIcebergClient: Committed 'exercises.pdf_documents' against 'Branch{name=main, metadata=null, hash=9ba0b64a2f8ce4f4a65602281f3a71c5043d4fa60e3c979b870c5b2c64210312}', expected commit-id was '0a988165ccc8ab83da774234434d580e837c55b2019d743a2974a6df0bca12a2'
[2025-07-08T18:55:01.797+0000] {spark_submit.py:644} INFO - 25/07/08 18:55:01 INFO BaseMetastoreTableOperations: Successfully committed to table exercises.pdf_documents in 434 ms
[2025-07-08T18:55:01.798+0000] {spark_submit.py:644} INFO - 25/07/08 18:55:01 INFO SnapshotProducer: Committed snapshot 920580346067439331 (MergeAppend)
[2025-07-08T18:55:01.864+0000] {spark_submit.py:644} INFO - 25/07/08 18:55:01 INFO BaseMetastoreTableOperations: Refreshing table metadata from new version: s3a://warehouse/exercises/pdf_documents_3f2f6938-06f1-4401-a884-d6a6de9720a0/metadata/00031-7060ea55-c5df-4372-9757-862c2eb12c1d.metadata.json
[2025-07-08T18:55:01.880+0000] {spark_submit.py:644} INFO - 25/07/08 18:55:01 INFO NessieUtil: loadTableMetadata for 'exercises.pdf_documents' from location 's3a://warehouse/exercises/pdf_documents_3f2f6938-06f1-4401-a884-d6a6de9720a0/metadata/00031-7060ea55-c5df-4372-9757-862c2eb12c1d.metadata.json' at 'Branch{name=main, metadata=null, hash=9ba0b64a2f8ce4f4a65602281f3a71c5043d4fa60e3c979b870c5b2c64210312}'
[2025-07-08T18:55:01.920+0000] {spark_submit.py:644} INFO - 25/07/08 18:55:01 INFO LoggingMetricsReporter: Received metrics report: CommitReport{tableName=nessie.exercises.pdf_documents, snapshotId=920580346067439331, sequenceNumber=32, operation=append, commitMetrics=CommitMetricsResult{totalDuration=TimerResult{timeUnit=NANOSECONDS, totalDuration=PT1.378115793S, count=1}, attempts=CounterResult{unit=COUNT, value=1}, addedDataFiles=CounterResult{unit=COUNT, value=1}, removedDataFiles=null, totalDataFiles=CounterResult{unit=COUNT, value=32}, addedDeleteFiles=null, addedEqualityDeleteFiles=null, addedPositionalDeleteFiles=null, addedDVs=null, removedDeleteFiles=null, removedEqualityDeleteFiles=null, removedPositionalDeleteFiles=null, removedDVs=null, totalDeleteFiles=CounterResult{unit=COUNT, value=0}, addedRecords=CounterResult{unit=COUNT, value=1}, removedRecords=null, totalRecords=CounterResult{unit=COUNT, value=32}, addedFilesSizeInBytes=CounterResult{unit=BYTES, value=8842}, removedFilesSizeInBytes=null, totalFilesSizeInBytes=CounterResult{unit=BYTES, value=253346}, addedPositionalDeletes=null, removedPositionalDeletes=null, totalPositionalDeletes=CounterResult{unit=COUNT, value=0}, addedEqualityDeletes=null, removedEqualityDeletes=null, totalEqualityDeletes=CounterResult{unit=COUNT, value=0}}, metadata={engine-version=3.5.5, app-id=app-20250708185428-0020, engine-name=spark, iceberg-version=Apache Iceberg 1.8.1 (commit 9ce0fcf0af7becf25ad9fc996c3bad2afdcfd33d)}}
[2025-07-08T18:55:01.921+0000] {spark_submit.py:644} INFO - 25/07/08 18:55:01 INFO SparkWrite: Committed in 1463 ms
[2025-07-08T18:55:01.921+0000] {spark_submit.py:644} INFO - 25/07/08 18:55:01 INFO AppendDataExec: Data source write support IcebergBatchWrite(table=nessie.exercises.pdf_documents, format=PARQUET) committed.
[2025-07-08T18:55:01.922+0000] {spark_submit.py:644} INFO - [PROCESS EXERCISES] ✅ Tabela nessie.exercises.pdf_documents salva com sucesso (1 registros)
[2025-07-08T18:55:01.923+0000] {spark_submit.py:644} INFO - [PROCESS EXERCISES] 🔄 === FASE 2: PROCESSAMENTO DE SIMULAÇÕES ===
[2025-07-08T18:55:01.924+0000] {spark_submit.py:644} INFO - [PROCESS EXERCISES] 🔄 Iniciando processamento de simulações
[2025-07-08T18:55:01.925+0000] {spark_submit.py:644} INFO - [PROCESS EXERCISES] ℹ️ Buscando arquivos de simulação em: exercises/CA-LESTE-construtiva-4DE-2025-07-08/simulations/172.19.0.14_2025-07-08
[2025-07-08T18:55:01.925+0000] {spark_submit.py:644} INFO - [PROCESS EXERCISES] ℹ️ Buscando arquivos em: s3a://bronze/exercises/CA-LESTE-construtiva-4DE-2025-07-08/simulations/172.19.0.14_2025-07-08/
[2025-07-08T18:55:01.966+0000] {spark_submit.py:644} INFO - 25/07/08 18:55:01 INFO InMemoryFileIndex: It took 7 ms to list leaf files for 1 paths.
[2025-07-08T18:55:01.988+0000] {spark_submit.py:644} INFO - 25/07/08 18:55:01 INFO FileSourceStrategy: Pushed Filters:
[2025-07-08T18:55:01.989+0000] {spark_submit.py:644} INFO - 25/07/08 18:55:01 INFO FileSourceStrategy: Post-Scan Filters:
[2025-07-08T18:55:01.994+0000] {spark_submit.py:644} INFO - 25/07/08 18:55:01 INFO MemoryStore: Block broadcast_6 stored as values in memory (estimated size 203.7 KiB, free 434.1 MiB)
[2025-07-08T18:55:02.012+0000] {spark_submit.py:644} INFO - 25/07/08 18:55:02 INFO MemoryStore: Block broadcast_6_piece0 stored as bytes in memory (estimated size 35.7 KiB, free 434.1 MiB)
[2025-07-08T18:55:02.013+0000] {spark_submit.py:644} INFO - 25/07/08 18:55:02 INFO BlockManagerInfo: Added broadcast_6_piece0 in memory on 3748f1b8240a:34565 (size: 35.7 KiB, free: 434.3 MiB)
[2025-07-08T18:55:02.014+0000] {spark_submit.py:644} INFO - 25/07/08 18:55:02 INFO SparkContext: Created broadcast 6 from collect at /opt/bitnami/spark/jobs/process_exercises_job.py:432
[2025-07-08T18:55:02.015+0000] {spark_submit.py:644} INFO - 25/07/08 18:55:02 INFO FileSourceScanExec: Planning scan with bin packing, max size: 10487545 bytes, open cost is considered as scanning 4194304 bytes.
[2025-07-08T18:55:02.028+0000] {spark_submit.py:644} INFO - 25/07/08 18:55:02 INFO SparkContext: Starting job: collect at /opt/bitnami/spark/jobs/process_exercises_job.py:432
[2025-07-08T18:55:02.029+0000] {spark_submit.py:644} INFO - 25/07/08 18:55:02 INFO DAGScheduler: Got job 4 (collect at /opt/bitnami/spark/jobs/process_exercises_job.py:432) with 2 output partitions
[2025-07-08T18:55:02.030+0000] {spark_submit.py:644} INFO - 25/07/08 18:55:02 INFO DAGScheduler: Final stage: ResultStage 5 (collect at /opt/bitnami/spark/jobs/process_exercises_job.py:432)
[2025-07-08T18:55:02.030+0000] {spark_submit.py:644} INFO - 25/07/08 18:55:02 INFO DAGScheduler: Parents of final stage: List()
[2025-07-08T18:55:02.031+0000] {spark_submit.py:644} INFO - 25/07/08 18:55:02 INFO DAGScheduler: Missing parents: List()
[2025-07-08T18:55:02.031+0000] {spark_submit.py:644} INFO - 25/07/08 18:55:02 INFO DAGScheduler: Submitting ResultStage 5 (MapPartitionsRDD[19] at collect at /opt/bitnami/spark/jobs/process_exercises_job.py:432), which has no missing parents
[2025-07-08T18:55:02.032+0000] {spark_submit.py:644} INFO - 25/07/08 18:55:02 INFO MemoryStore: Block broadcast_7 stored as values in memory (estimated size 9.4 KiB, free 434.1 MiB)
[2025-07-08T18:55:02.072+0000] {spark_submit.py:644} INFO - 25/07/08 18:55:02 INFO MemoryStore: Block broadcast_7_piece0 stored as bytes in memory (estimated size 4.7 KiB, free 434.1 MiB)
[2025-07-08T18:55:02.073+0000] {spark_submit.py:644} INFO - 25/07/08 18:55:02 INFO BlockManagerInfo: Added broadcast_7_piece0 in memory on 3748f1b8240a:34565 (size: 4.7 KiB, free: 434.3 MiB)
[2025-07-08T18:55:02.073+0000] {spark_submit.py:644} INFO - 25/07/08 18:55:02 INFO SparkContext: Created broadcast 7 from broadcast at DAGScheduler.scala:1585
[2025-07-08T18:55:02.074+0000] {spark_submit.py:644} INFO - 25/07/08 18:55:02 INFO DAGScheduler: Submitting 2 missing tasks from ResultStage 5 (MapPartitionsRDD[19] at collect at /opt/bitnami/spark/jobs/process_exercises_job.py:432) (first 15 tasks are for partitions Vector(0, 1))
[2025-07-08T18:55:02.075+0000] {spark_submit.py:644} INFO - 25/07/08 18:55:02 INFO TaskSchedulerImpl: Adding task set 5.0 with 2 tasks resource profile 0
[2025-07-08T18:55:02.076+0000] {spark_submit.py:644} INFO - 25/07/08 18:55:02 INFO TaskSetManager: Starting task 0.0 in stage 5.0 (TID 6) (172.19.0.8, executor 0, partition 0, PROCESS_LOCAL, 10561 bytes)
[2025-07-08T18:55:02.077+0000] {spark_submit.py:644} INFO - 25/07/08 18:55:02 INFO TaskSetManager: Starting task 1.0 in stage 5.0 (TID 7) (172.19.0.8, executor 0, partition 1, PROCESS_LOCAL, 10380 bytes)
[2025-07-08T18:55:02.093+0000] {spark_submit.py:644} INFO - 25/07/08 18:55:02 INFO BlockManagerInfo: Added broadcast_7_piece0 in memory on 172.19.0.8:43337 (size: 4.7 KiB, free: 434.4 MiB)
[2025-07-08T18:55:02.130+0000] {spark_submit.py:644} INFO - 25/07/08 18:55:02 INFO BlockManagerInfo: Removed broadcast_4_piece0 on 3748f1b8240a:34565 in memory (size: 30.1 KiB, free: 434.4 MiB)
[2025-07-08T18:55:02.133+0000] {spark_submit.py:644} INFO - 25/07/08 18:55:02 INFO BlockManagerInfo: Removed broadcast_4_piece0 on 172.19.0.8:43337 in memory (size: 30.1 KiB, free: 434.4 MiB)
[2025-07-08T18:55:02.180+0000] {spark_submit.py:644} INFO - 25/07/08 18:55:02 INFO BlockManagerInfo: Added broadcast_6_piece0 in memory on 172.19.0.8:43337 (size: 35.7 KiB, free: 434.4 MiB)
[2025-07-08T18:55:02.274+0000] {spark_submit.py:644} INFO - 25/07/08 18:55:02 INFO TaskSetManager: Finished task 1.0 in stage 5.0 (TID 7) in 197 ms on 172.19.0.8 (executor 0) (1/2)
[2025-07-08T18:55:02.274+0000] {spark_submit.py:644} INFO - 25/07/08 18:55:02 INFO TaskSetManager: Finished task 0.0 in stage 5.0 (TID 6) in 199 ms on 172.19.0.8 (executor 0) (2/2)
[2025-07-08T18:55:02.275+0000] {spark_submit.py:644} INFO - 25/07/08 18:55:02 INFO TaskSchedulerImpl: Removed TaskSet 5.0, whose tasks have all completed, from pool
[2025-07-08T18:55:02.276+0000] {spark_submit.py:644} INFO - 25/07/08 18:55:02 INFO DAGScheduler: ResultStage 5 (collect at /opt/bitnami/spark/jobs/process_exercises_job.py:432) finished in 0.245 s
[2025-07-08T18:55:02.277+0000] {spark_submit.py:644} INFO - 25/07/08 18:55:02 INFO DAGScheduler: Job 4 is finished. Cancelling potential speculative or zombie tasks for this job
[2025-07-08T18:55:02.277+0000] {spark_submit.py:644} INFO - 25/07/08 18:55:02 INFO TaskSchedulerImpl: Killing all running tasks in stage 5: Stage finished
[2025-07-08T18:55:02.278+0000] {spark_submit.py:644} INFO - 25/07/08 18:55:02 INFO DAGScheduler: Job 4 finished: collect at /opt/bitnami/spark/jobs/process_exercises_job.py:432, took 0.248329 s
[2025-07-08T18:55:02.284+0000] {spark_submit.py:644} INFO - [PROCESS EXERCISES] ℹ️ Encontrados 4 arquivos Protobuf (.pb)
[2025-07-08T18:55:02.285+0000] {spark_submit.py:644} INFO - [PROCESS EXERCISES] ℹ️ Encontrados 4 arquivos do tipo PROTO
[2025-07-08T18:55:02.286+0000] {spark_submit.py:644} INFO - [PROCESS EXERCISES] 🔄 Processando 4 arquivos Protobuf
[2025-07-08T18:55:02.286+0000] {spark_submit.py:644} INFO - [PROCESS EXERCISES] ℹ️ Processando arquivo Protobuf: s3a://bronze/exercises/CA-LESTE-construtiva-4DE-2025-07-08/simulations/172.19.0.14_2025-07-08/18-25.56/session-proto_3.pb
[2025-07-08T18:55:02.324+0000] {spark_submit.py:644} INFO - 25/07/08 18:55:02 INFO InMemoryFileIndex: It took 15 ms to list leaf files for 1 paths.
[2025-07-08T18:55:02.582+0000] {spark_submit.py:644} INFO - ======DataFrame[exercise_id: string, context: int, client_id: int, knowledge_id: int, group_id: int, latitude: double, longitude: double, altitude: double, timestamp: bigint, processed_at: string]======
[2025-07-08T18:55:02.587+0000] {spark_submit.py:644} INFO - ======Column<'exercise_id'>======
[2025-07-08T18:55:02.588+0000] {spark_submit.py:644} INFO - ======Column<'context'>======
[2025-07-08T18:55:02.588+0000] {spark_submit.py:644} INFO - [PROCESS EXERCISES] ❌ Erro crítico ao processar arquivo Protobuf s3a://bronze/exercises/CA-LESTE-construtiva-4DE-2025-07-08/simulations/172.19.0.14_2025-07-08/18-25.56/session-proto_3.pb: No active exception to reraise
[2025-07-08T18:55:02.589+0000] {spark_submit.py:644} INFO - [PROCESS EXERCISES] ❌ Erro crítico no processamento de simulações: Falha no processamento Protobuf: No active exception to reraise
[2025-07-08T18:55:02.590+0000] {spark_submit.py:644} INFO - [PROCESS EXERCISES] ❌ Erro crítico durante o processamento: Falha no processamento de simulações: Falha no processamento Protobuf: No active exception to reraise
[2025-07-08T18:55:02.590+0000] {spark_submit.py:644} INFO - [PROCESS EXERCISES] 🔄 Finalizando sessão Spark
[2025-07-08T18:55:02.591+0000] {spark_submit.py:644} INFO - 25/07/08 18:55:02 INFO SparkContext: SparkContext is stopping with exitCode 0.
[2025-07-08T18:55:02.597+0000] {spark_submit.py:644} INFO - 25/07/08 18:55:02 INFO SparkUI: Stopped Spark web UI at http://3748f1b8240a:4040
[2025-07-08T18:55:02.601+0000] {spark_submit.py:644} INFO - 25/07/08 18:55:02 INFO StandaloneSchedulerBackend: Shutting down all executors
[2025-07-08T18:55:02.602+0000] {spark_submit.py:644} INFO - 25/07/08 18:55:02 INFO StandaloneSchedulerBackend$StandaloneDriverEndpoint: Asking each executor to shut down
[2025-07-08T18:55:02.621+0000] {spark_submit.py:644} INFO - 25/07/08 18:55:02 INFO MapOutputTrackerMasterEndpoint: MapOutputTrackerMasterEndpoint stopped!
[2025-07-08T18:55:02.652+0000] {spark_submit.py:644} INFO - 25/07/08 18:55:02 INFO MemoryStore: MemoryStore cleared
[2025-07-08T18:55:02.653+0000] {spark_submit.py:644} INFO - 25/07/08 18:55:02 INFO BlockManager: BlockManager stopped
[2025-07-08T18:55:02.656+0000] {spark_submit.py:644} INFO - 25/07/08 18:55:02 INFO BlockManagerMaster: BlockManagerMaster stopped
[2025-07-08T18:55:02.658+0000] {spark_submit.py:644} INFO - 25/07/08 18:55:02 INFO OutputCommitCoordinator$OutputCommitCoordinatorEndpoint: OutputCommitCoordinator stopped!
[2025-07-08T18:55:02.667+0000] {spark_submit.py:644} INFO - 25/07/08 18:55:02 INFO SparkContext: Successfully stopped SparkContext
[2025-07-08T18:55:03.412+0000] {spark_submit.py:644} INFO - [PROCESS EXERCISES] ✅ Sessão Spark finalizada com sucesso
[2025-07-08T18:55:03.544+0000] {spark_submit.py:644} INFO - 25/07/08 18:55:03 INFO ShutdownHookManager: Shutdown hook called
[2025-07-08T18:55:03.545+0000] {spark_submit.py:644} INFO - 25/07/08 18:55:03 INFO ShutdownHookManager: Deleting directory /tmp/spark-17d30e43-3bf9-40f1-bf5b-84db8a3c0211/pyspark-b2d8c6fd-9793-423d-9bc8-18904e8d7083
[2025-07-08T18:55:03.550+0000] {spark_submit.py:644} INFO - 25/07/08 18:55:03 INFO ShutdownHookManager: Deleting directory /tmp/spark-17d30e43-3bf9-40f1-bf5b-84db8a3c0211
[2025-07-08T18:55:03.556+0000] {spark_submit.py:644} INFO - 25/07/08 18:55:03 INFO ShutdownHookManager: Deleting directory /tmp/spark-b5d602bd-acfe-43d6-8d7b-37c7d219e82a
[2025-07-08T18:55:03.566+0000] {spark_submit.py:644} INFO - 25/07/08 18:55:03 INFO MetricsSystemImpl: Stopping s3a-file-system metrics system...
[2025-07-08T18:55:03.567+0000] {spark_submit.py:644} INFO - 25/07/08 18:55:03 INFO MetricsSystemImpl: s3a-file-system metrics system stopped.
[2025-07-08T18:55:03.567+0000] {spark_submit.py:644} INFO - 25/07/08 18:55:03 INFO MetricsSystemImpl: s3a-file-system metrics system shutdown complete.
[2025-07-08T18:55:03.953+0000] {taskinstance.py:3336} ERROR - Task failed with exception
Traceback (most recent call last):
  File "/home/airflow/.local/lib/python3.12/site-packages/airflow/models/taskinstance.py", line 776, in _execute_task
    result = _execute_callable(context=context, **execute_callable_kwargs)
             ^^^^^^^^^^^^^^^^^^^^^^^^^^^^^^^^^^^^^^^^^^^^^^^^^^^^^^^^^^^^^
  File "/home/airflow/.local/lib/python3.12/site-packages/airflow/models/taskinstance.py", line 742, in _execute_callable
    return ExecutionCallableRunner(
           ^^^^^^^^^^^^^^^^^^^^^^^^
  File "/home/airflow/.local/lib/python3.12/site-packages/airflow/utils/operator_helpers.py", line 252, in run
    return self.func(*args, **kwargs)
           ^^^^^^^^^^^^^^^^^^^^^^^^^^
  File "/home/airflow/.local/lib/python3.12/site-packages/airflow/models/baseoperator.py", line 424, in wrapper
    return func(self, *args, **kwargs)
           ^^^^^^^^^^^^^^^^^^^^^^^^^^^
  File "/home/airflow/.local/lib/python3.12/site-packages/airflow/providers/apache/spark/operators/spark_submit.py", line 197, in execute
    self._hook.submit(self.application)
  File "/home/airflow/.local/lib/python3.12/site-packages/airflow/providers/apache/spark/hooks/spark_submit.py", line 566, in submit
    raise AirflowException(
airflow.exceptions.AirflowException: Cannot execute: spark-submit --master spark://spark-master:7077 --jars /opt/bitnami/spark/jars/iceberg-spark-runtime-3.5_2.12-1.8.1.jar,/opt/bitnami/spark/jars/nessie-spark-extensions-3.5_2.12-0.103.2.jar,/opt/bitnami/spark/jars/nessie-client-0.103.2.jar,/opt/bitnami/spark/jars/hadoop-aws-3.3.2.jar,/opt/bitnami/spark/jars/aws-java-sdk-bundle-1.12.262.jar, --name arrow-spark --deploy-mode client /opt/bitnami/spark/jobs/process_exercises_job.py {"id": "CA-LESTE-construtiva-4DE-2025-07-08", "manifest_entry": {"data": {"createdAt": "2025-07-08T18:27:58.496Z", "origin": "CA-LESTE", "path": "exercises/CA-LESTE-construtiva-4DE-2025-07-08"}, "id": "CA-LESTE-construtiva-4DE-2025-07-08"}, "metadata": {"createdAt": "2025-07-08T18:27:58.496Z", "description": "4DE", "documents": [{"description": "", "id": "1751999288885", "mimetype": "application/pdf", "name": "Op Jacui IV - Ordem de Operacoes.pdf", "path": "exercises/CA-LESTE-construtiva-4DE-2025-07-08/documents/Op Jacui IV - Ordem de Operacoes.pdf", "size": 336744, "uploadedAt": "2025-07-08T18:28:08.885Z"}], "endDate": "2025-07-10", "id": "CA-LESTE-construtiva-4DE-2025-07-08", "name": "Jogo de Guerra", "origin": "CA-LESTE", "simulationType": "construtiva", "simulations": [{"id": "172.19.0.14_2025-07-08", "movedAt": "2025-07-08T18:28:17.872Z", "name": "172.19.0.14_2025-07-08", "originalPath": "staging/172.19.0.14_2025-07-08", "path": "exercises/CA-LESTE-construtiva-4DE-2025-07-08/simulations/172.19.0.14_2025-07-08"}], "startDate": "2025-07-08", "trainedForce": "4 Divis\u00e3o de Ex\u00e9rcito", "updatedAt": "2025-07-08T18:28:17.873Z", "wikiUrl": ""}}. Error code is: 1.
[2025-07-08T18:55:03.960+0000] {taskinstance.py:1242} INFO - Marking task as FAILED. dag_id=process_exercises, task_id=process_exercises, run_id=manual__2025-07-08T18:54:15.740061+00:00, execution_date=20250708T185415, start_date=20250708T185421, end_date=20250708T185503
[2025-07-08T18:55:04.146+0000] {taskinstance.py:349} INFO - ::group::Post task execution logs
[2025-07-08T18:55:04.149+0000] {standard_task_runner.py:124} ERROR - Failed to execute job 189 for task process_exercises (Cannot execute: spark-submit --master spark://spark-master:7077 --jars /opt/bitnami/spark/jars/iceberg-spark-runtime-3.5_2.12-1.8.1.jar,/opt/bitnami/spark/jars/nessie-spark-extensions-3.5_2.12-0.103.2.jar,/opt/bitnami/spark/jars/nessie-client-0.103.2.jar,/opt/bitnami/spark/jars/hadoop-aws-3.3.2.jar,/opt/bitnami/spark/jars/aws-java-sdk-bundle-1.12.262.jar, --name arrow-spark --deploy-mode client /opt/bitnami/spark/jobs/process_exercises_job.py {"id": "CA-LESTE-construtiva-4DE-2025-07-08", "manifest_entry": {"data": {"createdAt": "2025-07-08T18:27:58.496Z", "origin": "CA-LESTE", "path": "exercises/CA-LESTE-construtiva-4DE-2025-07-08"}, "id": "CA-LESTE-construtiva-4DE-2025-07-08"}, "metadata": {"createdAt": "2025-07-08T18:27:58.496Z", "description": "4DE", "documents": [{"description": "", "id": "1751999288885", "mimetype": "application/pdf", "name": "Op Jacui IV - Ordem de Operacoes.pdf", "path": "exercises/CA-LESTE-construtiva-4DE-2025-07-08/documents/Op Jacui IV - Ordem de Operacoes.pdf", "size": 336744, "uploadedAt": "2025-07-08T18:28:08.885Z"}], "endDate": "2025-07-10", "id": "CA-LESTE-construtiva-4DE-2025-07-08", "name": "Jogo de Guerra", "origin": "CA-LESTE", "simulationType": "construtiva", "simulations": [{"id": "172.19.0.14_2025-07-08", "movedAt": "2025-07-08T18:28:17.872Z", "name": "172.19.0.14_2025-07-08", "originalPath": "staging/172.19.0.14_2025-07-08", "path": "exercises/CA-LESTE-construtiva-4DE-2025-07-08/simulations/172.19.0.14_2025-07-08"}], "startDate": "2025-07-08", "trainedForce": "4 Divis\u00e3o de Ex\u00e9rcito", "updatedAt": "2025-07-08T18:28:17.873Z", "wikiUrl": ""}}. Error code is: 1.; 12326)
Traceback (most recent call last):
  File "/home/airflow/.local/lib/python3.12/site-packages/airflow/task/task_runner/standard_task_runner.py", line 117, in _start_by_fork
    ret = args.func(args, dag=self.dag)
          ^^^^^^^^^^^^^^^^^^^^^^^^^^^^^
  File "/home/airflow/.local/lib/python3.12/site-packages/airflow/cli/cli_config.py", line 49, in command
    return func(*args, **kwargs)
           ^^^^^^^^^^^^^^^^^^^^^
  File "/home/airflow/.local/lib/python3.12/site-packages/airflow/utils/cli.py", line 116, in wrapper
    return f(*args, **kwargs)
           ^^^^^^^^^^^^^^^^^^
  File "/home/airflow/.local/lib/python3.12/site-packages/airflow/cli/commands/task_command.py", line 483, in task_run
    task_return_code = _run_task_by_selected_method(args, _dag, ti)
                       ^^^^^^^^^^^^^^^^^^^^^^^^^^^^^^^^^^^^^^^^^^^^
  File "/home/airflow/.local/lib/python3.12/site-packages/airflow/cli/commands/task_command.py", line 256, in _run_task_by_selected_method
    return _run_raw_task(args, ti)
           ^^^^^^^^^^^^^^^^^^^^^^^
  File "/home/airflow/.local/lib/python3.12/site-packages/airflow/cli/commands/task_command.py", line 341, in _run_raw_task
    return ti._run_raw_task(
           ^^^^^^^^^^^^^^^^^
  File "/home/airflow/.local/lib/python3.12/site-packages/airflow/utils/session.py", line 97, in wrapper
    return func(*args, session=session, **kwargs)
           ^^^^^^^^^^^^^^^^^^^^^^^^^^^^^^^^^^^^^^
  File "/home/airflow/.local/lib/python3.12/site-packages/airflow/models/taskinstance.py", line 3029, in _run_raw_task
    return _run_raw_task(
           ^^^^^^^^^^^^^^
  File "/home/airflow/.local/lib/python3.12/site-packages/airflow/models/taskinstance.py", line 282, in _run_raw_task
    TaskInstance._execute_task_with_callbacks(
  File "/home/airflow/.local/lib/python3.12/site-packages/airflow/models/taskinstance.py", line 3184, in _execute_task_with_callbacks
    result = self._execute_task(context, task_orig)
             ^^^^^^^^^^^^^^^^^^^^^^^^^^^^^^^^^^^^^^
  File "/home/airflow/.local/lib/python3.12/site-packages/airflow/models/taskinstance.py", line 3208, in _execute_task
    return _execute_task(self, context, task_orig)
           ^^^^^^^^^^^^^^^^^^^^^^^^^^^^^^^^^^^^^^^
  File "/home/airflow/.local/lib/python3.12/site-packages/airflow/models/taskinstance.py", line 776, in _execute_task
    result = _execute_callable(context=context, **execute_callable_kwargs)
             ^^^^^^^^^^^^^^^^^^^^^^^^^^^^^^^^^^^^^^^^^^^^^^^^^^^^^^^^^^^^^
  File "/home/airflow/.local/lib/python3.12/site-packages/airflow/models/taskinstance.py", line 742, in _execute_callable
    return ExecutionCallableRunner(
           ^^^^^^^^^^^^^^^^^^^^^^^^
  File "/home/airflow/.local/lib/python3.12/site-packages/airflow/utils/operator_helpers.py", line 252, in run
    return self.func(*args, **kwargs)
           ^^^^^^^^^^^^^^^^^^^^^^^^^^
  File "/home/airflow/.local/lib/python3.12/site-packages/airflow/models/baseoperator.py", line 424, in wrapper
    return func(self, *args, **kwargs)
           ^^^^^^^^^^^^^^^^^^^^^^^^^^^
  File "/home/airflow/.local/lib/python3.12/site-packages/airflow/providers/apache/spark/operators/spark_submit.py", line 197, in execute
    self._hook.submit(self.application)
  File "/home/airflow/.local/lib/python3.12/site-packages/airflow/providers/apache/spark/hooks/spark_submit.py", line 566, in submit
    raise AirflowException(
airflow.exceptions.AirflowException: Cannot execute: spark-submit --master spark://spark-master:7077 --jars /opt/bitnami/spark/jars/iceberg-spark-runtime-3.5_2.12-1.8.1.jar,/opt/bitnami/spark/jars/nessie-spark-extensions-3.5_2.12-0.103.2.jar,/opt/bitnami/spark/jars/nessie-client-0.103.2.jar,/opt/bitnami/spark/jars/hadoop-aws-3.3.2.jar,/opt/bitnami/spark/jars/aws-java-sdk-bundle-1.12.262.jar, --name arrow-spark --deploy-mode client /opt/bitnami/spark/jobs/process_exercises_job.py {"id": "CA-LESTE-construtiva-4DE-2025-07-08", "manifest_entry": {"data": {"createdAt": "2025-07-08T18:27:58.496Z", "origin": "CA-LESTE", "path": "exercises/CA-LESTE-construtiva-4DE-2025-07-08"}, "id": "CA-LESTE-construtiva-4DE-2025-07-08"}, "metadata": {"createdAt": "2025-07-08T18:27:58.496Z", "description": "4DE", "documents": [{"description": "", "id": "1751999288885", "mimetype": "application/pdf", "name": "Op Jacui IV - Ordem de Operacoes.pdf", "path": "exercises/CA-LESTE-construtiva-4DE-2025-07-08/documents/Op Jacui IV - Ordem de Operacoes.pdf", "size": 336744, "uploadedAt": "2025-07-08T18:28:08.885Z"}], "endDate": "2025-07-10", "id": "CA-LESTE-construtiva-4DE-2025-07-08", "name": "Jogo de Guerra", "origin": "CA-LESTE", "simulationType": "construtiva", "simulations": [{"id": "172.19.0.14_2025-07-08", "movedAt": "2025-07-08T18:28:17.872Z", "name": "172.19.0.14_2025-07-08", "originalPath": "staging/172.19.0.14_2025-07-08", "path": "exercises/CA-LESTE-construtiva-4DE-2025-07-08/simulations/172.19.0.14_2025-07-08"}], "startDate": "2025-07-08", "trainedForce": "4 Divis\u00e3o de Ex\u00e9rcito", "updatedAt": "2025-07-08T18:28:17.873Z", "wikiUrl": ""}}. Error code is: 1.
[2025-07-08T18:55:04.227+0000] {local_task_job_runner.py:266} INFO - Task exited with return code 1
[2025-07-08T18:55:04.313+0000] {taskinstance.py:3924} INFO - 0 downstream tasks scheduled from follow-on schedule check
[2025-07-08T18:55:04.358+0000] {local_task_job_runner.py:245} INFO - ::endgroup::
