[2025-07-09T18:57:27.474+0000] {local_task_job_runner.py:123} INFO - ::group::Pre task execution logs
[2025-07-09T18:57:27.505+0000] {taskinstance.py:2631} INFO - Dependencies all met for dep_context=non-requeueable deps ti=<TaskInstance: process_exercises.identify_ready_exercises manual__2025-07-09T18:57:26.233255+00:00 [queued]>
[2025-07-09T18:57:27.514+0000] {taskinstance.py:2631} INFO - Dependencies all met for dep_context=requeueable deps ti=<TaskInstance: process_exercises.identify_ready_exercises manual__2025-07-09T18:57:26.233255+00:00 [queued]>
[2025-07-09T18:57:27.514+0000] {taskinstance.py:2884} INFO - Starting attempt 1 of 1
[2025-07-09T18:57:27.567+0000] {taskinstance.py:2907} INFO - Executing <Task(PythonOperator): identify_ready_exercises> on 2025-07-09 18:57:26.233255+00:00
[2025-07-09T18:57:27.574+0000] {logging_mixin.py:190} WARNING - /home/airflow/.local/lib/python3.12/site-packages/airflow/task/task_runner/standard_task_runner.py:70 DeprecationWarning: This process (pid=4426) is multi-threaded, use of fork() may lead to deadlocks in the child.
[2025-07-09T18:57:27.574+0000] {standard_task_runner.py:104} INFO - Running: ['airflow', 'tasks', 'run', 'process_exercises', 'identify_ready_exercises', 'manual__2025-07-09T18:57:26.233255+00:00', '--job-id', '244', '--raw', '--subdir', 'DAGS_FOLDER/process_exercises.py', '--cfg-path', '/tmp/tmp2cw2jrh0']
[2025-07-09T18:57:27.576+0000] {standard_task_runner.py:72} INFO - Started process 4427 to run task
[2025-07-09T18:57:27.577+0000] {standard_task_runner.py:105} INFO - Job 244: Subtask identify_ready_exercises
[2025-07-09T18:57:27.681+0000] {task_command.py:467} INFO - Running <TaskInstance: process_exercises.identify_ready_exercises manual__2025-07-09T18:57:26.233255+00:00 [running]> on host 38b7408c68d7
[2025-07-09T18:57:27.867+0000] {taskinstance.py:3157} INFO - Exporting env vars: AIRFLOW_CTX_DAG_OWNER='airflow' AIRFLOW_CTX_DAG_ID='process_exercises' AIRFLOW_CTX_TASK_ID='identify_ready_exercises' AIRFLOW_CTX_EXECUTION_DATE='2025-07-09T18:57:26.233255+00:00' AIRFLOW_CTX_TRY_NUMBER='1' AIRFLOW_CTX_DAG_RUN_ID='manual__2025-07-09T18:57:26.233255+00:00'
[2025-07-09T18:57:27.868+0000] {taskinstance.py:740} INFO - ::endgroup::
[2025-07-09T18:57:27.909+0000] {base.py:84} INFO - Retrieving connection 'minio-ebsim'
[2025-07-09T18:57:27.910+0000] {connection_wrapper.py:328} INFO - AWS Connection (conn_id='minio-ebsim', conn_type='aws') credentials retrieved from extra.
[2025-07-09T18:57:28.254+0000] {logging_mixin.py:190} INFO - [DAG] exercício pronto: CA-SUL-construtiva-5577-2025-07-09
[2025-07-09T18:57:28.255+0000] {logging_mixin.py:190} INFO - ✅ [DAG] total de exercícios prontos: 1.
[2025-07-09T18:57:28.255+0000] {logging_mixin.py:190} INFO - ✅ [DAG] o exercício selecionado é CA-SUL-construtiva-5577-2025-07-09.
[2025-07-09T18:57:28.256+0000] {python.py:240} INFO - Done. Returned value was: {'id': 'CA-SUL-construtiva-5577-2025-07-09', 'metadata': {'id': 'CA-SUL-construtiva-5577-2025-07-09', 'name': 'Jogo de Guerra', 'description': '5577', 'simulationType': 'construtiva', 'origin': 'CA-SUL', 'startDate': '2025-07-09', 'endDate': '2025-07-10', 'trainedForce': '5588', 'wikiUrl': '', 'documents': [{'id': '1752087431266', 'name': 'Op Jacui IV - Apd 2 ao An A - Plano de Busca.pdf', 'description': '', 'path': 'exercises/CA-SUL-construtiva-5577-2025-07-09/documents/Op Jacui IV - Apd 2 ao An A - Plano de Busca.pdf', 'size': 46220, 'mimetype': 'application/pdf', 'uploadedAt': '2025-07-09T18:57:11.266Z'}], 'simulations': [{'id': '172.19.0.6_2025-07-09', 'name': '172.19.0.6_2025-07-09', 'path': 'exercises/CA-SUL-construtiva-5577-2025-07-09/simulations/172.19.0.6_2025-07-09', 'originalPath': 'staging/172.19.0.6_2025-07-09', 'movedAt': '2025-07-09T18:57:18.810Z'}], 'createdAt': '2025-07-09T18:57:00.951Z', 'updatedAt': '2025-07-09T18:57:18.810Z'}, 'manifest_entry': {'id': 'CA-SUL-construtiva-5577-2025-07-09', 'data': {'origin': 'CA-SUL', 'path': 'exercises/CA-SUL-construtiva-5577-2025-07-09', 'createdAt': '2025-07-09T18:57:00.951Z'}}}
[2025-07-09T18:57:28.342+0000] {taskinstance.py:349} INFO - ::group::Post task execution logs
[2025-07-09T18:57:28.342+0000] {taskinstance.py:361} INFO - Marking task as SUCCESS. dag_id=process_exercises, task_id=identify_ready_exercises, run_id=manual__2025-07-09T18:57:26.233255+00:00, execution_date=20250709T185726, start_date=20250709T185727, end_date=20250709T185728
[2025-07-09T18:57:28.477+0000] {local_task_job_runner.py:266} INFO - Task exited with return code 0
[2025-07-09T18:57:28.519+0000] {taskinstance.py:3924} INFO - 1 downstream tasks scheduled from follow-on schedule check
[2025-07-09T18:57:28.550+0000] {local_task_job_runner.py:245} INFO - ::endgroup::
