[2025-07-08T18:40:53.855+0000] {local_task_job_runner.py:123} INFO - ::group::Pre task execution logs
[2025-07-08T18:40:53.908+0000] {taskinstance.py:2631} INFO - Dependencies all met for dep_context=non-requeueable deps ti=<TaskInstance: process_exercises.process_exercises manual__2025-07-08T18:40:49.260620+00:00 [queued]>
[2025-07-08T18:40:53.925+0000] {taskinstance.py:2631} INFO - Dependencies all met for dep_context=requeueable deps ti=<TaskInstance: process_exercises.process_exercises manual__2025-07-08T18:40:49.260620+00:00 [queued]>
[2025-07-08T18:40:53.926+0000] {taskinstance.py:2884} INFO - Starting attempt 1 of 1
[2025-07-08T18:40:53.978+0000] {taskinstance.py:2907} INFO - Executing <Task(SparkSubmitOperator): process_exercises> on 2025-07-08 18:40:49.260620+00:00
[2025-07-08T18:40:53.990+0000] {standard_task_runner.py:104} INFO - Running: ['airflow', 'tasks', 'run', 'process_exercises', 'process_exercises', 'manual__2025-07-08T18:40:49.260620+00:00', '--job-id', '181', '--raw', '--subdir', 'DAGS_FOLDER/process_exercises.py', '--cfg-path', '/tmp/tmptudmfj9h']
[2025-07-08T18:40:53.994+0000] {standard_task_runner.py:105} INFO - Job 181: Subtask process_exercises
[2025-07-08T18:40:53.994+0000] {logging_mixin.py:190} WARNING - /home/airflow/.local/lib/python3.12/site-packages/airflow/task/task_runner/standard_task_runner.py:70 DeprecationWarning: This process (pid=11181) is multi-threaded, use of fork() may lead to deadlocks in the child.
[2025-07-08T18:40:53.996+0000] {standard_task_runner.py:72} INFO - Started process 11182 to run task
[2025-07-08T18:40:54.140+0000] {task_command.py:467} INFO - Running <TaskInstance: process_exercises.process_exercises manual__2025-07-08T18:40:49.260620+00:00 [running]> on host 3748f1b8240a
[2025-07-08T18:40:54.394+0000] {taskinstance.py:3157} INFO - Exporting env vars: AIRFLOW_CTX_DAG_OWNER='airflow' AIRFLOW_CTX_DAG_ID='process_exercises' AIRFLOW_CTX_TASK_ID='process_exercises' AIRFLOW_CTX_EXECUTION_DATE='2025-07-08T18:40:49.260620+00:00' AIRFLOW_CTX_TRY_NUMBER='1' AIRFLOW_CTX_DAG_RUN_ID='manual__2025-07-08T18:40:49.260620+00:00'
[2025-07-08T18:40:54.395+0000] {taskinstance.py:740} INFO - ::endgroup::
[2025-07-08T18:40:54.439+0000] {base.py:84} INFO - Retrieving connection 'spark-ebsim'
[2025-07-08T18:40:54.449+0000] {spark_submit.py:474} INFO - Spark-Submit cmd: spark-submit --master spark://spark-master:7077 --jars /opt/bitnami/spark/jars/iceberg-spark-runtime-3.5_2.12-1.8.1.jar,/opt/bitnami/spark/jars/nessie-spark-extensions-3.5_2.12-0.103.2.jar,/opt/bitnami/spark/jars/nessie-client-0.103.2.jar,/opt/bitnami/spark/jars/hadoop-aws-3.3.2.jar,/opt/bitnami/spark/jars/aws-java-sdk-bundle-1.12.262.jar, --name arrow-spark --deploy-mode client /opt/bitnami/spark/jobs/process_exercises_job.py {"id": "CA-LESTE-construtiva-4DE-2025-07-08", "manifest_entry": {"data": {"createdAt": "2025-07-08T18:27:58.496Z", "origin": "CA-LESTE", "path": "exercises/CA-LESTE-construtiva-4DE-2025-07-08"}, "id": "CA-LESTE-construtiva-4DE-2025-07-08"}, "metadata": {"createdAt": "2025-07-08T18:27:58.496Z", "description": "4DE", "documents": [{"description": "", "id": "1751999288885", "mimetype": "application/pdf", "name": "Op Jacui IV - Ordem de Operacoes.pdf", "path": "exercises/CA-LESTE-construtiva-4DE-2025-07-08/documents/Op Jacui IV - Ordem de Operacoes.pdf", "size": 336744, "uploadedAt": "2025-07-08T18:28:08.885Z"}], "endDate": "2025-07-10", "id": "CA-LESTE-construtiva-4DE-2025-07-08", "name": "Jogo de Guerra", "origin": "CA-LESTE", "simulationType": "construtiva", "simulations": [{"id": "172.19.0.14_2025-07-08", "movedAt": "2025-07-08T18:28:17.872Z", "name": "172.19.0.14_2025-07-08", "originalPath": "staging/172.19.0.14_2025-07-08", "path": "exercises/CA-LESTE-construtiva-4DE-2025-07-08/simulations/172.19.0.14_2025-07-08"}], "startDate": "2025-07-08", "trainedForce": "4 Divis\u00e3o de Ex\u00e9rcito", "updatedAt": "2025-07-08T18:28:17.873Z", "wikiUrl": ""}}
[2025-07-08T18:40:56.912+0000] {spark_submit.py:644} INFO - 25/07/08 18:40:56 WARN NativeCodeLoader: Unable to load native-hadoop library for your platform... using builtin-java classes where applicable
[2025-07-08T18:40:58.717+0000] {spark_submit.py:644} INFO - [PROCESS EXERCISES] ℹ️  Iniciando processamento de exercícios
[2025-07-08T18:40:58.718+0000] {spark_submit.py:644} INFO - [PROCESS EXERCISES] ℹ️  Exercício selecionado: CA-LESTE-construtiva-4DE-2025-07-08
[2025-07-08T18:40:58.718+0000] {spark_submit.py:644} INFO - [PROCESS EXERCISES] 🔄 Criando sessão Spark
[2025-07-08T18:40:59.308+0000] {spark_submit.py:644} INFO - 25/07/08 18:40:59 INFO SparkContext: Running Spark version 3.5.5
[2025-07-08T18:40:59.308+0000] {spark_submit.py:644} INFO - 25/07/08 18:40:59 INFO SparkContext: OS info Linux, 5.15.167.4-microsoft-standard-WSL2, amd64
[2025-07-08T18:40:59.309+0000] {spark_submit.py:644} INFO - 25/07/08 18:40:59 INFO SparkContext: Java version 17.0.15
[2025-07-08T18:40:59.333+0000] {spark_submit.py:644} INFO - 25/07/08 18:40:59 INFO ResourceUtils: ==============================================================
[2025-07-08T18:40:59.333+0000] {spark_submit.py:644} INFO - 25/07/08 18:40:59 INFO ResourceUtils: No custom resources configured for spark.driver.
[2025-07-08T18:40:59.334+0000] {spark_submit.py:644} INFO - 25/07/08 18:40:59 INFO ResourceUtils: ==============================================================
[2025-07-08T18:40:59.335+0000] {spark_submit.py:644} INFO - 25/07/08 18:40:59 INFO SparkContext: Submitted application: ProcessExercises
[2025-07-08T18:40:59.351+0000] {spark_submit.py:644} INFO - 25/07/08 18:40:59 INFO ResourceProfile: Default ResourceProfile created, executor resources: Map(memory -> name: memory, amount: 1024, script: , vendor: , offHeap -> name: offHeap, amount: 0, script: , vendor: ), task resources: Map(cpus -> name: cpus, amount: 1.0)
[2025-07-08T18:40:59.365+0000] {spark_submit.py:644} INFO - 25/07/08 18:40:59 INFO ResourceProfile: Limiting resource is cpu
[2025-07-08T18:40:59.366+0000] {spark_submit.py:644} INFO - 25/07/08 18:40:59 INFO ResourceProfileManager: Added ResourceProfile id: 0
[2025-07-08T18:40:59.406+0000] {spark_submit.py:644} INFO - 25/07/08 18:40:59 INFO SecurityManager: Changing view acls to: airflow
[2025-07-08T18:40:59.407+0000] {spark_submit.py:644} INFO - 25/07/08 18:40:59 INFO SecurityManager: Changing modify acls to: airflow
[2025-07-08T18:40:59.408+0000] {spark_submit.py:644} INFO - 25/07/08 18:40:59 INFO SecurityManager: Changing view acls groups to:
[2025-07-08T18:40:59.408+0000] {spark_submit.py:644} INFO - 25/07/08 18:40:59 INFO SecurityManager: Changing modify acls groups to:
[2025-07-08T18:40:59.409+0000] {spark_submit.py:644} INFO - 25/07/08 18:40:59 INFO SecurityManager: SecurityManager: authentication disabled; ui acls disabled; users with view permissions: airflow; groups with view permissions: EMPTY; users with modify permissions: airflow; groups with modify permissions: EMPTY
[2025-07-08T18:40:59.656+0000] {spark_submit.py:644} INFO - 25/07/08 18:40:59 INFO Utils: Successfully started service 'sparkDriver' on port 35477.
[2025-07-08T18:40:59.680+0000] {spark_submit.py:644} INFO - 25/07/08 18:40:59 INFO SparkEnv: Registering MapOutputTracker
[2025-07-08T18:40:59.706+0000] {spark_submit.py:644} INFO - 25/07/08 18:40:59 INFO SparkEnv: Registering BlockManagerMaster
[2025-07-08T18:40:59.718+0000] {spark_submit.py:644} INFO - 25/07/08 18:40:59 INFO BlockManagerMasterEndpoint: Using org.apache.spark.storage.DefaultTopologyMapper for getting topology information
[2025-07-08T18:40:59.719+0000] {spark_submit.py:644} INFO - 25/07/08 18:40:59 INFO BlockManagerMasterEndpoint: BlockManagerMasterEndpoint up
[2025-07-08T18:40:59.721+0000] {spark_submit.py:644} INFO - 25/07/08 18:40:59 INFO SparkEnv: Registering BlockManagerMasterHeartbeat
[2025-07-08T18:40:59.738+0000] {spark_submit.py:644} INFO - 25/07/08 18:40:59 INFO DiskBlockManager: Created local directory at /tmp/blockmgr-93bfce5d-5cd1-47a1-8e21-3be5e86b77bd
[2025-07-08T18:40:59.748+0000] {spark_submit.py:644} INFO - 25/07/08 18:40:59 INFO MemoryStore: MemoryStore started with capacity 434.4 MiB
[2025-07-08T18:40:59.759+0000] {spark_submit.py:644} INFO - 25/07/08 18:40:59 INFO SparkEnv: Registering OutputCommitCoordinator
[2025-07-08T18:40:59.848+0000] {spark_submit.py:644} INFO - 25/07/08 18:40:59 INFO JettyUtils: Start Jetty 0.0.0.0:4040 for SparkUI
[2025-07-08T18:40:59.907+0000] {spark_submit.py:644} INFO - 25/07/08 18:40:59 INFO Utils: Successfully started service 'SparkUI' on port 4040.
[2025-07-08T18:40:59.938+0000] {spark_submit.py:644} INFO - 25/07/08 18:40:59 INFO SparkContext: Added JAR file:///opt/bitnami/spark/jars/iceberg-spark-runtime-3.5_2.12-1.8.1.jar at spark://3748f1b8240a:35477/jars/iceberg-spark-runtime-3.5_2.12-1.8.1.jar with timestamp 1752000059301
[2025-07-08T18:40:59.939+0000] {spark_submit.py:644} INFO - 25/07/08 18:40:59 INFO SparkContext: Added JAR file:///opt/bitnami/spark/jars/nessie-spark-extensions-3.5_2.12-0.103.2.jar at spark://3748f1b8240a:35477/jars/nessie-spark-extensions-3.5_2.12-0.103.2.jar with timestamp 1752000059301
[2025-07-08T18:40:59.940+0000] {spark_submit.py:644} INFO - 25/07/08 18:40:59 INFO SparkContext: Added JAR file:///opt/bitnami/spark/jars/nessie-client-0.103.2.jar at spark://3748f1b8240a:35477/jars/nessie-client-0.103.2.jar with timestamp 1752000059301
[2025-07-08T18:40:59.941+0000] {spark_submit.py:644} INFO - 25/07/08 18:40:59 INFO SparkContext: Added JAR file:///opt/bitnami/spark/jars/hadoop-aws-3.3.2.jar at spark://3748f1b8240a:35477/jars/hadoop-aws-3.3.2.jar with timestamp 1752000059301
[2025-07-08T18:40:59.943+0000] {spark_submit.py:644} INFO - 25/07/08 18:40:59 INFO SparkContext: Added JAR file:///opt/bitnami/spark/jars/aws-java-sdk-bundle-1.12.262.jar at spark://3748f1b8240a:35477/jars/aws-java-sdk-bundle-1.12.262.jar with timestamp 1752000059301
[2025-07-08T18:41:00.018+0000] {spark_submit.py:644} INFO - 25/07/08 18:41:00 INFO StandaloneAppClient$ClientEndpoint: Connecting to master spark://spark-master:7077...
[2025-07-08T18:41:00.097+0000] {spark_submit.py:644} INFO - 25/07/08 18:41:00 INFO TransportClientFactory: Successfully created connection to spark-master/172.19.0.2:7077 after 59 ms (0 ms spent in bootstraps)
[2025-07-08T18:41:00.172+0000] {spark_submit.py:644} INFO - 25/07/08 18:41:00 INFO StandaloneSchedulerBackend: Connected to Spark cluster with app ID app-20250708184100-0016
[2025-07-08T18:41:00.174+0000] {spark_submit.py:644} INFO - 25/07/08 18:41:00 INFO StandaloneAppClient$ClientEndpoint: Executor added: app-20250708184100-0016/0 on worker-20250708130010-172.19.0.8-33627 (172.19.0.8:33627) with 2 core(s)
[2025-07-08T18:41:00.176+0000] {spark_submit.py:644} INFO - 25/07/08 18:41:00 INFO StandaloneSchedulerBackend: Granted executor ID app-20250708184100-0016/0 on hostPort 172.19.0.8:33627 with 2 core(s), 1024.0 MiB RAM
[2025-07-08T18:41:00.180+0000] {spark_submit.py:644} INFO - 25/07/08 18:41:00 INFO Utils: Successfully started service 'org.apache.spark.network.netty.NettyBlockTransferService' on port 42123.
[2025-07-08T18:41:00.180+0000] {spark_submit.py:644} INFO - 25/07/08 18:41:00 INFO NettyBlockTransferService: Server created on 3748f1b8240a:42123
[2025-07-08T18:41:00.182+0000] {spark_submit.py:644} INFO - 25/07/08 18:41:00 INFO BlockManager: Using org.apache.spark.storage.RandomBlockReplicationPolicy for block replication policy
[2025-07-08T18:41:00.187+0000] {spark_submit.py:644} INFO - 25/07/08 18:41:00 INFO BlockManagerMaster: Registering BlockManager BlockManagerId(driver, 3748f1b8240a, 42123, None)
[2025-07-08T18:41:00.190+0000] {spark_submit.py:644} INFO - 25/07/08 18:41:00 INFO BlockManagerMasterEndpoint: Registering block manager 3748f1b8240a:42123 with 434.4 MiB RAM, BlockManagerId(driver, 3748f1b8240a, 42123, None)
[2025-07-08T18:41:00.192+0000] {spark_submit.py:644} INFO - 25/07/08 18:41:00 INFO BlockManagerMaster: Registered BlockManager BlockManagerId(driver, 3748f1b8240a, 42123, None)
[2025-07-08T18:41:00.194+0000] {spark_submit.py:644} INFO - 25/07/08 18:41:00 INFO BlockManager: Initialized BlockManager: BlockManagerId(driver, 3748f1b8240a, 42123, None)
[2025-07-08T18:41:00.248+0000] {spark_submit.py:644} INFO - 25/07/08 18:41:00 INFO StandaloneAppClient$ClientEndpoint: Executor updated: app-20250708184100-0016/0 is now RUNNING
[2025-07-08T18:41:00.414+0000] {spark_submit.py:644} INFO - 25/07/08 18:41:00 INFO StandaloneSchedulerBackend: SchedulerBackend is ready for scheduling beginning after reached minRegisteredResourcesRatio: 0.0
[2025-07-08T18:41:01.174+0000] {spark_submit.py:644} INFO - [PROCESS EXERCISES] ✅ Sessão Spark criada com sucesso
[2025-07-08T18:41:01.176+0000] {spark_submit.py:644} INFO - [PROCESS EXERCISES] ✅ Processador de exercícios inicializado
[2025-07-08T18:41:01.178+0000] {spark_submit.py:644} INFO - [PROCESS EXERCISES] 🔄 Criando namespace nessie.exercises
[2025-07-08T18:41:01.202+0000] {spark_submit.py:644} INFO - 25/07/08 18:41:01 INFO SharedState: Setting hive.metastore.warehouse.dir ('null') to the value of spark.sql.warehouse.dir.
[2025-07-08T18:41:01.214+0000] {spark_submit.py:644} INFO - 25/07/08 18:41:01 INFO SharedState: Warehouse path is 'file:/opt/airflow/spark-warehouse'.
[2025-07-08T18:41:03.527+0000] {spark_submit.py:644} INFO - 25/07/08 18:41:03 INFO CatalogUtil: Loading custom FileIO implementation: org.apache.iceberg.hadoop.HadoopFileIO
[2025-07-08T18:41:03.985+0000] {spark_submit.py:644} INFO - 25/07/08 18:41:03 INFO StandaloneSchedulerBackend$StandaloneDriverEndpoint: Registered executor NettyRpcEndpointRef(spark-client://Executor) (172.19.0.8:51580) with ID 0,  ResourceProfileId 0
[2025-07-08T18:41:04.074+0000] {spark_submit.py:644} INFO - 25/07/08 18:41:04 INFO BlockManagerMasterEndpoint: Registering block manager 172.19.0.8:33459 with 434.4 MiB RAM, BlockManagerId(0, 172.19.0.8, 33459, None)
[2025-07-08T18:41:05.051+0000] {spark_submit.py:644} INFO - [PROCESS EXERCISES] ✅ Namespace criado/verificado com sucesso
[2025-07-08T18:41:05.052+0000] {spark_submit.py:644} INFO - [PROCESS EXERCISES] 🔄 === FASE 1: PROCESSAMENTO DE DOCUMENTOS ===
[2025-07-08T18:41:05.053+0000] {spark_submit.py:644} INFO - [PROCESS EXERCISES] 🔄 Iniciando processamento de documentos PDF
[2025-07-08T18:41:05.053+0000] {spark_submit.py:644} INFO - [PROCESS EXERCISES] ℹ️  Encontrados 1 documentos
[2025-07-08T18:41:05.054+0000] {spark_submit.py:644} INFO - [PROCESS EXERCISES] 🔄 Processando documento: Op Jacui IV - Ordem de Operacoes.pdf
[2025-07-08T18:41:05.054+0000] {spark_submit.py:644} INFO - [PROCESS EXERCISES] ℹ️  Carregando PDF de: s3a://bronze/exercises/CA-LESTE-construtiva-4DE-2025-07-08/documents/Op Jacui IV - Ordem de Operacoes.pdf
[2025-07-08T18:41:05.284+0000] {spark_submit.py:644} INFO - 25/07/08 18:41:05 WARN MetricsConfig: Cannot locate configuration: tried hadoop-metrics2-s3a-file-system.properties,hadoop-metrics2.properties
[2025-07-08T18:41:05.294+0000] {spark_submit.py:644} INFO - 25/07/08 18:41:05 INFO MetricsSystemImpl: Scheduled Metric snapshot period at 10 second(s).
[2025-07-08T18:41:05.295+0000] {spark_submit.py:644} INFO - 25/07/08 18:41:05 INFO MetricsSystemImpl: s3a-file-system metrics system started
[2025-07-08T18:41:07.212+0000] {spark_submit.py:644} INFO - 25/07/08 18:41:07 INFO InMemoryFileIndex: It took 48 ms to list leaf files for 1 paths.
[2025-07-08T18:41:07.595+0000] {spark_submit.py:644} INFO - 25/07/08 18:41:07 INFO FileSourceStrategy: Pushed Filters:
[2025-07-08T18:41:07.599+0000] {spark_submit.py:644} INFO - 25/07/08 18:41:07 INFO FileSourceStrategy: Post-Scan Filters:
[2025-07-08T18:41:08.268+0000] {spark_submit.py:644} INFO - 25/07/08 18:41:08 INFO CodeGenerator: Code generated in 171.405849 ms
[2025-07-08T18:41:10.953+0000] {spark_submit.py:644} INFO - 25/07/08 18:41:08 INFO MemoryStore: Block broadcast_0 stored as values in memory (estimated size 203.5 KiB, free 434.2 MiB)
[2025-07-08T18:41:11.244+0000] {spark_submit.py:644} INFO - 25/07/08 18:41:08 INFO MemoryStore: Block broadcast_0_piece0 stored as bytes in memory (estimated size 35.7 KiB, free 434.2 MiB)
[2025-07-08T18:41:11.246+0000] {spark_submit.py:644} INFO - 25/07/08 18:41:08 INFO BlockManagerInfo: Added broadcast_0_piece0 in memory on 3748f1b8240a:42123 (size: 35.7 KiB, free: 434.4 MiB)
[2025-07-08T18:41:11.247+0000] {spark_submit.py:644} INFO - 25/07/08 18:41:08 INFO SparkContext: Created broadcast 0 from collect at /opt/bitnami/spark/jobs/process_exercises_job.py:238
[2025-07-08T18:41:11.249+0000] {spark_submit.py:644} INFO - 25/07/08 18:41:08 INFO FileSourceScanExec: Planning scan with bin packing, max size: 4194304 bytes, open cost is considered as scanning 4194304 bytes.
[2025-07-08T18:41:11.251+0000] {spark_submit.py:644} INFO - 25/07/08 18:41:08 INFO SparkContext: Starting job: collect at /opt/bitnami/spark/jobs/process_exercises_job.py:238
[2025-07-08T18:41:11.253+0000] {spark_submit.py:644} INFO - 25/07/08 18:41:08 INFO DAGScheduler: Got job 0 (collect at /opt/bitnami/spark/jobs/process_exercises_job.py:238) with 1 output partitions
[2025-07-08T18:41:11.255+0000] {spark_submit.py:644} INFO - 25/07/08 18:41:08 INFO DAGScheduler: Final stage: ResultStage 0 (collect at /opt/bitnami/spark/jobs/process_exercises_job.py:238)
[2025-07-08T18:41:11.257+0000] {spark_submit.py:644} INFO - 25/07/08 18:41:08 INFO DAGScheduler: Parents of final stage: List()
[2025-07-08T18:41:11.259+0000] {spark_submit.py:644} INFO - 25/07/08 18:41:08 INFO DAGScheduler: Missing parents: List()
[2025-07-08T18:41:11.261+0000] {spark_submit.py:644} INFO - 25/07/08 18:41:08 INFO DAGScheduler: Submitting ResultStage 0 (MapPartitionsRDD[5] at collect at /opt/bitnami/spark/jobs/process_exercises_job.py:238), which has no missing parents
[2025-07-08T18:41:11.262+0000] {spark_submit.py:644} INFO - 25/07/08 18:41:08 INFO MemoryStore: Block broadcast_1 stored as values in memory (estimated size 27.3 KiB, free 434.1 MiB)
[2025-07-08T18:41:11.263+0000] {spark_submit.py:644} INFO - 25/07/08 18:41:11 INFO MemoryStore: Block broadcast_1_piece0 stored as bytes in memory (estimated size 13.6 KiB, free 434.1 MiB)
[2025-07-08T18:41:11.265+0000] {spark_submit.py:644} INFO - 25/07/08 18:41:11 INFO BlockManagerInfo: Added broadcast_1_piece0 in memory on 3748f1b8240a:42123 (size: 13.6 KiB, free: 434.4 MiB)
[2025-07-08T18:41:11.266+0000] {spark_submit.py:644} INFO - 25/07/08 18:41:11 INFO SparkContext: Created broadcast 1 from broadcast at DAGScheduler.scala:1585
[2025-07-08T18:41:11.267+0000] {spark_submit.py:644} INFO - 25/07/08 18:41:11 INFO DAGScheduler: Submitting 1 missing tasks from ResultStage 0 (MapPartitionsRDD[5] at collect at /opt/bitnami/spark/jobs/process_exercises_job.py:238) (first 15 tasks are for partitions Vector(0))
[2025-07-08T18:41:11.269+0000] {spark_submit.py:644} INFO - 25/07/08 18:41:11 INFO TaskSchedulerImpl: Adding task set 0.0 with 1 tasks resource profile 0
[2025-07-08T18:41:12.960+0000] {spark_submit.py:644} INFO - 25/07/08 18:41:12 INFO TaskSetManager: Starting task 0.0 in stage 0.0 (TID 0) (172.19.0.8, executor 0, partition 0, PROCESS_LOCAL, 10198 bytes)
[2025-07-08T18:41:13.265+0000] {spark_submit.py:644} INFO - 25/07/08 18:41:13 INFO BlockManagerInfo: Added broadcast_1_piece0 in memory on 172.19.0.8:33459 (size: 13.6 KiB, free: 434.4 MiB)
[2025-07-08T18:41:15.371+0000] {spark_submit.py:644} INFO - 25/07/08 18:41:15 INFO BlockManagerInfo: Added broadcast_0_piece0 in memory on 172.19.0.8:33459 (size: 35.7 KiB, free: 434.4 MiB)
[2025-07-08T18:41:19.464+0000] {spark_submit.py:644} INFO - 25/07/08 18:41:19 INFO TaskSetManager: Finished task 0.0 in stage 0.0 (TID 0) in 6520 ms on 172.19.0.8 (executor 0) (1/1)
[2025-07-08T18:41:19.466+0000] {spark_submit.py:644} INFO - 25/07/08 18:41:19 INFO TaskSchedulerImpl: Removed TaskSet 0.0, whose tasks have all completed, from pool
[2025-07-08T18:41:19.470+0000] {spark_submit.py:644} INFO - 25/07/08 18:41:19 INFO PythonAccumulatorV2: Connected to AccumulatorServer at host: 127.0.0.1 port: 33207
[2025-07-08T18:41:19.475+0000] {spark_submit.py:644} INFO - 25/07/08 18:41:19 INFO DAGScheduler: ResultStage 0 (collect at /opt/bitnami/spark/jobs/process_exercises_job.py:238) finished in 10.864 s
[2025-07-08T18:41:19.479+0000] {spark_submit.py:644} INFO - 25/07/08 18:41:19 INFO DAGScheduler: Job 0 is finished. Cancelling potential speculative or zombie tasks for this job
[2025-07-08T18:41:19.480+0000] {spark_submit.py:644} INFO - 25/07/08 18:41:19 INFO TaskSchedulerImpl: Killing all running tasks in stage 0: Stage finished
[2025-07-08T18:41:19.483+0000] {spark_submit.py:644} INFO - 25/07/08 18:41:19 INFO DAGScheduler: Job 0 finished: collect at /opt/bitnami/spark/jobs/process_exercises_job.py:238, took 10.895485 s
[2025-07-08T18:41:19.581+0000] {spark_submit.py:644} INFO - [PROCESS EXERCISES] ✅ Documento processado com sucesso: Op Jacui IV - Ordem de Operacoes.pdf
[2025-07-08T18:41:19.596+0000] {spark_submit.py:644} INFO - [PROCESS EXERCISES] ✅ Processamento de documentos concluído: 1 registros
[2025-07-08T18:41:22.248+0000] {spark_submit.py:644} INFO - 25/07/08 18:41:22 INFO CodeGenerator: Code generated in 16.409858 ms
[2025-07-08T18:41:22.282+0000] {spark_submit.py:644} INFO - 25/07/08 18:41:22 INFO DAGScheduler: Registering RDD 12 (count at NativeMethodAccessorImpl.java:0) as input to shuffle 0
[2025-07-08T18:41:22.286+0000] {spark_submit.py:644} INFO - 25/07/08 18:41:22 INFO DAGScheduler: Got map stage job 1 (count at NativeMethodAccessorImpl.java:0) with 2 output partitions
[2025-07-08T18:41:22.287+0000] {spark_submit.py:644} INFO - 25/07/08 18:41:22 INFO DAGScheduler: Final stage: ShuffleMapStage 1 (count at NativeMethodAccessorImpl.java:0)
[2025-07-08T18:41:22.288+0000] {spark_submit.py:644} INFO - 25/07/08 18:41:22 INFO DAGScheduler: Parents of final stage: List()
[2025-07-08T18:41:22.289+0000] {spark_submit.py:644} INFO - 25/07/08 18:41:22 INFO DAGScheduler: Missing parents: List()
[2025-07-08T18:41:22.289+0000] {spark_submit.py:644} INFO - 25/07/08 18:41:22 INFO DAGScheduler: Submitting ShuffleMapStage 1 (MapPartitionsRDD[12] at count at NativeMethodAccessorImpl.java:0), which has no missing parents
[2025-07-08T18:41:22.310+0000] {spark_submit.py:644} INFO - 25/07/08 18:41:22 INFO MemoryStore: Block broadcast_2 stored as values in memory (estimated size 16.0 KiB, free 434.1 MiB)
[2025-07-08T18:41:22.326+0000] {spark_submit.py:644} INFO - 25/07/08 18:41:22 INFO MemoryStore: Block broadcast_2_piece0 stored as bytes in memory (estimated size 8.4 KiB, free 434.1 MiB)
[2025-07-08T18:41:22.336+0000] {spark_submit.py:644} INFO - 25/07/08 18:41:22 INFO BlockManagerInfo: Added broadcast_2_piece0 in memory on 3748f1b8240a:42123 (size: 8.4 KiB, free: 434.3 MiB)
[2025-07-08T18:41:22.337+0000] {spark_submit.py:644} INFO - 25/07/08 18:41:22 INFO SparkContext: Created broadcast 2 from broadcast at DAGScheduler.scala:1585
[2025-07-08T18:41:22.363+0000] {spark_submit.py:644} INFO - 25/07/08 18:41:22 INFO DAGScheduler: Submitting 2 missing tasks from ShuffleMapStage 1 (MapPartitionsRDD[12] at count at NativeMethodAccessorImpl.java:0) (first 15 tasks are for partitions Vector(0, 1))
[2025-07-08T18:41:22.364+0000] {spark_submit.py:644} INFO - 25/07/08 18:41:22 INFO TaskSchedulerImpl: Adding task set 1.0 with 2 tasks resource profile 0
[2025-07-08T18:41:22.365+0000] {spark_submit.py:644} INFO - 25/07/08 18:41:22 INFO BlockManagerInfo: Removed broadcast_1_piece0 on 172.19.0.8:33459 in memory (size: 13.6 KiB, free: 434.4 MiB)
[2025-07-08T18:41:22.366+0000] {spark_submit.py:644} INFO - 25/07/08 18:41:22 INFO TaskSetManager: Starting task 0.0 in stage 1.0 (TID 1) (172.19.0.8, executor 0, partition 0, PROCESS_LOCAL, 9487 bytes)
[2025-07-08T18:41:22.367+0000] {spark_submit.py:644} INFO - 25/07/08 18:41:22 INFO TaskSetManager: Starting task 1.0 in stage 1.0 (TID 2) (172.19.0.8, executor 0, partition 1, PROCESS_LOCAL, 26221 bytes)
[2025-07-08T18:41:22.372+0000] {spark_submit.py:644} INFO - 25/07/08 18:41:22 INFO BlockManagerInfo: Removed broadcast_1_piece0 on 3748f1b8240a:42123 in memory (size: 13.6 KiB, free: 434.4 MiB)
[2025-07-08T18:41:22.406+0000] {spark_submit.py:644} INFO - 25/07/08 18:41:22 INFO BlockManagerInfo: Added broadcast_2_piece0 in memory on 172.19.0.8:33459 (size: 8.4 KiB, free: 434.4 MiB)
[2025-07-08T18:41:23.851+0000] {spark_submit.py:644} INFO - 25/07/08 18:41:23 INFO TaskSetManager: Finished task 0.0 in stage 1.0 (TID 1) in 1487 ms on 172.19.0.8 (executor 0) (1/2)
[2025-07-08T18:41:24.072+0000] {spark_submit.py:644} INFO - 25/07/08 18:41:24 INFO TaskSetManager: Finished task 1.0 in stage 1.0 (TID 2) in 1706 ms on 172.19.0.8 (executor 0) (2/2)
[2025-07-08T18:41:24.073+0000] {spark_submit.py:644} INFO - 25/07/08 18:41:24 INFO TaskSchedulerImpl: Removed TaskSet 1.0, whose tasks have all completed, from pool
[2025-07-08T18:41:24.137+0000] {spark_submit.py:644} INFO - 25/07/08 18:41:24 INFO DAGScheduler: ShuffleMapStage 1 (count at NativeMethodAccessorImpl.java:0) finished in 1.843 s
[2025-07-08T18:41:24.138+0000] {spark_submit.py:644} INFO - 25/07/08 18:41:24 INFO DAGScheduler: looking for newly runnable stages
[2025-07-08T18:41:24.139+0000] {spark_submit.py:644} INFO - 25/07/08 18:41:24 INFO DAGScheduler: running: Set()
[2025-07-08T18:41:24.139+0000] {spark_submit.py:644} INFO - 25/07/08 18:41:24 INFO DAGScheduler: waiting: Set()
[2025-07-08T18:41:24.140+0000] {spark_submit.py:644} INFO - 25/07/08 18:41:24 INFO DAGScheduler: failed: Set()
[2025-07-08T18:41:24.392+0000] {spark_submit.py:644} INFO - 25/07/08 18:41:24 INFO CodeGenerator: Code generated in 10.853161 ms
[2025-07-08T18:41:24.409+0000] {spark_submit.py:644} INFO - 25/07/08 18:41:24 INFO SparkContext: Starting job: count at NativeMethodAccessorImpl.java:0
[2025-07-08T18:41:24.411+0000] {spark_submit.py:644} INFO - 25/07/08 18:41:24 INFO DAGScheduler: Got job 2 (count at NativeMethodAccessorImpl.java:0) with 1 output partitions
[2025-07-08T18:41:24.412+0000] {spark_submit.py:644} INFO - 25/07/08 18:41:24 INFO DAGScheduler: Final stage: ResultStage 3 (count at NativeMethodAccessorImpl.java:0)
[2025-07-08T18:41:24.412+0000] {spark_submit.py:644} INFO - 25/07/08 18:41:24 INFO DAGScheduler: Parents of final stage: List(ShuffleMapStage 2)
[2025-07-08T18:41:24.413+0000] {spark_submit.py:644} INFO - 25/07/08 18:41:24 INFO DAGScheduler: Missing parents: List()
[2025-07-08T18:41:24.414+0000] {spark_submit.py:644} INFO - 25/07/08 18:41:24 INFO DAGScheduler: Submitting ResultStage 3 (MapPartitionsRDD[15] at count at NativeMethodAccessorImpl.java:0), which has no missing parents
[2025-07-08T18:41:24.420+0000] {spark_submit.py:644} INFO - 25/07/08 18:41:24 INFO MemoryStore: Block broadcast_3 stored as values in memory (estimated size 12.5 KiB, free 434.1 MiB)
[2025-07-08T18:41:24.431+0000] {spark_submit.py:644} INFO - 25/07/08 18:41:24 INFO MemoryStore: Block broadcast_3_piece0 stored as bytes in memory (estimated size 5.9 KiB, free 434.1 MiB)
[2025-07-08T18:41:24.490+0000] {spark_submit.py:644} INFO - 25/07/08 18:41:24 INFO BlockManagerInfo: Added broadcast_3_piece0 in memory on 3748f1b8240a:42123 (size: 5.9 KiB, free: 434.4 MiB)
[2025-07-08T18:41:24.529+0000] {spark_submit.py:644} INFO - 25/07/08 18:41:24 INFO BlockManagerInfo: Removed broadcast_2_piece0 on 3748f1b8240a:42123 in memory (size: 8.4 KiB, free: 434.4 MiB)
[2025-07-08T18:41:24.530+0000] {spark_submit.py:644} INFO - 25/07/08 18:41:24 INFO SparkContext: Created broadcast 3 from broadcast at DAGScheduler.scala:1585
[2025-07-08T18:41:24.530+0000] {spark_submit.py:644} INFO - 25/07/08 18:41:24 INFO DAGScheduler: Submitting 1 missing tasks from ResultStage 3 (MapPartitionsRDD[15] at count at NativeMethodAccessorImpl.java:0) (first 15 tasks are for partitions Vector(0))
[2025-07-08T18:41:24.531+0000] {spark_submit.py:644} INFO - 25/07/08 18:41:24 INFO TaskSchedulerImpl: Adding task set 3.0 with 1 tasks resource profile 0
[2025-07-08T18:41:24.531+0000] {spark_submit.py:644} INFO - 25/07/08 18:41:24 INFO BlockManagerInfo: Removed broadcast_2_piece0 on 172.19.0.8:33459 in memory (size: 8.4 KiB, free: 434.4 MiB)
[2025-07-08T18:41:24.532+0000] {spark_submit.py:644} INFO - 25/07/08 18:41:24 INFO TaskSetManager: Starting task 0.0 in stage 3.0 (TID 3) (172.19.0.8, executor 0, partition 0, NODE_LOCAL, 9518 bytes)
[2025-07-08T18:41:24.532+0000] {spark_submit.py:644} INFO - 25/07/08 18:41:24 INFO BlockManagerInfo: Added broadcast_3_piece0 in memory on 172.19.0.8:33459 (size: 5.9 KiB, free: 434.4 MiB)
[2025-07-08T18:41:24.533+0000] {spark_submit.py:644} INFO - 25/07/08 18:41:24 INFO MapOutputTrackerMasterEndpoint: Asked to send map output locations for shuffle 0 to 172.19.0.8:51580
[2025-07-08T18:41:24.611+0000] {spark_submit.py:644} INFO - 25/07/08 18:41:24 INFO TaskSetManager: Finished task 0.0 in stage 3.0 (TID 3) in 173 ms on 172.19.0.8 (executor 0) (1/1)
[2025-07-08T18:41:24.612+0000] {spark_submit.py:644} INFO - 25/07/08 18:41:24 INFO TaskSchedulerImpl: Removed TaskSet 3.0, whose tasks have all completed, from pool
[2025-07-08T18:41:24.613+0000] {spark_submit.py:644} INFO - 25/07/08 18:41:24 INFO DAGScheduler: ResultStage 3 (count at NativeMethodAccessorImpl.java:0) finished in 0.194 s
[2025-07-08T18:41:24.614+0000] {spark_submit.py:644} INFO - 25/07/08 18:41:24 INFO DAGScheduler: Job 2 is finished. Cancelling potential speculative or zombie tasks for this job
[2025-07-08T18:41:24.615+0000] {spark_submit.py:644} INFO - 25/07/08 18:41:24 INFO TaskSchedulerImpl: Killing all running tasks in stage 3: Stage finished
[2025-07-08T18:41:24.616+0000] {spark_submit.py:644} INFO - 25/07/08 18:41:24 INFO DAGScheduler: Job 2 finished: count at NativeMethodAccessorImpl.java:0, took 0.204829 s
[2025-07-08T18:41:24.620+0000] {spark_submit.py:644} INFO - [PROCESS EXERCISES] ℹ️  Salvando 1 registros na tabela nessie.exercises.pdf_documents
[2025-07-08T18:41:24.725+0000] {spark_submit.py:644} INFO - 25/07/08 18:41:24 INFO BaseMetastoreTableOperations: Refreshing table metadata from new version: s3a://warehouse/exercises/pdf_documents_3f2f6938-06f1-4401-a884-d6a6de9720a0/metadata/00026-9695b851-8363-40fe-9b61-abaec3e29020.metadata.json
[2025-07-08T18:41:24.917+0000] {spark_submit.py:644} INFO - 25/07/08 18:41:24 INFO NessieUtil: loadTableMetadata for 'exercises.pdf_documents' from location 's3a://warehouse/exercises/pdf_documents_3f2f6938-06f1-4401-a884-d6a6de9720a0/metadata/00026-9695b851-8363-40fe-9b61-abaec3e29020.metadata.json' at 'Branch{name=main, metadata=null, hash=00ed844587c0e07a7aa9f80ef7f9214325ced08e22914769bcb283bb814661df}'
[2025-07-08T18:41:24.944+0000] {spark_submit.py:644} INFO - 25/07/08 18:41:24 INFO BaseMetastoreCatalog: Table loaded by catalog: nessie.exercises.pdf_documents
[2025-07-08T18:41:25.695+0000] {spark_submit.py:644} INFO - 25/07/08 18:41:25 INFO BlockManagerInfo: Removed broadcast_3_piece0 on 3748f1b8240a:42123 in memory (size: 5.9 KiB, free: 434.4 MiB)
[2025-07-08T18:41:25.698+0000] {spark_submit.py:644} INFO - 25/07/08 18:41:25 INFO BlockManagerInfo: Removed broadcast_3_piece0 on 172.19.0.8:33459 in memory (size: 5.9 KiB, free: 434.4 MiB)
[2025-07-08T18:41:26.277+0000] {spark_submit.py:644} INFO - 25/07/08 18:41:26 INFO CodeGenerator: Code generated in 51.263485 ms
[2025-07-08T18:41:26.281+0000] {spark_submit.py:644} INFO - [PROCESS EXERCISES] 🔄 Salvando tabela nessie.exercises.pdf_documents em modo append
[2025-07-08T18:41:26.397+0000] {spark_submit.py:644} INFO - 25/07/08 18:41:26 INFO SparkWrite: Requesting 0 bytes advisory partition size for table nessie.exercises.pdf_documents
[2025-07-08T18:41:26.397+0000] {spark_submit.py:644} INFO - 25/07/08 18:41:26 INFO SparkWrite: Requesting UnspecifiedDistribution as write distribution for table nessie.exercises.pdf_documents
[2025-07-08T18:41:26.399+0000] {spark_submit.py:644} INFO - 25/07/08 18:41:26 INFO SparkWrite: Requesting [] as write ordering for table nessie.exercises.pdf_documents
[2025-07-08T18:41:26.436+0000] {spark_submit.py:644} INFO - 25/07/08 18:41:26 INFO CodeGenerator: Code generated in 15.539062 ms
[2025-07-08T18:41:26.454+0000] {spark_submit.py:644} INFO - 25/07/08 18:41:26 INFO MemoryStore: Block broadcast_4 stored as values in memory (estimated size 32.0 KiB, free 434.1 MiB)
[2025-07-08T18:41:27.160+0000] {spark_submit.py:644} INFO - 25/07/08 18:41:27 INFO MemoryStore: Block broadcast_4_piece0 stored as bytes in memory (estimated size 30.1 KiB, free 434.1 MiB)
[2025-07-08T18:41:27.161+0000] {spark_submit.py:644} INFO - 25/07/08 18:41:27 INFO BlockManagerInfo: Added broadcast_4_piece0 in memory on 3748f1b8240a:42123 (size: 30.1 KiB, free: 434.3 MiB)
[2025-07-08T18:41:27.162+0000] {spark_submit.py:644} INFO - 25/07/08 18:41:27 INFO SparkContext: Created broadcast 4 from broadcast at SparkWrite.java:193
[2025-07-08T18:41:27.165+0000] {spark_submit.py:644} INFO - 25/07/08 18:41:27 INFO AppendDataExec: Start processing data source write support: IcebergBatchWrite(table=nessie.exercises.pdf_documents, format=PARQUET). The input RDD has 2 partitions.
[2025-07-08T18:41:27.177+0000] {spark_submit.py:644} INFO - 25/07/08 18:41:27 INFO SparkContext: Starting job: saveAsTable at NativeMethodAccessorImpl.java:0
[2025-07-08T18:41:27.178+0000] {spark_submit.py:644} INFO - 25/07/08 18:41:27 INFO DAGScheduler: Got job 3 (saveAsTable at NativeMethodAccessorImpl.java:0) with 2 output partitions
[2025-07-08T18:41:27.179+0000] {spark_submit.py:644} INFO - 25/07/08 18:41:27 INFO DAGScheduler: Final stage: ResultStage 4 (saveAsTable at NativeMethodAccessorImpl.java:0)
[2025-07-08T18:41:27.179+0000] {spark_submit.py:644} INFO - 25/07/08 18:41:27 INFO DAGScheduler: Parents of final stage: List()
[2025-07-08T18:41:27.180+0000] {spark_submit.py:644} INFO - 25/07/08 18:41:27 INFO DAGScheduler: Missing parents: List()
[2025-07-08T18:41:27.181+0000] {spark_submit.py:644} INFO - 25/07/08 18:41:27 INFO DAGScheduler: Submitting ResultStage 4 (MapPartitionsRDD[16] at saveAsTable at NativeMethodAccessorImpl.java:0), which has no missing parents
[2025-07-08T18:41:27.182+0000] {spark_submit.py:644} INFO - 25/07/08 18:41:27 INFO MemoryStore: Block broadcast_5 stored as values in memory (estimated size 15.1 KiB, free 434.1 MiB)
[2025-07-08T18:41:27.186+0000] {spark_submit.py:644} INFO - 25/07/08 18:41:27 INFO MemoryStore: Block broadcast_5_piece0 stored as bytes in memory (estimated size 7.8 KiB, free 434.1 MiB)
[2025-07-08T18:41:27.254+0000] {spark_submit.py:644} INFO - 25/07/08 18:41:27 INFO BlockManagerInfo: Added broadcast_5_piece0 in memory on 3748f1b8240a:42123 (size: 7.8 KiB, free: 434.3 MiB)
[2025-07-08T18:41:27.263+0000] {spark_submit.py:644} INFO - 25/07/08 18:41:27 INFO SparkContext: Created broadcast 5 from broadcast at DAGScheduler.scala:1585
[2025-07-08T18:41:27.263+0000] {spark_submit.py:644} INFO - 25/07/08 18:41:27 INFO DAGScheduler: Submitting 2 missing tasks from ResultStage 4 (MapPartitionsRDD[16] at saveAsTable at NativeMethodAccessorImpl.java:0) (first 15 tasks are for partitions Vector(0, 1))
[2025-07-08T18:41:27.264+0000] {spark_submit.py:644} INFO - 25/07/08 18:41:27 INFO TaskSchedulerImpl: Adding task set 4.0 with 2 tasks resource profile 0
[2025-07-08T18:41:27.264+0000] {spark_submit.py:644} INFO - 25/07/08 18:41:27 INFO TaskSetManager: Starting task 0.0 in stage 4.0 (TID 4) (172.19.0.8, executor 0, partition 0, PROCESS_LOCAL, 9498 bytes)
[2025-07-08T18:41:27.265+0000] {spark_submit.py:644} INFO - 25/07/08 18:41:27 INFO TaskSetManager: Starting task 1.0 in stage 4.0 (TID 5) (172.19.0.8, executor 0, partition 1, PROCESS_LOCAL, 26232 bytes)
[2025-07-08T18:41:27.265+0000] {spark_submit.py:644} INFO - 25/07/08 18:41:27 INFO BlockManagerInfo: Added broadcast_5_piece0 in memory on 172.19.0.8:33459 (size: 7.8 KiB, free: 434.4 MiB)
[2025-07-08T18:41:27.279+0000] {spark_submit.py:644} INFO - 25/07/08 18:41:27 INFO BlockManagerInfo: Removed broadcast_0_piece0 on 3748f1b8240a:42123 in memory (size: 35.7 KiB, free: 434.4 MiB)
[2025-07-08T18:41:27.282+0000] {spark_submit.py:644} INFO - 25/07/08 18:41:27 INFO BlockManagerInfo: Removed broadcast_0_piece0 on 172.19.0.8:33459 in memory (size: 35.7 KiB, free: 434.4 MiB)
[2025-07-08T18:41:27.367+0000] {spark_submit.py:644} INFO - 25/07/08 18:41:27 INFO BlockManagerInfo: Added broadcast_4_piece0 in memory on 172.19.0.8:33459 (size: 30.1 KiB, free: 434.4 MiB)
[2025-07-08T18:41:28.322+0000] {spark_submit.py:644} INFO - 25/07/08 18:41:28 INFO TaskSetManager: Finished task 0.0 in stage 4.0 (TID 4) in 1128 ms on 172.19.0.8 (executor 0) (1/2)
[2025-07-08T18:41:29.613+0000] {spark_submit.py:644} INFO - 25/07/08 18:41:29 INFO TaskSetManager: Finished task 1.0 in stage 4.0 (TID 5) in 2418 ms on 172.19.0.8 (executor 0) (2/2)
[2025-07-08T18:41:29.614+0000] {spark_submit.py:644} INFO - 25/07/08 18:41:29 INFO TaskSchedulerImpl: Removed TaskSet 4.0, whose tasks have all completed, from pool
[2025-07-08T18:41:29.615+0000] {spark_submit.py:644} INFO - 25/07/08 18:41:29 INFO DAGScheduler: ResultStage 4 (saveAsTable at NativeMethodAccessorImpl.java:0) finished in 2.435 s
[2025-07-08T18:41:29.616+0000] {spark_submit.py:644} INFO - 25/07/08 18:41:29 INFO DAGScheduler: Job 3 is finished. Cancelling potential speculative or zombie tasks for this job
[2025-07-08T18:41:29.616+0000] {spark_submit.py:644} INFO - 25/07/08 18:41:29 INFO TaskSchedulerImpl: Killing all running tasks in stage 4: Stage finished
[2025-07-08T18:41:29.617+0000] {spark_submit.py:644} INFO - 25/07/08 18:41:29 INFO DAGScheduler: Job 3 finished: saveAsTable at NativeMethodAccessorImpl.java:0, took 2.438551 s
[2025-07-08T18:41:29.618+0000] {spark_submit.py:644} INFO - 25/07/08 18:41:29 INFO AppendDataExec: Data source write support IcebergBatchWrite(table=nessie.exercises.pdf_documents, format=PARQUET) is committing.
[2025-07-08T18:41:29.680+0000] {spark_submit.py:644} INFO - 25/07/08 18:41:29 INFO SparkWrite: Committing append with 1 new data files to table nessie.exercises.pdf_documents
[2025-07-08T18:41:33.710+0000] {spark_submit.py:644} INFO - 25/07/08 18:41:33 INFO NessieIcebergClient: Committed 'exercises.pdf_documents' against 'Branch{name=main, metadata=null, hash=3dd9edcd94463c953254c948bafd59e493a0d00dc4232cb9b5e249e91014c134}', expected commit-id was '00ed844587c0e07a7aa9f80ef7f9214325ced08e22914769bcb283bb814661df'
[2025-07-08T18:41:33.711+0000] {spark_submit.py:644} INFO - 25/07/08 18:41:33 INFO BaseMetastoreTableOperations: Successfully committed to table exercises.pdf_documents in 1634 ms
[2025-07-08T18:41:33.711+0000] {spark_submit.py:644} INFO - 25/07/08 18:41:33 INFO SnapshotProducer: Committed snapshot 3032878782114046860 (MergeAppend)
[2025-07-08T18:41:33.779+0000] {spark_submit.py:644} INFO - 25/07/08 18:41:33 INFO BaseMetastoreTableOperations: Refreshing table metadata from new version: s3a://warehouse/exercises/pdf_documents_3f2f6938-06f1-4401-a884-d6a6de9720a0/metadata/00027-255b8f01-fbea-4c07-a75f-2b2b4377d827.metadata.json
[2025-07-08T18:41:33.815+0000] {spark_submit.py:644} INFO - 25/07/08 18:41:33 INFO NessieUtil: loadTableMetadata for 'exercises.pdf_documents' from location 's3a://warehouse/exercises/pdf_documents_3f2f6938-06f1-4401-a884-d6a6de9720a0/metadata/00027-255b8f01-fbea-4c07-a75f-2b2b4377d827.metadata.json' at 'Branch{name=main, metadata=null, hash=3dd9edcd94463c953254c948bafd59e493a0d00dc4232cb9b5e249e91014c134}'
[2025-07-08T18:41:33.900+0000] {spark_submit.py:644} INFO - 25/07/08 18:41:33 INFO LoggingMetricsReporter: Received metrics report: CommitReport{tableName=nessie.exercises.pdf_documents, snapshotId=3032878782114046860, sequenceNumber=28, operation=append, commitMetrics=CommitMetricsResult{totalDuration=TimerResult{timeUnit=NANOSECONDS, totalDuration=PT4.048185243S, count=1}, attempts=CounterResult{unit=COUNT, value=1}, addedDataFiles=CounterResult{unit=COUNT, value=1}, removedDataFiles=null, totalDataFiles=CounterResult{unit=COUNT, value=28}, addedDeleteFiles=null, addedEqualityDeleteFiles=null, addedPositionalDeleteFiles=null, addedDVs=null, removedDeleteFiles=null, removedEqualityDeleteFiles=null, removedPositionalDeleteFiles=null, removedDVs=null, totalDeleteFiles=CounterResult{unit=COUNT, value=0}, addedRecords=CounterResult{unit=COUNT, value=1}, removedRecords=null, totalRecords=CounterResult{unit=COUNT, value=28}, addedFilesSizeInBytes=CounterResult{unit=BYTES, value=8843}, removedFilesSizeInBytes=null, totalFilesSizeInBytes=CounterResult{unit=BYTES, value=217975}, addedPositionalDeletes=null, removedPositionalDeletes=null, totalPositionalDeletes=CounterResult{unit=COUNT, value=0}, addedEqualityDeletes=null, removedEqualityDeletes=null, totalEqualityDeletes=CounterResult{unit=COUNT, value=0}}, metadata={engine-version=3.5.5, app-id=app-20250708184100-0016, engine-name=spark, iceberg-version=Apache Iceberg 1.8.1 (commit 9ce0fcf0af7becf25ad9fc996c3bad2afdcfd33d)}}
[2025-07-08T18:41:33.902+0000] {spark_submit.py:644} INFO - 25/07/08 18:41:33 INFO SparkWrite: Committed in 4219 ms
[2025-07-08T18:41:33.903+0000] {spark_submit.py:644} INFO - 25/07/08 18:41:33 INFO AppendDataExec: Data source write support IcebergBatchWrite(table=nessie.exercises.pdf_documents, format=PARQUET) committed.
[2025-07-08T18:41:33.906+0000] {spark_submit.py:644} INFO - [PROCESS EXERCISES] ✅ Tabela nessie.exercises.pdf_documents salva com sucesso (1 registros)
[2025-07-08T18:41:33.907+0000] {spark_submit.py:644} INFO - [PROCESS EXERCISES] 🔄 === FASE 2: PROCESSAMENTO DE SIMULAÇÕES ===
[2025-07-08T18:41:33.908+0000] {spark_submit.py:644} INFO - [PROCESS EXERCISES] 🔄 Iniciando processamento de simulações
[2025-07-08T18:41:33.909+0000] {spark_submit.py:644} INFO - [PROCESS EXERCISES] ℹ️  Buscando arquivos de simulação em: exercises/CA-LESTE-construtiva-4DE-2025-07-08/simulations/172.19.0.14_2025-07-08
[2025-07-08T18:41:33.910+0000] {spark_submit.py:644} INFO - [PROCESS EXERCISES] ℹ️  Buscando arquivos em: s3a://bronze/exercises/CA-LESTE-construtiva-4DE-2025-07-08/simulations/172.19.0.14_2025-07-08/
[2025-07-08T18:41:33.982+0000] {spark_submit.py:644} INFO - 25/07/08 18:41:33 INFO InMemoryFileIndex: It took 15 ms to list leaf files for 1 paths.
[2025-07-08T18:41:34.025+0000] {spark_submit.py:644} INFO - 25/07/08 18:41:34 INFO FileSourceStrategy: Pushed Filters:
[2025-07-08T18:41:34.026+0000] {spark_submit.py:644} INFO - 25/07/08 18:41:34 INFO FileSourceStrategy: Post-Scan Filters:
[2025-07-08T18:41:34.037+0000] {spark_submit.py:644} INFO - 25/07/08 18:41:34 INFO MemoryStore: Block broadcast_6 stored as values in memory (estimated size 203.7 KiB, free 434.1 MiB)
[2025-07-08T18:41:34.079+0000] {spark_submit.py:644} INFO - 25/07/08 18:41:34 INFO BlockManagerInfo: Removed broadcast_5_piece0 on 3748f1b8240a:42123 in memory (size: 7.8 KiB, free: 434.4 MiB)
[2025-07-08T18:41:34.088+0000] {spark_submit.py:644} INFO - 25/07/08 18:41:34 INFO MemoryStore: Block broadcast_6_piece0 stored as bytes in memory (estimated size 35.7 KiB, free 434.1 MiB)
[2025-07-08T18:41:34.090+0000] {spark_submit.py:644} INFO - 25/07/08 18:41:34 INFO BlockManagerInfo: Added broadcast_6_piece0 in memory on 3748f1b8240a:42123 (size: 35.7 KiB, free: 434.3 MiB)
[2025-07-08T18:41:34.091+0000] {spark_submit.py:644} INFO - 25/07/08 18:41:34 INFO SparkContext: Created broadcast 6 from collect at /opt/bitnami/spark/jobs/process_exercises_job.py:430
[2025-07-08T18:41:34.092+0000] {spark_submit.py:644} INFO - 25/07/08 18:41:34 INFO FileSourceScanExec: Planning scan with bin packing, max size: 10487545 bytes, open cost is considered as scanning 4194304 bytes.
[2025-07-08T18:41:34.105+0000] {spark_submit.py:644} INFO - 25/07/08 18:41:34 INFO SparkContext: Starting job: collect at /opt/bitnami/spark/jobs/process_exercises_job.py:430
[2025-07-08T18:41:34.107+0000] {spark_submit.py:644} INFO - 25/07/08 18:41:34 INFO DAGScheduler: Got job 4 (collect at /opt/bitnami/spark/jobs/process_exercises_job.py:430) with 2 output partitions
[2025-07-08T18:41:34.108+0000] {spark_submit.py:644} INFO - 25/07/08 18:41:34 INFO DAGScheduler: Final stage: ResultStage 5 (collect at /opt/bitnami/spark/jobs/process_exercises_job.py:430)
[2025-07-08T18:41:34.108+0000] {spark_submit.py:644} INFO - 25/07/08 18:41:34 INFO DAGScheduler: Parents of final stage: List()
[2025-07-08T18:41:34.109+0000] {spark_submit.py:644} INFO - 25/07/08 18:41:34 INFO DAGScheduler: Missing parents: List()
[2025-07-08T18:41:34.110+0000] {spark_submit.py:644} INFO - 25/07/08 18:41:34 INFO DAGScheduler: Submitting ResultStage 5 (MapPartitionsRDD[19] at collect at /opt/bitnami/spark/jobs/process_exercises_job.py:430), which has no missing parents
[2025-07-08T18:41:34.112+0000] {spark_submit.py:644} INFO - 25/07/08 18:41:34 INFO MemoryStore: Block broadcast_7 stored as values in memory (estimated size 9.4 KiB, free 434.1 MiB)
[2025-07-08T18:41:34.113+0000] {spark_submit.py:644} INFO - 25/07/08 18:41:34 INFO MemoryStore: Block broadcast_7_piece0 stored as bytes in memory (estimated size 4.7 KiB, free 434.1 MiB)
[2025-07-08T18:41:34.131+0000] {spark_submit.py:644} INFO - 25/07/08 18:41:34 INFO BlockManagerInfo: Removed broadcast_5_piece0 on 172.19.0.8:33459 in memory (size: 7.8 KiB, free: 434.4 MiB)
[2025-07-08T18:41:34.185+0000] {spark_submit.py:644} INFO - 25/07/08 18:41:34 INFO BlockManagerInfo: Added broadcast_7_piece0 in memory on 3748f1b8240a:42123 (size: 4.7 KiB, free: 434.3 MiB)
[2025-07-08T18:41:34.186+0000] {spark_submit.py:644} INFO - 25/07/08 18:41:34 INFO BlockManagerInfo: Removed broadcast_4_piece0 on 3748f1b8240a:42123 in memory (size: 30.1 KiB, free: 434.4 MiB)
[2025-07-08T18:41:34.188+0000] {spark_submit.py:644} INFO - 25/07/08 18:41:34 INFO SparkContext: Created broadcast 7 from broadcast at DAGScheduler.scala:1585
[2025-07-08T18:41:34.190+0000] {spark_submit.py:644} INFO - 25/07/08 18:41:34 INFO BlockManagerInfo: Removed broadcast_4_piece0 on 172.19.0.8:33459 in memory (size: 30.1 KiB, free: 434.4 MiB)
[2025-07-08T18:41:34.191+0000] {spark_submit.py:644} INFO - 25/07/08 18:41:34 INFO DAGScheduler: Submitting 2 missing tasks from ResultStage 5 (MapPartitionsRDD[19] at collect at /opt/bitnami/spark/jobs/process_exercises_job.py:430) (first 15 tasks are for partitions Vector(0, 1))
[2025-07-08T18:41:34.195+0000] {spark_submit.py:644} INFO - 25/07/08 18:41:34 INFO TaskSchedulerImpl: Adding task set 5.0 with 2 tasks resource profile 0
[2025-07-08T18:41:34.196+0000] {spark_submit.py:644} INFO - 25/07/08 18:41:34 INFO TaskSetManager: Starting task 0.0 in stage 5.0 (TID 6) (172.19.0.8, executor 0, partition 0, PROCESS_LOCAL, 10561 bytes)
[2025-07-08T18:41:34.198+0000] {spark_submit.py:644} INFO - 25/07/08 18:41:34 INFO TaskSetManager: Starting task 1.0 in stage 5.0 (TID 7) (172.19.0.8, executor 0, partition 1, PROCESS_LOCAL, 10380 bytes)
[2025-07-08T18:41:34.371+0000] {spark_submit.py:644} INFO - 25/07/08 18:41:34 INFO BlockManagerInfo: Added broadcast_7_piece0 in memory on 172.19.0.8:33459 (size: 4.7 KiB, free: 434.4 MiB)
[2025-07-08T18:41:34.495+0000] {spark_submit.py:644} INFO - 25/07/08 18:41:34 INFO BlockManagerInfo: Added broadcast_6_piece0 in memory on 172.19.0.8:33459 (size: 35.7 KiB, free: 434.4 MiB)
[2025-07-08T18:41:34.532+0000] {spark_submit.py:644} INFO - 25/07/08 18:41:34 INFO TaskSetManager: Finished task 1.0 in stage 5.0 (TID 7) in 339 ms on 172.19.0.8 (executor 0) (1/2)
[2025-07-08T18:41:34.536+0000] {spark_submit.py:644} INFO - 25/07/08 18:41:34 INFO TaskSetManager: Finished task 0.0 in stage 5.0 (TID 6) in 346 ms on 172.19.0.8 (executor 0) (2/2)
[2025-07-08T18:41:34.537+0000] {spark_submit.py:644} INFO - 25/07/08 18:41:34 INFO TaskSchedulerImpl: Removed TaskSet 5.0, whose tasks have all completed, from pool
[2025-07-08T18:41:34.538+0000] {spark_submit.py:644} INFO - 25/07/08 18:41:34 INFO DAGScheduler: ResultStage 5 (collect at /opt/bitnami/spark/jobs/process_exercises_job.py:430) finished in 0.427 s
[2025-07-08T18:41:34.539+0000] {spark_submit.py:644} INFO - 25/07/08 18:41:34 INFO DAGScheduler: Job 4 is finished. Cancelling potential speculative or zombie tasks for this job
[2025-07-08T18:41:34.539+0000] {spark_submit.py:644} INFO - 25/07/08 18:41:34 INFO TaskSchedulerImpl: Killing all running tasks in stage 5: Stage finished
[2025-07-08T18:41:34.540+0000] {spark_submit.py:644} INFO - 25/07/08 18:41:34 INFO DAGScheduler: Job 4 finished: collect at /opt/bitnami/spark/jobs/process_exercises_job.py:430, took 0.433675 s
[2025-07-08T18:41:34.545+0000] {spark_submit.py:644} INFO - [PROCESS EXERCISES] ℹ️  Encontrados 4 arquivos Protobuf (.pb)
[2025-07-08T18:41:34.545+0000] {spark_submit.py:644} INFO - [PROCESS EXERCISES] ℹ️  Encontrados 4 arquivos do tipo PROTO
[2025-07-08T18:41:34.546+0000] {spark_submit.py:644} INFO - [PROCESS EXERCISES] 🔄 Processando 4 arquivos Protobuf
[2025-07-08T18:41:34.547+0000] {spark_submit.py:644} INFO - [PROCESS EXERCISES] ℹ️  Processando arquivo Protobuf: s3a://bronze/exercises/CA-LESTE-construtiva-4DE-2025-07-08/simulations/172.19.0.14_2025-07-08/18-25.56/session-proto_3.pb
[2025-07-08T18:41:34.572+0000] {spark_submit.py:644} INFO - 25/07/08 18:41:34 INFO InMemoryFileIndex: It took 9 ms to list leaf files for 1 paths.
[2025-07-08T18:41:34.647+0000] {spark_submit.py:644} INFO - ======Column<'proto_data'>======
[2025-07-08T18:41:34.741+0000] {spark_submit.py:644} INFO - ======Column<'timestamp'>======
[2025-07-08T18:41:34.741+0000] {spark_submit.py:644} INFO - [PROCESS EXERCISES] ❌ Erro crítico ao processar arquivo Protobuf s3a://bronze/exercises/CA-LESTE-construtiva-4DE-2025-07-08/simulations/172.19.0.14_2025-07-08/18-25.56/session-proto_3.pb: No active exception to reraise
[2025-07-08T18:41:34.742+0000] {spark_submit.py:644} INFO - [PROCESS EXERCISES] ❌ Erro crítico no processamento de simulações: Falha no processamento Protobuf: No active exception to reraise
[2025-07-08T18:41:34.743+0000] {spark_submit.py:644} INFO - [PROCESS EXERCISES] ❌ Erro crítico durante o processamento: Falha no processamento de simulações: Falha no processamento Protobuf: No active exception to reraise
[2025-07-08T18:41:34.743+0000] {spark_submit.py:644} INFO - [PROCESS EXERCISES] 🔄 Finalizando sessão Spark
[2025-07-08T18:41:34.744+0000] {spark_submit.py:644} INFO - 25/07/08 18:41:34 INFO SparkContext: SparkContext is stopping with exitCode 0.
[2025-07-08T18:41:34.749+0000] {spark_submit.py:644} INFO - 25/07/08 18:41:34 INFO SparkUI: Stopped Spark web UI at http://3748f1b8240a:4040
[2025-07-08T18:41:34.753+0000] {spark_submit.py:644} INFO - 25/07/08 18:41:34 INFO StandaloneSchedulerBackend: Shutting down all executors
[2025-07-08T18:41:34.754+0000] {spark_submit.py:644} INFO - 25/07/08 18:41:34 INFO StandaloneSchedulerBackend$StandaloneDriverEndpoint: Asking each executor to shut down
[2025-07-08T18:41:34.775+0000] {spark_submit.py:644} INFO - 25/07/08 18:41:34 INFO MapOutputTrackerMasterEndpoint: MapOutputTrackerMasterEndpoint stopped!
[2025-07-08T18:41:35.275+0000] {spark_submit.py:644} INFO - 25/07/08 18:41:35 INFO MemoryStore: MemoryStore cleared
[2025-07-08T18:41:35.277+0000] {spark_submit.py:644} INFO - 25/07/08 18:41:35 INFO BlockManager: BlockManager stopped
[2025-07-08T18:41:35.283+0000] {spark_submit.py:644} INFO - 25/07/08 18:41:35 INFO BlockManagerMaster: BlockManagerMaster stopped
[2025-07-08T18:41:35.289+0000] {spark_submit.py:644} INFO - 25/07/08 18:41:35 INFO OutputCommitCoordinator$OutputCommitCoordinatorEndpoint: OutputCommitCoordinator stopped!
[2025-07-08T18:41:35.300+0000] {spark_submit.py:644} INFO - 25/07/08 18:41:35 INFO SparkContext: Successfully stopped SparkContext
[2025-07-08T18:41:35.624+0000] {spark_submit.py:644} INFO - [PROCESS EXERCISES] ✅ Sessão Spark finalizada com sucesso
[2025-07-08T18:41:35.800+0000] {spark_submit.py:644} INFO - 25/07/08 18:41:35 INFO ShutdownHookManager: Shutdown hook called
[2025-07-08T18:41:35.800+0000] {spark_submit.py:644} INFO - 25/07/08 18:41:35 INFO ShutdownHookManager: Deleting directory /tmp/spark-2e98e21c-e545-4694-b99e-8194a62aec1f
[2025-07-08T18:41:35.805+0000] {spark_submit.py:644} INFO - 25/07/08 18:41:35 INFO ShutdownHookManager: Deleting directory /tmp/spark-2e98e21c-e545-4694-b99e-8194a62aec1f/pyspark-54d24b3f-5e89-48ac-b8e8-23d308fe5fef
[2025-07-08T18:41:35.809+0000] {spark_submit.py:644} INFO - 25/07/08 18:41:35 INFO ShutdownHookManager: Deleting directory /tmp/spark-5e28be68-2247-4daa-8c55-62a75e0ef44f
[2025-07-08T18:41:35.818+0000] {spark_submit.py:644} INFO - 25/07/08 18:41:35 INFO MetricsSystemImpl: Stopping s3a-file-system metrics system...
[2025-07-08T18:41:35.819+0000] {spark_submit.py:644} INFO - 25/07/08 18:41:35 INFO MetricsSystemImpl: s3a-file-system metrics system stopped.
[2025-07-08T18:41:35.819+0000] {spark_submit.py:644} INFO - 25/07/08 18:41:35 INFO MetricsSystemImpl: s3a-file-system metrics system shutdown complete.
[2025-07-08T18:41:37.937+0000] {taskinstance.py:3336} ERROR - Task failed with exception
Traceback (most recent call last):
  File "/home/airflow/.local/lib/python3.12/site-packages/airflow/models/taskinstance.py", line 776, in _execute_task
    result = _execute_callable(context=context, **execute_callable_kwargs)
             ^^^^^^^^^^^^^^^^^^^^^^^^^^^^^^^^^^^^^^^^^^^^^^^^^^^^^^^^^^^^^
  File "/home/airflow/.local/lib/python3.12/site-packages/airflow/models/taskinstance.py", line 742, in _execute_callable
    return ExecutionCallableRunner(
           ^^^^^^^^^^^^^^^^^^^^^^^^
  File "/home/airflow/.local/lib/python3.12/site-packages/airflow/utils/operator_helpers.py", line 252, in run
    return self.func(*args, **kwargs)
           ^^^^^^^^^^^^^^^^^^^^^^^^^^
  File "/home/airflow/.local/lib/python3.12/site-packages/airflow/models/baseoperator.py", line 424, in wrapper
    return func(self, *args, **kwargs)
           ^^^^^^^^^^^^^^^^^^^^^^^^^^^
  File "/home/airflow/.local/lib/python3.12/site-packages/airflow/providers/apache/spark/operators/spark_submit.py", line 197, in execute
    self._hook.submit(self.application)
  File "/home/airflow/.local/lib/python3.12/site-packages/airflow/providers/apache/spark/hooks/spark_submit.py", line 566, in submit
    raise AirflowException(
airflow.exceptions.AirflowException: Cannot execute: spark-submit --master spark://spark-master:7077 --jars /opt/bitnami/spark/jars/iceberg-spark-runtime-3.5_2.12-1.8.1.jar,/opt/bitnami/spark/jars/nessie-spark-extensions-3.5_2.12-0.103.2.jar,/opt/bitnami/spark/jars/nessie-client-0.103.2.jar,/opt/bitnami/spark/jars/hadoop-aws-3.3.2.jar,/opt/bitnami/spark/jars/aws-java-sdk-bundle-1.12.262.jar, --name arrow-spark --deploy-mode client /opt/bitnami/spark/jobs/process_exercises_job.py {"id": "CA-LESTE-construtiva-4DE-2025-07-08", "manifest_entry": {"data": {"createdAt": "2025-07-08T18:27:58.496Z", "origin": "CA-LESTE", "path": "exercises/CA-LESTE-construtiva-4DE-2025-07-08"}, "id": "CA-LESTE-construtiva-4DE-2025-07-08"}, "metadata": {"createdAt": "2025-07-08T18:27:58.496Z", "description": "4DE", "documents": [{"description": "", "id": "1751999288885", "mimetype": "application/pdf", "name": "Op Jacui IV - Ordem de Operacoes.pdf", "path": "exercises/CA-LESTE-construtiva-4DE-2025-07-08/documents/Op Jacui IV - Ordem de Operacoes.pdf", "size": 336744, "uploadedAt": "2025-07-08T18:28:08.885Z"}], "endDate": "2025-07-10", "id": "CA-LESTE-construtiva-4DE-2025-07-08", "name": "Jogo de Guerra", "origin": "CA-LESTE", "simulationType": "construtiva", "simulations": [{"id": "172.19.0.14_2025-07-08", "movedAt": "2025-07-08T18:28:17.872Z", "name": "172.19.0.14_2025-07-08", "originalPath": "staging/172.19.0.14_2025-07-08", "path": "exercises/CA-LESTE-construtiva-4DE-2025-07-08/simulations/172.19.0.14_2025-07-08"}], "startDate": "2025-07-08", "trainedForce": "4 Divis\u00e3o de Ex\u00e9rcito", "updatedAt": "2025-07-08T18:28:17.873Z", "wikiUrl": ""}}. Error code is: 1.
[2025-07-08T18:41:37.962+0000] {taskinstance.py:1242} INFO - Marking task as FAILED. dag_id=process_exercises, task_id=process_exercises, run_id=manual__2025-07-08T18:40:49.260620+00:00, execution_date=20250708T184049, start_date=20250708T184053, end_date=20250708T184137
[2025-07-08T18:41:38.359+0000] {taskinstance.py:349} INFO - ::group::Post task execution logs
[2025-07-08T18:41:38.360+0000] {standard_task_runner.py:124} ERROR - Failed to execute job 181 for task process_exercises (Cannot execute: spark-submit --master spark://spark-master:7077 --jars /opt/bitnami/spark/jars/iceberg-spark-runtime-3.5_2.12-1.8.1.jar,/opt/bitnami/spark/jars/nessie-spark-extensions-3.5_2.12-0.103.2.jar,/opt/bitnami/spark/jars/nessie-client-0.103.2.jar,/opt/bitnami/spark/jars/hadoop-aws-3.3.2.jar,/opt/bitnami/spark/jars/aws-java-sdk-bundle-1.12.262.jar, --name arrow-spark --deploy-mode client /opt/bitnami/spark/jobs/process_exercises_job.py {"id": "CA-LESTE-construtiva-4DE-2025-07-08", "manifest_entry": {"data": {"createdAt": "2025-07-08T18:27:58.496Z", "origin": "CA-LESTE", "path": "exercises/CA-LESTE-construtiva-4DE-2025-07-08"}, "id": "CA-LESTE-construtiva-4DE-2025-07-08"}, "metadata": {"createdAt": "2025-07-08T18:27:58.496Z", "description": "4DE", "documents": [{"description": "", "id": "1751999288885", "mimetype": "application/pdf", "name": "Op Jacui IV - Ordem de Operacoes.pdf", "path": "exercises/CA-LESTE-construtiva-4DE-2025-07-08/documents/Op Jacui IV - Ordem de Operacoes.pdf", "size": 336744, "uploadedAt": "2025-07-08T18:28:08.885Z"}], "endDate": "2025-07-10", "id": "CA-LESTE-construtiva-4DE-2025-07-08", "name": "Jogo de Guerra", "origin": "CA-LESTE", "simulationType": "construtiva", "simulations": [{"id": "172.19.0.14_2025-07-08", "movedAt": "2025-07-08T18:28:17.872Z", "name": "172.19.0.14_2025-07-08", "originalPath": "staging/172.19.0.14_2025-07-08", "path": "exercises/CA-LESTE-construtiva-4DE-2025-07-08/simulations/172.19.0.14_2025-07-08"}], "startDate": "2025-07-08", "trainedForce": "4 Divis\u00e3o de Ex\u00e9rcito", "updatedAt": "2025-07-08T18:28:17.873Z", "wikiUrl": ""}}. Error code is: 1.; 11182)
Traceback (most recent call last):
  File "/home/airflow/.local/lib/python3.12/site-packages/airflow/task/task_runner/standard_task_runner.py", line 117, in _start_by_fork
    ret = args.func(args, dag=self.dag)
          ^^^^^^^^^^^^^^^^^^^^^^^^^^^^^
  File "/home/airflow/.local/lib/python3.12/site-packages/airflow/cli/cli_config.py", line 49, in command
    return func(*args, **kwargs)
           ^^^^^^^^^^^^^^^^^^^^^
  File "/home/airflow/.local/lib/python3.12/site-packages/airflow/utils/cli.py", line 116, in wrapper
    return f(*args, **kwargs)
           ^^^^^^^^^^^^^^^^^^
  File "/home/airflow/.local/lib/python3.12/site-packages/airflow/cli/commands/task_command.py", line 483, in task_run
    task_return_code = _run_task_by_selected_method(args, _dag, ti)
                       ^^^^^^^^^^^^^^^^^^^^^^^^^^^^^^^^^^^^^^^^^^^^
  File "/home/airflow/.local/lib/python3.12/site-packages/airflow/cli/commands/task_command.py", line 256, in _run_task_by_selected_method
    return _run_raw_task(args, ti)
           ^^^^^^^^^^^^^^^^^^^^^^^
  File "/home/airflow/.local/lib/python3.12/site-packages/airflow/cli/commands/task_command.py", line 341, in _run_raw_task
    return ti._run_raw_task(
           ^^^^^^^^^^^^^^^^^
  File "/home/airflow/.local/lib/python3.12/site-packages/airflow/utils/session.py", line 97, in wrapper
    return func(*args, session=session, **kwargs)
           ^^^^^^^^^^^^^^^^^^^^^^^^^^^^^^^^^^^^^^
  File "/home/airflow/.local/lib/python3.12/site-packages/airflow/models/taskinstance.py", line 3029, in _run_raw_task
    return _run_raw_task(
           ^^^^^^^^^^^^^^
  File "/home/airflow/.local/lib/python3.12/site-packages/airflow/models/taskinstance.py", line 282, in _run_raw_task
    TaskInstance._execute_task_with_callbacks(
  File "/home/airflow/.local/lib/python3.12/site-packages/airflow/models/taskinstance.py", line 3184, in _execute_task_with_callbacks
    result = self._execute_task(context, task_orig)
             ^^^^^^^^^^^^^^^^^^^^^^^^^^^^^^^^^^^^^^
  File "/home/airflow/.local/lib/python3.12/site-packages/airflow/models/taskinstance.py", line 3208, in _execute_task
    return _execute_task(self, context, task_orig)
           ^^^^^^^^^^^^^^^^^^^^^^^^^^^^^^^^^^^^^^^
  File "/home/airflow/.local/lib/python3.12/site-packages/airflow/models/taskinstance.py", line 776, in _execute_task
    result = _execute_callable(context=context, **execute_callable_kwargs)
             ^^^^^^^^^^^^^^^^^^^^^^^^^^^^^^^^^^^^^^^^^^^^^^^^^^^^^^^^^^^^^
  File "/home/airflow/.local/lib/python3.12/site-packages/airflow/models/taskinstance.py", line 742, in _execute_callable
    return ExecutionCallableRunner(
           ^^^^^^^^^^^^^^^^^^^^^^^^
  File "/home/airflow/.local/lib/python3.12/site-packages/airflow/utils/operator_helpers.py", line 252, in run
    return self.func(*args, **kwargs)
           ^^^^^^^^^^^^^^^^^^^^^^^^^^
  File "/home/airflow/.local/lib/python3.12/site-packages/airflow/models/baseoperator.py", line 424, in wrapper
    return func(self, *args, **kwargs)
           ^^^^^^^^^^^^^^^^^^^^^^^^^^^
  File "/home/airflow/.local/lib/python3.12/site-packages/airflow/providers/apache/spark/operators/spark_submit.py", line 197, in execute
    self._hook.submit(self.application)
  File "/home/airflow/.local/lib/python3.12/site-packages/airflow/providers/apache/spark/hooks/spark_submit.py", line 566, in submit
    raise AirflowException(
airflow.exceptions.AirflowException: Cannot execute: spark-submit --master spark://spark-master:7077 --jars /opt/bitnami/spark/jars/iceberg-spark-runtime-3.5_2.12-1.8.1.jar,/opt/bitnami/spark/jars/nessie-spark-extensions-3.5_2.12-0.103.2.jar,/opt/bitnami/spark/jars/nessie-client-0.103.2.jar,/opt/bitnami/spark/jars/hadoop-aws-3.3.2.jar,/opt/bitnami/spark/jars/aws-java-sdk-bundle-1.12.262.jar, --name arrow-spark --deploy-mode client /opt/bitnami/spark/jobs/process_exercises_job.py {"id": "CA-LESTE-construtiva-4DE-2025-07-08", "manifest_entry": {"data": {"createdAt": "2025-07-08T18:27:58.496Z", "origin": "CA-LESTE", "path": "exercises/CA-LESTE-construtiva-4DE-2025-07-08"}, "id": "CA-LESTE-construtiva-4DE-2025-07-08"}, "metadata": {"createdAt": "2025-07-08T18:27:58.496Z", "description": "4DE", "documents": [{"description": "", "id": "1751999288885", "mimetype": "application/pdf", "name": "Op Jacui IV - Ordem de Operacoes.pdf", "path": "exercises/CA-LESTE-construtiva-4DE-2025-07-08/documents/Op Jacui IV - Ordem de Operacoes.pdf", "size": 336744, "uploadedAt": "2025-07-08T18:28:08.885Z"}], "endDate": "2025-07-10", "id": "CA-LESTE-construtiva-4DE-2025-07-08", "name": "Jogo de Guerra", "origin": "CA-LESTE", "simulationType": "construtiva", "simulations": [{"id": "172.19.0.14_2025-07-08", "movedAt": "2025-07-08T18:28:17.872Z", "name": "172.19.0.14_2025-07-08", "originalPath": "staging/172.19.0.14_2025-07-08", "path": "exercises/CA-LESTE-construtiva-4DE-2025-07-08/simulations/172.19.0.14_2025-07-08"}], "startDate": "2025-07-08", "trainedForce": "4 Divis\u00e3o de Ex\u00e9rcito", "updatedAt": "2025-07-08T18:28:17.873Z", "wikiUrl": ""}}. Error code is: 1.
[2025-07-08T18:41:38.451+0000] {local_task_job_runner.py:266} INFO - Task exited with return code 1
[2025-07-08T18:41:38.488+0000] {taskinstance.py:3924} INFO - 0 downstream tasks scheduled from follow-on schedule check
[2025-07-08T18:41:38.844+0000] {local_task_job_runner.py:245} INFO - ::endgroup::
[2025-07-08T18:41:39.001+0000] {standard_task_runner.py:217} INFO - Process not found (most likely exited), stop collecting metrics
