[2025-07-08T18:56:54.927+0000] {local_task_job_runner.py:123} INFO - ::group::Pre task execution logs
[2025-07-08T18:56:54.968+0000] {taskinstance.py:2631} INFO - Dependencies all met for dep_context=non-requeueable deps ti=<TaskInstance: process_exercises.identify_ready_exercises manual__2025-07-08T18:56:53.359915+00:00 [queued]>
[2025-07-08T18:56:54.979+0000] {taskinstance.py:2631} INFO - Dependencies all met for dep_context=requeueable deps ti=<TaskInstance: process_exercises.identify_ready_exercises manual__2025-07-08T18:56:53.359915+00:00 [queued]>
[2025-07-08T18:56:54.980+0000] {taskinstance.py:2884} INFO - Starting attempt 1 of 1
[2025-07-08T18:56:55.024+0000] {taskinstance.py:2907} INFO - Executing <Task(PythonOperator): identify_ready_exercises> on 2025-07-08 18:56:53.359915+00:00
[2025-07-08T18:56:55.034+0000] {standard_task_runner.py:104} INFO - Running: ['airflow', 'tasks', 'run', 'process_exercises', 'identify_ready_exercises', 'manual__2025-07-08T18:56:53.359915+00:00', '--job-id', '190', '--raw', '--subdir', 'DAGS_FOLDER/process_exercises.py', '--cfg-path', '/tmp/tmp63ggrize']
[2025-07-08T18:56:55.038+0000] {standard_task_runner.py:105} INFO - Job 190: Subtask identify_ready_exercises
[2025-07-08T18:56:55.043+0000] {logging_mixin.py:190} WARNING - /home/airflow/.local/lib/python3.12/site-packages/airflow/task/task_runner/standard_task_runner.py:70 DeprecationWarning: This process (pid=12593) is multi-threaded, use of fork() may lead to deadlocks in the child.
[2025-07-08T18:56:55.044+0000] {standard_task_runner.py:72} INFO - Started process 12594 to run task
[2025-07-08T18:56:55.150+0000] {task_command.py:467} INFO - Running <TaskInstance: process_exercises.identify_ready_exercises manual__2025-07-08T18:56:53.359915+00:00 [running]> on host 3748f1b8240a
[2025-07-08T18:56:55.409+0000] {taskinstance.py:3157} INFO - Exporting env vars: AIRFLOW_CTX_DAG_OWNER='airflow' AIRFLOW_CTX_DAG_ID='process_exercises' AIRFLOW_CTX_TASK_ID='identify_ready_exercises' AIRFLOW_CTX_EXECUTION_DATE='2025-07-08T18:56:53.359915+00:00' AIRFLOW_CTX_TRY_NUMBER='1' AIRFLOW_CTX_DAG_RUN_ID='manual__2025-07-08T18:56:53.359915+00:00'
[2025-07-08T18:56:55.412+0000] {taskinstance.py:740} INFO - ::endgroup::
[2025-07-08T18:56:55.508+0000] {base.py:84} INFO - Retrieving connection 'minio-ebsim'
[2025-07-08T18:56:55.510+0000] {connection_wrapper.py:328} INFO - AWS Connection (conn_id='minio-ebsim', conn_type='aws') credentials retrieved from extra.
[2025-07-08T18:56:55.891+0000] {logging_mixin.py:190} INFO - [DAG] exercício pronto: CA-LESTE-construtiva-4DE-2025-07-08
[2025-07-08T18:56:55.892+0000] {logging_mixin.py:190} INFO - ✅ [DAG] total de exercícios prontos: 1.
[2025-07-08T18:56:55.893+0000] {logging_mixin.py:190} INFO - ✅ [DAG] o exercício selecionado é CA-LESTE-construtiva-4DE-2025-07-08.
[2025-07-08T18:56:55.894+0000] {python.py:240} INFO - Done. Returned value was: {'id': 'CA-LESTE-construtiva-4DE-2025-07-08', 'metadata': {'id': 'CA-LESTE-construtiva-4DE-2025-07-08', 'name': 'Jogo de Guerra', 'description': '4DE', 'simulationType': 'construtiva', 'origin': 'CA-LESTE', 'startDate': '2025-07-08', 'endDate': '2025-07-10', 'trainedForce': '4 Divisão de Exército', 'wikiUrl': '', 'documents': [{'id': '1751999288885', 'name': 'Op Jacui IV - Ordem de Operacoes.pdf', 'description': '', 'path': 'exercises/CA-LESTE-construtiva-4DE-2025-07-08/documents/Op Jacui IV - Ordem de Operacoes.pdf', 'size': 336744, 'mimetype': 'application/pdf', 'uploadedAt': '2025-07-08T18:28:08.885Z'}], 'simulations': [{'id': '172.19.0.14_2025-07-08', 'name': '172.19.0.14_2025-07-08', 'path': 'exercises/CA-LESTE-construtiva-4DE-2025-07-08/simulations/172.19.0.14_2025-07-08', 'originalPath': 'staging/172.19.0.14_2025-07-08', 'movedAt': '2025-07-08T18:28:17.872Z'}], 'createdAt': '2025-07-08T18:27:58.496Z', 'updatedAt': '2025-07-08T18:28:17.873Z'}, 'manifest_entry': {'id': 'CA-LESTE-construtiva-4DE-2025-07-08', 'data': {'origin': 'CA-LESTE', 'path': 'exercises/CA-LESTE-construtiva-4DE-2025-07-08', 'createdAt': '2025-07-08T18:27:58.496Z'}}}
[2025-07-08T18:56:55.973+0000] {taskinstance.py:349} INFO - ::group::Post task execution logs
[2025-07-08T18:56:55.974+0000] {taskinstance.py:361} INFO - Marking task as SUCCESS. dag_id=process_exercises, task_id=identify_ready_exercises, run_id=manual__2025-07-08T18:56:53.359915+00:00, execution_date=20250708T185653, start_date=20250708T185654, end_date=20250708T185655
[2025-07-08T18:56:56.186+0000] {local_task_job_runner.py:266} INFO - Task exited with return code 0
[2025-07-08T18:56:56.224+0000] {taskinstance.py:3924} INFO - 1 downstream tasks scheduled from follow-on schedule check
[2025-07-08T18:56:56.257+0000] {local_task_job_runner.py:245} INFO - ::endgroup::
