[2025-07-09T18:01:06.268+0000] {local_task_job_runner.py:123} INFO - ::group::Pre task execution logs
[2025-07-09T18:01:06.303+0000] {taskinstance.py:2631} INFO - Dependencies all met for dep_context=non-requeueable deps ti=<TaskInstance: process_exercises.process_exercises manual__2025-07-09T18:01:02.746608+00:00 [queued]>
[2025-07-09T18:01:06.313+0000] {taskinstance.py:2631} INFO - Dependencies all met for dep_context=requeueable deps ti=<TaskInstance: process_exercises.process_exercises manual__2025-07-09T18:01:02.746608+00:00 [queued]>
[2025-07-09T18:01:06.314+0000] {taskinstance.py:2884} INFO - Starting attempt 1 of 1
[2025-07-09T18:01:06.361+0000] {taskinstance.py:2907} INFO - Executing <Task(SparkSubmitOperator): process_exercises> on 2025-07-09 18:01:02.746608+00:00
[2025-07-09T18:01:06.368+0000] {logging_mixin.py:190} WARNING - /home/airflow/.local/lib/python3.12/site-packages/airflow/task/task_runner/standard_task_runner.py:70 DeprecationWarning: This process (pid=1892) is multi-threaded, use of fork() may lead to deadlocks in the child.
[2025-07-09T18:01:06.370+0000] {standard_task_runner.py:72} INFO - Started process 1893 to run task
[2025-07-09T18:01:06.373+0000] {standard_task_runner.py:104} INFO - Running: ['airflow', 'tasks', 'run', 'process_exercises', 'process_exercises', 'manual__2025-07-09T18:01:02.746608+00:00', '--job-id', '229', '--raw', '--subdir', 'DAGS_FOLDER/process_exercises.py', '--cfg-path', '/tmp/tmpos6efofe']
[2025-07-09T18:01:06.376+0000] {standard_task_runner.py:105} INFO - Job 229: Subtask process_exercises
[2025-07-09T18:01:06.478+0000] {task_command.py:467} INFO - Running <TaskInstance: process_exercises.process_exercises manual__2025-07-09T18:01:02.746608+00:00 [running]> on host 38b7408c68d7
[2025-07-09T18:01:06.736+0000] {taskinstance.py:3157} INFO - Exporting env vars: AIRFLOW_CTX_DAG_OWNER='airflow' AIRFLOW_CTX_DAG_ID='process_exercises' AIRFLOW_CTX_TASK_ID='process_exercises' AIRFLOW_CTX_EXECUTION_DATE='2025-07-09T18:01:02.746608+00:00' AIRFLOW_CTX_TRY_NUMBER='1' AIRFLOW_CTX_DAG_RUN_ID='manual__2025-07-09T18:01:02.746608+00:00'
[2025-07-09T18:01:06.737+0000] {taskinstance.py:740} INFO - ::endgroup::
[2025-07-09T18:01:06.769+0000] {base.py:84} INFO - Retrieving connection 'spark-ebsim'
[2025-07-09T18:01:06.777+0000] {spark_submit.py:474} INFO - Spark-Submit cmd: spark-submit --master spark://spark-master:7077 --jars /opt/bitnami/spark/jars/iceberg-spark-runtime-3.5_2.12-1.8.1.jar,/opt/bitnami/spark/jars/nessie-spark-extensions-3.5_2.12-0.103.2.jar,/opt/bitnami/spark/jars/nessie-client-0.103.2.jar,/opt/bitnami/spark/jars/hadoop-aws-3.3.2.jar,/opt/bitnami/spark/jars/aws-java-sdk-bundle-1.12.262.jar, --name arrow-spark --deploy-mode client /opt/bitnami/spark/jobs/process_exercises_job.py {"id": "CA-LESTE-construtiva-4455-2025-07-08", "manifest_entry": {"data": {"createdAt": "2025-07-08T19:50:09.281Z", "origin": "CA-LESTE", "path": "exercises/CA-LESTE-construtiva-4455-2025-07-08"}, "id": "CA-LESTE-construtiva-4455-2025-07-08"}, "metadata": {"createdAt": "2025-07-08T19:50:09.281Z", "description": "4455", "documents": [{"description": "", "id": "1752004297308", "mimetype": "application/pdf", "name": "Op Jacui IV - Ordem de Operacoes.pdf", "path": "exercises/CA-LESTE-construtiva-4455-2025-07-08/documents/Op Jacui IV - Ordem de Operacoes.pdf", "size": 336744, "uploadedAt": "2025-07-08T19:51:37.308Z"}], "endDate": "2025-07-22", "id": "CA-LESTE-construtiva-4455-2025-07-08", "name": "Jogo de Guerra", "origin": "CA-LESTE", "simulationType": "construtiva", "simulations": [{"id": "172.19.0.14_2025-07-08", "movedAt": "2025-07-08T19:51:46.649Z", "name": "172.19.0.14_2025-07-08", "originalPath": "staging/172.19.0.14_2025-07-08", "path": "exercises/CA-LESTE-construtiva-4455-2025-07-08/simulations/172.19.0.14_2025-07-08"}], "startDate": "2025-07-15", "trainedForce": "4455", "updatedAt": "2025-07-08T19:51:46.649Z", "wikiUrl": ""}}
[2025-07-09T18:01:08.342+0000] {spark_submit.py:644} INFO - 25/07/09 18:01:08 WARN NativeCodeLoader: Unable to load native-hadoop library for your platform... using builtin-java classes where applicable
[2025-07-09T18:01:09.847+0000] {spark_submit.py:644} INFO - [PROCESS EXERCISES] ℹ️ Iniciando processamento de exercícios
[2025-07-09T18:01:09.847+0000] {spark_submit.py:644} INFO - [PROCESS EXERCISES] ℹ️ Exercício selecionado: CA-LESTE-construtiva-4455-2025-07-08
[2025-07-09T18:01:09.848+0000] {spark_submit.py:644} INFO - [PROCESS EXERCISES] 🔄 Criando sessão Spark
[2025-07-09T18:01:10.477+0000] {spark_submit.py:644} INFO - 25/07/09 18:01:10 INFO SparkContext: Running Spark version 3.5.5
[2025-07-09T18:01:10.478+0000] {spark_submit.py:644} INFO - 25/07/09 18:01:10 INFO SparkContext: OS info Linux, 5.15.167.4-microsoft-standard-WSL2, amd64
[2025-07-09T18:01:10.479+0000] {spark_submit.py:644} INFO - 25/07/09 18:01:10 INFO SparkContext: Java version 17.0.15
[2025-07-09T18:01:10.506+0000] {spark_submit.py:644} INFO - 25/07/09 18:01:10 INFO ResourceUtils: ==============================================================
[2025-07-09T18:01:10.507+0000] {spark_submit.py:644} INFO - 25/07/09 18:01:10 INFO ResourceUtils: No custom resources configured for spark.driver.
[2025-07-09T18:01:10.508+0000] {spark_submit.py:644} INFO - 25/07/09 18:01:10 INFO ResourceUtils: ==============================================================
[2025-07-09T18:01:10.508+0000] {spark_submit.py:644} INFO - 25/07/09 18:01:10 INFO SparkContext: Submitted application: ProcessExercises
[2025-07-09T18:01:10.525+0000] {spark_submit.py:644} INFO - 25/07/09 18:01:10 INFO ResourceProfile: Default ResourceProfile created, executor resources: Map(memory -> name: memory, amount: 1024, script: , vendor: , offHeap -> name: offHeap, amount: 0, script: , vendor: ), task resources: Map(cpus -> name: cpus, amount: 1.0)
[2025-07-09T18:01:10.532+0000] {spark_submit.py:644} INFO - 25/07/09 18:01:10 INFO ResourceProfile: Limiting resource is cpu
[2025-07-09T18:01:10.533+0000] {spark_submit.py:644} INFO - 25/07/09 18:01:10 INFO ResourceProfileManager: Added ResourceProfile id: 0
[2025-07-09T18:01:10.593+0000] {spark_submit.py:644} INFO - 25/07/09 18:01:10 INFO SecurityManager: Changing view acls to: airflow
[2025-07-09T18:01:10.594+0000] {spark_submit.py:644} INFO - 25/07/09 18:01:10 INFO SecurityManager: Changing modify acls to: airflow
[2025-07-09T18:01:10.594+0000] {spark_submit.py:644} INFO - 25/07/09 18:01:10 INFO SecurityManager: Changing view acls groups to:
[2025-07-09T18:01:10.595+0000] {spark_submit.py:644} INFO - 25/07/09 18:01:10 INFO SecurityManager: Changing modify acls groups to:
[2025-07-09T18:01:10.595+0000] {spark_submit.py:644} INFO - 25/07/09 18:01:10 INFO SecurityManager: SecurityManager: authentication disabled; ui acls disabled; users with view permissions: airflow; groups with view permissions: EMPTY; users with modify permissions: airflow; groups with modify permissions: EMPTY
[2025-07-09T18:01:10.765+0000] {spark_submit.py:644} INFO - 25/07/09 18:01:10 INFO Utils: Successfully started service 'sparkDriver' on port 38531.
[2025-07-09T18:01:10.787+0000] {spark_submit.py:644} INFO - 25/07/09 18:01:10 INFO SparkEnv: Registering MapOutputTracker
[2025-07-09T18:01:10.813+0000] {spark_submit.py:644} INFO - 25/07/09 18:01:10 INFO SparkEnv: Registering BlockManagerMaster
[2025-07-09T18:01:10.825+0000] {spark_submit.py:644} INFO - 25/07/09 18:01:10 INFO BlockManagerMasterEndpoint: Using org.apache.spark.storage.DefaultTopologyMapper for getting topology information
[2025-07-09T18:01:10.826+0000] {spark_submit.py:644} INFO - 25/07/09 18:01:10 INFO BlockManagerMasterEndpoint: BlockManagerMasterEndpoint up
[2025-07-09T18:01:10.828+0000] {spark_submit.py:644} INFO - 25/07/09 18:01:10 INFO SparkEnv: Registering BlockManagerMasterHeartbeat
[2025-07-09T18:01:10.851+0000] {spark_submit.py:644} INFO - 25/07/09 18:01:10 INFO DiskBlockManager: Created local directory at /tmp/blockmgr-d092dfdc-42e0-4ad5-90bc-6b777f117c24
[2025-07-09T18:01:10.872+0000] {spark_submit.py:644} INFO - 25/07/09 18:01:10 INFO MemoryStore: MemoryStore started with capacity 434.4 MiB
[2025-07-09T18:01:10.884+0000] {spark_submit.py:644} INFO - 25/07/09 18:01:10 INFO SparkEnv: Registering OutputCommitCoordinator
[2025-07-09T18:01:11.014+0000] {spark_submit.py:644} INFO - 25/07/09 18:01:11 INFO JettyUtils: Start Jetty 0.0.0.0:4040 for SparkUI
[2025-07-09T18:01:11.074+0000] {spark_submit.py:644} INFO - 25/07/09 18:01:11 INFO Utils: Successfully started service 'SparkUI' on port 4040.
[2025-07-09T18:01:11.114+0000] {spark_submit.py:644} INFO - 25/07/09 18:01:11 INFO SparkContext: Added JAR file:///opt/bitnami/spark/jars/iceberg-spark-runtime-3.5_2.12-1.8.1.jar at spark://38b7408c68d7:38531/jars/iceberg-spark-runtime-3.5_2.12-1.8.1.jar with timestamp 1752084070469
[2025-07-09T18:01:11.115+0000] {spark_submit.py:644} INFO - 25/07/09 18:01:11 INFO SparkContext: Added JAR file:///opt/bitnami/spark/jars/nessie-spark-extensions-3.5_2.12-0.103.2.jar at spark://38b7408c68d7:38531/jars/nessie-spark-extensions-3.5_2.12-0.103.2.jar with timestamp 1752084070469
[2025-07-09T18:01:11.116+0000] {spark_submit.py:644} INFO - 25/07/09 18:01:11 INFO SparkContext: Added JAR file:///opt/bitnami/spark/jars/nessie-client-0.103.2.jar at spark://38b7408c68d7:38531/jars/nessie-client-0.103.2.jar with timestamp 1752084070469
[2025-07-09T18:01:11.118+0000] {spark_submit.py:644} INFO - 25/07/09 18:01:11 INFO SparkContext: Added JAR file:///opt/bitnami/spark/jars/hadoop-aws-3.3.2.jar at spark://38b7408c68d7:38531/jars/hadoop-aws-3.3.2.jar with timestamp 1752084070469
[2025-07-09T18:01:11.119+0000] {spark_submit.py:644} INFO - 25/07/09 18:01:11 INFO SparkContext: Added JAR file:///opt/bitnami/spark/jars/aws-java-sdk-bundle-1.12.262.jar at spark://38b7408c68d7:38531/jars/aws-java-sdk-bundle-1.12.262.jar with timestamp 1752084070469
[2025-07-09T18:01:11.209+0000] {spark_submit.py:644} INFO - 25/07/09 18:01:11 INFO StandaloneAppClient$ClientEndpoint: Connecting to master spark://spark-master:7077...
[2025-07-09T18:01:11.248+0000] {spark_submit.py:644} INFO - 25/07/09 18:01:11 INFO TransportClientFactory: Successfully created connection to spark-master/172.19.0.5:7077 after 22 ms (0 ms spent in bootstraps)
[2025-07-09T18:01:11.342+0000] {spark_submit.py:644} INFO - 25/07/09 18:01:11 INFO StandaloneSchedulerBackend: Connected to Spark cluster with app ID app-20250709180111-0005
[2025-07-09T18:01:11.344+0000] {spark_submit.py:644} INFO - 25/07/09 18:01:11 INFO StandaloneAppClient$ClientEndpoint: Executor added: app-20250709180111-0005/0 on worker-20250709171731-172.19.0.7-37405 (172.19.0.7:37405) with 2 core(s)
[2025-07-09T18:01:11.346+0000] {spark_submit.py:644} INFO - 25/07/09 18:01:11 INFO StandaloneSchedulerBackend: Granted executor ID app-20250709180111-0005/0 on hostPort 172.19.0.7:37405 with 2 core(s), 1024.0 MiB RAM
[2025-07-09T18:01:11.349+0000] {spark_submit.py:644} INFO - 25/07/09 18:01:11 INFO Utils: Successfully started service 'org.apache.spark.network.netty.NettyBlockTransferService' on port 37879.
[2025-07-09T18:01:11.350+0000] {spark_submit.py:644} INFO - 25/07/09 18:01:11 INFO NettyBlockTransferService: Server created on 38b7408c68d7:37879
[2025-07-09T18:01:11.352+0000] {spark_submit.py:644} INFO - 25/07/09 18:01:11 INFO BlockManager: Using org.apache.spark.storage.RandomBlockReplicationPolicy for block replication policy
[2025-07-09T18:01:11.357+0000] {spark_submit.py:644} INFO - 25/07/09 18:01:11 INFO BlockManagerMaster: Registering BlockManager BlockManagerId(driver, 38b7408c68d7, 37879, None)
[2025-07-09T18:01:11.360+0000] {spark_submit.py:644} INFO - 25/07/09 18:01:11 INFO BlockManagerMasterEndpoint: Registering block manager 38b7408c68d7:37879 with 434.4 MiB RAM, BlockManagerId(driver, 38b7408c68d7, 37879, None)
[2025-07-09T18:01:11.361+0000] {spark_submit.py:644} INFO - 25/07/09 18:01:11 INFO BlockManagerMaster: Registered BlockManager BlockManagerId(driver, 38b7408c68d7, 37879, None)
[2025-07-09T18:01:11.362+0000] {spark_submit.py:644} INFO - 25/07/09 18:01:11 INFO BlockManager: Initialized BlockManager: BlockManagerId(driver, 38b7408c68d7, 37879, None)
[2025-07-09T18:01:11.398+0000] {spark_submit.py:644} INFO - 25/07/09 18:01:11 INFO StandaloneAppClient$ClientEndpoint: Executor updated: app-20250709180111-0005/0 is now RUNNING
[2025-07-09T18:01:11.605+0000] {spark_submit.py:644} INFO - 25/07/09 18:01:11 INFO StandaloneSchedulerBackend: SchedulerBackend is ready for scheduling beginning after reached minRegisteredResourcesRatio: 0.0
[2025-07-09T18:01:12.026+0000] {spark_submit.py:644} INFO - [PROCESS EXERCISES] ✅ Sessão Spark criada com sucesso
[2025-07-09T18:01:12.027+0000] {spark_submit.py:644} INFO - [PROCESS EXERCISES] ✅ Processador de exercícios inicializado
[2025-07-09T18:01:12.027+0000] {spark_submit.py:644} INFO - [PROCESS EXERCISES] 🔄 Criando namespace nessie.exercises
[2025-07-09T18:01:12.033+0000] {spark_submit.py:644} INFO - 25/07/09 18:01:12 INFO SharedState: Setting hive.metastore.warehouse.dir ('null') to the value of spark.sql.warehouse.dir.
[2025-07-09T18:01:12.036+0000] {spark_submit.py:644} INFO - 25/07/09 18:01:12 INFO SharedState: Warehouse path is 'file:/opt/airflow/spark-warehouse'.
[2025-07-09T18:01:14.081+0000] {spark_submit.py:644} INFO - 25/07/09 18:01:14 INFO StandaloneSchedulerBackend$StandaloneDriverEndpoint: Registered executor NettyRpcEndpointRef(spark-client://Executor) (172.19.0.7:37318) with ID 0,  ResourceProfileId 0
[2025-07-09T18:01:14.146+0000] {spark_submit.py:644} INFO - 25/07/09 18:01:14 INFO BlockManagerMasterEndpoint: Registering block manager 172.19.0.7:40803 with 434.4 MiB RAM, BlockManagerId(0, 172.19.0.7, 40803, None)
[2025-07-09T18:01:14.728+0000] {spark_submit.py:644} INFO - 25/07/09 18:01:14 INFO CatalogUtil: Loading custom FileIO implementation: org.apache.iceberg.hadoop.HadoopFileIO
[2025-07-09T18:01:16.480+0000] {spark_submit.py:644} INFO - [PROCESS EXERCISES] ✅ Namespace criado/verificado com sucesso
[2025-07-09T18:01:16.480+0000] {spark_submit.py:644} INFO - [PROCESS EXERCISES] 🔄 === FASE 1: PROCESSAMENTO DE DOCUMENTOS ===
[2025-07-09T18:01:16.481+0000] {spark_submit.py:644} INFO - [PROCESS EXERCISES] 🔄 Iniciando processamento de documentos PDF em lote
[2025-07-09T18:01:16.482+0000] {spark_submit.py:644} INFO - [PROCESS EXERCISES] ℹ️ Encontrados 1 documentos
[2025-07-09T18:01:16.483+0000] {spark_submit.py:644} INFO - [PROCESS EXERCISES] ℹ️ Processando 1 documentos PDF válidos
[2025-07-09T18:01:16.484+0000] {spark_submit.py:644} INFO - [PROCESS EXERCISES] ℹ️ Carregando documentos PDF: 1 arquivos
[2025-07-09T18:01:16.767+0000] {spark_submit.py:644} INFO - 25/07/09 18:01:16 WARN MetricsConfig: Cannot locate configuration: tried hadoop-metrics2-s3a-file-system.properties,hadoop-metrics2.properties
[2025-07-09T18:01:16.780+0000] {spark_submit.py:644} INFO - 25/07/09 18:01:16 INFO MetricsSystemImpl: Scheduled Metric snapshot period at 10 second(s).
[2025-07-09T18:01:16.781+0000] {spark_submit.py:644} INFO - 25/07/09 18:01:16 INFO MetricsSystemImpl: s3a-file-system metrics system started
[2025-07-09T18:01:19.013+0000] {spark_submit.py:644} INFO - 25/07/09 18:01:19 INFO InMemoryFileIndex: It took 70 ms to list leaf files for 1 paths.
[2025-07-09T18:01:20.152+0000] {spark_submit.py:644} INFO - 25/07/09 18:01:20 INFO FileSourceStrategy: Pushed Filters:
[2025-07-09T18:01:20.153+0000] {spark_submit.py:644} INFO - 25/07/09 18:01:20 INFO FileSourceStrategy: Post-Scan Filters:
[2025-07-09T18:01:20.788+0000] {spark_submit.py:644} INFO - 25/07/09 18:01:20 INFO CodeGenerator: Code generated in 182.274195 ms
[2025-07-09T18:01:20.853+0000] {spark_submit.py:644} INFO - 25/07/09 18:01:20 INFO MemoryStore: Block broadcast_0 stored as values in memory (estimated size 203.5 KiB, free 434.2 MiB)
[2025-07-09T18:01:21.254+0000] {spark_submit.py:644} INFO - 25/07/09 18:01:21 INFO MemoryStore: Block broadcast_0_piece0 stored as bytes in memory (estimated size 35.7 KiB, free 434.2 MiB)
[2025-07-09T18:01:21.257+0000] {spark_submit.py:644} INFO - 25/07/09 18:01:21 INFO BlockManagerInfo: Added broadcast_0_piece0 in memory on 38b7408c68d7:37879 (size: 35.7 KiB, free: 434.4 MiB)
[2025-07-09T18:01:21.263+0000] {spark_submit.py:644} INFO - 25/07/09 18:01:21 INFO SparkContext: Created broadcast 0 from collect at /opt/bitnami/spark/jobs/process_exercises_job.py:394
[2025-07-09T18:01:21.283+0000] {spark_submit.py:644} INFO - 25/07/09 18:01:21 INFO FileSourceScanExec: Planning scan with bin packing, max size: 4194304 bytes, open cost is considered as scanning 4194304 bytes.
[2025-07-09T18:01:22.410+0000] {spark_submit.py:644} INFO - 25/07/09 18:01:22 INFO SparkContext: Starting job: collect at /opt/bitnami/spark/jobs/process_exercises_job.py:394
[2025-07-09T18:01:22.483+0000] {spark_submit.py:644} INFO - 25/07/09 18:01:22 INFO DAGScheduler: Got job 0 (collect at /opt/bitnami/spark/jobs/process_exercises_job.py:394) with 1 output partitions
[2025-07-09T18:01:22.484+0000] {spark_submit.py:644} INFO - 25/07/09 18:01:22 INFO DAGScheduler: Final stage: ResultStage 0 (collect at /opt/bitnami/spark/jobs/process_exercises_job.py:394)
[2025-07-09T18:01:22.485+0000] {spark_submit.py:644} INFO - 25/07/09 18:01:22 INFO DAGScheduler: Parents of final stage: List()
[2025-07-09T18:01:22.485+0000] {spark_submit.py:644} INFO - 25/07/09 18:01:22 INFO DAGScheduler: Missing parents: List()
[2025-07-09T18:01:22.488+0000] {spark_submit.py:644} INFO - 25/07/09 18:01:22 INFO DAGScheduler: Submitting ResultStage 0 (MapPartitionsRDD[5] at collect at /opt/bitnami/spark/jobs/process_exercises_job.py:394), which has no missing parents
[2025-07-09T18:01:22.501+0000] {spark_submit.py:644} INFO - 25/07/09 18:01:22 INFO MemoryStore: Block broadcast_1 stored as values in memory (estimated size 27.8 KiB, free 434.1 MiB)
[2025-07-09T18:01:22.511+0000] {spark_submit.py:644} INFO - 25/07/09 18:01:22 INFO MemoryStore: Block broadcast_1_piece0 stored as bytes in memory (estimated size 13.8 KiB, free 434.1 MiB)
[2025-07-09T18:01:22.512+0000] {spark_submit.py:644} INFO - 25/07/09 18:01:22 INFO BlockManagerInfo: Added broadcast_1_piece0 in memory on 38b7408c68d7:37879 (size: 13.8 KiB, free: 434.4 MiB)
[2025-07-09T18:01:22.512+0000] {spark_submit.py:644} INFO - 25/07/09 18:01:22 INFO SparkContext: Created broadcast 1 from broadcast at DAGScheduler.scala:1585
[2025-07-09T18:01:22.894+0000] {spark_submit.py:644} INFO - 25/07/09 18:01:22 INFO DAGScheduler: Submitting 1 missing tasks from ResultStage 0 (MapPartitionsRDD[5] at collect at /opt/bitnami/spark/jobs/process_exercises_job.py:394) (first 15 tasks are for partitions Vector(0))
[2025-07-09T18:01:22.895+0000] {spark_submit.py:644} INFO - 25/07/09 18:01:22 INFO TaskSchedulerImpl: Adding task set 0.0 with 1 tasks resource profile 0
[2025-07-09T18:01:30.911+0000] {spark_submit.py:644} INFO - 25/07/09 18:01:30 INFO TaskSetManager: Starting task 0.0 in stage 0.0 (TID 0) (172.19.0.7, executor 0, partition 0, PROCESS_LOCAL, 10199 bytes)
[2025-07-09T18:01:31.317+0000] {spark_submit.py:644} INFO - 25/07/09 18:01:31 INFO BlockManagerInfo: Added broadcast_1_piece0 in memory on 172.19.0.7:40803 (size: 13.8 KiB, free: 434.4 MiB)
[2025-07-09T18:01:33.983+0000] {spark_submit.py:644} INFO - 25/07/09 18:01:33 INFO BlockManagerInfo: Added broadcast_0_piece0 in memory on 172.19.0.7:40803 (size: 35.7 KiB, free: 434.4 MiB)
[2025-07-09T18:01:43.554+0000] {spark_submit.py:644} INFO - 25/07/09 18:01:43 INFO TaskSetManager: Finished task 0.0 in stage 0.0 (TID 0) in 12651 ms on 172.19.0.7 (executor 0) (1/1)
[2025-07-09T18:01:43.556+0000] {spark_submit.py:644} INFO - 25/07/09 18:01:43 INFO TaskSchedulerImpl: Removed TaskSet 0.0, whose tasks have all completed, from pool
[2025-07-09T18:01:43.559+0000] {spark_submit.py:644} INFO - 25/07/09 18:01:43 INFO PythonAccumulatorV2: Connected to AccumulatorServer at host: 127.0.0.1 port: 58155
[2025-07-09T18:01:43.562+0000] {spark_submit.py:644} INFO - 25/07/09 18:01:43 INFO DAGScheduler: ResultStage 0 (collect at /opt/bitnami/spark/jobs/process_exercises_job.py:394) finished in 21.065 s
[2025-07-09T18:01:43.565+0000] {spark_submit.py:644} INFO - 25/07/09 18:01:43 INFO DAGScheduler: Job 0 is finished. Cancelling potential speculative or zombie tasks for this job
[2025-07-09T18:01:43.565+0000] {spark_submit.py:644} INFO - 25/07/09 18:01:43 INFO TaskSchedulerImpl: Killing all running tasks in stage 0: Stage finished
[2025-07-09T18:01:43.567+0000] {spark_submit.py:644} INFO - 25/07/09 18:01:43 INFO DAGScheduler: Job 0 finished: collect at /opt/bitnami/spark/jobs/process_exercises_job.py:394, took 21.157851 s
[2025-07-09T18:01:43.630+0000] {spark_submit.py:644} INFO - [PROCESS EXERCISES] ✅ Documento processado com sucesso: Op Jacui IV - Ordem de Operacoes.pdf
[2025-07-09T18:01:43.630+0000] {spark_submit.py:644} INFO - [PROCESS EXERCISES] ✅ Processamento de documentos concluído em lote:
[2025-07-09T18:01:43.631+0000] {spark_submit.py:644} INFO - [PROCESS EXERCISES] ✅   • Total processados: 1
[2025-07-09T18:01:43.631+0000] {spark_submit.py:644} INFO - [PROCESS EXERCISES] ✅   • Sucessos: 1
[2025-07-09T18:01:43.632+0000] {spark_submit.py:644} INFO - [PROCESS EXERCISES] ✅   • Erros: 0
[2025-07-09T18:01:45.145+0000] {spark_submit.py:644} INFO - 25/07/09 18:01:45 INFO CodeGenerator: Code generated in 17.808139 ms
[2025-07-09T18:01:45.169+0000] {spark_submit.py:644} INFO - 25/07/09 18:01:45 INFO DAGScheduler: Registering RDD 12 (count at NativeMethodAccessorImpl.java:0) as input to shuffle 0
[2025-07-09T18:01:45.172+0000] {spark_submit.py:644} INFO - 25/07/09 18:01:45 INFO DAGScheduler: Got map stage job 1 (count at NativeMethodAccessorImpl.java:0) with 2 output partitions
[2025-07-09T18:01:45.173+0000] {spark_submit.py:644} INFO - 25/07/09 18:01:45 INFO DAGScheduler: Final stage: ShuffleMapStage 1 (count at NativeMethodAccessorImpl.java:0)
[2025-07-09T18:01:45.174+0000] {spark_submit.py:644} INFO - 25/07/09 18:01:45 INFO DAGScheduler: Parents of final stage: List()
[2025-07-09T18:01:45.174+0000] {spark_submit.py:644} INFO - 25/07/09 18:01:45 INFO DAGScheduler: Missing parents: List()
[2025-07-09T18:01:45.176+0000] {spark_submit.py:644} INFO - 25/07/09 18:01:45 INFO DAGScheduler: Submitting ShuffleMapStage 1 (MapPartitionsRDD[12] at count at NativeMethodAccessorImpl.java:0), which has no missing parents
[2025-07-09T18:01:45.196+0000] {spark_submit.py:644} INFO - 25/07/09 18:01:45 INFO MemoryStore: Block broadcast_2 stored as values in memory (estimated size 16.1 KiB, free 434.1 MiB)
[2025-07-09T18:01:45.220+0000] {spark_submit.py:644} INFO - 25/07/09 18:01:45 INFO MemoryStore: Block broadcast_2_piece0 stored as bytes in memory (estimated size 8.4 KiB, free 434.1 MiB)
[2025-07-09T18:01:45.233+0000] {spark_submit.py:644} INFO - 25/07/09 18:01:45 INFO BlockManagerInfo: Added broadcast_2_piece0 in memory on 38b7408c68d7:37879 (size: 8.4 KiB, free: 434.3 MiB)
[2025-07-09T18:01:45.234+0000] {spark_submit.py:644} INFO - 25/07/09 18:01:45 INFO SparkContext: Created broadcast 2 from broadcast at DAGScheduler.scala:1585
[2025-07-09T18:01:45.236+0000] {spark_submit.py:644} INFO - 25/07/09 18:01:45 INFO DAGScheduler: Submitting 2 missing tasks from ShuffleMapStage 1 (MapPartitionsRDD[12] at count at NativeMethodAccessorImpl.java:0) (first 15 tasks are for partitions Vector(0, 1))
[2025-07-09T18:01:45.237+0000] {spark_submit.py:644} INFO - 25/07/09 18:01:45 INFO TaskSchedulerImpl: Adding task set 1.0 with 2 tasks resource profile 0
[2025-07-09T18:01:45.242+0000] {spark_submit.py:644} INFO - 25/07/09 18:01:45 INFO TaskSetManager: Starting task 0.0 in stage 1.0 (TID 1) (172.19.0.7, executor 0, partition 0, PROCESS_LOCAL, 9487 bytes)
[2025-07-09T18:01:45.243+0000] {spark_submit.py:644} INFO - 25/07/09 18:01:45 INFO TaskSetManager: Starting task 1.0 in stage 1.0 (TID 2) (172.19.0.7, executor 0, partition 1, PROCESS_LOCAL, 26331 bytes)
[2025-07-09T18:01:45.247+0000] {spark_submit.py:644} INFO - 25/07/09 18:01:45 INFO BlockManagerInfo: Removed broadcast_1_piece0 on 38b7408c68d7:37879 in memory (size: 13.8 KiB, free: 434.4 MiB)
[2025-07-09T18:01:45.272+0000] {spark_submit.py:644} INFO - 25/07/09 18:01:45 INFO BlockManagerInfo: Removed broadcast_1_piece0 on 172.19.0.7:40803 in memory (size: 13.8 KiB, free: 434.4 MiB)
[2025-07-09T18:01:45.317+0000] {spark_submit.py:644} INFO - 25/07/09 18:01:45 INFO BlockManagerInfo: Added broadcast_2_piece0 in memory on 172.19.0.7:40803 (size: 8.4 KiB, free: 434.4 MiB)
[2025-07-09T18:01:49.752+0000] {spark_submit.py:644} INFO - 25/07/09 18:01:49 INFO TaskSetManager: Finished task 1.0 in stage 1.0 (TID 2) in 4509 ms on 172.19.0.7 (executor 0) (1/2)
[2025-07-09T18:01:49.752+0000] {spark_submit.py:644} INFO - 25/07/09 18:01:49 INFO TaskSetManager: Finished task 0.0 in stage 1.0 (TID 1) in 4514 ms on 172.19.0.7 (executor 0) (2/2)
[2025-07-09T18:01:49.753+0000] {spark_submit.py:644} INFO - 25/07/09 18:01:49 INFO TaskSchedulerImpl: Removed TaskSet 1.0, whose tasks have all completed, from pool
[2025-07-09T18:01:49.756+0000] {spark_submit.py:644} INFO - 25/07/09 18:01:49 INFO DAGScheduler: ShuffleMapStage 1 (count at NativeMethodAccessorImpl.java:0) finished in 4.575 s
[2025-07-09T18:01:49.757+0000] {spark_submit.py:644} INFO - 25/07/09 18:01:49 INFO DAGScheduler: looking for newly runnable stages
[2025-07-09T18:01:49.757+0000] {spark_submit.py:644} INFO - 25/07/09 18:01:49 INFO DAGScheduler: running: Set()
[2025-07-09T18:01:49.758+0000] {spark_submit.py:644} INFO - 25/07/09 18:01:49 INFO DAGScheduler: waiting: Set()
[2025-07-09T18:01:49.758+0000] {spark_submit.py:644} INFO - 25/07/09 18:01:49 INFO DAGScheduler: failed: Set()
[2025-07-09T18:01:49.798+0000] {spark_submit.py:644} INFO - 25/07/09 18:01:49 INFO CodeGenerator: Code generated in 12.785946 ms
[2025-07-09T18:01:49.826+0000] {spark_submit.py:644} INFO - 25/07/09 18:01:49 INFO SparkContext: Starting job: count at NativeMethodAccessorImpl.java:0
[2025-07-09T18:01:49.828+0000] {spark_submit.py:644} INFO - 25/07/09 18:01:49 INFO DAGScheduler: Got job 2 (count at NativeMethodAccessorImpl.java:0) with 1 output partitions
[2025-07-09T18:01:49.829+0000] {spark_submit.py:644} INFO - 25/07/09 18:01:49 INFO DAGScheduler: Final stage: ResultStage 3 (count at NativeMethodAccessorImpl.java:0)
[2025-07-09T18:01:49.830+0000] {spark_submit.py:644} INFO - 25/07/09 18:01:49 INFO DAGScheduler: Parents of final stage: List(ShuffleMapStage 2)
[2025-07-09T18:01:49.831+0000] {spark_submit.py:644} INFO - 25/07/09 18:01:49 INFO DAGScheduler: Missing parents: List()
[2025-07-09T18:01:49.832+0000] {spark_submit.py:644} INFO - 25/07/09 18:01:49 INFO DAGScheduler: Submitting ResultStage 3 (MapPartitionsRDD[15] at count at NativeMethodAccessorImpl.java:0), which has no missing parents
[2025-07-09T18:01:49.840+0000] {spark_submit.py:644} INFO - 25/07/09 18:01:49 INFO MemoryStore: Block broadcast_3 stored as values in memory (estimated size 12.5 KiB, free 434.1 MiB)
[2025-07-09T18:01:49.854+0000] {spark_submit.py:644} INFO - 25/07/09 18:01:49 INFO MemoryStore: Block broadcast_3_piece0 stored as bytes in memory (estimated size 5.9 KiB, free 434.1 MiB)
[2025-07-09T18:01:49.856+0000] {spark_submit.py:644} INFO - 25/07/09 18:01:49 INFO BlockManagerInfo: Added broadcast_3_piece0 in memory on 38b7408c68d7:37879 (size: 5.9 KiB, free: 434.4 MiB)
[2025-07-09T18:01:49.858+0000] {spark_submit.py:644} INFO - 25/07/09 18:01:49 INFO SparkContext: Created broadcast 3 from broadcast at DAGScheduler.scala:1585
[2025-07-09T18:01:49.859+0000] {spark_submit.py:644} INFO - 25/07/09 18:01:49 INFO BlockManagerInfo: Removed broadcast_2_piece0 on 38b7408c68d7:37879 in memory (size: 8.4 KiB, free: 434.4 MiB)
[2025-07-09T18:01:49.870+0000] {spark_submit.py:644} INFO - 25/07/09 18:01:49 INFO DAGScheduler: Submitting 1 missing tasks from ResultStage 3 (MapPartitionsRDD[15] at count at NativeMethodAccessorImpl.java:0) (first 15 tasks are for partitions Vector(0))
[2025-07-09T18:01:49.871+0000] {spark_submit.py:644} INFO - 25/07/09 18:01:49 INFO TaskSchedulerImpl: Adding task set 3.0 with 1 tasks resource profile 0
[2025-07-09T18:01:49.873+0000] {spark_submit.py:644} INFO - 25/07/09 18:01:49 INFO BlockManagerInfo: Removed broadcast_2_piece0 on 172.19.0.7:40803 in memory (size: 8.4 KiB, free: 434.4 MiB)
[2025-07-09T18:01:49.880+0000] {spark_submit.py:644} INFO - 25/07/09 18:01:49 INFO TaskSetManager: Starting task 0.0 in stage 3.0 (TID 3) (172.19.0.7, executor 0, partition 0, NODE_LOCAL, 9518 bytes)
[2025-07-09T18:01:49.908+0000] {spark_submit.py:644} INFO - 25/07/09 18:01:49 INFO BlockManagerInfo: Added broadcast_3_piece0 in memory on 172.19.0.7:40803 (size: 5.9 KiB, free: 434.4 MiB)
[2025-07-09T18:01:49.932+0000] {spark_submit.py:644} INFO - 25/07/09 18:01:49 INFO MapOutputTrackerMasterEndpoint: Asked to send map output locations for shuffle 0 to 172.19.0.7:37318
[2025-07-09T18:01:50.179+0000] {spark_submit.py:644} INFO - 25/07/09 18:01:50 INFO TaskSetManager: Finished task 0.0 in stage 3.0 (TID 3) in 302 ms on 172.19.0.7 (executor 0) (1/1)
[2025-07-09T18:01:50.180+0000] {spark_submit.py:644} INFO - 25/07/09 18:01:50 INFO TaskSchedulerImpl: Removed TaskSet 3.0, whose tasks have all completed, from pool
[2025-07-09T18:01:50.182+0000] {spark_submit.py:644} INFO - 25/07/09 18:01:50 INFO DAGScheduler: ResultStage 3 (count at NativeMethodAccessorImpl.java:0) finished in 0.344 s
[2025-07-09T18:01:50.183+0000] {spark_submit.py:644} INFO - 25/07/09 18:01:50 INFO DAGScheduler: Job 2 is finished. Cancelling potential speculative or zombie tasks for this job
[2025-07-09T18:01:50.183+0000] {spark_submit.py:644} INFO - 25/07/09 18:01:50 INFO TaskSchedulerImpl: Killing all running tasks in stage 3: Stage finished
[2025-07-09T18:01:50.184+0000] {spark_submit.py:644} INFO - 25/07/09 18:01:50 INFO DAGScheduler: Job 2 finished: count at NativeMethodAccessorImpl.java:0, took 0.357121 s
[2025-07-09T18:01:50.187+0000] {spark_submit.py:644} INFO - [PROCESS EXERCISES] ℹ️ Salvando 1 registros na tabela nessie.exercises.pdf_documents
[2025-07-09T18:01:50.292+0000] {spark_submit.py:644} INFO - 25/07/09 18:01:50 INFO BaseMetastoreTableOperations: Refreshing table metadata from new version: s3a://warehouse/exercises/pdf_documents_3f2f6938-06f1-4401-a884-d6a6de9720a0/metadata/00043-6080dc3d-fca4-4315-a937-44b5a84d9c45.metadata.json
[2025-07-09T18:01:50.481+0000] {spark_submit.py:644} INFO - 25/07/09 18:01:50 INFO NessieUtil: loadTableMetadata for 'exercises.pdf_documents' from location 's3a://warehouse/exercises/pdf_documents_3f2f6938-06f1-4401-a884-d6a6de9720a0/metadata/00043-6080dc3d-fca4-4315-a937-44b5a84d9c45.metadata.json' at 'Branch{name=main, metadata=null, hash=081c3423452908bd12923f03e36beb3204b599539dd23fa016101710ce3a6deb}'
[2025-07-09T18:01:50.506+0000] {spark_submit.py:644} INFO - 25/07/09 18:01:50 INFO BaseMetastoreCatalog: Table loaded by catalog: nessie.exercises.pdf_documents
[2025-07-09T18:01:51.087+0000] {spark_submit.py:644} INFO - 25/07/09 18:01:51 INFO BlockManagerInfo: Removed broadcast_3_piece0 on 38b7408c68d7:37879 in memory (size: 5.9 KiB, free: 434.4 MiB)
[2025-07-09T18:01:51.090+0000] {spark_submit.py:644} INFO - 25/07/09 18:01:51 INFO BlockManagerInfo: Removed broadcast_3_piece0 on 172.19.0.7:40803 in memory (size: 5.9 KiB, free: 434.4 MiB)
[2025-07-09T18:01:51.559+0000] {spark_submit.py:644} INFO - 25/07/09 18:01:51 INFO CodeGenerator: Code generated in 61.183518 ms
[2025-07-09T18:01:51.563+0000] {spark_submit.py:644} INFO - [PROCESS EXERCISES] 🔄 Salvando tabela nessie.exercises.pdf_documents em modo append
[2025-07-09T18:01:51.828+0000] {spark_submit.py:644} INFO - [PROCESS EXERCISES] ❌ Erro crítico ao salvar tabela nessie.exercises.pdf_documents: [INSERT_COLUMN_ARITY_MISMATCH.TOO_MANY_DATA_COLUMNS] Cannot write to `nessie`.`exercises`.`pdf_documents`, the reason is too many data columns:
[2025-07-09T18:01:51.829+0000] {spark_submit.py:644} INFO - Table columns: `document_name`, `exercise_id`, `extracted_text`, `processed_at`, `status`.
[2025-07-09T18:01:51.829+0000] {spark_submit.py:644} INFO - Data columns: `document_name`, `exercise_id`, `extracted_text`, `processed_at`, `source_file`, `status`.
[2025-07-09T18:01:51.831+0000] {spark_submit.py:644} INFO - [PROCESS EXERCISES] ❌ Erro crítico durante o processamento: Falha ao salvar tabela nessie.exercises.pdf_documents: [INSERT_COLUMN_ARITY_MISMATCH.TOO_MANY_DATA_COLUMNS] Cannot write to `nessie`.`exercises`.`pdf_documents`, the reason is too many data columns:
[2025-07-09T18:01:51.831+0000] {spark_submit.py:644} INFO - Table columns: `document_name`, `exercise_id`, `extracted_text`, `processed_at`, `status`.
[2025-07-09T18:01:51.832+0000] {spark_submit.py:644} INFO - Data columns: `document_name`, `exercise_id`, `extracted_text`, `processed_at`, `source_file`, `status`.
[2025-07-09T18:01:51.832+0000] {spark_submit.py:644} INFO - [PROCESS EXERCISES] 🔄 Finalizando sessão Spark
[2025-07-09T18:01:51.833+0000] {spark_submit.py:644} INFO - 25/07/09 18:01:51 INFO SparkContext: SparkContext is stopping with exitCode 0.
[2025-07-09T18:01:51.841+0000] {spark_submit.py:644} INFO - 25/07/09 18:01:51 INFO SparkUI: Stopped Spark web UI at http://38b7408c68d7:4040
[2025-07-09T18:01:51.843+0000] {spark_submit.py:644} INFO - 25/07/09 18:01:51 INFO StandaloneSchedulerBackend: Shutting down all executors
[2025-07-09T18:01:51.844+0000] {spark_submit.py:644} INFO - 25/07/09 18:01:51 INFO StandaloneSchedulerBackend$StandaloneDriverEndpoint: Asking each executor to shut down
[2025-07-09T18:01:51.859+0000] {spark_submit.py:644} INFO - 25/07/09 18:01:51 INFO MapOutputTrackerMasterEndpoint: MapOutputTrackerMasterEndpoint stopped!
[2025-07-09T18:01:51.889+0000] {spark_submit.py:644} INFO - 25/07/09 18:01:51 INFO MemoryStore: MemoryStore cleared
[2025-07-09T18:01:51.889+0000] {spark_submit.py:644} INFO - 25/07/09 18:01:51 INFO BlockManager: BlockManager stopped
[2025-07-09T18:01:51.892+0000] {spark_submit.py:644} INFO - 25/07/09 18:01:51 INFO BlockManagerMaster: BlockManagerMaster stopped
[2025-07-09T18:01:51.895+0000] {spark_submit.py:644} INFO - 25/07/09 18:01:51 INFO OutputCommitCoordinator$OutputCommitCoordinatorEndpoint: OutputCommitCoordinator stopped!
[2025-07-09T18:01:51.905+0000] {spark_submit.py:644} INFO - 25/07/09 18:01:51 INFO SparkContext: Successfully stopped SparkContext
[2025-07-09T18:01:52.761+0000] {spark_submit.py:644} INFO - [PROCESS EXERCISES] ✅ Sessão Spark finalizada com sucesso
[2025-07-09T18:01:52.845+0000] {spark_submit.py:644} INFO - 25/07/09 18:01:52 INFO ShutdownHookManager: Shutdown hook called
[2025-07-09T18:01:52.846+0000] {spark_submit.py:644} INFO - 25/07/09 18:01:52 INFO ShutdownHookManager: Deleting directory /tmp/spark-877d3fb4-c688-4bba-a490-5d16e282618d
[2025-07-09T18:01:52.850+0000] {spark_submit.py:644} INFO - 25/07/09 18:01:52 INFO ShutdownHookManager: Deleting directory /tmp/spark-a46ba6fe-46d8-4372-a150-cfcb8c7fb87f
[2025-07-09T18:01:52.857+0000] {spark_submit.py:644} INFO - 25/07/09 18:01:52 INFO ShutdownHookManager: Deleting directory /tmp/spark-877d3fb4-c688-4bba-a490-5d16e282618d/pyspark-efd65b38-e68b-4623-819a-866af1a47bed
[2025-07-09T18:01:52.922+0000] {spark_submit.py:644} INFO - 25/07/09 18:01:52 INFO MetricsSystemImpl: Stopping s3a-file-system metrics system...
[2025-07-09T18:01:52.923+0000] {spark_submit.py:644} INFO - 25/07/09 18:01:52 INFO MetricsSystemImpl: s3a-file-system metrics system stopped.
[2025-07-09T18:01:52.924+0000] {spark_submit.py:644} INFO - 25/07/09 18:01:52 INFO MetricsSystemImpl: s3a-file-system metrics system shutdown complete.
[2025-07-09T18:01:53.293+0000] {taskinstance.py:3336} ERROR - Task failed with exception
Traceback (most recent call last):
  File "/home/airflow/.local/lib/python3.12/site-packages/airflow/models/taskinstance.py", line 776, in _execute_task
    result = _execute_callable(context=context, **execute_callable_kwargs)
             ^^^^^^^^^^^^^^^^^^^^^^^^^^^^^^^^^^^^^^^^^^^^^^^^^^^^^^^^^^^^^
  File "/home/airflow/.local/lib/python3.12/site-packages/airflow/models/taskinstance.py", line 742, in _execute_callable
    return ExecutionCallableRunner(
           ^^^^^^^^^^^^^^^^^^^^^^^^
  File "/home/airflow/.local/lib/python3.12/site-packages/airflow/utils/operator_helpers.py", line 252, in run
    return self.func(*args, **kwargs)
           ^^^^^^^^^^^^^^^^^^^^^^^^^^
  File "/home/airflow/.local/lib/python3.12/site-packages/airflow/models/baseoperator.py", line 424, in wrapper
    return func(self, *args, **kwargs)
           ^^^^^^^^^^^^^^^^^^^^^^^^^^^
  File "/home/airflow/.local/lib/python3.12/site-packages/airflow/providers/apache/spark/operators/spark_submit.py", line 197, in execute
    self._hook.submit(self.application)
  File "/home/airflow/.local/lib/python3.12/site-packages/airflow/providers/apache/spark/hooks/spark_submit.py", line 566, in submit
    raise AirflowException(
airflow.exceptions.AirflowException: Cannot execute: spark-submit --master spark://spark-master:7077 --jars /opt/bitnami/spark/jars/iceberg-spark-runtime-3.5_2.12-1.8.1.jar,/opt/bitnami/spark/jars/nessie-spark-extensions-3.5_2.12-0.103.2.jar,/opt/bitnami/spark/jars/nessie-client-0.103.2.jar,/opt/bitnami/spark/jars/hadoop-aws-3.3.2.jar,/opt/bitnami/spark/jars/aws-java-sdk-bundle-1.12.262.jar, --name arrow-spark --deploy-mode client /opt/bitnami/spark/jobs/process_exercises_job.py {"id": "CA-LESTE-construtiva-4455-2025-07-08", "manifest_entry": {"data": {"createdAt": "2025-07-08T19:50:09.281Z", "origin": "CA-LESTE", "path": "exercises/CA-LESTE-construtiva-4455-2025-07-08"}, "id": "CA-LESTE-construtiva-4455-2025-07-08"}, "metadata": {"createdAt": "2025-07-08T19:50:09.281Z", "description": "4455", "documents": [{"description": "", "id": "1752004297308", "mimetype": "application/pdf", "name": "Op Jacui IV - Ordem de Operacoes.pdf", "path": "exercises/CA-LESTE-construtiva-4455-2025-07-08/documents/Op Jacui IV - Ordem de Operacoes.pdf", "size": 336744, "uploadedAt": "2025-07-08T19:51:37.308Z"}], "endDate": "2025-07-22", "id": "CA-LESTE-construtiva-4455-2025-07-08", "name": "Jogo de Guerra", "origin": "CA-LESTE", "simulationType": "construtiva", "simulations": [{"id": "172.19.0.14_2025-07-08", "movedAt": "2025-07-08T19:51:46.649Z", "name": "172.19.0.14_2025-07-08", "originalPath": "staging/172.19.0.14_2025-07-08", "path": "exercises/CA-LESTE-construtiva-4455-2025-07-08/simulations/172.19.0.14_2025-07-08"}], "startDate": "2025-07-15", "trainedForce": "4455", "updatedAt": "2025-07-08T19:51:46.649Z", "wikiUrl": ""}}. Error code is: 1.
[2025-07-09T18:01:53.298+0000] {taskinstance.py:1242} INFO - Marking task as FAILED. dag_id=process_exercises, task_id=process_exercises, run_id=manual__2025-07-09T18:01:02.746608+00:00, execution_date=20250709T180102, start_date=20250709T180106, end_date=20250709T180153
[2025-07-09T18:01:53.429+0000] {taskinstance.py:349} INFO - ::group::Post task execution logs
[2025-07-09T18:01:53.430+0000] {standard_task_runner.py:124} ERROR - Failed to execute job 229 for task process_exercises (Cannot execute: spark-submit --master spark://spark-master:7077 --jars /opt/bitnami/spark/jars/iceberg-spark-runtime-3.5_2.12-1.8.1.jar,/opt/bitnami/spark/jars/nessie-spark-extensions-3.5_2.12-0.103.2.jar,/opt/bitnami/spark/jars/nessie-client-0.103.2.jar,/opt/bitnami/spark/jars/hadoop-aws-3.3.2.jar,/opt/bitnami/spark/jars/aws-java-sdk-bundle-1.12.262.jar, --name arrow-spark --deploy-mode client /opt/bitnami/spark/jobs/process_exercises_job.py {"id": "CA-LESTE-construtiva-4455-2025-07-08", "manifest_entry": {"data": {"createdAt": "2025-07-08T19:50:09.281Z", "origin": "CA-LESTE", "path": "exercises/CA-LESTE-construtiva-4455-2025-07-08"}, "id": "CA-LESTE-construtiva-4455-2025-07-08"}, "metadata": {"createdAt": "2025-07-08T19:50:09.281Z", "description": "4455", "documents": [{"description": "", "id": "1752004297308", "mimetype": "application/pdf", "name": "Op Jacui IV - Ordem de Operacoes.pdf", "path": "exercises/CA-LESTE-construtiva-4455-2025-07-08/documents/Op Jacui IV - Ordem de Operacoes.pdf", "size": 336744, "uploadedAt": "2025-07-08T19:51:37.308Z"}], "endDate": "2025-07-22", "id": "CA-LESTE-construtiva-4455-2025-07-08", "name": "Jogo de Guerra", "origin": "CA-LESTE", "simulationType": "construtiva", "simulations": [{"id": "172.19.0.14_2025-07-08", "movedAt": "2025-07-08T19:51:46.649Z", "name": "172.19.0.14_2025-07-08", "originalPath": "staging/172.19.0.14_2025-07-08", "path": "exercises/CA-LESTE-construtiva-4455-2025-07-08/simulations/172.19.0.14_2025-07-08"}], "startDate": "2025-07-15", "trainedForce": "4455", "updatedAt": "2025-07-08T19:51:46.649Z", "wikiUrl": ""}}. Error code is: 1.; 1893)
Traceback (most recent call last):
  File "/home/airflow/.local/lib/python3.12/site-packages/airflow/task/task_runner/standard_task_runner.py", line 117, in _start_by_fork
    ret = args.func(args, dag=self.dag)
          ^^^^^^^^^^^^^^^^^^^^^^^^^^^^^
  File "/home/airflow/.local/lib/python3.12/site-packages/airflow/cli/cli_config.py", line 49, in command
    return func(*args, **kwargs)
           ^^^^^^^^^^^^^^^^^^^^^
  File "/home/airflow/.local/lib/python3.12/site-packages/airflow/utils/cli.py", line 116, in wrapper
    return f(*args, **kwargs)
           ^^^^^^^^^^^^^^^^^^
  File "/home/airflow/.local/lib/python3.12/site-packages/airflow/cli/commands/task_command.py", line 483, in task_run
    task_return_code = _run_task_by_selected_method(args, _dag, ti)
                       ^^^^^^^^^^^^^^^^^^^^^^^^^^^^^^^^^^^^^^^^^^^^
  File "/home/airflow/.local/lib/python3.12/site-packages/airflow/cli/commands/task_command.py", line 256, in _run_task_by_selected_method
    return _run_raw_task(args, ti)
           ^^^^^^^^^^^^^^^^^^^^^^^
  File "/home/airflow/.local/lib/python3.12/site-packages/airflow/cli/commands/task_command.py", line 341, in _run_raw_task
    return ti._run_raw_task(
           ^^^^^^^^^^^^^^^^^
  File "/home/airflow/.local/lib/python3.12/site-packages/airflow/utils/session.py", line 97, in wrapper
    return func(*args, session=session, **kwargs)
           ^^^^^^^^^^^^^^^^^^^^^^^^^^^^^^^^^^^^^^
  File "/home/airflow/.local/lib/python3.12/site-packages/airflow/models/taskinstance.py", line 3029, in _run_raw_task
    return _run_raw_task(
           ^^^^^^^^^^^^^^
  File "/home/airflow/.local/lib/python3.12/site-packages/airflow/models/taskinstance.py", line 282, in _run_raw_task
    TaskInstance._execute_task_with_callbacks(
  File "/home/airflow/.local/lib/python3.12/site-packages/airflow/models/taskinstance.py", line 3184, in _execute_task_with_callbacks
    result = self._execute_task(context, task_orig)
             ^^^^^^^^^^^^^^^^^^^^^^^^^^^^^^^^^^^^^^
  File "/home/airflow/.local/lib/python3.12/site-packages/airflow/models/taskinstance.py", line 3208, in _execute_task
    return _execute_task(self, context, task_orig)
           ^^^^^^^^^^^^^^^^^^^^^^^^^^^^^^^^^^^^^^^
  File "/home/airflow/.local/lib/python3.12/site-packages/airflow/models/taskinstance.py", line 776, in _execute_task
    result = _execute_callable(context=context, **execute_callable_kwargs)
             ^^^^^^^^^^^^^^^^^^^^^^^^^^^^^^^^^^^^^^^^^^^^^^^^^^^^^^^^^^^^^
  File "/home/airflow/.local/lib/python3.12/site-packages/airflow/models/taskinstance.py", line 742, in _execute_callable
    return ExecutionCallableRunner(
           ^^^^^^^^^^^^^^^^^^^^^^^^
  File "/home/airflow/.local/lib/python3.12/site-packages/airflow/utils/operator_helpers.py", line 252, in run
    return self.func(*args, **kwargs)
           ^^^^^^^^^^^^^^^^^^^^^^^^^^
  File "/home/airflow/.local/lib/python3.12/site-packages/airflow/models/baseoperator.py", line 424, in wrapper
    return func(self, *args, **kwargs)
           ^^^^^^^^^^^^^^^^^^^^^^^^^^^
  File "/home/airflow/.local/lib/python3.12/site-packages/airflow/providers/apache/spark/operators/spark_submit.py", line 197, in execute
    self._hook.submit(self.application)
  File "/home/airflow/.local/lib/python3.12/site-packages/airflow/providers/apache/spark/hooks/spark_submit.py", line 566, in submit
    raise AirflowException(
airflow.exceptions.AirflowException: Cannot execute: spark-submit --master spark://spark-master:7077 --jars /opt/bitnami/spark/jars/iceberg-spark-runtime-3.5_2.12-1.8.1.jar,/opt/bitnami/spark/jars/nessie-spark-extensions-3.5_2.12-0.103.2.jar,/opt/bitnami/spark/jars/nessie-client-0.103.2.jar,/opt/bitnami/spark/jars/hadoop-aws-3.3.2.jar,/opt/bitnami/spark/jars/aws-java-sdk-bundle-1.12.262.jar, --name arrow-spark --deploy-mode client /opt/bitnami/spark/jobs/process_exercises_job.py {"id": "CA-LESTE-construtiva-4455-2025-07-08", "manifest_entry": {"data": {"createdAt": "2025-07-08T19:50:09.281Z", "origin": "CA-LESTE", "path": "exercises/CA-LESTE-construtiva-4455-2025-07-08"}, "id": "CA-LESTE-construtiva-4455-2025-07-08"}, "metadata": {"createdAt": "2025-07-08T19:50:09.281Z", "description": "4455", "documents": [{"description": "", "id": "1752004297308", "mimetype": "application/pdf", "name": "Op Jacui IV - Ordem de Operacoes.pdf", "path": "exercises/CA-LESTE-construtiva-4455-2025-07-08/documents/Op Jacui IV - Ordem de Operacoes.pdf", "size": 336744, "uploadedAt": "2025-07-08T19:51:37.308Z"}], "endDate": "2025-07-22", "id": "CA-LESTE-construtiva-4455-2025-07-08", "name": "Jogo de Guerra", "origin": "CA-LESTE", "simulationType": "construtiva", "simulations": [{"id": "172.19.0.14_2025-07-08", "movedAt": "2025-07-08T19:51:46.649Z", "name": "172.19.0.14_2025-07-08", "originalPath": "staging/172.19.0.14_2025-07-08", "path": "exercises/CA-LESTE-construtiva-4455-2025-07-08/simulations/172.19.0.14_2025-07-08"}], "startDate": "2025-07-15", "trainedForce": "4455", "updatedAt": "2025-07-08T19:51:46.649Z", "wikiUrl": ""}}. Error code is: 1.
[2025-07-09T18:01:53.470+0000] {local_task_job_runner.py:266} INFO - Task exited with return code 1
[2025-07-09T18:01:53.502+0000] {taskinstance.py:3924} INFO - 0 downstream tasks scheduled from follow-on schedule check
[2025-07-09T18:01:53.594+0000] {local_task_job_runner.py:245} INFO - ::endgroup::
