[2025-07-09T12:03:36.582+0000] {local_task_job_runner.py:123} INFO - ::group::Pre task execution logs
[2025-07-09T12:03:36.613+0000] {taskinstance.py:2631} INFO - Dependencies all met for dep_context=non-requeueable deps ti=<TaskInstance: process_sword_messages.process_sword_messages manual__2025-07-09T12:03:34.466553+00:00 [queued]>
[2025-07-09T12:03:36.625+0000] {taskinstance.py:2631} INFO - Dependencies all met for dep_context=requeueable deps ti=<TaskInstance: process_sword_messages.process_sword_messages manual__2025-07-09T12:03:34.466553+00:00 [queued]>
[2025-07-09T12:03:36.626+0000] {taskinstance.py:2884} INFO - Starting attempt 1 of 2
[2025-07-09T12:03:36.674+0000] {taskinstance.py:2907} INFO - Executing <Task(SparkSubmitOperator): process_sword_messages> on 2025-07-09 12:03:34.466553+00:00
[2025-07-09T12:03:36.682+0000] {logging_mixin.py:190} WARNING - /home/airflow/.local/lib/python3.12/site-packages/airflow/task/task_runner/standard_task_runner.py:70 DeprecationWarning: This process (pid=261) is multi-threaded, use of fork() may lead to deadlocks in the child.
[2025-07-09T12:03:36.683+0000] {standard_task_runner.py:72} INFO - Started process 262 to run task
[2025-07-09T12:03:36.682+0000] {standard_task_runner.py:104} INFO - Running: ['airflow', 'tasks', 'run', 'process_sword_messages', 'process_sword_messages', 'manual__2025-07-09T12:03:34.466553+00:00', '--job-id', '219', '--raw', '--subdir', 'DAGS_FOLDER/process_sword_messages.py', '--cfg-path', '/tmp/tmp68nm8mj2']
[2025-07-09T12:03:36.685+0000] {standard_task_runner.py:105} INFO - Job 219: Subtask process_sword_messages
[2025-07-09T12:03:36.799+0000] {task_command.py:467} INFO - Running <TaskInstance: process_sword_messages.process_sword_messages manual__2025-07-09T12:03:34.466553+00:00 [running]> on host a05bad25c14c
[2025-07-09T12:03:37.275+0000] {taskinstance.py:3157} INFO - Exporting env vars: AIRFLOW_CTX_DAG_OWNER='airflow' AIRFLOW_CTX_DAG_ID='process_sword_messages' AIRFLOW_CTX_TASK_ID='process_sword_messages' AIRFLOW_CTX_EXECUTION_DATE='2025-07-09T12:03:34.466553+00:00' AIRFLOW_CTX_TRY_NUMBER='1' AIRFLOW_CTX_DAG_RUN_ID='manual__2025-07-09T12:03:34.466553+00:00'
[2025-07-09T12:03:37.276+0000] {taskinstance.py:740} INFO - ::endgroup::
[2025-07-09T12:03:37.730+0000] {base.py:84} INFO - Retrieving connection 'spark-ebsim'
[2025-07-09T12:03:37.731+0000] {spark_submit.py:474} INFO - Spark-Submit cmd: spark-submit --master spark://spark-master:7077 --name arrow-spark --deploy-mode client /opt/bitnami/spark/jobs/sword_processor_job.py --input-file /opt/bitnami/spark/jobs/test_sword_messages.bin
[2025-07-09T12:04:08.089+0000] {spark_submit.py:644} INFO - 25/07/09 12:04:08 INFO SparkContext: Running Spark version 3.5.5
[2025-07-09T12:04:08.091+0000] {spark_submit.py:644} INFO - 25/07/09 12:04:08 INFO SparkContext: OS info Linux, 5.15.167.4-microsoft-standard-WSL2, amd64
[2025-07-09T12:04:08.092+0000] {spark_submit.py:644} INFO - 25/07/09 12:04:08 INFO SparkContext: Java version 17.0.15
[2025-07-09T12:04:09.201+0000] {spark_submit.py:644} INFO - 25/07/09 12:04:09 WARN NativeCodeLoader: Unable to load native-hadoop library for your platform... using builtin-java classes where applicable
[2025-07-09T12:04:09.797+0000] {spark_submit.py:644} INFO - 25/07/09 12:04:09 INFO ResourceUtils: ==============================================================
[2025-07-09T12:04:09.798+0000] {spark_submit.py:644} INFO - 25/07/09 12:04:09 INFO ResourceUtils: No custom resources configured for spark.driver.
[2025-07-09T12:04:09.798+0000] {spark_submit.py:644} INFO - 25/07/09 12:04:09 INFO ResourceUtils: ==============================================================
[2025-07-09T12:04:09.799+0000] {spark_submit.py:644} INFO - 25/07/09 12:04:09 INFO SparkContext: Submitted application: SwordMessageProcessor
[2025-07-09T12:04:09.845+0000] {spark_submit.py:644} INFO - 25/07/09 12:04:09 INFO ResourceProfile: Default ResourceProfile created, executor resources: Map(memory -> name: memory, amount: 1024, script: , vendor: , offHeap -> name: offHeap, amount: 0, script: , vendor: ), task resources: Map(cpus -> name: cpus, amount: 1.0)
[2025-07-09T12:04:09.855+0000] {spark_submit.py:644} INFO - 25/07/09 12:04:09 INFO ResourceProfile: Limiting resource is cpu
[2025-07-09T12:04:09.856+0000] {spark_submit.py:644} INFO - 25/07/09 12:04:09 INFO ResourceProfileManager: Added ResourceProfile id: 0
[2025-07-09T12:04:10.257+0000] {spark_submit.py:644} INFO - 25/07/09 12:04:10 INFO SecurityManager: Changing view acls to: airflow
[2025-07-09T12:04:10.258+0000] {spark_submit.py:644} INFO - 25/07/09 12:04:10 INFO SecurityManager: Changing modify acls to: airflow
[2025-07-09T12:04:10.258+0000] {spark_submit.py:644} INFO - 25/07/09 12:04:10 INFO SecurityManager: Changing view acls groups to:
[2025-07-09T12:04:10.259+0000] {spark_submit.py:644} INFO - 25/07/09 12:04:10 INFO SecurityManager: Changing modify acls groups to:
[2025-07-09T12:04:10.260+0000] {spark_submit.py:644} INFO - 25/07/09 12:04:10 INFO SecurityManager: SecurityManager: authentication disabled; ui acls disabled; users with view permissions: airflow; groups with view permissions: EMPTY; users with modify permissions: airflow; groups with modify permissions: EMPTY
[2025-07-09T12:04:11.624+0000] {spark_submit.py:644} INFO - 25/07/09 12:04:11 INFO Utils: Successfully started service 'sparkDriver' on port 38007.
[2025-07-09T12:04:11.768+0000] {spark_submit.py:644} INFO - 25/07/09 12:04:11 INFO SparkEnv: Registering MapOutputTracker
[2025-07-09T12:04:11.989+0000] {spark_submit.py:644} INFO - 25/07/09 12:04:11 INFO SparkEnv: Registering BlockManagerMaster
[2025-07-09T12:04:12.055+0000] {spark_submit.py:644} INFO - 25/07/09 12:04:12 INFO BlockManagerMasterEndpoint: Using org.apache.spark.storage.DefaultTopologyMapper for getting topology information
[2025-07-09T12:04:12.057+0000] {spark_submit.py:644} INFO - 25/07/09 12:04:12 INFO BlockManagerMasterEndpoint: BlockManagerMasterEndpoint up
[2025-07-09T12:04:12.080+0000] {spark_submit.py:644} INFO - 25/07/09 12:04:12 INFO SparkEnv: Registering BlockManagerMasterHeartbeat
[2025-07-09T12:04:12.144+0000] {spark_submit.py:644} INFO - 25/07/09 12:04:12 INFO DiskBlockManager: Created local directory at /tmp/blockmgr-4b19c062-8b2a-4a04-a3a8-7746d6261854
[2025-07-09T12:04:12.175+0000] {spark_submit.py:644} INFO - 25/07/09 12:04:12 INFO MemoryStore: MemoryStore started with capacity 434.4 MiB
[2025-07-09T12:04:12.239+0000] {spark_submit.py:644} INFO - 25/07/09 12:04:12 INFO SparkEnv: Registering OutputCommitCoordinator
[2025-07-09T12:04:13.757+0000] {spark_submit.py:644} INFO - 25/07/09 12:04:13 INFO JettyUtils: Start Jetty 0.0.0.0:4040 for SparkUI
[2025-07-09T12:04:14.158+0000] {spark_submit.py:644} INFO - 25/07/09 12:04:14 INFO Utils: Successfully started service 'SparkUI' on port 4040.
[2025-07-09T12:04:14.661+0000] {spark_submit.py:644} INFO - 25/07/09 12:04:14 INFO StandaloneAppClient$ClientEndpoint: Connecting to master spark://spark-master:7077...
[2025-07-09T12:04:15.497+0000] {spark_submit.py:644} INFO - 25/07/09 12:04:15 INFO TransportClientFactory: Successfully created connection to spark-master/172.19.0.5:7077 after 200 ms (0 ms spent in bootstraps)
[2025-07-09T12:04:15.738+0000] {spark_submit.py:644} INFO - 25/07/09 12:04:15 INFO StandaloneSchedulerBackend: Connected to Spark cluster with app ID app-20250709120415-0000
[2025-07-09T12:04:15.766+0000] {spark_submit.py:644} INFO - 25/07/09 12:04:15 INFO Utils: Successfully started service 'org.apache.spark.network.netty.NettyBlockTransferService' on port 45647.
[2025-07-09T12:04:15.767+0000] {spark_submit.py:644} INFO - 25/07/09 12:04:15 INFO NettyBlockTransferService: Server created on a05bad25c14c:45647
[2025-07-09T12:04:15.769+0000] {spark_submit.py:644} INFO - 25/07/09 12:04:15 INFO BlockManager: Using org.apache.spark.storage.RandomBlockReplicationPolicy for block replication policy
[2025-07-09T12:04:15.787+0000] {spark_submit.py:644} INFO - 25/07/09 12:04:15 INFO StandaloneAppClient$ClientEndpoint: Executor added: app-20250709120415-0000/0 on worker-20250709115731-172.19.0.13-39789 (172.19.0.13:39789) with 2 core(s)
[2025-07-09T12:04:15.790+0000] {spark_submit.py:644} INFO - 25/07/09 12:04:15 INFO StandaloneSchedulerBackend: Granted executor ID app-20250709120415-0000/0 on hostPort 172.19.0.13:39789 with 2 core(s), 1024.0 MiB RAM
[2025-07-09T12:04:15.820+0000] {spark_submit.py:644} INFO - 25/07/09 12:04:15 INFO BlockManagerMaster: Registering BlockManager BlockManagerId(driver, a05bad25c14c, 45647, None)
[2025-07-09T12:04:15.824+0000] {spark_submit.py:644} INFO - 25/07/09 12:04:15 INFO BlockManagerMasterEndpoint: Registering block manager a05bad25c14c:45647 with 434.4 MiB RAM, BlockManagerId(driver, a05bad25c14c, 45647, None)
[2025-07-09T12:04:15.826+0000] {spark_submit.py:644} INFO - 25/07/09 12:04:15 INFO BlockManagerMaster: Registered BlockManager BlockManagerId(driver, a05bad25c14c, 45647, None)
[2025-07-09T12:04:15.827+0000] {spark_submit.py:644} INFO - 25/07/09 12:04:15 INFO BlockManager: Initialized BlockManager: BlockManagerId(driver, a05bad25c14c, 45647, None)
[2025-07-09T12:04:17.080+0000] {spark_submit.py:644} INFO - 25/07/09 12:04:17 INFO StandaloneAppClient$ClientEndpoint: Executor updated: app-20250709120415-0000/0 is now RUNNING
[2025-07-09T12:04:17.733+0000] {spark_submit.py:644} INFO - 25/07/09 12:04:17 INFO StandaloneSchedulerBackend: SchedulerBackend is ready for scheduling beginning after reached minRegisteredResourcesRatio: 0.0
[2025-07-09T12:04:23.282+0000] {spark_submit.py:644} INFO - 25/07/09 12:04:23 INFO MemoryStore: Block broadcast_0 stored as values in memory (estimated size 292.2 KiB, free 434.1 MiB)
[2025-07-09T12:04:23.623+0000] {spark_submit.py:644} INFO - 25/07/09 12:04:23 INFO MemoryStore: Block broadcast_0_piece0 stored as bytes in memory (estimated size 32.7 KiB, free 434.1 MiB)
[2025-07-09T12:04:23.628+0000] {spark_submit.py:644} INFO - 25/07/09 12:04:23 INFO BlockManagerInfo: Added broadcast_0_piece0 in memory on a05bad25c14c:45647 (size: 32.7 KiB, free: 434.4 MiB)
[2025-07-09T12:04:23.635+0000] {spark_submit.py:644} INFO - 25/07/09 12:04:23 INFO SparkContext: Created broadcast 0 from binaryFiles at NativeMethodAccessorImpl.java:0
[2025-07-09T12:04:24.180+0000] {spark_submit.py:644} INFO - 25/07/09 12:04:24 INFO FileInputFormat: Total input files to process : 1
[2025-07-09T12:04:24.192+0000] {spark_submit.py:644} INFO - 25/07/09 12:04:24 INFO FileInputFormat: Total input files to process : 1
[2025-07-09T12:04:24.389+0000] {spark_submit.py:644} INFO - 25/07/09 12:04:24 INFO SparkContext: Starting job: collect at /opt/bitnami/spark/jobs/sword_processor_job.py:35
[2025-07-09T12:04:24.426+0000] {spark_submit.py:644} INFO - 25/07/09 12:04:24 INFO DAGScheduler: Got job 0 (collect at /opt/bitnami/spark/jobs/sword_processor_job.py:35) with 1 output partitions
[2025-07-09T12:04:24.427+0000] {spark_submit.py:644} INFO - 25/07/09 12:04:24 INFO DAGScheduler: Final stage: ResultStage 0 (collect at /opt/bitnami/spark/jobs/sword_processor_job.py:35)
[2025-07-09T12:04:24.428+0000] {spark_submit.py:644} INFO - 25/07/09 12:04:24 INFO DAGScheduler: Parents of final stage: List()
[2025-07-09T12:04:24.429+0000] {spark_submit.py:644} INFO - 25/07/09 12:04:24 INFO DAGScheduler: Missing parents: List()
[2025-07-09T12:04:24.435+0000] {spark_submit.py:644} INFO - 25/07/09 12:04:24 INFO DAGScheduler: Submitting ResultStage 0 (/opt/bitnami/spark/jobs/test_sword_messages.bin BinaryFileRDD[0] at binaryFiles at NativeMethodAccessorImpl.java:0), which has no missing parents
[2025-07-09T12:04:24.604+0000] {spark_submit.py:644} INFO - 25/07/09 12:04:24 INFO MemoryStore: Block broadcast_1 stored as values in memory (estimated size 3.7 KiB, free 434.1 MiB)
[2025-07-09T12:04:24.613+0000] {spark_submit.py:644} INFO - 25/07/09 12:04:24 INFO MemoryStore: Block broadcast_1_piece0 stored as bytes in memory (estimated size 2.2 KiB, free 434.1 MiB)
[2025-07-09T12:04:24.614+0000] {spark_submit.py:644} INFO - 25/07/09 12:04:24 INFO BlockManagerInfo: Added broadcast_1_piece0 in memory on a05bad25c14c:45647 (size: 2.2 KiB, free: 434.4 MiB)
[2025-07-09T12:04:24.615+0000] {spark_submit.py:644} INFO - 25/07/09 12:04:24 INFO SparkContext: Created broadcast 1 from broadcast at DAGScheduler.scala:1585
[2025-07-09T12:04:24.678+0000] {spark_submit.py:644} INFO - 25/07/09 12:04:24 INFO DAGScheduler: Submitting 1 missing tasks from ResultStage 0 (/opt/bitnami/spark/jobs/test_sword_messages.bin BinaryFileRDD[0] at binaryFiles at NativeMethodAccessorImpl.java:0) (first 15 tasks are for partitions Vector(0))
[2025-07-09T12:04:24.681+0000] {spark_submit.py:644} INFO - 25/07/09 12:04:24 INFO TaskSchedulerImpl: Adding task set 0.0 with 1 tasks resource profile 0
[2025-07-09T12:04:26.952+0000] {spark_submit.py:644} INFO - 25/07/09 12:04:26 INFO StandaloneSchedulerBackend$StandaloneDriverEndpoint: Registered executor NettyRpcEndpointRef(spark-client://Executor) (172.19.0.13:43228) with ID 0,  ResourceProfileId 0
[2025-07-09T12:04:27.031+0000] {spark_submit.py:644} INFO - 25/07/09 12:04:27 INFO BlockManagerMasterEndpoint: Registering block manager 172.19.0.13:34515 with 434.4 MiB RAM, BlockManagerId(0, 172.19.0.13, 34515, None)
[2025-07-09T12:04:27.250+0000] {spark_submit.py:644} INFO - 25/07/09 12:04:27 INFO TaskSetManager: Starting task 0.0 in stage 0.0 (TID 0) (172.19.0.13, executor 0, partition 0, PROCESS_LOCAL, 9147 bytes)
[2025-07-09T12:04:28.432+0000] {spark_submit.py:644} INFO - 25/07/09 12:04:28 INFO BlockManagerInfo: Added broadcast_1_piece0 in memory on 172.19.0.13:34515 (size: 2.2 KiB, free: 434.4 MiB)
[2025-07-09T12:04:28.949+0000] {spark_submit.py:644} INFO - 25/07/09 12:04:28 INFO BlockManagerInfo: Added broadcast_0_piece0 in memory on 172.19.0.13:34515 (size: 32.7 KiB, free: 434.4 MiB)
[2025-07-09T12:04:29.461+0000] {spark_submit.py:644} INFO - 25/07/09 12:04:29 INFO TaskSetManager: Finished task 0.0 in stage 0.0 (TID 0) in 2363 ms on 172.19.0.13 (executor 0) (1/1)
[2025-07-09T12:04:29.462+0000] {spark_submit.py:644} INFO - 25/07/09 12:04:29 INFO TaskSchedulerImpl: Removed TaskSet 0.0, whose tasks have all completed, from pool
[2025-07-09T12:04:29.466+0000] {spark_submit.py:644} INFO - 25/07/09 12:04:29 INFO DAGScheduler: ResultStage 0 (collect at /opt/bitnami/spark/jobs/sword_processor_job.py:35) finished in 4.869 s
[2025-07-09T12:04:29.470+0000] {spark_submit.py:644} INFO - 25/07/09 12:04:29 INFO DAGScheduler: Job 0 is finished. Cancelling potential speculative or zombie tasks for this job
[2025-07-09T12:04:29.471+0000] {spark_submit.py:644} INFO - 25/07/09 12:04:29 INFO TaskSchedulerImpl: Killing all running tasks in stage 0: Stage finished
[2025-07-09T12:04:29.472+0000] {spark_submit.py:644} INFO - 25/07/09 12:04:29 INFO DAGScheduler: Job 0 finished: collect at /opt/bitnami/spark/jobs/sword_processor_job.py:35, took 5.082441 s
[2025-07-09T12:04:33.842+0000] {spark_submit.py:644} INFO - 25/07/09 12:04:33 INFO SharedState: Setting hive.metastore.warehouse.dir ('null') to the value of spark.sql.warehouse.dir.
[2025-07-09T12:04:33.844+0000] {spark_submit.py:644} INFO - 25/07/09 12:04:33 INFO SharedState: Warehouse path is 'file:/opt/airflow/spark-warehouse'.
[2025-07-09T12:04:34.182+0000] {spark_submit.py:644} INFO - 25/07/09 12:04:34 INFO BlockManagerInfo: Removed broadcast_1_piece0 on a05bad25c14c:45647 in memory (size: 2.2 KiB, free: 434.4 MiB)
[2025-07-09T12:04:34.192+0000] {spark_submit.py:644} INFO - 25/07/09 12:04:34 INFO BlockManagerInfo: Removed broadcast_1_piece0 on 172.19.0.13:34515 in memory (size: 2.2 KiB, free: 434.4 MiB)
[2025-07-09T12:04:34.202+0000] {spark_submit.py:644} INFO - 25/07/09 12:04:34 INFO BlockManagerInfo: Removed broadcast_0_piece0 on a05bad25c14c:45647 in memory (size: 32.7 KiB, free: 434.4 MiB)
[2025-07-09T12:04:34.204+0000] {spark_submit.py:644} INFO - 25/07/09 12:04:34 INFO BlockManagerInfo: Removed broadcast_0_piece0 on 172.19.0.13:34515 in memory (size: 32.7 KiB, free: 434.4 MiB)
[2025-07-09T12:04:39.510+0000] {spark_submit.py:644} INFO - 25/07/09 12:04:39 INFO CodeGenerator: Code generated in 308.724264 ms
[2025-07-09T12:04:39.597+0000] {spark_submit.py:644} INFO - 25/07/09 12:04:39 INFO DAGScheduler: Registering RDD 7 (count at NativeMethodAccessorImpl.java:0) as input to shuffle 0
[2025-07-09T12:04:39.601+0000] {spark_submit.py:644} INFO - 25/07/09 12:04:39 INFO DAGScheduler: Got map stage job 1 (count at NativeMethodAccessorImpl.java:0) with 2 output partitions
[2025-07-09T12:04:39.602+0000] {spark_submit.py:644} INFO - 25/07/09 12:04:39 INFO DAGScheduler: Final stage: ShuffleMapStage 1 (count at NativeMethodAccessorImpl.java:0)
[2025-07-09T12:04:39.602+0000] {spark_submit.py:644} INFO - 25/07/09 12:04:39 INFO DAGScheduler: Parents of final stage: List()
[2025-07-09T12:04:39.603+0000] {spark_submit.py:644} INFO - 25/07/09 12:04:39 INFO DAGScheduler: Missing parents: List()
[2025-07-09T12:04:39.605+0000] {spark_submit.py:644} INFO - 25/07/09 12:04:39 INFO DAGScheduler: Submitting ShuffleMapStage 1 (MapPartitionsRDD[7] at count at NativeMethodAccessorImpl.java:0), which has no missing parents
[2025-07-09T12:04:39.641+0000] {spark_submit.py:644} INFO - 25/07/09 12:04:39 INFO MemoryStore: Block broadcast_2 stored as values in memory (estimated size 16.2 KiB, free 434.4 MiB)
[2025-07-09T12:04:39.649+0000] {spark_submit.py:644} INFO - 25/07/09 12:04:39 INFO MemoryStore: Block broadcast_2_piece0 stored as bytes in memory (estimated size 8.4 KiB, free 434.4 MiB)
[2025-07-09T12:04:39.651+0000] {spark_submit.py:644} INFO - 25/07/09 12:04:39 INFO BlockManagerInfo: Added broadcast_2_piece0 in memory on a05bad25c14c:45647 (size: 8.4 KiB, free: 434.4 MiB)
[2025-07-09T12:04:39.652+0000] {spark_submit.py:644} INFO - 25/07/09 12:04:39 INFO SparkContext: Created broadcast 2 from broadcast at DAGScheduler.scala:1585
[2025-07-09T12:04:39.654+0000] {spark_submit.py:644} INFO - 25/07/09 12:04:39 INFO DAGScheduler: Submitting 2 missing tasks from ShuffleMapStage 1 (MapPartitionsRDD[7] at count at NativeMethodAccessorImpl.java:0) (first 15 tasks are for partitions Vector(0, 1))
[2025-07-09T12:04:39.655+0000] {spark_submit.py:644} INFO - 25/07/09 12:04:39 INFO TaskSchedulerImpl: Adding task set 1.0 with 2 tasks resource profile 0
[2025-07-09T12:04:39.658+0000] {spark_submit.py:644} INFO - 25/07/09 12:04:39 INFO TaskSetManager: Starting task 0.0 in stage 1.0 (TID 1) (172.19.0.13, executor 0, partition 0, PROCESS_LOCAL, 9074 bytes)
[2025-07-09T12:04:39.659+0000] {spark_submit.py:644} INFO - 25/07/09 12:04:39 INFO TaskSetManager: Starting task 1.0 in stage 1.0 (TID 2) (172.19.0.13, executor 0, partition 1, PROCESS_LOCAL, 9136 bytes)
[2025-07-09T12:04:39.685+0000] {spark_submit.py:644} INFO - 25/07/09 12:04:39 INFO BlockManagerInfo: Added broadcast_2_piece0 in memory on 172.19.0.13:34515 (size: 8.4 KiB, free: 434.4 MiB)
[2025-07-09T12:04:57.105+0000] {spark_submit.py:644} INFO - 25/07/09 12:04:57 INFO TaskSetManager: Finished task 1.0 in stage 1.0 (TID 2) in 17447 ms on 172.19.0.13 (executor 0) (1/2)
[2025-07-09T12:04:57.106+0000] {spark_submit.py:644} INFO - 25/07/09 12:04:57 INFO TaskSetManager: Finished task 0.0 in stage 1.0 (TID 1) in 17449 ms on 172.19.0.13 (executor 0) (2/2)
[2025-07-09T12:04:57.106+0000] {spark_submit.py:644} INFO - 25/07/09 12:04:57 INFO TaskSchedulerImpl: Removed TaskSet 1.0, whose tasks have all completed, from pool
[2025-07-09T12:04:57.151+0000] {spark_submit.py:644} INFO - 25/07/09 12:04:57 INFO PythonAccumulatorV2: Connected to AccumulatorServer at host: 127.0.0.1 port: 36861
[2025-07-09T12:04:57.155+0000] {spark_submit.py:644} INFO - 25/07/09 12:04:57 INFO DAGScheduler: ShuffleMapStage 1 (count at NativeMethodAccessorImpl.java:0) finished in 17.544 s
[2025-07-09T12:04:57.156+0000] {spark_submit.py:644} INFO - 25/07/09 12:04:57 INFO DAGScheduler: looking for newly runnable stages
[2025-07-09T12:04:57.156+0000] {spark_submit.py:644} INFO - 25/07/09 12:04:57 INFO DAGScheduler: running: Set()
[2025-07-09T12:04:57.157+0000] {spark_submit.py:644} INFO - 25/07/09 12:04:57 INFO DAGScheduler: waiting: Set()
[2025-07-09T12:04:57.157+0000] {spark_submit.py:644} INFO - 25/07/09 12:04:57 INFO DAGScheduler: failed: Set()
[2025-07-09T12:04:57.193+0000] {spark_submit.py:644} INFO - 25/07/09 12:04:57 INFO CodeGenerator: Code generated in 12.025722 ms
[2025-07-09T12:04:57.335+0000] {spark_submit.py:644} INFO - 25/07/09 12:04:57 INFO SparkContext: Starting job: count at NativeMethodAccessorImpl.java:0
[2025-07-09T12:04:57.337+0000] {spark_submit.py:644} INFO - 25/07/09 12:04:57 INFO DAGScheduler: Got job 2 (count at NativeMethodAccessorImpl.java:0) with 1 output partitions
[2025-07-09T12:04:57.338+0000] {spark_submit.py:644} INFO - 25/07/09 12:04:57 INFO DAGScheduler: Final stage: ResultStage 3 (count at NativeMethodAccessorImpl.java:0)
[2025-07-09T12:04:57.339+0000] {spark_submit.py:644} INFO - 25/07/09 12:04:57 INFO DAGScheduler: Parents of final stage: List(ShuffleMapStage 2)
[2025-07-09T12:04:57.339+0000] {spark_submit.py:644} INFO - 25/07/09 12:04:57 INFO DAGScheduler: Missing parents: List()
[2025-07-09T12:04:57.340+0000] {spark_submit.py:644} INFO - 25/07/09 12:04:57 INFO DAGScheduler: Submitting ResultStage 3 (MapPartitionsRDD[10] at count at NativeMethodAccessorImpl.java:0), which has no missing parents
[2025-07-09T12:04:57.346+0000] {spark_submit.py:644} INFO - 25/07/09 12:04:57 INFO MemoryStore: Block broadcast_3 stored as values in memory (estimated size 12.5 KiB, free 434.4 MiB)
[2025-07-09T12:04:57.354+0000] {spark_submit.py:644} INFO - 25/07/09 12:04:57 INFO MemoryStore: Block broadcast_3_piece0 stored as bytes in memory (estimated size 5.9 KiB, free 434.4 MiB)
[2025-07-09T12:04:57.355+0000] {spark_submit.py:644} INFO - 25/07/09 12:04:57 INFO BlockManagerInfo: Added broadcast_3_piece0 in memory on a05bad25c14c:45647 (size: 5.9 KiB, free: 434.4 MiB)
[2025-07-09T12:04:57.356+0000] {spark_submit.py:644} INFO - 25/07/09 12:04:57 INFO BlockManagerInfo: Removed broadcast_2_piece0 on a05bad25c14c:45647 in memory (size: 8.4 KiB, free: 434.4 MiB)
[2025-07-09T12:04:57.357+0000] {spark_submit.py:644} INFO - 25/07/09 12:04:57 INFO SparkContext: Created broadcast 3 from broadcast at DAGScheduler.scala:1585
[2025-07-09T12:04:57.357+0000] {spark_submit.py:644} INFO - 25/07/09 12:04:57 INFO DAGScheduler: Submitting 1 missing tasks from ResultStage 3 (MapPartitionsRDD[10] at count at NativeMethodAccessorImpl.java:0) (first 15 tasks are for partitions Vector(0))
[2025-07-09T12:04:57.358+0000] {spark_submit.py:644} INFO - 25/07/09 12:04:57 INFO TaskSchedulerImpl: Adding task set 3.0 with 1 tasks resource profile 0
[2025-07-09T12:04:57.360+0000] {spark_submit.py:644} INFO - 25/07/09 12:04:57 INFO BlockManagerInfo: Removed broadcast_2_piece0 on 172.19.0.13:34515 in memory (size: 8.4 KiB, free: 434.4 MiB)
[2025-07-09T12:04:57.363+0000] {spark_submit.py:644} INFO - 25/07/09 12:04:57 INFO TaskSetManager: Starting task 0.0 in stage 3.0 (TID 3) (172.19.0.13, executor 0, partition 0, NODE_LOCAL, 9003 bytes)
[2025-07-09T12:04:57.416+0000] {spark_submit.py:644} INFO - 25/07/09 12:04:57 INFO BlockManagerInfo: Added broadcast_3_piece0 in memory on 172.19.0.13:34515 (size: 5.9 KiB, free: 434.4 MiB)
[2025-07-09T12:04:57.693+0000] {spark_submit.py:644} INFO - 25/07/09 12:04:57 INFO MapOutputTrackerMasterEndpoint: Asked to send map output locations for shuffle 0 to 172.19.0.13:43228
[2025-07-09T12:04:58.061+0000] {spark_submit.py:644} INFO - 25/07/09 12:04:58 INFO TaskSetManager: Finished task 0.0 in stage 3.0 (TID 3) in 699 ms on 172.19.0.13 (executor 0) (1/1)
[2025-07-09T12:04:58.061+0000] {spark_submit.py:644} INFO - 25/07/09 12:04:58 INFO TaskSchedulerImpl: Removed TaskSet 3.0, whose tasks have all completed, from pool
[2025-07-09T12:04:58.062+0000] {spark_submit.py:644} INFO - 25/07/09 12:04:58 INFO DAGScheduler: ResultStage 3 (count at NativeMethodAccessorImpl.java:0) finished in 0.719 s
[2025-07-09T12:04:58.063+0000] {spark_submit.py:644} INFO - 25/07/09 12:04:58 INFO DAGScheduler: Job 2 is finished. Cancelling potential speculative or zombie tasks for this job
[2025-07-09T12:04:58.064+0000] {spark_submit.py:644} INFO - 25/07/09 12:04:58 INFO TaskSchedulerImpl: Killing all running tasks in stage 3: Stage finished
[2025-07-09T12:04:58.064+0000] {spark_submit.py:644} INFO - 25/07/09 12:04:58 INFO DAGScheduler: Job 2 finished: count at NativeMethodAccessorImpl.java:0, took 0.728170 s
[2025-07-09T12:04:58.070+0000] {spark_submit.py:644} INFO - Total de mensagens processadas: 5
[2025-07-09T12:04:58.070+0000] {spark_submit.py:644} INFO - Dados processados:
[2025-07-09T12:04:58.479+0000] {spark_submit.py:644} INFO - 25/07/09 12:04:58 INFO CodeGenerator: Code generated in 277.729355 ms
[2025-07-09T12:04:58.487+0000] {spark_submit.py:644} INFO - 25/07/09 12:04:58 INFO SparkContext: Starting job: showString at NativeMethodAccessorImpl.java:0
[2025-07-09T12:04:58.488+0000] {spark_submit.py:644} INFO - 25/07/09 12:04:58 INFO DAGScheduler: Got job 3 (showString at NativeMethodAccessorImpl.java:0) with 1 output partitions
[2025-07-09T12:04:58.489+0000] {spark_submit.py:644} INFO - 25/07/09 12:04:58 INFO DAGScheduler: Final stage: ResultStage 4 (showString at NativeMethodAccessorImpl.java:0)
[2025-07-09T12:04:58.490+0000] {spark_submit.py:644} INFO - 25/07/09 12:04:58 INFO DAGScheduler: Parents of final stage: List()
[2025-07-09T12:04:58.490+0000] {spark_submit.py:644} INFO - 25/07/09 12:04:58 INFO DAGScheduler: Missing parents: List()
[2025-07-09T12:04:58.491+0000] {spark_submit.py:644} INFO - 25/07/09 12:04:58 INFO DAGScheduler: Submitting ResultStage 4 (MapPartitionsRDD[12] at showString at NativeMethodAccessorImpl.java:0), which has no missing parents
[2025-07-09T12:04:58.493+0000] {spark_submit.py:644} INFO - 25/07/09 12:04:58 INFO MemoryStore: Block broadcast_4 stored as values in memory (estimated size 15.0 KiB, free 434.4 MiB)
[2025-07-09T12:04:58.501+0000] {spark_submit.py:644} INFO - 25/07/09 12:04:58 INFO MemoryStore: Block broadcast_4_piece0 stored as bytes in memory (estimated size 7.2 KiB, free 434.4 MiB)
[2025-07-09T12:04:58.502+0000] {spark_submit.py:644} INFO - 25/07/09 12:04:58 INFO BlockManagerInfo: Added broadcast_4_piece0 in memory on a05bad25c14c:45647 (size: 7.2 KiB, free: 434.4 MiB)
[2025-07-09T12:04:58.503+0000] {spark_submit.py:644} INFO - 25/07/09 12:04:58 INFO BlockManagerInfo: Removed broadcast_3_piece0 on a05bad25c14c:45647 in memory (size: 5.9 KiB, free: 434.4 MiB)
[2025-07-09T12:04:58.504+0000] {spark_submit.py:644} INFO - 25/07/09 12:04:58 INFO SparkContext: Created broadcast 4 from broadcast at DAGScheduler.scala:1585
[2025-07-09T12:04:58.505+0000] {spark_submit.py:644} INFO - 25/07/09 12:04:58 INFO DAGScheduler: Submitting 1 missing tasks from ResultStage 4 (MapPartitionsRDD[12] at showString at NativeMethodAccessorImpl.java:0) (first 15 tasks are for partitions Vector(0))
[2025-07-09T12:04:58.505+0000] {spark_submit.py:644} INFO - 25/07/09 12:04:58 INFO TaskSchedulerImpl: Adding task set 4.0 with 1 tasks resource profile 0
[2025-07-09T12:04:58.506+0000] {spark_submit.py:644} INFO - 25/07/09 12:04:58 INFO BlockManagerInfo: Removed broadcast_3_piece0 on 172.19.0.13:34515 in memory (size: 5.9 KiB, free: 434.4 MiB)
[2025-07-09T12:04:58.507+0000] {spark_submit.py:644} INFO - 25/07/09 12:04:58 INFO TaskSetManager: Starting task 0.0 in stage 4.0 (TID 4) (172.19.0.13, executor 0, partition 0, PROCESS_LOCAL, 9085 bytes)
[2025-07-09T12:04:58.625+0000] {spark_submit.py:644} INFO - 25/07/09 12:04:58 INFO BlockManagerInfo: Added broadcast_4_piece0 in memory on 172.19.0.13:34515 (size: 7.2 KiB, free: 434.4 MiB)
[2025-07-09T12:04:58.794+0000] {spark_submit.py:644} INFO - 25/07/09 12:04:58 INFO TaskSetManager: Finished task 0.0 in stage 4.0 (TID 4) in 287 ms on 172.19.0.13 (executor 0) (1/1)
[2025-07-09T12:04:58.796+0000] {spark_submit.py:644} INFO - 25/07/09 12:04:58 INFO TaskSchedulerImpl: Removed TaskSet 4.0, whose tasks have all completed, from pool
[2025-07-09T12:04:58.797+0000] {spark_submit.py:644} INFO - 25/07/09 12:04:58 INFO DAGScheduler: ResultStage 4 (showString at NativeMethodAccessorImpl.java:0) finished in 0.304 s
[2025-07-09T12:04:58.797+0000] {spark_submit.py:644} INFO - 25/07/09 12:04:58 INFO DAGScheduler: Job 3 is finished. Cancelling potential speculative or zombie tasks for this job
[2025-07-09T12:04:58.798+0000] {spark_submit.py:644} INFO - 25/07/09 12:04:58 INFO TaskSchedulerImpl: Killing all running tasks in stage 4: Stage finished
[2025-07-09T12:04:58.799+0000] {spark_submit.py:644} INFO - 25/07/09 12:04:58 INFO DAGScheduler: Job 3 finished: showString at NativeMethodAccessorImpl.java:0, took 0.308894 s
[2025-07-09T12:04:58.803+0000] {spark_submit.py:644} INFO - 25/07/09 12:04:58 INFO SparkContext: Starting job: showString at NativeMethodAccessorImpl.java:0
[2025-07-09T12:04:58.810+0000] {spark_submit.py:644} INFO - 25/07/09 12:04:58 INFO DAGScheduler: Got job 4 (showString at NativeMethodAccessorImpl.java:0) with 1 output partitions
[2025-07-09T12:04:58.810+0000] {spark_submit.py:644} INFO - 25/07/09 12:04:58 INFO DAGScheduler: Final stage: ResultStage 5 (showString at NativeMethodAccessorImpl.java:0)
[2025-07-09T12:04:58.811+0000] {spark_submit.py:644} INFO - 25/07/09 12:04:58 INFO DAGScheduler: Parents of final stage: List()
[2025-07-09T12:04:58.811+0000] {spark_submit.py:644} INFO - 25/07/09 12:04:58 INFO DAGScheduler: Missing parents: List()
[2025-07-09T12:04:58.812+0000] {spark_submit.py:644} INFO - 25/07/09 12:04:58 INFO DAGScheduler: Submitting ResultStage 5 (MapPartitionsRDD[12] at showString at NativeMethodAccessorImpl.java:0), which has no missing parents
[2025-07-09T12:04:58.812+0000] {spark_submit.py:644} INFO - 25/07/09 12:04:58 INFO MemoryStore: Block broadcast_5 stored as values in memory (estimated size 15.0 KiB, free 434.4 MiB)
[2025-07-09T12:04:58.817+0000] {spark_submit.py:644} INFO - 25/07/09 12:04:58 INFO MemoryStore: Block broadcast_5_piece0 stored as bytes in memory (estimated size 7.2 KiB, free 434.4 MiB)
[2025-07-09T12:04:58.818+0000] {spark_submit.py:644} INFO - 25/07/09 12:04:58 INFO BlockManagerInfo: Added broadcast_5_piece0 in memory on a05bad25c14c:45647 (size: 7.2 KiB, free: 434.4 MiB)
[2025-07-09T12:04:58.819+0000] {spark_submit.py:644} INFO - 25/07/09 12:04:58 INFO SparkContext: Created broadcast 5 from broadcast at DAGScheduler.scala:1585
[2025-07-09T12:04:58.820+0000] {spark_submit.py:644} INFO - 25/07/09 12:04:58 INFO BlockManagerInfo: Removed broadcast_4_piece0 on a05bad25c14c:45647 in memory (size: 7.2 KiB, free: 434.4 MiB)
[2025-07-09T12:04:58.821+0000] {spark_submit.py:644} INFO - 25/07/09 12:04:58 INFO DAGScheduler: Submitting 1 missing tasks from ResultStage 5 (MapPartitionsRDD[12] at showString at NativeMethodAccessorImpl.java:0) (first 15 tasks are for partitions Vector(1))
[2025-07-09T12:04:58.822+0000] {spark_submit.py:644} INFO - 25/07/09 12:04:58 INFO TaskSchedulerImpl: Adding task set 5.0 with 1 tasks resource profile 0
[2025-07-09T12:04:58.823+0000] {spark_submit.py:644} INFO - 25/07/09 12:04:58 INFO BlockManagerInfo: Removed broadcast_4_piece0 on 172.19.0.13:34515 in memory (size: 7.2 KiB, free: 434.4 MiB)
[2025-07-09T12:04:58.823+0000] {spark_submit.py:644} INFO - 25/07/09 12:04:58 INFO TaskSetManager: Starting task 0.0 in stage 5.0 (TID 5) (172.19.0.13, executor 0, partition 1, PROCESS_LOCAL, 9147 bytes)
[2025-07-09T12:04:58.839+0000] {spark_submit.py:644} INFO - 25/07/09 12:04:58 INFO BlockManagerInfo: Added broadcast_5_piece0 in memory on 172.19.0.13:34515 (size: 7.2 KiB, free: 434.4 MiB)
[2025-07-09T12:04:58.963+0000] {spark_submit.py:644} INFO - 25/07/09 12:04:58 INFO TaskSetManager: Finished task 0.0 in stage 5.0 (TID 5) in 140 ms on 172.19.0.13 (executor 0) (1/1)
[2025-07-09T12:04:58.967+0000] {spark_submit.py:644} INFO - 25/07/09 12:04:58 INFO TaskSchedulerImpl: Removed TaskSet 5.0, whose tasks have all completed, from pool
[2025-07-09T12:04:58.967+0000] {spark_submit.py:644} INFO - 25/07/09 12:04:58 INFO DAGScheduler: ResultStage 5 (showString at NativeMethodAccessorImpl.java:0) finished in 0.157 s
[2025-07-09T12:04:58.968+0000] {spark_submit.py:644} INFO - 25/07/09 12:04:58 INFO DAGScheduler: Job 4 is finished. Cancelling potential speculative or zombie tasks for this job
[2025-07-09T12:04:58.968+0000] {spark_submit.py:644} INFO - 25/07/09 12:04:58 INFO TaskSchedulerImpl: Killing all running tasks in stage 5: Stage finished
[2025-07-09T12:04:58.969+0000] {spark_submit.py:644} INFO - 25/07/09 12:04:58 INFO DAGScheduler: Job 4 finished: showString at NativeMethodAccessorImpl.java:0, took 0.161407 s
[2025-07-09T12:05:01.007+0000] {spark_submit.py:644} INFO - 25/07/09 12:05:01 INFO BlockManagerInfo: Removed broadcast_5_piece0 on a05bad25c14c:45647 in memory (size: 7.2 KiB, free: 434.4 MiB)
[2025-07-09T12:05:01.009+0000] {spark_submit.py:644} INFO - 25/07/09 12:05:01 INFO BlockManagerInfo: Removed broadcast_5_piece0 on 172.19.0.13:34515 in memory (size: 7.2 KiB, free: 434.4 MiB)
[2025-07-09T12:05:02.121+0000] {spark_submit.py:644} INFO - 25/07/09 12:05:02 INFO CodeGenerator: Code generated in 17.699286 ms
[2025-07-09T12:05:02.196+0000] {spark_submit.py:644} INFO - +-----------+-------+---------+------------+--------+-------------------+-------------------+----------+
[2025-07-09T12:05:02.197+0000] {spark_submit.py:644} INFO - |message_num|context|client_id|knowledge_id|group_id|latitude           |longitude          |pertinence|
[2025-07-09T12:05:02.197+0000] {spark_submit.py:644} INFO - +-----------+-------+---------+------------+--------+-------------------+-------------------+----------+
[2025-07-09T12:05:02.198+0000] {spark_submit.py:644} INFO - |1          |0      |4        |975         |498     |-30.001143000000003|-55.016076000000005|1751478956|
[2025-07-09T12:05:02.199+0000] {spark_submit.py:644} INFO - |2          |1      |1        |761         |1181    |-30.001143000000003|-55.016078         |1751478956|
[2025-07-09T12:05:02.199+0000] {spark_submit.py:644} INFO - |3          |2      |2        |767         |1899    |-30.001143000000003|-55.016078         |1751478956|
[2025-07-09T12:05:02.200+0000] {spark_submit.py:644} INFO - |4          |3      |4        |964         |1171    |-30.001143000000003|-55.016078         |1751478956|
[2025-07-09T12:05:02.200+0000] {spark_submit.py:644} INFO - |5          |4      |4        |254         |1399    |-30.001143000000003|-55.016076000000005|1751478956|
[2025-07-09T12:05:02.201+0000] {spark_submit.py:644} INFO - +-----------+-------+---------+------------+--------+-------------------+-------------------+----------+
[2025-07-09T12:05:02.201+0000] {spark_submit.py:644} INFO - 
[2025-07-09T12:05:02.202+0000] {spark_submit.py:644} INFO - Processamento concluído com sucesso!
[2025-07-09T12:05:02.202+0000] {spark_submit.py:644} INFO - 25/07/09 12:05:02 INFO SparkContext: SparkContext is stopping with exitCode 0.
[2025-07-09T12:05:02.498+0000] {spark_submit.py:644} INFO - 25/07/09 12:05:02 INFO SparkUI: Stopped Spark web UI at http://a05bad25c14c:4040
[2025-07-09T12:05:02.501+0000] {spark_submit.py:644} INFO - 25/07/09 12:05:02 INFO StandaloneSchedulerBackend: Shutting down all executors
[2025-07-09T12:05:02.502+0000] {spark_submit.py:644} INFO - 25/07/09 12:05:02 INFO StandaloneSchedulerBackend$StandaloneDriverEndpoint: Asking each executor to shut down
[2025-07-09T12:05:02.775+0000] {spark_submit.py:644} INFO - 25/07/09 12:05:02 INFO MapOutputTrackerMasterEndpoint: MapOutputTrackerMasterEndpoint stopped!
[2025-07-09T12:05:03.097+0000] {spark_submit.py:644} INFO - 25/07/09 12:05:03 INFO MemoryStore: MemoryStore cleared
[2025-07-09T12:05:03.098+0000] {spark_submit.py:644} INFO - 25/07/09 12:05:03 INFO BlockManager: BlockManager stopped
[2025-07-09T12:05:03.103+0000] {spark_submit.py:644} INFO - 25/07/09 12:05:03 INFO BlockManagerMaster: BlockManagerMaster stopped
[2025-07-09T12:05:03.158+0000] {spark_submit.py:644} INFO - 25/07/09 12:05:03 INFO OutputCommitCoordinator$OutputCommitCoordinatorEndpoint: OutputCommitCoordinator stopped!
[2025-07-09T12:05:03.164+0000] {spark_submit.py:644} INFO - 25/07/09 12:05:03 INFO SparkContext: Successfully stopped SparkContext
[2025-07-09T12:05:04.969+0000] {spark_submit.py:644} INFO - 25/07/09 12:05:04 INFO ShutdownHookManager: Shutdown hook called
[2025-07-09T12:05:04.970+0000] {spark_submit.py:644} INFO - 25/07/09 12:05:04 INFO ShutdownHookManager: Deleting directory /tmp/spark-8eda63ef-d5cf-4a82-a656-27c437f2aff5/pyspark-8723378d-67d4-4318-93f6-571074c18aad
[2025-07-09T12:05:04.974+0000] {spark_submit.py:644} INFO - 25/07/09 12:05:04 INFO ShutdownHookManager: Deleting directory /tmp/spark-8eda63ef-d5cf-4a82-a656-27c437f2aff5
[2025-07-09T12:05:04.977+0000] {spark_submit.py:644} INFO - 25/07/09 12:05:04 INFO ShutdownHookManager: Deleting directory /tmp/spark-38e04d41-0129-46cc-919b-b6be2059ef3f
[2025-07-09T12:05:05.081+0000] {taskinstance.py:349} INFO - ::group::Post task execution logs
[2025-07-09T12:05:05.082+0000] {taskinstance.py:361} INFO - Marking task as SUCCESS. dag_id=process_sword_messages, task_id=process_sword_messages, run_id=manual__2025-07-09T12:03:34.466553+00:00, execution_date=20250709T120334, start_date=20250709T120336, end_date=20250709T120505
[2025-07-09T12:05:05.501+0000] {local_task_job_runner.py:266} INFO - Task exited with return code 0
[2025-07-09T12:05:05.533+0000] {taskinstance.py:3924} INFO - 0 downstream tasks scheduled from follow-on schedule check
[2025-07-09T12:05:05.724+0000] {local_task_job_runner.py:245} INFO - ::endgroup::
