[2025-07-08T19:04:11.622+0000] {local_task_job_runner.py:123} INFO - ::group::Pre task execution logs
[2025-07-08T19:04:11.722+0000] {taskinstance.py:2631} INFO - Dependencies all met for dep_context=non-requeueable deps ti=<TaskInstance: process_exercises.process_exercises manual__2025-07-08T19:04:06.024610+00:00 [queued]>
[2025-07-08T19:04:11.738+0000] {taskinstance.py:2631} INFO - Dependencies all met for dep_context=requeueable deps ti=<TaskInstance: process_exercises.process_exercises manual__2025-07-08T19:04:06.024610+00:00 [queued]>
[2025-07-08T19:04:11.739+0000] {taskinstance.py:2884} INFO - Starting attempt 1 of 1
[2025-07-08T19:04:11.790+0000] {taskinstance.py:2907} INFO - Executing <Task(SparkSubmitOperator): process_exercises> on 2025-07-08 19:04:06.024610+00:00
[2025-07-08T19:04:11.799+0000] {standard_task_runner.py:104} INFO - Running: ['airflow', 'tasks', 'run', 'process_exercises', 'process_exercises', 'manual__2025-07-08T19:04:06.024610+00:00', '--job-id', '195', '--raw', '--subdir', 'DAGS_FOLDER/process_exercises.py', '--cfg-path', '/tmp/tmp6_0y02hc']
[2025-07-08T19:04:11.802+0000] {standard_task_runner.py:105} INFO - Job 195: Subtask process_exercises
[2025-07-08T19:04:11.815+0000] {logging_mixin.py:190} WARNING - /home/airflow/.local/lib/python3.12/site-packages/airflow/task/task_runner/standard_task_runner.py:70 DeprecationWarning: This process (pid=13186) is multi-threaded, use of fork() may lead to deadlocks in the child.
[2025-07-08T19:04:11.816+0000] {standard_task_runner.py:72} INFO - Started process 13187 to run task
[2025-07-08T19:04:11.979+0000] {task_command.py:467} INFO - Running <TaskInstance: process_exercises.process_exercises manual__2025-07-08T19:04:06.024610+00:00 [running]> on host 3748f1b8240a
[2025-07-08T19:04:12.233+0000] {taskinstance.py:3157} INFO - Exporting env vars: AIRFLOW_CTX_DAG_OWNER='airflow' AIRFLOW_CTX_DAG_ID='process_exercises' AIRFLOW_CTX_TASK_ID='process_exercises' AIRFLOW_CTX_EXECUTION_DATE='2025-07-08T19:04:06.024610+00:00' AIRFLOW_CTX_TRY_NUMBER='1' AIRFLOW_CTX_DAG_RUN_ID='manual__2025-07-08T19:04:06.024610+00:00'
[2025-07-08T19:04:12.234+0000] {taskinstance.py:740} INFO - ::endgroup::
[2025-07-08T19:04:12.294+0000] {base.py:84} INFO - Retrieving connection 'spark-ebsim'
[2025-07-08T19:04:12.301+0000] {spark_submit.py:474} INFO - Spark-Submit cmd: spark-submit --master spark://spark-master:7077 --jars /opt/bitnami/spark/jars/iceberg-spark-runtime-3.5_2.12-1.8.1.jar,/opt/bitnami/spark/jars/nessie-spark-extensions-3.5_2.12-0.103.2.jar,/opt/bitnami/spark/jars/nessie-client-0.103.2.jar,/opt/bitnami/spark/jars/hadoop-aws-3.3.2.jar,/opt/bitnami/spark/jars/aws-java-sdk-bundle-1.12.262.jar, --name arrow-spark --deploy-mode client /opt/bitnami/spark/jobs/process_exercises_job.py {"id": "CA-LESTE-construtiva-4DE-2025-07-08", "manifest_entry": {"data": {"createdAt": "2025-07-08T18:27:58.496Z", "origin": "CA-LESTE", "path": "exercises/CA-LESTE-construtiva-4DE-2025-07-08"}, "id": "CA-LESTE-construtiva-4DE-2025-07-08"}, "metadata": {"createdAt": "2025-07-08T18:27:58.496Z", "description": "4DE", "documents": [{"description": "", "id": "1751999288885", "mimetype": "application/pdf", "name": "Op Jacui IV - Ordem de Operacoes.pdf", "path": "exercises/CA-LESTE-construtiva-4DE-2025-07-08/documents/Op Jacui IV - Ordem de Operacoes.pdf", "size": 336744, "uploadedAt": "2025-07-08T18:28:08.885Z"}], "endDate": "2025-07-10", "id": "CA-LESTE-construtiva-4DE-2025-07-08", "name": "Jogo de Guerra", "origin": "CA-LESTE", "simulationType": "construtiva", "simulations": [{"id": "172.19.0.14_2025-07-08", "movedAt": "2025-07-08T18:28:17.872Z", "name": "172.19.0.14_2025-07-08", "originalPath": "staging/172.19.0.14_2025-07-08", "path": "exercises/CA-LESTE-construtiva-4DE-2025-07-08/simulations/172.19.0.14_2025-07-08"}], "startDate": "2025-07-08", "trainedForce": "4 Divis\u00e3o de Ex\u00e9rcito", "updatedAt": "2025-07-08T18:28:17.873Z", "wikiUrl": ""}}
[2025-07-08T19:04:14.764+0000] {spark_submit.py:644} INFO - 25/07/08 19:04:14 WARN NativeCodeLoader: Unable to load native-hadoop library for your platform... using builtin-java classes where applicable
[2025-07-08T19:04:16.183+0000] {spark_submit.py:644} INFO - [PROCESS EXERCISES] ℹ️ Iniciando processamento de exercícios
[2025-07-08T19:04:16.184+0000] {spark_submit.py:644} INFO - [PROCESS EXERCISES] ℹ️ Exercício selecionado: CA-LESTE-construtiva-4DE-2025-07-08
[2025-07-08T19:04:16.184+0000] {spark_submit.py:644} INFO - [PROCESS EXERCISES] 🔄 Criando sessão Spark
[2025-07-08T19:04:16.743+0000] {spark_submit.py:644} INFO - 25/07/08 19:04:16 INFO SparkContext: Running Spark version 3.5.5
[2025-07-08T19:04:16.744+0000] {spark_submit.py:644} INFO - 25/07/08 19:04:16 INFO SparkContext: OS info Linux, 5.15.167.4-microsoft-standard-WSL2, amd64
[2025-07-08T19:04:16.744+0000] {spark_submit.py:644} INFO - 25/07/08 19:04:16 INFO SparkContext: Java version 17.0.15
[2025-07-08T19:04:16.776+0000] {spark_submit.py:644} INFO - 25/07/08 19:04:16 INFO ResourceUtils: ==============================================================
[2025-07-08T19:04:16.777+0000] {spark_submit.py:644} INFO - 25/07/08 19:04:16 INFO ResourceUtils: No custom resources configured for spark.driver.
[2025-07-08T19:04:16.778+0000] {spark_submit.py:644} INFO - 25/07/08 19:04:16 INFO ResourceUtils: ==============================================================
[2025-07-08T19:04:16.778+0000] {spark_submit.py:644} INFO - 25/07/08 19:04:16 INFO SparkContext: Submitted application: ProcessExercises
[2025-07-08T19:04:16.799+0000] {spark_submit.py:644} INFO - 25/07/08 19:04:16 INFO ResourceProfile: Default ResourceProfile created, executor resources: Map(memory -> name: memory, amount: 1024, script: , vendor: , offHeap -> name: offHeap, amount: 0, script: , vendor: ), task resources: Map(cpus -> name: cpus, amount: 1.0)
[2025-07-08T19:04:16.818+0000] {spark_submit.py:644} INFO - 25/07/08 19:04:16 INFO ResourceProfile: Limiting resource is cpu
[2025-07-08T19:04:16.819+0000] {spark_submit.py:644} INFO - 25/07/08 19:04:16 INFO ResourceProfileManager: Added ResourceProfile id: 0
[2025-07-08T19:04:16.863+0000] {spark_submit.py:644} INFO - 25/07/08 19:04:16 INFO SecurityManager: Changing view acls to: airflow
[2025-07-08T19:04:16.864+0000] {spark_submit.py:644} INFO - 25/07/08 19:04:16 INFO SecurityManager: Changing modify acls to: airflow
[2025-07-08T19:04:16.865+0000] {spark_submit.py:644} INFO - 25/07/08 19:04:16 INFO SecurityManager: Changing view acls groups to:
[2025-07-08T19:04:16.866+0000] {spark_submit.py:644} INFO - 25/07/08 19:04:16 INFO SecurityManager: Changing modify acls groups to:
[2025-07-08T19:04:16.866+0000] {spark_submit.py:644} INFO - 25/07/08 19:04:16 INFO SecurityManager: SecurityManager: authentication disabled; ui acls disabled; users with view permissions: airflow; groups with view permissions: EMPTY; users with modify permissions: airflow; groups with modify permissions: EMPTY
[2025-07-08T19:04:17.064+0000] {spark_submit.py:644} INFO - 25/07/08 19:04:17 INFO Utils: Successfully started service 'sparkDriver' on port 42469.
[2025-07-08T19:04:17.088+0000] {spark_submit.py:644} INFO - 25/07/08 19:04:17 INFO SparkEnv: Registering MapOutputTracker
[2025-07-08T19:04:17.118+0000] {spark_submit.py:644} INFO - 25/07/08 19:04:17 INFO SparkEnv: Registering BlockManagerMaster
[2025-07-08T19:04:17.136+0000] {spark_submit.py:644} INFO - 25/07/08 19:04:17 INFO BlockManagerMasterEndpoint: Using org.apache.spark.storage.DefaultTopologyMapper for getting topology information
[2025-07-08T19:04:17.137+0000] {spark_submit.py:644} INFO - 25/07/08 19:04:17 INFO BlockManagerMasterEndpoint: BlockManagerMasterEndpoint up
[2025-07-08T19:04:17.143+0000] {spark_submit.py:644} INFO - 25/07/08 19:04:17 INFO SparkEnv: Registering BlockManagerMasterHeartbeat
[2025-07-08T19:04:17.168+0000] {spark_submit.py:644} INFO - 25/07/08 19:04:17 INFO DiskBlockManager: Created local directory at /tmp/blockmgr-75ddc0fd-7cba-45e7-b383-498094de7d0b
[2025-07-08T19:04:17.184+0000] {spark_submit.py:644} INFO - 25/07/08 19:04:17 INFO MemoryStore: MemoryStore started with capacity 434.4 MiB
[2025-07-08T19:04:17.215+0000] {spark_submit.py:644} INFO - 25/07/08 19:04:17 INFO SparkEnv: Registering OutputCommitCoordinator
[2025-07-08T19:04:17.368+0000] {spark_submit.py:644} INFO - 25/07/08 19:04:17 INFO JettyUtils: Start Jetty 0.0.0.0:4040 for SparkUI
[2025-07-08T19:04:17.445+0000] {spark_submit.py:644} INFO - 25/07/08 19:04:17 INFO Utils: Successfully started service 'SparkUI' on port 4040.
[2025-07-08T19:04:17.486+0000] {spark_submit.py:644} INFO - 25/07/08 19:04:17 INFO SparkContext: Added JAR file:///opt/bitnami/spark/jars/iceberg-spark-runtime-3.5_2.12-1.8.1.jar at spark://3748f1b8240a:42469/jars/iceberg-spark-runtime-3.5_2.12-1.8.1.jar with timestamp 1752001456735
[2025-07-08T19:04:17.487+0000] {spark_submit.py:644} INFO - 25/07/08 19:04:17 INFO SparkContext: Added JAR file:///opt/bitnami/spark/jars/nessie-spark-extensions-3.5_2.12-0.103.2.jar at spark://3748f1b8240a:42469/jars/nessie-spark-extensions-3.5_2.12-0.103.2.jar with timestamp 1752001456735
[2025-07-08T19:04:17.488+0000] {spark_submit.py:644} INFO - 25/07/08 19:04:17 INFO SparkContext: Added JAR file:///opt/bitnami/spark/jars/nessie-client-0.103.2.jar at spark://3748f1b8240a:42469/jars/nessie-client-0.103.2.jar with timestamp 1752001456735
[2025-07-08T19:04:17.489+0000] {spark_submit.py:644} INFO - 25/07/08 19:04:17 INFO SparkContext: Added JAR file:///opt/bitnami/spark/jars/hadoop-aws-3.3.2.jar at spark://3748f1b8240a:42469/jars/hadoop-aws-3.3.2.jar with timestamp 1752001456735
[2025-07-08T19:04:17.490+0000] {spark_submit.py:644} INFO - 25/07/08 19:04:17 INFO SparkContext: Added JAR file:///opt/bitnami/spark/jars/aws-java-sdk-bundle-1.12.262.jar at spark://3748f1b8240a:42469/jars/aws-java-sdk-bundle-1.12.262.jar with timestamp 1752001456735
[2025-07-08T19:04:17.570+0000] {spark_submit.py:644} INFO - 25/07/08 19:04:17 INFO StandaloneAppClient$ClientEndpoint: Connecting to master spark://spark-master:7077...
[2025-07-08T19:04:17.751+0000] {spark_submit.py:644} INFO - 25/07/08 19:04:17 INFO TransportClientFactory: Successfully created connection to spark-master/172.19.0.2:7077 after 109 ms (0 ms spent in bootstraps)
[2025-07-08T19:04:18.046+0000] {spark_submit.py:644} INFO - 25/07/08 19:04:18 INFO StandaloneSchedulerBackend: Connected to Spark cluster with app ID app-20250708190417-0023
[2025-07-08T19:04:18.052+0000] {spark_submit.py:644} INFO - 25/07/08 19:04:18 INFO StandaloneAppClient$ClientEndpoint: Executor added: app-20250708190417-0023/0 on worker-20250708130010-172.19.0.8-33627 (172.19.0.8:33627) with 2 core(s)
[2025-07-08T19:04:18.056+0000] {spark_submit.py:644} INFO - 25/07/08 19:04:18 INFO StandaloneSchedulerBackend: Granted executor ID app-20250708190417-0023/0 on hostPort 172.19.0.8:33627 with 2 core(s), 1024.0 MiB RAM
[2025-07-08T19:04:18.061+0000] {spark_submit.py:644} INFO - 25/07/08 19:04:18 INFO Utils: Successfully started service 'org.apache.spark.network.netty.NettyBlockTransferService' on port 44013.
[2025-07-08T19:04:18.062+0000] {spark_submit.py:644} INFO - 25/07/08 19:04:18 INFO NettyBlockTransferService: Server created on 3748f1b8240a:44013
[2025-07-08T19:04:18.064+0000] {spark_submit.py:644} INFO - 25/07/08 19:04:18 INFO BlockManager: Using org.apache.spark.storage.RandomBlockReplicationPolicy for block replication policy
[2025-07-08T19:04:18.070+0000] {spark_submit.py:644} INFO - 25/07/08 19:04:18 INFO BlockManagerMaster: Registering BlockManager BlockManagerId(driver, 3748f1b8240a, 44013, None)
[2025-07-08T19:04:18.073+0000] {spark_submit.py:644} INFO - 25/07/08 19:04:18 INFO BlockManagerMasterEndpoint: Registering block manager 3748f1b8240a:44013 with 434.4 MiB RAM, BlockManagerId(driver, 3748f1b8240a, 44013, None)
[2025-07-08T19:04:18.075+0000] {spark_submit.py:644} INFO - 25/07/08 19:04:18 INFO BlockManagerMaster: Registered BlockManager BlockManagerId(driver, 3748f1b8240a, 44013, None)
[2025-07-08T19:04:18.077+0000] {spark_submit.py:644} INFO - 25/07/08 19:04:18 INFO BlockManager: Initialized BlockManager: BlockManagerId(driver, 3748f1b8240a, 44013, None)
[2025-07-08T19:04:18.146+0000] {spark_submit.py:644} INFO - 25/07/08 19:04:18 INFO StandaloneAppClient$ClientEndpoint: Executor updated: app-20250708190417-0023/0 is now RUNNING
[2025-07-08T19:04:18.269+0000] {spark_submit.py:644} INFO - 25/07/08 19:04:18 INFO StandaloneSchedulerBackend: SchedulerBackend is ready for scheduling beginning after reached minRegisteredResourcesRatio: 0.0
[2025-07-08T19:04:18.917+0000] {spark_submit.py:644} INFO - [PROCESS EXERCISES] ✅ Sessão Spark criada com sucesso
[2025-07-08T19:04:18.919+0000] {spark_submit.py:644} INFO - [PROCESS EXERCISES] ✅ Processador de exercícios inicializado
[2025-07-08T19:04:18.921+0000] {spark_submit.py:644} INFO - [PROCESS EXERCISES] 🔄 Criando namespace nessie.exercises
[2025-07-08T19:04:18.937+0000] {spark_submit.py:644} INFO - 25/07/08 19:04:18 INFO SharedState: Setting hive.metastore.warehouse.dir ('null') to the value of spark.sql.warehouse.dir.
[2025-07-08T19:04:18.945+0000] {spark_submit.py:644} INFO - 25/07/08 19:04:18 INFO SharedState: Warehouse path is 'file:/opt/airflow/spark-warehouse'.
[2025-07-08T19:04:21.459+0000] {spark_submit.py:644} INFO - 25/07/08 19:04:21 INFO CatalogUtil: Loading custom FileIO implementation: org.apache.iceberg.hadoop.HadoopFileIO
[2025-07-08T19:04:21.671+0000] {spark_submit.py:644} INFO - 25/07/08 19:04:21 INFO StandaloneSchedulerBackend$StandaloneDriverEndpoint: Registered executor NettyRpcEndpointRef(spark-client://Executor) (172.19.0.8:44200) with ID 0,  ResourceProfileId 0
[2025-07-08T19:04:21.812+0000] {spark_submit.py:644} INFO - 25/07/08 19:04:21 INFO BlockManagerMasterEndpoint: Registering block manager 172.19.0.8:40221 with 434.4 MiB RAM, BlockManagerId(0, 172.19.0.8, 40221, None)
[2025-07-08T19:04:23.211+0000] {spark_submit.py:644} INFO - [PROCESS EXERCISES] ✅ Namespace criado/verificado com sucesso
[2025-07-08T19:04:23.212+0000] {spark_submit.py:644} INFO - [PROCESS EXERCISES] 🔄 === FASE 1: PROCESSAMENTO DE DOCUMENTOS ===
[2025-07-08T19:04:23.213+0000] {spark_submit.py:644} INFO - [PROCESS EXERCISES] 🔄 Iniciando processamento de documentos PDF
[2025-07-08T19:04:23.214+0000] {spark_submit.py:644} INFO - [PROCESS EXERCISES] ℹ️ Encontrados 1 documentos
[2025-07-08T19:04:23.214+0000] {spark_submit.py:644} INFO - [PROCESS EXERCISES] 🔄 Processando documento: Op Jacui IV - Ordem de Operacoes.pdf
[2025-07-08T19:04:23.215+0000] {spark_submit.py:644} INFO - [PROCESS EXERCISES] ℹ️ Carregando PDF de: s3a://bronze/exercises/CA-LESTE-construtiva-4DE-2025-07-08/documents/Op Jacui IV - Ordem de Operacoes.pdf
[2025-07-08T19:04:23.537+0000] {spark_submit.py:644} INFO - 25/07/08 19:04:23 WARN MetricsConfig: Cannot locate configuration: tried hadoop-metrics2-s3a-file-system.properties,hadoop-metrics2.properties
[2025-07-08T19:04:23.551+0000] {spark_submit.py:644} INFO - 25/07/08 19:04:23 INFO MetricsSystemImpl: Scheduled Metric snapshot period at 10 second(s).
[2025-07-08T19:04:23.552+0000] {spark_submit.py:644} INFO - 25/07/08 19:04:23 INFO MetricsSystemImpl: s3a-file-system metrics system started
[2025-07-08T19:04:25.345+0000] {spark_submit.py:644} INFO - 25/07/08 19:04:25 INFO InMemoryFileIndex: It took 48 ms to list leaf files for 1 paths.
[2025-07-08T19:04:25.807+0000] {spark_submit.py:644} INFO - 25/07/08 19:04:25 INFO FileSourceStrategy: Pushed Filters:
[2025-07-08T19:04:25.808+0000] {spark_submit.py:644} INFO - 25/07/08 19:04:25 INFO FileSourceStrategy: Post-Scan Filters:
[2025-07-08T19:04:26.166+0000] {spark_submit.py:644} INFO - 25/07/08 19:04:26 INFO CodeGenerator: Code generated in 136.588191 ms
[2025-07-08T19:04:26.215+0000] {spark_submit.py:644} INFO - 25/07/08 19:04:26 INFO MemoryStore: Block broadcast_0 stored as values in memory (estimated size 203.5 KiB, free 434.2 MiB)
[2025-07-08T19:04:26.258+0000] {spark_submit.py:644} INFO - 25/07/08 19:04:26 INFO MemoryStore: Block broadcast_0_piece0 stored as bytes in memory (estimated size 35.7 KiB, free 434.2 MiB)
[2025-07-08T19:04:26.261+0000] {spark_submit.py:644} INFO - 25/07/08 19:04:26 INFO BlockManagerInfo: Added broadcast_0_piece0 in memory on 3748f1b8240a:44013 (size: 35.7 KiB, free: 434.4 MiB)
[2025-07-08T19:04:26.265+0000] {spark_submit.py:644} INFO - 25/07/08 19:04:26 INFO SparkContext: Created broadcast 0 from collect at /opt/bitnami/spark/jobs/process_exercises_job.py:238
[2025-07-08T19:04:26.274+0000] {spark_submit.py:644} INFO - 25/07/08 19:04:26 INFO FileSourceScanExec: Planning scan with bin packing, max size: 4194304 bytes, open cost is considered as scanning 4194304 bytes.
[2025-07-08T19:04:26.486+0000] {spark_submit.py:644} INFO - 25/07/08 19:04:26 INFO SparkContext: Starting job: collect at /opt/bitnami/spark/jobs/process_exercises_job.py:238
[2025-07-08T19:04:26.537+0000] {spark_submit.py:644} INFO - 25/07/08 19:04:26 INFO DAGScheduler: Got job 0 (collect at /opt/bitnami/spark/jobs/process_exercises_job.py:238) with 1 output partitions
[2025-07-08T19:04:26.538+0000] {spark_submit.py:644} INFO - 25/07/08 19:04:26 INFO DAGScheduler: Final stage: ResultStage 0 (collect at /opt/bitnami/spark/jobs/process_exercises_job.py:238)
[2025-07-08T19:04:26.539+0000] {spark_submit.py:644} INFO - 25/07/08 19:04:26 INFO DAGScheduler: Parents of final stage: List()
[2025-07-08T19:04:26.541+0000] {spark_submit.py:644} INFO - 25/07/08 19:04:26 INFO DAGScheduler: Missing parents: List()
[2025-07-08T19:04:26.547+0000] {spark_submit.py:644} INFO - 25/07/08 19:04:26 INFO DAGScheduler: Submitting ResultStage 0 (MapPartitionsRDD[5] at collect at /opt/bitnami/spark/jobs/process_exercises_job.py:238), which has no missing parents
[2025-07-08T19:04:26.563+0000] {spark_submit.py:644} INFO - 25/07/08 19:04:26 INFO MemoryStore: Block broadcast_1 stored as values in memory (estimated size 27.4 KiB, free 434.1 MiB)
[2025-07-08T19:04:26.574+0000] {spark_submit.py:644} INFO - 25/07/08 19:04:26 INFO MemoryStore: Block broadcast_1_piece0 stored as bytes in memory (estimated size 13.6 KiB, free 434.1 MiB)
[2025-07-08T19:04:26.576+0000] {spark_submit.py:644} INFO - 25/07/08 19:04:26 INFO BlockManagerInfo: Added broadcast_1_piece0 in memory on 3748f1b8240a:44013 (size: 13.6 KiB, free: 434.4 MiB)
[2025-07-08T19:04:26.577+0000] {spark_submit.py:644} INFO - 25/07/08 19:04:26 INFO SparkContext: Created broadcast 1 from broadcast at DAGScheduler.scala:1585
[2025-07-08T19:04:26.621+0000] {spark_submit.py:644} INFO - 25/07/08 19:04:26 INFO DAGScheduler: Submitting 1 missing tasks from ResultStage 0 (MapPartitionsRDD[5] at collect at /opt/bitnami/spark/jobs/process_exercises_job.py:238) (first 15 tasks are for partitions Vector(0))
[2025-07-08T19:04:26.622+0000] {spark_submit.py:644} INFO - 25/07/08 19:04:26 INFO TaskSchedulerImpl: Adding task set 0.0 with 1 tasks resource profile 0
[2025-07-08T19:04:35.089+0000] {spark_submit.py:644} INFO - 25/07/08 19:04:35 INFO TaskSetManager: Starting task 0.0 in stage 0.0 (TID 0) (172.19.0.8, executor 0, partition 0, PROCESS_LOCAL, 10198 bytes)
[2025-07-08T19:04:35.381+0000] {spark_submit.py:644} INFO - 25/07/08 19:04:35 INFO BlockManagerInfo: Added broadcast_1_piece0 in memory on 172.19.0.8:40221 (size: 13.6 KiB, free: 434.4 MiB)
[2025-07-08T19:04:37.571+0000] {spark_submit.py:644} INFO - 25/07/08 19:04:37 INFO BlockManagerInfo: Added broadcast_0_piece0 in memory on 172.19.0.8:40221 (size: 35.7 KiB, free: 434.4 MiB)
[2025-07-08T19:04:41.600+0000] {spark_submit.py:644} INFO - 25/07/08 19:04:41 INFO TaskSetManager: Finished task 0.0 in stage 0.0 (TID 0) in 6523 ms on 172.19.0.8 (executor 0) (1/1)
[2025-07-08T19:04:41.603+0000] {spark_submit.py:644} INFO - 25/07/08 19:04:41 INFO TaskSchedulerImpl: Removed TaskSet 0.0, whose tasks have all completed, from pool
[2025-07-08T19:04:41.606+0000] {spark_submit.py:644} INFO - 25/07/08 19:04:41 INFO PythonAccumulatorV2: Connected to AccumulatorServer at host: 127.0.0.1 port: 54489
[2025-07-08T19:04:41.610+0000] {spark_submit.py:644} INFO - 25/07/08 19:04:41 INFO DAGScheduler: ResultStage 0 (collect at /opt/bitnami/spark/jobs/process_exercises_job.py:238) finished in 15.050 s
[2025-07-08T19:04:41.613+0000] {spark_submit.py:644} INFO - 25/07/08 19:04:41 INFO DAGScheduler: Job 0 is finished. Cancelling potential speculative or zombie tasks for this job
[2025-07-08T19:04:41.614+0000] {spark_submit.py:644} INFO - 25/07/08 19:04:41 INFO TaskSchedulerImpl: Killing all running tasks in stage 0: Stage finished
[2025-07-08T19:04:41.617+0000] {spark_submit.py:644} INFO - 25/07/08 19:04:41 INFO DAGScheduler: Job 0 finished: collect at /opt/bitnami/spark/jobs/process_exercises_job.py:238, took 15.134894 s
[2025-07-08T19:04:41.715+0000] {spark_submit.py:644} INFO - [PROCESS EXERCISES] ✅ Documento processado com sucesso: Op Jacui IV - Ordem de Operacoes.pdf
[2025-07-08T19:04:41.716+0000] {spark_submit.py:644} INFO - [PROCESS EXERCISES] ✅ Processamento de documentos concluído: 1 registros
[2025-07-08T19:04:45.379+0000] {spark_submit.py:644} INFO - 25/07/08 19:04:45 INFO CodeGenerator: Code generated in 19.597121 ms
[2025-07-08T19:04:45.430+0000] {spark_submit.py:644} INFO - 25/07/08 19:04:45 INFO DAGScheduler: Registering RDD 12 (count at NativeMethodAccessorImpl.java:0) as input to shuffle 0
[2025-07-08T19:04:45.434+0000] {spark_submit.py:644} INFO - 25/07/08 19:04:45 INFO DAGScheduler: Got map stage job 1 (count at NativeMethodAccessorImpl.java:0) with 2 output partitions
[2025-07-08T19:04:45.435+0000] {spark_submit.py:644} INFO - 25/07/08 19:04:45 INFO DAGScheduler: Final stage: ShuffleMapStage 1 (count at NativeMethodAccessorImpl.java:0)
[2025-07-08T19:04:45.436+0000] {spark_submit.py:644} INFO - 25/07/08 19:04:45 INFO DAGScheduler: Parents of final stage: List()
[2025-07-08T19:04:45.437+0000] {spark_submit.py:644} INFO - 25/07/08 19:04:45 INFO DAGScheduler: Missing parents: List()
[2025-07-08T19:04:45.438+0000] {spark_submit.py:644} INFO - 25/07/08 19:04:45 INFO DAGScheduler: Submitting ShuffleMapStage 1 (MapPartitionsRDD[12] at count at NativeMethodAccessorImpl.java:0), which has no missing parents
[2025-07-08T19:04:45.483+0000] {spark_submit.py:644} INFO - 25/07/08 19:04:45 INFO MemoryStore: Block broadcast_2 stored as values in memory (estimated size 16.0 KiB, free 434.1 MiB)
[2025-07-08T19:04:45.525+0000] {spark_submit.py:644} INFO - 25/07/08 19:04:45 INFO MemoryStore: Block broadcast_2_piece0 stored as bytes in memory (estimated size 8.4 KiB, free 434.1 MiB)
[2025-07-08T19:04:45.529+0000] {spark_submit.py:644} INFO - 25/07/08 19:04:45 INFO BlockManagerInfo: Added broadcast_2_piece0 in memory on 3748f1b8240a:44013 (size: 8.4 KiB, free: 434.3 MiB)
[2025-07-08T19:04:45.530+0000] {spark_submit.py:644} INFO - 25/07/08 19:04:45 INFO SparkContext: Created broadcast 2 from broadcast at DAGScheduler.scala:1585
[2025-07-08T19:04:45.535+0000] {spark_submit.py:644} INFO - 25/07/08 19:04:45 INFO DAGScheduler: Submitting 2 missing tasks from ShuffleMapStage 1 (MapPartitionsRDD[12] at count at NativeMethodAccessorImpl.java:0) (first 15 tasks are for partitions Vector(0, 1))
[2025-07-08T19:04:45.536+0000] {spark_submit.py:644} INFO - 25/07/08 19:04:45 INFO TaskSchedulerImpl: Adding task set 1.0 with 2 tasks resource profile 0
[2025-07-08T19:04:45.546+0000] {spark_submit.py:644} INFO - 25/07/08 19:04:45 INFO TaskSetManager: Starting task 0.0 in stage 1.0 (TID 1) (172.19.0.8, executor 0, partition 0, PROCESS_LOCAL, 9487 bytes)
[2025-07-08T19:04:45.547+0000] {spark_submit.py:644} INFO - 25/07/08 19:04:45 INFO TaskSetManager: Starting task 1.0 in stage 1.0 (TID 2) (172.19.0.8, executor 0, partition 1, PROCESS_LOCAL, 26221 bytes)
[2025-07-08T19:04:45.614+0000] {spark_submit.py:644} INFO - 25/07/08 19:04:45 INFO BlockManagerInfo: Removed broadcast_1_piece0 on 172.19.0.8:40221 in memory (size: 13.6 KiB, free: 434.4 MiB)
[2025-07-08T19:04:45.625+0000] {spark_submit.py:644} INFO - 25/07/08 19:04:45 INFO BlockManagerInfo: Removed broadcast_1_piece0 on 3748f1b8240a:44013 in memory (size: 13.6 KiB, free: 434.4 MiB)
[2025-07-08T19:04:45.709+0000] {spark_submit.py:644} INFO - 25/07/08 19:04:45 INFO BlockManagerInfo: Added broadcast_2_piece0 in memory on 172.19.0.8:40221 (size: 8.4 KiB, free: 434.4 MiB)
[2025-07-08T19:04:47.126+0000] {spark_submit.py:644} INFO - 25/07/08 19:04:47 INFO TaskSetManager: Finished task 1.0 in stage 1.0 (TID 2) in 1579 ms on 172.19.0.8 (executor 0) (1/2)
[2025-07-08T19:04:47.126+0000] {spark_submit.py:644} INFO - 25/07/08 19:04:47 INFO TaskSetManager: Finished task 0.0 in stage 1.0 (TID 1) in 1591 ms on 172.19.0.8 (executor 0) (2/2)
[2025-07-08T19:04:47.127+0000] {spark_submit.py:644} INFO - 25/07/08 19:04:47 INFO TaskSchedulerImpl: Removed TaskSet 1.0, whose tasks have all completed, from pool
[2025-07-08T19:04:47.130+0000] {spark_submit.py:644} INFO - 25/07/08 19:04:47 INFO DAGScheduler: ShuffleMapStage 1 (count at NativeMethodAccessorImpl.java:0) finished in 1.682 s
[2025-07-08T19:04:47.131+0000] {spark_submit.py:644} INFO - 25/07/08 19:04:47 INFO DAGScheduler: looking for newly runnable stages
[2025-07-08T19:04:47.132+0000] {spark_submit.py:644} INFO - 25/07/08 19:04:47 INFO DAGScheduler: running: Set()
[2025-07-08T19:04:47.132+0000] {spark_submit.py:644} INFO - 25/07/08 19:04:47 INFO DAGScheduler: waiting: Set()
[2025-07-08T19:04:47.133+0000] {spark_submit.py:644} INFO - 25/07/08 19:04:47 INFO DAGScheduler: failed: Set()
[2025-07-08T19:04:47.216+0000] {spark_submit.py:644} INFO - 25/07/08 19:04:47 INFO CodeGenerator: Code generated in 23.173238 ms
[2025-07-08T19:04:47.243+0000] {spark_submit.py:644} INFO - 25/07/08 19:04:47 INFO SparkContext: Starting job: count at NativeMethodAccessorImpl.java:0
[2025-07-08T19:04:47.246+0000] {spark_submit.py:644} INFO - 25/07/08 19:04:47 INFO DAGScheduler: Got job 2 (count at NativeMethodAccessorImpl.java:0) with 1 output partitions
[2025-07-08T19:04:47.246+0000] {spark_submit.py:644} INFO - 25/07/08 19:04:47 INFO DAGScheduler: Final stage: ResultStage 3 (count at NativeMethodAccessorImpl.java:0)
[2025-07-08T19:04:47.247+0000] {spark_submit.py:644} INFO - 25/07/08 19:04:47 INFO DAGScheduler: Parents of final stage: List(ShuffleMapStage 2)
[2025-07-08T19:04:47.248+0000] {spark_submit.py:644} INFO - 25/07/08 19:04:47 INFO DAGScheduler: Missing parents: List()
[2025-07-08T19:04:47.249+0000] {spark_submit.py:644} INFO - 25/07/08 19:04:47 INFO DAGScheduler: Submitting ResultStage 3 (MapPartitionsRDD[15] at count at NativeMethodAccessorImpl.java:0), which has no missing parents
[2025-07-08T19:04:47.257+0000] {spark_submit.py:644} INFO - 25/07/08 19:04:47 INFO MemoryStore: Block broadcast_3 stored as values in memory (estimated size 12.5 KiB, free 434.1 MiB)
[2025-07-08T19:04:47.260+0000] {spark_submit.py:644} INFO - 25/07/08 19:04:47 INFO MemoryStore: Block broadcast_3_piece0 stored as bytes in memory (estimated size 5.9 KiB, free 434.1 MiB)
[2025-07-08T19:04:47.262+0000] {spark_submit.py:644} INFO - 25/07/08 19:04:47 INFO BlockManagerInfo: Added broadcast_3_piece0 in memory on 3748f1b8240a:44013 (size: 5.9 KiB, free: 434.4 MiB)
[2025-07-08T19:04:47.263+0000] {spark_submit.py:644} INFO - 25/07/08 19:04:47 INFO SparkContext: Created broadcast 3 from broadcast at DAGScheduler.scala:1585
[2025-07-08T19:04:47.264+0000] {spark_submit.py:644} INFO - 25/07/08 19:04:47 INFO DAGScheduler: Submitting 1 missing tasks from ResultStage 3 (MapPartitionsRDD[15] at count at NativeMethodAccessorImpl.java:0) (first 15 tasks are for partitions Vector(0))
[2025-07-08T19:04:47.265+0000] {spark_submit.py:644} INFO - 25/07/08 19:04:47 INFO TaskSchedulerImpl: Adding task set 3.0 with 1 tasks resource profile 0
[2025-07-08T19:04:47.271+0000] {spark_submit.py:644} INFO - 25/07/08 19:04:47 INFO TaskSetManager: Starting task 0.0 in stage 3.0 (TID 3) (172.19.0.8, executor 0, partition 0, NODE_LOCAL, 9518 bytes)
[2025-07-08T19:04:47.315+0000] {spark_submit.py:644} INFO - 25/07/08 19:04:47 INFO BlockManagerInfo: Added broadcast_3_piece0 in memory on 172.19.0.8:40221 (size: 5.9 KiB, free: 434.4 MiB)
[2025-07-08T19:04:47.357+0000] {spark_submit.py:644} INFO - 25/07/08 19:04:47 INFO MapOutputTrackerMasterEndpoint: Asked to send map output locations for shuffle 0 to 172.19.0.8:44200
[2025-07-08T19:04:47.526+0000] {spark_submit.py:644} INFO - 25/07/08 19:04:47 INFO TaskSetManager: Finished task 0.0 in stage 3.0 (TID 3) in 256 ms on 172.19.0.8 (executor 0) (1/1)
[2025-07-08T19:04:47.527+0000] {spark_submit.py:644} INFO - 25/07/08 19:04:47 INFO TaskSchedulerImpl: Removed TaskSet 3.0, whose tasks have all completed, from pool
[2025-07-08T19:04:47.528+0000] {spark_submit.py:644} INFO - 25/07/08 19:04:47 INFO DAGScheduler: ResultStage 3 (count at NativeMethodAccessorImpl.java:0) finished in 0.273 s
[2025-07-08T19:04:47.529+0000] {spark_submit.py:644} INFO - 25/07/08 19:04:47 INFO DAGScheduler: Job 2 is finished. Cancelling potential speculative or zombie tasks for this job
[2025-07-08T19:04:47.530+0000] {spark_submit.py:644} INFO - 25/07/08 19:04:47 INFO TaskSchedulerImpl: Killing all running tasks in stage 3: Stage finished
[2025-07-08T19:04:47.531+0000] {spark_submit.py:644} INFO - 25/07/08 19:04:47 INFO DAGScheduler: Job 2 finished: count at NativeMethodAccessorImpl.java:0, took 0.286584 s
[2025-07-08T19:04:47.534+0000] {spark_submit.py:644} INFO - [PROCESS EXERCISES] ℹ️ Salvando 1 registros na tabela nessie.exercises.pdf_documents
[2025-07-08T19:04:47.607+0000] {spark_submit.py:644} INFO - 25/07/08 19:04:47 INFO BaseMetastoreTableOperations: Refreshing table metadata from new version: s3a://warehouse/exercises/pdf_documents_3f2f6938-06f1-4401-a884-d6a6de9720a0/metadata/00033-c55f9bf6-009a-4088-9380-5c1d424333d3.metadata.json
[2025-07-08T19:04:47.773+0000] {spark_submit.py:644} INFO - 25/07/08 19:04:47 INFO NessieUtil: loadTableMetadata for 'exercises.pdf_documents' from location 's3a://warehouse/exercises/pdf_documents_3f2f6938-06f1-4401-a884-d6a6de9720a0/metadata/00033-c55f9bf6-009a-4088-9380-5c1d424333d3.metadata.json' at 'Branch{name=main, metadata=null, hash=ec196da314b4d0e7315e485c750e78c9ca8f575779915f8ecacd483b6209f53d}'
[2025-07-08T19:04:47.796+0000] {spark_submit.py:644} INFO - 25/07/08 19:04:47 INFO BaseMetastoreCatalog: Table loaded by catalog: nessie.exercises.pdf_documents
[2025-07-08T19:04:48.077+0000] {spark_submit.py:644} INFO - 25/07/08 19:04:48 INFO BlockManagerInfo: Removed broadcast_3_piece0 on 3748f1b8240a:44013 in memory (size: 5.9 KiB, free: 434.4 MiB)
[2025-07-08T19:04:48.079+0000] {spark_submit.py:644} INFO - 25/07/08 19:04:48 INFO BlockManagerInfo: Removed broadcast_3_piece0 on 172.19.0.8:40221 in memory (size: 5.9 KiB, free: 434.4 MiB)
[2025-07-08T19:04:48.096+0000] {spark_submit.py:644} INFO - 25/07/08 19:04:48 INFO BlockManagerInfo: Removed broadcast_2_piece0 on 3748f1b8240a:44013 in memory (size: 8.4 KiB, free: 434.4 MiB)
[2025-07-08T19:04:48.097+0000] {spark_submit.py:644} INFO - 25/07/08 19:04:48 INFO BlockManagerInfo: Removed broadcast_2_piece0 on 172.19.0.8:40221 in memory (size: 8.4 KiB, free: 434.4 MiB)
[2025-07-08T19:04:48.927+0000] {spark_submit.py:644} INFO - 25/07/08 19:04:48 INFO CodeGenerator: Code generated in 72.252724 ms
[2025-07-08T19:04:48.934+0000] {spark_submit.py:644} INFO - [PROCESS EXERCISES] 🔄 Salvando tabela nessie.exercises.pdf_documents em modo append
[2025-07-08T19:04:49.134+0000] {spark_submit.py:644} INFO - 25/07/08 19:04:49 INFO SparkWrite: Requesting 0 bytes advisory partition size for table nessie.exercises.pdf_documents
[2025-07-08T19:04:49.135+0000] {spark_submit.py:644} INFO - 25/07/08 19:04:49 INFO SparkWrite: Requesting UnspecifiedDistribution as write distribution for table nessie.exercises.pdf_documents
[2025-07-08T19:04:49.136+0000] {spark_submit.py:644} INFO - 25/07/08 19:04:49 INFO SparkWrite: Requesting [] as write ordering for table nessie.exercises.pdf_documents
[2025-07-08T19:04:49.163+0000] {spark_submit.py:644} INFO - 25/07/08 19:04:49 INFO CodeGenerator: Code generated in 11.349692 ms
[2025-07-08T19:04:49.176+0000] {spark_submit.py:644} INFO - 25/07/08 19:04:49 INFO MemoryStore: Block broadcast_4 stored as values in memory (estimated size 32.0 KiB, free 434.1 MiB)
[2025-07-08T19:04:49.202+0000] {spark_submit.py:644} INFO - 25/07/08 19:04:49 INFO MemoryStore: Block broadcast_4_piece0 stored as bytes in memory (estimated size 30.1 KiB, free 434.1 MiB)
[2025-07-08T19:04:49.203+0000] {spark_submit.py:644} INFO - 25/07/08 19:04:49 INFO BlockManagerInfo: Added broadcast_4_piece0 in memory on 3748f1b8240a:44013 (size: 30.1 KiB, free: 434.3 MiB)
[2025-07-08T19:04:49.204+0000] {spark_submit.py:644} INFO - 25/07/08 19:04:49 INFO SparkContext: Created broadcast 4 from broadcast at SparkWrite.java:193
[2025-07-08T19:04:49.206+0000] {spark_submit.py:644} INFO - 25/07/08 19:04:49 INFO AppendDataExec: Start processing data source write support: IcebergBatchWrite(table=nessie.exercises.pdf_documents, format=PARQUET). The input RDD has 2 partitions.
[2025-07-08T19:04:49.216+0000] {spark_submit.py:644} INFO - 25/07/08 19:04:49 INFO SparkContext: Starting job: saveAsTable at NativeMethodAccessorImpl.java:0
[2025-07-08T19:04:49.217+0000] {spark_submit.py:644} INFO - 25/07/08 19:04:49 INFO DAGScheduler: Got job 3 (saveAsTable at NativeMethodAccessorImpl.java:0) with 2 output partitions
[2025-07-08T19:04:49.217+0000] {spark_submit.py:644} INFO - 25/07/08 19:04:49 INFO DAGScheduler: Final stage: ResultStage 4 (saveAsTable at NativeMethodAccessorImpl.java:0)
[2025-07-08T19:04:49.218+0000] {spark_submit.py:644} INFO - 25/07/08 19:04:49 INFO DAGScheduler: Parents of final stage: List()
[2025-07-08T19:04:49.218+0000] {spark_submit.py:644} INFO - 25/07/08 19:04:49 INFO DAGScheduler: Missing parents: List()
[2025-07-08T19:04:49.219+0000] {spark_submit.py:644} INFO - 25/07/08 19:04:49 INFO DAGScheduler: Submitting ResultStage 4 (MapPartitionsRDD[16] at saveAsTable at NativeMethodAccessorImpl.java:0), which has no missing parents
[2025-07-08T19:04:49.220+0000] {spark_submit.py:644} INFO - 25/07/08 19:04:49 INFO MemoryStore: Block broadcast_5 stored as values in memory (estimated size 15.1 KiB, free 434.1 MiB)
[2025-07-08T19:04:49.222+0000] {spark_submit.py:644} INFO - 25/07/08 19:04:49 INFO MemoryStore: Block broadcast_5_piece0 stored as bytes in memory (estimated size 7.8 KiB, free 434.1 MiB)
[2025-07-08T19:04:49.223+0000] {spark_submit.py:644} INFO - 25/07/08 19:04:49 INFO BlockManagerInfo: Added broadcast_5_piece0 in memory on 3748f1b8240a:44013 (size: 7.8 KiB, free: 434.3 MiB)
[2025-07-08T19:04:49.224+0000] {spark_submit.py:644} INFO - 25/07/08 19:04:49 INFO SparkContext: Created broadcast 5 from broadcast at DAGScheduler.scala:1585
[2025-07-08T19:04:49.224+0000] {spark_submit.py:644} INFO - 25/07/08 19:04:49 INFO DAGScheduler: Submitting 2 missing tasks from ResultStage 4 (MapPartitionsRDD[16] at saveAsTable at NativeMethodAccessorImpl.java:0) (first 15 tasks are for partitions Vector(0, 1))
[2025-07-08T19:04:49.225+0000] {spark_submit.py:644} INFO - 25/07/08 19:04:49 INFO TaskSchedulerImpl: Adding task set 4.0 with 2 tasks resource profile 0
[2025-07-08T19:04:49.226+0000] {spark_submit.py:644} INFO - 25/07/08 19:04:49 INFO TaskSetManager: Starting task 0.0 in stage 4.0 (TID 4) (172.19.0.8, executor 0, partition 0, PROCESS_LOCAL, 9498 bytes)
[2025-07-08T19:04:49.227+0000] {spark_submit.py:644} INFO - 25/07/08 19:04:49 INFO TaskSetManager: Starting task 1.0 in stage 4.0 (TID 5) (172.19.0.8, executor 0, partition 1, PROCESS_LOCAL, 26232 bytes)
[2025-07-08T19:04:49.240+0000] {spark_submit.py:644} INFO - 25/07/08 19:04:49 INFO BlockManagerInfo: Added broadcast_5_piece0 in memory on 172.19.0.8:40221 (size: 7.8 KiB, free: 434.4 MiB)
[2025-07-08T19:04:49.307+0000] {spark_submit.py:644} INFO - 25/07/08 19:04:49 INFO BlockManagerInfo: Removed broadcast_0_piece0 on 3748f1b8240a:44013 in memory (size: 35.7 KiB, free: 434.4 MiB)
[2025-07-08T19:04:49.308+0000] {spark_submit.py:644} INFO - 25/07/08 19:04:49 INFO BlockManagerInfo: Removed broadcast_0_piece0 on 172.19.0.8:40221 in memory (size: 35.7 KiB, free: 434.4 MiB)
[2025-07-08T19:04:49.315+0000] {spark_submit.py:644} INFO - 25/07/08 19:04:49 INFO BlockManagerInfo: Added broadcast_4_piece0 in memory on 172.19.0.8:40221 (size: 30.1 KiB, free: 434.4 MiB)
[2025-07-08T19:04:50.675+0000] {spark_submit.py:644} INFO - 25/07/08 19:04:50 INFO TaskSetManager: Finished task 0.0 in stage 4.0 (TID 4) in 1450 ms on 172.19.0.8 (executor 0) (1/2)
[2025-07-08T19:04:51.755+0000] {spark_submit.py:644} INFO - 25/07/08 19:04:51 INFO TaskSetManager: Finished task 1.0 in stage 4.0 (TID 5) in 2529 ms on 172.19.0.8 (executor 0) (2/2)
[2025-07-08T19:04:51.756+0000] {spark_submit.py:644} INFO - 25/07/08 19:04:51 INFO TaskSchedulerImpl: Removed TaskSet 4.0, whose tasks have all completed, from pool
[2025-07-08T19:04:51.757+0000] {spark_submit.py:644} INFO - 25/07/08 19:04:51 INFO DAGScheduler: ResultStage 4 (saveAsTable at NativeMethodAccessorImpl.java:0) finished in 2.537 s
[2025-07-08T19:04:51.757+0000] {spark_submit.py:644} INFO - 25/07/08 19:04:51 INFO DAGScheduler: Job 3 is finished. Cancelling potential speculative or zombie tasks for this job
[2025-07-08T19:04:51.758+0000] {spark_submit.py:644} INFO - 25/07/08 19:04:51 INFO TaskSchedulerImpl: Killing all running tasks in stage 4: Stage finished
[2025-07-08T19:04:51.759+0000] {spark_submit.py:644} INFO - 25/07/08 19:04:51 INFO DAGScheduler: Job 3 finished: saveAsTable at NativeMethodAccessorImpl.java:0, took 2.541557 s
[2025-07-08T19:04:51.759+0000] {spark_submit.py:644} INFO - 25/07/08 19:04:51 INFO AppendDataExec: Data source write support IcebergBatchWrite(table=nessie.exercises.pdf_documents, format=PARQUET) is committing.
[2025-07-08T19:04:51.810+0000] {spark_submit.py:644} INFO - 25/07/08 19:04:51 INFO SparkWrite: Committing append with 1 new data files to table nessie.exercises.pdf_documents
[2025-07-08T19:04:55.106+0000] {spark_submit.py:644} INFO - 25/07/08 19:04:55 INFO NessieIcebergClient: Committed 'exercises.pdf_documents' against 'Branch{name=main, metadata=null, hash=13f0f2d01a2056ab9bda884c2ddf0cc533aa02e86e65eda73d85ab6f64157b98}', expected commit-id was 'ec196da314b4d0e7315e485c750e78c9ca8f575779915f8ecacd483b6209f53d'
[2025-07-08T19:04:55.107+0000] {spark_submit.py:644} INFO - 25/07/08 19:04:55 INFO BaseMetastoreTableOperations: Successfully committed to table exercises.pdf_documents in 1205 ms
[2025-07-08T19:04:55.108+0000] {spark_submit.py:644} INFO - 25/07/08 19:04:55 INFO SnapshotProducer: Committed snapshot 4612859964186860334 (MergeAppend)
[2025-07-08T19:04:55.162+0000] {spark_submit.py:644} INFO - 25/07/08 19:04:55 INFO BaseMetastoreTableOperations: Refreshing table metadata from new version: s3a://warehouse/exercises/pdf_documents_3f2f6938-06f1-4401-a884-d6a6de9720a0/metadata/00034-26789138-ddc6-4449-9d29-51684fc96605.metadata.json
[2025-07-08T19:04:55.176+0000] {spark_submit.py:644} INFO - 25/07/08 19:04:55 INFO NessieUtil: loadTableMetadata for 'exercises.pdf_documents' from location 's3a://warehouse/exercises/pdf_documents_3f2f6938-06f1-4401-a884-d6a6de9720a0/metadata/00034-26789138-ddc6-4449-9d29-51684fc96605.metadata.json' at 'Branch{name=main, metadata=null, hash=13f0f2d01a2056ab9bda884c2ddf0cc533aa02e86e65eda73d85ab6f64157b98}'
[2025-07-08T19:04:55.217+0000] {spark_submit.py:644} INFO - 25/07/08 19:04:55 INFO LoggingMetricsReporter: Received metrics report: CommitReport{tableName=nessie.exercises.pdf_documents, snapshotId=4612859964186860334, sequenceNumber=35, operation=append, commitMetrics=CommitMetricsResult{totalDuration=TimerResult{timeUnit=NANOSECONDS, totalDuration=PT3.320422514S, count=1}, attempts=CounterResult{unit=COUNT, value=1}, addedDataFiles=CounterResult{unit=COUNT, value=1}, removedDataFiles=null, totalDataFiles=CounterResult{unit=COUNT, value=35}, addedDeleteFiles=null, addedEqualityDeleteFiles=null, addedPositionalDeleteFiles=null, addedDVs=null, removedDeleteFiles=null, removedEqualityDeleteFiles=null, removedPositionalDeleteFiles=null, removedDVs=null, totalDeleteFiles=CounterResult{unit=COUNT, value=0}, addedRecords=CounterResult{unit=COUNT, value=1}, removedRecords=null, totalRecords=CounterResult{unit=COUNT, value=35}, addedFilesSizeInBytes=CounterResult{unit=BYTES, value=8843}, removedFilesSizeInBytes=null, totalFilesSizeInBytes=CounterResult{unit=BYTES, value=279875}, addedPositionalDeletes=null, removedPositionalDeletes=null, totalPositionalDeletes=CounterResult{unit=COUNT, value=0}, addedEqualityDeletes=null, removedEqualityDeletes=null, totalEqualityDeletes=CounterResult{unit=COUNT, value=0}}, metadata={engine-version=3.5.5, app-id=app-20250708190417-0023, engine-name=spark, iceberg-version=Apache Iceberg 1.8.1 (commit 9ce0fcf0af7becf25ad9fc996c3bad2afdcfd33d)}}
[2025-07-08T19:04:55.218+0000] {spark_submit.py:644} INFO - 25/07/08 19:04:55 INFO SparkWrite: Committed in 3406 ms
[2025-07-08T19:04:55.218+0000] {spark_submit.py:644} INFO - 25/07/08 19:04:55 INFO AppendDataExec: Data source write support IcebergBatchWrite(table=nessie.exercises.pdf_documents, format=PARQUET) committed.
[2025-07-08T19:04:55.219+0000] {spark_submit.py:644} INFO - [PROCESS EXERCISES] ✅ Tabela nessie.exercises.pdf_documents salva com sucesso (1 registros)
[2025-07-08T19:04:55.220+0000] {spark_submit.py:644} INFO - [PROCESS EXERCISES] 🔄 === FASE 2: PROCESSAMENTO DE SIMULAÇÕES ===
[2025-07-08T19:04:55.221+0000] {spark_submit.py:644} INFO - [PROCESS EXERCISES] 🔄 Iniciando processamento de simulações
[2025-07-08T19:04:55.221+0000] {spark_submit.py:644} INFO - [PROCESS EXERCISES] ℹ️ Buscando arquivos de simulação em: exercises/CA-LESTE-construtiva-4DE-2025-07-08/simulations/172.19.0.14_2025-07-08
[2025-07-08T19:04:55.222+0000] {spark_submit.py:644} INFO - [PROCESS EXERCISES] ℹ️ Buscando arquivos em: s3a://bronze/exercises/CA-LESTE-construtiva-4DE-2025-07-08/simulations/172.19.0.14_2025-07-08/
[2025-07-08T19:04:55.233+0000] {spark_submit.py:644} INFO - 25/07/08 19:04:55 INFO BlockManagerInfo: Removed broadcast_4_piece0 on 3748f1b8240a:44013 in memory (size: 30.1 KiB, free: 434.4 MiB)
[2025-07-08T19:04:55.235+0000] {spark_submit.py:644} INFO - 25/07/08 19:04:55 INFO BlockManagerInfo: Removed broadcast_4_piece0 on 172.19.0.8:40221 in memory (size: 30.1 KiB, free: 434.4 MiB)
[2025-07-08T19:04:55.245+0000] {spark_submit.py:644} INFO - 25/07/08 19:04:55 INFO BlockManagerInfo: Removed broadcast_5_piece0 on 3748f1b8240a:44013 in memory (size: 7.8 KiB, free: 434.4 MiB)
[2025-07-08T19:04:55.248+0000] {spark_submit.py:644} INFO - 25/07/08 19:04:55 INFO BlockManagerInfo: Removed broadcast_5_piece0 on 172.19.0.8:40221 in memory (size: 7.8 KiB, free: 434.4 MiB)
[2025-07-08T19:04:55.314+0000] {spark_submit.py:644} INFO - 25/07/08 19:04:55 INFO InMemoryFileIndex: It took 50 ms to list leaf files for 1 paths.
[2025-07-08T19:04:55.338+0000] {spark_submit.py:644} INFO - 25/07/08 19:04:55 INFO FileSourceStrategy: Pushed Filters:
[2025-07-08T19:04:55.339+0000] {spark_submit.py:644} INFO - 25/07/08 19:04:55 INFO FileSourceStrategy: Post-Scan Filters:
[2025-07-08T19:04:55.345+0000] {spark_submit.py:644} INFO - 25/07/08 19:04:55 INFO MemoryStore: Block broadcast_6 stored as values in memory (estimated size 203.7 KiB, free 434.2 MiB)
[2025-07-08T19:04:55.354+0000] {spark_submit.py:644} INFO - 25/07/08 19:04:55 INFO MemoryStore: Block broadcast_6_piece0 stored as bytes in memory (estimated size 35.7 KiB, free 434.2 MiB)
[2025-07-08T19:04:55.355+0000] {spark_submit.py:644} INFO - 25/07/08 19:04:55 INFO BlockManagerInfo: Added broadcast_6_piece0 in memory on 3748f1b8240a:44013 (size: 35.7 KiB, free: 434.4 MiB)
[2025-07-08T19:04:55.356+0000] {spark_submit.py:644} INFO - 25/07/08 19:04:55 INFO SparkContext: Created broadcast 6 from collect at /opt/bitnami/spark/jobs/process_exercises_job.py:434
[2025-07-08T19:04:55.356+0000] {spark_submit.py:644} INFO - 25/07/08 19:04:55 INFO FileSourceScanExec: Planning scan with bin packing, max size: 10487545 bytes, open cost is considered as scanning 4194304 bytes.
[2025-07-08T19:04:55.372+0000] {spark_submit.py:644} INFO - 25/07/08 19:04:55 INFO SparkContext: Starting job: collect at /opt/bitnami/spark/jobs/process_exercises_job.py:434
[2025-07-08T19:04:55.373+0000] {spark_submit.py:644} INFO - 25/07/08 19:04:55 INFO DAGScheduler: Got job 4 (collect at /opt/bitnami/spark/jobs/process_exercises_job.py:434) with 2 output partitions
[2025-07-08T19:04:55.373+0000] {spark_submit.py:644} INFO - 25/07/08 19:04:55 INFO DAGScheduler: Final stage: ResultStage 5 (collect at /opt/bitnami/spark/jobs/process_exercises_job.py:434)
[2025-07-08T19:04:55.374+0000] {spark_submit.py:644} INFO - 25/07/08 19:04:55 INFO DAGScheduler: Parents of final stage: List()
[2025-07-08T19:04:55.375+0000] {spark_submit.py:644} INFO - 25/07/08 19:04:55 INFO DAGScheduler: Missing parents: List()
[2025-07-08T19:04:55.375+0000] {spark_submit.py:644} INFO - 25/07/08 19:04:55 INFO DAGScheduler: Submitting ResultStage 5 (MapPartitionsRDD[19] at collect at /opt/bitnami/spark/jobs/process_exercises_job.py:434), which has no missing parents
[2025-07-08T19:04:55.376+0000] {spark_submit.py:644} INFO - 25/07/08 19:04:55 INFO MemoryStore: Block broadcast_7 stored as values in memory (estimated size 9.4 KiB, free 434.2 MiB)
[2025-07-08T19:04:55.380+0000] {spark_submit.py:644} INFO - 25/07/08 19:04:55 INFO MemoryStore: Block broadcast_7_piece0 stored as bytes in memory (estimated size 4.7 KiB, free 434.2 MiB)
[2025-07-08T19:04:55.381+0000] {spark_submit.py:644} INFO - 25/07/08 19:04:55 INFO BlockManagerInfo: Added broadcast_7_piece0 in memory on 3748f1b8240a:44013 (size: 4.7 KiB, free: 434.4 MiB)
[2025-07-08T19:04:55.382+0000] {spark_submit.py:644} INFO - 25/07/08 19:04:55 INFO SparkContext: Created broadcast 7 from broadcast at DAGScheduler.scala:1585
[2025-07-08T19:04:55.383+0000] {spark_submit.py:644} INFO - 25/07/08 19:04:55 INFO DAGScheduler: Submitting 2 missing tasks from ResultStage 5 (MapPartitionsRDD[19] at collect at /opt/bitnami/spark/jobs/process_exercises_job.py:434) (first 15 tasks are for partitions Vector(0, 1))
[2025-07-08T19:04:55.383+0000] {spark_submit.py:644} INFO - 25/07/08 19:04:55 INFO TaskSchedulerImpl: Adding task set 5.0 with 2 tasks resource profile 0
[2025-07-08T19:04:55.384+0000] {spark_submit.py:644} INFO - 25/07/08 19:04:55 INFO TaskSetManager: Starting task 0.0 in stage 5.0 (TID 6) (172.19.0.8, executor 0, partition 0, PROCESS_LOCAL, 10561 bytes)
[2025-07-08T19:04:55.385+0000] {spark_submit.py:644} INFO - 25/07/08 19:04:55 INFO TaskSetManager: Starting task 1.0 in stage 5.0 (TID 7) (172.19.0.8, executor 0, partition 1, PROCESS_LOCAL, 10380 bytes)
[2025-07-08T19:04:55.422+0000] {spark_submit.py:644} INFO - 25/07/08 19:04:55 INFO BlockManagerInfo: Added broadcast_7_piece0 in memory on 172.19.0.8:40221 (size: 4.7 KiB, free: 434.4 MiB)
[2025-07-08T19:04:55.451+0000] {spark_submit.py:644} INFO - 25/07/08 19:04:55 INFO BlockManagerInfo: Added broadcast_6_piece0 in memory on 172.19.0.8:40221 (size: 35.7 KiB, free: 434.4 MiB)
[2025-07-08T19:04:55.511+0000] {spark_submit.py:644} INFO - 25/07/08 19:04:55 INFO TaskSetManager: Finished task 1.0 in stage 5.0 (TID 7) in 126 ms on 172.19.0.8 (executor 0) (1/2)
[2025-07-08T19:04:55.519+0000] {spark_submit.py:644} INFO - 25/07/08 19:04:55 INFO TaskSetManager: Finished task 0.0 in stage 5.0 (TID 6) in 134 ms on 172.19.0.8 (executor 0) (2/2)
[2025-07-08T19:04:55.520+0000] {spark_submit.py:644} INFO - 25/07/08 19:04:55 INFO TaskSchedulerImpl: Removed TaskSet 5.0, whose tasks have all completed, from pool
[2025-07-08T19:04:55.521+0000] {spark_submit.py:644} INFO - 25/07/08 19:04:55 INFO DAGScheduler: ResultStage 5 (collect at /opt/bitnami/spark/jobs/process_exercises_job.py:434) finished in 0.145 s
[2025-07-08T19:04:55.521+0000] {spark_submit.py:644} INFO - 25/07/08 19:04:55 INFO DAGScheduler: Job 4 is finished. Cancelling potential speculative or zombie tasks for this job
[2025-07-08T19:04:55.522+0000] {spark_submit.py:644} INFO - 25/07/08 19:04:55 INFO TaskSchedulerImpl: Killing all running tasks in stage 5: Stage finished
[2025-07-08T19:04:55.523+0000] {spark_submit.py:644} INFO - 25/07/08 19:04:55 INFO DAGScheduler: Job 4 finished: collect at /opt/bitnami/spark/jobs/process_exercises_job.py:434, took 0.149033 s
[2025-07-08T19:04:55.527+0000] {spark_submit.py:644} INFO - [PROCESS EXERCISES] ℹ️ Encontrados 4 arquivos Protobuf (.pb)
[2025-07-08T19:04:55.528+0000] {spark_submit.py:644} INFO - [PROCESS EXERCISES] ℹ️ Encontrados 4 arquivos do tipo PROTO
[2025-07-08T19:04:55.529+0000] {spark_submit.py:644} INFO - [PROCESS EXERCISES] 🔄 Processando 4 arquivos Protobuf
[2025-07-08T19:04:55.530+0000] {spark_submit.py:644} INFO - [PROCESS EXERCISES] ℹ️ Processando arquivo Protobuf: s3a://bronze/exercises/CA-LESTE-construtiva-4DE-2025-07-08/simulations/172.19.0.14_2025-07-08/18-25.56/session-proto_3.pb
[2025-07-08T19:04:55.611+0000] {spark_submit.py:644} INFO - 25/07/08 19:04:55 INFO InMemoryFileIndex: It took 43 ms to list leaf files for 1 paths.
[2025-07-08T19:04:55.869+0000] {spark_submit.py:644} INFO - 25/07/08 19:04:55 INFO FileSourceStrategy: Pushed Filters:
[2025-07-08T19:04:55.869+0000] {spark_submit.py:644} INFO - 25/07/08 19:04:55 INFO FileSourceStrategy: Post-Scan Filters:
[2025-07-08T19:04:55.940+0000] {spark_submit.py:644} INFO - 25/07/08 19:04:55 INFO CodeGenerator: Code generated in 46.051744 ms
[2025-07-08T19:04:55.960+0000] {spark_submit.py:644} INFO - 25/07/08 19:04:55 INFO CodeGenerator: Code generated in 11.725085 ms
[2025-07-08T19:04:55.963+0000] {spark_submit.py:644} INFO - 25/07/08 19:04:55 INFO MemoryStore: Block broadcast_8 stored as values in memory (estimated size 203.5 KiB, free 434.0 MiB)
[2025-07-08T19:04:55.972+0000] {spark_submit.py:644} INFO - 25/07/08 19:04:55 INFO MemoryStore: Block broadcast_8_piece0 stored as bytes in memory (estimated size 35.7 KiB, free 433.9 MiB)
[2025-07-08T19:04:55.973+0000] {spark_submit.py:644} INFO - 25/07/08 19:04:55 INFO BlockManagerInfo: Added broadcast_8_piece0 in memory on 3748f1b8240a:44013 (size: 35.7 KiB, free: 434.3 MiB)
[2025-07-08T19:04:55.974+0000] {spark_submit.py:644} INFO - 25/07/08 19:04:55 INFO SparkContext: Created broadcast 8 from collect at /opt/bitnami/spark/jobs/process_exercises_job.py:388
[2025-07-08T19:04:55.974+0000] {spark_submit.py:644} INFO - 25/07/08 19:04:55 INFO FileSourceScanExec: Planning scan with bin packing, max size: 4194304 bytes, open cost is considered as scanning 4194304 bytes.
[2025-07-08T19:04:56.036+0000] {spark_submit.py:644} INFO - 25/07/08 19:04:56 INFO SparkContext: Starting job: collect at /opt/bitnami/spark/jobs/process_exercises_job.py:388
[2025-07-08T19:04:56.037+0000] {spark_submit.py:644} INFO - 25/07/08 19:04:56 INFO DAGScheduler: Got job 5 (collect at /opt/bitnami/spark/jobs/process_exercises_job.py:388) with 1 output partitions
[2025-07-08T19:04:56.038+0000] {spark_submit.py:644} INFO - 25/07/08 19:04:56 INFO DAGScheduler: Final stage: ResultStage 6 (collect at /opt/bitnami/spark/jobs/process_exercises_job.py:388)
[2025-07-08T19:04:56.038+0000] {spark_submit.py:644} INFO - 25/07/08 19:04:56 INFO DAGScheduler: Parents of final stage: List()
[2025-07-08T19:04:56.039+0000] {spark_submit.py:644} INFO - 25/07/08 19:04:56 INFO DAGScheduler: Missing parents: List()
[2025-07-08T19:04:56.039+0000] {spark_submit.py:644} INFO - 25/07/08 19:04:56 INFO DAGScheduler: Submitting ResultStage 6 (MapPartitionsRDD[28] at collect at /opt/bitnami/spark/jobs/process_exercises_job.py:388), which has no missing parents
[2025-07-08T19:04:56.041+0000] {spark_submit.py:644} INFO - 25/07/08 19:04:56 INFO MemoryStore: Block broadcast_9 stored as values in memory (estimated size 47.0 KiB, free 433.9 MiB)
[2025-07-08T19:04:56.042+0000] {spark_submit.py:644} INFO - 25/07/08 19:04:56 INFO MemoryStore: Block broadcast_9_piece0 stored as bytes in memory (estimated size 19.5 KiB, free 433.9 MiB)
[2025-07-08T19:04:56.043+0000] {spark_submit.py:644} INFO - 25/07/08 19:04:56 INFO BlockManagerInfo: Added broadcast_9_piece0 in memory on 3748f1b8240a:44013 (size: 19.5 KiB, free: 434.3 MiB)
[2025-07-08T19:04:56.044+0000] {spark_submit.py:644} INFO - 25/07/08 19:04:56 INFO SparkContext: Created broadcast 9 from broadcast at DAGScheduler.scala:1585
[2025-07-08T19:04:56.044+0000] {spark_submit.py:644} INFO - 25/07/08 19:04:56 INFO DAGScheduler: Submitting 1 missing tasks from ResultStage 6 (MapPartitionsRDD[28] at collect at /opt/bitnami/spark/jobs/process_exercises_job.py:388) (first 15 tasks are for partitions Vector(0))
[2025-07-08T19:04:56.045+0000] {spark_submit.py:644} INFO - 25/07/08 19:04:56 INFO TaskSchedulerImpl: Adding task set 6.0 with 1 tasks resource profile 0
[2025-07-08T19:04:56.046+0000] {spark_submit.py:644} INFO - 25/07/08 19:04:56 INFO TaskSetManager: Starting task 0.0 in stage 6.0 (TID 8) (172.19.0.8, executor 0, partition 0, PROCESS_LOCAL, 10202 bytes)
[2025-07-08T19:04:56.060+0000] {spark_submit.py:644} INFO - 25/07/08 19:04:56 INFO BlockManagerInfo: Added broadcast_9_piece0 in memory on 172.19.0.8:40221 (size: 19.5 KiB, free: 434.3 MiB)
[2025-07-08T19:04:56.123+0000] {spark_submit.py:644} INFO - 25/07/08 19:04:56 INFO BlockManagerInfo: Added broadcast_8_piece0 in memory on 172.19.0.8:40221 (size: 35.7 KiB, free: 434.3 MiB)
[2025-07-08T19:04:57.104+0000] {spark_submit.py:644} INFO - 25/07/08 19:04:57 INFO TaskSetManager: Finished task 0.0 in stage 6.0 (TID 8) in 1058 ms on 172.19.0.8 (executor 0) (1/1)
[2025-07-08T19:04:57.104+0000] {spark_submit.py:644} INFO - 25/07/08 19:04:57 INFO TaskSchedulerImpl: Removed TaskSet 6.0, whose tasks have all completed, from pool
[2025-07-08T19:04:57.105+0000] {spark_submit.py:644} INFO - 25/07/08 19:04:57 INFO DAGScheduler: ResultStage 6 (collect at /opt/bitnami/spark/jobs/process_exercises_job.py:388) finished in 1.066 s
[2025-07-08T19:04:57.106+0000] {spark_submit.py:644} INFO - 25/07/08 19:04:57 INFO DAGScheduler: Job 5 is finished. Cancelling potential speculative or zombie tasks for this job
[2025-07-08T19:04:57.107+0000] {spark_submit.py:644} INFO - 25/07/08 19:04:57 INFO TaskSchedulerImpl: Killing all running tasks in stage 6: Stage finished
[2025-07-08T19:04:57.107+0000] {spark_submit.py:644} INFO - 25/07/08 19:04:57 INFO DAGScheduler: Job 5 finished: collect at /opt/bitnami/spark/jobs/process_exercises_job.py:388, took 1.069560 s
[2025-07-08T19:04:57.111+0000] {spark_submit.py:644} INFO - [PROCESS EXERCISES] ❌ Erro crítico ao processar arquivo Protobuf s3a://bronze/exercises/CA-LESTE-construtiva-4DE-2025-07-08/simulations/172.19.0.14_2025-07-08/18-25.56/session-proto_3.pb: No active exception to reraise
[2025-07-08T19:04:57.113+0000] {spark_submit.py:644} INFO - [PROCESS EXERCISES] ❌ Erro crítico no processamento de simulações: Falha no processamento Protobuf: No active exception to reraise
[2025-07-08T19:04:57.114+0000] {spark_submit.py:644} INFO - [PROCESS EXERCISES] ❌ Erro crítico durante o processamento: Falha no processamento de simulações: Falha no processamento Protobuf: No active exception to reraise
[2025-07-08T19:04:57.115+0000] {spark_submit.py:644} INFO - [PROCESS EXERCISES] 🔄 Finalizando sessão Spark
[2025-07-08T19:04:57.116+0000] {spark_submit.py:644} INFO - 25/07/08 19:04:57 INFO SparkContext: SparkContext is stopping with exitCode 0.
[2025-07-08T19:04:57.125+0000] {spark_submit.py:644} INFO - 25/07/08 19:04:57 INFO SparkUI: Stopped Spark web UI at http://3748f1b8240a:4040
[2025-07-08T19:04:57.131+0000] {spark_submit.py:644} INFO - 25/07/08 19:04:57 INFO StandaloneSchedulerBackend: Shutting down all executors
[2025-07-08T19:04:57.132+0000] {spark_submit.py:644} INFO - 25/07/08 19:04:57 INFO StandaloneSchedulerBackend$StandaloneDriverEndpoint: Asking each executor to shut down
[2025-07-08T19:04:57.153+0000] {spark_submit.py:644} INFO - 25/07/08 19:04:57 INFO MapOutputTrackerMasterEndpoint: MapOutputTrackerMasterEndpoint stopped!
[2025-07-08T19:04:57.189+0000] {spark_submit.py:644} INFO - 25/07/08 19:04:57 INFO MemoryStore: MemoryStore cleared
[2025-07-08T19:04:57.190+0000] {spark_submit.py:644} INFO - 25/07/08 19:04:57 INFO BlockManager: BlockManager stopped
[2025-07-08T19:04:57.193+0000] {spark_submit.py:644} INFO - 25/07/08 19:04:57 INFO BlockManagerMaster: BlockManagerMaster stopped
[2025-07-08T19:04:57.199+0000] {spark_submit.py:644} INFO - 25/07/08 19:04:57 INFO OutputCommitCoordinator$OutputCommitCoordinatorEndpoint: OutputCommitCoordinator stopped!
[2025-07-08T19:04:57.211+0000] {spark_submit.py:644} INFO - 25/07/08 19:04:57 INFO SparkContext: Successfully stopped SparkContext
[2025-07-08T19:04:58.122+0000] {spark_submit.py:644} INFO - [PROCESS EXERCISES] ✅ Sessão Spark finalizada com sucesso
[2025-07-08T19:04:58.258+0000] {spark_submit.py:644} INFO - 25/07/08 19:04:58 INFO ShutdownHookManager: Shutdown hook called
[2025-07-08T19:04:58.259+0000] {spark_submit.py:644} INFO - 25/07/08 19:04:58 INFO ShutdownHookManager: Deleting directory /tmp/spark-94348320-39de-41f1-84cf-349f1c016077
[2025-07-08T19:04:58.266+0000] {spark_submit.py:644} INFO - 25/07/08 19:04:58 INFO ShutdownHookManager: Deleting directory /tmp/spark-9b2d8c3e-e74c-4fc9-b4af-85e03efd0f29/pyspark-718c027d-476e-4590-aae3-6e89de37feb5
[2025-07-08T19:04:58.273+0000] {spark_submit.py:644} INFO - 25/07/08 19:04:58 INFO ShutdownHookManager: Deleting directory /tmp/spark-9b2d8c3e-e74c-4fc9-b4af-85e03efd0f29
[2025-07-08T19:04:58.286+0000] {spark_submit.py:644} INFO - 25/07/08 19:04:58 INFO MetricsSystemImpl: Stopping s3a-file-system metrics system...
[2025-07-08T19:04:58.286+0000] {spark_submit.py:644} INFO - 25/07/08 19:04:58 INFO MetricsSystemImpl: s3a-file-system metrics system stopped.
[2025-07-08T19:04:58.287+0000] {spark_submit.py:644} INFO - 25/07/08 19:04:58 INFO MetricsSystemImpl: s3a-file-system metrics system shutdown complete.
[2025-07-08T19:04:58.690+0000] {taskinstance.py:3336} ERROR - Task failed with exception
Traceback (most recent call last):
  File "/home/airflow/.local/lib/python3.12/site-packages/airflow/models/taskinstance.py", line 776, in _execute_task
    result = _execute_callable(context=context, **execute_callable_kwargs)
             ^^^^^^^^^^^^^^^^^^^^^^^^^^^^^^^^^^^^^^^^^^^^^^^^^^^^^^^^^^^^^
  File "/home/airflow/.local/lib/python3.12/site-packages/airflow/models/taskinstance.py", line 742, in _execute_callable
    return ExecutionCallableRunner(
           ^^^^^^^^^^^^^^^^^^^^^^^^
  File "/home/airflow/.local/lib/python3.12/site-packages/airflow/utils/operator_helpers.py", line 252, in run
    return self.func(*args, **kwargs)
           ^^^^^^^^^^^^^^^^^^^^^^^^^^
  File "/home/airflow/.local/lib/python3.12/site-packages/airflow/models/baseoperator.py", line 424, in wrapper
    return func(self, *args, **kwargs)
           ^^^^^^^^^^^^^^^^^^^^^^^^^^^
  File "/home/airflow/.local/lib/python3.12/site-packages/airflow/providers/apache/spark/operators/spark_submit.py", line 197, in execute
    self._hook.submit(self.application)
  File "/home/airflow/.local/lib/python3.12/site-packages/airflow/providers/apache/spark/hooks/spark_submit.py", line 566, in submit
    raise AirflowException(
airflow.exceptions.AirflowException: Cannot execute: spark-submit --master spark://spark-master:7077 --jars /opt/bitnami/spark/jars/iceberg-spark-runtime-3.5_2.12-1.8.1.jar,/opt/bitnami/spark/jars/nessie-spark-extensions-3.5_2.12-0.103.2.jar,/opt/bitnami/spark/jars/nessie-client-0.103.2.jar,/opt/bitnami/spark/jars/hadoop-aws-3.3.2.jar,/opt/bitnami/spark/jars/aws-java-sdk-bundle-1.12.262.jar, --name arrow-spark --deploy-mode client /opt/bitnami/spark/jobs/process_exercises_job.py {"id": "CA-LESTE-construtiva-4DE-2025-07-08", "manifest_entry": {"data": {"createdAt": "2025-07-08T18:27:58.496Z", "origin": "CA-LESTE", "path": "exercises/CA-LESTE-construtiva-4DE-2025-07-08"}, "id": "CA-LESTE-construtiva-4DE-2025-07-08"}, "metadata": {"createdAt": "2025-07-08T18:27:58.496Z", "description": "4DE", "documents": [{"description": "", "id": "1751999288885", "mimetype": "application/pdf", "name": "Op Jacui IV - Ordem de Operacoes.pdf", "path": "exercises/CA-LESTE-construtiva-4DE-2025-07-08/documents/Op Jacui IV - Ordem de Operacoes.pdf", "size": 336744, "uploadedAt": "2025-07-08T18:28:08.885Z"}], "endDate": "2025-07-10", "id": "CA-LESTE-construtiva-4DE-2025-07-08", "name": "Jogo de Guerra", "origin": "CA-LESTE", "simulationType": "construtiva", "simulations": [{"id": "172.19.0.14_2025-07-08", "movedAt": "2025-07-08T18:28:17.872Z", "name": "172.19.0.14_2025-07-08", "originalPath": "staging/172.19.0.14_2025-07-08", "path": "exercises/CA-LESTE-construtiva-4DE-2025-07-08/simulations/172.19.0.14_2025-07-08"}], "startDate": "2025-07-08", "trainedForce": "4 Divis\u00e3o de Ex\u00e9rcito", "updatedAt": "2025-07-08T18:28:17.873Z", "wikiUrl": ""}}. Error code is: 1.
[2025-07-08T19:04:58.700+0000] {taskinstance.py:1242} INFO - Marking task as FAILED. dag_id=process_exercises, task_id=process_exercises, run_id=manual__2025-07-08T19:04:06.024610+00:00, execution_date=20250708T190406, start_date=20250708T190411, end_date=20250708T190458
[2025-07-08T19:04:58.841+0000] {taskinstance.py:349} INFO - ::group::Post task execution logs
[2025-07-08T19:04:58.841+0000] {standard_task_runner.py:124} ERROR - Failed to execute job 195 for task process_exercises (Cannot execute: spark-submit --master spark://spark-master:7077 --jars /opt/bitnami/spark/jars/iceberg-spark-runtime-3.5_2.12-1.8.1.jar,/opt/bitnami/spark/jars/nessie-spark-extensions-3.5_2.12-0.103.2.jar,/opt/bitnami/spark/jars/nessie-client-0.103.2.jar,/opt/bitnami/spark/jars/hadoop-aws-3.3.2.jar,/opt/bitnami/spark/jars/aws-java-sdk-bundle-1.12.262.jar, --name arrow-spark --deploy-mode client /opt/bitnami/spark/jobs/process_exercises_job.py {"id": "CA-LESTE-construtiva-4DE-2025-07-08", "manifest_entry": {"data": {"createdAt": "2025-07-08T18:27:58.496Z", "origin": "CA-LESTE", "path": "exercises/CA-LESTE-construtiva-4DE-2025-07-08"}, "id": "CA-LESTE-construtiva-4DE-2025-07-08"}, "metadata": {"createdAt": "2025-07-08T18:27:58.496Z", "description": "4DE", "documents": [{"description": "", "id": "1751999288885", "mimetype": "application/pdf", "name": "Op Jacui IV - Ordem de Operacoes.pdf", "path": "exercises/CA-LESTE-construtiva-4DE-2025-07-08/documents/Op Jacui IV - Ordem de Operacoes.pdf", "size": 336744, "uploadedAt": "2025-07-08T18:28:08.885Z"}], "endDate": "2025-07-10", "id": "CA-LESTE-construtiva-4DE-2025-07-08", "name": "Jogo de Guerra", "origin": "CA-LESTE", "simulationType": "construtiva", "simulations": [{"id": "172.19.0.14_2025-07-08", "movedAt": "2025-07-08T18:28:17.872Z", "name": "172.19.0.14_2025-07-08", "originalPath": "staging/172.19.0.14_2025-07-08", "path": "exercises/CA-LESTE-construtiva-4DE-2025-07-08/simulations/172.19.0.14_2025-07-08"}], "startDate": "2025-07-08", "trainedForce": "4 Divis\u00e3o de Ex\u00e9rcito", "updatedAt": "2025-07-08T18:28:17.873Z", "wikiUrl": ""}}. Error code is: 1.; 13187)
Traceback (most recent call last):
  File "/home/airflow/.local/lib/python3.12/site-packages/airflow/task/task_runner/standard_task_runner.py", line 117, in _start_by_fork
    ret = args.func(args, dag=self.dag)
          ^^^^^^^^^^^^^^^^^^^^^^^^^^^^^
  File "/home/airflow/.local/lib/python3.12/site-packages/airflow/cli/cli_config.py", line 49, in command
    return func(*args, **kwargs)
           ^^^^^^^^^^^^^^^^^^^^^
  File "/home/airflow/.local/lib/python3.12/site-packages/airflow/utils/cli.py", line 116, in wrapper
    return f(*args, **kwargs)
           ^^^^^^^^^^^^^^^^^^
  File "/home/airflow/.local/lib/python3.12/site-packages/airflow/cli/commands/task_command.py", line 483, in task_run
    task_return_code = _run_task_by_selected_method(args, _dag, ti)
                       ^^^^^^^^^^^^^^^^^^^^^^^^^^^^^^^^^^^^^^^^^^^^
  File "/home/airflow/.local/lib/python3.12/site-packages/airflow/cli/commands/task_command.py", line 256, in _run_task_by_selected_method
    return _run_raw_task(args, ti)
           ^^^^^^^^^^^^^^^^^^^^^^^
  File "/home/airflow/.local/lib/python3.12/site-packages/airflow/cli/commands/task_command.py", line 341, in _run_raw_task
    return ti._run_raw_task(
           ^^^^^^^^^^^^^^^^^
  File "/home/airflow/.local/lib/python3.12/site-packages/airflow/utils/session.py", line 97, in wrapper
    return func(*args, session=session, **kwargs)
           ^^^^^^^^^^^^^^^^^^^^^^^^^^^^^^^^^^^^^^
  File "/home/airflow/.local/lib/python3.12/site-packages/airflow/models/taskinstance.py", line 3029, in _run_raw_task
    return _run_raw_task(
           ^^^^^^^^^^^^^^
  File "/home/airflow/.local/lib/python3.12/site-packages/airflow/models/taskinstance.py", line 282, in _run_raw_task
    TaskInstance._execute_task_with_callbacks(
  File "/home/airflow/.local/lib/python3.12/site-packages/airflow/models/taskinstance.py", line 3184, in _execute_task_with_callbacks
    result = self._execute_task(context, task_orig)
             ^^^^^^^^^^^^^^^^^^^^^^^^^^^^^^^^^^^^^^
  File "/home/airflow/.local/lib/python3.12/site-packages/airflow/models/taskinstance.py", line 3208, in _execute_task
    return _execute_task(self, context, task_orig)
           ^^^^^^^^^^^^^^^^^^^^^^^^^^^^^^^^^^^^^^^
  File "/home/airflow/.local/lib/python3.12/site-packages/airflow/models/taskinstance.py", line 776, in _execute_task
    result = _execute_callable(context=context, **execute_callable_kwargs)
             ^^^^^^^^^^^^^^^^^^^^^^^^^^^^^^^^^^^^^^^^^^^^^^^^^^^^^^^^^^^^^
  File "/home/airflow/.local/lib/python3.12/site-packages/airflow/models/taskinstance.py", line 742, in _execute_callable
    return ExecutionCallableRunner(
           ^^^^^^^^^^^^^^^^^^^^^^^^
  File "/home/airflow/.local/lib/python3.12/site-packages/airflow/utils/operator_helpers.py", line 252, in run
    return self.func(*args, **kwargs)
           ^^^^^^^^^^^^^^^^^^^^^^^^^^
  File "/home/airflow/.local/lib/python3.12/site-packages/airflow/models/baseoperator.py", line 424, in wrapper
    return func(self, *args, **kwargs)
           ^^^^^^^^^^^^^^^^^^^^^^^^^^^
  File "/home/airflow/.local/lib/python3.12/site-packages/airflow/providers/apache/spark/operators/spark_submit.py", line 197, in execute
    self._hook.submit(self.application)
  File "/home/airflow/.local/lib/python3.12/site-packages/airflow/providers/apache/spark/hooks/spark_submit.py", line 566, in submit
    raise AirflowException(
airflow.exceptions.AirflowException: Cannot execute: spark-submit --master spark://spark-master:7077 --jars /opt/bitnami/spark/jars/iceberg-spark-runtime-3.5_2.12-1.8.1.jar,/opt/bitnami/spark/jars/nessie-spark-extensions-3.5_2.12-0.103.2.jar,/opt/bitnami/spark/jars/nessie-client-0.103.2.jar,/opt/bitnami/spark/jars/hadoop-aws-3.3.2.jar,/opt/bitnami/spark/jars/aws-java-sdk-bundle-1.12.262.jar, --name arrow-spark --deploy-mode client /opt/bitnami/spark/jobs/process_exercises_job.py {"id": "CA-LESTE-construtiva-4DE-2025-07-08", "manifest_entry": {"data": {"createdAt": "2025-07-08T18:27:58.496Z", "origin": "CA-LESTE", "path": "exercises/CA-LESTE-construtiva-4DE-2025-07-08"}, "id": "CA-LESTE-construtiva-4DE-2025-07-08"}, "metadata": {"createdAt": "2025-07-08T18:27:58.496Z", "description": "4DE", "documents": [{"description": "", "id": "1751999288885", "mimetype": "application/pdf", "name": "Op Jacui IV - Ordem de Operacoes.pdf", "path": "exercises/CA-LESTE-construtiva-4DE-2025-07-08/documents/Op Jacui IV - Ordem de Operacoes.pdf", "size": 336744, "uploadedAt": "2025-07-08T18:28:08.885Z"}], "endDate": "2025-07-10", "id": "CA-LESTE-construtiva-4DE-2025-07-08", "name": "Jogo de Guerra", "origin": "CA-LESTE", "simulationType": "construtiva", "simulations": [{"id": "172.19.0.14_2025-07-08", "movedAt": "2025-07-08T18:28:17.872Z", "name": "172.19.0.14_2025-07-08", "originalPath": "staging/172.19.0.14_2025-07-08", "path": "exercises/CA-LESTE-construtiva-4DE-2025-07-08/simulations/172.19.0.14_2025-07-08"}], "startDate": "2025-07-08", "trainedForce": "4 Divis\u00e3o de Ex\u00e9rcito", "updatedAt": "2025-07-08T18:28:17.873Z", "wikiUrl": ""}}. Error code is: 1.
[2025-07-08T19:04:58.924+0000] {local_task_job_runner.py:266} INFO - Task exited with return code 1
[2025-07-08T19:04:59.116+0000] {taskinstance.py:3924} INFO - 0 downstream tasks scheduled from follow-on schedule check
[2025-07-08T19:04:59.191+0000] {local_task_job_runner.py:245} INFO - ::endgroup::
