[2025-07-09T18:29:23.338+0000] {local_task_job_runner.py:123} INFO - ::group::Pre task execution logs
[2025-07-09T18:29:23.373+0000] {taskinstance.py:2631} INFO - Dependencies all met for dep_context=non-requeueable deps ti=<TaskInstance: process_exercises.process_exercises manual__2025-07-09T18:29:20.414671+00:00 [queued]>
[2025-07-09T18:29:23.384+0000] {taskinstance.py:2631} INFO - Dependencies all met for dep_context=requeueable deps ti=<TaskInstance: process_exercises.process_exercises manual__2025-07-09T18:29:20.414671+00:00 [queued]>
[2025-07-09T18:29:23.385+0000] {taskinstance.py:2884} INFO - Starting attempt 1 of 1
[2025-07-09T18:29:23.422+0000] {taskinstance.py:2907} INFO - Executing <Task(SparkSubmitOperator): process_exercises> on 2025-07-09 18:29:20.414671+00:00
[2025-07-09T18:29:23.430+0000] {logging_mixin.py:190} WARNING - /home/airflow/.local/lib/python3.12/site-packages/airflow/task/task_runner/standard_task_runner.py:70 DeprecationWarning: This process (pid=3052) is multi-threaded, use of fork() may lead to deadlocks in the child.
[2025-07-09T18:29:23.432+0000] {standard_task_runner.py:72} INFO - Started process 3053 to run task
[2025-07-09T18:29:23.430+0000] {standard_task_runner.py:104} INFO - Running: ['airflow', 'tasks', 'run', 'process_exercises', 'process_exercises', 'manual__2025-07-09T18:29:20.414671+00:00', '--job-id', '235', '--raw', '--subdir', 'DAGS_FOLDER/process_exercises.py', '--cfg-path', '/tmp/tmp72781uvz']
[2025-07-09T18:29:23.433+0000] {standard_task_runner.py:105} INFO - Job 235: Subtask process_exercises
[2025-07-09T18:29:23.532+0000] {task_command.py:467} INFO - Running <TaskInstance: process_exercises.process_exercises manual__2025-07-09T18:29:20.414671+00:00 [running]> on host 38b7408c68d7
[2025-07-09T18:29:23.756+0000] {taskinstance.py:3157} INFO - Exporting env vars: AIRFLOW_CTX_DAG_OWNER='airflow' AIRFLOW_CTX_DAG_ID='process_exercises' AIRFLOW_CTX_TASK_ID='process_exercises' AIRFLOW_CTX_EXECUTION_DATE='2025-07-09T18:29:20.414671+00:00' AIRFLOW_CTX_TRY_NUMBER='1' AIRFLOW_CTX_DAG_RUN_ID='manual__2025-07-09T18:29:20.414671+00:00'
[2025-07-09T18:29:23.757+0000] {taskinstance.py:740} INFO - ::endgroup::
[2025-07-09T18:29:23.799+0000] {base.py:84} INFO - Retrieving connection 'spark-ebsim'
[2025-07-09T18:29:23.807+0000] {spark_submit.py:474} INFO - Spark-Submit cmd: spark-submit --master spark://spark-master:7077 --jars /opt/bitnami/spark/jars/iceberg-spark-runtime-3.5_2.12-1.8.1.jar,/opt/bitnami/spark/jars/nessie-spark-extensions-3.5_2.12-0.103.2.jar,/opt/bitnami/spark/jars/nessie-client-0.103.2.jar,/opt/bitnami/spark/jars/hadoop-aws-3.3.2.jar,/opt/bitnami/spark/jars/aws-java-sdk-bundle-1.12.262.jar, --name arrow-spark --deploy-mode client /opt/bitnami/spark/jobs/process_exercises_job.py {"id": "CA-LESTE-construtiva-4455-2025-07-08", "manifest_entry": {"data": {"createdAt": "2025-07-08T19:50:09.281Z", "origin": "CA-LESTE", "path": "exercises/CA-LESTE-construtiva-4455-2025-07-08"}, "id": "CA-LESTE-construtiva-4455-2025-07-08"}, "metadata": {"createdAt": "2025-07-08T19:50:09.281Z", "description": "4455", "documents": [{"description": "", "id": "1752004297308", "mimetype": "application/pdf", "name": "Op Jacui IV - Ordem de Operacoes.pdf", "path": "exercises/CA-LESTE-construtiva-4455-2025-07-08/documents/Op Jacui IV - Ordem de Operacoes.pdf", "size": 336744, "uploadedAt": "2025-07-08T19:51:37.308Z"}], "endDate": "2025-07-22", "id": "CA-LESTE-construtiva-4455-2025-07-08", "name": "Jogo de Guerra", "origin": "CA-LESTE", "simulationType": "construtiva", "simulations": [{"id": "172.19.0.14_2025-07-08", "movedAt": "2025-07-08T19:51:46.649Z", "name": "172.19.0.14_2025-07-08", "originalPath": "staging/172.19.0.14_2025-07-08", "path": "exercises/CA-LESTE-construtiva-4455-2025-07-08/simulations/172.19.0.14_2025-07-08"}], "startDate": "2025-07-15", "trainedForce": "4455", "updatedAt": "2025-07-08T19:51:46.649Z", "wikiUrl": ""}}
[2025-07-09T18:29:26.771+0000] {spark_submit.py:644} INFO - 25/07/09 18:29:26 WARN NativeCodeLoader: Unable to load native-hadoop library for your platform... using builtin-java classes where applicable
[2025-07-09T18:29:28.413+0000] {spark_submit.py:644} INFO - [PROCESS EXERCISES] ℹ️ Iniciando processamento otimizado de exercícios
[2025-07-09T18:29:28.413+0000] {spark_submit.py:644} INFO - [PROCESS EXERCISES] ℹ️ Exercício selecionado: CA-LESTE-construtiva-4455-2025-07-08
[2025-07-09T18:29:28.414+0000] {spark_submit.py:644} INFO - [PROCESS EXERCISES] 🔄 Criando sessão Spark otimizada
[2025-07-09T18:29:28.981+0000] {spark_submit.py:644} INFO - 25/07/09 18:29:28 INFO SparkContext: Running Spark version 3.5.5
[2025-07-09T18:29:28.982+0000] {spark_submit.py:644} INFO - 25/07/09 18:29:28 INFO SparkContext: OS info Linux, 5.15.167.4-microsoft-standard-WSL2, amd64
[2025-07-09T18:29:28.983+0000] {spark_submit.py:644} INFO - 25/07/09 18:29:28 INFO SparkContext: Java version 17.0.15
[2025-07-09T18:29:29.008+0000] {spark_submit.py:644} INFO - 25/07/09 18:29:29 INFO ResourceUtils: ==============================================================
[2025-07-09T18:29:29.009+0000] {spark_submit.py:644} INFO - 25/07/09 18:29:29 INFO ResourceUtils: No custom resources configured for spark.driver.
[2025-07-09T18:29:29.009+0000] {spark_submit.py:644} INFO - 25/07/09 18:29:29 INFO ResourceUtils: ==============================================================
[2025-07-09T18:29:29.010+0000] {spark_submit.py:644} INFO - 25/07/09 18:29:29 INFO SparkContext: Submitted application: ProcessExercisesOptimized
[2025-07-09T18:29:29.026+0000] {spark_submit.py:644} INFO - 25/07/09 18:29:29 INFO ResourceProfile: Default ResourceProfile created, executor resources: Map(memory -> name: memory, amount: 2048, script: , vendor: , offHeap -> name: offHeap, amount: 0, script: , vendor: ), task resources: Map(cpus -> name: cpus, amount: 1.0)
[2025-07-09T18:29:29.033+0000] {spark_submit.py:644} INFO - 25/07/09 18:29:29 INFO ResourceProfile: Limiting resource is cpu
[2025-07-09T18:29:29.034+0000] {spark_submit.py:644} INFO - 25/07/09 18:29:29 INFO ResourceProfileManager: Added ResourceProfile id: 0
[2025-07-09T18:29:29.088+0000] {spark_submit.py:644} INFO - 25/07/09 18:29:29 INFO SecurityManager: Changing view acls to: airflow
[2025-07-09T18:29:29.089+0000] {spark_submit.py:644} INFO - 25/07/09 18:29:29 INFO SecurityManager: Changing modify acls to: airflow
[2025-07-09T18:29:29.090+0000] {spark_submit.py:644} INFO - 25/07/09 18:29:29 INFO SecurityManager: Changing view acls groups to:
[2025-07-09T18:29:29.090+0000] {spark_submit.py:644} INFO - 25/07/09 18:29:29 INFO SecurityManager: Changing modify acls groups to:
[2025-07-09T18:29:29.091+0000] {spark_submit.py:644} INFO - 25/07/09 18:29:29 INFO SecurityManager: SecurityManager: authentication disabled; ui acls disabled; users with view permissions: airflow; groups with view permissions: EMPTY; users with modify permissions: airflow; groups with modify permissions: EMPTY
[2025-07-09T18:29:29.285+0000] {spark_submit.py:644} INFO - 25/07/09 18:29:29 INFO Utils: Successfully started service 'sparkDriver' on port 40489.
[2025-07-09T18:29:29.306+0000] {spark_submit.py:644} INFO - 25/07/09 18:29:29 INFO SparkEnv: Registering MapOutputTracker
[2025-07-09T18:29:29.333+0000] {spark_submit.py:644} INFO - 25/07/09 18:29:29 INFO SparkEnv: Registering BlockManagerMaster
[2025-07-09T18:29:29.352+0000] {spark_submit.py:644} INFO - 25/07/09 18:29:29 INFO BlockManagerMasterEndpoint: Using org.apache.spark.storage.DefaultTopologyMapper for getting topology information
[2025-07-09T18:29:29.352+0000] {spark_submit.py:644} INFO - 25/07/09 18:29:29 INFO BlockManagerMasterEndpoint: BlockManagerMasterEndpoint up
[2025-07-09T18:29:29.355+0000] {spark_submit.py:644} INFO - 25/07/09 18:29:29 INFO SparkEnv: Registering BlockManagerMasterHeartbeat
[2025-07-09T18:29:29.397+0000] {spark_submit.py:644} INFO - 25/07/09 18:29:29 INFO DiskBlockManager: Created local directory at /tmp/blockmgr-6582c013-0b91-4277-ae9c-5ff0ab1f8bc0
[2025-07-09T18:29:29.409+0000] {spark_submit.py:644} INFO - 25/07/09 18:29:29 INFO MemoryStore: MemoryStore started with capacity 434.4 MiB
[2025-07-09T18:29:29.426+0000] {spark_submit.py:644} INFO - 25/07/09 18:29:29 INFO SparkEnv: Registering OutputCommitCoordinator
[2025-07-09T18:29:29.538+0000] {spark_submit.py:644} INFO - 25/07/09 18:29:29 INFO JettyUtils: Start Jetty 0.0.0.0:4040 for SparkUI
[2025-07-09T18:29:29.599+0000] {spark_submit.py:644} INFO - 25/07/09 18:29:29 INFO Utils: Successfully started service 'SparkUI' on port 4040.
[2025-07-09T18:29:29.631+0000] {spark_submit.py:644} INFO - 25/07/09 18:29:29 INFO SparkContext: Added JAR file:///opt/bitnami/spark/jars/iceberg-spark-runtime-3.5_2.12-1.8.1.jar at spark://38b7408c68d7:40489/jars/iceberg-spark-runtime-3.5_2.12-1.8.1.jar with timestamp 1752085768960
[2025-07-09T18:29:29.633+0000] {spark_submit.py:644} INFO - 25/07/09 18:29:29 INFO SparkContext: Added JAR file:///opt/bitnami/spark/jars/nessie-spark-extensions-3.5_2.12-0.103.2.jar at spark://38b7408c68d7:40489/jars/nessie-spark-extensions-3.5_2.12-0.103.2.jar with timestamp 1752085768960
[2025-07-09T18:29:29.634+0000] {spark_submit.py:644} INFO - 25/07/09 18:29:29 INFO SparkContext: Added JAR file:///opt/bitnami/spark/jars/nessie-client-0.103.2.jar at spark://38b7408c68d7:40489/jars/nessie-client-0.103.2.jar with timestamp 1752085768960
[2025-07-09T18:29:29.635+0000] {spark_submit.py:644} INFO - 25/07/09 18:29:29 INFO SparkContext: Added JAR file:///opt/bitnami/spark/jars/hadoop-aws-3.3.2.jar at spark://38b7408c68d7:40489/jars/hadoop-aws-3.3.2.jar with timestamp 1752085768960
[2025-07-09T18:29:29.636+0000] {spark_submit.py:644} INFO - 25/07/09 18:29:29 INFO SparkContext: Added JAR file:///opt/bitnami/spark/jars/aws-java-sdk-bundle-1.12.262.jar at spark://38b7408c68d7:40489/jars/aws-java-sdk-bundle-1.12.262.jar with timestamp 1752085768960
[2025-07-09T18:29:29.729+0000] {spark_submit.py:644} INFO - 25/07/09 18:29:29 INFO StandaloneAppClient$ClientEndpoint: Connecting to master spark://spark-master:7077...
[2025-07-09T18:29:29.800+0000] {spark_submit.py:644} INFO - 25/07/09 18:29:29 INFO TransportClientFactory: Successfully created connection to spark-master/172.19.0.5:7077 after 51 ms (0 ms spent in bootstraps)
[2025-07-09T18:29:29.881+0000] {spark_submit.py:644} INFO - 25/07/09 18:29:29 INFO StandaloneSchedulerBackend: Connected to Spark cluster with app ID app-20250709182929-0008
[2025-07-09T18:29:29.882+0000] {spark_submit.py:644} INFO - 25/07/09 18:29:29 INFO StandaloneAppClient$ClientEndpoint: Executor added: app-20250709182929-0008/0 on worker-20250709171731-172.19.0.7-37405 (172.19.0.7:37405) with 2 core(s)
[2025-07-09T18:29:29.884+0000] {spark_submit.py:644} INFO - 25/07/09 18:29:29 INFO StandaloneSchedulerBackend: Granted executor ID app-20250709182929-0008/0 on hostPort 172.19.0.7:37405 with 2 core(s), 2.0 GiB RAM
[2025-07-09T18:29:29.889+0000] {spark_submit.py:644} INFO - 25/07/09 18:29:29 INFO Utils: Successfully started service 'org.apache.spark.network.netty.NettyBlockTransferService' on port 37375.
[2025-07-09T18:29:29.890+0000] {spark_submit.py:644} INFO - 25/07/09 18:29:29 INFO NettyBlockTransferService: Server created on 38b7408c68d7:37375
[2025-07-09T18:29:29.892+0000] {spark_submit.py:644} INFO - 25/07/09 18:29:29 INFO BlockManager: Using org.apache.spark.storage.RandomBlockReplicationPolicy for block replication policy
[2025-07-09T18:29:29.897+0000] {spark_submit.py:644} INFO - 25/07/09 18:29:29 INFO BlockManagerMaster: Registering BlockManager BlockManagerId(driver, 38b7408c68d7, 37375, None)
[2025-07-09T18:29:29.899+0000] {spark_submit.py:644} INFO - 25/07/09 18:29:29 INFO BlockManagerMasterEndpoint: Registering block manager 38b7408c68d7:37375 with 434.4 MiB RAM, BlockManagerId(driver, 38b7408c68d7, 37375, None)
[2025-07-09T18:29:29.901+0000] {spark_submit.py:644} INFO - 25/07/09 18:29:29 INFO BlockManagerMaster: Registered BlockManager BlockManagerId(driver, 38b7408c68d7, 37375, None)
[2025-07-09T18:29:29.902+0000] {spark_submit.py:644} INFO - 25/07/09 18:29:29 INFO BlockManager: Initialized BlockManager: BlockManagerId(driver, 38b7408c68d7, 37375, None)
[2025-07-09T18:29:29.931+0000] {spark_submit.py:644} INFO - 25/07/09 18:29:29 INFO StandaloneAppClient$ClientEndpoint: Executor updated: app-20250709182929-0008/0 is now RUNNING
[2025-07-09T18:29:30.213+0000] {spark_submit.py:644} INFO - 25/07/09 18:29:30 INFO StandaloneSchedulerBackend: SchedulerBackend is ready for scheduling beginning after reached minRegisteredResourcesRatio: 0.0
[2025-07-09T18:29:30.515+0000] {spark_submit.py:644} INFO - [PROCESS EXERCISES] ✅ Sessão Spark otimizada criada com sucesso
[2025-07-09T18:29:31.643+0000] {spark_submit.py:644} INFO - [PROCESS EXERCISES] ❌ Erro crítico durante o processamento: [CANNOT_MODIFY_CONFIG] Cannot modify the value of the Spark config: "spark.serializer".
[2025-07-09T18:29:31.644+0000] {spark_submit.py:644} INFO - See also 'https://spark.apache.org/docs/latest/sql-migration-guide.html#ddl-statements'.
[2025-07-09T18:29:31.645+0000] {spark_submit.py:644} INFO - [PROCESS EXERCISES] 🔄 Finalizando sessão Spark
[2025-07-09T18:29:31.738+0000] {spark_submit.py:644} INFO - [PROCESS EXERCISES] ✅ Sessão Spark finalizada com sucesso
[2025-07-09T18:29:31.856+0000] {taskinstance.py:3336} ERROR - Task failed with exception
Traceback (most recent call last):
  File "/home/airflow/.local/lib/python3.12/site-packages/airflow/models/taskinstance.py", line 776, in _execute_task
    result = _execute_callable(context=context, **execute_callable_kwargs)
             ^^^^^^^^^^^^^^^^^^^^^^^^^^^^^^^^^^^^^^^^^^^^^^^^^^^^^^^^^^^^^
  File "/home/airflow/.local/lib/python3.12/site-packages/airflow/models/taskinstance.py", line 742, in _execute_callable
    return ExecutionCallableRunner(
           ^^^^^^^^^^^^^^^^^^^^^^^^
  File "/home/airflow/.local/lib/python3.12/site-packages/airflow/utils/operator_helpers.py", line 252, in run
    return self.func(*args, **kwargs)
           ^^^^^^^^^^^^^^^^^^^^^^^^^^
  File "/home/airflow/.local/lib/python3.12/site-packages/airflow/models/baseoperator.py", line 424, in wrapper
    return func(self, *args, **kwargs)
           ^^^^^^^^^^^^^^^^^^^^^^^^^^^
  File "/home/airflow/.local/lib/python3.12/site-packages/airflow/providers/apache/spark/operators/spark_submit.py", line 197, in execute
    self._hook.submit(self.application)
  File "/home/airflow/.local/lib/python3.12/site-packages/airflow/providers/apache/spark/hooks/spark_submit.py", line 566, in submit
    raise AirflowException(
airflow.exceptions.AirflowException: Cannot execute: spark-submit --master spark://spark-master:7077 --jars /opt/bitnami/spark/jars/iceberg-spark-runtime-3.5_2.12-1.8.1.jar,/opt/bitnami/spark/jars/nessie-spark-extensions-3.5_2.12-0.103.2.jar,/opt/bitnami/spark/jars/nessie-client-0.103.2.jar,/opt/bitnami/spark/jars/hadoop-aws-3.3.2.jar,/opt/bitnami/spark/jars/aws-java-sdk-bundle-1.12.262.jar, --name arrow-spark --deploy-mode client /opt/bitnami/spark/jobs/process_exercises_job.py {"id": "CA-LESTE-construtiva-4455-2025-07-08", "manifest_entry": {"data": {"createdAt": "2025-07-08T19:50:09.281Z", "origin": "CA-LESTE", "path": "exercises/CA-LESTE-construtiva-4455-2025-07-08"}, "id": "CA-LESTE-construtiva-4455-2025-07-08"}, "metadata": {"createdAt": "2025-07-08T19:50:09.281Z", "description": "4455", "documents": [{"description": "", "id": "1752004297308", "mimetype": "application/pdf", "name": "Op Jacui IV - Ordem de Operacoes.pdf", "path": "exercises/CA-LESTE-construtiva-4455-2025-07-08/documents/Op Jacui IV - Ordem de Operacoes.pdf", "size": 336744, "uploadedAt": "2025-07-08T19:51:37.308Z"}], "endDate": "2025-07-22", "id": "CA-LESTE-construtiva-4455-2025-07-08", "name": "Jogo de Guerra", "origin": "CA-LESTE", "simulationType": "construtiva", "simulations": [{"id": "172.19.0.14_2025-07-08", "movedAt": "2025-07-08T19:51:46.649Z", "name": "172.19.0.14_2025-07-08", "originalPath": "staging/172.19.0.14_2025-07-08", "path": "exercises/CA-LESTE-construtiva-4455-2025-07-08/simulations/172.19.0.14_2025-07-08"}], "startDate": "2025-07-15", "trainedForce": "4455", "updatedAt": "2025-07-08T19:51:46.649Z", "wikiUrl": ""}}. Error code is: 1.
[2025-07-09T18:29:31.863+0000] {taskinstance.py:1242} INFO - Marking task as FAILED. dag_id=process_exercises, task_id=process_exercises, run_id=manual__2025-07-09T18:29:20.414671+00:00, execution_date=20250709T182920, start_date=20250709T182923, end_date=20250709T182931
[2025-07-09T18:29:32.077+0000] {taskinstance.py:349} INFO - ::group::Post task execution logs
[2025-07-09T18:29:32.078+0000] {standard_task_runner.py:124} ERROR - Failed to execute job 235 for task process_exercises (Cannot execute: spark-submit --master spark://spark-master:7077 --jars /opt/bitnami/spark/jars/iceberg-spark-runtime-3.5_2.12-1.8.1.jar,/opt/bitnami/spark/jars/nessie-spark-extensions-3.5_2.12-0.103.2.jar,/opt/bitnami/spark/jars/nessie-client-0.103.2.jar,/opt/bitnami/spark/jars/hadoop-aws-3.3.2.jar,/opt/bitnami/spark/jars/aws-java-sdk-bundle-1.12.262.jar, --name arrow-spark --deploy-mode client /opt/bitnami/spark/jobs/process_exercises_job.py {"id": "CA-LESTE-construtiva-4455-2025-07-08", "manifest_entry": {"data": {"createdAt": "2025-07-08T19:50:09.281Z", "origin": "CA-LESTE", "path": "exercises/CA-LESTE-construtiva-4455-2025-07-08"}, "id": "CA-LESTE-construtiva-4455-2025-07-08"}, "metadata": {"createdAt": "2025-07-08T19:50:09.281Z", "description": "4455", "documents": [{"description": "", "id": "1752004297308", "mimetype": "application/pdf", "name": "Op Jacui IV - Ordem de Operacoes.pdf", "path": "exercises/CA-LESTE-construtiva-4455-2025-07-08/documents/Op Jacui IV - Ordem de Operacoes.pdf", "size": 336744, "uploadedAt": "2025-07-08T19:51:37.308Z"}], "endDate": "2025-07-22", "id": "CA-LESTE-construtiva-4455-2025-07-08", "name": "Jogo de Guerra", "origin": "CA-LESTE", "simulationType": "construtiva", "simulations": [{"id": "172.19.0.14_2025-07-08", "movedAt": "2025-07-08T19:51:46.649Z", "name": "172.19.0.14_2025-07-08", "originalPath": "staging/172.19.0.14_2025-07-08", "path": "exercises/CA-LESTE-construtiva-4455-2025-07-08/simulations/172.19.0.14_2025-07-08"}], "startDate": "2025-07-15", "trainedForce": "4455", "updatedAt": "2025-07-08T19:51:46.649Z", "wikiUrl": ""}}. Error code is: 1.; 3053)
Traceback (most recent call last):
  File "/home/airflow/.local/lib/python3.12/site-packages/airflow/task/task_runner/standard_task_runner.py", line 117, in _start_by_fork
    ret = args.func(args, dag=self.dag)
          ^^^^^^^^^^^^^^^^^^^^^^^^^^^^^
  File "/home/airflow/.local/lib/python3.12/site-packages/airflow/cli/cli_config.py", line 49, in command
    return func(*args, **kwargs)
           ^^^^^^^^^^^^^^^^^^^^^
  File "/home/airflow/.local/lib/python3.12/site-packages/airflow/utils/cli.py", line 116, in wrapper
    return f(*args, **kwargs)
           ^^^^^^^^^^^^^^^^^^
  File "/home/airflow/.local/lib/python3.12/site-packages/airflow/cli/commands/task_command.py", line 483, in task_run
    task_return_code = _run_task_by_selected_method(args, _dag, ti)
                       ^^^^^^^^^^^^^^^^^^^^^^^^^^^^^^^^^^^^^^^^^^^^
  File "/home/airflow/.local/lib/python3.12/site-packages/airflow/cli/commands/task_command.py", line 256, in _run_task_by_selected_method
    return _run_raw_task(args, ti)
           ^^^^^^^^^^^^^^^^^^^^^^^
  File "/home/airflow/.local/lib/python3.12/site-packages/airflow/cli/commands/task_command.py", line 341, in _run_raw_task
    return ti._run_raw_task(
           ^^^^^^^^^^^^^^^^^
  File "/home/airflow/.local/lib/python3.12/site-packages/airflow/utils/session.py", line 97, in wrapper
    return func(*args, session=session, **kwargs)
           ^^^^^^^^^^^^^^^^^^^^^^^^^^^^^^^^^^^^^^
  File "/home/airflow/.local/lib/python3.12/site-packages/airflow/models/taskinstance.py", line 3029, in _run_raw_task
    return _run_raw_task(
           ^^^^^^^^^^^^^^
  File "/home/airflow/.local/lib/python3.12/site-packages/airflow/models/taskinstance.py", line 282, in _run_raw_task
    TaskInstance._execute_task_with_callbacks(
  File "/home/airflow/.local/lib/python3.12/site-packages/airflow/models/taskinstance.py", line 3184, in _execute_task_with_callbacks
    result = self._execute_task(context, task_orig)
             ^^^^^^^^^^^^^^^^^^^^^^^^^^^^^^^^^^^^^^
  File "/home/airflow/.local/lib/python3.12/site-packages/airflow/models/taskinstance.py", line 3208, in _execute_task
    return _execute_task(self, context, task_orig)
           ^^^^^^^^^^^^^^^^^^^^^^^^^^^^^^^^^^^^^^^
  File "/home/airflow/.local/lib/python3.12/site-packages/airflow/models/taskinstance.py", line 776, in _execute_task
    result = _execute_callable(context=context, **execute_callable_kwargs)
             ^^^^^^^^^^^^^^^^^^^^^^^^^^^^^^^^^^^^^^^^^^^^^^^^^^^^^^^^^^^^^
  File "/home/airflow/.local/lib/python3.12/site-packages/airflow/models/taskinstance.py", line 742, in _execute_callable
    return ExecutionCallableRunner(
           ^^^^^^^^^^^^^^^^^^^^^^^^
  File "/home/airflow/.local/lib/python3.12/site-packages/airflow/utils/operator_helpers.py", line 252, in run
    return self.func(*args, **kwargs)
           ^^^^^^^^^^^^^^^^^^^^^^^^^^
  File "/home/airflow/.local/lib/python3.12/site-packages/airflow/models/baseoperator.py", line 424, in wrapper
    return func(self, *args, **kwargs)
           ^^^^^^^^^^^^^^^^^^^^^^^^^^^
  File "/home/airflow/.local/lib/python3.12/site-packages/airflow/providers/apache/spark/operators/spark_submit.py", line 197, in execute
    self._hook.submit(self.application)
  File "/home/airflow/.local/lib/python3.12/site-packages/airflow/providers/apache/spark/hooks/spark_submit.py", line 566, in submit
    raise AirflowException(
airflow.exceptions.AirflowException: Cannot execute: spark-submit --master spark://spark-master:7077 --jars /opt/bitnami/spark/jars/iceberg-spark-runtime-3.5_2.12-1.8.1.jar,/opt/bitnami/spark/jars/nessie-spark-extensions-3.5_2.12-0.103.2.jar,/opt/bitnami/spark/jars/nessie-client-0.103.2.jar,/opt/bitnami/spark/jars/hadoop-aws-3.3.2.jar,/opt/bitnami/spark/jars/aws-java-sdk-bundle-1.12.262.jar, --name arrow-spark --deploy-mode client /opt/bitnami/spark/jobs/process_exercises_job.py {"id": "CA-LESTE-construtiva-4455-2025-07-08", "manifest_entry": {"data": {"createdAt": "2025-07-08T19:50:09.281Z", "origin": "CA-LESTE", "path": "exercises/CA-LESTE-construtiva-4455-2025-07-08"}, "id": "CA-LESTE-construtiva-4455-2025-07-08"}, "metadata": {"createdAt": "2025-07-08T19:50:09.281Z", "description": "4455", "documents": [{"description": "", "id": "1752004297308", "mimetype": "application/pdf", "name": "Op Jacui IV - Ordem de Operacoes.pdf", "path": "exercises/CA-LESTE-construtiva-4455-2025-07-08/documents/Op Jacui IV - Ordem de Operacoes.pdf", "size": 336744, "uploadedAt": "2025-07-08T19:51:37.308Z"}], "endDate": "2025-07-22", "id": "CA-LESTE-construtiva-4455-2025-07-08", "name": "Jogo de Guerra", "origin": "CA-LESTE", "simulationType": "construtiva", "simulations": [{"id": "172.19.0.14_2025-07-08", "movedAt": "2025-07-08T19:51:46.649Z", "name": "172.19.0.14_2025-07-08", "originalPath": "staging/172.19.0.14_2025-07-08", "path": "exercises/CA-LESTE-construtiva-4455-2025-07-08/simulations/172.19.0.14_2025-07-08"}], "startDate": "2025-07-15", "trainedForce": "4455", "updatedAt": "2025-07-08T19:51:46.649Z", "wikiUrl": ""}}. Error code is: 1.
[2025-07-09T18:29:32.087+0000] {local_task_job_runner.py:266} INFO - Task exited with return code 1
[2025-07-09T18:29:32.120+0000] {taskinstance.py:3924} INFO - 0 downstream tasks scheduled from follow-on schedule check
[2025-07-09T18:29:32.164+0000] {local_task_job_runner.py:245} INFO - ::endgroup::
