[2025-07-04T18:54:01.613+0000] {local_task_job_runner.py:123} INFO - ::group::Pre task execution logs
[2025-07-04T18:54:01.647+0000] {taskinstance.py:2631} INFO - Dependencies all met for dep_context=non-requeueable deps ti=<TaskInstance: process_exercises.identify_ready_exercises manual__2025-07-04T18:53:59.614250+00:00 [queued]>
[2025-07-04T18:54:01.658+0000] {taskinstance.py:2631} INFO - Dependencies all met for dep_context=requeueable deps ti=<TaskInstance: process_exercises.identify_ready_exercises manual__2025-07-04T18:53:59.614250+00:00 [queued]>
[2025-07-04T18:54:01.659+0000] {taskinstance.py:2884} INFO - Starting attempt 1 of 1
[2025-07-04T18:54:01.739+0000] {taskinstance.py:2907} INFO - Executing <Task(PythonOperator): identify_ready_exercises> on 2025-07-04 18:53:59.614250+00:00
[2025-07-04T18:54:01.750+0000] {logging_mixin.py:190} WARNING - /home/airflow/.local/lib/python3.12/site-packages/airflow/task/task_runner/standard_task_runner.py:70 DeprecationWarning: This process (pid=306) is multi-threaded, use of fork() may lead to deadlocks in the child.
[2025-07-04T18:54:01.752+0000] {standard_task_runner.py:72} INFO - Started process 307 to run task
[2025-07-04T18:54:01.750+0000] {standard_task_runner.py:104} INFO - Running: ['airflow', 'tasks', 'run', 'process_exercises', 'identify_ready_exercises', 'manual__2025-07-04T18:53:59.614250+00:00', '--job-id', '28', '--raw', '--subdir', 'DAGS_FOLDER/process_exercises.py', '--cfg-path', '/tmp/tmpuxzmjs72']
[2025-07-04T18:54:01.753+0000] {standard_task_runner.py:105} INFO - Job 28: Subtask identify_ready_exercises
[2025-07-04T18:54:01.894+0000] {task_command.py:467} INFO - Running <TaskInstance: process_exercises.identify_ready_exercises manual__2025-07-04T18:53:59.614250+00:00 [running]> on host 015f5eedea58
[2025-07-04T18:54:02.316+0000] {taskinstance.py:3157} INFO - Exporting env vars: AIRFLOW_CTX_DAG_OWNER='airflow' AIRFLOW_CTX_DAG_ID='process_exercises' AIRFLOW_CTX_TASK_ID='identify_ready_exercises' AIRFLOW_CTX_EXECUTION_DATE='2025-07-04T18:53:59.614250+00:00' AIRFLOW_CTX_TRY_NUMBER='1' AIRFLOW_CTX_DAG_RUN_ID='manual__2025-07-04T18:53:59.614250+00:00'
[2025-07-04T18:54:02.320+0000] {taskinstance.py:740} INFO - ::endgroup::
[2025-07-04T18:54:02.541+0000] {base.py:84} INFO - Retrieving connection 'minio-ebsim'
[2025-07-04T18:54:02.542+0000] {connection_wrapper.py:391} INFO - AWS Connection (conn_id='minio-ebsim', conn_type='aws') credentials retrieved from extra.
[2025-07-04T18:54:15.925+0000] {logging_mixin.py:190} INFO - [DAG] exercício pronto: CA-LESTE-construtiva-4DE-2025-07-04
[2025-07-04T18:54:15.926+0000] {logging_mixin.py:190} INFO - ✅ [DAG] total de exercícios prontos: 1.
[2025-07-04T18:54:15.927+0000] {logging_mixin.py:190} INFO - ✅ [DAG] o exercício selecionado é CA-LESTE-construtiva-4DE-2025-07-04.
[2025-07-04T18:54:15.928+0000] {python.py:240} INFO - Done. Returned value was: {'id': 'CA-LESTE-construtiva-4DE-2025-07-04', 'metadata': {'id': 'CA-LESTE-construtiva-4DE-2025-07-04', 'name': 'Jogo de Guerra', 'description': '4DE', 'simulationType': 'construtiva', 'origin': 'CA-LESTE', 'startDate': '2025-07-04', 'endDate': '2025-07-06', 'trainedForce': '4 Divisão de Exército', 'wikiUrl': '', 'documents': [{'id': '1751655164226', 'name': 'Op Jacui IV - Ordem de Operacoes.pdf', 'description': '', 'path': 'exercises/CA-LESTE-construtiva-4DE-2025-07-04/documents/Op Jacui IV - Ordem de Operacoes.pdf', 'size': 336744, 'mimetype': 'application/pdf', 'uploadedAt': '2025-07-04T18:52:44.226Z'}], 'simulations': [{'id': '172.19.0.14_2025-07-04', 'name': '172.19.0.14_2025-07-04', 'path': 'exercises/CA-LESTE-construtiva-4DE-2025-07-04/simulations/172.19.0.14_2025-07-04', 'originalPath': 'staging/172.19.0.14_2025-07-04', 'movedAt': '2025-07-04T18:52:50.834Z'}], 'createdAt': '2025-07-04T18:50:45.717Z', 'updatedAt': '2025-07-04T18:52:50.835Z'}, 'manifest_entry': {'id': 'CA-LESTE-construtiva-4DE-2025-07-04', 'data': {'origin': 'CA-LESTE', 'path': 'exercises/CA-LESTE-construtiva-4DE-2025-07-04', 'createdAt': '2025-07-04T18:50:45.717Z'}}}
[2025-07-04T18:54:16.067+0000] {taskinstance.py:349} INFO - ::group::Post task execution logs
[2025-07-04T18:54:16.068+0000] {taskinstance.py:361} INFO - Marking task as SUCCESS. dag_id=process_exercises, task_id=identify_ready_exercises, run_id=manual__2025-07-04T18:53:59.614250+00:00, execution_date=20250704T185359, start_date=20250704T185401, end_date=20250704T185416
[2025-07-04T18:54:16.557+0000] {local_task_job_runner.py:266} INFO - Task exited with return code 0
[2025-07-04T18:54:16.613+0000] {taskinstance.py:3924} INFO - 1 downstream tasks scheduled from follow-on schedule check
[2025-07-04T18:54:16.649+0000] {local_task_job_runner.py:245} INFO - ::endgroup::
[2025-07-04T18:54:16.759+0000] {standard_task_runner.py:217} INFO - Process not found (most likely exited), stop collecting metrics
