[2025-07-06T13:27:27.725+0000] {local_task_job_runner.py:123} INFO - ::group::Pre task execution logs
[2025-07-06T13:27:27.771+0000] {taskinstance.py:2631} INFO - Dependencies all met for dep_context=non-requeueable deps ti=<TaskInstance: process_exercises.identify_ready_exercises manual__2025-07-06T13:27:25.643382+00:00 [queued]>
[2025-07-06T13:27:27.787+0000] {taskinstance.py:2631} INFO - Dependencies all met for dep_context=requeueable deps ti=<TaskInstance: process_exercises.identify_ready_exercises manual__2025-07-06T13:27:25.643382+00:00 [queued]>
[2025-07-06T13:27:27.788+0000] {taskinstance.py:2884} INFO - Starting attempt 1 of 1
[2025-07-06T13:27:27.876+0000] {taskinstance.py:2907} INFO - Executing <Task(PythonOperator): identify_ready_exercises> on 2025-07-06 13:27:25.643382+00:00
[2025-07-06T13:27:27.894+0000] {logging_mixin.py:190} WARNING - /home/airflow/.local/lib/python3.12/site-packages/airflow/task/task_runner/standard_task_runner.py:70 DeprecationWarning: This process (pid=191) is multi-threaded, use of fork() may lead to deadlocks in the child.
[2025-07-06T13:27:27.892+0000] {standard_task_runner.py:104} INFO - Running: ['airflow', 'tasks', 'run', 'process_exercises', 'identify_ready_exercises', 'manual__2025-07-06T13:27:25.643382+00:00', '--job-id', '48', '--raw', '--subdir', 'DAGS_FOLDER/process_exercises.py', '--cfg-path', '/tmp/tmpc9k82jw6']
[2025-07-06T13:27:27.898+0000] {standard_task_runner.py:72} INFO - Started process 192 to run task
[2025-07-06T13:27:27.899+0000] {standard_task_runner.py:105} INFO - Job 48: Subtask identify_ready_exercises
[2025-07-06T13:27:28.032+0000] {task_command.py:467} INFO - Running <TaskInstance: process_exercises.identify_ready_exercises manual__2025-07-06T13:27:25.643382+00:00 [running]> on host d3a86a577130
[2025-07-06T13:27:28.319+0000] {taskinstance.py:3157} INFO - Exporting env vars: AIRFLOW_CTX_DAG_OWNER='airflow' AIRFLOW_CTX_DAG_ID='process_exercises' AIRFLOW_CTX_TASK_ID='identify_ready_exercises' AIRFLOW_CTX_EXECUTION_DATE='2025-07-06T13:27:25.643382+00:00' AIRFLOW_CTX_TRY_NUMBER='1' AIRFLOW_CTX_DAG_RUN_ID='manual__2025-07-06T13:27:25.643382+00:00'
[2025-07-06T13:27:28.321+0000] {taskinstance.py:740} INFO - ::endgroup::
[2025-07-06T13:27:28.611+0000] {base.py:84} INFO - Retrieving connection 'minio-ebsim'
[2025-07-06T13:27:28.613+0000] {connection_wrapper.py:328} INFO - AWS Connection (conn_id='minio-ebsim', conn_type='aws') credentials retrieved from extra.
[2025-07-06T13:27:44.225+0000] {logging_mixin.py:190} INFO - [DAG] exercício pronto: CA-SUL-construtiva-6DE-2025-07-06
[2025-07-06T13:27:44.225+0000] {logging_mixin.py:190} INFO - ✅ [DAG] total de exercícios prontos: 1.
[2025-07-06T13:27:44.226+0000] {logging_mixin.py:190} INFO - ✅ [DAG] o exercício selecionado é CA-SUL-construtiva-6DE-2025-07-06.
[2025-07-06T13:27:44.227+0000] {python.py:240} INFO - Done. Returned value was: {'id': 'CA-SUL-construtiva-6DE-2025-07-06', 'metadata': {'id': 'CA-SUL-construtiva-6DE-2025-07-06', 'name': 'Jogo de Guerra', 'description': '6DE', 'simulationType': 'construtiva', 'origin': 'CA-SUL', 'startDate': '2025-07-06', 'endDate': '2025-07-08', 'trainedForce': '6 Divisão de Exército', 'wikiUrl': '', 'documents': [{'id': '1751808172294', 'name': 'Op Jacui IV - Ordem de Operacoes.pdf', 'description': '', 'path': 'exercises/CA-SUL-construtiva-6DE-2025-07-06/documents/Op Jacui IV - Ordem de Operacoes.pdf', 'size': 336744, 'mimetype': 'application/pdf', 'uploadedAt': '2025-07-06T13:22:52.294Z'}], 'simulations': [{'id': '172.19.0.6_2025-07-06', 'name': '172.19.0.6_2025-07-06', 'path': 'exercises/CA-SUL-construtiva-6DE-2025-07-06/simulations/172.19.0.6_2025-07-06', 'originalPath': 'staging/172.19.0.6_2025-07-06', 'movedAt': '2025-07-06T13:22:59.506Z'}], 'createdAt': '2025-07-06T13:22:38.830Z', 'updatedAt': '2025-07-06T13:22:59.506Z'}, 'manifest_entry': {'id': 'CA-SUL-construtiva-6DE-2025-07-06', 'data': {'origin': 'CA-SUL', 'path': 'exercises/CA-SUL-construtiva-6DE-2025-07-06', 'createdAt': '2025-07-06T13:22:38.830Z'}}}
[2025-07-06T13:27:44.332+0000] {taskinstance.py:349} INFO - ::group::Post task execution logs
[2025-07-06T13:27:44.334+0000] {taskinstance.py:361} INFO - Marking task as SUCCESS. dag_id=process_exercises, task_id=identify_ready_exercises, run_id=manual__2025-07-06T13:27:25.643382+00:00, execution_date=20250706T132725, start_date=20250706T132727, end_date=20250706T132744
[2025-07-06T13:27:44.521+0000] {local_task_job_runner.py:266} INFO - Task exited with return code 0
[2025-07-06T13:27:44.563+0000] {taskinstance.py:3924} INFO - 1 downstream tasks scheduled from follow-on schedule check
[2025-07-06T13:27:44.599+0000] {local_task_job_runner.py:245} INFO - ::endgroup::
