[2025-07-08T13:12:54.823+0000] {local_task_job_runner.py:123} INFO - ::group::Pre task execution logs
[2025-07-08T13:12:54.869+0000] {taskinstance.py:2631} INFO - Dependencies all met for dep_context=non-requeueable deps ti=<TaskInstance: process_exercises.identify_ready_exercises manual__2025-07-08T13:12:52.799918+00:00 [queued]>
[2025-07-08T13:12:54.887+0000] {taskinstance.py:2631} INFO - Dependencies all met for dep_context=requeueable deps ti=<TaskInstance: process_exercises.identify_ready_exercises manual__2025-07-08T13:12:52.799918+00:00 [queued]>
[2025-07-08T13:12:54.888+0000] {taskinstance.py:2884} INFO - Starting attempt 1 of 1
[2025-07-08T13:12:55.051+0000] {taskinstance.py:2907} INFO - Executing <Task(PythonOperator): identify_ready_exercises> on 2025-07-08 13:12:52.799918+00:00
[2025-07-08T13:12:55.076+0000] {logging_mixin.py:190} WARNING - /home/airflow/.local/lib/python3.12/site-packages/airflow/task/task_runner/standard_task_runner.py:70 DeprecationWarning: This process (pid=559) is multi-threaded, use of fork() may lead to deadlocks in the child.
[2025-07-08T13:12:55.080+0000] {standard_task_runner.py:72} INFO - Started process 560 to run task
[2025-07-08T13:12:55.077+0000] {standard_task_runner.py:104} INFO - Running: ['airflow', 'tasks', 'run', 'process_exercises', 'identify_ready_exercises', 'manual__2025-07-08T13:12:52.799918+00:00', '--job-id', '134', '--raw', '--subdir', 'DAGS_FOLDER/process_exercises.py', '--cfg-path', '/tmp/tmpuqdmbzvf']
[2025-07-08T13:12:55.084+0000] {standard_task_runner.py:105} INFO - Job 134: Subtask identify_ready_exercises
[2025-07-08T13:12:55.259+0000] {task_command.py:467} INFO - Running <TaskInstance: process_exercises.identify_ready_exercises manual__2025-07-08T13:12:52.799918+00:00 [running]> on host 3748f1b8240a
[2025-07-08T13:12:55.525+0000] {taskinstance.py:3157} INFO - Exporting env vars: AIRFLOW_CTX_DAG_OWNER='airflow' AIRFLOW_CTX_DAG_ID='process_exercises' AIRFLOW_CTX_TASK_ID='identify_ready_exercises' AIRFLOW_CTX_EXECUTION_DATE='2025-07-08T13:12:52.799918+00:00' AIRFLOW_CTX_TRY_NUMBER='1' AIRFLOW_CTX_DAG_RUN_ID='manual__2025-07-08T13:12:52.799918+00:00'
[2025-07-08T13:12:55.527+0000] {taskinstance.py:740} INFO - ::endgroup::
[2025-07-08T13:12:55.630+0000] {base.py:84} INFO - Retrieving connection 'minio-ebsim'
[2025-07-08T13:12:55.631+0000] {connection_wrapper.py:328} INFO - AWS Connection (conn_id='minio-ebsim', conn_type='aws') credentials retrieved from extra.
[2025-07-08T13:12:56.245+0000] {logging_mixin.py:190} INFO - [DAG] exercício pronto: CA-SUL-construtiva-6DE-2025-07-08
[2025-07-08T13:12:56.246+0000] {logging_mixin.py:190} INFO - ✅ [DAG] total de exercícios prontos: 1.
[2025-07-08T13:12:56.247+0000] {logging_mixin.py:190} INFO - ✅ [DAG] o exercício selecionado é CA-SUL-construtiva-6DE-2025-07-08.
[2025-07-08T13:12:56.248+0000] {python.py:240} INFO - Done. Returned value was: {'id': 'CA-SUL-construtiva-6DE-2025-07-08', 'metadata': {'id': 'CA-SUL-construtiva-6DE-2025-07-08', 'name': 'Jogo de Guerra', 'description': '6DE', 'simulationType': 'construtiva', 'origin': 'CA-SUL', 'startDate': '2025-07-08', 'endDate': '2025-07-10', 'trainedForce': '6 Divisão de Exército', 'wikiUrl': '', 'documents': [{'id': '1751979893598', 'name': 'Op Jacui IV - Anexo A - Inteligencia.pdf', 'description': '', 'path': 'exercises/CA-SUL-construtiva-6DE-2025-07-08/documents/Op Jacui IV - Anexo A - Inteligencia.pdf', 'size': 47523, 'mimetype': 'application/pdf', 'uploadedAt': '2025-07-08T13:04:53.598Z'}], 'simulations': [{'id': '172.19.0.14_2025-07-08', 'name': '172.19.0.14_2025-07-08', 'path': 'exercises/CA-SUL-construtiva-6DE-2025-07-08/simulations/172.19.0.14_2025-07-08', 'originalPath': 'staging/172.19.0.14_2025-07-08', 'movedAt': '2025-07-08T13:05:04.531Z'}], 'createdAt': '2025-07-08T13:02:46.325Z', 'updatedAt': '2025-07-08T13:05:04.532Z'}, 'manifest_entry': {'id': 'CA-SUL-construtiva-6DE-2025-07-08', 'data': {'origin': 'CA-SUL', 'path': 'exercises/CA-SUL-construtiva-6DE-2025-07-08', 'createdAt': '2025-07-08T13:02:46.325Z'}}}
[2025-07-08T13:12:56.343+0000] {taskinstance.py:349} INFO - ::group::Post task execution logs
[2025-07-08T13:12:56.345+0000] {taskinstance.py:361} INFO - Marking task as SUCCESS. dag_id=process_exercises, task_id=identify_ready_exercises, run_id=manual__2025-07-08T13:12:52.799918+00:00, execution_date=20250708T131252, start_date=20250708T131254, end_date=20250708T131256
[2025-07-08T13:12:56.507+0000] {local_task_job_runner.py:266} INFO - Task exited with return code 0
[2025-07-08T13:12:56.561+0000] {taskinstance.py:3924} INFO - 1 downstream tasks scheduled from follow-on schedule check
[2025-07-08T13:12:56.600+0000] {local_task_job_runner.py:245} INFO - ::endgroup::
