[2025-07-05T12:04:54.010+0000] {processor.py:186} INFO - Started process (PID=171) to work on /opt/airflow/dags/process_exercises.py
[2025-07-05T12:04:54.013+0000] {processor.py:914} INFO - Processing file /opt/airflow/dags/process_exercises.py for tasks to queue
[2025-07-05T12:04:54.019+0000] {logging_mixin.py:190} INFO - [2025-07-05T12:04:54.018+0000] {dagbag.py:588} INFO - Filling up the DagBag from /opt/airflow/dags/process_exercises.py
[2025-07-05T12:04:54.060+0000] {processor.py:925} INFO - DAG(s) 'process_exercises' retrieved from /opt/airflow/dags/process_exercises.py
[2025-07-05T12:04:54.443+0000] {logging_mixin.py:190} INFO - [2025-07-05T12:04:54.442+0000] {dag.py:3239} INFO - Sync 1 DAGs
[2025-07-05T12:04:54.588+0000] {logging_mixin.py:190} INFO - [2025-07-05T12:04:54.587+0000] {dag.py:4180} INFO - Setting next_dagrun for process_exercises to None, run_after=None
[2025-07-05T12:04:54.947+0000] {processor.py:208} INFO - Processing /opt/airflow/dags/process_exercises.py took 0.994 seconds
[2025-07-05T12:05:25.175+0000] {processor.py:186} INFO - Started process (PID=176) to work on /opt/airflow/dags/process_exercises.py
[2025-07-05T12:05:25.176+0000] {processor.py:914} INFO - Processing file /opt/airflow/dags/process_exercises.py for tasks to queue
[2025-07-05T12:05:25.179+0000] {logging_mixin.py:190} INFO - [2025-07-05T12:05:25.179+0000] {dagbag.py:588} INFO - Filling up the DagBag from /opt/airflow/dags/process_exercises.py
[2025-07-05T12:05:25.205+0000] {processor.py:925} INFO - DAG(s) 'process_exercises' retrieved from /opt/airflow/dags/process_exercises.py
[2025-07-05T12:05:25.240+0000] {logging_mixin.py:190} INFO - [2025-07-05T12:05:25.240+0000] {dag.py:3239} INFO - Sync 1 DAGs
[2025-07-05T12:05:25.260+0000] {logging_mixin.py:190} INFO - [2025-07-05T12:05:25.259+0000] {dag.py:4180} INFO - Setting next_dagrun for process_exercises to None, run_after=None
[2025-07-05T12:05:25.349+0000] {processor.py:208} INFO - Processing /opt/airflow/dags/process_exercises.py took 0.182 seconds
[2025-07-05T12:05:55.668+0000] {processor.py:186} INFO - Started process (PID=181) to work on /opt/airflow/dags/process_exercises.py
[2025-07-05T12:05:55.670+0000] {processor.py:914} INFO - Processing file /opt/airflow/dags/process_exercises.py for tasks to queue
[2025-07-05T12:05:55.673+0000] {logging_mixin.py:190} INFO - [2025-07-05T12:05:55.673+0000] {dagbag.py:588} INFO - Filling up the DagBag from /opt/airflow/dags/process_exercises.py
[2025-07-05T12:05:55.706+0000] {processor.py:925} INFO - DAG(s) 'process_exercises' retrieved from /opt/airflow/dags/process_exercises.py
[2025-07-05T12:05:55.739+0000] {logging_mixin.py:190} INFO - [2025-07-05T12:05:55.739+0000] {dag.py:3239} INFO - Sync 1 DAGs
[2025-07-05T12:05:55.759+0000] {logging_mixin.py:190} INFO - [2025-07-05T12:05:55.759+0000] {dag.py:4180} INFO - Setting next_dagrun for process_exercises to None, run_after=None
[2025-07-05T12:05:55.866+0000] {processor.py:208} INFO - Processing /opt/airflow/dags/process_exercises.py took 0.207 seconds
[2025-07-05T12:06:26.147+0000] {processor.py:186} INFO - Started process (PID=186) to work on /opt/airflow/dags/process_exercises.py
[2025-07-05T12:06:26.151+0000] {processor.py:914} INFO - Processing file /opt/airflow/dags/process_exercises.py for tasks to queue
[2025-07-05T12:06:26.160+0000] {logging_mixin.py:190} INFO - [2025-07-05T12:06:26.159+0000] {dagbag.py:588} INFO - Filling up the DagBag from /opt/airflow/dags/process_exercises.py
[2025-07-05T12:06:26.243+0000] {processor.py:925} INFO - DAG(s) 'process_exercises' retrieved from /opt/airflow/dags/process_exercises.py
[2025-07-05T12:06:26.327+0000] {logging_mixin.py:190} INFO - [2025-07-05T12:06:26.327+0000] {dag.py:3239} INFO - Sync 1 DAGs
[2025-07-05T12:06:26.357+0000] {logging_mixin.py:190} INFO - [2025-07-05T12:06:26.356+0000] {dag.py:4180} INFO - Setting next_dagrun for process_exercises to None, run_after=None
[2025-07-05T12:06:26.446+0000] {processor.py:208} INFO - Processing /opt/airflow/dags/process_exercises.py took 0.325 seconds
[2025-07-05T12:06:56.584+0000] {processor.py:186} INFO - Started process (PID=191) to work on /opt/airflow/dags/process_exercises.py
[2025-07-05T12:06:56.586+0000] {processor.py:914} INFO - Processing file /opt/airflow/dags/process_exercises.py for tasks to queue
[2025-07-05T12:06:56.591+0000] {logging_mixin.py:190} INFO - [2025-07-05T12:06:56.590+0000] {dagbag.py:588} INFO - Filling up the DagBag from /opt/airflow/dags/process_exercises.py
[2025-07-05T12:06:56.625+0000] {processor.py:925} INFO - DAG(s) 'process_exercises' retrieved from /opt/airflow/dags/process_exercises.py
[2025-07-05T12:06:56.673+0000] {logging_mixin.py:190} INFO - [2025-07-05T12:06:56.672+0000] {dag.py:3239} INFO - Sync 1 DAGs
[2025-07-05T12:06:56.701+0000] {logging_mixin.py:190} INFO - [2025-07-05T12:06:56.700+0000] {dag.py:4180} INFO - Setting next_dagrun for process_exercises to None, run_after=None
[2025-07-05T12:06:56.797+0000] {processor.py:208} INFO - Processing /opt/airflow/dags/process_exercises.py took 0.230 seconds
[2025-07-05T12:07:27.166+0000] {processor.py:186} INFO - Started process (PID=196) to work on /opt/airflow/dags/process_exercises.py
[2025-07-05T12:07:27.167+0000] {processor.py:914} INFO - Processing file /opt/airflow/dags/process_exercises.py for tasks to queue
[2025-07-05T12:07:27.170+0000] {logging_mixin.py:190} INFO - [2025-07-05T12:07:27.170+0000] {dagbag.py:588} INFO - Filling up the DagBag from /opt/airflow/dags/process_exercises.py
[2025-07-05T12:07:27.195+0000] {processor.py:925} INFO - DAG(s) 'process_exercises' retrieved from /opt/airflow/dags/process_exercises.py
[2025-07-05T12:07:27.228+0000] {logging_mixin.py:190} INFO - [2025-07-05T12:07:27.228+0000] {dag.py:3239} INFO - Sync 1 DAGs
[2025-07-05T12:07:27.248+0000] {logging_mixin.py:190} INFO - [2025-07-05T12:07:27.248+0000] {dag.py:4180} INFO - Setting next_dagrun for process_exercises to None, run_after=None
[2025-07-05T12:07:27.312+0000] {processor.py:208} INFO - Processing /opt/airflow/dags/process_exercises.py took 0.155 seconds
[2025-07-05T12:07:57.544+0000] {processor.py:186} INFO - Started process (PID=201) to work on /opt/airflow/dags/process_exercises.py
[2025-07-05T12:07:57.546+0000] {processor.py:914} INFO - Processing file /opt/airflow/dags/process_exercises.py for tasks to queue
[2025-07-05T12:07:57.549+0000] {logging_mixin.py:190} INFO - [2025-07-05T12:07:57.548+0000] {dagbag.py:588} INFO - Filling up the DagBag from /opt/airflow/dags/process_exercises.py
[2025-07-05T12:07:57.577+0000] {processor.py:925} INFO - DAG(s) 'process_exercises' retrieved from /opt/airflow/dags/process_exercises.py
[2025-07-05T12:07:57.612+0000] {logging_mixin.py:190} INFO - [2025-07-05T12:07:57.612+0000] {dag.py:3239} INFO - Sync 1 DAGs
[2025-07-05T12:07:57.632+0000] {logging_mixin.py:190} INFO - [2025-07-05T12:07:57.632+0000] {dag.py:4180} INFO - Setting next_dagrun for process_exercises to None, run_after=None
[2025-07-05T12:07:57.692+0000] {processor.py:208} INFO - Processing /opt/airflow/dags/process_exercises.py took 0.155 seconds
[2025-07-05T12:08:28.022+0000] {processor.py:186} INFO - Started process (PID=206) to work on /opt/airflow/dags/process_exercises.py
[2025-07-05T12:08:28.024+0000] {processor.py:914} INFO - Processing file /opt/airflow/dags/process_exercises.py for tasks to queue
[2025-07-05T12:08:28.027+0000] {logging_mixin.py:190} INFO - [2025-07-05T12:08:28.027+0000] {dagbag.py:588} INFO - Filling up the DagBag from /opt/airflow/dags/process_exercises.py
[2025-07-05T12:08:28.055+0000] {processor.py:925} INFO - DAG(s) 'process_exercises' retrieved from /opt/airflow/dags/process_exercises.py
[2025-07-05T12:08:28.097+0000] {logging_mixin.py:190} INFO - [2025-07-05T12:08:28.097+0000] {dag.py:3239} INFO - Sync 1 DAGs
[2025-07-05T12:08:28.120+0000] {logging_mixin.py:190} INFO - [2025-07-05T12:08:28.119+0000] {dag.py:4180} INFO - Setting next_dagrun for process_exercises to None, run_after=None
[2025-07-05T12:08:28.191+0000] {processor.py:208} INFO - Processing /opt/airflow/dags/process_exercises.py took 0.177 seconds
[2025-07-05T12:08:58.479+0000] {processor.py:186} INFO - Started process (PID=211) to work on /opt/airflow/dags/process_exercises.py
[2025-07-05T12:08:58.480+0000] {processor.py:914} INFO - Processing file /opt/airflow/dags/process_exercises.py for tasks to queue
[2025-07-05T12:08:58.483+0000] {logging_mixin.py:190} INFO - [2025-07-05T12:08:58.483+0000] {dagbag.py:588} INFO - Filling up the DagBag from /opt/airflow/dags/process_exercises.py
[2025-07-05T12:08:58.510+0000] {processor.py:925} INFO - DAG(s) 'process_exercises' retrieved from /opt/airflow/dags/process_exercises.py
[2025-07-05T12:08:58.546+0000] {logging_mixin.py:190} INFO - [2025-07-05T12:08:58.546+0000] {dag.py:3239} INFO - Sync 1 DAGs
[2025-07-05T12:08:58.565+0000] {logging_mixin.py:190} INFO - [2025-07-05T12:08:58.565+0000] {dag.py:4180} INFO - Setting next_dagrun for process_exercises to None, run_after=None
[2025-07-05T12:08:58.631+0000] {processor.py:208} INFO - Processing /opt/airflow/dags/process_exercises.py took 0.158 seconds
[2025-07-05T12:09:29.134+0000] {processor.py:186} INFO - Started process (PID=216) to work on /opt/airflow/dags/process_exercises.py
[2025-07-05T12:09:29.135+0000] {processor.py:914} INFO - Processing file /opt/airflow/dags/process_exercises.py for tasks to queue
[2025-07-05T12:09:29.138+0000] {logging_mixin.py:190} INFO - [2025-07-05T12:09:29.138+0000] {dagbag.py:588} INFO - Filling up the DagBag from /opt/airflow/dags/process_exercises.py
[2025-07-05T12:09:29.162+0000] {processor.py:925} INFO - DAG(s) 'process_exercises' retrieved from /opt/airflow/dags/process_exercises.py
[2025-07-05T12:09:29.197+0000] {logging_mixin.py:190} INFO - [2025-07-05T12:09:29.197+0000] {dag.py:3239} INFO - Sync 1 DAGs
[2025-07-05T12:09:29.218+0000] {logging_mixin.py:190} INFO - [2025-07-05T12:09:29.217+0000] {dag.py:4180} INFO - Setting next_dagrun for process_exercises to None, run_after=None
[2025-07-05T12:09:29.308+0000] {processor.py:208} INFO - Processing /opt/airflow/dags/process_exercises.py took 0.182 seconds
[2025-07-05T12:09:59.690+0000] {processor.py:186} INFO - Started process (PID=221) to work on /opt/airflow/dags/process_exercises.py
[2025-07-05T12:09:59.691+0000] {processor.py:914} INFO - Processing file /opt/airflow/dags/process_exercises.py for tasks to queue
[2025-07-05T12:09:59.695+0000] {logging_mixin.py:190} INFO - [2025-07-05T12:09:59.694+0000] {dagbag.py:588} INFO - Filling up the DagBag from /opt/airflow/dags/process_exercises.py
[2025-07-05T12:09:59.722+0000] {processor.py:925} INFO - DAG(s) 'process_exercises' retrieved from /opt/airflow/dags/process_exercises.py
[2025-07-05T12:09:59.761+0000] {logging_mixin.py:190} INFO - [2025-07-05T12:09:59.761+0000] {dag.py:3239} INFO - Sync 1 DAGs
[2025-07-05T12:09:59.781+0000] {logging_mixin.py:190} INFO - [2025-07-05T12:09:59.781+0000] {dag.py:4180} INFO - Setting next_dagrun for process_exercises to None, run_after=None
[2025-07-05T12:09:59.846+0000] {processor.py:208} INFO - Processing /opt/airflow/dags/process_exercises.py took 0.166 seconds
[2025-07-05T12:10:30.231+0000] {processor.py:186} INFO - Started process (PID=226) to work on /opt/airflow/dags/process_exercises.py
[2025-07-05T12:10:30.232+0000] {processor.py:914} INFO - Processing file /opt/airflow/dags/process_exercises.py for tasks to queue
[2025-07-05T12:10:30.236+0000] {logging_mixin.py:190} INFO - [2025-07-05T12:10:30.235+0000] {dagbag.py:588} INFO - Filling up the DagBag from /opt/airflow/dags/process_exercises.py
[2025-07-05T12:10:30.265+0000] {processor.py:925} INFO - DAG(s) 'process_exercises' retrieved from /opt/airflow/dags/process_exercises.py
[2025-07-05T12:10:30.304+0000] {logging_mixin.py:190} INFO - [2025-07-05T12:10:30.304+0000] {dag.py:3239} INFO - Sync 1 DAGs
[2025-07-05T12:10:30.328+0000] {logging_mixin.py:190} INFO - [2025-07-05T12:10:30.328+0000] {dag.py:4180} INFO - Setting next_dagrun for process_exercises to None, run_after=None
[2025-07-05T12:10:30.669+0000] {processor.py:208} INFO - Processing /opt/airflow/dags/process_exercises.py took 0.446 seconds
[2025-07-05T12:11:01.001+0000] {processor.py:186} INFO - Started process (PID=231) to work on /opt/airflow/dags/process_exercises.py
[2025-07-05T12:11:01.002+0000] {processor.py:914} INFO - Processing file /opt/airflow/dags/process_exercises.py for tasks to queue
[2025-07-05T12:11:01.004+0000] {logging_mixin.py:190} INFO - [2025-07-05T12:11:01.004+0000] {dagbag.py:588} INFO - Filling up the DagBag from /opt/airflow/dags/process_exercises.py
[2025-07-05T12:11:01.028+0000] {processor.py:925} INFO - DAG(s) 'process_exercises' retrieved from /opt/airflow/dags/process_exercises.py
[2025-07-05T12:11:01.069+0000] {logging_mixin.py:190} INFO - [2025-07-05T12:11:01.069+0000] {dag.py:3239} INFO - Sync 1 DAGs
[2025-07-05T12:11:01.093+0000] {logging_mixin.py:190} INFO - [2025-07-05T12:11:01.093+0000] {dag.py:4180} INFO - Setting next_dagrun for process_exercises to None, run_after=None
[2025-07-05T12:11:01.155+0000] {processor.py:208} INFO - Processing /opt/airflow/dags/process_exercises.py took 0.162 seconds
[2025-07-05T12:11:31.483+0000] {processor.py:186} INFO - Started process (PID=236) to work on /opt/airflow/dags/process_exercises.py
[2025-07-05T12:11:31.489+0000] {processor.py:914} INFO - Processing file /opt/airflow/dags/process_exercises.py for tasks to queue
[2025-07-05T12:11:31.501+0000] {logging_mixin.py:190} INFO - [2025-07-05T12:11:31.499+0000] {dagbag.py:588} INFO - Filling up the DagBag from /opt/airflow/dags/process_exercises.py
[2025-07-05T12:11:31.623+0000] {processor.py:925} INFO - DAG(s) 'process_exercises' retrieved from /opt/airflow/dags/process_exercises.py
[2025-07-05T12:11:31.776+0000] {logging_mixin.py:190} INFO - [2025-07-05T12:11:31.775+0000] {dag.py:3239} INFO - Sync 1 DAGs
[2025-07-05T12:11:31.821+0000] {logging_mixin.py:190} INFO - [2025-07-05T12:11:31.821+0000] {dag.py:4180} INFO - Setting next_dagrun for process_exercises to None, run_after=None
[2025-07-05T12:11:32.154+0000] {processor.py:208} INFO - Processing /opt/airflow/dags/process_exercises.py took 0.708 seconds
[2025-07-05T12:12:02.707+0000] {processor.py:186} INFO - Started process (PID=241) to work on /opt/airflow/dags/process_exercises.py
[2025-07-05T12:12:02.708+0000] {processor.py:914} INFO - Processing file /opt/airflow/dags/process_exercises.py for tasks to queue
[2025-07-05T12:12:02.710+0000] {logging_mixin.py:190} INFO - [2025-07-05T12:12:02.710+0000] {dagbag.py:588} INFO - Filling up the DagBag from /opt/airflow/dags/process_exercises.py
[2025-07-05T12:12:02.735+0000] {processor.py:925} INFO - DAG(s) 'process_exercises' retrieved from /opt/airflow/dags/process_exercises.py
[2025-07-05T12:12:02.767+0000] {logging_mixin.py:190} INFO - [2025-07-05T12:12:02.767+0000] {dag.py:3239} INFO - Sync 1 DAGs
[2025-07-05T12:12:02.784+0000] {logging_mixin.py:190} INFO - [2025-07-05T12:12:02.784+0000] {dag.py:4180} INFO - Setting next_dagrun for process_exercises to None, run_after=None
[2025-07-05T12:12:02.875+0000] {processor.py:208} INFO - Processing /opt/airflow/dags/process_exercises.py took 0.176 seconds
[2025-07-05T12:12:33.242+0000] {processor.py:186} INFO - Started process (PID=246) to work on /opt/airflow/dags/process_exercises.py
[2025-07-05T12:12:33.244+0000] {processor.py:914} INFO - Processing file /opt/airflow/dags/process_exercises.py for tasks to queue
[2025-07-05T12:12:33.249+0000] {logging_mixin.py:190} INFO - [2025-07-05T12:12:33.248+0000] {dagbag.py:588} INFO - Filling up the DagBag from /opt/airflow/dags/process_exercises.py
[2025-07-05T12:12:33.304+0000] {processor.py:925} INFO - DAG(s) 'process_exercises' retrieved from /opt/airflow/dags/process_exercises.py
[2025-07-05T12:12:33.365+0000] {logging_mixin.py:190} INFO - [2025-07-05T12:12:33.365+0000] {dag.py:3239} INFO - Sync 1 DAGs
[2025-07-05T12:12:33.393+0000] {logging_mixin.py:190} INFO - [2025-07-05T12:12:33.393+0000] {dag.py:4180} INFO - Setting next_dagrun for process_exercises to None, run_after=None
[2025-07-05T12:12:33.668+0000] {processor.py:208} INFO - Processing /opt/airflow/dags/process_exercises.py took 0.449 seconds
[2025-07-05T12:13:03.881+0000] {processor.py:186} INFO - Started process (PID=251) to work on /opt/airflow/dags/process_exercises.py
[2025-07-05T12:13:03.882+0000] {processor.py:914} INFO - Processing file /opt/airflow/dags/process_exercises.py for tasks to queue
[2025-07-05T12:13:03.885+0000] {logging_mixin.py:190} INFO - [2025-07-05T12:13:03.884+0000] {dagbag.py:588} INFO - Filling up the DagBag from /opt/airflow/dags/process_exercises.py
[2025-07-05T12:13:03.909+0000] {processor.py:925} INFO - DAG(s) 'process_exercises' retrieved from /opt/airflow/dags/process_exercises.py
[2025-07-05T12:13:03.939+0000] {logging_mixin.py:190} INFO - [2025-07-05T12:13:03.939+0000] {dag.py:3239} INFO - Sync 1 DAGs
[2025-07-05T12:13:03.956+0000] {logging_mixin.py:190} INFO - [2025-07-05T12:13:03.956+0000] {dag.py:4180} INFO - Setting next_dagrun for process_exercises to None, run_after=None
[2025-07-05T12:13:04.013+0000] {processor.py:208} INFO - Processing /opt/airflow/dags/process_exercises.py took 0.138 seconds
[2025-07-05T12:13:34.384+0000] {processor.py:186} INFO - Started process (PID=256) to work on /opt/airflow/dags/process_exercises.py
[2025-07-05T12:13:34.386+0000] {processor.py:914} INFO - Processing file /opt/airflow/dags/process_exercises.py for tasks to queue
[2025-07-05T12:13:34.389+0000] {logging_mixin.py:190} INFO - [2025-07-05T12:13:34.388+0000] {dagbag.py:588} INFO - Filling up the DagBag from /opt/airflow/dags/process_exercises.py
[2025-07-05T12:13:34.412+0000] {processor.py:925} INFO - DAG(s) 'process_exercises' retrieved from /opt/airflow/dags/process_exercises.py
[2025-07-05T12:13:34.445+0000] {logging_mixin.py:190} INFO - [2025-07-05T12:13:34.444+0000] {dag.py:3239} INFO - Sync 1 DAGs
[2025-07-05T12:13:34.757+0000] {logging_mixin.py:190} INFO - [2025-07-05T12:13:34.757+0000] {dag.py:4180} INFO - Setting next_dagrun for process_exercises to None, run_after=None
[2025-07-05T12:13:35.001+0000] {processor.py:208} INFO - Processing /opt/airflow/dags/process_exercises.py took 0.624 seconds
[2025-07-05T12:14:05.221+0000] {processor.py:186} INFO - Started process (PID=261) to work on /opt/airflow/dags/process_exercises.py
[2025-07-05T12:14:05.222+0000] {processor.py:914} INFO - Processing file /opt/airflow/dags/process_exercises.py for tasks to queue
[2025-07-05T12:14:05.225+0000] {logging_mixin.py:190} INFO - [2025-07-05T12:14:05.225+0000] {dagbag.py:588} INFO - Filling up the DagBag from /opt/airflow/dags/process_exercises.py
[2025-07-05T12:14:05.251+0000] {processor.py:925} INFO - DAG(s) 'process_exercises' retrieved from /opt/airflow/dags/process_exercises.py
[2025-07-05T12:14:05.284+0000] {logging_mixin.py:190} INFO - [2025-07-05T12:14:05.284+0000] {dag.py:3239} INFO - Sync 1 DAGs
[2025-07-05T12:14:05.303+0000] {logging_mixin.py:190} INFO - [2025-07-05T12:14:05.303+0000] {dag.py:4180} INFO - Setting next_dagrun for process_exercises to None, run_after=None
[2025-07-05T12:14:05.735+0000] {processor.py:208} INFO - Processing /opt/airflow/dags/process_exercises.py took 0.522 seconds
[2025-07-05T12:14:35.996+0000] {processor.py:186} INFO - Started process (PID=266) to work on /opt/airflow/dags/process_exercises.py
[2025-07-05T12:14:35.998+0000] {processor.py:914} INFO - Processing file /opt/airflow/dags/process_exercises.py for tasks to queue
[2025-07-05T12:14:36.000+0000] {logging_mixin.py:190} INFO - [2025-07-05T12:14:36.000+0000] {dagbag.py:588} INFO - Filling up the DagBag from /opt/airflow/dags/process_exercises.py
[2025-07-05T12:14:36.026+0000] {processor.py:925} INFO - DAG(s) 'process_exercises' retrieved from /opt/airflow/dags/process_exercises.py
[2025-07-05T12:14:36.059+0000] {logging_mixin.py:190} INFO - [2025-07-05T12:14:36.059+0000] {dag.py:3239} INFO - Sync 1 DAGs
[2025-07-05T12:14:36.078+0000] {logging_mixin.py:190} INFO - [2025-07-05T12:14:36.077+0000] {dag.py:4180} INFO - Setting next_dagrun for process_exercises to None, run_after=None
[2025-07-05T12:14:36.325+0000] {processor.py:208} INFO - Processing /opt/airflow/dags/process_exercises.py took 0.335 seconds
[2025-07-05T12:15:06.759+0000] {processor.py:186} INFO - Started process (PID=272) to work on /opt/airflow/dags/process_exercises.py
[2025-07-05T12:15:06.761+0000] {processor.py:914} INFO - Processing file /opt/airflow/dags/process_exercises.py for tasks to queue
[2025-07-05T12:15:06.764+0000] {logging_mixin.py:190} INFO - [2025-07-05T12:15:06.763+0000] {dagbag.py:588} INFO - Filling up the DagBag from /opt/airflow/dags/process_exercises.py
[2025-07-05T12:15:06.791+0000] {processor.py:925} INFO - DAG(s) 'process_exercises' retrieved from /opt/airflow/dags/process_exercises.py
[2025-07-05T12:15:06.826+0000] {logging_mixin.py:190} INFO - [2025-07-05T12:15:06.826+0000] {dag.py:3239} INFO - Sync 1 DAGs
[2025-07-05T12:15:06.846+0000] {logging_mixin.py:190} INFO - [2025-07-05T12:15:06.845+0000] {dag.py:4180} INFO - Setting next_dagrun for process_exercises to None, run_after=None
[2025-07-05T12:15:07.085+0000] {processor.py:208} INFO - Processing /opt/airflow/dags/process_exercises.py took 0.334 seconds
[2025-07-05T12:15:37.297+0000] {processor.py:186} INFO - Started process (PID=327) to work on /opt/airflow/dags/process_exercises.py
[2025-07-05T12:15:37.299+0000] {processor.py:914} INFO - Processing file /opt/airflow/dags/process_exercises.py for tasks to queue
[2025-07-05T12:15:37.302+0000] {logging_mixin.py:190} INFO - [2025-07-05T12:15:37.302+0000] {dagbag.py:588} INFO - Filling up the DagBag from /opt/airflow/dags/process_exercises.py
[2025-07-05T12:15:37.330+0000] {processor.py:925} INFO - DAG(s) 'process_exercises' retrieved from /opt/airflow/dags/process_exercises.py
[2025-07-05T12:15:37.375+0000] {logging_mixin.py:190} INFO - [2025-07-05T12:15:37.375+0000] {dag.py:3239} INFO - Sync 1 DAGs
[2025-07-05T12:15:37.401+0000] {logging_mixin.py:190} INFO - [2025-07-05T12:15:37.401+0000] {dag.py:4180} INFO - Setting next_dagrun for process_exercises to None, run_after=None
[2025-07-05T12:15:37.733+0000] {processor.py:208} INFO - Processing /opt/airflow/dags/process_exercises.py took 0.451 seconds
[2025-07-05T12:16:08.116+0000] {processor.py:186} INFO - Started process (PID=402) to work on /opt/airflow/dags/process_exercises.py
[2025-07-05T12:16:08.118+0000] {processor.py:914} INFO - Processing file /opt/airflow/dags/process_exercises.py for tasks to queue
[2025-07-05T12:16:08.124+0000] {logging_mixin.py:190} INFO - [2025-07-05T12:16:08.122+0000] {dagbag.py:588} INFO - Filling up the DagBag from /opt/airflow/dags/process_exercises.py
[2025-07-05T12:16:08.184+0000] {processor.py:925} INFO - DAG(s) 'process_exercises' retrieved from /opt/airflow/dags/process_exercises.py
[2025-07-05T12:16:08.263+0000] {logging_mixin.py:190} INFO - [2025-07-05T12:16:08.263+0000] {dag.py:3239} INFO - Sync 1 DAGs
[2025-07-05T12:16:08.304+0000] {logging_mixin.py:190} INFO - [2025-07-05T12:16:08.304+0000] {dag.py:4180} INFO - Setting next_dagrun for process_exercises to None, run_after=None
[2025-07-05T12:16:09.267+0000] {processor.py:208} INFO - Processing /opt/airflow/dags/process_exercises.py took 1.166 seconds
[2025-07-05T12:16:39.606+0000] {processor.py:186} INFO - Started process (PID=415) to work on /opt/airflow/dags/process_exercises.py
[2025-07-05T12:16:39.611+0000] {processor.py:914} INFO - Processing file /opt/airflow/dags/process_exercises.py for tasks to queue
[2025-07-05T12:16:39.624+0000] {logging_mixin.py:190} INFO - [2025-07-05T12:16:39.622+0000] {dagbag.py:588} INFO - Filling up the DagBag from /opt/airflow/dags/process_exercises.py
[2025-07-05T12:16:39.666+0000] {processor.py:925} INFO - DAG(s) 'process_exercises' retrieved from /opt/airflow/dags/process_exercises.py
[2025-07-05T12:16:39.727+0000] {logging_mixin.py:190} INFO - [2025-07-05T12:16:39.727+0000] {dag.py:3239} INFO - Sync 1 DAGs
[2025-07-05T12:16:39.787+0000] {logging_mixin.py:190} INFO - [2025-07-05T12:16:39.787+0000] {dag.py:4180} INFO - Setting next_dagrun for process_exercises to None, run_after=None
[2025-07-05T12:16:40.660+0000] {processor.py:208} INFO - Processing /opt/airflow/dags/process_exercises.py took 1.073 seconds
[2025-07-05T12:17:11.058+0000] {processor.py:186} INFO - Started process (PID=424) to work on /opt/airflow/dags/process_exercises.py
[2025-07-05T12:17:11.059+0000] {processor.py:914} INFO - Processing file /opt/airflow/dags/process_exercises.py for tasks to queue
[2025-07-05T12:17:11.067+0000] {logging_mixin.py:190} INFO - [2025-07-05T12:17:11.066+0000] {dagbag.py:588} INFO - Filling up the DagBag from /opt/airflow/dags/process_exercises.py
[2025-07-05T12:17:11.299+0000] {processor.py:925} INFO - DAG(s) 'process_exercises' retrieved from /opt/airflow/dags/process_exercises.py
[2025-07-05T12:17:11.398+0000] {logging_mixin.py:190} INFO - [2025-07-05T12:17:11.397+0000] {dag.py:3239} INFO - Sync 1 DAGs
[2025-07-05T12:17:11.469+0000] {logging_mixin.py:190} INFO - [2025-07-05T12:17:11.468+0000] {dag.py:4180} INFO - Setting next_dagrun for process_exercises to None, run_after=None
[2025-07-05T12:17:11.667+0000] {processor.py:208} INFO - Processing /opt/airflow/dags/process_exercises.py took 0.622 seconds
[2025-07-05T12:17:42.148+0000] {processor.py:186} INFO - Started process (PID=429) to work on /opt/airflow/dags/process_exercises.py
[2025-07-05T12:17:42.151+0000] {processor.py:914} INFO - Processing file /opt/airflow/dags/process_exercises.py for tasks to queue
[2025-07-05T12:17:42.155+0000] {logging_mixin.py:190} INFO - [2025-07-05T12:17:42.155+0000] {dagbag.py:588} INFO - Filling up the DagBag from /opt/airflow/dags/process_exercises.py
[2025-07-05T12:17:42.245+0000] {processor.py:925} INFO - DAG(s) 'process_exercises' retrieved from /opt/airflow/dags/process_exercises.py
[2025-07-05T12:17:42.342+0000] {logging_mixin.py:190} INFO - [2025-07-05T12:17:42.342+0000] {dag.py:3239} INFO - Sync 1 DAGs
[2025-07-05T12:17:42.387+0000] {logging_mixin.py:190} INFO - [2025-07-05T12:17:42.387+0000] {dag.py:4180} INFO - Setting next_dagrun for process_exercises to None, run_after=None
[2025-07-05T12:17:42.473+0000] {processor.py:208} INFO - Processing /opt/airflow/dags/process_exercises.py took 0.335 seconds
[2025-07-05T12:18:13.253+0000] {processor.py:186} INFO - Started process (PID=615) to work on /opt/airflow/dags/process_exercises.py
[2025-07-05T12:18:13.257+0000] {processor.py:914} INFO - Processing file /opt/airflow/dags/process_exercises.py for tasks to queue
[2025-07-05T12:18:13.269+0000] {logging_mixin.py:190} INFO - [2025-07-05T12:18:13.268+0000] {dagbag.py:588} INFO - Filling up the DagBag from /opt/airflow/dags/process_exercises.py
[2025-07-05T12:18:13.344+0000] {processor.py:925} INFO - DAG(s) 'process_exercises' retrieved from /opt/airflow/dags/process_exercises.py
[2025-07-05T12:18:13.437+0000] {logging_mixin.py:190} INFO - [2025-07-05T12:18:13.436+0000] {dag.py:3239} INFO - Sync 1 DAGs
[2025-07-05T12:18:13.481+0000] {logging_mixin.py:190} INFO - [2025-07-05T12:18:13.480+0000] {dag.py:4180} INFO - Setting next_dagrun for process_exercises to None, run_after=None
[2025-07-05T12:18:16.985+0000] {processor.py:208} INFO - Processing /opt/airflow/dags/process_exercises.py took 3.787 seconds
[2025-07-05T12:18:47.461+0000] {processor.py:186} INFO - Started process (PID=713) to work on /opt/airflow/dags/process_exercises.py
[2025-07-05T12:18:47.463+0000] {processor.py:914} INFO - Processing file /opt/airflow/dags/process_exercises.py for tasks to queue
[2025-07-05T12:18:47.466+0000] {logging_mixin.py:190} INFO - [2025-07-05T12:18:47.465+0000] {dagbag.py:588} INFO - Filling up the DagBag from /opt/airflow/dags/process_exercises.py
[2025-07-05T12:18:47.495+0000] {processor.py:925} INFO - DAG(s) 'process_exercises' retrieved from /opt/airflow/dags/process_exercises.py
[2025-07-05T12:18:47.535+0000] {logging_mixin.py:190} INFO - [2025-07-05T12:18:47.535+0000] {dag.py:3239} INFO - Sync 1 DAGs
[2025-07-05T12:18:47.556+0000] {logging_mixin.py:190} INFO - [2025-07-05T12:18:47.556+0000] {dag.py:4180} INFO - Setting next_dagrun for process_exercises to None, run_after=None
[2025-07-05T12:18:47.978+0000] {processor.py:208} INFO - Processing /opt/airflow/dags/process_exercises.py took 0.525 seconds
[2025-07-05T12:19:18.463+0000] {processor.py:186} INFO - Started process (PID=735) to work on /opt/airflow/dags/process_exercises.py
[2025-07-05T12:19:18.464+0000] {processor.py:914} INFO - Processing file /opt/airflow/dags/process_exercises.py for tasks to queue
[2025-07-05T12:19:18.468+0000] {logging_mixin.py:190} INFO - [2025-07-05T12:19:18.467+0000] {dagbag.py:588} INFO - Filling up the DagBag from /opt/airflow/dags/process_exercises.py
[2025-07-05T12:19:18.494+0000] {processor.py:925} INFO - DAG(s) 'process_exercises' retrieved from /opt/airflow/dags/process_exercises.py
[2025-07-05T12:19:18.531+0000] {logging_mixin.py:190} INFO - [2025-07-05T12:19:18.531+0000] {dag.py:3239} INFO - Sync 1 DAGs
[2025-07-05T12:19:18.551+0000] {logging_mixin.py:190} INFO - [2025-07-05T12:19:18.551+0000] {dag.py:4180} INFO - Setting next_dagrun for process_exercises to None, run_after=None
[2025-07-05T12:19:18.717+0000] {processor.py:208} INFO - Processing /opt/airflow/dags/process_exercises.py took 0.263 seconds
[2025-07-05T12:19:48.962+0000] {processor.py:186} INFO - Started process (PID=740) to work on /opt/airflow/dags/process_exercises.py
[2025-07-05T12:19:48.964+0000] {processor.py:914} INFO - Processing file /opt/airflow/dags/process_exercises.py for tasks to queue
[2025-07-05T12:19:48.966+0000] {logging_mixin.py:190} INFO - [2025-07-05T12:19:48.966+0000] {dagbag.py:588} INFO - Filling up the DagBag from /opt/airflow/dags/process_exercises.py
[2025-07-05T12:19:48.992+0000] {processor.py:925} INFO - DAG(s) 'process_exercises' retrieved from /opt/airflow/dags/process_exercises.py
[2025-07-05T12:19:49.028+0000] {logging_mixin.py:190} INFO - [2025-07-05T12:19:49.028+0000] {dag.py:3239} INFO - Sync 1 DAGs
[2025-07-05T12:19:49.048+0000] {logging_mixin.py:190} INFO - [2025-07-05T12:19:49.048+0000] {dag.py:4180} INFO - Setting next_dagrun for process_exercises to None, run_after=None
[2025-07-05T12:19:49.187+0000] {processor.py:208} INFO - Processing /opt/airflow/dags/process_exercises.py took 0.233 seconds
[2025-07-05T12:20:19.632+0000] {processor.py:186} INFO - Started process (PID=745) to work on /opt/airflow/dags/process_exercises.py
[2025-07-05T12:20:19.633+0000] {processor.py:914} INFO - Processing file /opt/airflow/dags/process_exercises.py for tasks to queue
[2025-07-05T12:20:19.636+0000] {logging_mixin.py:190} INFO - [2025-07-05T12:20:19.636+0000] {dagbag.py:588} INFO - Filling up the DagBag from /opt/airflow/dags/process_exercises.py
[2025-07-05T12:20:19.663+0000] {processor.py:925} INFO - DAG(s) 'process_exercises' retrieved from /opt/airflow/dags/process_exercises.py
[2025-07-05T12:20:19.696+0000] {logging_mixin.py:190} INFO - [2025-07-05T12:20:19.695+0000] {dag.py:3239} INFO - Sync 1 DAGs
[2025-07-05T12:20:19.716+0000] {logging_mixin.py:190} INFO - [2025-07-05T12:20:19.716+0000] {dag.py:4180} INFO - Setting next_dagrun for process_exercises to None, run_after=None
[2025-07-05T12:20:20.193+0000] {processor.py:208} INFO - Processing /opt/airflow/dags/process_exercises.py took 0.568 seconds
[2025-07-05T12:20:50.791+0000] {processor.py:186} INFO - Started process (PID=750) to work on /opt/airflow/dags/process_exercises.py
[2025-07-05T12:20:50.794+0000] {processor.py:914} INFO - Processing file /opt/airflow/dags/process_exercises.py for tasks to queue
[2025-07-05T12:20:50.799+0000] {logging_mixin.py:190} INFO - [2025-07-05T12:20:50.798+0000] {dagbag.py:588} INFO - Filling up the DagBag from /opt/airflow/dags/process_exercises.py
[2025-07-05T12:20:50.852+0000] {processor.py:925} INFO - DAG(s) 'process_exercises' retrieved from /opt/airflow/dags/process_exercises.py
[2025-07-05T12:20:50.919+0000] {logging_mixin.py:190} INFO - [2025-07-05T12:20:50.919+0000] {dag.py:3239} INFO - Sync 1 DAGs
[2025-07-05T12:20:50.939+0000] {logging_mixin.py:190} INFO - [2025-07-05T12:20:50.938+0000] {dag.py:4180} INFO - Setting next_dagrun for process_exercises to None, run_after=None
[2025-07-05T12:20:50.993+0000] {processor.py:208} INFO - Processing /opt/airflow/dags/process_exercises.py took 0.218 seconds
