[2025-07-08T18:54:18.074+0000] {local_task_job_runner.py:123} INFO - ::group::Pre task execution logs
[2025-07-08T18:54:18.117+0000] {taskinstance.py:2631} INFO - Dependencies all met for dep_context=non-requeueable deps ti=<TaskInstance: process_exercises.identify_ready_exercises manual__2025-07-08T18:54:15.740061+00:00 [queued]>
[2025-07-08T18:54:18.133+0000] {taskinstance.py:2631} INFO - Dependencies all met for dep_context=requeueable deps ti=<TaskInstance: process_exercises.identify_ready_exercises manual__2025-07-08T18:54:15.740061+00:00 [queued]>
[2025-07-08T18:54:18.134+0000] {taskinstance.py:2884} INFO - Starting attempt 1 of 1
[2025-07-08T18:54:18.179+0000] {taskinstance.py:2907} INFO - Executing <Task(PythonOperator): identify_ready_exercises> on 2025-07-08 18:54:15.740061+00:00
[2025-07-08T18:54:18.190+0000] {standard_task_runner.py:104} INFO - Running: ['airflow', 'tasks', 'run', 'process_exercises', 'identify_ready_exercises', 'manual__2025-07-08T18:54:15.740061+00:00', '--job-id', '188', '--raw', '--subdir', 'DAGS_FOLDER/process_exercises.py', '--cfg-path', '/tmp/tmpbznu450f']
[2025-07-08T18:54:18.194+0000] {standard_task_runner.py:105} INFO - Job 188: Subtask identify_ready_exercises
[2025-07-08T18:54:18.199+0000] {logging_mixin.py:190} WARNING - /home/airflow/.local/lib/python3.12/site-packages/airflow/task/task_runner/standard_task_runner.py:70 DeprecationWarning: This process (pid=12322) is multi-threaded, use of fork() may lead to deadlocks in the child.
[2025-07-08T18:54:18.201+0000] {standard_task_runner.py:72} INFO - Started process 12323 to run task
[2025-07-08T18:54:18.309+0000] {task_command.py:467} INFO - Running <TaskInstance: process_exercises.identify_ready_exercises manual__2025-07-08T18:54:15.740061+00:00 [running]> on host 3748f1b8240a
[2025-07-08T18:54:18.563+0000] {taskinstance.py:3157} INFO - Exporting env vars: AIRFLOW_CTX_DAG_OWNER='airflow' AIRFLOW_CTX_DAG_ID='process_exercises' AIRFLOW_CTX_TASK_ID='identify_ready_exercises' AIRFLOW_CTX_EXECUTION_DATE='2025-07-08T18:54:15.740061+00:00' AIRFLOW_CTX_TRY_NUMBER='1' AIRFLOW_CTX_DAG_RUN_ID='manual__2025-07-08T18:54:15.740061+00:00'
[2025-07-08T18:54:18.565+0000] {taskinstance.py:740} INFO - ::endgroup::
[2025-07-08T18:54:18.638+0000] {base.py:84} INFO - Retrieving connection 'minio-ebsim'
[2025-07-08T18:54:18.639+0000] {connection_wrapper.py:328} INFO - AWS Connection (conn_id='minio-ebsim', conn_type='aws') credentials retrieved from extra.
[2025-07-08T18:54:19.232+0000] {logging_mixin.py:190} INFO - [DAG] exercício pronto: CA-LESTE-construtiva-4DE-2025-07-08
[2025-07-08T18:54:19.232+0000] {logging_mixin.py:190} INFO - ✅ [DAG] total de exercícios prontos: 1.
[2025-07-08T18:54:19.233+0000] {logging_mixin.py:190} INFO - ✅ [DAG] o exercício selecionado é CA-LESTE-construtiva-4DE-2025-07-08.
[2025-07-08T18:54:19.234+0000] {python.py:240} INFO - Done. Returned value was: {'id': 'CA-LESTE-construtiva-4DE-2025-07-08', 'metadata': {'id': 'CA-LESTE-construtiva-4DE-2025-07-08', 'name': 'Jogo de Guerra', 'description': '4DE', 'simulationType': 'construtiva', 'origin': 'CA-LESTE', 'startDate': '2025-07-08', 'endDate': '2025-07-10', 'trainedForce': '4 Divisão de Exército', 'wikiUrl': '', 'documents': [{'id': '1751999288885', 'name': 'Op Jacui IV - Ordem de Operacoes.pdf', 'description': '', 'path': 'exercises/CA-LESTE-construtiva-4DE-2025-07-08/documents/Op Jacui IV - Ordem de Operacoes.pdf', 'size': 336744, 'mimetype': 'application/pdf', 'uploadedAt': '2025-07-08T18:28:08.885Z'}], 'simulations': [{'id': '172.19.0.14_2025-07-08', 'name': '172.19.0.14_2025-07-08', 'path': 'exercises/CA-LESTE-construtiva-4DE-2025-07-08/simulations/172.19.0.14_2025-07-08', 'originalPath': 'staging/172.19.0.14_2025-07-08', 'movedAt': '2025-07-08T18:28:17.872Z'}], 'createdAt': '2025-07-08T18:27:58.496Z', 'updatedAt': '2025-07-08T18:28:17.873Z'}, 'manifest_entry': {'id': 'CA-LESTE-construtiva-4DE-2025-07-08', 'data': {'origin': 'CA-LESTE', 'path': 'exercises/CA-LESTE-construtiva-4DE-2025-07-08', 'createdAt': '2025-07-08T18:27:58.496Z'}}}
[2025-07-08T18:54:19.361+0000] {taskinstance.py:349} INFO - ::group::Post task execution logs
[2025-07-08T18:54:19.362+0000] {taskinstance.py:361} INFO - Marking task as SUCCESS. dag_id=process_exercises, task_id=identify_ready_exercises, run_id=manual__2025-07-08T18:54:15.740061+00:00, execution_date=20250708T185415, start_date=20250708T185418, end_date=20250708T185419
[2025-07-08T18:54:19.594+0000] {local_task_job_runner.py:266} INFO - Task exited with return code 0
[2025-07-08T18:54:19.674+0000] {taskinstance.py:3924} INFO - 1 downstream tasks scheduled from follow-on schedule check
[2025-07-08T18:54:19.713+0000] {local_task_job_runner.py:245} INFO - ::endgroup::
