[2025-07-08T18:56:57.042+0000] {local_task_job_runner.py:123} INFO - ::group::Pre task execution logs
[2025-07-08T18:56:57.079+0000] {taskinstance.py:2631} INFO - Dependencies all met for dep_context=non-requeueable deps ti=<TaskInstance: process_exercises.process_exercises manual__2025-07-08T18:56:53.359915+00:00 [queued]>
[2025-07-08T18:56:57.089+0000] {taskinstance.py:2631} INFO - Dependencies all met for dep_context=requeueable deps ti=<TaskInstance: process_exercises.process_exercises manual__2025-07-08T18:56:53.359915+00:00 [queued]>
[2025-07-08T18:56:57.090+0000] {taskinstance.py:2884} INFO - Starting attempt 1 of 1
[2025-07-08T18:56:57.168+0000] {taskinstance.py:2907} INFO - Executing <Task(SparkSubmitOperator): process_exercises> on 2025-07-08 18:56:53.359915+00:00
[2025-07-08T18:56:57.180+0000] {standard_task_runner.py:104} INFO - Running: ['airflow', 'tasks', 'run', 'process_exercises', 'process_exercises', 'manual__2025-07-08T18:56:53.359915+00:00', '--job-id', '191', '--raw', '--subdir', 'DAGS_FOLDER/process_exercises.py', '--cfg-path', '/tmp/tmpu4ewk8ae']
[2025-07-08T18:56:57.186+0000] {standard_task_runner.py:105} INFO - Job 191: Subtask process_exercises
[2025-07-08T18:56:57.186+0000] {logging_mixin.py:190} WARNING - /home/airflow/.local/lib/python3.12/site-packages/airflow/task/task_runner/standard_task_runner.py:70 DeprecationWarning: This process (pid=12596) is multi-threaded, use of fork() may lead to deadlocks in the child.
[2025-07-08T18:56:57.187+0000] {standard_task_runner.py:72} INFO - Started process 12597 to run task
[2025-07-08T18:56:57.301+0000] {task_command.py:467} INFO - Running <TaskInstance: process_exercises.process_exercises manual__2025-07-08T18:56:53.359915+00:00 [running]> on host 3748f1b8240a
[2025-07-08T18:56:57.542+0000] {taskinstance.py:3157} INFO - Exporting env vars: AIRFLOW_CTX_DAG_OWNER='airflow' AIRFLOW_CTX_DAG_ID='process_exercises' AIRFLOW_CTX_TASK_ID='process_exercises' AIRFLOW_CTX_EXECUTION_DATE='2025-07-08T18:56:53.359915+00:00' AIRFLOW_CTX_TRY_NUMBER='1' AIRFLOW_CTX_DAG_RUN_ID='manual__2025-07-08T18:56:53.359915+00:00'
[2025-07-08T18:56:57.544+0000] {taskinstance.py:740} INFO - ::endgroup::
[2025-07-08T18:56:57.618+0000] {base.py:84} INFO - Retrieving connection 'spark-ebsim'
[2025-07-08T18:56:57.628+0000] {spark_submit.py:474} INFO - Spark-Submit cmd: spark-submit --master spark://spark-master:7077 --jars /opt/bitnami/spark/jars/iceberg-spark-runtime-3.5_2.12-1.8.1.jar,/opt/bitnami/spark/jars/nessie-spark-extensions-3.5_2.12-0.103.2.jar,/opt/bitnami/spark/jars/nessie-client-0.103.2.jar,/opt/bitnami/spark/jars/hadoop-aws-3.3.2.jar,/opt/bitnami/spark/jars/aws-java-sdk-bundle-1.12.262.jar, --name arrow-spark --deploy-mode client /opt/bitnami/spark/jobs/process_exercises_job.py {"id": "CA-LESTE-construtiva-4DE-2025-07-08", "manifest_entry": {"data": {"createdAt": "2025-07-08T18:27:58.496Z", "origin": "CA-LESTE", "path": "exercises/CA-LESTE-construtiva-4DE-2025-07-08"}, "id": "CA-LESTE-construtiva-4DE-2025-07-08"}, "metadata": {"createdAt": "2025-07-08T18:27:58.496Z", "description": "4DE", "documents": [{"description": "", "id": "1751999288885", "mimetype": "application/pdf", "name": "Op Jacui IV - Ordem de Operacoes.pdf", "path": "exercises/CA-LESTE-construtiva-4DE-2025-07-08/documents/Op Jacui IV - Ordem de Operacoes.pdf", "size": 336744, "uploadedAt": "2025-07-08T18:28:08.885Z"}], "endDate": "2025-07-10", "id": "CA-LESTE-construtiva-4DE-2025-07-08", "name": "Jogo de Guerra", "origin": "CA-LESTE", "simulationType": "construtiva", "simulations": [{"id": "172.19.0.14_2025-07-08", "movedAt": "2025-07-08T18:28:17.872Z", "name": "172.19.0.14_2025-07-08", "originalPath": "staging/172.19.0.14_2025-07-08", "path": "exercises/CA-LESTE-construtiva-4DE-2025-07-08/simulations/172.19.0.14_2025-07-08"}], "startDate": "2025-07-08", "trainedForce": "4 Divis\u00e3o de Ex\u00e9rcito", "updatedAt": "2025-07-08T18:28:17.873Z", "wikiUrl": ""}}
[2025-07-08T18:57:00.365+0000] {spark_submit.py:644} INFO - 25/07/08 18:57:00 WARN NativeCodeLoader: Unable to load native-hadoop library for your platform... using builtin-java classes where applicable
[2025-07-08T18:57:01.996+0000] {spark_submit.py:644} INFO - [PROCESS EXERCISES] ℹ️ Iniciando processamento de exercícios
[2025-07-08T18:57:01.997+0000] {spark_submit.py:644} INFO - [PROCESS EXERCISES] ℹ️ Exercício selecionado: CA-LESTE-construtiva-4DE-2025-07-08
[2025-07-08T18:57:01.998+0000] {spark_submit.py:644} INFO - [PROCESS EXERCISES] 🔄 Criando sessão Spark
[2025-07-08T18:57:02.522+0000] {spark_submit.py:644} INFO - 25/07/08 18:57:02 INFO SparkContext: Running Spark version 3.5.5
[2025-07-08T18:57:02.523+0000] {spark_submit.py:644} INFO - 25/07/08 18:57:02 INFO SparkContext: OS info Linux, 5.15.167.4-microsoft-standard-WSL2, amd64
[2025-07-08T18:57:02.524+0000] {spark_submit.py:644} INFO - 25/07/08 18:57:02 INFO SparkContext: Java version 17.0.15
[2025-07-08T18:57:02.549+0000] {spark_submit.py:644} INFO - 25/07/08 18:57:02 INFO ResourceUtils: ==============================================================
[2025-07-08T18:57:02.550+0000] {spark_submit.py:644} INFO - 25/07/08 18:57:02 INFO ResourceUtils: No custom resources configured for spark.driver.
[2025-07-08T18:57:02.550+0000] {spark_submit.py:644} INFO - 25/07/08 18:57:02 INFO ResourceUtils: ==============================================================
[2025-07-08T18:57:02.551+0000] {spark_submit.py:644} INFO - 25/07/08 18:57:02 INFO SparkContext: Submitted application: ProcessExercises
[2025-07-08T18:57:02.567+0000] {spark_submit.py:644} INFO - 25/07/08 18:57:02 INFO ResourceProfile: Default ResourceProfile created, executor resources: Map(memory -> name: memory, amount: 1024, script: , vendor: , offHeap -> name: offHeap, amount: 0, script: , vendor: ), task resources: Map(cpus -> name: cpus, amount: 1.0)
[2025-07-08T18:57:02.574+0000] {spark_submit.py:644} INFO - 25/07/08 18:57:02 INFO ResourceProfile: Limiting resource is cpu
[2025-07-08T18:57:02.575+0000] {spark_submit.py:644} INFO - 25/07/08 18:57:02 INFO ResourceProfileManager: Added ResourceProfile id: 0
[2025-07-08T18:57:02.618+0000] {spark_submit.py:644} INFO - 25/07/08 18:57:02 INFO SecurityManager: Changing view acls to: airflow
[2025-07-08T18:57:02.619+0000] {spark_submit.py:644} INFO - 25/07/08 18:57:02 INFO SecurityManager: Changing modify acls to: airflow
[2025-07-08T18:57:02.620+0000] {spark_submit.py:644} INFO - 25/07/08 18:57:02 INFO SecurityManager: Changing view acls groups to:
[2025-07-08T18:57:02.621+0000] {spark_submit.py:644} INFO - 25/07/08 18:57:02 INFO SecurityManager: Changing modify acls groups to:
[2025-07-08T18:57:02.621+0000] {spark_submit.py:644} INFO - 25/07/08 18:57:02 INFO SecurityManager: SecurityManager: authentication disabled; ui acls disabled; users with view permissions: airflow; groups with view permissions: EMPTY; users with modify permissions: airflow; groups with modify permissions: EMPTY
[2025-07-08T18:57:02.795+0000] {spark_submit.py:644} INFO - 25/07/08 18:57:02 INFO Utils: Successfully started service 'sparkDriver' on port 40289.
[2025-07-08T18:57:02.815+0000] {spark_submit.py:644} INFO - 25/07/08 18:57:02 INFO SparkEnv: Registering MapOutputTracker
[2025-07-08T18:57:02.841+0000] {spark_submit.py:644} INFO - 25/07/08 18:57:02 INFO SparkEnv: Registering BlockManagerMaster
[2025-07-08T18:57:02.853+0000] {spark_submit.py:644} INFO - 25/07/08 18:57:02 INFO BlockManagerMasterEndpoint: Using org.apache.spark.storage.DefaultTopologyMapper for getting topology information
[2025-07-08T18:57:02.854+0000] {spark_submit.py:644} INFO - 25/07/08 18:57:02 INFO BlockManagerMasterEndpoint: BlockManagerMasterEndpoint up
[2025-07-08T18:57:02.857+0000] {spark_submit.py:644} INFO - 25/07/08 18:57:02 INFO SparkEnv: Registering BlockManagerMasterHeartbeat
[2025-07-08T18:57:02.873+0000] {spark_submit.py:644} INFO - 25/07/08 18:57:02 INFO DiskBlockManager: Created local directory at /tmp/blockmgr-49425c54-a5a9-4d81-9488-a49a2363e779
[2025-07-08T18:57:02.884+0000] {spark_submit.py:644} INFO - 25/07/08 18:57:02 INFO MemoryStore: MemoryStore started with capacity 434.4 MiB
[2025-07-08T18:57:02.896+0000] {spark_submit.py:644} INFO - 25/07/08 18:57:02 INFO SparkEnv: Registering OutputCommitCoordinator
[2025-07-08T18:57:03.058+0000] {spark_submit.py:644} INFO - 25/07/08 18:57:03 INFO JettyUtils: Start Jetty 0.0.0.0:4040 for SparkUI
[2025-07-08T18:57:03.106+0000] {spark_submit.py:644} INFO - 25/07/08 18:57:03 INFO Utils: Successfully started service 'SparkUI' on port 4040.
[2025-07-08T18:57:03.141+0000] {spark_submit.py:644} INFO - 25/07/08 18:57:03 INFO SparkContext: Added JAR file:///opt/bitnami/spark/jars/iceberg-spark-runtime-3.5_2.12-1.8.1.jar at spark://3748f1b8240a:40289/jars/iceberg-spark-runtime-3.5_2.12-1.8.1.jar with timestamp 1752001022516
[2025-07-08T18:57:03.142+0000] {spark_submit.py:644} INFO - 25/07/08 18:57:03 INFO SparkContext: Added JAR file:///opt/bitnami/spark/jars/nessie-spark-extensions-3.5_2.12-0.103.2.jar at spark://3748f1b8240a:40289/jars/nessie-spark-extensions-3.5_2.12-0.103.2.jar with timestamp 1752001022516
[2025-07-08T18:57:03.143+0000] {spark_submit.py:644} INFO - 25/07/08 18:57:03 INFO SparkContext: Added JAR file:///opt/bitnami/spark/jars/nessie-client-0.103.2.jar at spark://3748f1b8240a:40289/jars/nessie-client-0.103.2.jar with timestamp 1752001022516
[2025-07-08T18:57:03.144+0000] {spark_submit.py:644} INFO - 25/07/08 18:57:03 INFO SparkContext: Added JAR file:///opt/bitnami/spark/jars/hadoop-aws-3.3.2.jar at spark://3748f1b8240a:40289/jars/hadoop-aws-3.3.2.jar with timestamp 1752001022516
[2025-07-08T18:57:03.145+0000] {spark_submit.py:644} INFO - 25/07/08 18:57:03 INFO SparkContext: Added JAR file:///opt/bitnami/spark/jars/aws-java-sdk-bundle-1.12.262.jar at spark://3748f1b8240a:40289/jars/aws-java-sdk-bundle-1.12.262.jar with timestamp 1752001022516
[2025-07-08T18:57:03.216+0000] {spark_submit.py:644} INFO - 25/07/08 18:57:03 INFO StandaloneAppClient$ClientEndpoint: Connecting to master spark://spark-master:7077...
[2025-07-08T18:57:03.319+0000] {spark_submit.py:644} INFO - 25/07/08 18:57:03 INFO TransportClientFactory: Successfully created connection to spark-master/172.19.0.2:7077 after 41 ms (0 ms spent in bootstraps)
[2025-07-08T18:57:03.449+0000] {spark_submit.py:644} INFO - 25/07/08 18:57:03 INFO StandaloneSchedulerBackend: Connected to Spark cluster with app ID app-20250708185703-0021
[2025-07-08T18:57:03.451+0000] {spark_submit.py:644} INFO - 25/07/08 18:57:03 INFO StandaloneAppClient$ClientEndpoint: Executor added: app-20250708185703-0021/0 on worker-20250708130010-172.19.0.8-33627 (172.19.0.8:33627) with 2 core(s)
[2025-07-08T18:57:03.453+0000] {spark_submit.py:644} INFO - 25/07/08 18:57:03 INFO StandaloneSchedulerBackend: Granted executor ID app-20250708185703-0021/0 on hostPort 172.19.0.8:33627 with 2 core(s), 1024.0 MiB RAM
[2025-07-08T18:57:03.460+0000] {spark_submit.py:644} INFO - 25/07/08 18:57:03 INFO Utils: Successfully started service 'org.apache.spark.network.netty.NettyBlockTransferService' on port 33445.
[2025-07-08T18:57:03.461+0000] {spark_submit.py:644} INFO - 25/07/08 18:57:03 INFO NettyBlockTransferService: Server created on 3748f1b8240a:33445
[2025-07-08T18:57:03.463+0000] {spark_submit.py:644} INFO - 25/07/08 18:57:03 INFO BlockManager: Using org.apache.spark.storage.RandomBlockReplicationPolicy for block replication policy
[2025-07-08T18:57:03.468+0000] {spark_submit.py:644} INFO - 25/07/08 18:57:03 INFO BlockManagerMaster: Registering BlockManager BlockManagerId(driver, 3748f1b8240a, 33445, None)
[2025-07-08T18:57:03.471+0000] {spark_submit.py:644} INFO - 25/07/08 18:57:03 INFO BlockManagerMasterEndpoint: Registering block manager 3748f1b8240a:33445 with 434.4 MiB RAM, BlockManagerId(driver, 3748f1b8240a, 33445, None)
[2025-07-08T18:57:03.473+0000] {spark_submit.py:644} INFO - 25/07/08 18:57:03 INFO BlockManagerMaster: Registered BlockManager BlockManagerId(driver, 3748f1b8240a, 33445, None)
[2025-07-08T18:57:03.474+0000] {spark_submit.py:644} INFO - 25/07/08 18:57:03 INFO BlockManager: Initialized BlockManager: BlockManagerId(driver, 3748f1b8240a, 33445, None)
[2025-07-08T18:57:03.526+0000] {spark_submit.py:644} INFO - 25/07/08 18:57:03 INFO StandaloneAppClient$ClientEndpoint: Executor updated: app-20250708185703-0021/0 is now RUNNING
[2025-07-08T18:57:03.717+0000] {spark_submit.py:644} INFO - 25/07/08 18:57:03 INFO StandaloneSchedulerBackend: SchedulerBackend is ready for scheduling beginning after reached minRegisteredResourcesRatio: 0.0
[2025-07-08T18:57:04.093+0000] {spark_submit.py:644} INFO - [PROCESS EXERCISES] ✅ Sessão Spark criada com sucesso
[2025-07-08T18:57:04.094+0000] {spark_submit.py:644} INFO - [PROCESS EXERCISES] ✅ Processador de exercícios inicializado
[2025-07-08T18:57:04.094+0000] {spark_submit.py:644} INFO - [PROCESS EXERCISES] 🔄 Criando namespace nessie.exercises
[2025-07-08T18:57:04.104+0000] {spark_submit.py:644} INFO - 25/07/08 18:57:04 INFO SharedState: Setting hive.metastore.warehouse.dir ('null') to the value of spark.sql.warehouse.dir.
[2025-07-08T18:57:04.108+0000] {spark_submit.py:644} INFO - 25/07/08 18:57:04 INFO SharedState: Warehouse path is 'file:/opt/airflow/spark-warehouse'.
[2025-07-08T18:57:06.758+0000] {spark_submit.py:644} INFO - 25/07/08 18:57:06 INFO CatalogUtil: Loading custom FileIO implementation: org.apache.iceberg.hadoop.HadoopFileIO
[2025-07-08T18:57:07.020+0000] {spark_submit.py:644} INFO - 25/07/08 18:57:07 INFO StandaloneSchedulerBackend$StandaloneDriverEndpoint: Registered executor NettyRpcEndpointRef(spark-client://Executor) (172.19.0.8:38280) with ID 0,  ResourceProfileId 0
[2025-07-08T18:57:07.138+0000] {spark_submit.py:644} INFO - 25/07/08 18:57:07 INFO BlockManagerMasterEndpoint: Registering block manager 172.19.0.8:37007 with 434.4 MiB RAM, BlockManagerId(0, 172.19.0.8, 37007, None)
[2025-07-08T18:57:08.700+0000] {spark_submit.py:644} INFO - [PROCESS EXERCISES] ✅ Namespace criado/verificado com sucesso
[2025-07-08T18:57:08.701+0000] {spark_submit.py:644} INFO - [PROCESS EXERCISES] 🔄 === FASE 1: PROCESSAMENTO DE DOCUMENTOS ===
[2025-07-08T18:57:08.702+0000] {spark_submit.py:644} INFO - [PROCESS EXERCISES] 🔄 Iniciando processamento de documentos PDF
[2025-07-08T18:57:08.703+0000] {spark_submit.py:644} INFO - [PROCESS EXERCISES] ℹ️ Encontrados 1 documentos
[2025-07-08T18:57:08.704+0000] {spark_submit.py:644} INFO - [PROCESS EXERCISES] 🔄 Processando documento: Op Jacui IV - Ordem de Operacoes.pdf
[2025-07-08T18:57:08.705+0000] {spark_submit.py:644} INFO - [PROCESS EXERCISES] ℹ️ Carregando PDF de: s3a://bronze/exercises/CA-LESTE-construtiva-4DE-2025-07-08/documents/Op Jacui IV - Ordem de Operacoes.pdf
[2025-07-08T18:57:08.983+0000] {spark_submit.py:644} INFO - 25/07/08 18:57:08 WARN MetricsConfig: Cannot locate configuration: tried hadoop-metrics2-s3a-file-system.properties,hadoop-metrics2.properties
[2025-07-08T18:57:08.994+0000] {spark_submit.py:644} INFO - 25/07/08 18:57:08 INFO MetricsSystemImpl: Scheduled Metric snapshot period at 10 second(s).
[2025-07-08T18:57:08.995+0000] {spark_submit.py:644} INFO - 25/07/08 18:57:08 INFO MetricsSystemImpl: s3a-file-system metrics system started
[2025-07-08T18:57:10.751+0000] {spark_submit.py:644} INFO - 25/07/08 18:57:10 INFO InMemoryFileIndex: It took 49 ms to list leaf files for 1 paths.
[2025-07-08T18:57:11.102+0000] {spark_submit.py:644} INFO - 25/07/08 18:57:11 INFO FileSourceStrategy: Pushed Filters:
[2025-07-08T18:57:11.102+0000] {spark_submit.py:644} INFO - 25/07/08 18:57:11 INFO FileSourceStrategy: Post-Scan Filters:
[2025-07-08T18:57:11.610+0000] {spark_submit.py:644} INFO - 25/07/08 18:57:11 INFO CodeGenerator: Code generated in 209.974479 ms
[2025-07-08T18:57:11.683+0000] {spark_submit.py:644} INFO - 25/07/08 18:57:11 INFO MemoryStore: Block broadcast_0 stored as values in memory (estimated size 203.5 KiB, free 434.2 MiB)
[2025-07-08T18:57:12.162+0000] {spark_submit.py:644} INFO - 25/07/08 18:57:12 INFO MemoryStore: Block broadcast_0_piece0 stored as bytes in memory (estimated size 35.7 KiB, free 434.2 MiB)
[2025-07-08T18:57:12.165+0000] {spark_submit.py:644} INFO - 25/07/08 18:57:12 INFO BlockManagerInfo: Added broadcast_0_piece0 in memory on 3748f1b8240a:33445 (size: 35.7 KiB, free: 434.4 MiB)
[2025-07-08T18:57:12.169+0000] {spark_submit.py:644} INFO - 25/07/08 18:57:12 INFO SparkContext: Created broadcast 0 from collect at /opt/bitnami/spark/jobs/process_exercises_job.py:238
[2025-07-08T18:57:12.180+0000] {spark_submit.py:644} INFO - 25/07/08 18:57:12 INFO FileSourceScanExec: Planning scan with bin packing, max size: 4194304 bytes, open cost is considered as scanning 4194304 bytes.
[2025-07-08T18:57:12.361+0000] {spark_submit.py:644} INFO - 25/07/08 18:57:12 INFO SparkContext: Starting job: collect at /opt/bitnami/spark/jobs/process_exercises_job.py:238
[2025-07-08T18:57:12.373+0000] {spark_submit.py:644} INFO - 25/07/08 18:57:12 INFO DAGScheduler: Got job 0 (collect at /opt/bitnami/spark/jobs/process_exercises_job.py:238) with 1 output partitions
[2025-07-08T18:57:12.374+0000] {spark_submit.py:644} INFO - 25/07/08 18:57:12 INFO DAGScheduler: Final stage: ResultStage 0 (collect at /opt/bitnami/spark/jobs/process_exercises_job.py:238)
[2025-07-08T18:57:12.374+0000] {spark_submit.py:644} INFO - 25/07/08 18:57:12 INFO DAGScheduler: Parents of final stage: List()
[2025-07-08T18:57:12.375+0000] {spark_submit.py:644} INFO - 25/07/08 18:57:12 INFO DAGScheduler: Missing parents: List()
[2025-07-08T18:57:12.379+0000] {spark_submit.py:644} INFO - 25/07/08 18:57:12 INFO DAGScheduler: Submitting ResultStage 0 (MapPartitionsRDD[5] at collect at /opt/bitnami/spark/jobs/process_exercises_job.py:238), which has no missing parents
[2025-07-08T18:57:12.394+0000] {spark_submit.py:644} INFO - 25/07/08 18:57:12 INFO MemoryStore: Block broadcast_1 stored as values in memory (estimated size 27.3 KiB, free 434.1 MiB)
[2025-07-08T18:57:12.403+0000] {spark_submit.py:644} INFO - 25/07/08 18:57:12 INFO MemoryStore: Block broadcast_1_piece0 stored as bytes in memory (estimated size 13.6 KiB, free 434.1 MiB)
[2025-07-08T18:57:12.403+0000] {spark_submit.py:644} INFO - 25/07/08 18:57:12 INFO BlockManagerInfo: Added broadcast_1_piece0 in memory on 3748f1b8240a:33445 (size: 13.6 KiB, free: 434.4 MiB)
[2025-07-08T18:57:12.404+0000] {spark_submit.py:644} INFO - 25/07/08 18:57:12 INFO SparkContext: Created broadcast 1 from broadcast at DAGScheduler.scala:1585
[2025-07-08T18:57:12.418+0000] {spark_submit.py:644} INFO - 25/07/08 18:57:12 INFO DAGScheduler: Submitting 1 missing tasks from ResultStage 0 (MapPartitionsRDD[5] at collect at /opt/bitnami/spark/jobs/process_exercises_job.py:238) (first 15 tasks are for partitions Vector(0))
[2025-07-08T18:57:12.419+0000] {spark_submit.py:644} INFO - 25/07/08 18:57:12 INFO TaskSchedulerImpl: Adding task set 0.0 with 1 tasks resource profile 0
[2025-07-08T18:57:19.852+0000] {spark_submit.py:644} INFO - 25/07/08 18:57:19 INFO TaskSetManager: Starting task 0.0 in stage 0.0 (TID 0) (172.19.0.8, executor 0, partition 0, PROCESS_LOCAL, 10198 bytes)
[2025-07-08T18:57:20.051+0000] {spark_submit.py:644} INFO - 25/07/08 18:57:20 INFO BlockManagerInfo: Added broadcast_1_piece0 in memory on 172.19.0.8:37007 (size: 13.6 KiB, free: 434.4 MiB)
[2025-07-08T18:57:21.673+0000] {spark_submit.py:644} INFO - 25/07/08 18:57:21 INFO BlockManagerInfo: Added broadcast_0_piece0 in memory on 172.19.0.8:37007 (size: 35.7 KiB, free: 434.4 MiB)
[2025-07-08T18:57:26.770+0000] {spark_submit.py:644} INFO - 25/07/08 18:57:26 INFO TaskSetManager: Finished task 0.0 in stage 0.0 (TID 0) in 6933 ms on 172.19.0.8 (executor 0) (1/1)
[2025-07-08T18:57:26.773+0000] {spark_submit.py:644} INFO - 25/07/08 18:57:26 INFO TaskSchedulerImpl: Removed TaskSet 0.0, whose tasks have all completed, from pool
[2025-07-08T18:57:26.776+0000] {spark_submit.py:644} INFO - 25/07/08 18:57:26 INFO PythonAccumulatorV2: Connected to AccumulatorServer at host: 127.0.0.1 port: 56003
[2025-07-08T18:57:26.780+0000] {spark_submit.py:644} INFO - 25/07/08 18:57:26 INFO DAGScheduler: ResultStage 0 (collect at /opt/bitnami/spark/jobs/process_exercises_job.py:238) finished in 14.390 s
[2025-07-08T18:57:26.785+0000] {spark_submit.py:644} INFO - 25/07/08 18:57:26 INFO DAGScheduler: Job 0 is finished. Cancelling potential speculative or zombie tasks for this job
[2025-07-08T18:57:26.786+0000] {spark_submit.py:644} INFO - 25/07/08 18:57:26 INFO TaskSchedulerImpl: Killing all running tasks in stage 0: Stage finished
[2025-07-08T18:57:26.788+0000] {spark_submit.py:644} INFO - 25/07/08 18:57:26 INFO DAGScheduler: Job 0 finished: collect at /opt/bitnami/spark/jobs/process_exercises_job.py:238, took 14.426582 s
[2025-07-08T18:57:26.878+0000] {spark_submit.py:644} INFO - [PROCESS EXERCISES] ✅ Documento processado com sucesso: Op Jacui IV - Ordem de Operacoes.pdf
[2025-07-08T18:57:26.880+0000] {spark_submit.py:644} INFO - [PROCESS EXERCISES] ✅ Processamento de documentos concluído: 1 registros
[2025-07-08T18:57:28.287+0000] {spark_submit.py:644} INFO - 25/07/08 18:57:28 INFO CodeGenerator: Code generated in 14.930377 ms
[2025-07-08T18:57:28.310+0000] {spark_submit.py:644} INFO - 25/07/08 18:57:28 INFO DAGScheduler: Registering RDD 12 (count at NativeMethodAccessorImpl.java:0) as input to shuffle 0
[2025-07-08T18:57:28.315+0000] {spark_submit.py:644} INFO - 25/07/08 18:57:28 INFO DAGScheduler: Got map stage job 1 (count at NativeMethodAccessorImpl.java:0) with 2 output partitions
[2025-07-08T18:57:28.316+0000] {spark_submit.py:644} INFO - 25/07/08 18:57:28 INFO DAGScheduler: Final stage: ShuffleMapStage 1 (count at NativeMethodAccessorImpl.java:0)
[2025-07-08T18:57:28.317+0000] {spark_submit.py:644} INFO - 25/07/08 18:57:28 INFO DAGScheduler: Parents of final stage: List()
[2025-07-08T18:57:28.318+0000] {spark_submit.py:644} INFO - 25/07/08 18:57:28 INFO DAGScheduler: Missing parents: List()
[2025-07-08T18:57:28.320+0000] {spark_submit.py:644} INFO - 25/07/08 18:57:28 INFO DAGScheduler: Submitting ShuffleMapStage 1 (MapPartitionsRDD[12] at count at NativeMethodAccessorImpl.java:0), which has no missing parents
[2025-07-08T18:57:28.343+0000] {spark_submit.py:644} INFO - 25/07/08 18:57:28 INFO MemoryStore: Block broadcast_2 stored as values in memory (estimated size 16.0 KiB, free 434.1 MiB)
[2025-07-08T18:57:28.367+0000] {spark_submit.py:644} INFO - 25/07/08 18:57:28 INFO MemoryStore: Block broadcast_2_piece0 stored as bytes in memory (estimated size 8.4 KiB, free 434.1 MiB)
[2025-07-08T18:57:28.368+0000] {spark_submit.py:644} INFO - 25/07/08 18:57:28 INFO BlockManagerInfo: Added broadcast_2_piece0 in memory on 3748f1b8240a:33445 (size: 8.4 KiB, free: 434.3 MiB)
[2025-07-08T18:57:28.369+0000] {spark_submit.py:644} INFO - 25/07/08 18:57:28 INFO SparkContext: Created broadcast 2 from broadcast at DAGScheduler.scala:1585
[2025-07-08T18:57:28.371+0000] {spark_submit.py:644} INFO - 25/07/08 18:57:28 INFO DAGScheduler: Submitting 2 missing tasks from ShuffleMapStage 1 (MapPartitionsRDD[12] at count at NativeMethodAccessorImpl.java:0) (first 15 tasks are for partitions Vector(0, 1))
[2025-07-08T18:57:28.372+0000] {spark_submit.py:644} INFO - 25/07/08 18:57:28 INFO TaskSchedulerImpl: Adding task set 1.0 with 2 tasks resource profile 0
[2025-07-08T18:57:28.375+0000] {spark_submit.py:644} INFO - 25/07/08 18:57:28 INFO TaskSetManager: Starting task 0.0 in stage 1.0 (TID 1) (172.19.0.8, executor 0, partition 0, PROCESS_LOCAL, 9487 bytes)
[2025-07-08T18:57:28.376+0000] {spark_submit.py:644} INFO - 25/07/08 18:57:28 INFO TaskSetManager: Starting task 1.0 in stage 1.0 (TID 2) (172.19.0.8, executor 0, partition 1, PROCESS_LOCAL, 26221 bytes)
[2025-07-08T18:57:28.393+0000] {spark_submit.py:644} INFO - 25/07/08 18:57:28 INFO BlockManagerInfo: Removed broadcast_1_piece0 on 3748f1b8240a:33445 in memory (size: 13.6 KiB, free: 434.4 MiB)
[2025-07-08T18:57:28.399+0000] {spark_submit.py:644} INFO - 25/07/08 18:57:28 INFO BlockManagerInfo: Removed broadcast_1_piece0 on 172.19.0.8:37007 in memory (size: 13.6 KiB, free: 434.4 MiB)
[2025-07-08T18:57:28.458+0000] {spark_submit.py:644} INFO - 25/07/08 18:57:28 INFO BlockManagerInfo: Added broadcast_2_piece0 in memory on 172.19.0.8:37007 (size: 8.4 KiB, free: 434.4 MiB)
[2025-07-08T18:57:28.461+0000] {spark_submit.py:644} INFO - 25/07/08 18:57:28 INFO BlockManagerInfo: Removed broadcast_0_piece0 on 3748f1b8240a:33445 in memory (size: 35.7 KiB, free: 434.4 MiB)
[2025-07-08T18:57:28.464+0000] {spark_submit.py:644} INFO - 25/07/08 18:57:28 INFO BlockManagerInfo: Removed broadcast_0_piece0 on 172.19.0.8:37007 in memory (size: 35.7 KiB, free: 434.4 MiB)
[2025-07-08T18:57:30.012+0000] {spark_submit.py:644} INFO - 25/07/08 18:57:30 INFO TaskSetManager: Finished task 1.0 in stage 1.0 (TID 2) in 1636 ms on 172.19.0.8 (executor 0) (1/2)
[2025-07-08T18:57:30.012+0000] {spark_submit.py:644} INFO - 25/07/08 18:57:30 INFO TaskSetManager: Finished task 0.0 in stage 1.0 (TID 1) in 1640 ms on 172.19.0.8 (executor 0) (2/2)
[2025-07-08T18:57:30.013+0000] {spark_submit.py:644} INFO - 25/07/08 18:57:30 INFO TaskSchedulerImpl: Removed TaskSet 1.0, whose tasks have all completed, from pool
[2025-07-08T18:57:30.016+0000] {spark_submit.py:644} INFO - 25/07/08 18:57:30 INFO DAGScheduler: ShuffleMapStage 1 (count at NativeMethodAccessorImpl.java:0) finished in 1.689 s
[2025-07-08T18:57:30.016+0000] {spark_submit.py:644} INFO - 25/07/08 18:57:30 INFO DAGScheduler: looking for newly runnable stages
[2025-07-08T18:57:30.017+0000] {spark_submit.py:644} INFO - 25/07/08 18:57:30 INFO DAGScheduler: running: Set()
[2025-07-08T18:57:30.018+0000] {spark_submit.py:644} INFO - 25/07/08 18:57:30 INFO DAGScheduler: waiting: Set()
[2025-07-08T18:57:30.018+0000] {spark_submit.py:644} INFO - 25/07/08 18:57:30 INFO DAGScheduler: failed: Set()
[2025-07-08T18:57:30.056+0000] {spark_submit.py:644} INFO - 25/07/08 18:57:30 INFO CodeGenerator: Code generated in 11.574823 ms
[2025-07-08T18:57:30.074+0000] {spark_submit.py:644} INFO - 25/07/08 18:57:30 INFO SparkContext: Starting job: count at NativeMethodAccessorImpl.java:0
[2025-07-08T18:57:30.077+0000] {spark_submit.py:644} INFO - 25/07/08 18:57:30 INFO DAGScheduler: Got job 2 (count at NativeMethodAccessorImpl.java:0) with 1 output partitions
[2025-07-08T18:57:30.078+0000] {spark_submit.py:644} INFO - 25/07/08 18:57:30 INFO DAGScheduler: Final stage: ResultStage 3 (count at NativeMethodAccessorImpl.java:0)
[2025-07-08T18:57:30.078+0000] {spark_submit.py:644} INFO - 25/07/08 18:57:30 INFO DAGScheduler: Parents of final stage: List(ShuffleMapStage 2)
[2025-07-08T18:57:30.079+0000] {spark_submit.py:644} INFO - 25/07/08 18:57:30 INFO DAGScheduler: Missing parents: List()
[2025-07-08T18:57:30.080+0000] {spark_submit.py:644} INFO - 25/07/08 18:57:30 INFO DAGScheduler: Submitting ResultStage 3 (MapPartitionsRDD[15] at count at NativeMethodAccessorImpl.java:0), which has no missing parents
[2025-07-08T18:57:30.086+0000] {spark_submit.py:644} INFO - 25/07/08 18:57:30 INFO MemoryStore: Block broadcast_3 stored as values in memory (estimated size 12.5 KiB, free 434.4 MiB)
[2025-07-08T18:57:30.097+0000] {spark_submit.py:644} INFO - 25/07/08 18:57:30 INFO MemoryStore: Block broadcast_3_piece0 stored as bytes in memory (estimated size 5.9 KiB, free 434.4 MiB)
[2025-07-08T18:57:30.098+0000] {spark_submit.py:644} INFO - 25/07/08 18:57:30 INFO BlockManagerInfo: Added broadcast_3_piece0 in memory on 3748f1b8240a:33445 (size: 5.9 KiB, free: 434.4 MiB)
[2025-07-08T18:57:30.099+0000] {spark_submit.py:644} INFO - 25/07/08 18:57:30 INFO SparkContext: Created broadcast 3 from broadcast at DAGScheduler.scala:1585
[2025-07-08T18:57:30.099+0000] {spark_submit.py:644} INFO - 25/07/08 18:57:30 INFO BlockManagerInfo: Removed broadcast_2_piece0 on 3748f1b8240a:33445 in memory (size: 8.4 KiB, free: 434.4 MiB)
[2025-07-08T18:57:30.100+0000] {spark_submit.py:644} INFO - 25/07/08 18:57:30 INFO DAGScheduler: Submitting 1 missing tasks from ResultStage 3 (MapPartitionsRDD[15] at count at NativeMethodAccessorImpl.java:0) (first 15 tasks are for partitions Vector(0))
[2025-07-08T18:57:30.101+0000] {spark_submit.py:644} INFO - 25/07/08 18:57:30 INFO TaskSchedulerImpl: Adding task set 3.0 with 1 tasks resource profile 0
[2025-07-08T18:57:30.102+0000] {spark_submit.py:644} INFO - 25/07/08 18:57:30 INFO BlockManagerInfo: Removed broadcast_2_piece0 on 172.19.0.8:37007 in memory (size: 8.4 KiB, free: 434.4 MiB)
[2025-07-08T18:57:30.106+0000] {spark_submit.py:644} INFO - 25/07/08 18:57:30 INFO TaskSetManager: Starting task 0.0 in stage 3.0 (TID 3) (172.19.0.8, executor 0, partition 0, NODE_LOCAL, 9518 bytes)
[2025-07-08T18:57:30.125+0000] {spark_submit.py:644} INFO - 25/07/08 18:57:30 INFO BlockManagerInfo: Added broadcast_3_piece0 in memory on 172.19.0.8:37007 (size: 5.9 KiB, free: 434.4 MiB)
[2025-07-08T18:57:30.141+0000] {spark_submit.py:644} INFO - 25/07/08 18:57:30 INFO MapOutputTrackerMasterEndpoint: Asked to send map output locations for shuffle 0 to 172.19.0.8:38280
[2025-07-08T18:57:30.348+0000] {spark_submit.py:644} INFO - 25/07/08 18:57:30 INFO TaskSetManager: Finished task 0.0 in stage 3.0 (TID 3) in 244 ms on 172.19.0.8 (executor 0) (1/1)
[2025-07-08T18:57:30.349+0000] {spark_submit.py:644} INFO - 25/07/08 18:57:30 INFO TaskSchedulerImpl: Removed TaskSet 3.0, whose tasks have all completed, from pool
[2025-07-08T18:57:30.350+0000] {spark_submit.py:644} INFO - 25/07/08 18:57:30 INFO DAGScheduler: ResultStage 3 (count at NativeMethodAccessorImpl.java:0) finished in 0.265 s
[2025-07-08T18:57:30.351+0000] {spark_submit.py:644} INFO - 25/07/08 18:57:30 INFO DAGScheduler: Job 2 is finished. Cancelling potential speculative or zombie tasks for this job
[2025-07-08T18:57:30.351+0000] {spark_submit.py:644} INFO - 25/07/08 18:57:30 INFO TaskSchedulerImpl: Killing all running tasks in stage 3: Stage finished
[2025-07-08T18:57:30.352+0000] {spark_submit.py:644} INFO - 25/07/08 18:57:30 INFO DAGScheduler: Job 2 finished: count at NativeMethodAccessorImpl.java:0, took 0.276179 s
[2025-07-08T18:57:30.354+0000] {spark_submit.py:644} INFO - [PROCESS EXERCISES] ℹ️ Salvando 1 registros na tabela nessie.exercises.pdf_documents
[2025-07-08T18:57:30.432+0000] {spark_submit.py:644} INFO - 25/07/08 18:57:30 INFO BaseMetastoreTableOperations: Refreshing table metadata from new version: s3a://warehouse/exercises/pdf_documents_3f2f6938-06f1-4401-a884-d6a6de9720a0/metadata/00031-7060ea55-c5df-4372-9757-862c2eb12c1d.metadata.json
[2025-07-08T18:57:30.620+0000] {spark_submit.py:644} INFO - 25/07/08 18:57:30 INFO NessieUtil: loadTableMetadata for 'exercises.pdf_documents' from location 's3a://warehouse/exercises/pdf_documents_3f2f6938-06f1-4401-a884-d6a6de9720a0/metadata/00031-7060ea55-c5df-4372-9757-862c2eb12c1d.metadata.json' at 'Branch{name=main, metadata=null, hash=9ba0b64a2f8ce4f4a65602281f3a71c5043d4fa60e3c979b870c5b2c64210312}'
[2025-07-08T18:57:30.642+0000] {spark_submit.py:644} INFO - 25/07/08 18:57:30 INFO BaseMetastoreCatalog: Table loaded by catalog: nessie.exercises.pdf_documents
[2025-07-08T18:57:31.226+0000] {spark_submit.py:644} INFO - 25/07/08 18:57:31 INFO BlockManagerInfo: Removed broadcast_3_piece0 on 3748f1b8240a:33445 in memory (size: 5.9 KiB, free: 434.4 MiB)
[2025-07-08T18:57:31.229+0000] {spark_submit.py:644} INFO - 25/07/08 18:57:31 INFO BlockManagerInfo: Removed broadcast_3_piece0 on 172.19.0.8:37007 in memory (size: 5.9 KiB, free: 434.4 MiB)
[2025-07-08T18:57:31.917+0000] {spark_submit.py:644} INFO - 25/07/08 18:57:31 INFO CodeGenerator: Code generated in 29.42761 ms
[2025-07-08T18:57:31.920+0000] {spark_submit.py:644} INFO - [PROCESS EXERCISES] 🔄 Salvando tabela nessie.exercises.pdf_documents em modo append
[2025-07-08T18:57:32.027+0000] {spark_submit.py:644} INFO - 25/07/08 18:57:32 INFO SparkWrite: Requesting 0 bytes advisory partition size for table nessie.exercises.pdf_documents
[2025-07-08T18:57:32.028+0000] {spark_submit.py:644} INFO - 25/07/08 18:57:32 INFO SparkWrite: Requesting UnspecifiedDistribution as write distribution for table nessie.exercises.pdf_documents
[2025-07-08T18:57:32.029+0000] {spark_submit.py:644} INFO - 25/07/08 18:57:32 INFO SparkWrite: Requesting [] as write ordering for table nessie.exercises.pdf_documents
[2025-07-08T18:57:32.055+0000] {spark_submit.py:644} INFO - 25/07/08 18:57:32 INFO CodeGenerator: Code generated in 11.681134 ms
[2025-07-08T18:57:32.069+0000] {spark_submit.py:644} INFO - 25/07/08 18:57:32 INFO MemoryStore: Block broadcast_4 stored as values in memory (estimated size 32.0 KiB, free 434.4 MiB)
[2025-07-08T18:57:32.098+0000] {spark_submit.py:644} INFO - 25/07/08 18:57:32 INFO MemoryStore: Block broadcast_4_piece0 stored as bytes in memory (estimated size 30.1 KiB, free 434.3 MiB)
[2025-07-08T18:57:32.099+0000] {spark_submit.py:644} INFO - 25/07/08 18:57:32 INFO BlockManagerInfo: Added broadcast_4_piece0 in memory on 3748f1b8240a:33445 (size: 30.1 KiB, free: 434.4 MiB)
[2025-07-08T18:57:32.100+0000] {spark_submit.py:644} INFO - 25/07/08 18:57:32 INFO SparkContext: Created broadcast 4 from broadcast at SparkWrite.java:193
[2025-07-08T18:57:32.102+0000] {spark_submit.py:644} INFO - 25/07/08 18:57:32 INFO AppendDataExec: Start processing data source write support: IcebergBatchWrite(table=nessie.exercises.pdf_documents, format=PARQUET). The input RDD has 2 partitions.
[2025-07-08T18:57:32.113+0000] {spark_submit.py:644} INFO - 25/07/08 18:57:32 INFO SparkContext: Starting job: saveAsTable at NativeMethodAccessorImpl.java:0
[2025-07-08T18:57:32.114+0000] {spark_submit.py:644} INFO - 25/07/08 18:57:32 INFO DAGScheduler: Got job 3 (saveAsTable at NativeMethodAccessorImpl.java:0) with 2 output partitions
[2025-07-08T18:57:32.115+0000] {spark_submit.py:644} INFO - 25/07/08 18:57:32 INFO DAGScheduler: Final stage: ResultStage 4 (saveAsTable at NativeMethodAccessorImpl.java:0)
[2025-07-08T18:57:32.115+0000] {spark_submit.py:644} INFO - 25/07/08 18:57:32 INFO DAGScheduler: Parents of final stage: List()
[2025-07-08T18:57:32.116+0000] {spark_submit.py:644} INFO - 25/07/08 18:57:32 INFO DAGScheduler: Missing parents: List()
[2025-07-08T18:57:32.116+0000] {spark_submit.py:644} INFO - 25/07/08 18:57:32 INFO DAGScheduler: Submitting ResultStage 4 (MapPartitionsRDD[16] at saveAsTable at NativeMethodAccessorImpl.java:0), which has no missing parents
[2025-07-08T18:57:32.119+0000] {spark_submit.py:644} INFO - 25/07/08 18:57:32 INFO MemoryStore: Block broadcast_5 stored as values in memory (estimated size 15.1 KiB, free 434.3 MiB)
[2025-07-08T18:57:32.120+0000] {spark_submit.py:644} INFO - 25/07/08 18:57:32 INFO MemoryStore: Block broadcast_5_piece0 stored as bytes in memory (estimated size 7.8 KiB, free 434.3 MiB)
[2025-07-08T18:57:32.121+0000] {spark_submit.py:644} INFO - 25/07/08 18:57:32 INFO BlockManagerInfo: Added broadcast_5_piece0 in memory on 3748f1b8240a:33445 (size: 7.8 KiB, free: 434.4 MiB)
[2025-07-08T18:57:32.122+0000] {spark_submit.py:644} INFO - 25/07/08 18:57:32 INFO SparkContext: Created broadcast 5 from broadcast at DAGScheduler.scala:1585
[2025-07-08T18:57:32.123+0000] {spark_submit.py:644} INFO - 25/07/08 18:57:32 INFO DAGScheduler: Submitting 2 missing tasks from ResultStage 4 (MapPartitionsRDD[16] at saveAsTable at NativeMethodAccessorImpl.java:0) (first 15 tasks are for partitions Vector(0, 1))
[2025-07-08T18:57:32.123+0000] {spark_submit.py:644} INFO - 25/07/08 18:57:32 INFO TaskSchedulerImpl: Adding task set 4.0 with 2 tasks resource profile 0
[2025-07-08T18:57:32.125+0000] {spark_submit.py:644} INFO - 25/07/08 18:57:32 INFO TaskSetManager: Starting task 0.0 in stage 4.0 (TID 4) (172.19.0.8, executor 0, partition 0, PROCESS_LOCAL, 9498 bytes)
[2025-07-08T18:57:32.125+0000] {spark_submit.py:644} INFO - 25/07/08 18:57:32 INFO TaskSetManager: Starting task 1.0 in stage 4.0 (TID 5) (172.19.0.8, executor 0, partition 1, PROCESS_LOCAL, 26232 bytes)
[2025-07-08T18:57:32.163+0000] {spark_submit.py:644} INFO - 25/07/08 18:57:32 INFO BlockManagerInfo: Added broadcast_5_piece0 in memory on 172.19.0.8:37007 (size: 7.8 KiB, free: 434.4 MiB)
[2025-07-08T18:57:32.261+0000] {spark_submit.py:644} INFO - 25/07/08 18:57:32 INFO BlockManagerInfo: Added broadcast_4_piece0 in memory on 172.19.0.8:37007 (size: 30.1 KiB, free: 434.4 MiB)
[2025-07-08T18:57:33.434+0000] {spark_submit.py:644} INFO - 25/07/08 18:57:33 INFO TaskSetManager: Finished task 0.0 in stage 4.0 (TID 4) in 1310 ms on 172.19.0.8 (executor 0) (1/2)
[2025-07-08T18:57:34.071+0000] {spark_submit.py:644} INFO - 25/07/08 18:57:34 INFO TaskSetManager: Finished task 1.0 in stage 4.0 (TID 5) in 1945 ms on 172.19.0.8 (executor 0) (2/2)
[2025-07-08T18:57:34.071+0000] {spark_submit.py:644} INFO - 25/07/08 18:57:34 INFO TaskSchedulerImpl: Removed TaskSet 4.0, whose tasks have all completed, from pool
[2025-07-08T18:57:34.072+0000] {spark_submit.py:644} INFO - 25/07/08 18:57:34 INFO DAGScheduler: ResultStage 4 (saveAsTable at NativeMethodAccessorImpl.java:0) finished in 1.956 s
[2025-07-08T18:57:34.073+0000] {spark_submit.py:644} INFO - 25/07/08 18:57:34 INFO DAGScheduler: Job 3 is finished. Cancelling potential speculative or zombie tasks for this job
[2025-07-08T18:57:34.073+0000] {spark_submit.py:644} INFO - 25/07/08 18:57:34 INFO TaskSchedulerImpl: Killing all running tasks in stage 4: Stage finished
[2025-07-08T18:57:34.074+0000] {spark_submit.py:644} INFO - 25/07/08 18:57:34 INFO DAGScheduler: Job 3 finished: saveAsTable at NativeMethodAccessorImpl.java:0, took 1.959316 s
[2025-07-08T18:57:34.074+0000] {spark_submit.py:644} INFO - 25/07/08 18:57:34 INFO AppendDataExec: Data source write support IcebergBatchWrite(table=nessie.exercises.pdf_documents, format=PARQUET) is committing.
[2025-07-08T18:57:34.139+0000] {spark_submit.py:644} INFO - 25/07/08 18:57:34 INFO SparkWrite: Committing append with 1 new data files to table nessie.exercises.pdf_documents
[2025-07-08T18:57:42.375+0000] {spark_submit.py:644} INFO - 25/07/08 18:57:42 INFO NessieIcebergClient: Committed 'exercises.pdf_documents' against 'Branch{name=main, metadata=null, hash=35ac33604063eca500ab1e7a7100a15dddcd74e019fc87cf345e34b7653db563}', expected commit-id was '9ba0b64a2f8ce4f4a65602281f3a71c5043d4fa60e3c979b870c5b2c64210312'
[2025-07-08T18:57:42.376+0000] {spark_submit.py:644} INFO - 25/07/08 18:57:42 INFO BaseMetastoreTableOperations: Successfully committed to table exercises.pdf_documents in 6576 ms
[2025-07-08T18:57:42.376+0000] {spark_submit.py:644} INFO - 25/07/08 18:57:42 INFO SnapshotProducer: Committed snapshot 7111048872335480285 (MergeAppend)
[2025-07-08T18:57:42.410+0000] {spark_submit.py:644} INFO - 25/07/08 18:57:42 INFO BaseMetastoreTableOperations: Refreshing table metadata from new version: s3a://warehouse/exercises/pdf_documents_3f2f6938-06f1-4401-a884-d6a6de9720a0/metadata/00032-f875366b-dbe3-4284-b706-8261b4ab11dc.metadata.json
[2025-07-08T18:57:42.424+0000] {spark_submit.py:644} INFO - 25/07/08 18:57:42 INFO NessieUtil: loadTableMetadata for 'exercises.pdf_documents' from location 's3a://warehouse/exercises/pdf_documents_3f2f6938-06f1-4401-a884-d6a6de9720a0/metadata/00032-f875366b-dbe3-4284-b706-8261b4ab11dc.metadata.json' at 'Branch{name=main, metadata=null, hash=35ac33604063eca500ab1e7a7100a15dddcd74e019fc87cf345e34b7653db563}'
[2025-07-08T18:57:42.461+0000] {spark_submit.py:644} INFO - 25/07/08 18:57:42 INFO LoggingMetricsReporter: Received metrics report: CommitReport{tableName=nessie.exercises.pdf_documents, snapshotId=7111048872335480285, sequenceNumber=33, operation=append, commitMetrics=CommitMetricsResult{totalDuration=TimerResult{timeUnit=NANOSECONDS, totalDuration=PT8.236373807S, count=1}, attempts=CounterResult{unit=COUNT, value=1}, addedDataFiles=CounterResult{unit=COUNT, value=1}, removedDataFiles=null, totalDataFiles=CounterResult{unit=COUNT, value=33}, addedDeleteFiles=null, addedEqualityDeleteFiles=null, addedPositionalDeleteFiles=null, addedDVs=null, removedDeleteFiles=null, removedEqualityDeleteFiles=null, removedPositionalDeleteFiles=null, removedDVs=null, totalDeleteFiles=CounterResult{unit=COUNT, value=0}, addedRecords=CounterResult{unit=COUNT, value=1}, removedRecords=null, totalRecords=CounterResult{unit=COUNT, value=33}, addedFilesSizeInBytes=CounterResult{unit=BYTES, value=8843}, removedFilesSizeInBytes=null, totalFilesSizeInBytes=CounterResult{unit=BYTES, value=262189}, addedPositionalDeletes=null, removedPositionalDeletes=null, totalPositionalDeletes=CounterResult{unit=COUNT, value=0}, addedEqualityDeletes=null, removedEqualityDeletes=null, totalEqualityDeletes=CounterResult{unit=COUNT, value=0}}, metadata={engine-version=3.5.5, app-id=app-20250708185703-0021, engine-name=spark, iceberg-version=Apache Iceberg 1.8.1 (commit 9ce0fcf0af7becf25ad9fc996c3bad2afdcfd33d)}}
[2025-07-08T18:57:42.462+0000] {spark_submit.py:644} INFO - 25/07/08 18:57:42 INFO SparkWrite: Committed in 8321 ms
[2025-07-08T18:57:42.463+0000] {spark_submit.py:644} INFO - 25/07/08 18:57:42 INFO AppendDataExec: Data source write support IcebergBatchWrite(table=nessie.exercises.pdf_documents, format=PARQUET) committed.
[2025-07-08T18:57:42.464+0000] {spark_submit.py:644} INFO - [PROCESS EXERCISES] ✅ Tabela nessie.exercises.pdf_documents salva com sucesso (1 registros)
[2025-07-08T18:57:42.465+0000] {spark_submit.py:644} INFO - [PROCESS EXERCISES] 🔄 === FASE 2: PROCESSAMENTO DE SIMULAÇÕES ===
[2025-07-08T18:57:42.465+0000] {spark_submit.py:644} INFO - [PROCESS EXERCISES] 🔄 Iniciando processamento de simulações
[2025-07-08T18:57:42.466+0000] {spark_submit.py:644} INFO - [PROCESS EXERCISES] ℹ️ Buscando arquivos de simulação em: exercises/CA-LESTE-construtiva-4DE-2025-07-08/simulations/172.19.0.14_2025-07-08
[2025-07-08T18:57:42.466+0000] {spark_submit.py:644} INFO - [PROCESS EXERCISES] ℹ️ Buscando arquivos em: s3a://bronze/exercises/CA-LESTE-construtiva-4DE-2025-07-08/simulations/172.19.0.14_2025-07-08/
[2025-07-08T18:57:42.522+0000] {spark_submit.py:644} INFO - 25/07/08 18:57:42 INFO BlockManagerInfo: Removed broadcast_5_piece0 on 3748f1b8240a:33445 in memory (size: 7.8 KiB, free: 434.4 MiB)
[2025-07-08T18:57:42.525+0000] {spark_submit.py:644} INFO - 25/07/08 18:57:42 INFO BlockManagerInfo: Removed broadcast_5_piece0 on 172.19.0.8:37007 in memory (size: 7.8 KiB, free: 434.4 MiB)
[2025-07-08T18:57:42.533+0000] {spark_submit.py:644} INFO - 25/07/08 18:57:42 INFO BlockManagerInfo: Removed broadcast_4_piece0 on 3748f1b8240a:33445 in memory (size: 30.1 KiB, free: 434.4 MiB)
[2025-07-08T18:57:42.535+0000] {spark_submit.py:644} INFO - 25/07/08 18:57:42 INFO BlockManagerInfo: Removed broadcast_4_piece0 on 172.19.0.8:37007 in memory (size: 30.1 KiB, free: 434.4 MiB)
[2025-07-08T18:57:42.537+0000] {spark_submit.py:644} INFO - 25/07/08 18:57:42 INFO InMemoryFileIndex: It took 14 ms to list leaf files for 1 paths.
[2025-07-08T18:57:42.574+0000] {spark_submit.py:644} INFO - 25/07/08 18:57:42 INFO FileSourceStrategy: Pushed Filters:
[2025-07-08T18:57:42.575+0000] {spark_submit.py:644} INFO - 25/07/08 18:57:42 INFO FileSourceStrategy: Post-Scan Filters:
[2025-07-08T18:57:42.581+0000] {spark_submit.py:644} INFO - 25/07/08 18:57:42 INFO MemoryStore: Block broadcast_6 stored as values in memory (estimated size 203.7 KiB, free 434.2 MiB)
[2025-07-08T18:57:42.607+0000] {spark_submit.py:644} INFO - 25/07/08 18:57:42 INFO MemoryStore: Block broadcast_6_piece0 stored as bytes in memory (estimated size 35.7 KiB, free 434.2 MiB)
[2025-07-08T18:57:42.628+0000] {spark_submit.py:644} INFO - 25/07/08 18:57:42 INFO BlockManagerInfo: Added broadcast_6_piece0 in memory on 3748f1b8240a:33445 (size: 35.7 KiB, free: 434.4 MiB)
[2025-07-08T18:57:42.629+0000] {spark_submit.py:644} INFO - 25/07/08 18:57:42 INFO SparkContext: Created broadcast 6 from collect at /opt/bitnami/spark/jobs/process_exercises_job.py:434
[2025-07-08T18:57:42.630+0000] {spark_submit.py:644} INFO - 25/07/08 18:57:42 INFO FileSourceScanExec: Planning scan with bin packing, max size: 10487545 bytes, open cost is considered as scanning 4194304 bytes.
[2025-07-08T18:57:42.659+0000] {spark_submit.py:644} INFO - 25/07/08 18:57:42 INFO SparkContext: Starting job: collect at /opt/bitnami/spark/jobs/process_exercises_job.py:434
[2025-07-08T18:57:42.660+0000] {spark_submit.py:644} INFO - 25/07/08 18:57:42 INFO DAGScheduler: Got job 4 (collect at /opt/bitnami/spark/jobs/process_exercises_job.py:434) with 2 output partitions
[2025-07-08T18:57:42.661+0000] {spark_submit.py:644} INFO - 25/07/08 18:57:42 INFO DAGScheduler: Final stage: ResultStage 5 (collect at /opt/bitnami/spark/jobs/process_exercises_job.py:434)
[2025-07-08T18:57:42.662+0000] {spark_submit.py:644} INFO - 25/07/08 18:57:42 INFO DAGScheduler: Parents of final stage: List()
[2025-07-08T18:57:42.662+0000] {spark_submit.py:644} INFO - 25/07/08 18:57:42 INFO DAGScheduler: Missing parents: List()
[2025-07-08T18:57:42.663+0000] {spark_submit.py:644} INFO - 25/07/08 18:57:42 INFO DAGScheduler: Submitting ResultStage 5 (MapPartitionsRDD[19] at collect at /opt/bitnami/spark/jobs/process_exercises_job.py:434), which has no missing parents
[2025-07-08T18:57:42.664+0000] {spark_submit.py:644} INFO - 25/07/08 18:57:42 INFO MemoryStore: Block broadcast_7 stored as values in memory (estimated size 9.4 KiB, free 434.2 MiB)
[2025-07-08T18:57:42.665+0000] {spark_submit.py:644} INFO - 25/07/08 18:57:42 INFO MemoryStore: Block broadcast_7_piece0 stored as bytes in memory (estimated size 4.7 KiB, free 434.2 MiB)
[2025-07-08T18:57:42.667+0000] {spark_submit.py:644} INFO - 25/07/08 18:57:42 INFO BlockManagerInfo: Added broadcast_7_piece0 in memory on 3748f1b8240a:33445 (size: 4.7 KiB, free: 434.4 MiB)
[2025-07-08T18:57:42.667+0000] {spark_submit.py:644} INFO - 25/07/08 18:57:42 INFO SparkContext: Created broadcast 7 from broadcast at DAGScheduler.scala:1585
[2025-07-08T18:57:42.668+0000] {spark_submit.py:644} INFO - 25/07/08 18:57:42 INFO DAGScheduler: Submitting 2 missing tasks from ResultStage 5 (MapPartitionsRDD[19] at collect at /opt/bitnami/spark/jobs/process_exercises_job.py:434) (first 15 tasks are for partitions Vector(0, 1))
[2025-07-08T18:57:42.668+0000] {spark_submit.py:644} INFO - 25/07/08 18:57:42 INFO TaskSchedulerImpl: Adding task set 5.0 with 2 tasks resource profile 0
[2025-07-08T18:57:42.670+0000] {spark_submit.py:644} INFO - 25/07/08 18:57:42 INFO TaskSetManager: Starting task 0.0 in stage 5.0 (TID 6) (172.19.0.8, executor 0, partition 0, PROCESS_LOCAL, 10561 bytes)
[2025-07-08T18:57:42.670+0000] {spark_submit.py:644} INFO - 25/07/08 18:57:42 INFO TaskSetManager: Starting task 1.0 in stage 5.0 (TID 7) (172.19.0.8, executor 0, partition 1, PROCESS_LOCAL, 10380 bytes)
[2025-07-08T18:57:42.696+0000] {spark_submit.py:644} INFO - 25/07/08 18:57:42 INFO BlockManagerInfo: Added broadcast_7_piece0 in memory on 172.19.0.8:37007 (size: 4.7 KiB, free: 434.4 MiB)
[2025-07-08T18:57:42.761+0000] {spark_submit.py:644} INFO - 25/07/08 18:57:42 INFO BlockManagerInfo: Added broadcast_6_piece0 in memory on 172.19.0.8:37007 (size: 35.7 KiB, free: 434.4 MiB)
[2025-07-08T18:57:42.801+0000] {spark_submit.py:644} INFO - 25/07/08 18:57:42 INFO TaskSetManager: Finished task 1.0 in stage 5.0 (TID 7) in 131 ms on 172.19.0.8 (executor 0) (1/2)
[2025-07-08T18:57:42.810+0000] {spark_submit.py:644} INFO - 25/07/08 18:57:42 INFO TaskSetManager: Finished task 0.0 in stage 5.0 (TID 6) in 141 ms on 172.19.0.8 (executor 0) (2/2)
[2025-07-08T18:57:42.811+0000] {spark_submit.py:644} INFO - 25/07/08 18:57:42 INFO TaskSchedulerImpl: Removed TaskSet 5.0, whose tasks have all completed, from pool
[2025-07-08T18:57:42.812+0000] {spark_submit.py:644} INFO - 25/07/08 18:57:42 INFO DAGScheduler: ResultStage 5 (collect at /opt/bitnami/spark/jobs/process_exercises_job.py:434) finished in 0.148 s
[2025-07-08T18:57:42.812+0000] {spark_submit.py:644} INFO - 25/07/08 18:57:42 INFO DAGScheduler: Job 4 is finished. Cancelling potential speculative or zombie tasks for this job
[2025-07-08T18:57:42.813+0000] {spark_submit.py:644} INFO - 25/07/08 18:57:42 INFO TaskSchedulerImpl: Killing all running tasks in stage 5: Stage finished
[2025-07-08T18:57:42.813+0000] {spark_submit.py:644} INFO - 25/07/08 18:57:42 INFO DAGScheduler: Job 4 finished: collect at /opt/bitnami/spark/jobs/process_exercises_job.py:434, took 0.152503 s
[2025-07-08T18:57:42.818+0000] {spark_submit.py:644} INFO - [PROCESS EXERCISES] ℹ️ Encontrados 4 arquivos Protobuf (.pb)
[2025-07-08T18:57:42.818+0000] {spark_submit.py:644} INFO - [PROCESS EXERCISES] ℹ️ Encontrados 4 arquivos do tipo PROTO
[2025-07-08T18:57:42.819+0000] {spark_submit.py:644} INFO - [PROCESS EXERCISES] 🔄 Processando 4 arquivos Protobuf
[2025-07-08T18:57:42.820+0000] {spark_submit.py:644} INFO - [PROCESS EXERCISES] ℹ️ Processando arquivo Protobuf: s3a://bronze/exercises/CA-LESTE-construtiva-4DE-2025-07-08/simulations/172.19.0.14_2025-07-08/18-25.56/session-proto_3.pb
[2025-07-08T18:57:42.848+0000] {spark_submit.py:644} INFO - 25/07/08 18:57:42 INFO InMemoryFileIndex: It took 9 ms to list leaf files for 1 paths.
[2025-07-08T18:57:43.029+0000] {spark_submit.py:644} INFO - ======DataFrame[exercise_id: string, context: int, client_id: int, knowledge_id: int, group_id: int, latitude: double, longitude: double, altitude: double, timestamp: bigint, processed_at: string]======
[2025-07-08T18:57:43.284+0000] {spark_submit.py:644} INFO - [PROCESS EXERCISES] ❌ Erro crítico ao processar arquivo Protobuf s3a://bronze/exercises/CA-LESTE-construtiva-4DE-2025-07-08/simulations/172.19.0.14_2025-07-08/18-25.56/session-proto_3.pb: [UNRESOLVED_COLUMN.WITH_SUGGESTION] A column or function parameter with name `CA-LESTE-construtiva-4DE-2025-07-08` cannot be resolved. Did you mean one of the following? [`exercise_id`, `context`, `client_id`, `knowledge_id`, `group_id`, `latitude`, `longitude`, `altitude`, `timestamp`, `processed_at`].
[2025-07-08T18:57:43.287+0000] {spark_submit.py:644} INFO - [PROCESS EXERCISES] ❌ Erro crítico no processamento de simulações: Falha no processamento Protobuf: [UNRESOLVED_COLUMN.WITH_SUGGESTION] A column or function parameter with name `CA-LESTE-construtiva-4DE-2025-07-08` cannot be resolved. Did you mean one of the following? [`exercise_id`, `context`, `client_id`, `knowledge_id`, `group_id`, `latitude`, `longitude`, `altitude`, `timestamp`, `processed_at`].
[2025-07-08T18:57:43.288+0000] {spark_submit.py:644} INFO - [PROCESS EXERCISES] ❌ Erro crítico durante o processamento: Falha no processamento de simulações: Falha no processamento Protobuf: [UNRESOLVED_COLUMN.WITH_SUGGESTION] A column or function parameter with name `CA-LESTE-construtiva-4DE-2025-07-08` cannot be resolved. Did you mean one of the following? [`exercise_id`, `context`, `client_id`, `knowledge_id`, `group_id`, `latitude`, `longitude`, `altitude`, `timestamp`, `processed_at`].
[2025-07-08T18:57:43.288+0000] {spark_submit.py:644} INFO - [PROCESS EXERCISES] 🔄 Finalizando sessão Spark
[2025-07-08T18:57:43.289+0000] {spark_submit.py:644} INFO - 25/07/08 18:57:43 INFO SparkContext: SparkContext is stopping with exitCode 0.
[2025-07-08T18:57:43.295+0000] {spark_submit.py:644} INFO - 25/07/08 18:57:43 INFO SparkUI: Stopped Spark web UI at http://3748f1b8240a:4040
[2025-07-08T18:57:43.299+0000] {spark_submit.py:644} INFO - 25/07/08 18:57:43 INFO StandaloneSchedulerBackend: Shutting down all executors
[2025-07-08T18:57:43.299+0000] {spark_submit.py:644} INFO - 25/07/08 18:57:43 INFO StandaloneSchedulerBackend$StandaloneDriverEndpoint: Asking each executor to shut down
[2025-07-08T18:57:43.318+0000] {spark_submit.py:644} INFO - 25/07/08 18:57:43 INFO MapOutputTrackerMasterEndpoint: MapOutputTrackerMasterEndpoint stopped!
[2025-07-08T18:57:43.338+0000] {spark_submit.py:644} INFO - 25/07/08 18:57:43 INFO MemoryStore: MemoryStore cleared
[2025-07-08T18:57:43.339+0000] {spark_submit.py:644} INFO - 25/07/08 18:57:43 INFO BlockManager: BlockManager stopped
[2025-07-08T18:57:43.342+0000] {spark_submit.py:644} INFO - 25/07/08 18:57:43 INFO BlockManagerMaster: BlockManagerMaster stopped
[2025-07-08T18:57:43.346+0000] {spark_submit.py:644} INFO - 25/07/08 18:57:43 INFO OutputCommitCoordinator$OutputCommitCoordinatorEndpoint: OutputCommitCoordinator stopped!
[2025-07-08T18:57:43.355+0000] {spark_submit.py:644} INFO - 25/07/08 18:57:43 INFO SparkContext: Successfully stopped SparkContext
[2025-07-08T18:57:44.083+0000] {spark_submit.py:644} INFO - [PROCESS EXERCISES] ✅ Sessão Spark finalizada com sucesso
[2025-07-08T18:57:44.204+0000] {spark_submit.py:644} INFO - 25/07/08 18:57:44 INFO ShutdownHookManager: Shutdown hook called
[2025-07-08T18:57:44.205+0000] {spark_submit.py:644} INFO - 25/07/08 18:57:44 INFO ShutdownHookManager: Deleting directory /tmp/spark-19f9acf1-63a8-4835-9195-ace66eee9426/pyspark-ff468477-cab4-4d0f-9638-92aff164ad34
[2025-07-08T18:57:44.209+0000] {spark_submit.py:644} INFO - 25/07/08 18:57:44 INFO ShutdownHookManager: Deleting directory /tmp/spark-721ed9e8-64b2-4c15-b82f-75783f20bb46
[2025-07-08T18:57:44.215+0000] {spark_submit.py:644} INFO - 25/07/08 18:57:44 INFO ShutdownHookManager: Deleting directory /tmp/spark-19f9acf1-63a8-4835-9195-ace66eee9426
[2025-07-08T18:57:44.227+0000] {spark_submit.py:644} INFO - 25/07/08 18:57:44 INFO MetricsSystemImpl: Stopping s3a-file-system metrics system...
[2025-07-08T18:57:44.229+0000] {spark_submit.py:644} INFO - 25/07/08 18:57:44 INFO MetricsSystemImpl: s3a-file-system metrics system stopped.
[2025-07-08T18:57:44.230+0000] {spark_submit.py:644} INFO - 25/07/08 18:57:44 INFO MetricsSystemImpl: s3a-file-system metrics system shutdown complete.
[2025-07-08T18:57:44.616+0000] {taskinstance.py:3336} ERROR - Task failed with exception
Traceback (most recent call last):
  File "/home/airflow/.local/lib/python3.12/site-packages/airflow/models/taskinstance.py", line 776, in _execute_task
    result = _execute_callable(context=context, **execute_callable_kwargs)
             ^^^^^^^^^^^^^^^^^^^^^^^^^^^^^^^^^^^^^^^^^^^^^^^^^^^^^^^^^^^^^
  File "/home/airflow/.local/lib/python3.12/site-packages/airflow/models/taskinstance.py", line 742, in _execute_callable
    return ExecutionCallableRunner(
           ^^^^^^^^^^^^^^^^^^^^^^^^
  File "/home/airflow/.local/lib/python3.12/site-packages/airflow/utils/operator_helpers.py", line 252, in run
    return self.func(*args, **kwargs)
           ^^^^^^^^^^^^^^^^^^^^^^^^^^
  File "/home/airflow/.local/lib/python3.12/site-packages/airflow/models/baseoperator.py", line 424, in wrapper
    return func(self, *args, **kwargs)
           ^^^^^^^^^^^^^^^^^^^^^^^^^^^
  File "/home/airflow/.local/lib/python3.12/site-packages/airflow/providers/apache/spark/operators/spark_submit.py", line 197, in execute
    self._hook.submit(self.application)
  File "/home/airflow/.local/lib/python3.12/site-packages/airflow/providers/apache/spark/hooks/spark_submit.py", line 566, in submit
    raise AirflowException(
airflow.exceptions.AirflowException: Cannot execute: spark-submit --master spark://spark-master:7077 --jars /opt/bitnami/spark/jars/iceberg-spark-runtime-3.5_2.12-1.8.1.jar,/opt/bitnami/spark/jars/nessie-spark-extensions-3.5_2.12-0.103.2.jar,/opt/bitnami/spark/jars/nessie-client-0.103.2.jar,/opt/bitnami/spark/jars/hadoop-aws-3.3.2.jar,/opt/bitnami/spark/jars/aws-java-sdk-bundle-1.12.262.jar, --name arrow-spark --deploy-mode client /opt/bitnami/spark/jobs/process_exercises_job.py {"id": "CA-LESTE-construtiva-4DE-2025-07-08", "manifest_entry": {"data": {"createdAt": "2025-07-08T18:27:58.496Z", "origin": "CA-LESTE", "path": "exercises/CA-LESTE-construtiva-4DE-2025-07-08"}, "id": "CA-LESTE-construtiva-4DE-2025-07-08"}, "metadata": {"createdAt": "2025-07-08T18:27:58.496Z", "description": "4DE", "documents": [{"description": "", "id": "1751999288885", "mimetype": "application/pdf", "name": "Op Jacui IV - Ordem de Operacoes.pdf", "path": "exercises/CA-LESTE-construtiva-4DE-2025-07-08/documents/Op Jacui IV - Ordem de Operacoes.pdf", "size": 336744, "uploadedAt": "2025-07-08T18:28:08.885Z"}], "endDate": "2025-07-10", "id": "CA-LESTE-construtiva-4DE-2025-07-08", "name": "Jogo de Guerra", "origin": "CA-LESTE", "simulationType": "construtiva", "simulations": [{"id": "172.19.0.14_2025-07-08", "movedAt": "2025-07-08T18:28:17.872Z", "name": "172.19.0.14_2025-07-08", "originalPath": "staging/172.19.0.14_2025-07-08", "path": "exercises/CA-LESTE-construtiva-4DE-2025-07-08/simulations/172.19.0.14_2025-07-08"}], "startDate": "2025-07-08", "trainedForce": "4 Divis\u00e3o de Ex\u00e9rcito", "updatedAt": "2025-07-08T18:28:17.873Z", "wikiUrl": ""}}. Error code is: 1.
[2025-07-08T18:57:44.622+0000] {taskinstance.py:1242} INFO - Marking task as FAILED. dag_id=process_exercises, task_id=process_exercises, run_id=manual__2025-07-08T18:56:53.359915+00:00, execution_date=20250708T185653, start_date=20250708T185657, end_date=20250708T185744
[2025-07-08T18:57:44.741+0000] {taskinstance.py:349} INFO - ::group::Post task execution logs
[2025-07-08T18:57:44.742+0000] {standard_task_runner.py:124} ERROR - Failed to execute job 191 for task process_exercises (Cannot execute: spark-submit --master spark://spark-master:7077 --jars /opt/bitnami/spark/jars/iceberg-spark-runtime-3.5_2.12-1.8.1.jar,/opt/bitnami/spark/jars/nessie-spark-extensions-3.5_2.12-0.103.2.jar,/opt/bitnami/spark/jars/nessie-client-0.103.2.jar,/opt/bitnami/spark/jars/hadoop-aws-3.3.2.jar,/opt/bitnami/spark/jars/aws-java-sdk-bundle-1.12.262.jar, --name arrow-spark --deploy-mode client /opt/bitnami/spark/jobs/process_exercises_job.py {"id": "CA-LESTE-construtiva-4DE-2025-07-08", "manifest_entry": {"data": {"createdAt": "2025-07-08T18:27:58.496Z", "origin": "CA-LESTE", "path": "exercises/CA-LESTE-construtiva-4DE-2025-07-08"}, "id": "CA-LESTE-construtiva-4DE-2025-07-08"}, "metadata": {"createdAt": "2025-07-08T18:27:58.496Z", "description": "4DE", "documents": [{"description": "", "id": "1751999288885", "mimetype": "application/pdf", "name": "Op Jacui IV - Ordem de Operacoes.pdf", "path": "exercises/CA-LESTE-construtiva-4DE-2025-07-08/documents/Op Jacui IV - Ordem de Operacoes.pdf", "size": 336744, "uploadedAt": "2025-07-08T18:28:08.885Z"}], "endDate": "2025-07-10", "id": "CA-LESTE-construtiva-4DE-2025-07-08", "name": "Jogo de Guerra", "origin": "CA-LESTE", "simulationType": "construtiva", "simulations": [{"id": "172.19.0.14_2025-07-08", "movedAt": "2025-07-08T18:28:17.872Z", "name": "172.19.0.14_2025-07-08", "originalPath": "staging/172.19.0.14_2025-07-08", "path": "exercises/CA-LESTE-construtiva-4DE-2025-07-08/simulations/172.19.0.14_2025-07-08"}], "startDate": "2025-07-08", "trainedForce": "4 Divis\u00e3o de Ex\u00e9rcito", "updatedAt": "2025-07-08T18:28:17.873Z", "wikiUrl": ""}}. Error code is: 1.; 12597)
Traceback (most recent call last):
  File "/home/airflow/.local/lib/python3.12/site-packages/airflow/task/task_runner/standard_task_runner.py", line 117, in _start_by_fork
    ret = args.func(args, dag=self.dag)
          ^^^^^^^^^^^^^^^^^^^^^^^^^^^^^
  File "/home/airflow/.local/lib/python3.12/site-packages/airflow/cli/cli_config.py", line 49, in command
    return func(*args, **kwargs)
           ^^^^^^^^^^^^^^^^^^^^^
  File "/home/airflow/.local/lib/python3.12/site-packages/airflow/utils/cli.py", line 116, in wrapper
    return f(*args, **kwargs)
           ^^^^^^^^^^^^^^^^^^
  File "/home/airflow/.local/lib/python3.12/site-packages/airflow/cli/commands/task_command.py", line 483, in task_run
    task_return_code = _run_task_by_selected_method(args, _dag, ti)
                       ^^^^^^^^^^^^^^^^^^^^^^^^^^^^^^^^^^^^^^^^^^^^
  File "/home/airflow/.local/lib/python3.12/site-packages/airflow/cli/commands/task_command.py", line 256, in _run_task_by_selected_method
    return _run_raw_task(args, ti)
           ^^^^^^^^^^^^^^^^^^^^^^^
  File "/home/airflow/.local/lib/python3.12/site-packages/airflow/cli/commands/task_command.py", line 341, in _run_raw_task
    return ti._run_raw_task(
           ^^^^^^^^^^^^^^^^^
  File "/home/airflow/.local/lib/python3.12/site-packages/airflow/utils/session.py", line 97, in wrapper
    return func(*args, session=session, **kwargs)
           ^^^^^^^^^^^^^^^^^^^^^^^^^^^^^^^^^^^^^^
  File "/home/airflow/.local/lib/python3.12/site-packages/airflow/models/taskinstance.py", line 3029, in _run_raw_task
    return _run_raw_task(
           ^^^^^^^^^^^^^^
  File "/home/airflow/.local/lib/python3.12/site-packages/airflow/models/taskinstance.py", line 282, in _run_raw_task
    TaskInstance._execute_task_with_callbacks(
  File "/home/airflow/.local/lib/python3.12/site-packages/airflow/models/taskinstance.py", line 3184, in _execute_task_with_callbacks
    result = self._execute_task(context, task_orig)
             ^^^^^^^^^^^^^^^^^^^^^^^^^^^^^^^^^^^^^^
  File "/home/airflow/.local/lib/python3.12/site-packages/airflow/models/taskinstance.py", line 3208, in _execute_task
    return _execute_task(self, context, task_orig)
           ^^^^^^^^^^^^^^^^^^^^^^^^^^^^^^^^^^^^^^^
  File "/home/airflow/.local/lib/python3.12/site-packages/airflow/models/taskinstance.py", line 776, in _execute_task
    result = _execute_callable(context=context, **execute_callable_kwargs)
             ^^^^^^^^^^^^^^^^^^^^^^^^^^^^^^^^^^^^^^^^^^^^^^^^^^^^^^^^^^^^^
  File "/home/airflow/.local/lib/python3.12/site-packages/airflow/models/taskinstance.py", line 742, in _execute_callable
    return ExecutionCallableRunner(
           ^^^^^^^^^^^^^^^^^^^^^^^^
  File "/home/airflow/.local/lib/python3.12/site-packages/airflow/utils/operator_helpers.py", line 252, in run
    return self.func(*args, **kwargs)
           ^^^^^^^^^^^^^^^^^^^^^^^^^^
  File "/home/airflow/.local/lib/python3.12/site-packages/airflow/models/baseoperator.py", line 424, in wrapper
    return func(self, *args, **kwargs)
           ^^^^^^^^^^^^^^^^^^^^^^^^^^^
  File "/home/airflow/.local/lib/python3.12/site-packages/airflow/providers/apache/spark/operators/spark_submit.py", line 197, in execute
    self._hook.submit(self.application)
  File "/home/airflow/.local/lib/python3.12/site-packages/airflow/providers/apache/spark/hooks/spark_submit.py", line 566, in submit
    raise AirflowException(
airflow.exceptions.AirflowException: Cannot execute: spark-submit --master spark://spark-master:7077 --jars /opt/bitnami/spark/jars/iceberg-spark-runtime-3.5_2.12-1.8.1.jar,/opt/bitnami/spark/jars/nessie-spark-extensions-3.5_2.12-0.103.2.jar,/opt/bitnami/spark/jars/nessie-client-0.103.2.jar,/opt/bitnami/spark/jars/hadoop-aws-3.3.2.jar,/opt/bitnami/spark/jars/aws-java-sdk-bundle-1.12.262.jar, --name arrow-spark --deploy-mode client /opt/bitnami/spark/jobs/process_exercises_job.py {"id": "CA-LESTE-construtiva-4DE-2025-07-08", "manifest_entry": {"data": {"createdAt": "2025-07-08T18:27:58.496Z", "origin": "CA-LESTE", "path": "exercises/CA-LESTE-construtiva-4DE-2025-07-08"}, "id": "CA-LESTE-construtiva-4DE-2025-07-08"}, "metadata": {"createdAt": "2025-07-08T18:27:58.496Z", "description": "4DE", "documents": [{"description": "", "id": "1751999288885", "mimetype": "application/pdf", "name": "Op Jacui IV - Ordem de Operacoes.pdf", "path": "exercises/CA-LESTE-construtiva-4DE-2025-07-08/documents/Op Jacui IV - Ordem de Operacoes.pdf", "size": 336744, "uploadedAt": "2025-07-08T18:28:08.885Z"}], "endDate": "2025-07-10", "id": "CA-LESTE-construtiva-4DE-2025-07-08", "name": "Jogo de Guerra", "origin": "CA-LESTE", "simulationType": "construtiva", "simulations": [{"id": "172.19.0.14_2025-07-08", "movedAt": "2025-07-08T18:28:17.872Z", "name": "172.19.0.14_2025-07-08", "originalPath": "staging/172.19.0.14_2025-07-08", "path": "exercises/CA-LESTE-construtiva-4DE-2025-07-08/simulations/172.19.0.14_2025-07-08"}], "startDate": "2025-07-08", "trainedForce": "4 Divis\u00e3o de Ex\u00e9rcito", "updatedAt": "2025-07-08T18:28:17.873Z", "wikiUrl": ""}}. Error code is: 1.
[2025-07-08T18:57:44.764+0000] {local_task_job_runner.py:266} INFO - Task exited with return code 1
[2025-07-08T18:57:44.798+0000] {taskinstance.py:3924} INFO - 0 downstream tasks scheduled from follow-on schedule check
[2025-07-08T18:57:44.839+0000] {local_task_job_runner.py:245} INFO - ::endgroup::
