[2025-07-08T15:11:02.554+0000] {local_task_job_runner.py:123} INFO - ::group::Pre task execution logs
[2025-07-08T15:11:02.594+0000] {taskinstance.py:2631} INFO - Dependencies all met for dep_context=non-requeueable deps ti=<TaskInstance: process_exercises.process_exercises manual__2025-07-08T15:10:58.916322+00:00 [queued]>
[2025-07-08T15:11:02.606+0000] {taskinstance.py:2631} INFO - Dependencies all met for dep_context=requeueable deps ti=<TaskInstance: process_exercises.process_exercises manual__2025-07-08T15:10:58.916322+00:00 [queued]>
[2025-07-08T15:11:02.607+0000] {taskinstance.py:2884} INFO - Starting attempt 1 of 1
[2025-07-08T15:11:02.666+0000] {taskinstance.py:2907} INFO - Executing <Task(SparkSubmitOperator): process_exercises> on 2025-07-08 15:10:58.916322+00:00
[2025-07-08T15:11:02.678+0000] {logging_mixin.py:190} WARNING - /home/airflow/.local/lib/python3.12/site-packages/airflow/task/task_runner/standard_task_runner.py:70 DeprecationWarning: This process (pid=3269) is multi-threaded, use of fork() may lead to deadlocks in the child.
[2025-07-08T15:11:02.680+0000] {standard_task_runner.py:72} INFO - Started process 3280 to run task
[2025-07-08T15:11:02.678+0000] {standard_task_runner.py:104} INFO - Running: ['airflow', 'tasks', 'run', 'process_exercises', 'process_exercises', 'manual__2025-07-08T15:10:58.916322+00:00', '--job-id', '139', '--raw', '--subdir', 'DAGS_FOLDER/process_exercises.py', '--cfg-path', '/tmp/tmponqs3rbp']
[2025-07-08T15:11:02.682+0000] {standard_task_runner.py:105} INFO - Job 139: Subtask process_exercises
[2025-07-08T15:11:02.908+0000] {task_command.py:467} INFO - Running <TaskInstance: process_exercises.process_exercises manual__2025-07-08T15:10:58.916322+00:00 [running]> on host 3748f1b8240a
[2025-07-08T15:11:03.360+0000] {taskinstance.py:3157} INFO - Exporting env vars: AIRFLOW_CTX_DAG_OWNER='airflow' AIRFLOW_CTX_DAG_ID='process_exercises' AIRFLOW_CTX_TASK_ID='process_exercises' AIRFLOW_CTX_EXECUTION_DATE='2025-07-08T15:10:58.916322+00:00' AIRFLOW_CTX_TRY_NUMBER='1' AIRFLOW_CTX_DAG_RUN_ID='manual__2025-07-08T15:10:58.916322+00:00'
[2025-07-08T15:11:03.363+0000] {taskinstance.py:740} INFO - ::endgroup::
[2025-07-08T15:11:03.439+0000] {base.py:84} INFO - Retrieving connection 'spark-ebsim'
[2025-07-08T15:11:03.447+0000] {spark_submit.py:474} INFO - Spark-Submit cmd: spark-submit --master spark://spark-master:7077 --jars /opt/bitnami/spark/jars/iceberg-spark-runtime-3.5_2.12-1.8.1.jar,/opt/bitnami/spark/jars/nessie-spark-extensions-3.5_2.12-0.103.2.jar,/opt/bitnami/spark/jars/nessie-client-0.103.2.jar,/opt/bitnami/spark/jars/hadoop-aws-3.3.2.jar,/opt/bitnami/spark/jars/aws-java-sdk-bundle-1.12.262.jar, --name arrow-spark --deploy-mode client /opt/bitnami/spark/jobs/process_exercises_job.py {"id": "CA-SUL-construtiva-6DE-2025-07-08", "manifest_entry": {"data": {"createdAt": "2025-07-08T13:02:46.325Z", "origin": "CA-SUL", "path": "exercises/CA-SUL-construtiva-6DE-2025-07-08"}, "id": "CA-SUL-construtiva-6DE-2025-07-08"}, "metadata": {"createdAt": "2025-07-08T13:02:46.325Z", "description": "6DE", "documents": [{"description": "", "id": "1751979893598", "mimetype": "application/pdf", "name": "Op Jacui IV - Anexo A - Inteligencia.pdf", "path": "exercises/CA-SUL-construtiva-6DE-2025-07-08/documents/Op Jacui IV - Anexo A - Inteligencia.pdf", "size": 47523, "uploadedAt": "2025-07-08T13:04:53.598Z"}], "endDate": "2025-07-10", "id": "CA-SUL-construtiva-6DE-2025-07-08", "name": "Jogo de Guerra", "origin": "CA-SUL", "simulationType": "construtiva", "simulations": [{"id": "172.19.0.14_2025-07-08", "movedAt": "2025-07-08T13:05:04.531Z", "name": "172.19.0.14_2025-07-08", "originalPath": "staging/172.19.0.14_2025-07-08", "path": "exercises/CA-SUL-construtiva-6DE-2025-07-08/simulations/172.19.0.14_2025-07-08"}], "startDate": "2025-07-08", "trainedForce": "6 Divis\u00e3o de Ex\u00e9rcito", "updatedAt": "2025-07-08T13:05:04.532Z", "wikiUrl": ""}}
[2025-07-08T15:11:06.077+0000] {spark_submit.py:644} INFO - 25/07/08 15:11:06 WARN NativeCodeLoader: Unable to load native-hadoop library for your platform... using builtin-java classes where applicable
[2025-07-08T15:11:08.496+0000] {spark_submit.py:644} INFO - [PROCESS EXERCISES] ✅ sessão Spark iniciada com sucesso.
[2025-07-08T15:11:09.082+0000] {spark_submit.py:644} INFO - 25/07/08 15:11:09 INFO SparkContext: Running Spark version 3.5.5
[2025-07-08T15:11:09.082+0000] {spark_submit.py:644} INFO - 25/07/08 15:11:09 INFO SparkContext: OS info Linux, 5.15.167.4-microsoft-standard-WSL2, amd64
[2025-07-08T15:11:09.083+0000] {spark_submit.py:644} INFO - 25/07/08 15:11:09 INFO SparkContext: Java version 17.0.15
[2025-07-08T15:11:09.119+0000] {spark_submit.py:644} INFO - 25/07/08 15:11:09 INFO ResourceUtils: ==============================================================
[2025-07-08T15:11:09.120+0000] {spark_submit.py:644} INFO - 25/07/08 15:11:09 INFO ResourceUtils: No custom resources configured for spark.driver.
[2025-07-08T15:11:09.121+0000] {spark_submit.py:644} INFO - 25/07/08 15:11:09 INFO ResourceUtils: ==============================================================
[2025-07-08T15:11:09.121+0000] {spark_submit.py:644} INFO - 25/07/08 15:11:09 INFO SparkContext: Submitted application: ProcessExercises
[2025-07-08T15:11:09.143+0000] {spark_submit.py:644} INFO - 25/07/08 15:11:09 INFO ResourceProfile: Default ResourceProfile created, executor resources: Map(memory -> name: memory, amount: 1024, script: , vendor: , offHeap -> name: offHeap, amount: 0, script: , vendor: ), task resources: Map(cpus -> name: cpus, amount: 1.0)
[2025-07-08T15:11:09.151+0000] {spark_submit.py:644} INFO - 25/07/08 15:11:09 INFO ResourceProfile: Limiting resource is cpu
[2025-07-08T15:11:09.152+0000] {spark_submit.py:644} INFO - 25/07/08 15:11:09 INFO ResourceProfileManager: Added ResourceProfile id: 0
[2025-07-08T15:11:09.192+0000] {spark_submit.py:644} INFO - 25/07/08 15:11:09 INFO SecurityManager: Changing view acls to: airflow
[2025-07-08T15:11:09.193+0000] {spark_submit.py:644} INFO - 25/07/08 15:11:09 INFO SecurityManager: Changing modify acls to: airflow
[2025-07-08T15:11:09.193+0000] {spark_submit.py:644} INFO - 25/07/08 15:11:09 INFO SecurityManager: Changing view acls groups to:
[2025-07-08T15:11:09.194+0000] {spark_submit.py:644} INFO - 25/07/08 15:11:09 INFO SecurityManager: Changing modify acls groups to:
[2025-07-08T15:11:09.194+0000] {spark_submit.py:644} INFO - 25/07/08 15:11:09 INFO SecurityManager: SecurityManager: authentication disabled; ui acls disabled; users with view permissions: airflow; groups with view permissions: EMPTY; users with modify permissions: airflow; groups with modify permissions: EMPTY
[2025-07-08T15:11:09.360+0000] {spark_submit.py:644} INFO - 25/07/08 15:11:09 INFO Utils: Successfully started service 'sparkDriver' on port 43961.
[2025-07-08T15:11:09.383+0000] {spark_submit.py:644} INFO - 25/07/08 15:11:09 INFO SparkEnv: Registering MapOutputTracker
[2025-07-08T15:11:09.428+0000] {spark_submit.py:644} INFO - 25/07/08 15:11:09 INFO SparkEnv: Registering BlockManagerMaster
[2025-07-08T15:11:09.445+0000] {spark_submit.py:644} INFO - 25/07/08 15:11:09 INFO BlockManagerMasterEndpoint: Using org.apache.spark.storage.DefaultTopologyMapper for getting topology information
[2025-07-08T15:11:09.446+0000] {spark_submit.py:644} INFO - 25/07/08 15:11:09 INFO BlockManagerMasterEndpoint: BlockManagerMasterEndpoint up
[2025-07-08T15:11:09.448+0000] {spark_submit.py:644} INFO - 25/07/08 15:11:09 INFO SparkEnv: Registering BlockManagerMasterHeartbeat
[2025-07-08T15:11:09.465+0000] {spark_submit.py:644} INFO - 25/07/08 15:11:09 INFO DiskBlockManager: Created local directory at /tmp/blockmgr-eea063f4-d48f-4e02-8047-e828dff3df37
[2025-07-08T15:11:09.476+0000] {spark_submit.py:644} INFO - 25/07/08 15:11:09 INFO MemoryStore: MemoryStore started with capacity 434.4 MiB
[2025-07-08T15:11:09.489+0000] {spark_submit.py:644} INFO - 25/07/08 15:11:09 INFO SparkEnv: Registering OutputCommitCoordinator
[2025-07-08T15:11:09.657+0000] {spark_submit.py:644} INFO - 25/07/08 15:11:09 INFO JettyUtils: Start Jetty 0.0.0.0:4040 for SparkUI
[2025-07-08T15:11:09.716+0000] {spark_submit.py:644} INFO - 25/07/08 15:11:09 INFO Utils: Successfully started service 'SparkUI' on port 4040.
[2025-07-08T15:11:09.752+0000] {spark_submit.py:644} INFO - 25/07/08 15:11:09 INFO SparkContext: Added JAR file:///opt/bitnami/spark/jars/iceberg-spark-runtime-3.5_2.12-1.8.1.jar at spark://3748f1b8240a:43961/jars/iceberg-spark-runtime-3.5_2.12-1.8.1.jar with timestamp 1751987469074
[2025-07-08T15:11:09.753+0000] {spark_submit.py:644} INFO - 25/07/08 15:11:09 INFO SparkContext: Added JAR file:///opt/bitnami/spark/jars/nessie-spark-extensions-3.5_2.12-0.103.2.jar at spark://3748f1b8240a:43961/jars/nessie-spark-extensions-3.5_2.12-0.103.2.jar with timestamp 1751987469074
[2025-07-08T15:11:09.754+0000] {spark_submit.py:644} INFO - 25/07/08 15:11:09 INFO SparkContext: Added JAR file:///opt/bitnami/spark/jars/nessie-client-0.103.2.jar at spark://3748f1b8240a:43961/jars/nessie-client-0.103.2.jar with timestamp 1751987469074
[2025-07-08T15:11:09.755+0000] {spark_submit.py:644} INFO - 25/07/08 15:11:09 INFO SparkContext: Added JAR file:///opt/bitnami/spark/jars/hadoop-aws-3.3.2.jar at spark://3748f1b8240a:43961/jars/hadoop-aws-3.3.2.jar with timestamp 1751987469074
[2025-07-08T15:11:09.756+0000] {spark_submit.py:644} INFO - 25/07/08 15:11:09 INFO SparkContext: Added JAR file:///opt/bitnami/spark/jars/aws-java-sdk-bundle-1.12.262.jar at spark://3748f1b8240a:43961/jars/aws-java-sdk-bundle-1.12.262.jar with timestamp 1751987469074
[2025-07-08T15:11:09.955+0000] {spark_submit.py:644} INFO - 25/07/08 15:11:09 INFO StandaloneAppClient$ClientEndpoint: Connecting to master spark://spark-master:7077...
[2025-07-08T15:11:10.037+0000] {spark_submit.py:644} INFO - 25/07/08 15:11:10 INFO TransportClientFactory: Successfully created connection to spark-master/172.19.0.2:7077 after 22 ms (0 ms spent in bootstraps)
[2025-07-08T15:11:10.116+0000] {spark_submit.py:644} INFO - 25/07/08 15:11:10 INFO StandaloneSchedulerBackend: Connected to Spark cluster with app ID app-20250708151110-0003
[2025-07-08T15:11:10.118+0000] {spark_submit.py:644} INFO - 25/07/08 15:11:10 INFO StandaloneAppClient$ClientEndpoint: Executor added: app-20250708151110-0003/0 on worker-20250708130010-172.19.0.8-33627 (172.19.0.8:33627) with 2 core(s)
[2025-07-08T15:11:10.120+0000] {spark_submit.py:644} INFO - 25/07/08 15:11:10 INFO StandaloneSchedulerBackend: Granted executor ID app-20250708151110-0003/0 on hostPort 172.19.0.8:33627 with 2 core(s), 1024.0 MiB RAM
[2025-07-08T15:11:10.125+0000] {spark_submit.py:644} INFO - 25/07/08 15:11:10 INFO Utils: Successfully started service 'org.apache.spark.network.netty.NettyBlockTransferService' on port 43917.
[2025-07-08T15:11:10.126+0000] {spark_submit.py:644} INFO - 25/07/08 15:11:10 INFO NettyBlockTransferService: Server created on 3748f1b8240a:43917
[2025-07-08T15:11:10.127+0000] {spark_submit.py:644} INFO - 25/07/08 15:11:10 INFO BlockManager: Using org.apache.spark.storage.RandomBlockReplicationPolicy for block replication policy
[2025-07-08T15:11:10.131+0000] {spark_submit.py:644} INFO - 25/07/08 15:11:10 INFO BlockManagerMaster: Registering BlockManager BlockManagerId(driver, 3748f1b8240a, 43917, None)
[2025-07-08T15:11:10.134+0000] {spark_submit.py:644} INFO - 25/07/08 15:11:10 INFO BlockManagerMasterEndpoint: Registering block manager 3748f1b8240a:43917 with 434.4 MiB RAM, BlockManagerId(driver, 3748f1b8240a, 43917, None)
[2025-07-08T15:11:10.136+0000] {spark_submit.py:644} INFO - 25/07/08 15:11:10 INFO BlockManagerMaster: Registered BlockManager BlockManagerId(driver, 3748f1b8240a, 43917, None)
[2025-07-08T15:11:10.137+0000] {spark_submit.py:644} INFO - 25/07/08 15:11:10 INFO BlockManager: Initialized BlockManager: BlockManagerId(driver, 3748f1b8240a, 43917, None)
[2025-07-08T15:11:10.181+0000] {spark_submit.py:644} INFO - 25/07/08 15:11:10 INFO StandaloneAppClient$ClientEndpoint: Executor updated: app-20250708151110-0003/0 is now RUNNING
[2025-07-08T15:11:10.344+0000] {spark_submit.py:644} INFO - 25/07/08 15:11:10 INFO StandaloneSchedulerBackend: SchedulerBackend is ready for scheduling beginning after reached minRegisteredResourcesRatio: 0.0
[2025-07-08T15:11:10.655+0000] {spark_submit.py:644} INFO - 25/07/08 15:11:10 INFO SharedState: Setting hive.metastore.warehouse.dir ('null') to the value of spark.sql.warehouse.dir.
[2025-07-08T15:11:10.658+0000] {spark_submit.py:644} INFO - 25/07/08 15:11:10 INFO SharedState: Warehouse path is 'file:/opt/airflow/spark-warehouse'.
[2025-07-08T15:11:13.248+0000] {spark_submit.py:644} INFO - 25/07/08 15:11:13 INFO CatalogUtil: Loading custom FileIO implementation: org.apache.iceberg.hadoop.HadoopFileIO
[2025-07-08T15:11:13.726+0000] {spark_submit.py:644} INFO - 25/07/08 15:11:13 INFO StandaloneSchedulerBackend$StandaloneDriverEndpoint: Registered executor NettyRpcEndpointRef(spark-client://Executor) (172.19.0.8:38368) with ID 0,  ResourceProfileId 0
[2025-07-08T15:11:13.850+0000] {spark_submit.py:644} INFO - 25/07/08 15:11:13 INFO BlockManagerMasterEndpoint: Registering block manager 172.19.0.8:42923 with 434.4 MiB RAM, BlockManagerId(0, 172.19.0.8, 42923, None)
[2025-07-08T15:11:15.079+0000] {spark_submit.py:644} INFO - 25/07/08 15:11:15 WARN MetricsConfig: Cannot locate configuration: tried hadoop-metrics2-s3a-file-system.properties,hadoop-metrics2.properties
[2025-07-08T15:11:15.091+0000] {spark_submit.py:644} INFO - 25/07/08 15:11:15 INFO MetricsSystemImpl: Scheduled Metric snapshot period at 10 second(s).
[2025-07-08T15:11:15.092+0000] {spark_submit.py:644} INFO - 25/07/08 15:11:15 INFO MetricsSystemImpl: s3a-file-system metrics system started
[2025-07-08T15:11:16.938+0000] {spark_submit.py:644} INFO - 25/07/08 15:11:16 INFO InMemoryFileIndex: It took 55 ms to list leaf files for 1 paths.
[2025-07-08T15:11:17.348+0000] {spark_submit.py:644} INFO - 25/07/08 15:11:17 INFO FileSourceStrategy: Pushed Filters:
[2025-07-08T15:11:17.350+0000] {spark_submit.py:644} INFO - 25/07/08 15:11:17 INFO FileSourceStrategy: Post-Scan Filters:
[2025-07-08T15:11:17.782+0000] {spark_submit.py:644} INFO - 25/07/08 15:11:17 INFO CodeGenerator: Code generated in 160.448077 ms
[2025-07-08T15:11:17.828+0000] {spark_submit.py:644} INFO - 25/07/08 15:11:17 INFO MemoryStore: Block broadcast_0 stored as values in memory (estimated size 203.5 KiB, free 434.2 MiB)
[2025-07-08T15:11:18.010+0000] {spark_submit.py:644} INFO - 25/07/08 15:11:18 INFO MemoryStore: Block broadcast_0_piece0 stored as bytes in memory (estimated size 35.7 KiB, free 434.2 MiB)
[2025-07-08T15:11:18.013+0000] {spark_submit.py:644} INFO - 25/07/08 15:11:18 INFO BlockManagerInfo: Added broadcast_0_piece0 in memory on 3748f1b8240a:43917 (size: 35.7 KiB, free: 434.4 MiB)
[2025-07-08T15:11:18.016+0000] {spark_submit.py:644} INFO - 25/07/08 15:11:18 INFO SparkContext: Created broadcast 0 from collect at /opt/bitnami/spark/jobs/process_exercises_job.py:221
[2025-07-08T15:11:18.032+0000] {spark_submit.py:644} INFO - 25/07/08 15:11:18 INFO FileSourceScanExec: Planning scan with bin packing, max size: 4194304 bytes, open cost is considered as scanning 4194304 bytes.
[2025-07-08T15:11:18.510+0000] {spark_submit.py:644} INFO - 25/07/08 15:11:18 INFO SparkContext: Starting job: collect at /opt/bitnami/spark/jobs/process_exercises_job.py:221
[2025-07-08T15:11:18.524+0000] {spark_submit.py:644} INFO - 25/07/08 15:11:18 INFO DAGScheduler: Got job 0 (collect at /opt/bitnami/spark/jobs/process_exercises_job.py:221) with 1 output partitions
[2025-07-08T15:11:18.524+0000] {spark_submit.py:644} INFO - 25/07/08 15:11:18 INFO DAGScheduler: Final stage: ResultStage 0 (collect at /opt/bitnami/spark/jobs/process_exercises_job.py:221)
[2025-07-08T15:11:18.525+0000] {spark_submit.py:644} INFO - 25/07/08 15:11:18 INFO DAGScheduler: Parents of final stage: List()
[2025-07-08T15:11:18.526+0000] {spark_submit.py:644} INFO - 25/07/08 15:11:18 INFO DAGScheduler: Missing parents: List()
[2025-07-08T15:11:18.529+0000] {spark_submit.py:644} INFO - 25/07/08 15:11:18 INFO DAGScheduler: Submitting ResultStage 0 (MapPartitionsRDD[5] at collect at /opt/bitnami/spark/jobs/process_exercises_job.py:221), which has no missing parents
[2025-07-08T15:11:18.544+0000] {spark_submit.py:644} INFO - 25/07/08 15:11:18 INFO MemoryStore: Block broadcast_1 stored as values in memory (estimated size 26.8 KiB, free 434.1 MiB)
[2025-07-08T15:11:18.677+0000] {spark_submit.py:644} INFO - 25/07/08 15:11:18 INFO MemoryStore: Block broadcast_1_piece0 stored as bytes in memory (estimated size 13.3 KiB, free 434.1 MiB)
[2025-07-08T15:11:18.681+0000] {spark_submit.py:644} INFO - 25/07/08 15:11:18 INFO BlockManagerInfo: Added broadcast_1_piece0 in memory on 3748f1b8240a:43917 (size: 13.3 KiB, free: 434.4 MiB)
[2025-07-08T15:11:18.685+0000] {spark_submit.py:644} INFO - 25/07/08 15:11:18 INFO SparkContext: Created broadcast 1 from broadcast at DAGScheduler.scala:1585
[2025-07-08T15:11:18.929+0000] {spark_submit.py:644} INFO - 25/07/08 15:11:18 INFO DAGScheduler: Submitting 1 missing tasks from ResultStage 0 (MapPartitionsRDD[5] at collect at /opt/bitnami/spark/jobs/process_exercises_job.py:221) (first 15 tasks are for partitions Vector(0))
[2025-07-08T15:11:18.934+0000] {spark_submit.py:644} INFO - 25/07/08 15:11:18 INFO TaskSchedulerImpl: Adding task set 0.0 with 1 tasks resource profile 0
[2025-07-08T15:11:19.632+0000] {spark_submit.py:644} INFO - 25/07/08 15:11:19 INFO TaskSetManager: Starting task 0.0 in stage 0.0 (TID 0) (172.19.0.8, executor 0, partition 0, PROCESS_LOCAL, 10202 bytes)
[2025-07-08T15:11:19.818+0000] {spark_submit.py:644} INFO - 25/07/08 15:11:19 INFO BlockManagerInfo: Added broadcast_1_piece0 in memory on 172.19.0.8:42923 (size: 13.3 KiB, free: 434.4 MiB)
[2025-07-08T15:11:22.020+0000] {spark_submit.py:644} INFO - 25/07/08 15:11:22 INFO BlockManagerInfo: Added broadcast_0_piece0 in memory on 172.19.0.8:42923 (size: 35.7 KiB, free: 434.4 MiB)
[2025-07-08T15:11:27.810+0000] {spark_submit.py:644} INFO - 25/07/08 15:11:27 INFO TaskSetManager: Finished task 0.0 in stage 0.0 (TID 0) in 8187 ms on 172.19.0.8 (executor 0) (1/1)
[2025-07-08T15:11:27.812+0000] {spark_submit.py:644} INFO - 25/07/08 15:11:27 INFO TaskSchedulerImpl: Removed TaskSet 0.0, whose tasks have all completed, from pool
[2025-07-08T15:11:27.815+0000] {spark_submit.py:644} INFO - 25/07/08 15:11:27 INFO PythonAccumulatorV2: Connected to AccumulatorServer at host: 127.0.0.1 port: 34551
[2025-07-08T15:11:27.819+0000] {spark_submit.py:644} INFO - 25/07/08 15:11:27 INFO DAGScheduler: ResultStage 0 (collect at /opt/bitnami/spark/jobs/process_exercises_job.py:221) finished in 9.278 s
[2025-07-08T15:11:27.822+0000] {spark_submit.py:644} INFO - 25/07/08 15:11:27 INFO DAGScheduler: Job 0 is finished. Cancelling potential speculative or zombie tasks for this job
[2025-07-08T15:11:27.822+0000] {spark_submit.py:644} INFO - 25/07/08 15:11:27 INFO TaskSchedulerImpl: Killing all running tasks in stage 0: Stage finished
[2025-07-08T15:11:27.824+0000] {spark_submit.py:644} INFO - 25/07/08 15:11:27 INFO DAGScheduler: Job 0 finished: collect at /opt/bitnami/spark/jobs/process_exercises_job.py:221, took 9.313524 s
[2025-07-08T15:11:39.397+0000] {spark_submit.py:644} INFO - 25/07/08 15:11:39 INFO InMemoryFileIndex: It took 10 ms to list leaf files for 1 paths.
[2025-07-08T15:11:39.430+0000] {spark_submit.py:644} INFO - 25/07/08 15:11:39 INFO FileSourceStrategy: Pushed Filters:
[2025-07-08T15:11:39.431+0000] {spark_submit.py:644} INFO - 25/07/08 15:11:39 INFO FileSourceStrategy: Post-Scan Filters:
[2025-07-08T15:11:39.440+0000] {spark_submit.py:644} INFO - 25/07/08 15:11:39 INFO MemoryStore: Block broadcast_2 stored as values in memory (estimated size 203.7 KiB, free 433.9 MiB)
[2025-07-08T15:11:39.463+0000] {spark_submit.py:644} INFO - 25/07/08 15:11:39 INFO MemoryStore: Block broadcast_2_piece0 stored as bytes in memory (estimated size 35.7 KiB, free 433.9 MiB)
[2025-07-08T15:11:39.470+0000] {spark_submit.py:644} INFO - 25/07/08 15:11:39 INFO BlockManagerInfo: Added broadcast_2_piece0 in memory on 3748f1b8240a:43917 (size: 35.7 KiB, free: 434.3 MiB)
[2025-07-08T15:11:39.471+0000] {spark_submit.py:644} INFO - 25/07/08 15:11:39 INFO SparkContext: Created broadcast 2 from collect at /opt/bitnami/spark/jobs/process_exercises_job.py:347
[2025-07-08T15:11:39.473+0000] {spark_submit.py:644} INFO - 25/07/08 15:11:39 INFO FileSourceScanExec: Planning scan with bin packing, max size: 8390298 bytes, open cost is considered as scanning 4194304 bytes.
[2025-07-08T15:11:39.506+0000] {spark_submit.py:644} INFO - 25/07/08 15:11:39 INFO BlockManagerInfo: Removed broadcast_1_piece0 on 172.19.0.8:42923 in memory (size: 13.3 KiB, free: 434.4 MiB)
[2025-07-08T15:11:39.508+0000] {spark_submit.py:644} INFO - 25/07/08 15:11:39 INFO BlockManagerInfo: Removed broadcast_1_piece0 on 3748f1b8240a:43917 in memory (size: 13.3 KiB, free: 434.3 MiB)
[2025-07-08T15:11:39.524+0000] {spark_submit.py:644} INFO - 25/07/08 15:11:39 INFO SparkContext: Starting job: collect at /opt/bitnami/spark/jobs/process_exercises_job.py:347
[2025-07-08T15:11:39.526+0000] {spark_submit.py:644} INFO - 25/07/08 15:11:39 INFO DAGScheduler: Got job 1 (collect at /opt/bitnami/spark/jobs/process_exercises_job.py:347) with 2 output partitions
[2025-07-08T15:11:39.527+0000] {spark_submit.py:644} INFO - 25/07/08 15:11:39 INFO DAGScheduler: Final stage: ResultStage 1 (collect at /opt/bitnami/spark/jobs/process_exercises_job.py:347)
[2025-07-08T15:11:39.527+0000] {spark_submit.py:644} INFO - 25/07/08 15:11:39 INFO DAGScheduler: Parents of final stage: List()
[2025-07-08T15:11:39.528+0000] {spark_submit.py:644} INFO - 25/07/08 15:11:39 INFO DAGScheduler: Missing parents: List()
[2025-07-08T15:11:39.529+0000] {spark_submit.py:644} INFO - 25/07/08 15:11:39 INFO DAGScheduler: Submitting ResultStage 1 (MapPartitionsRDD[13] at collect at /opt/bitnami/spark/jobs/process_exercises_job.py:347), which has no missing parents
[2025-07-08T15:11:39.531+0000] {spark_submit.py:644} INFO - 25/07/08 15:11:39 INFO MemoryStore: Block broadcast_3 stored as values in memory (estimated size 9.4 KiB, free 433.9 MiB)
[2025-07-08T15:11:39.533+0000] {spark_submit.py:644} INFO - 25/07/08 15:11:39 INFO MemoryStore: Block broadcast_3_piece0 stored as bytes in memory (estimated size 4.7 KiB, free 433.9 MiB)
[2025-07-08T15:11:39.534+0000] {spark_submit.py:644} INFO - 25/07/08 15:11:39 INFO BlockManagerInfo: Added broadcast_3_piece0 in memory on 3748f1b8240a:43917 (size: 4.7 KiB, free: 434.3 MiB)
[2025-07-08T15:11:39.535+0000] {spark_submit.py:644} INFO - 25/07/08 15:11:39 INFO SparkContext: Created broadcast 3 from broadcast at DAGScheduler.scala:1585
[2025-07-08T15:11:39.536+0000] {spark_submit.py:644} INFO - 25/07/08 15:11:39 INFO DAGScheduler: Submitting 2 missing tasks from ResultStage 1 (MapPartitionsRDD[13] at collect at /opt/bitnami/spark/jobs/process_exercises_job.py:347) (first 15 tasks are for partitions Vector(0, 1))
[2025-07-08T15:11:39.536+0000] {spark_submit.py:644} INFO - 25/07/08 15:11:39 INFO TaskSchedulerImpl: Adding task set 1.0 with 2 tasks resource profile 0
[2025-07-08T15:11:39.538+0000] {spark_submit.py:644} INFO - 25/07/08 15:11:39 INFO TaskSetManager: Starting task 0.0 in stage 1.0 (TID 1) (172.19.0.8, executor 0, partition 0, PROCESS_LOCAL, 10376 bytes)
[2025-07-08T15:11:39.539+0000] {spark_submit.py:644} INFO - 25/07/08 15:11:39 INFO TaskSetManager: Starting task 1.0 in stage 1.0 (TID 2) (172.19.0.8, executor 0, partition 1, PROCESS_LOCAL, 10379 bytes)
[2025-07-08T15:11:39.605+0000] {spark_submit.py:644} INFO - 25/07/08 15:11:39 INFO BlockManagerInfo: Added broadcast_3_piece0 in memory on 172.19.0.8:42923 (size: 4.7 KiB, free: 434.4 MiB)
[2025-07-08T15:11:39.648+0000] {spark_submit.py:644} INFO - 25/07/08 15:11:39 INFO BlockManagerInfo: Added broadcast_2_piece0 in memory on 172.19.0.8:42923 (size: 35.7 KiB, free: 434.3 MiB)
[2025-07-08T15:11:39.712+0000] {spark_submit.py:644} INFO - 25/07/08 15:11:39 INFO TaskSetManager: Finished task 1.0 in stage 1.0 (TID 2) in 174 ms on 172.19.0.8 (executor 0) (1/2)
[2025-07-08T15:11:39.713+0000] {spark_submit.py:644} INFO - 25/07/08 15:11:39 INFO TaskSetManager: Finished task 0.0 in stage 1.0 (TID 1) in 176 ms on 172.19.0.8 (executor 0) (2/2)
[2025-07-08T15:11:39.714+0000] {spark_submit.py:644} INFO - 25/07/08 15:11:39 INFO TaskSchedulerImpl: Removed TaskSet 1.0, whose tasks have all completed, from pool
[2025-07-08T15:11:39.715+0000] {spark_submit.py:644} INFO - 25/07/08 15:11:39 INFO DAGScheduler: ResultStage 1 (collect at /opt/bitnami/spark/jobs/process_exercises_job.py:347) finished in 0.185 s
[2025-07-08T15:11:39.716+0000] {spark_submit.py:644} INFO - 25/07/08 15:11:39 INFO DAGScheduler: Job 1 is finished. Cancelling potential speculative or zombie tasks for this job
[2025-07-08T15:11:39.716+0000] {spark_submit.py:644} INFO - 25/07/08 15:11:39 INFO TaskSchedulerImpl: Killing all running tasks in stage 1: Stage finished
[2025-07-08T15:11:39.717+0000] {spark_submit.py:644} INFO - 25/07/08 15:11:39 INFO DAGScheduler: Job 1 finished: collect at /opt/bitnami/spark/jobs/process_exercises_job.py:347, took 0.191576 s
[2025-07-08T15:11:39.757+0000] {spark_submit.py:644} INFO - 25/07/08 15:11:39 INFO InMemoryFileIndex: It took 14 ms to list leaf files for 1 paths.
[2025-07-08T15:11:40.093+0000] {spark_submit.py:644} INFO - 25/07/08 15:11:40 INFO FileSourceStrategy: Pushed Filters:
[2025-07-08T15:11:40.094+0000] {spark_submit.py:644} INFO - 25/07/08 15:11:40 INFO FileSourceStrategy: Post-Scan Filters:
[2025-07-08T15:11:40.341+0000] {spark_submit.py:644} INFO - 25/07/08 15:11:40 INFO CodeGenerator: Code generated in 28.793762 ms
[2025-07-08T15:11:40.377+0000] {spark_submit.py:644} INFO - 25/07/08 15:11:40 INFO CodeGenerator: Code generated in 20.751079 ms
[2025-07-08T15:11:40.380+0000] {spark_submit.py:644} INFO - 25/07/08 15:11:40 INFO MemoryStore: Block broadcast_4 stored as values in memory (estimated size 203.5 KiB, free 433.7 MiB)
[2025-07-08T15:11:40.471+0000] {spark_submit.py:644} INFO - 25/07/08 15:11:40 INFO BlockManagerInfo: Removed broadcast_3_piece0 on 3748f1b8240a:43917 in memory (size: 4.7 KiB, free: 434.3 MiB)
[2025-07-08T15:11:40.476+0000] {spark_submit.py:644} INFO - 25/07/08 15:11:40 INFO BlockManagerInfo: Removed broadcast_3_piece0 on 172.19.0.8:42923 in memory (size: 4.7 KiB, free: 434.3 MiB)
[2025-07-08T15:11:40.478+0000] {spark_submit.py:644} INFO - 25/07/08 15:11:40 INFO MemoryStore: Block broadcast_4_piece0 stored as bytes in memory (estimated size 35.7 KiB, free 433.7 MiB)
[2025-07-08T15:11:40.521+0000] {spark_submit.py:644} INFO - 25/07/08 15:11:40 INFO BlockManagerInfo: Added broadcast_4_piece0 in memory on 3748f1b8240a:43917 (size: 35.7 KiB, free: 434.3 MiB)
[2025-07-08T15:11:40.522+0000] {spark_submit.py:644} INFO - 25/07/08 15:11:40 INFO SparkContext: Created broadcast 4 from count at NativeMethodAccessorImpl.java:0
[2025-07-08T15:11:40.523+0000] {spark_submit.py:644} INFO - 25/07/08 15:11:40 INFO FileSourceScanExec: Planning scan with bin packing, max size: 4194304 bytes, open cost is considered as scanning 4194304 bytes.
[2025-07-08T15:11:40.632+0000] {spark_submit.py:644} INFO - 25/07/08 15:11:40 INFO DAGScheduler: Registering RDD 22 (count at NativeMethodAccessorImpl.java:0) as input to shuffle 0
[2025-07-08T15:11:40.638+0000] {spark_submit.py:644} INFO - 25/07/08 15:11:40 INFO DAGScheduler: Got map stage job 2 (count at NativeMethodAccessorImpl.java:0) with 1 output partitions
[2025-07-08T15:11:40.640+0000] {spark_submit.py:644} INFO - 25/07/08 15:11:40 INFO DAGScheduler: Final stage: ShuffleMapStage 2 (count at NativeMethodAccessorImpl.java:0)
[2025-07-08T15:11:40.641+0000] {spark_submit.py:644} INFO - 25/07/08 15:11:40 INFO DAGScheduler: Parents of final stage: List()
[2025-07-08T15:11:40.642+0000] {spark_submit.py:644} INFO - 25/07/08 15:11:40 INFO DAGScheduler: Missing parents: List()
[2025-07-08T15:11:40.643+0000] {spark_submit.py:644} INFO - 25/07/08 15:11:40 INFO DAGScheduler: Submitting ShuffleMapStage 2 (MapPartitionsRDD[22] at count at NativeMethodAccessorImpl.java:0), which has no missing parents
[2025-07-08T15:11:40.658+0000] {spark_submit.py:644} INFO - 25/07/08 15:11:40 INFO MemoryStore: Block broadcast_5 stored as values in memory (estimated size 41.2 KiB, free 433.7 MiB)
[2025-07-08T15:11:40.660+0000] {spark_submit.py:644} INFO - 25/07/08 15:11:40 INFO MemoryStore: Block broadcast_5_piece0 stored as bytes in memory (estimated size 19.2 KiB, free 433.6 MiB)
[2025-07-08T15:11:40.662+0000] {spark_submit.py:644} INFO - 25/07/08 15:11:40 INFO BlockManagerInfo: Added broadcast_5_piece0 in memory on 3748f1b8240a:43917 (size: 19.2 KiB, free: 434.3 MiB)
[2025-07-08T15:11:40.663+0000] {spark_submit.py:644} INFO - 25/07/08 15:11:40 INFO SparkContext: Created broadcast 5 from broadcast at DAGScheduler.scala:1585
[2025-07-08T15:11:40.707+0000] {spark_submit.py:644} INFO - 25/07/08 15:11:40 INFO DAGScheduler: Submitting 1 missing tasks from ShuffleMapStage 2 (MapPartitionsRDD[22] at count at NativeMethodAccessorImpl.java:0) (first 15 tasks are for partitions Vector(0))
[2025-07-08T15:11:40.709+0000] {spark_submit.py:644} INFO - 25/07/08 15:11:40 INFO TaskSchedulerImpl: Adding task set 2.0 with 1 tasks resource profile 0
[2025-07-08T15:11:40.714+0000] {spark_submit.py:644} INFO - 25/07/08 15:11:40 INFO TaskSetManager: Starting task 0.0 in stage 2.0 (TID 3) (172.19.0.8, executor 0, partition 0, PROCESS_LOCAL, 10189 bytes)
[2025-07-08T15:11:40.830+0000] {spark_submit.py:644} INFO - 25/07/08 15:11:40 INFO BlockManagerInfo: Added broadcast_5_piece0 in memory on 172.19.0.8:42923 (size: 19.2 KiB, free: 434.3 MiB)
[2025-07-08T15:11:40.934+0000] {spark_submit.py:644} INFO - 25/07/08 15:11:40 INFO BlockManagerInfo: Added broadcast_4_piece0 in memory on 172.19.0.8:42923 (size: 35.7 KiB, free: 434.3 MiB)
[2025-07-08T15:11:42.336+0000] {spark_submit.py:644} INFO - 25/07/08 15:11:42 INFO TaskSetManager: Finished task 0.0 in stage 2.0 (TID 3) in 1626 ms on 172.19.0.8 (executor 0) (1/1)
[2025-07-08T15:11:42.337+0000] {spark_submit.py:644} INFO - 25/07/08 15:11:42 INFO TaskSchedulerImpl: Removed TaskSet 2.0, whose tasks have all completed, from pool
[2025-07-08T15:11:42.340+0000] {spark_submit.py:644} INFO - 25/07/08 15:11:42 INFO DAGScheduler: ShuffleMapStage 2 (count at NativeMethodAccessorImpl.java:0) finished in 1.693 s
[2025-07-08T15:11:42.341+0000] {spark_submit.py:644} INFO - 25/07/08 15:11:42 INFO DAGScheduler: looking for newly runnable stages
[2025-07-08T15:11:42.341+0000] {spark_submit.py:644} INFO - 25/07/08 15:11:42 INFO DAGScheduler: running: Set()
[2025-07-08T15:11:42.342+0000] {spark_submit.py:644} INFO - 25/07/08 15:11:42 INFO DAGScheduler: waiting: Set()
[2025-07-08T15:11:42.343+0000] {spark_submit.py:644} INFO - 25/07/08 15:11:42 INFO DAGScheduler: failed: Set()
[2025-07-08T15:11:42.390+0000] {spark_submit.py:644} INFO - 25/07/08 15:11:42 INFO CodeGenerator: Code generated in 15.01965 ms
[2025-07-08T15:11:42.408+0000] {spark_submit.py:644} INFO - 25/07/08 15:11:42 INFO SparkContext: Starting job: count at NativeMethodAccessorImpl.java:0
[2025-07-08T15:11:42.410+0000] {spark_submit.py:644} INFO - 25/07/08 15:11:42 INFO DAGScheduler: Got job 3 (count at NativeMethodAccessorImpl.java:0) with 1 output partitions
[2025-07-08T15:11:42.411+0000] {spark_submit.py:644} INFO - 25/07/08 15:11:42 INFO DAGScheduler: Final stage: ResultStage 4 (count at NativeMethodAccessorImpl.java:0)
[2025-07-08T15:11:42.412+0000] {spark_submit.py:644} INFO - 25/07/08 15:11:42 INFO DAGScheduler: Parents of final stage: List(ShuffleMapStage 3)
[2025-07-08T15:11:42.412+0000] {spark_submit.py:644} INFO - 25/07/08 15:11:42 INFO DAGScheduler: Missing parents: List()
[2025-07-08T15:11:42.413+0000] {spark_submit.py:644} INFO - 25/07/08 15:11:42 INFO DAGScheduler: Submitting ResultStage 4 (MapPartitionsRDD[25] at count at NativeMethodAccessorImpl.java:0), which has no missing parents
[2025-07-08T15:11:42.418+0000] {spark_submit.py:644} INFO - 25/07/08 15:11:42 INFO MemoryStore: Block broadcast_6 stored as values in memory (estimated size 12.5 KiB, free 433.6 MiB)
[2025-07-08T15:11:42.429+0000] {spark_submit.py:644} INFO - 25/07/08 15:11:42 INFO MemoryStore: Block broadcast_6_piece0 stored as bytes in memory (estimated size 5.9 KiB, free 433.6 MiB)
[2025-07-08T15:11:42.451+0000] {spark_submit.py:644} INFO - 25/07/08 15:11:42 INFO BlockManagerInfo: Added broadcast_6_piece0 in memory on 3748f1b8240a:43917 (size: 5.9 KiB, free: 434.3 MiB)
[2025-07-08T15:11:42.451+0000] {spark_submit.py:644} INFO - 25/07/08 15:11:42 INFO SparkContext: Created broadcast 6 from broadcast at DAGScheduler.scala:1585
[2025-07-08T15:11:42.452+0000] {spark_submit.py:644} INFO - 25/07/08 15:11:42 INFO DAGScheduler: Submitting 1 missing tasks from ResultStage 4 (MapPartitionsRDD[25] at count at NativeMethodAccessorImpl.java:0) (first 15 tasks are for partitions Vector(0))
[2025-07-08T15:11:42.453+0000] {spark_submit.py:644} INFO - 25/07/08 15:11:42 INFO TaskSchedulerImpl: Adding task set 4.0 with 1 tasks resource profile 0
[2025-07-08T15:11:42.458+0000] {spark_submit.py:644} INFO - 25/07/08 15:11:42 INFO TaskSetManager: Starting task 0.0 in stage 4.0 (TID 4) (172.19.0.8, executor 0, partition 0, NODE_LOCAL, 9518 bytes)
[2025-07-08T15:11:42.478+0000] {spark_submit.py:644} INFO - 25/07/08 15:11:42 INFO BlockManagerInfo: Added broadcast_6_piece0 in memory on 172.19.0.8:42923 (size: 5.9 KiB, free: 434.3 MiB)
[2025-07-08T15:11:42.499+0000] {spark_submit.py:644} INFO - 25/07/08 15:11:42 INFO MapOutputTrackerMasterEndpoint: Asked to send map output locations for shuffle 0 to 172.19.0.8:38368
[2025-07-08T15:11:42.675+0000] {spark_submit.py:644} INFO - 25/07/08 15:11:42 INFO TaskSetManager: Finished task 0.0 in stage 4.0 (TID 4) in 218 ms on 172.19.0.8 (executor 0) (1/1)
[2025-07-08T15:11:42.676+0000] {spark_submit.py:644} INFO - 25/07/08 15:11:42 INFO TaskSchedulerImpl: Removed TaskSet 4.0, whose tasks have all completed, from pool
[2025-07-08T15:11:42.676+0000] {spark_submit.py:644} INFO - 25/07/08 15:11:42 INFO DAGScheduler: ResultStage 4 (count at NativeMethodAccessorImpl.java:0) finished in 0.260 s
[2025-07-08T15:11:42.677+0000] {spark_submit.py:644} INFO - 25/07/08 15:11:42 INFO DAGScheduler: Job 3 is finished. Cancelling potential speculative or zombie tasks for this job
[2025-07-08T15:11:42.678+0000] {spark_submit.py:644} INFO - 25/07/08 15:11:42 INFO TaskSchedulerImpl: Killing all running tasks in stage 4: Stage finished
[2025-07-08T15:11:42.678+0000] {spark_submit.py:644} INFO - 25/07/08 15:11:42 INFO DAGScheduler: Job 3 finished: count at NativeMethodAccessorImpl.java:0, took 0.268497 s
[2025-07-08T15:11:42.710+0000] {spark_submit.py:644} INFO - 25/07/08 15:11:42 INFO InMemoryFileIndex: It took 10 ms to list leaf files for 1 paths.
[2025-07-08T15:11:42.822+0000] {spark_submit.py:644} INFO - 25/07/08 15:11:42 INFO FileSourceStrategy: Pushed Filters:
[2025-07-08T15:11:42.823+0000] {spark_submit.py:644} INFO - 25/07/08 15:11:42 INFO FileSourceStrategy: Post-Scan Filters:
[2025-07-08T15:11:42.854+0000] {spark_submit.py:644} INFO - 25/07/08 15:11:42 INFO MemoryStore: Block broadcast_7 stored as values in memory (estimated size 203.5 KiB, free 433.4 MiB)
[2025-07-08T15:11:42.934+0000] {spark_submit.py:644} INFO - 25/07/08 15:11:42 INFO MemoryStore: Block broadcast_7_piece0 stored as bytes in memory (estimated size 35.7 KiB, free 433.4 MiB)
[2025-07-08T15:11:42.936+0000] {spark_submit.py:644} INFO - 25/07/08 15:11:42 INFO BlockManagerInfo: Added broadcast_7_piece0 in memory on 3748f1b8240a:43917 (size: 35.7 KiB, free: 434.2 MiB)
[2025-07-08T15:11:42.938+0000] {spark_submit.py:644} INFO - 25/07/08 15:11:42 INFO SparkContext: Created broadcast 7 from count at NativeMethodAccessorImpl.java:0
[2025-07-08T15:11:42.939+0000] {spark_submit.py:644} INFO - 25/07/08 15:11:42 INFO FileSourceScanExec: Planning scan with bin packing, max size: 4194304 bytes, open cost is considered as scanning 4194304 bytes.
[2025-07-08T15:11:42.958+0000] {spark_submit.py:644} INFO - 25/07/08 15:11:42 INFO DAGScheduler: Registering RDD 34 (count at NativeMethodAccessorImpl.java:0) as input to shuffle 1
[2025-07-08T15:11:42.959+0000] {spark_submit.py:644} INFO - 25/07/08 15:11:42 INFO DAGScheduler: Got map stage job 4 (count at NativeMethodAccessorImpl.java:0) with 1 output partitions
[2025-07-08T15:11:42.959+0000] {spark_submit.py:644} INFO - 25/07/08 15:11:42 INFO DAGScheduler: Final stage: ShuffleMapStage 5 (count at NativeMethodAccessorImpl.java:0)
[2025-07-08T15:11:42.960+0000] {spark_submit.py:644} INFO - 25/07/08 15:11:42 INFO DAGScheduler: Parents of final stage: List()
[2025-07-08T15:11:42.960+0000] {spark_submit.py:644} INFO - 25/07/08 15:11:42 INFO DAGScheduler: Missing parents: List()
[2025-07-08T15:11:42.961+0000] {spark_submit.py:644} INFO - 25/07/08 15:11:42 INFO DAGScheduler: Submitting ShuffleMapStage 5 (MapPartitionsRDD[34] at count at NativeMethodAccessorImpl.java:0), which has no missing parents
[2025-07-08T15:11:42.963+0000] {spark_submit.py:644} INFO - 25/07/08 15:11:42 INFO MemoryStore: Block broadcast_8 stored as values in memory (estimated size 41.2 KiB, free 433.3 MiB)
[2025-07-08T15:11:42.974+0000] {spark_submit.py:644} INFO - 25/07/08 15:11:42 INFO MemoryStore: Block broadcast_8_piece0 stored as bytes in memory (estimated size 19.2 KiB, free 433.3 MiB)
[2025-07-08T15:11:42.999+0000] {spark_submit.py:644} INFO - 25/07/08 15:11:42 INFO BlockManagerInfo: Added broadcast_8_piece0 in memory on 3748f1b8240a:43917 (size: 19.2 KiB, free: 434.2 MiB)
[2025-07-08T15:11:43.000+0000] {spark_submit.py:644} INFO - 25/07/08 15:11:43 INFO SparkContext: Created broadcast 8 from broadcast at DAGScheduler.scala:1585
[2025-07-08T15:11:43.001+0000] {spark_submit.py:644} INFO - 25/07/08 15:11:43 INFO DAGScheduler: Submitting 1 missing tasks from ShuffleMapStage 5 (MapPartitionsRDD[34] at count at NativeMethodAccessorImpl.java:0) (first 15 tasks are for partitions Vector(0))
[2025-07-08T15:11:43.001+0000] {spark_submit.py:644} INFO - 25/07/08 15:11:43 INFO TaskSchedulerImpl: Adding task set 5.0 with 1 tasks resource profile 0
[2025-07-08T15:11:43.002+0000] {spark_submit.py:644} INFO - 25/07/08 15:11:43 INFO TaskSetManager: Starting task 0.0 in stage 5.0 (TID 5) (172.19.0.8, executor 0, partition 0, PROCESS_LOCAL, 10189 bytes)
[2025-07-08T15:11:43.017+0000] {spark_submit.py:644} INFO - 25/07/08 15:11:43 INFO BlockManagerInfo: Added broadcast_8_piece0 in memory on 172.19.0.8:42923 (size: 19.2 KiB, free: 434.3 MiB)
[2025-07-08T15:11:43.183+0000] {spark_submit.py:644} INFO - 25/07/08 15:11:43 INFO BlockManagerInfo: Added broadcast_7_piece0 in memory on 172.19.0.8:42923 (size: 35.7 KiB, free: 434.2 MiB)
[2025-07-08T15:11:43.539+0000] {spark_submit.py:644} INFO - 25/07/08 15:11:43 INFO TaskSetManager: Finished task 0.0 in stage 5.0 (TID 5) in 536 ms on 172.19.0.8 (executor 0) (1/1)
[2025-07-08T15:11:43.539+0000] {spark_submit.py:644} INFO - 25/07/08 15:11:43 INFO TaskSchedulerImpl: Removed TaskSet 5.0, whose tasks have all completed, from pool
[2025-07-08T15:11:43.541+0000] {spark_submit.py:644} INFO - 25/07/08 15:11:43 INFO DAGScheduler: ShuffleMapStage 5 (count at NativeMethodAccessorImpl.java:0) finished in 0.580 s
[2025-07-08T15:11:43.541+0000] {spark_submit.py:644} INFO - 25/07/08 15:11:43 INFO DAGScheduler: looking for newly runnable stages
[2025-07-08T15:11:43.542+0000] {spark_submit.py:644} INFO - 25/07/08 15:11:43 INFO DAGScheduler: running: Set()
[2025-07-08T15:11:43.543+0000] {spark_submit.py:644} INFO - 25/07/08 15:11:43 INFO DAGScheduler: waiting: Set()
[2025-07-08T15:11:43.543+0000] {spark_submit.py:644} INFO - 25/07/08 15:11:43 INFO DAGScheduler: failed: Set()
[2025-07-08T15:11:43.562+0000] {spark_submit.py:644} INFO - 25/07/08 15:11:43 INFO SparkContext: Starting job: count at NativeMethodAccessorImpl.java:0
[2025-07-08T15:11:43.563+0000] {spark_submit.py:644} INFO - 25/07/08 15:11:43 INFO DAGScheduler: Got job 5 (count at NativeMethodAccessorImpl.java:0) with 1 output partitions
[2025-07-08T15:11:43.564+0000] {spark_submit.py:644} INFO - 25/07/08 15:11:43 INFO DAGScheduler: Final stage: ResultStage 7 (count at NativeMethodAccessorImpl.java:0)
[2025-07-08T15:11:43.565+0000] {spark_submit.py:644} INFO - 25/07/08 15:11:43 INFO DAGScheduler: Parents of final stage: List(ShuffleMapStage 6)
[2025-07-08T15:11:43.565+0000] {spark_submit.py:644} INFO - 25/07/08 15:11:43 INFO DAGScheduler: Missing parents: List()
[2025-07-08T15:11:43.566+0000] {spark_submit.py:644} INFO - 25/07/08 15:11:43 INFO DAGScheduler: Submitting ResultStage 7 (MapPartitionsRDD[37] at count at NativeMethodAccessorImpl.java:0), which has no missing parents
[2025-07-08T15:11:43.566+0000] {spark_submit.py:644} INFO - 25/07/08 15:11:43 INFO MemoryStore: Block broadcast_9 stored as values in memory (estimated size 12.5 KiB, free 433.3 MiB)
[2025-07-08T15:11:43.604+0000] {spark_submit.py:644} INFO - 25/07/08 15:11:43 INFO MemoryStore: Block broadcast_9_piece0 stored as bytes in memory (estimated size 5.9 KiB, free 433.3 MiB)
[2025-07-08T15:11:43.605+0000] {spark_submit.py:644} INFO - 25/07/08 15:11:43 INFO BlockManagerInfo: Added broadcast_9_piece0 in memory on 3748f1b8240a:43917 (size: 5.9 KiB, free: 434.2 MiB)
[2025-07-08T15:11:43.606+0000] {spark_submit.py:644} INFO - 25/07/08 15:11:43 INFO SparkContext: Created broadcast 9 from broadcast at DAGScheduler.scala:1585
[2025-07-08T15:11:43.606+0000] {spark_submit.py:644} INFO - 25/07/08 15:11:43 INFO BlockManagerInfo: Removed broadcast_6_piece0 on 3748f1b8240a:43917 in memory (size: 5.9 KiB, free: 434.2 MiB)
[2025-07-08T15:11:43.607+0000] {spark_submit.py:644} INFO - 25/07/08 15:11:43 INFO DAGScheduler: Submitting 1 missing tasks from ResultStage 7 (MapPartitionsRDD[37] at count at NativeMethodAccessorImpl.java:0) (first 15 tasks are for partitions Vector(0))
[2025-07-08T15:11:43.608+0000] {spark_submit.py:644} INFO - 25/07/08 15:11:43 INFO TaskSchedulerImpl: Adding task set 7.0 with 1 tasks resource profile 0
[2025-07-08T15:11:43.609+0000] {spark_submit.py:644} INFO - 25/07/08 15:11:43 INFO TaskSetManager: Starting task 0.0 in stage 7.0 (TID 6) (172.19.0.8, executor 0, partition 0, NODE_LOCAL, 9518 bytes)
[2025-07-08T15:11:43.610+0000] {spark_submit.py:644} INFO - 25/07/08 15:11:43 INFO BlockManagerInfo: Removed broadcast_6_piece0 on 172.19.0.8:42923 in memory (size: 5.9 KiB, free: 434.2 MiB)
[2025-07-08T15:11:43.624+0000] {spark_submit.py:644} INFO - 25/07/08 15:11:43 INFO BlockManagerInfo: Removed broadcast_4_piece0 on 3748f1b8240a:43917 in memory (size: 35.7 KiB, free: 434.3 MiB)
[2025-07-08T15:11:43.627+0000] {spark_submit.py:644} INFO - 25/07/08 15:11:43 INFO BlockManagerInfo: Removed broadcast_4_piece0 on 172.19.0.8:42923 in memory (size: 35.7 KiB, free: 434.3 MiB)
[2025-07-08T15:11:43.785+0000] {spark_submit.py:644} INFO - 25/07/08 15:11:43 INFO BlockManagerInfo: Added broadcast_9_piece0 in memory on 172.19.0.8:42923 (size: 5.9 KiB, free: 434.3 MiB)
[2025-07-08T15:11:43.793+0000] {spark_submit.py:644} INFO - 25/07/08 15:11:43 INFO BlockManagerInfo: Removed broadcast_2_piece0 on 3748f1b8240a:43917 in memory (size: 35.7 KiB, free: 434.3 MiB)
[2025-07-08T15:11:43.806+0000] {spark_submit.py:644} INFO - 25/07/08 15:11:43 INFO BlockManagerInfo: Removed broadcast_2_piece0 on 172.19.0.8:42923 in memory (size: 35.7 KiB, free: 434.3 MiB)
[2025-07-08T15:11:43.809+0000] {spark_submit.py:644} INFO - 25/07/08 15:11:43 INFO MapOutputTrackerMasterEndpoint: Asked to send map output locations for shuffle 1 to 172.19.0.8:38368
[2025-07-08T15:11:43.824+0000] {spark_submit.py:644} INFO - 25/07/08 15:11:43 INFO BlockManagerInfo: Removed broadcast_5_piece0 on 3748f1b8240a:43917 in memory (size: 19.2 KiB, free: 434.3 MiB)
[2025-07-08T15:11:43.827+0000] {spark_submit.py:644} INFO - 25/07/08 15:11:43 INFO BlockManagerInfo: Removed broadcast_5_piece0 on 172.19.0.8:42923 in memory (size: 19.2 KiB, free: 434.3 MiB)
[2025-07-08T15:11:43.832+0000] {spark_submit.py:644} INFO - 25/07/08 15:11:43 INFO TaskSetManager: Finished task 0.0 in stage 7.0 (TID 6) in 223 ms on 172.19.0.8 (executor 0) (1/1)
[2025-07-08T15:11:43.833+0000] {spark_submit.py:644} INFO - 25/07/08 15:11:43 INFO TaskSchedulerImpl: Removed TaskSet 7.0, whose tasks have all completed, from pool
[2025-07-08T15:11:43.834+0000] {spark_submit.py:644} INFO - 25/07/08 15:11:43 INFO DAGScheduler: ResultStage 7 (count at NativeMethodAccessorImpl.java:0) finished in 0.268 s
[2025-07-08T15:11:43.834+0000] {spark_submit.py:644} INFO - 25/07/08 15:11:43 INFO DAGScheduler: Job 5 is finished. Cancelling potential speculative or zombie tasks for this job
[2025-07-08T15:11:43.835+0000] {spark_submit.py:644} INFO - 25/07/08 15:11:43 INFO TaskSchedulerImpl: Killing all running tasks in stage 7: Stage finished
[2025-07-08T15:11:43.836+0000] {spark_submit.py:644} INFO - 25/07/08 15:11:43 INFO DAGScheduler: Job 5 finished: count at NativeMethodAccessorImpl.java:0, took 0.272336 s
[2025-07-08T15:11:43.837+0000] {spark_submit.py:644} INFO - 25/07/08 15:11:43 INFO BlockManagerInfo: Removed broadcast_8_piece0 on 3748f1b8240a:43917 in memory (size: 19.2 KiB, free: 434.3 MiB)
[2025-07-08T15:11:43.840+0000] {spark_submit.py:644} INFO - 25/07/08 15:11:43 INFO BlockManagerInfo: Removed broadcast_8_piece0 on 172.19.0.8:42923 in memory (size: 19.2 KiB, free: 434.3 MiB)
[2025-07-08T15:11:43.972+0000] {spark_submit.py:644} INFO - 25/07/08 15:11:43 INFO InMemoryFileIndex: It took 65 ms to list leaf files for 1 paths.
[2025-07-08T15:11:43.996+0000] {spark_submit.py:644} INFO - 25/07/08 15:11:43 INFO BlockManagerInfo: Removed broadcast_9_piece0 on 3748f1b8240a:43917 in memory (size: 5.9 KiB, free: 434.3 MiB)
[2025-07-08T15:11:43.998+0000] {spark_submit.py:644} INFO - 25/07/08 15:11:43 INFO BlockManagerInfo: Removed broadcast_9_piece0 on 172.19.0.8:42923 in memory (size: 5.9 KiB, free: 434.3 MiB)
[2025-07-08T15:11:44.087+0000] {spark_submit.py:644} INFO - 25/07/08 15:11:44 INFO FileSourceStrategy: Pushed Filters:
[2025-07-08T15:11:44.087+0000] {spark_submit.py:644} INFO - 25/07/08 15:11:44 INFO FileSourceStrategy: Post-Scan Filters:
[2025-07-08T15:11:44.136+0000] {spark_submit.py:644} INFO - 25/07/08 15:11:44 INFO MemoryStore: Block broadcast_10 stored as values in memory (estimated size 203.5 KiB, free 433.7 MiB)
[2025-07-08T15:11:44.162+0000] {spark_submit.py:644} INFO - 25/07/08 15:11:44 INFO MemoryStore: Block broadcast_10_piece0 stored as bytes in memory (estimated size 35.7 KiB, free 433.7 MiB)
[2025-07-08T15:11:44.178+0000] {spark_submit.py:644} INFO - 25/07/08 15:11:44 INFO BlockManagerInfo: Added broadcast_10_piece0 in memory on 3748f1b8240a:43917 (size: 35.7 KiB, free: 434.3 MiB)
[2025-07-08T15:11:44.179+0000] {spark_submit.py:644} INFO - 25/07/08 15:11:44 INFO SparkContext: Created broadcast 10 from count at NativeMethodAccessorImpl.java:0
[2025-07-08T15:11:44.180+0000] {spark_submit.py:644} INFO - 25/07/08 15:11:44 INFO FileSourceScanExec: Planning scan with bin packing, max size: 4194304 bytes, open cost is considered as scanning 4194304 bytes.
[2025-07-08T15:11:44.193+0000] {spark_submit.py:644} INFO - 25/07/08 15:11:44 INFO DAGScheduler: Registering RDD 46 (count at NativeMethodAccessorImpl.java:0) as input to shuffle 2
[2025-07-08T15:11:44.194+0000] {spark_submit.py:644} INFO - 25/07/08 15:11:44 INFO DAGScheduler: Got map stage job 6 (count at NativeMethodAccessorImpl.java:0) with 1 output partitions
[2025-07-08T15:11:44.194+0000] {spark_submit.py:644} INFO - 25/07/08 15:11:44 INFO DAGScheduler: Final stage: ShuffleMapStage 8 (count at NativeMethodAccessorImpl.java:0)
[2025-07-08T15:11:44.195+0000] {spark_submit.py:644} INFO - 25/07/08 15:11:44 INFO DAGScheduler: Parents of final stage: List()
[2025-07-08T15:11:44.195+0000] {spark_submit.py:644} INFO - 25/07/08 15:11:44 INFO DAGScheduler: Missing parents: List()
[2025-07-08T15:11:44.204+0000] {spark_submit.py:644} INFO - 25/07/08 15:11:44 INFO DAGScheduler: Submitting ShuffleMapStage 8 (MapPartitionsRDD[46] at count at NativeMethodAccessorImpl.java:0), which has no missing parents
[2025-07-08T15:11:44.207+0000] {spark_submit.py:644} INFO - 25/07/08 15:11:44 INFO MemoryStore: Block broadcast_11 stored as values in memory (estimated size 41.2 KiB, free 433.7 MiB)
[2025-07-08T15:11:44.225+0000] {spark_submit.py:644} INFO - 25/07/08 15:11:44 INFO MemoryStore: Block broadcast_11_piece0 stored as bytes in memory (estimated size 19.2 KiB, free 433.6 MiB)
[2025-07-08T15:11:44.241+0000] {spark_submit.py:644} INFO - 25/07/08 15:11:44 INFO BlockManagerInfo: Added broadcast_11_piece0 in memory on 3748f1b8240a:43917 (size: 19.2 KiB, free: 434.3 MiB)
[2025-07-08T15:11:44.242+0000] {spark_submit.py:644} INFO - 25/07/08 15:11:44 INFO BlockManagerInfo: Removed broadcast_0_piece0 on 3748f1b8240a:43917 in memory (size: 35.7 KiB, free: 434.3 MiB)
[2025-07-08T15:11:44.243+0000] {spark_submit.py:644} INFO - 25/07/08 15:11:44 INFO SparkContext: Created broadcast 11 from broadcast at DAGScheduler.scala:1585
[2025-07-08T15:11:44.244+0000] {spark_submit.py:644} INFO - 25/07/08 15:11:44 INFO BlockManagerInfo: Removed broadcast_0_piece0 on 172.19.0.8:42923 in memory (size: 35.7 KiB, free: 434.4 MiB)
[2025-07-08T15:11:44.245+0000] {spark_submit.py:644} INFO - 25/07/08 15:11:44 INFO DAGScheduler: Submitting 1 missing tasks from ShuffleMapStage 8 (MapPartitionsRDD[46] at count at NativeMethodAccessorImpl.java:0) (first 15 tasks are for partitions Vector(0))
[2025-07-08T15:11:44.245+0000] {spark_submit.py:644} INFO - 25/07/08 15:11:44 INFO TaskSchedulerImpl: Adding task set 8.0 with 1 tasks resource profile 0
[2025-07-08T15:11:44.246+0000] {spark_submit.py:644} INFO - 25/07/08 15:11:44 INFO TaskSetManager: Starting task 0.0 in stage 8.0 (TID 7) (172.19.0.8, executor 0, partition 0, PROCESS_LOCAL, 10189 bytes)
[2025-07-08T15:11:44.254+0000] {spark_submit.py:644} INFO - 25/07/08 15:11:44 INFO BlockManagerInfo: Removed broadcast_7_piece0 on 3748f1b8240a:43917 in memory (size: 35.7 KiB, free: 434.3 MiB)
[2025-07-08T15:11:44.264+0000] {spark_submit.py:644} INFO - 25/07/08 15:11:44 INFO BlockManagerInfo: Removed broadcast_7_piece0 on 172.19.0.8:42923 in memory (size: 35.7 KiB, free: 434.4 MiB)
[2025-07-08T15:11:44.305+0000] {spark_submit.py:644} INFO - 25/07/08 15:11:44 INFO BlockManagerInfo: Added broadcast_11_piece0 in memory on 172.19.0.8:42923 (size: 19.2 KiB, free: 434.4 MiB)
[2025-07-08T15:11:44.335+0000] {spark_submit.py:644} INFO - 25/07/08 15:11:44 INFO BlockManagerInfo: Added broadcast_10_piece0 in memory on 172.19.0.8:42923 (size: 35.7 KiB, free: 434.3 MiB)
[2025-07-08T15:11:44.812+0000] {spark_submit.py:644} INFO - 25/07/08 15:11:44 INFO TaskSetManager: Finished task 0.0 in stage 8.0 (TID 7) in 567 ms on 172.19.0.8 (executor 0) (1/1)
[2025-07-08T15:11:44.815+0000] {spark_submit.py:644} INFO - 25/07/08 15:11:44 INFO TaskSchedulerImpl: Removed TaskSet 8.0, whose tasks have all completed, from pool
[2025-07-08T15:11:44.818+0000] {spark_submit.py:644} INFO - 25/07/08 15:11:44 INFO DAGScheduler: ShuffleMapStage 8 (count at NativeMethodAccessorImpl.java:0) finished in 0.612 s
[2025-07-08T15:11:44.820+0000] {spark_submit.py:644} INFO - 25/07/08 15:11:44 INFO DAGScheduler: looking for newly runnable stages
[2025-07-08T15:11:44.822+0000] {spark_submit.py:644} INFO - 25/07/08 15:11:44 INFO DAGScheduler: running: Set()
[2025-07-08T15:11:44.824+0000] {spark_submit.py:644} INFO - 25/07/08 15:11:44 INFO DAGScheduler: waiting: Set()
[2025-07-08T15:11:44.826+0000] {spark_submit.py:644} INFO - 25/07/08 15:11:44 INFO DAGScheduler: failed: Set()
[2025-07-08T15:11:44.854+0000] {spark_submit.py:644} INFO - 25/07/08 15:11:44 INFO SparkContext: Starting job: count at NativeMethodAccessorImpl.java:0
[2025-07-08T15:11:44.855+0000] {spark_submit.py:644} INFO - 25/07/08 15:11:44 INFO DAGScheduler: Got job 7 (count at NativeMethodAccessorImpl.java:0) with 1 output partitions
[2025-07-08T15:11:44.856+0000] {spark_submit.py:644} INFO - 25/07/08 15:11:44 INFO DAGScheduler: Final stage: ResultStage 10 (count at NativeMethodAccessorImpl.java:0)
[2025-07-08T15:11:44.857+0000] {spark_submit.py:644} INFO - 25/07/08 15:11:44 INFO DAGScheduler: Parents of final stage: List(ShuffleMapStage 9)
[2025-07-08T15:11:44.857+0000] {spark_submit.py:644} INFO - 25/07/08 15:11:44 INFO DAGScheduler: Missing parents: List()
[2025-07-08T15:11:44.858+0000] {spark_submit.py:644} INFO - 25/07/08 15:11:44 INFO DAGScheduler: Submitting ResultStage 10 (MapPartitionsRDD[49] at count at NativeMethodAccessorImpl.java:0), which has no missing parents
[2025-07-08T15:11:44.859+0000] {spark_submit.py:644} INFO - 25/07/08 15:11:44 INFO MemoryStore: Block broadcast_12 stored as values in memory (estimated size 12.5 KiB, free 434.1 MiB)
[2025-07-08T15:11:44.860+0000] {spark_submit.py:644} INFO - 25/07/08 15:11:44 INFO MemoryStore: Block broadcast_12_piece0 stored as bytes in memory (estimated size 5.9 KiB, free 434.1 MiB)
[2025-07-08T15:11:44.868+0000] {spark_submit.py:644} INFO - 25/07/08 15:11:44 INFO BlockManagerInfo: Added broadcast_12_piece0 in memory on 3748f1b8240a:43917 (size: 5.9 KiB, free: 434.3 MiB)
[2025-07-08T15:11:44.869+0000] {spark_submit.py:644} INFO - 25/07/08 15:11:44 INFO SparkContext: Created broadcast 12 from broadcast at DAGScheduler.scala:1585
[2025-07-08T15:11:44.870+0000] {spark_submit.py:644} INFO - 25/07/08 15:11:44 INFO DAGScheduler: Submitting 1 missing tasks from ResultStage 10 (MapPartitionsRDD[49] at count at NativeMethodAccessorImpl.java:0) (first 15 tasks are for partitions Vector(0))
[2025-07-08T15:11:44.870+0000] {spark_submit.py:644} INFO - 25/07/08 15:11:44 INFO TaskSchedulerImpl: Adding task set 10.0 with 1 tasks resource profile 0
[2025-07-08T15:11:44.871+0000] {spark_submit.py:644} INFO - 25/07/08 15:11:44 INFO TaskSetManager: Starting task 0.0 in stage 10.0 (TID 8) (172.19.0.8, executor 0, partition 0, NODE_LOCAL, 9518 bytes)
[2025-07-08T15:11:44.893+0000] {spark_submit.py:644} INFO - 25/07/08 15:11:44 INFO BlockManagerInfo: Added broadcast_12_piece0 in memory on 172.19.0.8:42923 (size: 5.9 KiB, free: 434.3 MiB)
[2025-07-08T15:11:44.909+0000] {spark_submit.py:644} INFO - 25/07/08 15:11:44 INFO MapOutputTrackerMasterEndpoint: Asked to send map output locations for shuffle 2 to 172.19.0.8:38368
[2025-07-08T15:11:44.919+0000] {spark_submit.py:644} INFO - 25/07/08 15:11:44 INFO TaskSetManager: Finished task 0.0 in stage 10.0 (TID 8) in 47 ms on 172.19.0.8 (executor 0) (1/1)
[2025-07-08T15:11:44.919+0000] {spark_submit.py:644} INFO - 25/07/08 15:11:44 INFO TaskSchedulerImpl: Removed TaskSet 10.0, whose tasks have all completed, from pool
[2025-07-08T15:11:44.920+0000] {spark_submit.py:644} INFO - 25/07/08 15:11:44 INFO DAGScheduler: ResultStage 10 (count at NativeMethodAccessorImpl.java:0) finished in 0.064 s
[2025-07-08T15:11:44.921+0000] {spark_submit.py:644} INFO - 25/07/08 15:11:44 INFO DAGScheduler: Job 7 is finished. Cancelling potential speculative or zombie tasks for this job
[2025-07-08T15:11:44.921+0000] {spark_submit.py:644} INFO - 25/07/08 15:11:44 INFO TaskSchedulerImpl: Killing all running tasks in stage 10: Stage finished
[2025-07-08T15:11:44.922+0000] {spark_submit.py:644} INFO - 25/07/08 15:11:44 INFO DAGScheduler: Job 7 finished: count at NativeMethodAccessorImpl.java:0, took 0.066820 s
[2025-07-08T15:11:44.963+0000] {spark_submit.py:644} INFO - 25/07/08 15:11:44 INFO CodeGenerator: Code generated in 10.778084 ms
[2025-07-08T15:11:45.006+0000] {spark_submit.py:644} INFO - 25/07/08 15:11:45 INFO DAGScheduler: Registering RDD 51 (count at NativeMethodAccessorImpl.java:0) as input to shuffle 3
[2025-07-08T15:11:45.007+0000] {spark_submit.py:644} INFO - 25/07/08 15:11:45 INFO DAGScheduler: Got map stage job 8 (count at NativeMethodAccessorImpl.java:0) with 2 output partitions
[2025-07-08T15:11:45.007+0000] {spark_submit.py:644} INFO - 25/07/08 15:11:45 INFO DAGScheduler: Final stage: ShuffleMapStage 11 (count at NativeMethodAccessorImpl.java:0)
[2025-07-08T15:11:45.008+0000] {spark_submit.py:644} INFO - 25/07/08 15:11:45 INFO DAGScheduler: Parents of final stage: List()
[2025-07-08T15:11:45.009+0000] {spark_submit.py:644} INFO - 25/07/08 15:11:45 INFO DAGScheduler: Missing parents: List()
[2025-07-08T15:11:45.009+0000] {spark_submit.py:644} INFO - 25/07/08 15:11:45 INFO DAGScheduler: Submitting ShuffleMapStage 11 (MapPartitionsRDD[51] at count at NativeMethodAccessorImpl.java:0), which has no missing parents
[2025-07-08T15:11:45.014+0000] {spark_submit.py:644} INFO - 25/07/08 15:11:45 INFO MemoryStore: Block broadcast_13 stored as values in memory (estimated size 16.0 KiB, free 434.1 MiB)
[2025-07-08T15:11:45.033+0000] {spark_submit.py:644} INFO - 25/07/08 15:11:45 INFO MemoryStore: Block broadcast_13_piece0 stored as bytes in memory (estimated size 8.4 KiB, free 434.1 MiB)
[2025-07-08T15:11:45.034+0000] {spark_submit.py:644} INFO - 25/07/08 15:11:45 INFO BlockManagerInfo: Added broadcast_13_piece0 in memory on 3748f1b8240a:43917 (size: 8.4 KiB, free: 434.3 MiB)
[2025-07-08T15:11:45.035+0000] {spark_submit.py:644} INFO - 25/07/08 15:11:45 INFO SparkContext: Created broadcast 13 from broadcast at DAGScheduler.scala:1585
[2025-07-08T15:11:45.035+0000] {spark_submit.py:644} INFO - 25/07/08 15:11:45 INFO DAGScheduler: Submitting 2 missing tasks from ShuffleMapStage 11 (MapPartitionsRDD[51] at count at NativeMethodAccessorImpl.java:0) (first 15 tasks are for partitions Vector(0, 1))
[2025-07-08T15:11:45.036+0000] {spark_submit.py:644} INFO - 25/07/08 15:11:45 INFO TaskSchedulerImpl: Adding task set 11.0 with 2 tasks resource profile 0
[2025-07-08T15:11:45.038+0000] {spark_submit.py:644} INFO - 25/07/08 15:11:45 INFO TaskSetManager: Starting task 0.0 in stage 11.0 (TID 9) (172.19.0.8, executor 0, partition 0, PROCESS_LOCAL, 9487 bytes)
[2025-07-08T15:11:45.038+0000] {spark_submit.py:644} INFO - 25/07/08 15:11:45 INFO TaskSetManager: Starting task 1.0 in stage 11.0 (TID 10) (172.19.0.8, executor 0, partition 1, PROCESS_LOCAL, 15450 bytes)
[2025-07-08T15:11:45.053+0000] {spark_submit.py:644} INFO - 25/07/08 15:11:45 INFO BlockManagerInfo: Added broadcast_13_piece0 in memory on 172.19.0.8:42923 (size: 8.4 KiB, free: 434.3 MiB)
[2025-07-08T15:11:47.114+0000] {spark_submit.py:644} INFO - 25/07/08 15:11:47 INFO TaskSetManager: Finished task 1.0 in stage 11.0 (TID 10) in 2076 ms on 172.19.0.8 (executor 0) (1/2)
[2025-07-08T15:11:47.181+0000] {spark_submit.py:644} INFO - 25/07/08 15:11:47 INFO TaskSetManager: Finished task 0.0 in stage 11.0 (TID 9) in 2145 ms on 172.19.0.8 (executor 0) (2/2)
[2025-07-08T15:11:47.182+0000] {spark_submit.py:644} INFO - 25/07/08 15:11:47 INFO TaskSchedulerImpl: Removed TaskSet 11.0, whose tasks have all completed, from pool
[2025-07-08T15:11:47.183+0000] {spark_submit.py:644} INFO - 25/07/08 15:11:47 INFO DAGScheduler: ShuffleMapStage 11 (count at NativeMethodAccessorImpl.java:0) finished in 2.174 s
[2025-07-08T15:11:47.184+0000] {spark_submit.py:644} INFO - 25/07/08 15:11:47 INFO DAGScheduler: looking for newly runnable stages
[2025-07-08T15:11:47.184+0000] {spark_submit.py:644} INFO - 25/07/08 15:11:47 INFO DAGScheduler: running: Set()
[2025-07-08T15:11:47.185+0000] {spark_submit.py:644} INFO - 25/07/08 15:11:47 INFO DAGScheduler: waiting: Set()
[2025-07-08T15:11:47.185+0000] {spark_submit.py:644} INFO - 25/07/08 15:11:47 INFO DAGScheduler: failed: Set()
[2025-07-08T15:11:47.199+0000] {spark_submit.py:644} INFO - 25/07/08 15:11:47 INFO CodeGenerator: Code generated in 8.774863 ms
[2025-07-08T15:11:47.209+0000] {spark_submit.py:644} INFO - 25/07/08 15:11:47 INFO SparkContext: Starting job: count at NativeMethodAccessorImpl.java:0
[2025-07-08T15:11:47.211+0000] {spark_submit.py:644} INFO - 25/07/08 15:11:47 INFO DAGScheduler: Got job 9 (count at NativeMethodAccessorImpl.java:0) with 1 output partitions
[2025-07-08T15:11:47.211+0000] {spark_submit.py:644} INFO - 25/07/08 15:11:47 INFO DAGScheduler: Final stage: ResultStage 13 (count at NativeMethodAccessorImpl.java:0)
[2025-07-08T15:11:47.212+0000] {spark_submit.py:644} INFO - 25/07/08 15:11:47 INFO DAGScheduler: Parents of final stage: List(ShuffleMapStage 12)
[2025-07-08T15:11:47.213+0000] {spark_submit.py:644} INFO - 25/07/08 15:11:47 INFO DAGScheduler: Missing parents: List()
[2025-07-08T15:11:47.214+0000] {spark_submit.py:644} INFO - 25/07/08 15:11:47 INFO DAGScheduler: Submitting ResultStage 13 (MapPartitionsRDD[54] at count at NativeMethodAccessorImpl.java:0), which has no missing parents
[2025-07-08T15:11:47.214+0000] {spark_submit.py:644} INFO - 25/07/08 15:11:47 INFO MemoryStore: Block broadcast_14 stored as values in memory (estimated size 12.5 KiB, free 434.1 MiB)
[2025-07-08T15:11:47.229+0000] {spark_submit.py:644} INFO - 25/07/08 15:11:47 INFO MemoryStore: Block broadcast_14_piece0 stored as bytes in memory (estimated size 5.9 KiB, free 434.0 MiB)
[2025-07-08T15:11:47.230+0000] {spark_submit.py:644} INFO - 25/07/08 15:11:47 INFO BlockManagerInfo: Added broadcast_14_piece0 in memory on 3748f1b8240a:43917 (size: 5.9 KiB, free: 434.3 MiB)
[2025-07-08T15:11:47.231+0000] {spark_submit.py:644} INFO - 25/07/08 15:11:47 INFO SparkContext: Created broadcast 14 from broadcast at DAGScheduler.scala:1585
[2025-07-08T15:11:47.231+0000] {spark_submit.py:644} INFO - 25/07/08 15:11:47 INFO DAGScheduler: Submitting 1 missing tasks from ResultStage 13 (MapPartitionsRDD[54] at count at NativeMethodAccessorImpl.java:0) (first 15 tasks are for partitions Vector(0))
[2025-07-08T15:11:47.232+0000] {spark_submit.py:644} INFO - 25/07/08 15:11:47 INFO TaskSchedulerImpl: Adding task set 13.0 with 1 tasks resource profile 0
[2025-07-08T15:11:47.233+0000] {spark_submit.py:644} INFO - 25/07/08 15:11:47 INFO TaskSetManager: Starting task 0.0 in stage 13.0 (TID 11) (172.19.0.8, executor 0, partition 0, NODE_LOCAL, 9518 bytes)
[2025-07-08T15:11:47.247+0000] {spark_submit.py:644} INFO - 25/07/08 15:11:47 INFO BlockManagerInfo: Added broadcast_14_piece0 in memory on 172.19.0.8:42923 (size: 5.9 KiB, free: 434.3 MiB)
[2025-07-08T15:11:47.271+0000] {spark_submit.py:644} INFO - 25/07/08 15:11:47 INFO MapOutputTrackerMasterEndpoint: Asked to send map output locations for shuffle 3 to 172.19.0.8:38368
[2025-07-08T15:11:47.290+0000] {spark_submit.py:644} INFO - 25/07/08 15:11:47 INFO TaskSetManager: Finished task 0.0 in stage 13.0 (TID 11) in 58 ms on 172.19.0.8 (executor 0) (1/1)
[2025-07-08T15:11:47.291+0000] {spark_submit.py:644} INFO - 25/07/08 15:11:47 INFO TaskSchedulerImpl: Removed TaskSet 13.0, whose tasks have all completed, from pool
[2025-07-08T15:11:47.292+0000] {spark_submit.py:644} INFO - 25/07/08 15:11:47 INFO DAGScheduler: ResultStage 13 (count at NativeMethodAccessorImpl.java:0) finished in 0.079 s
[2025-07-08T15:11:47.293+0000] {spark_submit.py:644} INFO - 25/07/08 15:11:47 INFO DAGScheduler: Job 9 is finished. Cancelling potential speculative or zombie tasks for this job
[2025-07-08T15:11:47.293+0000] {spark_submit.py:644} INFO - 25/07/08 15:11:47 INFO TaskSchedulerImpl: Killing all running tasks in stage 13: Stage finished
[2025-07-08T15:11:47.294+0000] {spark_submit.py:644} INFO - 25/07/08 15:11:47 INFO DAGScheduler: Job 9 finished: count at NativeMethodAccessorImpl.java:0, took 0.083701 s
[2025-07-08T15:11:47.742+0000] {spark_submit.py:644} INFO - 25/07/08 15:11:47 INFO BaseMetastoreTableOperations: Refreshing table metadata from new version: s3a://warehouse/exercises/pdf_documents_3f2f6938-06f1-4401-a884-d6a6de9720a0/metadata/00013-a7045482-3f6f-4bcf-93ea-00aeb2947e43.metadata.json
[2025-07-08T15:11:47.949+0000] {spark_submit.py:644} INFO - 25/07/08 15:11:47 INFO NessieUtil: loadTableMetadata for 'exercises.pdf_documents' from location 's3a://warehouse/exercises/pdf_documents_3f2f6938-06f1-4401-a884-d6a6de9720a0/metadata/00013-a7045482-3f6f-4bcf-93ea-00aeb2947e43.metadata.json' at 'Branch{name=main, metadata=null, hash=fc2e99968efd346b984b24b9449089f1f8e8e4a0de0437821e510b84de216487}'
[2025-07-08T15:11:47.969+0000] {spark_submit.py:644} INFO - 25/07/08 15:11:47 INFO BaseMetastoreCatalog: Table loaded by catalog: nessie.exercises.pdf_documents
[2025-07-08T15:11:48.709+0000] {spark_submit.py:644} INFO - 25/07/08 15:11:48 INFO BlockManagerInfo: Removed broadcast_13_piece0 on 3748f1b8240a:43917 in memory (size: 8.4 KiB, free: 434.3 MiB)
[2025-07-08T15:11:48.712+0000] {spark_submit.py:644} INFO - 25/07/08 15:11:48 INFO BlockManagerInfo: Removed broadcast_13_piece0 on 172.19.0.8:42923 in memory (size: 8.4 KiB, free: 434.3 MiB)
[2025-07-08T15:11:48.720+0000] {spark_submit.py:644} INFO - 25/07/08 15:11:48 INFO BlockManagerInfo: Removed broadcast_10_piece0 on 3748f1b8240a:43917 in memory (size: 35.7 KiB, free: 434.4 MiB)
[2025-07-08T15:11:48.723+0000] {spark_submit.py:644} INFO - 25/07/08 15:11:48 INFO BlockManagerInfo: Removed broadcast_10_piece0 on 172.19.0.8:42923 in memory (size: 35.7 KiB, free: 434.4 MiB)
[2025-07-08T15:11:48.735+0000] {spark_submit.py:644} INFO - 25/07/08 15:11:48 INFO BlockManagerInfo: Removed broadcast_14_piece0 on 3748f1b8240a:43917 in memory (size: 5.9 KiB, free: 434.4 MiB)
[2025-07-08T15:11:48.737+0000] {spark_submit.py:644} INFO - 25/07/08 15:11:48 INFO BlockManagerInfo: Removed broadcast_14_piece0 on 172.19.0.8:42923 in memory (size: 5.9 KiB, free: 434.4 MiB)
[2025-07-08T15:11:48.747+0000] {spark_submit.py:644} INFO - 25/07/08 15:11:48 INFO BlockManagerInfo: Removed broadcast_12_piece0 on 3748f1b8240a:43917 in memory (size: 5.9 KiB, free: 434.4 MiB)
[2025-07-08T15:11:48.750+0000] {spark_submit.py:644} INFO - 25/07/08 15:11:48 INFO BlockManagerInfo: Removed broadcast_12_piece0 on 172.19.0.8:42923 in memory (size: 5.9 KiB, free: 434.4 MiB)
[2025-07-08T15:11:48.763+0000] {spark_submit.py:644} INFO - 25/07/08 15:11:48 INFO BlockManagerInfo: Removed broadcast_11_piece0 on 3748f1b8240a:43917 in memory (size: 19.2 KiB, free: 434.4 MiB)
[2025-07-08T15:11:48.766+0000] {spark_submit.py:644} INFO - 25/07/08 15:11:48 INFO BlockManagerInfo: Removed broadcast_11_piece0 on 172.19.0.8:42923 in memory (size: 19.2 KiB, free: 434.4 MiB)
[2025-07-08T15:11:50.294+0000] {spark_submit.py:644} INFO - 25/07/08 15:11:50 INFO CodeGenerator: Code generated in 101.599874 ms
[2025-07-08T15:11:50.433+0000] {spark_submit.py:644} INFO - 25/07/08 15:11:50 INFO SparkWrite: Requesting 0 bytes advisory partition size for table nessie.exercises.pdf_documents
[2025-07-08T15:11:50.433+0000] {spark_submit.py:644} INFO - 25/07/08 15:11:50 INFO SparkWrite: Requesting UnspecifiedDistribution as write distribution for table nessie.exercises.pdf_documents
[2025-07-08T15:11:50.435+0000] {spark_submit.py:644} INFO - 25/07/08 15:11:50 INFO SparkWrite: Requesting [] as write ordering for table nessie.exercises.pdf_documents
[2025-07-08T15:11:50.479+0000] {spark_submit.py:644} INFO - 25/07/08 15:11:50 INFO CodeGenerator: Code generated in 9.518666 ms
[2025-07-08T15:11:50.493+0000] {spark_submit.py:644} INFO - 25/07/08 15:11:50 INFO MemoryStore: Block broadcast_15 stored as values in memory (estimated size 32.0 KiB, free 434.4 MiB)
[2025-07-08T15:11:50.523+0000] {spark_submit.py:644} INFO - 25/07/08 15:11:50 INFO MemoryStore: Block broadcast_15_piece0 stored as bytes in memory (estimated size 30.1 KiB, free 434.3 MiB)
[2025-07-08T15:11:50.523+0000] {spark_submit.py:644} INFO - 25/07/08 15:11:50 INFO BlockManagerInfo: Added broadcast_15_piece0 in memory on 3748f1b8240a:43917 (size: 30.1 KiB, free: 434.4 MiB)
[2025-07-08T15:11:50.524+0000] {spark_submit.py:644} INFO - 25/07/08 15:11:50 INFO SparkContext: Created broadcast 15 from broadcast at SparkWrite.java:193
[2025-07-08T15:11:50.527+0000] {spark_submit.py:644} INFO - 25/07/08 15:11:50 INFO AppendDataExec: Start processing data source write support: IcebergBatchWrite(table=nessie.exercises.pdf_documents, format=PARQUET). The input RDD has 2 partitions.
[2025-07-08T15:11:50.540+0000] {spark_submit.py:644} INFO - 25/07/08 15:11:50 INFO SparkContext: Starting job: saveAsTable at NativeMethodAccessorImpl.java:0
[2025-07-08T15:11:50.541+0000] {spark_submit.py:644} INFO - 25/07/08 15:11:50 INFO DAGScheduler: Got job 10 (saveAsTable at NativeMethodAccessorImpl.java:0) with 2 output partitions
[2025-07-08T15:11:50.542+0000] {spark_submit.py:644} INFO - 25/07/08 15:11:50 INFO DAGScheduler: Final stage: ResultStage 14 (saveAsTable at NativeMethodAccessorImpl.java:0)
[2025-07-08T15:11:50.543+0000] {spark_submit.py:644} INFO - 25/07/08 15:11:50 INFO DAGScheduler: Parents of final stage: List()
[2025-07-08T15:11:50.544+0000] {spark_submit.py:644} INFO - 25/07/08 15:11:50 INFO DAGScheduler: Missing parents: List()
[2025-07-08T15:11:50.544+0000] {spark_submit.py:644} INFO - 25/07/08 15:11:50 INFO DAGScheduler: Submitting ResultStage 14 (MapPartitionsRDD[55] at saveAsTable at NativeMethodAccessorImpl.java:0), which has no missing parents
[2025-07-08T15:11:50.546+0000] {spark_submit.py:644} INFO - 25/07/08 15:11:50 INFO MemoryStore: Block broadcast_16 stored as values in memory (estimated size 15.1 KiB, free 434.3 MiB)
[2025-07-08T15:11:50.558+0000] {spark_submit.py:644} INFO - 25/07/08 15:11:50 INFO MemoryStore: Block broadcast_16_piece0 stored as bytes in memory (estimated size 7.8 KiB, free 434.3 MiB)
[2025-07-08T15:11:50.559+0000] {spark_submit.py:644} INFO - 25/07/08 15:11:50 INFO BlockManagerInfo: Added broadcast_16_piece0 in memory on 3748f1b8240a:43917 (size: 7.8 KiB, free: 434.4 MiB)
[2025-07-08T15:11:50.559+0000] {spark_submit.py:644} INFO - 25/07/08 15:11:50 INFO SparkContext: Created broadcast 16 from broadcast at DAGScheduler.scala:1585
[2025-07-08T15:11:50.560+0000] {spark_submit.py:644} INFO - 25/07/08 15:11:50 INFO DAGScheduler: Submitting 2 missing tasks from ResultStage 14 (MapPartitionsRDD[55] at saveAsTable at NativeMethodAccessorImpl.java:0) (first 15 tasks are for partitions Vector(0, 1))
[2025-07-08T15:11:50.561+0000] {spark_submit.py:644} INFO - 25/07/08 15:11:50 INFO TaskSchedulerImpl: Adding task set 14.0 with 2 tasks resource profile 0
[2025-07-08T15:11:50.562+0000] {spark_submit.py:644} INFO - 25/07/08 15:11:50 INFO TaskSetManager: Starting task 0.0 in stage 14.0 (TID 12) (172.19.0.8, executor 0, partition 0, PROCESS_LOCAL, 9498 bytes)
[2025-07-08T15:11:50.563+0000] {spark_submit.py:644} INFO - 25/07/08 15:11:50 INFO TaskSetManager: Starting task 1.0 in stage 14.0 (TID 13) (172.19.0.8, executor 0, partition 1, PROCESS_LOCAL, 15461 bytes)
[2025-07-08T15:11:50.614+0000] {spark_submit.py:644} INFO - 25/07/08 15:11:50 INFO BlockManagerInfo: Added broadcast_16_piece0 in memory on 172.19.0.8:42923 (size: 7.8 KiB, free: 434.4 MiB)
[2025-07-08T15:11:51.370+0000] {spark_submit.py:644} INFO - 25/07/08 15:11:51 INFO BlockManagerInfo: Added broadcast_15_piece0 in memory on 172.19.0.8:42923 (size: 30.1 KiB, free: 434.4 MiB)
[2025-07-08T15:11:54.086+0000] {spark_submit.py:644} INFO - 25/07/08 15:11:54 INFO TaskSetManager: Finished task 0.0 in stage 14.0 (TID 12) in 3525 ms on 172.19.0.8 (executor 0) (1/2)
[2025-07-08T15:11:58.310+0000] {spark_submit.py:644} INFO - 25/07/08 15:11:58 INFO TaskSetManager: Finished task 1.0 in stage 14.0 (TID 13) in 7747 ms on 172.19.0.8 (executor 0) (2/2)
[2025-07-08T15:11:58.310+0000] {spark_submit.py:644} INFO - 25/07/08 15:11:58 INFO TaskSchedulerImpl: Removed TaskSet 14.0, whose tasks have all completed, from pool
[2025-07-08T15:11:58.311+0000] {spark_submit.py:644} INFO - 25/07/08 15:11:58 INFO DAGScheduler: ResultStage 14 (saveAsTable at NativeMethodAccessorImpl.java:0) finished in 7.767 s
[2025-07-08T15:11:58.311+0000] {spark_submit.py:644} INFO - 25/07/08 15:11:58 INFO DAGScheduler: Job 10 is finished. Cancelling potential speculative or zombie tasks for this job
[2025-07-08T15:11:58.312+0000] {spark_submit.py:644} INFO - 25/07/08 15:11:58 INFO TaskSchedulerImpl: Killing all running tasks in stage 14: Stage finished
[2025-07-08T15:11:58.313+0000] {spark_submit.py:644} INFO - 25/07/08 15:11:58 INFO DAGScheduler: Job 10 finished: saveAsTable at NativeMethodAccessorImpl.java:0, took 7.770843 s
[2025-07-08T15:11:58.313+0000] {spark_submit.py:644} INFO - 25/07/08 15:11:58 INFO AppendDataExec: Data source write support IcebergBatchWrite(table=nessie.exercises.pdf_documents, format=PARQUET) is committing.
[2025-07-08T15:11:58.368+0000] {spark_submit.py:644} INFO - 25/07/08 15:11:58 INFO SparkWrite: Committing append with 1 new data files to table nessie.exercises.pdf_documents
[2025-07-08T15:12:02.140+0000] {spark_submit.py:644} INFO - 25/07/08 15:12:02 INFO NessieIcebergClient: Committed 'exercises.pdf_documents' against 'Branch{name=main, metadata=null, hash=8aeddabbba72caf95713916a8fa774f5379a862de44cb2b7d89f03408374a4de}', expected commit-id was 'fc2e99968efd346b984b24b9449089f1f8e8e4a0de0437821e510b84de216487'
[2025-07-08T15:12:02.141+0000] {spark_submit.py:644} INFO - 25/07/08 15:12:02 INFO BaseMetastoreTableOperations: Successfully committed to table exercises.pdf_documents in 1435 ms
[2025-07-08T15:12:02.141+0000] {spark_submit.py:644} INFO - 25/07/08 15:12:02 INFO SnapshotProducer: Committed snapshot 3214562679442256506 (MergeAppend)
[2025-07-08T15:12:02.173+0000] {spark_submit.py:644} INFO - 25/07/08 15:12:02 INFO BaseMetastoreTableOperations: Refreshing table metadata from new version: s3a://warehouse/exercises/pdf_documents_3f2f6938-06f1-4401-a884-d6a6de9720a0/metadata/00014-b2c28ef1-5a7c-4632-a278-9d6778092a31.metadata.json
[2025-07-08T15:12:02.187+0000] {spark_submit.py:644} INFO - 25/07/08 15:12:02 INFO NessieUtil: loadTableMetadata for 'exercises.pdf_documents' from location 's3a://warehouse/exercises/pdf_documents_3f2f6938-06f1-4401-a884-d6a6de9720a0/metadata/00014-b2c28ef1-5a7c-4632-a278-9d6778092a31.metadata.json' at 'Branch{name=main, metadata=null, hash=8aeddabbba72caf95713916a8fa774f5379a862de44cb2b7d89f03408374a4de}'
[2025-07-08T15:12:02.221+0000] {spark_submit.py:644} INFO - 25/07/08 15:12:02 INFO LoggingMetricsReporter: Received metrics report: CommitReport{tableName=nessie.exercises.pdf_documents, snapshotId=3214562679442256506, sequenceNumber=15, operation=append, commitMetrics=CommitMetricsResult{totalDuration=TimerResult{timeUnit=NANOSECONDS, totalDuration=PT3.771758604S, count=1}, attempts=CounterResult{unit=COUNT, value=1}, addedDataFiles=CounterResult{unit=COUNT, value=1}, removedDataFiles=null, totalDataFiles=CounterResult{unit=COUNT, value=15}, addedDeleteFiles=null, addedEqualityDeleteFiles=null, addedPositionalDeleteFiles=null, addedDVs=null, removedDeleteFiles=null, removedEqualityDeleteFiles=null, removedPositionalDeleteFiles=null, removedDVs=null, totalDeleteFiles=CounterResult{unit=COUNT, value=0}, addedRecords=CounterResult{unit=COUNT, value=1}, removedRecords=null, totalRecords=CounterResult{unit=COUNT, value=15}, addedFilesSizeInBytes=CounterResult{unit=BYTES, value=5100}, removedFilesSizeInBytes=null, totalFilesSizeInBytes=CounterResult{unit=BYTES, value=119447}, addedPositionalDeletes=null, removedPositionalDeletes=null, totalPositionalDeletes=CounterResult{unit=COUNT, value=0}, addedEqualityDeletes=null, removedEqualityDeletes=null, totalEqualityDeletes=CounterResult{unit=COUNT, value=0}}, metadata={engine-version=3.5.5, app-id=app-20250708151110-0003, engine-name=spark, iceberg-version=Apache Iceberg 1.8.1 (commit 9ce0fcf0af7becf25ad9fc996c3bad2afdcfd33d)}}
[2025-07-08T15:12:02.222+0000] {spark_submit.py:644} INFO - 25/07/08 15:12:02 INFO SparkWrite: Committed in 3852 ms
[2025-07-08T15:12:02.223+0000] {spark_submit.py:644} INFO - 25/07/08 15:12:02 INFO AppendDataExec: Data source write support IcebergBatchWrite(table=nessie.exercises.pdf_documents, format=PARQUET) committed.
[2025-07-08T15:12:02.223+0000] {spark_submit.py:644} INFO - [PROCESS EXERCISES] ✅ sessão Spark terminada com sucesso.
[2025-07-08T15:12:02.225+0000] {spark_submit.py:644} INFO - 25/07/08 15:12:02 INFO SparkContext: SparkContext is stopping with exitCode 0.
[2025-07-08T15:12:02.234+0000] {spark_submit.py:644} INFO - 25/07/08 15:12:02 INFO SparkUI: Stopped Spark web UI at http://3748f1b8240a:4040
[2025-07-08T15:12:02.237+0000] {spark_submit.py:644} INFO - 25/07/08 15:12:02 INFO StandaloneSchedulerBackend: Shutting down all executors
[2025-07-08T15:12:02.238+0000] {spark_submit.py:644} INFO - 25/07/08 15:12:02 INFO StandaloneSchedulerBackend$StandaloneDriverEndpoint: Asking each executor to shut down
[2025-07-08T15:12:02.257+0000] {spark_submit.py:644} INFO - 25/07/08 15:12:02 INFO MapOutputTrackerMasterEndpoint: MapOutputTrackerMasterEndpoint stopped!
[2025-07-08T15:12:02.294+0000] {spark_submit.py:644} INFO - 25/07/08 15:12:02 INFO MemoryStore: MemoryStore cleared
[2025-07-08T15:12:02.295+0000] {spark_submit.py:644} INFO - 25/07/08 15:12:02 INFO BlockManager: BlockManager stopped
[2025-07-08T15:12:02.308+0000] {spark_submit.py:644} INFO - 25/07/08 15:12:02 INFO BlockManagerMaster: BlockManagerMaster stopped
[2025-07-08T15:12:02.318+0000] {spark_submit.py:644} INFO - 25/07/08 15:12:02 INFO OutputCommitCoordinator$OutputCommitCoordinatorEndpoint: OutputCommitCoordinator stopped!
[2025-07-08T15:12:02.335+0000] {spark_submit.py:644} INFO - 25/07/08 15:12:02 INFO SparkContext: Successfully stopped SparkContext
[2025-07-08T15:12:03.461+0000] {spark_submit.py:644} INFO - 25/07/08 15:12:03 INFO ShutdownHookManager: Shutdown hook called
[2025-07-08T15:12:03.462+0000] {spark_submit.py:644} INFO - 25/07/08 15:12:03 INFO ShutdownHookManager: Deleting directory /tmp/spark-37d55259-6b5b-4fe7-bffd-6c41ca16f8e4/pyspark-f43936e7-4f32-401c-960d-60e676f76a93
[2025-07-08T15:12:03.467+0000] {spark_submit.py:644} INFO - 25/07/08 15:12:03 INFO ShutdownHookManager: Deleting directory /tmp/spark-65224a03-f2b7-4ae3-9d73-19b4b22f784c
[2025-07-08T15:12:03.472+0000] {spark_submit.py:644} INFO - 25/07/08 15:12:03 INFO ShutdownHookManager: Deleting directory /tmp/spark-37d55259-6b5b-4fe7-bffd-6c41ca16f8e4
[2025-07-08T15:12:03.482+0000] {spark_submit.py:644} INFO - 25/07/08 15:12:03 INFO MetricsSystemImpl: Stopping s3a-file-system metrics system...
[2025-07-08T15:12:03.483+0000] {spark_submit.py:644} INFO - 25/07/08 15:12:03 INFO MetricsSystemImpl: s3a-file-system metrics system stopped.
[2025-07-08T15:12:03.484+0000] {spark_submit.py:644} INFO - 25/07/08 15:12:03 INFO MetricsSystemImpl: s3a-file-system metrics system shutdown complete.
[2025-07-08T15:12:03.884+0000] {taskinstance.py:349} INFO - ::group::Post task execution logs
[2025-07-08T15:12:03.885+0000] {taskinstance.py:361} INFO - Marking task as SUCCESS. dag_id=process_exercises, task_id=process_exercises, run_id=manual__2025-07-08T15:10:58.916322+00:00, execution_date=20250708T151058, start_date=20250708T151102, end_date=20250708T151203
[2025-07-08T15:12:04.116+0000] {local_task_job_runner.py:266} INFO - Task exited with return code 0
[2025-07-08T15:12:04.138+0000] {local_task_job_runner.py:245} INFO - ::endgroup::
