[2025-07-08T16:08:24.762+0000] {local_task_job_runner.py:123} INFO - ::group::Pre task execution logs
[2025-07-08T16:08:24.793+0000] {taskinstance.py:2631} INFO - Dependencies all met for dep_context=non-requeueable deps ti=<TaskInstance: process_exercises.identify_ready_exercises manual__2025-07-08T16:08:23.566001+00:00 [queued]>
[2025-07-08T16:08:24.803+0000] {taskinstance.py:2631} INFO - Dependencies all met for dep_context=requeueable deps ti=<TaskInstance: process_exercises.identify_ready_exercises manual__2025-07-08T16:08:23.566001+00:00 [queued]>
[2025-07-08T16:08:24.804+0000] {taskinstance.py:2884} INFO - Starting attempt 1 of 1
[2025-07-08T16:08:24.933+0000] {taskinstance.py:2907} INFO - Executing <Task(PythonOperator): identify_ready_exercises> on 2025-07-08 16:08:23.566001+00:00
[2025-07-08T16:08:24.971+0000] {logging_mixin.py:190} WARNING - /home/airflow/.local/lib/python3.12/site-packages/airflow/task/task_runner/standard_task_runner.py:70 DeprecationWarning: This process (pid=5859) is multi-threaded, use of fork() may lead to deadlocks in the child.
[2025-07-08T16:08:24.979+0000] {standard_task_runner.py:72} INFO - Started process 5860 to run task
[2025-07-08T16:08:24.968+0000] {standard_task_runner.py:104} INFO - Running: ['airflow', 'tasks', 'run', 'process_exercises', 'identify_ready_exercises', 'manual__2025-07-08T16:08:23.566001+00:00', '--job-id', '151', '--raw', '--subdir', 'DAGS_FOLDER/process_exercises.py', '--cfg-path', '/tmp/tmp4rxvngev']
[2025-07-08T16:08:24.984+0000] {standard_task_runner.py:105} INFO - Job 151: Subtask identify_ready_exercises
[2025-07-08T16:08:25.142+0000] {task_command.py:467} INFO - Running <TaskInstance: process_exercises.identify_ready_exercises manual__2025-07-08T16:08:23.566001+00:00 [running]> on host 3748f1b8240a
[2025-07-08T16:08:25.349+0000] {taskinstance.py:3157} INFO - Exporting env vars: AIRFLOW_CTX_DAG_OWNER='airflow' AIRFLOW_CTX_DAG_ID='process_exercises' AIRFLOW_CTX_TASK_ID='identify_ready_exercises' AIRFLOW_CTX_EXECUTION_DATE='2025-07-08T16:08:23.566001+00:00' AIRFLOW_CTX_TRY_NUMBER='1' AIRFLOW_CTX_DAG_RUN_ID='manual__2025-07-08T16:08:23.566001+00:00'
[2025-07-08T16:08:25.350+0000] {taskinstance.py:740} INFO - ::endgroup::
[2025-07-08T16:08:25.421+0000] {base.py:84} INFO - Retrieving connection 'minio-ebsim'
[2025-07-08T16:08:25.423+0000] {connection_wrapper.py:328} INFO - AWS Connection (conn_id='minio-ebsim', conn_type='aws') credentials retrieved from extra.
[2025-07-08T16:08:26.020+0000] {logging_mixin.py:190} INFO - [DAG] exercício pronto: CA-SUL-virtual-17RCMe-2025-07-08
[2025-07-08T16:08:26.021+0000] {logging_mixin.py:190} INFO - ✅ [DAG] total de exercícios prontos: 1.
[2025-07-08T16:08:26.022+0000] {logging_mixin.py:190} INFO - ✅ [DAG] o exercício selecionado é CA-SUL-virtual-17RCMe-2025-07-08.
[2025-07-08T16:08:26.023+0000] {python.py:240} INFO - Done. Returned value was: {'id': 'CA-SUL-virtual-17RCMe-2025-07-08', 'metadata': {'id': 'CA-SUL-virtual-17RCMe-2025-07-08', 'name': 'Exercício Virtual', 'description': '17RCMec', 'simulationType': 'virtual', 'origin': 'CA-SUL', 'startDate': '2025-07-08', 'endDate': '2025-07-09', 'trainedForce': '17 Regimento de Cavalaria Mecanizado', 'wikiUrl': '', 'documents': [{'id': '1751990882540', 'name': 'Op Jacui IV - Anexo A - Inteligencia.pdf', 'description': '', 'path': 'exercises/CA-SUL-virtual-17RCMe-2025-07-08/documents/Op Jacui IV - Anexo A - Inteligencia.pdf', 'size': 47523, 'mimetype': 'application/pdf', 'uploadedAt': '2025-07-08T16:08:02.540Z'}], 'simulations': [{'id': '172.19.0.14_2025-07-08', 'name': '172.19.0.14_2025-07-08', 'path': 'exercises/CA-SUL-virtual-17RCMe-2025-07-08/simulations/172.19.0.14_2025-07-08', 'originalPath': 'staging/172.19.0.14_2025-07-08', 'movedAt': '2025-07-08T16:08:10.793Z'}], 'createdAt': '2025-07-08T16:07:52.045Z', 'updatedAt': '2025-07-08T16:08:10.794Z'}, 'manifest_entry': {'id': 'CA-SUL-virtual-17RCMe-2025-07-08', 'data': {'origin': 'CA-SUL', 'path': 'exercises/CA-SUL-virtual-17RCMe-2025-07-08', 'createdAt': '2025-07-08T16:07:52.045Z'}}}
[2025-07-08T16:08:26.119+0000] {taskinstance.py:349} INFO - ::group::Post task execution logs
[2025-07-08T16:08:26.120+0000] {taskinstance.py:361} INFO - Marking task as SUCCESS. dag_id=process_exercises, task_id=identify_ready_exercises, run_id=manual__2025-07-08T16:08:23.566001+00:00, execution_date=20250708T160823, start_date=20250708T160824, end_date=20250708T160826
[2025-07-08T16:08:26.292+0000] {local_task_job_runner.py:266} INFO - Task exited with return code 0
[2025-07-08T16:08:26.337+0000] {taskinstance.py:3924} INFO - 1 downstream tasks scheduled from follow-on schedule check
[2025-07-08T16:08:26.374+0000] {local_task_job_runner.py:245} INFO - ::endgroup::
