[2025-07-06T20:24:29.934+0000] {local_task_job_runner.py:123} INFO - ::group::Pre task execution logs
[2025-07-06T20:24:29.984+0000] {taskinstance.py:2631} INFO - Dependencies all met for dep_context=non-requeueable deps ti=<TaskInstance: process_exercises.identify_ready_exercises manual__2025-07-06T20:24:28.702715+00:00 [queued]>
[2025-07-06T20:24:29.998+0000] {taskinstance.py:2631} INFO - Dependencies all met for dep_context=requeueable deps ti=<TaskInstance: process_exercises.identify_ready_exercises manual__2025-07-06T20:24:28.702715+00:00 [queued]>
[2025-07-06T20:24:29.999+0000] {taskinstance.py:2884} INFO - Starting attempt 1 of 1
[2025-07-06T20:24:30.167+0000] {taskinstance.py:2907} INFO - Executing <Task(PythonOperator): identify_ready_exercises> on 2025-07-06 20:24:28.702715+00:00
[2025-07-06T20:24:30.198+0000] {logging_mixin.py:190} WARNING - /home/airflow/.local/lib/python3.12/site-packages/airflow/task/task_runner/standard_task_runner.py:70 DeprecationWarning: This process (pid=1290) is multi-threaded, use of fork() may lead to deadlocks in the child.
[2025-07-06T20:24:30.202+0000] {standard_task_runner.py:72} INFO - Started process 1291 to run task
[2025-07-06T20:24:30.197+0000] {standard_task_runner.py:104} INFO - Running: ['airflow', 'tasks', 'run', 'process_exercises', 'identify_ready_exercises', 'manual__2025-07-06T20:24:28.702715+00:00', '--job-id', '76', '--raw', '--subdir', 'DAGS_FOLDER/process_exercises.py', '--cfg-path', '/tmp/tmpj4rvokul']
[2025-07-06T20:24:30.204+0000] {standard_task_runner.py:105} INFO - Job 76: Subtask identify_ready_exercises
[2025-07-06T20:24:30.797+0000] {task_command.py:467} INFO - Running <TaskInstance: process_exercises.identify_ready_exercises manual__2025-07-06T20:24:28.702715+00:00 [running]> on host 0b50925a8be6
[2025-07-06T20:24:31.056+0000] {taskinstance.py:3157} INFO - Exporting env vars: AIRFLOW_CTX_DAG_OWNER='airflow' AIRFLOW_CTX_DAG_ID='process_exercises' AIRFLOW_CTX_TASK_ID='identify_ready_exercises' AIRFLOW_CTX_EXECUTION_DATE='2025-07-06T20:24:28.702715+00:00' AIRFLOW_CTX_TRY_NUMBER='1' AIRFLOW_CTX_DAG_RUN_ID='manual__2025-07-06T20:24:28.702715+00:00'
[2025-07-06T20:24:31.058+0000] {taskinstance.py:740} INFO - ::endgroup::
[2025-07-06T20:24:31.102+0000] {base.py:84} INFO - Retrieving connection 'minio-ebsim'
[2025-07-06T20:24:31.103+0000] {connection_wrapper.py:328} INFO - AWS Connection (conn_id='minio-ebsim', conn_type='aws') credentials retrieved from extra.
[2025-07-06T20:24:31.492+0000] {logging_mixin.py:190} INFO - [DAG] exercício pronto: CA-LESTE-construtiva-1DE-2025-07-06
[2025-07-06T20:24:31.493+0000] {logging_mixin.py:190} INFO - ✅ [DAG] total de exercícios prontos: 1.
[2025-07-06T20:24:31.493+0000] {logging_mixin.py:190} INFO - ✅ [DAG] o exercício selecionado é CA-LESTE-construtiva-1DE-2025-07-06.
[2025-07-06T20:24:31.494+0000] {python.py:240} INFO - Done. Returned value was: {'id': 'CA-LESTE-construtiva-1DE-2025-07-06', 'metadata': {'id': 'CA-LESTE-construtiva-1DE-2025-07-06', 'name': 'Jogo de Guerra', 'description': '1DE', 'simulationType': 'construtiva', 'origin': 'CA-LESTE', 'startDate': '2025-07-06', 'endDate': '2025-07-08', 'trainedForce': '1 Divisão de Exército', 'wikiUrl': '', 'documents': [{'id': '1751833454653', 'name': 'Op Jacui IV - Ordem de Operacoes.pdf', 'description': '', 'path': 'exercises/CA-LESTE-construtiva-1DE-2025-07-06/documents/Op Jacui IV - Ordem de Operacoes.pdf', 'size': 336744, 'mimetype': 'application/pdf', 'uploadedAt': '2025-07-06T20:24:14.653Z'}], 'simulations': [{'id': '172.19.0.6_2025-07-06', 'name': '172.19.0.6_2025-07-06', 'path': 'exercises/CA-LESTE-construtiva-1DE-2025-07-06/simulations/172.19.0.6_2025-07-06', 'originalPath': 'staging/172.19.0.6_2025-07-06', 'movedAt': '2025-07-06T20:24:21.211Z'}], 'createdAt': '2025-07-06T20:24:04.785Z', 'updatedAt': '2025-07-06T20:24:21.212Z'}, 'manifest_entry': {'id': 'CA-LESTE-construtiva-1DE-2025-07-06', 'data': {'origin': 'CA-LESTE', 'path': 'exercises/CA-LESTE-construtiva-1DE-2025-07-06', 'createdAt': '2025-07-06T20:24:04.785Z'}}}
[2025-07-06T20:24:31.583+0000] {taskinstance.py:349} INFO - ::group::Post task execution logs
[2025-07-06T20:24:31.583+0000] {taskinstance.py:361} INFO - Marking task as SUCCESS. dag_id=process_exercises, task_id=identify_ready_exercises, run_id=manual__2025-07-06T20:24:28.702715+00:00, execution_date=20250706T202428, start_date=20250706T202429, end_date=20250706T202431
[2025-07-06T20:24:31.750+0000] {local_task_job_runner.py:266} INFO - Task exited with return code 0
[2025-07-06T20:24:31.794+0000] {taskinstance.py:3924} INFO - 1 downstream tasks scheduled from follow-on schedule check
[2025-07-06T20:24:31.832+0000] {local_task_job_runner.py:245} INFO - ::endgroup::
