[2025-07-08T17:15:17.891+0000] {local_task_job_runner.py:123} INFO - ::group::Pre task execution logs
[2025-07-08T17:15:17.932+0000] {taskinstance.py:2631} INFO - Dependencies all met for dep_context=non-requeueable deps ti=<TaskInstance: process_exercises.process_exercises manual__2025-07-08T17:15:13.522608+00:00 [queued]>
[2025-07-08T17:15:17.945+0000] {taskinstance.py:2631} INFO - Dependencies all met for dep_context=requeueable deps ti=<TaskInstance: process_exercises.process_exercises manual__2025-07-08T17:15:13.522608+00:00 [queued]>
[2025-07-08T17:15:17.945+0000] {taskinstance.py:2884} INFO - Starting attempt 1 of 1
[2025-07-08T17:15:18.289+0000] {taskinstance.py:2907} INFO - Executing <Task(SparkSubmitOperator): process_exercises> on 2025-07-08 17:15:13.522608+00:00
[2025-07-08T17:15:18.301+0000] {standard_task_runner.py:104} INFO - Running: ['airflow', 'tasks', 'run', 'process_exercises', 'process_exercises', 'manual__2025-07-08T17:15:13.522608+00:00', '--job-id', '165', '--raw', '--subdir', 'DAGS_FOLDER/process_exercises.py', '--cfg-path', '/tmp/tmpmi18p6ke']
[2025-07-08T17:15:18.304+0000] {standard_task_runner.py:105} INFO - Job 165: Subtask process_exercises
[2025-07-08T17:15:18.305+0000] {logging_mixin.py:190} WARNING - /home/airflow/.local/lib/python3.12/site-packages/airflow/task/task_runner/standard_task_runner.py:70 DeprecationWarning: This process (pid=7903) is multi-threaded, use of fork() may lead to deadlocks in the child.
[2025-07-08T17:15:18.307+0000] {standard_task_runner.py:72} INFO - Started process 7904 to run task
[2025-07-08T17:15:18.721+0000] {task_command.py:467} INFO - Running <TaskInstance: process_exercises.process_exercises manual__2025-07-08T17:15:13.522608+00:00 [running]> on host 3748f1b8240a
[2025-07-08T17:15:18.974+0000] {taskinstance.py:3157} INFO - Exporting env vars: AIRFLOW_CTX_DAG_OWNER='airflow' AIRFLOW_CTX_DAG_ID='process_exercises' AIRFLOW_CTX_TASK_ID='process_exercises' AIRFLOW_CTX_EXECUTION_DATE='2025-07-08T17:15:13.522608+00:00' AIRFLOW_CTX_TRY_NUMBER='1' AIRFLOW_CTX_DAG_RUN_ID='manual__2025-07-08T17:15:13.522608+00:00'
[2025-07-08T17:15:18.975+0000] {taskinstance.py:740} INFO - ::endgroup::
[2025-07-08T17:15:19.029+0000] {base.py:84} INFO - Retrieving connection 'spark-ebsim'
[2025-07-08T17:15:19.037+0000] {spark_submit.py:474} INFO - Spark-Submit cmd: spark-submit --master spark://spark-master:7077 --jars /opt/bitnami/spark/jars/iceberg-spark-runtime-3.5_2.12-1.8.1.jar,/opt/bitnami/spark/jars/nessie-spark-extensions-3.5_2.12-0.103.2.jar,/opt/bitnami/spark/jars/nessie-client-0.103.2.jar,/opt/bitnami/spark/jars/hadoop-aws-3.3.2.jar,/opt/bitnami/spark/jars/aws-java-sdk-bundle-1.12.262.jar, --name arrow-spark --deploy-mode client /opt/bitnami/spark/jobs/process_exercises_job.py {"id": "CA-SUL-virtual-99RC-2025-07-08", "manifest_entry": {"data": {"createdAt": "2025-07-08T16:43:26.899Z", "origin": "CA-SUL", "path": "exercises/CA-SUL-virtual-99RC-2025-07-08"}, "id": "CA-SUL-virtual-99RC-2025-07-08"}, "metadata": {"createdAt": "2025-07-08T16:43:26.899Z", "description": "99RC", "documents": [{"description": "", "id": "1751993019656", "mimetype": "application/pdf", "name": "Op Jacui IV - Ordem de Operacoes.pdf", "path": "exercises/CA-SUL-virtual-99RC-2025-07-08/documents/Op Jacui IV - Ordem de Operacoes.pdf", "size": 336744, "uploadedAt": "2025-07-08T16:43:39.656Z"}], "endDate": "2025-07-10", "id": "CA-SUL-virtual-99RC-2025-07-08", "name": "Exerc\u00edcio Virtual", "origin": "CA-SUL", "simulationType": "virtual", "simulations": [{"id": "172.19.0.14_2025-07-08", "movedAt": "2025-07-08T16:43:43.163Z", "name": "172.19.0.14_2025-07-08", "originalPath": "staging/172.19.0.14_2025-07-08", "path": "exercises/CA-SUL-virtual-99RC-2025-07-08/simulations/172.19.0.14_2025-07-08"}], "startDate": "2025-07-08", "trainedForce": "9", "updatedAt": "2025-07-08T16:43:43.163Z", "wikiUrl": ""}}
[2025-07-08T17:15:20.916+0000] {spark_submit.py:644} INFO - 25/07/08 17:15:20 WARN NativeCodeLoader: Unable to load native-hadoop library for your platform... using builtin-java classes where applicable
[2025-07-08T17:15:22.427+0000] {spark_submit.py:644} INFO - [PROCESS EXERCISES] ℹ️  Iniciando processamento de exercícios
[2025-07-08T17:15:22.428+0000] {spark_submit.py:644} INFO - [PROCESS EXERCISES] ℹ️  Exercício selecionado: CA-SUL-virtual-99RC-2025-07-08
[2025-07-08T17:15:22.429+0000] {spark_submit.py:644} INFO - [PROCESS EXERCISES] 🔄 Criando sessão Spark
[2025-07-08T17:15:22.967+0000] {spark_submit.py:644} INFO - 25/07/08 17:15:22 INFO SparkContext: Running Spark version 3.5.5
[2025-07-08T17:15:22.967+0000] {spark_submit.py:644} INFO - 25/07/08 17:15:22 INFO SparkContext: OS info Linux, 5.15.167.4-microsoft-standard-WSL2, amd64
[2025-07-08T17:15:22.968+0000] {spark_submit.py:644} INFO - 25/07/08 17:15:22 INFO SparkContext: Java version 17.0.15
[2025-07-08T17:15:22.992+0000] {spark_submit.py:644} INFO - 25/07/08 17:15:22 INFO ResourceUtils: ==============================================================
[2025-07-08T17:15:22.993+0000] {spark_submit.py:644} INFO - 25/07/08 17:15:22 INFO ResourceUtils: No custom resources configured for spark.driver.
[2025-07-08T17:15:22.993+0000] {spark_submit.py:644} INFO - 25/07/08 17:15:22 INFO ResourceUtils: ==============================================================
[2025-07-08T17:15:22.994+0000] {spark_submit.py:644} INFO - 25/07/08 17:15:22 INFO SparkContext: Submitted application: ProcessExercises
[2025-07-08T17:15:23.011+0000] {spark_submit.py:644} INFO - 25/07/08 17:15:23 INFO ResourceProfile: Default ResourceProfile created, executor resources: Map(memory -> name: memory, amount: 1024, script: , vendor: , offHeap -> name: offHeap, amount: 0, script: , vendor: ), task resources: Map(cpus -> name: cpus, amount: 1.0)
[2025-07-08T17:15:23.018+0000] {spark_submit.py:644} INFO - 25/07/08 17:15:23 INFO ResourceProfile: Limiting resource is cpu
[2025-07-08T17:15:23.019+0000] {spark_submit.py:644} INFO - 25/07/08 17:15:23 INFO ResourceProfileManager: Added ResourceProfile id: 0
[2025-07-08T17:15:23.069+0000] {spark_submit.py:644} INFO - 25/07/08 17:15:23 INFO SecurityManager: Changing view acls to: airflow
[2025-07-08T17:15:23.070+0000] {spark_submit.py:644} INFO - 25/07/08 17:15:23 INFO SecurityManager: Changing modify acls to: airflow
[2025-07-08T17:15:23.070+0000] {spark_submit.py:644} INFO - 25/07/08 17:15:23 INFO SecurityManager: Changing view acls groups to:
[2025-07-08T17:15:23.071+0000] {spark_submit.py:644} INFO - 25/07/08 17:15:23 INFO SecurityManager: Changing modify acls groups to:
[2025-07-08T17:15:23.071+0000] {spark_submit.py:644} INFO - 25/07/08 17:15:23 INFO SecurityManager: SecurityManager: authentication disabled; ui acls disabled; users with view permissions: airflow; groups with view permissions: EMPTY; users with modify permissions: airflow; groups with modify permissions: EMPTY
[2025-07-08T17:15:23.269+0000] {spark_submit.py:644} INFO - 25/07/08 17:15:23 INFO Utils: Successfully started service 'sparkDriver' on port 46871.
[2025-07-08T17:15:23.294+0000] {spark_submit.py:644} INFO - 25/07/08 17:15:23 INFO SparkEnv: Registering MapOutputTracker
[2025-07-08T17:15:23.335+0000] {spark_submit.py:644} INFO - 25/07/08 17:15:23 INFO SparkEnv: Registering BlockManagerMaster
[2025-07-08T17:15:23.349+0000] {spark_submit.py:644} INFO - 25/07/08 17:15:23 INFO BlockManagerMasterEndpoint: Using org.apache.spark.storage.DefaultTopologyMapper for getting topology information
[2025-07-08T17:15:23.350+0000] {spark_submit.py:644} INFO - 25/07/08 17:15:23 INFO BlockManagerMasterEndpoint: BlockManagerMasterEndpoint up
[2025-07-08T17:15:23.354+0000] {spark_submit.py:644} INFO - 25/07/08 17:15:23 INFO SparkEnv: Registering BlockManagerMasterHeartbeat
[2025-07-08T17:15:23.374+0000] {spark_submit.py:644} INFO - 25/07/08 17:15:23 INFO DiskBlockManager: Created local directory at /tmp/blockmgr-575ffd9f-3488-49e8-aceb-edc4a24e2ae6
[2025-07-08T17:15:23.385+0000] {spark_submit.py:644} INFO - 25/07/08 17:15:23 INFO MemoryStore: MemoryStore started with capacity 434.4 MiB
[2025-07-08T17:15:23.398+0000] {spark_submit.py:644} INFO - 25/07/08 17:15:23 INFO SparkEnv: Registering OutputCommitCoordinator
[2025-07-08T17:15:23.604+0000] {spark_submit.py:644} INFO - 25/07/08 17:15:23 INFO JettyUtils: Start Jetty 0.0.0.0:4040 for SparkUI
[2025-07-08T17:15:23.668+0000] {spark_submit.py:644} INFO - 25/07/08 17:15:23 INFO Utils: Successfully started service 'SparkUI' on port 4040.
[2025-07-08T17:15:23.704+0000] {spark_submit.py:644} INFO - 25/07/08 17:15:23 INFO SparkContext: Added JAR file:///opt/bitnami/spark/jars/iceberg-spark-runtime-3.5_2.12-1.8.1.jar at spark://3748f1b8240a:46871/jars/iceberg-spark-runtime-3.5_2.12-1.8.1.jar with timestamp 1751994922960
[2025-07-08T17:15:23.705+0000] {spark_submit.py:644} INFO - 25/07/08 17:15:23 INFO SparkContext: Added JAR file:///opt/bitnami/spark/jars/nessie-spark-extensions-3.5_2.12-0.103.2.jar at spark://3748f1b8240a:46871/jars/nessie-spark-extensions-3.5_2.12-0.103.2.jar with timestamp 1751994922960
[2025-07-08T17:15:23.706+0000] {spark_submit.py:644} INFO - 25/07/08 17:15:23 INFO SparkContext: Added JAR file:///opt/bitnami/spark/jars/nessie-client-0.103.2.jar at spark://3748f1b8240a:46871/jars/nessie-client-0.103.2.jar with timestamp 1751994922960
[2025-07-08T17:15:23.707+0000] {spark_submit.py:644} INFO - 25/07/08 17:15:23 INFO SparkContext: Added JAR file:///opt/bitnami/spark/jars/hadoop-aws-3.3.2.jar at spark://3748f1b8240a:46871/jars/hadoop-aws-3.3.2.jar with timestamp 1751994922960
[2025-07-08T17:15:23.708+0000] {spark_submit.py:644} INFO - 25/07/08 17:15:23 INFO SparkContext: Added JAR file:///opt/bitnami/spark/jars/aws-java-sdk-bundle-1.12.262.jar at spark://3748f1b8240a:46871/jars/aws-java-sdk-bundle-1.12.262.jar with timestamp 1751994922960
[2025-07-08T17:15:23.804+0000] {spark_submit.py:644} INFO - 25/07/08 17:15:23 INFO StandaloneAppClient$ClientEndpoint: Connecting to master spark://spark-master:7077...
[2025-07-08T17:15:23.906+0000] {spark_submit.py:644} INFO - 25/07/08 17:15:23 INFO TransportClientFactory: Successfully created connection to spark-master/172.19.0.2:7077 after 81 ms (0 ms spent in bootstraps)
[2025-07-08T17:15:24.064+0000] {spark_submit.py:644} INFO - 25/07/08 17:15:24 INFO StandaloneSchedulerBackend: Connected to Spark cluster with app ID app-20250708171524-0010
[2025-07-08T17:15:24.071+0000] {spark_submit.py:644} INFO - 25/07/08 17:15:24 INFO Utils: Successfully started service 'org.apache.spark.network.netty.NettyBlockTransferService' on port 42037.
[2025-07-08T17:15:24.072+0000] {spark_submit.py:644} INFO - 25/07/08 17:15:24 INFO NettyBlockTransferService: Server created on 3748f1b8240a:42037
[2025-07-08T17:15:24.073+0000] {spark_submit.py:644} INFO - 25/07/08 17:15:24 INFO BlockManager: Using org.apache.spark.storage.RandomBlockReplicationPolicy for block replication policy
[2025-07-08T17:15:24.074+0000] {spark_submit.py:644} INFO - 25/07/08 17:15:24 INFO StandaloneAppClient$ClientEndpoint: Executor added: app-20250708171524-0010/0 on worker-20250708130010-172.19.0.8-33627 (172.19.0.8:33627) with 2 core(s)
[2025-07-08T17:15:24.076+0000] {spark_submit.py:644} INFO - 25/07/08 17:15:24 INFO StandaloneSchedulerBackend: Granted executor ID app-20250708171524-0010/0 on hostPort 172.19.0.8:33627 with 2 core(s), 1024.0 MiB RAM
[2025-07-08T17:15:24.079+0000] {spark_submit.py:644} INFO - 25/07/08 17:15:24 INFO BlockManagerMaster: Registering BlockManager BlockManagerId(driver, 3748f1b8240a, 42037, None)
[2025-07-08T17:15:24.082+0000] {spark_submit.py:644} INFO - 25/07/08 17:15:24 INFO BlockManagerMasterEndpoint: Registering block manager 3748f1b8240a:42037 with 434.4 MiB RAM, BlockManagerId(driver, 3748f1b8240a, 42037, None)
[2025-07-08T17:15:24.084+0000] {spark_submit.py:644} INFO - 25/07/08 17:15:24 INFO BlockManagerMaster: Registered BlockManager BlockManagerId(driver, 3748f1b8240a, 42037, None)
[2025-07-08T17:15:24.085+0000] {spark_submit.py:644} INFO - 25/07/08 17:15:24 INFO BlockManager: Initialized BlockManager: BlockManagerId(driver, 3748f1b8240a, 42037, None)
[2025-07-08T17:15:24.275+0000] {spark_submit.py:644} INFO - 25/07/08 17:15:24 INFO StandaloneSchedulerBackend: SchedulerBackend is ready for scheduling beginning after reached minRegisteredResourcesRatio: 0.0
[2025-07-08T17:15:24.295+0000] {spark_submit.py:644} INFO - 25/07/08 17:15:24 INFO StandaloneAppClient$ClientEndpoint: Executor updated: app-20250708171524-0010/0 is now RUNNING
[2025-07-08T17:15:24.527+0000] {spark_submit.py:644} INFO - [PROCESS EXERCISES] ✅ Sessão Spark criada com sucesso
[2025-07-08T17:15:24.528+0000] {spark_submit.py:644} INFO - [PROCESS EXERCISES] ✅ Processador de exercícios inicializado
[2025-07-08T17:15:24.528+0000] {spark_submit.py:644} INFO - [PROCESS EXERCISES] 🔄 Criando namespace nessie.exercises
[2025-07-08T17:15:24.545+0000] {spark_submit.py:644} INFO - 25/07/08 17:15:24 INFO SharedState: Setting hive.metastore.warehouse.dir ('null') to the value of spark.sql.warehouse.dir.
[2025-07-08T17:15:24.548+0000] {spark_submit.py:644} INFO - 25/07/08 17:15:24 INFO SharedState: Warehouse path is 'file:/opt/airflow/spark-warehouse'.
[2025-07-08T17:15:26.935+0000] {spark_submit.py:644} INFO - 25/07/08 17:15:26 INFO CatalogUtil: Loading custom FileIO implementation: org.apache.iceberg.hadoop.HadoopFileIO
[2025-07-08T17:15:28.463+0000] {spark_submit.py:644} INFO - 25/07/08 17:15:28 INFO StandaloneSchedulerBackend$StandaloneDriverEndpoint: Registered executor NettyRpcEndpointRef(spark-client://Executor) (172.19.0.8:58358) with ID 0,  ResourceProfileId 0
[2025-07-08T17:15:28.575+0000] {spark_submit.py:644} INFO - 25/07/08 17:15:28 INFO BlockManagerMasterEndpoint: Registering block manager 172.19.0.8:42579 with 434.4 MiB RAM, BlockManagerId(0, 172.19.0.8, 42579, None)
[2025-07-08T17:15:28.738+0000] {spark_submit.py:644} INFO - [PROCESS EXERCISES] ✅ Namespace criado/verificado com sucesso
[2025-07-08T17:15:28.739+0000] {spark_submit.py:644} INFO - [PROCESS EXERCISES] 🔄 === FASE 1: PROCESSAMENTO DE DOCUMENTOS ===
[2025-07-08T17:15:28.740+0000] {spark_submit.py:644} INFO - [PROCESS EXERCISES] 🔄 Iniciando processamento de documentos PDF
[2025-07-08T17:15:28.741+0000] {spark_submit.py:644} INFO - [PROCESS EXERCISES] ℹ️  Encontrados 1 documentos
[2025-07-08T17:15:28.742+0000] {spark_submit.py:644} INFO - [PROCESS EXERCISES] 🔄 Processando documento: Op Jacui IV - Ordem de Operacoes.pdf
[2025-07-08T17:15:28.743+0000] {spark_submit.py:644} INFO - [PROCESS EXERCISES] ℹ️  Carregando PDF de: s3a://bronze/exercises/CA-SUL-virtual-99RC-2025-07-08/documents/Op Jacui IV - Ordem de Operacoes.pdf
[2025-07-08T17:15:29.126+0000] {spark_submit.py:644} INFO - 25/07/08 17:15:29 WARN MetricsConfig: Cannot locate configuration: tried hadoop-metrics2-s3a-file-system.properties,hadoop-metrics2.properties
[2025-07-08T17:15:29.140+0000] {spark_submit.py:644} INFO - 25/07/08 17:15:29 INFO MetricsSystemImpl: Scheduled Metric snapshot period at 10 second(s).
[2025-07-08T17:15:29.141+0000] {spark_submit.py:644} INFO - 25/07/08 17:15:29 INFO MetricsSystemImpl: s3a-file-system metrics system started
[2025-07-08T17:15:30.993+0000] {spark_submit.py:644} INFO - 25/07/08 17:15:30 INFO InMemoryFileIndex: It took 76 ms to list leaf files for 1 paths.
[2025-07-08T17:15:31.622+0000] {spark_submit.py:644} INFO - 25/07/08 17:15:31 INFO FileSourceStrategy: Pushed Filters:
[2025-07-08T17:15:31.624+0000] {spark_submit.py:644} INFO - 25/07/08 17:15:31 INFO FileSourceStrategy: Post-Scan Filters:
[2025-07-08T17:15:33.095+0000] {spark_submit.py:644} INFO - 25/07/08 17:15:33 INFO CodeGenerator: Code generated in 583.347756 ms
[2025-07-08T17:15:33.143+0000] {spark_submit.py:644} INFO - 25/07/08 17:15:33 INFO MemoryStore: Block broadcast_0 stored as values in memory (estimated size 203.5 KiB, free 434.2 MiB)
[2025-07-08T17:15:33.198+0000] {spark_submit.py:644} INFO - 25/07/08 17:15:33 INFO MemoryStore: Block broadcast_0_piece0 stored as bytes in memory (estimated size 35.7 KiB, free 434.2 MiB)
[2025-07-08T17:15:33.201+0000] {spark_submit.py:644} INFO - 25/07/08 17:15:33 INFO BlockManagerInfo: Added broadcast_0_piece0 in memory on 3748f1b8240a:42037 (size: 35.7 KiB, free: 434.4 MiB)
[2025-07-08T17:15:33.205+0000] {spark_submit.py:644} INFO - 25/07/08 17:15:33 INFO SparkContext: Created broadcast 0 from collect at /opt/bitnami/spark/jobs/process_exercises_job.py:231
[2025-07-08T17:15:33.214+0000] {spark_submit.py:644} INFO - 25/07/08 17:15:33 INFO FileSourceScanExec: Planning scan with bin packing, max size: 4194304 bytes, open cost is considered as scanning 4194304 bytes.
[2025-07-08T17:15:33.456+0000] {spark_submit.py:644} INFO - 25/07/08 17:15:33 INFO SparkContext: Starting job: collect at /opt/bitnami/spark/jobs/process_exercises_job.py:231
[2025-07-08T17:15:33.467+0000] {spark_submit.py:644} INFO - 25/07/08 17:15:33 INFO DAGScheduler: Got job 0 (collect at /opt/bitnami/spark/jobs/process_exercises_job.py:231) with 1 output partitions
[2025-07-08T17:15:33.468+0000] {spark_submit.py:644} INFO - 25/07/08 17:15:33 INFO DAGScheduler: Final stage: ResultStage 0 (collect at /opt/bitnami/spark/jobs/process_exercises_job.py:231)
[2025-07-08T17:15:33.468+0000] {spark_submit.py:644} INFO - 25/07/08 17:15:33 INFO DAGScheduler: Parents of final stage: List()
[2025-07-08T17:15:33.469+0000] {spark_submit.py:644} INFO - 25/07/08 17:15:33 INFO DAGScheduler: Missing parents: List()
[2025-07-08T17:15:33.472+0000] {spark_submit.py:644} INFO - 25/07/08 17:15:33 INFO DAGScheduler: Submitting ResultStage 0 (MapPartitionsRDD[5] at collect at /opt/bitnami/spark/jobs/process_exercises_job.py:231), which has no missing parents
[2025-07-08T17:15:33.486+0000] {spark_submit.py:644} INFO - 25/07/08 17:15:33 INFO MemoryStore: Block broadcast_1 stored as values in memory (estimated size 27.3 KiB, free 434.1 MiB)
[2025-07-08T17:15:33.494+0000] {spark_submit.py:644} INFO - 25/07/08 17:15:33 INFO MemoryStore: Block broadcast_1_piece0 stored as bytes in memory (estimated size 13.6 KiB, free 434.1 MiB)
[2025-07-08T17:15:33.495+0000] {spark_submit.py:644} INFO - 25/07/08 17:15:33 INFO BlockManagerInfo: Added broadcast_1_piece0 in memory on 3748f1b8240a:42037 (size: 13.6 KiB, free: 434.4 MiB)
[2025-07-08T17:15:33.496+0000] {spark_submit.py:644} INFO - 25/07/08 17:15:33 INFO SparkContext: Created broadcast 1 from broadcast at DAGScheduler.scala:1585
[2025-07-08T17:15:33.510+0000] {spark_submit.py:644} INFO - 25/07/08 17:15:33 INFO DAGScheduler: Submitting 1 missing tasks from ResultStage 0 (MapPartitionsRDD[5] at collect at /opt/bitnami/spark/jobs/process_exercises_job.py:231) (first 15 tasks are for partitions Vector(0))
[2025-07-08T17:15:33.544+0000] {spark_submit.py:644} INFO - 25/07/08 17:15:33 INFO TaskSchedulerImpl: Adding task set 0.0 with 1 tasks resource profile 0
[2025-07-08T17:15:39.714+0000] {spark_submit.py:644} INFO - 25/07/08 17:15:39 INFO TaskSetManager: Starting task 0.0 in stage 0.0 (TID 0) (172.19.0.8, executor 0, partition 0, PROCESS_LOCAL, 10193 bytes)
[2025-07-08T17:15:39.903+0000] {spark_submit.py:644} INFO - 25/07/08 17:15:39 INFO BlockManagerInfo: Added broadcast_1_piece0 in memory on 172.19.0.8:42579 (size: 13.6 KiB, free: 434.4 MiB)
[2025-07-08T17:15:46.978+0000] {spark_submit.py:644} INFO - 25/07/08 17:15:46 INFO BlockManagerInfo: Added broadcast_0_piece0 in memory on 172.19.0.8:42579 (size: 35.7 KiB, free: 434.4 MiB)
[2025-07-08T17:15:54.706+0000] {spark_submit.py:644} INFO - 25/07/08 17:15:54 INFO TaskSetManager: Finished task 0.0 in stage 0.0 (TID 0) in 15001 ms on 172.19.0.8 (executor 0) (1/1)
[2025-07-08T17:15:54.708+0000] {spark_submit.py:644} INFO - 25/07/08 17:15:54 INFO TaskSchedulerImpl: Removed TaskSet 0.0, whose tasks have all completed, from pool
[2025-07-08T17:15:54.711+0000] {spark_submit.py:644} INFO - 25/07/08 17:15:54 INFO PythonAccumulatorV2: Connected to AccumulatorServer at host: 127.0.0.1 port: 57521
[2025-07-08T17:15:54.714+0000] {spark_submit.py:644} INFO - 25/07/08 17:15:54 INFO DAGScheduler: ResultStage 0 (collect at /opt/bitnami/spark/jobs/process_exercises_job.py:231) finished in 21.232 s
[2025-07-08T17:15:54.717+0000] {spark_submit.py:644} INFO - 25/07/08 17:15:54 INFO DAGScheduler: Job 0 is finished. Cancelling potential speculative or zombie tasks for this job
[2025-07-08T17:15:54.718+0000] {spark_submit.py:644} INFO - 25/07/08 17:15:54 INFO TaskSchedulerImpl: Killing all running tasks in stage 0: Stage finished
[2025-07-08T17:15:54.720+0000] {spark_submit.py:644} INFO - 25/07/08 17:15:54 INFO DAGScheduler: Job 0 finished: collect at /opt/bitnami/spark/jobs/process_exercises_job.py:231, took 21.267096 s
[2025-07-08T17:15:54.804+0000] {spark_submit.py:644} INFO - [PROCESS EXERCISES] ✅ Documento processado com sucesso: Op Jacui IV - Ordem de Operacoes.pdf
[2025-07-08T17:15:54.805+0000] {spark_submit.py:644} INFO - [PROCESS EXERCISES] ✅ Processamento de documentos concluído: 1 registros
[2025-07-08T17:16:03.322+0000] {spark_submit.py:644} INFO - 25/07/08 17:16:03 INFO CodeGenerator: Code generated in 30.533709 ms
[2025-07-08T17:16:03.391+0000] {spark_submit.py:644} INFO - 25/07/08 17:16:03 INFO DAGScheduler: Registering RDD 12 (count at NativeMethodAccessorImpl.java:0) as input to shuffle 0
[2025-07-08T17:16:03.404+0000] {spark_submit.py:644} INFO - 25/07/08 17:16:03 INFO DAGScheduler: Got map stage job 1 (count at NativeMethodAccessorImpl.java:0) with 2 output partitions
[2025-07-08T17:16:03.404+0000] {spark_submit.py:644} INFO - 25/07/08 17:16:03 INFO DAGScheduler: Final stage: ShuffleMapStage 1 (count at NativeMethodAccessorImpl.java:0)
[2025-07-08T17:16:03.405+0000] {spark_submit.py:644} INFO - 25/07/08 17:16:03 INFO DAGScheduler: Parents of final stage: List()
[2025-07-08T17:16:03.406+0000] {spark_submit.py:644} INFO - 25/07/08 17:16:03 INFO DAGScheduler: Missing parents: List()
[2025-07-08T17:16:03.407+0000] {spark_submit.py:644} INFO - 25/07/08 17:16:03 INFO DAGScheduler: Submitting ShuffleMapStage 1 (MapPartitionsRDD[12] at count at NativeMethodAccessorImpl.java:0), which has no missing parents
[2025-07-08T17:16:03.425+0000] {spark_submit.py:644} INFO - 25/07/08 17:16:03 INFO MemoryStore: Block broadcast_2 stored as values in memory (estimated size 16.0 KiB, free 434.1 MiB)
[2025-07-08T17:16:03.440+0000] {spark_submit.py:644} INFO - 25/07/08 17:16:03 INFO MemoryStore: Block broadcast_2_piece0 stored as bytes in memory (estimated size 8.4 KiB, free 434.1 MiB)
[2025-07-08T17:16:03.442+0000] {spark_submit.py:644} INFO - 25/07/08 17:16:03 INFO BlockManagerInfo: Added broadcast_2_piece0 in memory on 3748f1b8240a:42037 (size: 8.4 KiB, free: 434.3 MiB)
[2025-07-08T17:16:03.443+0000] {spark_submit.py:644} INFO - 25/07/08 17:16:03 INFO SparkContext: Created broadcast 2 from broadcast at DAGScheduler.scala:1585
[2025-07-08T17:16:03.445+0000] {spark_submit.py:644} INFO - 25/07/08 17:16:03 INFO DAGScheduler: Submitting 2 missing tasks from ShuffleMapStage 1 (MapPartitionsRDD[12] at count at NativeMethodAccessorImpl.java:0) (first 15 tasks are for partitions Vector(0, 1))
[2025-07-08T17:16:03.445+0000] {spark_submit.py:644} INFO - 25/07/08 17:16:03 INFO TaskSchedulerImpl: Adding task set 1.0 with 2 tasks resource profile 0
[2025-07-08T17:16:03.449+0000] {spark_submit.py:644} INFO - 25/07/08 17:16:03 INFO TaskSetManager: Starting task 0.0 in stage 1.0 (TID 1) (172.19.0.8, executor 0, partition 0, PROCESS_LOCAL, 9487 bytes)
[2025-07-08T17:16:03.450+0000] {spark_submit.py:644} INFO - 25/07/08 17:16:03 INFO TaskSetManager: Starting task 1.0 in stage 1.0 (TID 2) (172.19.0.8, executor 0, partition 1, PROCESS_LOCAL, 26216 bytes)
[2025-07-08T17:16:03.470+0000] {spark_submit.py:644} INFO - 25/07/08 17:16:03 INFO BlockManagerInfo: Removed broadcast_1_piece0 on 3748f1b8240a:42037 in memory (size: 13.6 KiB, free: 434.4 MiB)
[2025-07-08T17:16:03.483+0000] {spark_submit.py:644} INFO - 25/07/08 17:16:03 INFO BlockManagerInfo: Removed broadcast_1_piece0 on 172.19.0.8:42579 in memory (size: 13.6 KiB, free: 434.4 MiB)
[2025-07-08T17:16:03.542+0000] {spark_submit.py:644} INFO - 25/07/08 17:16:03 INFO BlockManagerInfo: Added broadcast_2_piece0 in memory on 172.19.0.8:42579 (size: 8.4 KiB, free: 434.4 MiB)
[2025-07-08T17:16:03.545+0000] {spark_submit.py:644} INFO - 25/07/08 17:16:03 INFO BlockManagerInfo: Removed broadcast_0_piece0 on 3748f1b8240a:42037 in memory (size: 35.7 KiB, free: 434.4 MiB)
[2025-07-08T17:16:03.548+0000] {spark_submit.py:644} INFO - 25/07/08 17:16:03 INFO BlockManagerInfo: Removed broadcast_0_piece0 on 172.19.0.8:42579 in memory (size: 35.7 KiB, free: 434.4 MiB)
[2025-07-08T17:16:05.158+0000] {spark_submit.py:644} INFO - 25/07/08 17:16:05 INFO TaskSetManager: Finished task 1.0 in stage 1.0 (TID 2) in 1707 ms on 172.19.0.8 (executor 0) (1/2)
[2025-07-08T17:16:05.159+0000] {spark_submit.py:644} INFO - 25/07/08 17:16:05 INFO TaskSetManager: Finished task 0.0 in stage 1.0 (TID 1) in 1712 ms on 172.19.0.8 (executor 0) (2/2)
[2025-07-08T17:16:05.160+0000] {spark_submit.py:644} INFO - 25/07/08 17:16:05 INFO TaskSchedulerImpl: Removed TaskSet 1.0, whose tasks have all completed, from pool
[2025-07-08T17:16:05.165+0000] {spark_submit.py:644} INFO - 25/07/08 17:16:05 INFO DAGScheduler: ShuffleMapStage 1 (count at NativeMethodAccessorImpl.java:0) finished in 1.752 s
[2025-07-08T17:16:05.166+0000] {spark_submit.py:644} INFO - 25/07/08 17:16:05 INFO DAGScheduler: looking for newly runnable stages
[2025-07-08T17:16:05.167+0000] {spark_submit.py:644} INFO - 25/07/08 17:16:05 INFO DAGScheduler: running: Set()
[2025-07-08T17:16:05.168+0000] {spark_submit.py:644} INFO - 25/07/08 17:16:05 INFO DAGScheduler: waiting: Set()
[2025-07-08T17:16:05.168+0000] {spark_submit.py:644} INFO - 25/07/08 17:16:05 INFO DAGScheduler: failed: Set()
[2025-07-08T17:16:05.229+0000] {spark_submit.py:644} INFO - 25/07/08 17:16:05 INFO CodeGenerator: Code generated in 13.847847 ms
[2025-07-08T17:16:05.253+0000] {spark_submit.py:644} INFO - 25/07/08 17:16:05 INFO SparkContext: Starting job: count at NativeMethodAccessorImpl.java:0
[2025-07-08T17:16:05.255+0000] {spark_submit.py:644} INFO - 25/07/08 17:16:05 INFO DAGScheduler: Got job 2 (count at NativeMethodAccessorImpl.java:0) with 1 output partitions
[2025-07-08T17:16:05.256+0000] {spark_submit.py:644} INFO - 25/07/08 17:16:05 INFO DAGScheduler: Final stage: ResultStage 3 (count at NativeMethodAccessorImpl.java:0)
[2025-07-08T17:16:05.257+0000] {spark_submit.py:644} INFO - 25/07/08 17:16:05 INFO DAGScheduler: Parents of final stage: List(ShuffleMapStage 2)
[2025-07-08T17:16:05.258+0000] {spark_submit.py:644} INFO - 25/07/08 17:16:05 INFO DAGScheduler: Missing parents: List()
[2025-07-08T17:16:05.259+0000] {spark_submit.py:644} INFO - 25/07/08 17:16:05 INFO DAGScheduler: Submitting ResultStage 3 (MapPartitionsRDD[15] at count at NativeMethodAccessorImpl.java:0), which has no missing parents
[2025-07-08T17:16:05.269+0000] {spark_submit.py:644} INFO - 25/07/08 17:16:05 INFO MemoryStore: Block broadcast_3 stored as values in memory (estimated size 12.5 KiB, free 434.4 MiB)
[2025-07-08T17:16:05.282+0000] {spark_submit.py:644} INFO - 25/07/08 17:16:05 INFO MemoryStore: Block broadcast_3_piece0 stored as bytes in memory (estimated size 5.9 KiB, free 434.4 MiB)
[2025-07-08T17:16:05.283+0000] {spark_submit.py:644} INFO - 25/07/08 17:16:05 INFO BlockManagerInfo: Added broadcast_3_piece0 in memory on 3748f1b8240a:42037 (size: 5.9 KiB, free: 434.4 MiB)
[2025-07-08T17:16:05.285+0000] {spark_submit.py:644} INFO - 25/07/08 17:16:05 INFO SparkContext: Created broadcast 3 from broadcast at DAGScheduler.scala:1585
[2025-07-08T17:16:05.286+0000] {spark_submit.py:644} INFO - 25/07/08 17:16:05 INFO BlockManagerInfo: Removed broadcast_2_piece0 on 3748f1b8240a:42037 in memory (size: 8.4 KiB, free: 434.4 MiB)
[2025-07-08T17:16:05.287+0000] {spark_submit.py:644} INFO - 25/07/08 17:16:05 INFO DAGScheduler: Submitting 1 missing tasks from ResultStage 3 (MapPartitionsRDD[15] at count at NativeMethodAccessorImpl.java:0) (first 15 tasks are for partitions Vector(0))
[2025-07-08T17:16:05.288+0000] {spark_submit.py:644} INFO - 25/07/08 17:16:05 INFO TaskSchedulerImpl: Adding task set 3.0 with 1 tasks resource profile 0
[2025-07-08T17:16:05.289+0000] {spark_submit.py:644} INFO - 25/07/08 17:16:05 INFO BlockManagerInfo: Removed broadcast_2_piece0 on 172.19.0.8:42579 in memory (size: 8.4 KiB, free: 434.4 MiB)
[2025-07-08T17:16:05.297+0000] {spark_submit.py:644} INFO - 25/07/08 17:16:05 INFO TaskSetManager: Starting task 0.0 in stage 3.0 (TID 3) (172.19.0.8, executor 0, partition 0, NODE_LOCAL, 9518 bytes)
[2025-07-08T17:16:05.348+0000] {spark_submit.py:644} INFO - 25/07/08 17:16:05 INFO BlockManagerInfo: Added broadcast_3_piece0 in memory on 172.19.0.8:42579 (size: 5.9 KiB, free: 434.4 MiB)
[2025-07-08T17:16:05.397+0000] {spark_submit.py:644} INFO - 25/07/08 17:16:05 INFO MapOutputTrackerMasterEndpoint: Asked to send map output locations for shuffle 0 to 172.19.0.8:58358
[2025-07-08T17:16:05.728+0000] {spark_submit.py:644} INFO - 25/07/08 17:16:05 INFO TaskSetManager: Finished task 0.0 in stage 3.0 (TID 3) in 434 ms on 172.19.0.8 (executor 0) (1/1)
[2025-07-08T17:16:05.729+0000] {spark_submit.py:644} INFO - 25/07/08 17:16:05 INFO TaskSchedulerImpl: Removed TaskSet 3.0, whose tasks have all completed, from pool
[2025-07-08T17:16:05.730+0000] {spark_submit.py:644} INFO - 25/07/08 17:16:05 INFO DAGScheduler: ResultStage 3 (count at NativeMethodAccessorImpl.java:0) finished in 0.463 s
[2025-07-08T17:16:05.731+0000] {spark_submit.py:644} INFO - 25/07/08 17:16:05 INFO DAGScheduler: Job 2 is finished. Cancelling potential speculative or zombie tasks for this job
[2025-07-08T17:16:05.731+0000] {spark_submit.py:644} INFO - 25/07/08 17:16:05 INFO TaskSchedulerImpl: Killing all running tasks in stage 3: Stage finished
[2025-07-08T17:16:05.732+0000] {spark_submit.py:644} INFO - 25/07/08 17:16:05 INFO DAGScheduler: Job 2 finished: count at NativeMethodAccessorImpl.java:0, took 0.477823 s
[2025-07-08T17:16:05.734+0000] {spark_submit.py:644} INFO - [PROCESS EXERCISES] ℹ️  Salvando 1 registros na tabela nessie.exercises.pdf_documents
[2025-07-08T17:16:05.837+0000] {spark_submit.py:644} INFO - 25/07/08 17:16:05 INFO BaseMetastoreTableOperations: Refreshing table metadata from new version: s3a://warehouse/exercises/pdf_documents_3f2f6938-06f1-4401-a884-d6a6de9720a0/metadata/00020-316d9153-cc35-4b31-b233-e3f983c6d8b1.metadata.json
[2025-07-08T17:16:06.289+0000] {spark_submit.py:644} INFO - 25/07/08 17:16:06 INFO NessieUtil: loadTableMetadata for 'exercises.pdf_documents' from location 's3a://warehouse/exercises/pdf_documents_3f2f6938-06f1-4401-a884-d6a6de9720a0/metadata/00020-316d9153-cc35-4b31-b233-e3f983c6d8b1.metadata.json' at 'Branch{name=main, metadata=null, hash=f6f240052ea16ccf48357142343c985475076af94c1fe86647a705ab00d31ee0}'
[2025-07-08T17:16:06.363+0000] {spark_submit.py:644} INFO - 25/07/08 17:16:06 INFO BaseMetastoreCatalog: Table loaded by catalog: nessie.exercises.pdf_documents
[2025-07-08T17:16:08.012+0000] {spark_submit.py:644} INFO - 25/07/08 17:16:08 INFO BlockManagerInfo: Removed broadcast_3_piece0 on 3748f1b8240a:42037 in memory (size: 5.9 KiB, free: 434.4 MiB)
[2025-07-08T17:16:08.015+0000] {spark_submit.py:644} INFO - 25/07/08 17:16:08 INFO BlockManagerInfo: Removed broadcast_3_piece0 on 172.19.0.8:42579 in memory (size: 5.9 KiB, free: 434.4 MiB)
[2025-07-08T17:16:08.427+0000] {spark_submit.py:644} INFO - 25/07/08 17:16:08 INFO CodeGenerator: Code generated in 106.237478 ms
[2025-07-08T17:16:08.430+0000] {spark_submit.py:644} INFO - [PROCESS EXERCISES] 🔄 Salvando tabela nessie.exercises.pdf_documents em modo append
[2025-07-08T17:16:08.530+0000] {spark_submit.py:644} INFO - 25/07/08 17:16:08 INFO SparkWrite: Requesting 0 bytes advisory partition size for table nessie.exercises.pdf_documents
[2025-07-08T17:16:08.530+0000] {spark_submit.py:644} INFO - 25/07/08 17:16:08 INFO SparkWrite: Requesting UnspecifiedDistribution as write distribution for table nessie.exercises.pdf_documents
[2025-07-08T17:16:08.531+0000] {spark_submit.py:644} INFO - 25/07/08 17:16:08 INFO SparkWrite: Requesting [] as write ordering for table nessie.exercises.pdf_documents
[2025-07-08T17:16:08.557+0000] {spark_submit.py:644} INFO - 25/07/08 17:16:08 INFO CodeGenerator: Code generated in 11.248657 ms
[2025-07-08T17:16:08.573+0000] {spark_submit.py:644} INFO - 25/07/08 17:16:08 INFO MemoryStore: Block broadcast_4 stored as values in memory (estimated size 32.0 KiB, free 434.4 MiB)
[2025-07-08T17:16:08.603+0000] {spark_submit.py:644} INFO - 25/07/08 17:16:08 INFO MemoryStore: Block broadcast_4_piece0 stored as bytes in memory (estimated size 30.1 KiB, free 434.3 MiB)
[2025-07-08T17:16:08.605+0000] {spark_submit.py:644} INFO - 25/07/08 17:16:08 INFO BlockManagerInfo: Added broadcast_4_piece0 in memory on 3748f1b8240a:42037 (size: 30.1 KiB, free: 434.4 MiB)
[2025-07-08T17:16:08.606+0000] {spark_submit.py:644} INFO - 25/07/08 17:16:08 INFO SparkContext: Created broadcast 4 from broadcast at SparkWrite.java:193
[2025-07-08T17:16:08.608+0000] {spark_submit.py:644} INFO - 25/07/08 17:16:08 INFO AppendDataExec: Start processing data source write support: IcebergBatchWrite(table=nessie.exercises.pdf_documents, format=PARQUET). The input RDD has 2 partitions.
[2025-07-08T17:16:08.639+0000] {spark_submit.py:644} INFO - 25/07/08 17:16:08 INFO SparkContext: Starting job: saveAsTable at NativeMethodAccessorImpl.java:0
[2025-07-08T17:16:08.640+0000] {spark_submit.py:644} INFO - 25/07/08 17:16:08 INFO DAGScheduler: Got job 3 (saveAsTable at NativeMethodAccessorImpl.java:0) with 2 output partitions
[2025-07-08T17:16:08.641+0000] {spark_submit.py:644} INFO - 25/07/08 17:16:08 INFO DAGScheduler: Final stage: ResultStage 4 (saveAsTable at NativeMethodAccessorImpl.java:0)
[2025-07-08T17:16:08.641+0000] {spark_submit.py:644} INFO - 25/07/08 17:16:08 INFO DAGScheduler: Parents of final stage: List()
[2025-07-08T17:16:08.642+0000] {spark_submit.py:644} INFO - 25/07/08 17:16:08 INFO DAGScheduler: Missing parents: List()
[2025-07-08T17:16:08.642+0000] {spark_submit.py:644} INFO - 25/07/08 17:16:08 INFO DAGScheduler: Submitting ResultStage 4 (MapPartitionsRDD[16] at saveAsTable at NativeMethodAccessorImpl.java:0), which has no missing parents
[2025-07-08T17:16:08.644+0000] {spark_submit.py:644} INFO - 25/07/08 17:16:08 INFO MemoryStore: Block broadcast_5 stored as values in memory (estimated size 15.1 KiB, free 434.3 MiB)
[2025-07-08T17:16:08.645+0000] {spark_submit.py:644} INFO - 25/07/08 17:16:08 INFO MemoryStore: Block broadcast_5_piece0 stored as bytes in memory (estimated size 7.8 KiB, free 434.3 MiB)
[2025-07-08T17:16:08.646+0000] {spark_submit.py:644} INFO - 25/07/08 17:16:08 INFO BlockManagerInfo: Added broadcast_5_piece0 in memory on 3748f1b8240a:42037 (size: 7.8 KiB, free: 434.4 MiB)
[2025-07-08T17:16:08.647+0000] {spark_submit.py:644} INFO - 25/07/08 17:16:08 INFO SparkContext: Created broadcast 5 from broadcast at DAGScheduler.scala:1585
[2025-07-08T17:16:08.647+0000] {spark_submit.py:644} INFO - 25/07/08 17:16:08 INFO DAGScheduler: Submitting 2 missing tasks from ResultStage 4 (MapPartitionsRDD[16] at saveAsTable at NativeMethodAccessorImpl.java:0) (first 15 tasks are for partitions Vector(0, 1))
[2025-07-08T17:16:08.648+0000] {spark_submit.py:644} INFO - 25/07/08 17:16:08 INFO TaskSchedulerImpl: Adding task set 4.0 with 2 tasks resource profile 0
[2025-07-08T17:16:08.649+0000] {spark_submit.py:644} INFO - 25/07/08 17:16:08 INFO TaskSetManager: Starting task 0.0 in stage 4.0 (TID 4) (172.19.0.8, executor 0, partition 0, PROCESS_LOCAL, 9498 bytes)
[2025-07-08T17:16:08.650+0000] {spark_submit.py:644} INFO - 25/07/08 17:16:08 INFO TaskSetManager: Starting task 1.0 in stage 4.0 (TID 5) (172.19.0.8, executor 0, partition 1, PROCESS_LOCAL, 26227 bytes)
[2025-07-08T17:16:08.665+0000] {spark_submit.py:644} INFO - 25/07/08 17:16:08 INFO BlockManagerInfo: Added broadcast_5_piece0 in memory on 172.19.0.8:42579 (size: 7.8 KiB, free: 434.4 MiB)
[2025-07-08T17:16:08.753+0000] {spark_submit.py:644} INFO - 25/07/08 17:16:08 INFO BlockManagerInfo: Added broadcast_4_piece0 in memory on 172.19.0.8:42579 (size: 30.1 KiB, free: 434.4 MiB)
[2025-07-08T17:16:09.879+0000] {spark_submit.py:644} INFO - 25/07/08 17:16:09 INFO TaskSetManager: Finished task 0.0 in stage 4.0 (TID 4) in 1230 ms on 172.19.0.8 (executor 0) (1/2)
[2025-07-08T17:16:10.516+0000] {spark_submit.py:644} INFO - 25/07/08 17:16:10 INFO TaskSetManager: Finished task 1.0 in stage 4.0 (TID 5) in 1867 ms on 172.19.0.8 (executor 0) (2/2)
[2025-07-08T17:16:10.517+0000] {spark_submit.py:644} INFO - 25/07/08 17:16:10 INFO TaskSchedulerImpl: Removed TaskSet 4.0, whose tasks have all completed, from pool
[2025-07-08T17:16:10.518+0000] {spark_submit.py:644} INFO - 25/07/08 17:16:10 INFO DAGScheduler: ResultStage 4 (saveAsTable at NativeMethodAccessorImpl.java:0) finished in 1.875 s
[2025-07-08T17:16:10.518+0000] {spark_submit.py:644} INFO - 25/07/08 17:16:10 INFO DAGScheduler: Job 3 is finished. Cancelling potential speculative or zombie tasks for this job
[2025-07-08T17:16:10.519+0000] {spark_submit.py:644} INFO - 25/07/08 17:16:10 INFO TaskSchedulerImpl: Killing all running tasks in stage 4: Stage finished
[2025-07-08T17:16:10.520+0000] {spark_submit.py:644} INFO - 25/07/08 17:16:10 INFO DAGScheduler: Job 3 finished: saveAsTable at NativeMethodAccessorImpl.java:0, took 1.879320 s
[2025-07-08T17:16:10.520+0000] {spark_submit.py:644} INFO - 25/07/08 17:16:10 INFO AppendDataExec: Data source write support IcebergBatchWrite(table=nessie.exercises.pdf_documents, format=PARQUET) is committing.
[2025-07-08T17:16:10.578+0000] {spark_submit.py:644} INFO - 25/07/08 17:16:10 INFO SparkWrite: Committing append with 1 new data files to table nessie.exercises.pdf_documents
[2025-07-08T17:16:12.248+0000] {spark_submit.py:644} INFO - 25/07/08 17:16:12 INFO NessieIcebergClient: Committed 'exercises.pdf_documents' against 'Branch{name=main, metadata=null, hash=3a17e9fa3db051cb80b0f27c74e8d77c1e8db7f295853c2afa3b73ce07b9e135}', expected commit-id was 'f6f240052ea16ccf48357142343c985475076af94c1fe86647a705ab00d31ee0'
[2025-07-08T17:16:12.248+0000] {spark_submit.py:644} INFO - 25/07/08 17:16:12 INFO BaseMetastoreTableOperations: Successfully committed to table exercises.pdf_documents in 389 ms
[2025-07-08T17:16:12.249+0000] {spark_submit.py:644} INFO - 25/07/08 17:16:12 INFO SnapshotProducer: Committed snapshot 8919389488565380353 (MergeAppend)
[2025-07-08T17:16:12.282+0000] {spark_submit.py:644} INFO - 25/07/08 17:16:12 INFO BaseMetastoreTableOperations: Refreshing table metadata from new version: s3a://warehouse/exercises/pdf_documents_3f2f6938-06f1-4401-a884-d6a6de9720a0/metadata/00021-845cf484-a10a-4b1e-a0ce-2285fa7b61d3.metadata.json
[2025-07-08T17:16:12.307+0000] {spark_submit.py:644} INFO - 25/07/08 17:16:12 INFO NessieUtil: loadTableMetadata for 'exercises.pdf_documents' from location 's3a://warehouse/exercises/pdf_documents_3f2f6938-06f1-4401-a884-d6a6de9720a0/metadata/00021-845cf484-a10a-4b1e-a0ce-2285fa7b61d3.metadata.json' at 'Branch{name=main, metadata=null, hash=3a17e9fa3db051cb80b0f27c74e8d77c1e8db7f295853c2afa3b73ce07b9e135}'
[2025-07-08T17:16:12.348+0000] {spark_submit.py:644} INFO - 25/07/08 17:16:12 INFO LoggingMetricsReporter: Received metrics report: CommitReport{tableName=nessie.exercises.pdf_documents, snapshotId=8919389488565380353, sequenceNumber=22, operation=append, commitMetrics=CommitMetricsResult{totalDuration=TimerResult{timeUnit=NANOSECONDS, totalDuration=PT1.666842062S, count=1}, attempts=CounterResult{unit=COUNT, value=1}, addedDataFiles=CounterResult{unit=COUNT, value=1}, removedDataFiles=null, totalDataFiles=CounterResult{unit=COUNT, value=22}, addedDeleteFiles=null, addedEqualityDeleteFiles=null, addedPositionalDeleteFiles=null, addedDVs=null, removedDeleteFiles=null, removedEqualityDeleteFiles=null, removedPositionalDeleteFiles=null, removedDVs=null, totalDeleteFiles=CounterResult{unit=COUNT, value=0}, addedRecords=CounterResult{unit=COUNT, value=1}, removedRecords=null, totalRecords=CounterResult{unit=COUNT, value=22}, addedFilesSizeInBytes=CounterResult{unit=BYTES, value=8806}, removedFilesSizeInBytes=null, totalFilesSizeInBytes=CounterResult{unit=BYTES, value=169653}, addedPositionalDeletes=null, removedPositionalDeletes=null, totalPositionalDeletes=CounterResult{unit=COUNT, value=0}, addedEqualityDeletes=null, removedEqualityDeletes=null, totalEqualityDeletes=CounterResult{unit=COUNT, value=0}}, metadata={engine-version=3.5.5, app-id=app-20250708171524-0010, engine-name=spark, iceberg-version=Apache Iceberg 1.8.1 (commit 9ce0fcf0af7becf25ad9fc996c3bad2afdcfd33d)}}
[2025-07-08T17:16:12.349+0000] {spark_submit.py:644} INFO - 25/07/08 17:16:12 INFO SparkWrite: Committed in 1768 ms
[2025-07-08T17:16:12.349+0000] {spark_submit.py:644} INFO - 25/07/08 17:16:12 INFO AppendDataExec: Data source write support IcebergBatchWrite(table=nessie.exercises.pdf_documents, format=PARQUET) committed.
[2025-07-08T17:16:12.350+0000] {spark_submit.py:644} INFO - [PROCESS EXERCISES] ✅ Tabela nessie.exercises.pdf_documents salva com sucesso (1 registros)
[2025-07-08T17:16:12.351+0000] {spark_submit.py:644} INFO - [PROCESS EXERCISES] 🔄 === FASE 2: PROCESSAMENTO DE SIMULAÇÕES ===
[2025-07-08T17:16:12.351+0000] {spark_submit.py:644} INFO - [PROCESS EXERCISES] 🔄 Iniciando processamento de simulações
[2025-07-08T17:16:12.352+0000] {spark_submit.py:644} INFO - [PROCESS EXERCISES] ℹ️  Buscando arquivos de simulação em: exercises/CA-SUL-virtual-99RC-2025-07-08/simulations/172.19.0.14_2025-07-08
[2025-07-08T17:16:12.352+0000] {spark_submit.py:644} INFO - [PROCESS EXERCISES] ℹ️  Buscando arquivos em: s3a://bronze/exercises/CA-SUL-virtual-99RC-2025-07-08/simulations/172.19.0.14_2025-07-08/
[2025-07-08T17:16:12.362+0000] {spark_submit.py:644} INFO - 25/07/08 17:16:12 INFO BlockManagerInfo: Removed broadcast_5_piece0 on 3748f1b8240a:42037 in memory (size: 7.8 KiB, free: 434.4 MiB)
[2025-07-08T17:16:12.366+0000] {spark_submit.py:644} INFO - 25/07/08 17:16:12 INFO BlockManagerInfo: Removed broadcast_5_piece0 on 172.19.0.8:42579 in memory (size: 7.8 KiB, free: 434.4 MiB)
[2025-07-08T17:16:12.377+0000] {spark_submit.py:644} INFO - 25/07/08 17:16:12 INFO BlockManagerInfo: Removed broadcast_4_piece0 on 3748f1b8240a:42037 in memory (size: 30.1 KiB, free: 434.4 MiB)
[2025-07-08T17:16:12.381+0000] {spark_submit.py:644} INFO - 25/07/08 17:16:12 INFO BlockManagerInfo: Removed broadcast_4_piece0 on 172.19.0.8:42579 in memory (size: 30.1 KiB, free: 434.4 MiB)
[2025-07-08T17:16:12.453+0000] {spark_submit.py:644} INFO - 25/07/08 17:16:12 INFO InMemoryFileIndex: It took 14 ms to list leaf files for 1 paths.
[2025-07-08T17:16:12.477+0000] {spark_submit.py:644} INFO - 25/07/08 17:16:12 INFO FileSourceStrategy: Pushed Filters:
[2025-07-08T17:16:12.478+0000] {spark_submit.py:644} INFO - 25/07/08 17:16:12 INFO FileSourceStrategy: Post-Scan Filters:
[2025-07-08T17:16:12.484+0000] {spark_submit.py:644} INFO - 25/07/08 17:16:12 INFO MemoryStore: Block broadcast_6 stored as values in memory (estimated size 203.7 KiB, free 434.2 MiB)
[2025-07-08T17:16:12.502+0000] {spark_submit.py:644} INFO - 25/07/08 17:16:12 INFO MemoryStore: Block broadcast_6_piece0 stored as bytes in memory (estimated size 35.7 KiB, free 434.2 MiB)
[2025-07-08T17:16:12.503+0000] {spark_submit.py:644} INFO - 25/07/08 17:16:12 INFO BlockManagerInfo: Added broadcast_6_piece0 in memory on 3748f1b8240a:42037 (size: 35.7 KiB, free: 434.4 MiB)
[2025-07-08T17:16:12.503+0000] {spark_submit.py:644} INFO - 25/07/08 17:16:12 INFO SparkContext: Created broadcast 6 from collect at /opt/bitnami/spark/jobs/process_exercises_job.py:414
[2025-07-08T17:16:12.504+0000] {spark_submit.py:644} INFO - 25/07/08 17:16:12 INFO FileSourceScanExec: Planning scan with bin packing, max size: 4218567 bytes, open cost is considered as scanning 4194304 bytes.
[2025-07-08T17:16:12.542+0000] {spark_submit.py:644} INFO - 25/07/08 17:16:12 INFO SparkContext: Starting job: collect at /opt/bitnami/spark/jobs/process_exercises_job.py:414
[2025-07-08T17:16:12.544+0000] {spark_submit.py:644} INFO - 25/07/08 17:16:12 INFO DAGScheduler: Got job 4 (collect at /opt/bitnami/spark/jobs/process_exercises_job.py:414) with 2 output partitions
[2025-07-08T17:16:12.544+0000] {spark_submit.py:644} INFO - 25/07/08 17:16:12 INFO DAGScheduler: Final stage: ResultStage 5 (collect at /opt/bitnami/spark/jobs/process_exercises_job.py:414)
[2025-07-08T17:16:12.545+0000] {spark_submit.py:644} INFO - 25/07/08 17:16:12 INFO DAGScheduler: Parents of final stage: List()
[2025-07-08T17:16:12.545+0000] {spark_submit.py:644} INFO - 25/07/08 17:16:12 INFO DAGScheduler: Missing parents: List()
[2025-07-08T17:16:12.546+0000] {spark_submit.py:644} INFO - 25/07/08 17:16:12 INFO DAGScheduler: Submitting ResultStage 5 (MapPartitionsRDD[19] at collect at /opt/bitnami/spark/jobs/process_exercises_job.py:414), which has no missing parents
[2025-07-08T17:16:12.547+0000] {spark_submit.py:644} INFO - 25/07/08 17:16:12 INFO MemoryStore: Block broadcast_7 stored as values in memory (estimated size 9.4 KiB, free 434.2 MiB)
[2025-07-08T17:16:12.549+0000] {spark_submit.py:644} INFO - 25/07/08 17:16:12 INFO MemoryStore: Block broadcast_7_piece0 stored as bytes in memory (estimated size 4.7 KiB, free 434.2 MiB)
[2025-07-08T17:16:12.550+0000] {spark_submit.py:644} INFO - 25/07/08 17:16:12 INFO BlockManagerInfo: Added broadcast_7_piece0 in memory on 3748f1b8240a:42037 (size: 4.7 KiB, free: 434.4 MiB)
[2025-07-08T17:16:12.551+0000] {spark_submit.py:644} INFO - 25/07/08 17:16:12 INFO SparkContext: Created broadcast 7 from broadcast at DAGScheduler.scala:1585
[2025-07-08T17:16:12.552+0000] {spark_submit.py:644} INFO - 25/07/08 17:16:12 INFO DAGScheduler: Submitting 2 missing tasks from ResultStage 5 (MapPartitionsRDD[19] at collect at /opt/bitnami/spark/jobs/process_exercises_job.py:414) (first 15 tasks are for partitions Vector(0, 1))
[2025-07-08T17:16:12.552+0000] {spark_submit.py:644} INFO - 25/07/08 17:16:12 INFO TaskSchedulerImpl: Adding task set 5.0 with 2 tasks resource profile 0
[2025-07-08T17:16:12.554+0000] {spark_submit.py:644} INFO - 25/07/08 17:16:12 INFO TaskSetManager: Starting task 0.0 in stage 5.0 (TID 6) (172.19.0.8, executor 0, partition 0, PROCESS_LOCAL, 10197 bytes)
[2025-07-08T17:16:12.554+0000] {spark_submit.py:644} INFO - 25/07/08 17:16:12 INFO TaskSetManager: Starting task 1.0 in stage 5.0 (TID 7) (172.19.0.8, executor 0, partition 1, PROCESS_LOCAL, 10200 bytes)
[2025-07-08T17:16:12.569+0000] {spark_submit.py:644} INFO - 25/07/08 17:16:12 INFO BlockManagerInfo: Added broadcast_7_piece0 in memory on 172.19.0.8:42579 (size: 4.7 KiB, free: 434.4 MiB)
[2025-07-08T17:16:12.663+0000] {spark_submit.py:644} INFO - 25/07/08 17:16:12 INFO BlockManagerInfo: Added broadcast_6_piece0 in memory on 172.19.0.8:42579 (size: 35.7 KiB, free: 434.4 MiB)
[2025-07-08T17:16:12.846+0000] {spark_submit.py:644} INFO - 25/07/08 17:16:12 INFO TaskSetManager: Finished task 0.0 in stage 5.0 (TID 6) in 292 ms on 172.19.0.8 (executor 0) (1/2)
[2025-07-08T17:16:12.846+0000] {spark_submit.py:644} INFO - 25/07/08 17:16:12 INFO TaskSetManager: Finished task 1.0 in stage 5.0 (TID 7) in 292 ms on 172.19.0.8 (executor 0) (2/2)
[2025-07-08T17:16:12.847+0000] {spark_submit.py:644} INFO - 25/07/08 17:16:12 INFO TaskSchedulerImpl: Removed TaskSet 5.0, whose tasks have all completed, from pool
[2025-07-08T17:16:12.849+0000] {spark_submit.py:644} INFO - 25/07/08 17:16:12 INFO DAGScheduler: ResultStage 5 (collect at /opt/bitnami/spark/jobs/process_exercises_job.py:414) finished in 0.303 s
[2025-07-08T17:16:12.850+0000] {spark_submit.py:644} INFO - 25/07/08 17:16:12 INFO DAGScheduler: Job 4 is finished. Cancelling potential speculative or zombie tasks for this job
[2025-07-08T17:16:12.850+0000] {spark_submit.py:644} INFO - 25/07/08 17:16:12 INFO TaskSchedulerImpl: Killing all running tasks in stage 5: Stage finished
[2025-07-08T17:16:12.851+0000] {spark_submit.py:644} INFO - 25/07/08 17:16:12 INFO DAGScheduler: Job 4 finished: collect at /opt/bitnami/spark/jobs/process_exercises_job.py:414, took 0.306924 s
[2025-07-08T17:16:12.857+0000] {spark_submit.py:644} INFO - [PROCESS EXERCISES] ℹ️  Encontrados 1 arquivos DIS (.bin)
[2025-07-08T17:16:12.858+0000] {spark_submit.py:644} INFO - [PROCESS EXERCISES] ℹ️  Encontrados 1 arquivos do tipo DIS
[2025-07-08T17:16:12.858+0000] {spark_submit.py:644} INFO - [PROCESS EXERCISES] 🔄 Processando 1 arquivos DIS
[2025-07-08T17:16:12.859+0000] {spark_submit.py:644} INFO - [PROCESS EXERCISES] ℹ️  Processando arquivo DIS: s3a://bronze/exercises/CA-SUL-virtual-99RC-2025-07-08/simulations/172.19.0.14_2025-07-08/16-40.15/session-pdus_1.bin
[2025-07-08T17:16:12.911+0000] {spark_submit.py:644} INFO - 25/07/08 17:16:12 INFO InMemoryFileIndex: It took 16 ms to list leaf files for 1 paths.
[2025-07-08T17:16:13.206+0000] {spark_submit.py:644} INFO - 25/07/08 17:16:13 INFO FileSourceStrategy: Pushed Filters:
[2025-07-08T17:16:13.206+0000] {spark_submit.py:644} INFO - 25/07/08 17:16:13 INFO FileSourceStrategy: Post-Scan Filters:
[2025-07-08T17:16:13.296+0000] {spark_submit.py:644} INFO - 25/07/08 17:16:13 INFO CodeGenerator: Code generated in 16.972598 ms
[2025-07-08T17:16:13.381+0000] {spark_submit.py:644} INFO - 25/07/08 17:16:13 INFO CodeGenerator: Code generated in 38.275179 ms
[2025-07-08T17:16:13.385+0000] {spark_submit.py:644} INFO - 25/07/08 17:16:13 INFO MemoryStore: Block broadcast_8 stored as values in memory (estimated size 203.5 KiB, free 434.0 MiB)
[2025-07-08T17:16:13.400+0000] {spark_submit.py:644} INFO - 25/07/08 17:16:13 INFO BlockManagerInfo: Removed broadcast_7_piece0 on 3748f1b8240a:42037 in memory (size: 4.7 KiB, free: 434.4 MiB)
[2025-07-08T17:16:13.403+0000] {spark_submit.py:644} INFO - 25/07/08 17:16:13 INFO BlockManagerInfo: Removed broadcast_7_piece0 on 172.19.0.8:42579 in memory (size: 4.7 KiB, free: 434.4 MiB)
[2025-07-08T17:16:13.404+0000] {spark_submit.py:644} INFO - 25/07/08 17:16:13 INFO MemoryStore: Block broadcast_8_piece0 stored as bytes in memory (estimated size 35.7 KiB, free 433.9 MiB)
[2025-07-08T17:16:13.405+0000] {spark_submit.py:644} INFO - 25/07/08 17:16:13 INFO BlockManagerInfo: Added broadcast_8_piece0 in memory on 3748f1b8240a:42037 (size: 35.7 KiB, free: 434.3 MiB)
[2025-07-08T17:16:13.406+0000] {spark_submit.py:644} INFO - 25/07/08 17:16:13 INFO SparkContext: Created broadcast 8 from count at NativeMethodAccessorImpl.java:0
[2025-07-08T17:16:13.407+0000] {spark_submit.py:644} INFO - 25/07/08 17:16:13 INFO FileSourceScanExec: Planning scan with bin packing, max size: 4194304 bytes, open cost is considered as scanning 4194304 bytes.
[2025-07-08T17:16:13.548+0000] {spark_submit.py:644} INFO - 25/07/08 17:16:13 INFO DAGScheduler: Registering RDD 28 (count at NativeMethodAccessorImpl.java:0) as input to shuffle 1
[2025-07-08T17:16:13.550+0000] {spark_submit.py:644} INFO - 25/07/08 17:16:13 INFO DAGScheduler: Got map stage job 5 (count at NativeMethodAccessorImpl.java:0) with 1 output partitions
[2025-07-08T17:16:13.552+0000] {spark_submit.py:644} INFO - 25/07/08 17:16:13 INFO DAGScheduler: Final stage: ShuffleMapStage 6 (count at NativeMethodAccessorImpl.java:0)
[2025-07-08T17:16:13.554+0000] {spark_submit.py:644} INFO - 25/07/08 17:16:13 INFO DAGScheduler: Parents of final stage: List()
[2025-07-08T17:16:13.557+0000] {spark_submit.py:644} INFO - 25/07/08 17:16:13 INFO DAGScheduler: Missing parents: List()
[2025-07-08T17:16:13.559+0000] {spark_submit.py:644} INFO - 25/07/08 17:16:13 INFO DAGScheduler: Submitting ShuffleMapStage 6 (MapPartitionsRDD[28] at count at NativeMethodAccessorImpl.java:0), which has no missing parents
[2025-07-08T17:16:13.568+0000] {spark_submit.py:644} INFO - 25/07/08 17:16:13 INFO MemoryStore: Block broadcast_9 stored as values in memory (estimated size 40.8 KiB, free 433.9 MiB)
[2025-07-08T17:16:13.574+0000] {spark_submit.py:644} INFO - 25/07/08 17:16:13 INFO MemoryStore: Block broadcast_9_piece0 stored as bytes in memory (estimated size 18.9 KiB, free 433.9 MiB)
[2025-07-08T17:16:13.577+0000] {spark_submit.py:644} INFO - 25/07/08 17:16:13 INFO BlockManagerInfo: Added broadcast_9_piece0 in memory on 3748f1b8240a:42037 (size: 18.9 KiB, free: 434.3 MiB)
[2025-07-08T17:16:13.580+0000] {spark_submit.py:644} INFO - 25/07/08 17:16:13 INFO SparkContext: Created broadcast 9 from broadcast at DAGScheduler.scala:1585
[2025-07-08T17:16:13.637+0000] {spark_submit.py:644} INFO - 25/07/08 17:16:13 INFO DAGScheduler: Submitting 1 missing tasks from ShuffleMapStage 6 (MapPartitionsRDD[28] at count at NativeMethodAccessorImpl.java:0) (first 15 tasks are for partitions Vector(0))
[2025-07-08T17:16:13.639+0000] {spark_submit.py:644} INFO - 25/07/08 17:16:13 INFO TaskSchedulerImpl: Adding task set 6.0 with 1 tasks resource profile 0
[2025-07-08T17:16:13.641+0000] {spark_submit.py:644} INFO - 25/07/08 17:16:13 INFO TaskSetManager: Starting task 0.0 in stage 6.0 (TID 8) (172.19.0.8, executor 0, partition 0, PROCESS_LOCAL, 10186 bytes)
[2025-07-08T17:16:13.688+0000] {spark_submit.py:644} INFO - 25/07/08 17:16:13 INFO BlockManagerInfo: Added broadcast_9_piece0 in memory on 172.19.0.8:42579 (size: 18.9 KiB, free: 434.3 MiB)
[2025-07-08T17:16:13.800+0000] {spark_submit.py:644} INFO - 25/07/08 17:16:13 INFO BlockManagerInfo: Added broadcast_8_piece0 in memory on 172.19.0.8:42579 (size: 35.7 KiB, free: 434.3 MiB)
[2025-07-08T17:16:14.778+0000] {spark_submit.py:644} INFO - 25/07/08 17:16:14 INFO TaskSetManager: Finished task 0.0 in stage 6.0 (TID 8) in 1192 ms on 172.19.0.8 (executor 0) (1/1)
[2025-07-08T17:16:14.778+0000] {spark_submit.py:644} INFO - 25/07/08 17:16:14 INFO TaskSchedulerImpl: Removed TaskSet 6.0, whose tasks have all completed, from pool
[2025-07-08T17:16:14.779+0000] {spark_submit.py:644} INFO - 25/07/08 17:16:14 INFO DAGScheduler: ShuffleMapStage 6 (count at NativeMethodAccessorImpl.java:0) finished in 1.221 s
[2025-07-08T17:16:14.780+0000] {spark_submit.py:644} INFO - 25/07/08 17:16:14 INFO DAGScheduler: looking for newly runnable stages
[2025-07-08T17:16:14.781+0000] {spark_submit.py:644} INFO - 25/07/08 17:16:14 INFO DAGScheduler: running: Set()
[2025-07-08T17:16:14.781+0000] {spark_submit.py:644} INFO - 25/07/08 17:16:14 INFO DAGScheduler: waiting: Set()
[2025-07-08T17:16:14.782+0000] {spark_submit.py:644} INFO - 25/07/08 17:16:14 INFO DAGScheduler: failed: Set()
[2025-07-08T17:16:14.847+0000] {spark_submit.py:644} INFO - 25/07/08 17:16:14 INFO CodeGenerator: Code generated in 24.409709 ms
[2025-07-08T17:16:14.860+0000] {spark_submit.py:644} INFO - 25/07/08 17:16:14 INFO SparkContext: Starting job: count at NativeMethodAccessorImpl.java:0
[2025-07-08T17:16:14.861+0000] {spark_submit.py:644} INFO - 25/07/08 17:16:14 INFO DAGScheduler: Got job 6 (count at NativeMethodAccessorImpl.java:0) with 1 output partitions
[2025-07-08T17:16:14.862+0000] {spark_submit.py:644} INFO - 25/07/08 17:16:14 INFO DAGScheduler: Final stage: ResultStage 8 (count at NativeMethodAccessorImpl.java:0)
[2025-07-08T17:16:14.862+0000] {spark_submit.py:644} INFO - 25/07/08 17:16:14 INFO DAGScheduler: Parents of final stage: List(ShuffleMapStage 7)
[2025-07-08T17:16:14.863+0000] {spark_submit.py:644} INFO - 25/07/08 17:16:14 INFO DAGScheduler: Missing parents: List()
[2025-07-08T17:16:14.863+0000] {spark_submit.py:644} INFO - 25/07/08 17:16:14 INFO DAGScheduler: Submitting ResultStage 8 (MapPartitionsRDD[31] at count at NativeMethodAccessorImpl.java:0), which has no missing parents
[2025-07-08T17:16:14.864+0000] {spark_submit.py:644} INFO - 25/07/08 17:16:14 INFO MemoryStore: Block broadcast_10 stored as values in memory (estimated size 12.5 KiB, free 433.9 MiB)
[2025-07-08T17:16:14.873+0000] {spark_submit.py:644} INFO - 25/07/08 17:16:14 INFO MemoryStore: Block broadcast_10_piece0 stored as bytes in memory (estimated size 5.9 KiB, free 433.9 MiB)
[2025-07-08T17:16:14.874+0000] {spark_submit.py:644} INFO - 25/07/08 17:16:14 INFO BlockManagerInfo: Added broadcast_10_piece0 in memory on 3748f1b8240a:42037 (size: 5.9 KiB, free: 434.3 MiB)
[2025-07-08T17:16:14.875+0000] {spark_submit.py:644} INFO - 25/07/08 17:16:14 INFO BlockManagerInfo: Removed broadcast_9_piece0 on 3748f1b8240a:42037 in memory (size: 18.9 KiB, free: 434.3 MiB)
[2025-07-08T17:16:14.876+0000] {spark_submit.py:644} INFO - 25/07/08 17:16:14 INFO SparkContext: Created broadcast 10 from broadcast at DAGScheduler.scala:1585
[2025-07-08T17:16:14.877+0000] {spark_submit.py:644} INFO - 25/07/08 17:16:14 INFO DAGScheduler: Submitting 1 missing tasks from ResultStage 8 (MapPartitionsRDD[31] at count at NativeMethodAccessorImpl.java:0) (first 15 tasks are for partitions Vector(0))
[2025-07-08T17:16:14.877+0000] {spark_submit.py:644} INFO - 25/07/08 17:16:14 INFO TaskSchedulerImpl: Adding task set 8.0 with 1 tasks resource profile 0
[2025-07-08T17:16:14.878+0000] {spark_submit.py:644} INFO - 25/07/08 17:16:14 INFO BlockManagerInfo: Removed broadcast_9_piece0 on 172.19.0.8:42579 in memory (size: 18.9 KiB, free: 434.3 MiB)
[2025-07-08T17:16:14.880+0000] {spark_submit.py:644} INFO - 25/07/08 17:16:14 INFO TaskSetManager: Starting task 0.0 in stage 8.0 (TID 9) (172.19.0.8, executor 0, partition 0, NODE_LOCAL, 9518 bytes)
[2025-07-08T17:16:14.897+0000] {spark_submit.py:644} INFO - 25/07/08 17:16:14 INFO BlockManagerInfo: Added broadcast_10_piece0 in memory on 172.19.0.8:42579 (size: 5.9 KiB, free: 434.3 MiB)
[2025-07-08T17:16:14.906+0000] {spark_submit.py:644} INFO - 25/07/08 17:16:14 INFO MapOutputTrackerMasterEndpoint: Asked to send map output locations for shuffle 1 to 172.19.0.8:58358
[2025-07-08T17:16:14.985+0000] {spark_submit.py:644} INFO - 25/07/08 17:16:14 INFO TaskSetManager: Finished task 0.0 in stage 8.0 (TID 9) in 105 ms on 172.19.0.8 (executor 0) (1/1)
[2025-07-08T17:16:14.985+0000] {spark_submit.py:644} INFO - 25/07/08 17:16:14 INFO TaskSchedulerImpl: Removed TaskSet 8.0, whose tasks have all completed, from pool
[2025-07-08T17:16:14.987+0000] {spark_submit.py:644} INFO - 25/07/08 17:16:14 INFO DAGScheduler: ResultStage 8 (count at NativeMethodAccessorImpl.java:0) finished in 0.124 s
[2025-07-08T17:16:14.988+0000] {spark_submit.py:644} INFO - 25/07/08 17:16:14 INFO DAGScheduler: Job 6 is finished. Cancelling potential speculative or zombie tasks for this job
[2025-07-08T17:16:14.988+0000] {spark_submit.py:644} INFO - 25/07/08 17:16:14 INFO TaskSchedulerImpl: Killing all running tasks in stage 8: Stage finished
[2025-07-08T17:16:14.989+0000] {spark_submit.py:644} INFO - 25/07/08 17:16:14 INFO DAGScheduler: Job 6 finished: count at NativeMethodAccessorImpl.java:0, took 0.127340 s
[2025-07-08T17:16:14.991+0000] {spark_submit.py:644} INFO - [PROCESS EXERCISES] ✅ Arquivo DIS processado: s3a://bronze/exercises/CA-SUL-virtual-99RC-2025-07-08/simulations/172.19.0.14_2025-07-08/16-40.15/session-pdus_1.bin (300 registros)
[2025-07-08T17:16:15.073+0000] {spark_submit.py:644} INFO - 25/07/08 17:16:15 INFO FileSourceStrategy: Pushed Filters:
[2025-07-08T17:16:15.073+0000] {spark_submit.py:644} INFO - 25/07/08 17:16:15 INFO FileSourceStrategy: Post-Scan Filters:
[2025-07-08T17:16:15.107+0000] {spark_submit.py:644} INFO - 25/07/08 17:16:15 INFO MemoryStore: Block broadcast_11 stored as values in memory (estimated size 203.5 KiB, free 433.7 MiB)
[2025-07-08T17:16:15.181+0000] {spark_submit.py:644} INFO - 25/07/08 17:16:15 INFO BlockManagerInfo: Removed broadcast_8_piece0 on 3748f1b8240a:42037 in memory (size: 35.7 KiB, free: 434.4 MiB)
[2025-07-08T17:16:15.186+0000] {spark_submit.py:644} INFO - 25/07/08 17:16:15 INFO BlockManagerInfo: Removed broadcast_8_piece0 on 172.19.0.8:42579 in memory (size: 35.7 KiB, free: 434.4 MiB)
[2025-07-08T17:16:15.243+0000] {spark_submit.py:644} INFO - 25/07/08 17:16:15 INFO MemoryStore: Block broadcast_11_piece0 stored as bytes in memory (estimated size 35.7 KiB, free 433.9 MiB)
[2025-07-08T17:16:15.287+0000] {spark_submit.py:644} INFO - 25/07/08 17:16:15 INFO BlockManagerInfo: Removed broadcast_10_piece0 on 172.19.0.8:42579 in memory (size: 5.9 KiB, free: 434.4 MiB)
[2025-07-08T17:16:15.290+0000] {spark_submit.py:644} INFO - 25/07/08 17:16:15 INFO BlockManagerInfo: Added broadcast_11_piece0 in memory on 3748f1b8240a:42037 (size: 35.7 KiB, free: 434.3 MiB)
[2025-07-08T17:16:15.340+0000] {spark_submit.py:644} INFO - 25/07/08 17:16:15 INFO BlockManagerInfo: Removed broadcast_10_piece0 on 3748f1b8240a:42037 in memory (size: 5.9 KiB, free: 434.3 MiB)
[2025-07-08T17:16:15.342+0000] {spark_submit.py:644} INFO - 25/07/08 17:16:15 INFO SparkContext: Created broadcast 11 from count at NativeMethodAccessorImpl.java:0
[2025-07-08T17:16:15.344+0000] {spark_submit.py:644} INFO - 25/07/08 17:16:15 INFO FileSourceScanExec: Planning scan with bin packing, max size: 4194304 bytes, open cost is considered as scanning 4194304 bytes.
[2025-07-08T17:16:15.439+0000] {spark_submit.py:644} INFO - 25/07/08 17:16:15 INFO DAGScheduler: Registering RDD 40 (count at NativeMethodAccessorImpl.java:0) as input to shuffle 2
[2025-07-08T17:16:15.440+0000] {spark_submit.py:644} INFO - 25/07/08 17:16:15 INFO DAGScheduler: Got map stage job 7 (count at NativeMethodAccessorImpl.java:0) with 1 output partitions
[2025-07-08T17:16:15.440+0000] {spark_submit.py:644} INFO - 25/07/08 17:16:15 INFO DAGScheduler: Final stage: ShuffleMapStage 9 (count at NativeMethodAccessorImpl.java:0)
[2025-07-08T17:16:15.441+0000] {spark_submit.py:644} INFO - 25/07/08 17:16:15 INFO DAGScheduler: Parents of final stage: List()
[2025-07-08T17:16:15.442+0000] {spark_submit.py:644} INFO - 25/07/08 17:16:15 INFO DAGScheduler: Missing parents: List()
[2025-07-08T17:16:15.442+0000] {spark_submit.py:644} INFO - 25/07/08 17:16:15 INFO DAGScheduler: Submitting ShuffleMapStage 9 (MapPartitionsRDD[40] at count at NativeMethodAccessorImpl.java:0), which has no missing parents
[2025-07-08T17:16:15.443+0000] {spark_submit.py:644} INFO - 25/07/08 17:16:15 INFO MemoryStore: Block broadcast_12 stored as values in memory (estimated size 40.8 KiB, free 433.9 MiB)
[2025-07-08T17:16:15.459+0000] {spark_submit.py:644} INFO - 25/07/08 17:16:15 INFO MemoryStore: Block broadcast_12_piece0 stored as bytes in memory (estimated size 19.0 KiB, free 433.9 MiB)
[2025-07-08T17:16:15.482+0000] {spark_submit.py:644} INFO - 25/07/08 17:16:15 INFO BlockManagerInfo: Added broadcast_12_piece0 in memory on 3748f1b8240a:42037 (size: 19.0 KiB, free: 434.3 MiB)
[2025-07-08T17:16:15.482+0000] {spark_submit.py:644} INFO - 25/07/08 17:16:15 INFO SparkContext: Created broadcast 12 from broadcast at DAGScheduler.scala:1585
[2025-07-08T17:16:15.483+0000] {spark_submit.py:644} INFO - 25/07/08 17:16:15 INFO DAGScheduler: Submitting 1 missing tasks from ShuffleMapStage 9 (MapPartitionsRDD[40] at count at NativeMethodAccessorImpl.java:0) (first 15 tasks are for partitions Vector(0))
[2025-07-08T17:16:15.484+0000] {spark_submit.py:644} INFO - 25/07/08 17:16:15 INFO TaskSchedulerImpl: Adding task set 9.0 with 1 tasks resource profile 0
[2025-07-08T17:16:15.484+0000] {spark_submit.py:644} INFO - 25/07/08 17:16:15 INFO TaskSetManager: Starting task 0.0 in stage 9.0 (TID 10) (172.19.0.8, executor 0, partition 0, PROCESS_LOCAL, 10186 bytes)
[2025-07-08T17:16:15.506+0000] {spark_submit.py:644} INFO - 25/07/08 17:16:15 INFO BlockManagerInfo: Added broadcast_12_piece0 in memory on 172.19.0.8:42579 (size: 19.0 KiB, free: 434.3 MiB)
[2025-07-08T17:16:15.613+0000] {spark_submit.py:644} INFO - 25/07/08 17:16:15 INFO BlockManagerInfo: Added broadcast_11_piece0 in memory on 172.19.0.8:42579 (size: 35.7 KiB, free: 434.3 MiB)
[2025-07-08T17:16:15.851+0000] {spark_submit.py:644} INFO - 25/07/08 17:16:15 INFO TaskSetManager: Finished task 0.0 in stage 9.0 (TID 10) in 367 ms on 172.19.0.8 (executor 0) (1/1)
[2025-07-08T17:16:15.852+0000] {spark_submit.py:644} INFO - 25/07/08 17:16:15 INFO TaskSchedulerImpl: Removed TaskSet 9.0, whose tasks have all completed, from pool
[2025-07-08T17:16:15.853+0000] {spark_submit.py:644} INFO - 25/07/08 17:16:15 INFO DAGScheduler: ShuffleMapStage 9 (count at NativeMethodAccessorImpl.java:0) finished in 0.411 s
[2025-07-08T17:16:15.854+0000] {spark_submit.py:644} INFO - 25/07/08 17:16:15 INFO DAGScheduler: looking for newly runnable stages
[2025-07-08T17:16:15.855+0000] {spark_submit.py:644} INFO - 25/07/08 17:16:15 INFO DAGScheduler: running: Set()
[2025-07-08T17:16:15.855+0000] {spark_submit.py:644} INFO - 25/07/08 17:16:15 INFO DAGScheduler: waiting: Set()
[2025-07-08T17:16:15.856+0000] {spark_submit.py:644} INFO - 25/07/08 17:16:15 INFO DAGScheduler: failed: Set()
[2025-07-08T17:16:15.877+0000] {spark_submit.py:644} INFO - 25/07/08 17:16:15 INFO SparkContext: Starting job: count at NativeMethodAccessorImpl.java:0
[2025-07-08T17:16:15.878+0000] {spark_submit.py:644} INFO - 25/07/08 17:16:15 INFO DAGScheduler: Got job 8 (count at NativeMethodAccessorImpl.java:0) with 1 output partitions
[2025-07-08T17:16:15.879+0000] {spark_submit.py:644} INFO - 25/07/08 17:16:15 INFO DAGScheduler: Final stage: ResultStage 11 (count at NativeMethodAccessorImpl.java:0)
[2025-07-08T17:16:15.879+0000] {spark_submit.py:644} INFO - 25/07/08 17:16:15 INFO DAGScheduler: Parents of final stage: List(ShuffleMapStage 10)
[2025-07-08T17:16:15.880+0000] {spark_submit.py:644} INFO - 25/07/08 17:16:15 INFO DAGScheduler: Missing parents: List()
[2025-07-08T17:16:15.881+0000] {spark_submit.py:644} INFO - 25/07/08 17:16:15 INFO DAGScheduler: Submitting ResultStage 11 (MapPartitionsRDD[43] at count at NativeMethodAccessorImpl.java:0), which has no missing parents
[2025-07-08T17:16:15.882+0000] {spark_submit.py:644} INFO - 25/07/08 17:16:15 INFO MemoryStore: Block broadcast_13 stored as values in memory (estimated size 12.5 KiB, free 433.9 MiB)
[2025-07-08T17:16:15.899+0000] {spark_submit.py:644} INFO - 25/07/08 17:16:15 INFO MemoryStore: Block broadcast_13_piece0 stored as bytes in memory (estimated size 5.9 KiB, free 433.9 MiB)
[2025-07-08T17:16:15.907+0000] {spark_submit.py:644} INFO - 25/07/08 17:16:15 INFO BlockManagerInfo: Added broadcast_13_piece0 in memory on 3748f1b8240a:42037 (size: 5.9 KiB, free: 434.3 MiB)
[2025-07-08T17:16:15.908+0000] {spark_submit.py:644} INFO - 25/07/08 17:16:15 INFO BlockManagerInfo: Removed broadcast_12_piece0 on 3748f1b8240a:42037 in memory (size: 19.0 KiB, free: 434.3 MiB)
[2025-07-08T17:16:15.909+0000] {spark_submit.py:644} INFO - 25/07/08 17:16:15 INFO SparkContext: Created broadcast 13 from broadcast at DAGScheduler.scala:1585
[2025-07-08T17:16:15.909+0000] {spark_submit.py:644} INFO - 25/07/08 17:16:15 INFO DAGScheduler: Submitting 1 missing tasks from ResultStage 11 (MapPartitionsRDD[43] at count at NativeMethodAccessorImpl.java:0) (first 15 tasks are for partitions Vector(0))
[2025-07-08T17:16:15.910+0000] {spark_submit.py:644} INFO - 25/07/08 17:16:15 INFO TaskSchedulerImpl: Adding task set 11.0 with 1 tasks resource profile 0
[2025-07-08T17:16:15.914+0000] {spark_submit.py:644} INFO - 25/07/08 17:16:15 INFO TaskSetManager: Starting task 0.0 in stage 11.0 (TID 11) (172.19.0.8, executor 0, partition 0, NODE_LOCAL, 9518 bytes)
[2025-07-08T17:16:15.915+0000] {spark_submit.py:644} INFO - 25/07/08 17:16:15 INFO BlockManagerInfo: Removed broadcast_12_piece0 on 172.19.0.8:42579 in memory (size: 19.0 KiB, free: 434.3 MiB)
[2025-07-08T17:16:15.946+0000] {spark_submit.py:644} INFO - 25/07/08 17:16:15 INFO BlockManagerInfo: Added broadcast_13_piece0 in memory on 172.19.0.8:42579 (size: 5.9 KiB, free: 434.3 MiB)
[2025-07-08T17:16:15.971+0000] {spark_submit.py:644} INFO - 25/07/08 17:16:15 INFO MapOutputTrackerMasterEndpoint: Asked to send map output locations for shuffle 2 to 172.19.0.8:58358
[2025-07-08T17:16:15.990+0000] {spark_submit.py:644} INFO - 25/07/08 17:16:15 INFO TaskSetManager: Finished task 0.0 in stage 11.0 (TID 11) in 79 ms on 172.19.0.8 (executor 0) (1/1)
[2025-07-08T17:16:15.991+0000] {spark_submit.py:644} INFO - 25/07/08 17:16:15 INFO TaskSchedulerImpl: Removed TaskSet 11.0, whose tasks have all completed, from pool
[2025-07-08T17:16:15.991+0000] {spark_submit.py:644} INFO - 25/07/08 17:16:15 INFO DAGScheduler: ResultStage 11 (count at NativeMethodAccessorImpl.java:0) finished in 0.111 s
[2025-07-08T17:16:15.992+0000] {spark_submit.py:644} INFO - 25/07/08 17:16:15 INFO DAGScheduler: Job 8 is finished. Cancelling potential speculative or zombie tasks for this job
[2025-07-08T17:16:15.993+0000] {spark_submit.py:644} INFO - 25/07/08 17:16:15 INFO TaskSchedulerImpl: Killing all running tasks in stage 11: Stage finished
[2025-07-08T17:16:15.993+0000] {spark_submit.py:644} INFO - 25/07/08 17:16:15 INFO DAGScheduler: Job 8 finished: count at NativeMethodAccessorImpl.java:0, took 0.115291 s
[2025-07-08T17:16:15.995+0000] {spark_submit.py:644} INFO - [PROCESS EXERCISES] ✅ Processamento de simulações concluído: 300 registros
[2025-07-08T17:16:15.996+0000] {spark_submit.py:644} INFO - [PROCESS EXERCISES] ℹ️  Tipo de mensagem de simulação: DIS
[2025-07-08T17:16:16.084+0000] {spark_submit.py:644} INFO - 25/07/08 17:16:16 INFO FileSourceStrategy: Pushed Filters:
[2025-07-08T17:16:16.085+0000] {spark_submit.py:644} INFO - 25/07/08 17:16:16 INFO FileSourceStrategy: Post-Scan Filters:
[2025-07-08T17:16:16.160+0000] {spark_submit.py:644} INFO - 25/07/08 17:16:16 INFO MemoryStore: Block broadcast_14 stored as values in memory (estimated size 203.5 KiB, free 433.7 MiB)
[2025-07-08T17:16:16.192+0000] {spark_submit.py:644} INFO - 25/07/08 17:16:16 INFO BlockManagerInfo: Removed broadcast_13_piece0 on 3748f1b8240a:42037 in memory (size: 5.9 KiB, free: 434.3 MiB)
[2025-07-08T17:16:16.195+0000] {spark_submit.py:644} INFO - 25/07/08 17:16:16 INFO BlockManagerInfo: Removed broadcast_13_piece0 on 172.19.0.8:42579 in memory (size: 5.9 KiB, free: 434.3 MiB)
[2025-07-08T17:16:16.197+0000] {spark_submit.py:644} INFO - 25/07/08 17:16:16 INFO MemoryStore: Block broadcast_14_piece0 stored as bytes in memory (estimated size 35.7 KiB, free 433.7 MiB)
[2025-07-08T17:16:16.197+0000] {spark_submit.py:644} INFO - 25/07/08 17:16:16 INFO BlockManagerInfo: Added broadcast_14_piece0 in memory on 3748f1b8240a:42037 (size: 35.7 KiB, free: 434.3 MiB)
[2025-07-08T17:16:16.199+0000] {spark_submit.py:644} INFO - 25/07/08 17:16:16 INFO SparkContext: Created broadcast 14 from count at NativeMethodAccessorImpl.java:0
[2025-07-08T17:16:16.200+0000] {spark_submit.py:644} INFO - 25/07/08 17:16:16 INFO FileSourceScanExec: Planning scan with bin packing, max size: 4194304 bytes, open cost is considered as scanning 4194304 bytes.
[2025-07-08T17:16:16.203+0000] {spark_submit.py:644} INFO - 25/07/08 17:16:16 INFO BlockManagerInfo: Removed broadcast_11_piece0 on 3748f1b8240a:42037 in memory (size: 35.7 KiB, free: 434.3 MiB)
[2025-07-08T17:16:16.206+0000] {spark_submit.py:644} INFO - 25/07/08 17:16:16 INFO BlockManagerInfo: Removed broadcast_11_piece0 on 172.19.0.8:42579 in memory (size: 35.7 KiB, free: 434.4 MiB)
[2025-07-08T17:16:16.237+0000] {spark_submit.py:644} INFO - 25/07/08 17:16:16 INFO DAGScheduler: Registering RDD 52 (count at NativeMethodAccessorImpl.java:0) as input to shuffle 3
[2025-07-08T17:16:16.238+0000] {spark_submit.py:644} INFO - 25/07/08 17:16:16 INFO DAGScheduler: Got map stage job 9 (count at NativeMethodAccessorImpl.java:0) with 1 output partitions
[2025-07-08T17:16:16.238+0000] {spark_submit.py:644} INFO - 25/07/08 17:16:16 INFO DAGScheduler: Final stage: ShuffleMapStage 12 (count at NativeMethodAccessorImpl.java:0)
[2025-07-08T17:16:16.239+0000] {spark_submit.py:644} INFO - 25/07/08 17:16:16 INFO DAGScheduler: Parents of final stage: List()
[2025-07-08T17:16:16.240+0000] {spark_submit.py:644} INFO - 25/07/08 17:16:16 INFO DAGScheduler: Missing parents: List()
[2025-07-08T17:16:16.241+0000] {spark_submit.py:644} INFO - 25/07/08 17:16:16 INFO DAGScheduler: Submitting ShuffleMapStage 12 (MapPartitionsRDD[52] at count at NativeMethodAccessorImpl.java:0), which has no missing parents
[2025-07-08T17:16:16.242+0000] {spark_submit.py:644} INFO - 25/07/08 17:16:16 INFO MemoryStore: Block broadcast_15 stored as values in memory (estimated size 40.8 KiB, free 433.9 MiB)
[2025-07-08T17:16:16.244+0000] {spark_submit.py:644} INFO - 25/07/08 17:16:16 INFO MemoryStore: Block broadcast_15_piece0 stored as bytes in memory (estimated size 18.9 KiB, free 433.9 MiB)
[2025-07-08T17:16:16.245+0000] {spark_submit.py:644} INFO - 25/07/08 17:16:16 INFO BlockManagerInfo: Added broadcast_15_piece0 in memory on 3748f1b8240a:42037 (size: 18.9 KiB, free: 434.3 MiB)
[2025-07-08T17:16:16.245+0000] {spark_submit.py:644} INFO - 25/07/08 17:16:16 INFO SparkContext: Created broadcast 15 from broadcast at DAGScheduler.scala:1585
[2025-07-08T17:16:16.246+0000] {spark_submit.py:644} INFO - 25/07/08 17:16:16 INFO DAGScheduler: Submitting 1 missing tasks from ShuffleMapStage 12 (MapPartitionsRDD[52] at count at NativeMethodAccessorImpl.java:0) (first 15 tasks are for partitions Vector(0))
[2025-07-08T17:16:16.247+0000] {spark_submit.py:644} INFO - 25/07/08 17:16:16 INFO TaskSchedulerImpl: Adding task set 12.0 with 1 tasks resource profile 0
[2025-07-08T17:16:16.248+0000] {spark_submit.py:644} INFO - 25/07/08 17:16:16 INFO TaskSetManager: Starting task 0.0 in stage 12.0 (TID 12) (172.19.0.8, executor 0, partition 0, PROCESS_LOCAL, 10186 bytes)
[2025-07-08T17:16:16.260+0000] {spark_submit.py:644} INFO - 25/07/08 17:16:16 INFO BlockManagerInfo: Added broadcast_15_piece0 in memory on 172.19.0.8:42579 (size: 18.9 KiB, free: 434.3 MiB)
[2025-07-08T17:16:16.287+0000] {spark_submit.py:644} INFO - 25/07/08 17:16:16 INFO BlockManagerInfo: Added broadcast_14_piece0 in memory on 172.19.0.8:42579 (size: 35.7 KiB, free: 434.3 MiB)
[2025-07-08T17:16:16.773+0000] {spark_submit.py:644} INFO - 25/07/08 17:16:16 INFO TaskSetManager: Finished task 0.0 in stage 12.0 (TID 12) in 526 ms on 172.19.0.8 (executor 0) (1/1)
[2025-07-08T17:16:16.774+0000] {spark_submit.py:644} INFO - 25/07/08 17:16:16 INFO TaskSchedulerImpl: Removed TaskSet 12.0, whose tasks have all completed, from pool
[2025-07-08T17:16:16.775+0000] {spark_submit.py:644} INFO - 25/07/08 17:16:16 INFO DAGScheduler: ShuffleMapStage 12 (count at NativeMethodAccessorImpl.java:0) finished in 0.535 s
[2025-07-08T17:16:16.776+0000] {spark_submit.py:644} INFO - 25/07/08 17:16:16 INFO DAGScheduler: looking for newly runnable stages
[2025-07-08T17:16:16.776+0000] {spark_submit.py:644} INFO - 25/07/08 17:16:16 INFO DAGScheduler: running: Set()
[2025-07-08T17:16:16.777+0000] {spark_submit.py:644} INFO - 25/07/08 17:16:16 INFO DAGScheduler: waiting: Set()
[2025-07-08T17:16:16.778+0000] {spark_submit.py:644} INFO - 25/07/08 17:16:16 INFO DAGScheduler: failed: Set()
[2025-07-08T17:16:16.806+0000] {spark_submit.py:644} INFO - 25/07/08 17:16:16 INFO SparkContext: Starting job: count at NativeMethodAccessorImpl.java:0
[2025-07-08T17:16:16.807+0000] {spark_submit.py:644} INFO - 25/07/08 17:16:16 INFO DAGScheduler: Got job 10 (count at NativeMethodAccessorImpl.java:0) with 1 output partitions
[2025-07-08T17:16:16.808+0000] {spark_submit.py:644} INFO - 25/07/08 17:16:16 INFO DAGScheduler: Final stage: ResultStage 14 (count at NativeMethodAccessorImpl.java:0)
[2025-07-08T17:16:16.808+0000] {spark_submit.py:644} INFO - 25/07/08 17:16:16 INFO DAGScheduler: Parents of final stage: List(ShuffleMapStage 13)
[2025-07-08T17:16:16.809+0000] {spark_submit.py:644} INFO - 25/07/08 17:16:16 INFO DAGScheduler: Missing parents: List()
[2025-07-08T17:16:16.809+0000] {spark_submit.py:644} INFO - 25/07/08 17:16:16 INFO DAGScheduler: Submitting ResultStage 14 (MapPartitionsRDD[55] at count at NativeMethodAccessorImpl.java:0), which has no missing parents
[2025-07-08T17:16:16.810+0000] {spark_submit.py:644} INFO - 25/07/08 17:16:16 INFO MemoryStore: Block broadcast_16 stored as values in memory (estimated size 12.5 KiB, free 433.9 MiB)
[2025-07-08T17:16:16.835+0000] {spark_submit.py:644} INFO - 25/07/08 17:16:16 INFO MemoryStore: Block broadcast_16_piece0 stored as bytes in memory (estimated size 5.9 KiB, free 433.9 MiB)
[2025-07-08T17:16:16.836+0000] {spark_submit.py:644} INFO - 25/07/08 17:16:16 INFO BlockManagerInfo: Added broadcast_16_piece0 in memory on 3748f1b8240a:42037 (size: 5.9 KiB, free: 434.3 MiB)
[2025-07-08T17:16:16.837+0000] {spark_submit.py:644} INFO - 25/07/08 17:16:16 INFO BlockManagerInfo: Removed broadcast_15_piece0 on 3748f1b8240a:42037 in memory (size: 18.9 KiB, free: 434.3 MiB)
[2025-07-08T17:16:16.838+0000] {spark_submit.py:644} INFO - 25/07/08 17:16:16 INFO SparkContext: Created broadcast 16 from broadcast at DAGScheduler.scala:1585
[2025-07-08T17:16:16.839+0000] {spark_submit.py:644} INFO - 25/07/08 17:16:16 INFO DAGScheduler: Submitting 1 missing tasks from ResultStage 14 (MapPartitionsRDD[55] at count at NativeMethodAccessorImpl.java:0) (first 15 tasks are for partitions Vector(0))
[2025-07-08T17:16:16.840+0000] {spark_submit.py:644} INFO - 25/07/08 17:16:16 INFO TaskSchedulerImpl: Adding task set 14.0 with 1 tasks resource profile 0
[2025-07-08T17:16:16.841+0000] {spark_submit.py:644} INFO - 25/07/08 17:16:16 INFO TaskSetManager: Starting task 0.0 in stage 14.0 (TID 13) (172.19.0.8, executor 0, partition 0, NODE_LOCAL, 9518 bytes)
[2025-07-08T17:16:16.841+0000] {spark_submit.py:644} INFO - 25/07/08 17:16:16 INFO BlockManagerInfo: Removed broadcast_15_piece0 on 172.19.0.8:42579 in memory (size: 18.9 KiB, free: 434.3 MiB)
[2025-07-08T17:16:16.855+0000] {spark_submit.py:644} INFO - 25/07/08 17:16:16 INFO BlockManagerInfo: Added broadcast_16_piece0 in memory on 172.19.0.8:42579 (size: 5.9 KiB, free: 434.3 MiB)
[2025-07-08T17:16:16.860+0000] {spark_submit.py:644} INFO - 25/07/08 17:16:16 INFO MapOutputTrackerMasterEndpoint: Asked to send map output locations for shuffle 3 to 172.19.0.8:58358
[2025-07-08T17:16:16.876+0000] {spark_submit.py:644} INFO - 25/07/08 17:16:16 INFO TaskSetManager: Finished task 0.0 in stage 14.0 (TID 13) in 37 ms on 172.19.0.8 (executor 0) (1/1)
[2025-07-08T17:16:16.877+0000] {spark_submit.py:644} INFO - 25/07/08 17:16:16 INFO TaskSchedulerImpl: Removed TaskSet 14.0, whose tasks have all completed, from pool
[2025-07-08T17:16:16.878+0000] {spark_submit.py:644} INFO - 25/07/08 17:16:16 INFO DAGScheduler: ResultStage 14 (count at NativeMethodAccessorImpl.java:0) finished in 0.069 s
[2025-07-08T17:16:16.878+0000] {spark_submit.py:644} INFO - 25/07/08 17:16:16 INFO DAGScheduler: Job 10 is finished. Cancelling potential speculative or zombie tasks for this job
[2025-07-08T17:16:16.879+0000] {spark_submit.py:644} INFO - 25/07/08 17:16:16 INFO TaskSchedulerImpl: Killing all running tasks in stage 14: Stage finished
[2025-07-08T17:16:16.880+0000] {spark_submit.py:644} INFO - 25/07/08 17:16:16 INFO DAGScheduler: Job 10 finished: count at NativeMethodAccessorImpl.java:0, took 0.072452 s
[2025-07-08T17:16:16.881+0000] {spark_submit.py:644} INFO - [PROCESS EXERCISES] ℹ️  Salvando 300 registros na tabela nessie.exercises.dis_messages
[2025-07-08T17:16:16.901+0000] {spark_submit.py:644} INFO - 25/07/08 17:16:16 INFO BaseMetastoreTableOperations: Refreshing table metadata from new version: s3a://warehouse/exercises/dis_messages_4f50f401-4bed-4243-b9b1-6db78aa06ffb/metadata/00001-495ae121-a899-4f6b-8b16-c2870f6599d4.metadata.json
[2025-07-08T17:16:16.964+0000] {spark_submit.py:644} INFO - 25/07/08 17:16:16 INFO NessieUtil: loadTableMetadata for 'exercises.dis_messages' from location 's3a://warehouse/exercises/dis_messages_4f50f401-4bed-4243-b9b1-6db78aa06ffb/metadata/00001-495ae121-a899-4f6b-8b16-c2870f6599d4.metadata.json' at 'Branch{name=main, metadata=null, hash=3a17e9fa3db051cb80b0f27c74e8d77c1e8db7f295853c2afa3b73ce07b9e135}'
[2025-07-08T17:16:16.965+0000] {spark_submit.py:644} INFO - 25/07/08 17:16:16 INFO BaseMetastoreCatalog: Table loaded by catalog: nessie.exercises.dis_messages
[2025-07-08T17:16:16.989+0000] {spark_submit.py:644} INFO - [PROCESS EXERCISES] 🔄 Salvando tabela nessie.exercises.dis_messages em modo append
[2025-07-08T17:16:17.044+0000] {spark_submit.py:644} INFO - 25/07/08 17:16:17 INFO SparkWrite: Requesting 0 bytes advisory partition size for table nessie.exercises.dis_messages
[2025-07-08T17:16:17.045+0000] {spark_submit.py:644} INFO - 25/07/08 17:16:17 INFO SparkWrite: Requesting UnspecifiedDistribution as write distribution for table nessie.exercises.dis_messages
[2025-07-08T17:16:17.045+0000] {spark_submit.py:644} INFO - 25/07/08 17:16:17 INFO SparkWrite: Requesting [] as write ordering for table nessie.exercises.dis_messages
[2025-07-08T17:16:17.078+0000] {spark_submit.py:644} INFO - 25/07/08 17:16:17 INFO FileSourceStrategy: Pushed Filters:
[2025-07-08T17:16:17.078+0000] {spark_submit.py:644} INFO - 25/07/08 17:16:17 INFO FileSourceStrategy: Post-Scan Filters:
[2025-07-08T17:16:17.123+0000] {spark_submit.py:644} INFO - 25/07/08 17:16:17 INFO CodeGenerator: Code generated in 28.413302 ms
[2025-07-08T17:16:17.153+0000] {spark_submit.py:644} INFO - 25/07/08 17:16:17 INFO CodeGenerator: Code generated in 15.212976 ms
[2025-07-08T17:16:17.158+0000] {spark_submit.py:644} INFO - 25/07/08 17:16:17 INFO MemoryStore: Block broadcast_17 stored as values in memory (estimated size 203.5 KiB, free 433.7 MiB)
[2025-07-08T17:16:17.179+0000] {spark_submit.py:644} INFO - 25/07/08 17:16:17 INFO BlockManagerInfo: Removed broadcast_16_piece0 on 3748f1b8240a:42037 in memory (size: 5.9 KiB, free: 434.3 MiB)
[2025-07-08T17:16:17.182+0000] {spark_submit.py:644} INFO - 25/07/08 17:16:17 INFO BlockManagerInfo: Removed broadcast_16_piece0 on 172.19.0.8:42579 in memory (size: 5.9 KiB, free: 434.3 MiB)
[2025-07-08T17:16:17.183+0000] {spark_submit.py:644} INFO - 25/07/08 17:16:17 INFO MemoryStore: Block broadcast_17_piece0 stored as bytes in memory (estimated size 35.7 KiB, free 433.7 MiB)
[2025-07-08T17:16:17.185+0000] {spark_submit.py:644} INFO - 25/07/08 17:16:17 INFO BlockManagerInfo: Added broadcast_17_piece0 in memory on 3748f1b8240a:42037 (size: 35.7 KiB, free: 434.3 MiB)
[2025-07-08T17:16:17.186+0000] {spark_submit.py:644} INFO - 25/07/08 17:16:17 INFO SparkContext: Created broadcast 17 from saveAsTable at NativeMethodAccessorImpl.java:0
[2025-07-08T17:16:17.187+0000] {spark_submit.py:644} INFO - 25/07/08 17:16:17 INFO FileSourceScanExec: Planning scan with bin packing, max size: 4194304 bytes, open cost is considered as scanning 4194304 bytes.
[2025-07-08T17:16:17.251+0000] {spark_submit.py:644} INFO - 25/07/08 17:16:17 INFO MemoryStore: Block broadcast_18 stored as values in memory (estimated size 32.0 KiB, free 433.7 MiB)
[2025-07-08T17:16:17.262+0000] {spark_submit.py:644} INFO - 25/07/08 17:16:17 INFO BlockManagerInfo: Removed broadcast_14_piece0 on 172.19.0.8:42579 in memory (size: 35.7 KiB, free: 434.4 MiB)
[2025-07-08T17:16:17.340+0000] {spark_submit.py:644} INFO - 25/07/08 17:16:17 INFO BlockManagerInfo: Removed broadcast_14_piece0 on 3748f1b8240a:42037 in memory (size: 35.7 KiB, free: 434.3 MiB)
[2025-07-08T17:16:17.343+0000] {spark_submit.py:644} INFO - 25/07/08 17:16:17 INFO MemoryStore: Block broadcast_18_piece0 stored as bytes in memory (estimated size 30.1 KiB, free 433.9 MiB)
[2025-07-08T17:16:17.346+0000] {spark_submit.py:644} INFO - 25/07/08 17:16:17 INFO BlockManagerInfo: Added broadcast_18_piece0 in memory on 3748f1b8240a:42037 (size: 30.1 KiB, free: 434.3 MiB)
[2025-07-08T17:16:17.349+0000] {spark_submit.py:644} INFO - 25/07/08 17:16:17 INFO SparkContext: Created broadcast 18 from broadcast at SparkWrite.java:193
[2025-07-08T17:16:17.352+0000] {spark_submit.py:644} INFO - 25/07/08 17:16:17 INFO AppendDataExec: Start processing data source write support: IcebergBatchWrite(table=nessie.exercises.dis_messages, format=PARQUET). The input RDD has 1 partitions.
[2025-07-08T17:16:17.359+0000] {spark_submit.py:644} INFO - 25/07/08 17:16:17 INFO SparkContext: Starting job: saveAsTable at NativeMethodAccessorImpl.java:0
[2025-07-08T17:16:17.363+0000] {spark_submit.py:644} INFO - 25/07/08 17:16:17 INFO DAGScheduler: Got job 11 (saveAsTable at NativeMethodAccessorImpl.java:0) with 1 output partitions
[2025-07-08T17:16:17.365+0000] {spark_submit.py:644} INFO - 25/07/08 17:16:17 INFO DAGScheduler: Final stage: ResultStage 15 (saveAsTable at NativeMethodAccessorImpl.java:0)
[2025-07-08T17:16:17.368+0000] {spark_submit.py:644} INFO - 25/07/08 17:16:17 INFO DAGScheduler: Parents of final stage: List()
[2025-07-08T17:16:17.370+0000] {spark_submit.py:644} INFO - 25/07/08 17:16:17 INFO DAGScheduler: Missing parents: List()
[2025-07-08T17:16:17.372+0000] {spark_submit.py:644} INFO - 25/07/08 17:16:17 INFO DAGScheduler: Submitting ResultStage 15 (MapPartitionsRDD[63] at saveAsTable at NativeMethodAccessorImpl.java:0), which has no missing parents
[2025-07-08T17:16:17.440+0000] {spark_submit.py:644} INFO - 25/07/08 17:16:17 INFO MemoryStore: Block broadcast_19 stored as values in memory (estimated size 47.0 KiB, free 433.8 MiB)
[2025-07-08T17:16:17.460+0000] {spark_submit.py:644} INFO - 25/07/08 17:16:17 INFO MemoryStore: Block broadcast_19_piece0 stored as bytes in memory (estimated size 19.7 KiB, free 433.8 MiB)
[2025-07-08T17:16:17.480+0000] {spark_submit.py:644} INFO - 25/07/08 17:16:17 INFO BlockManagerInfo: Added broadcast_19_piece0 in memory on 3748f1b8240a:42037 (size: 19.7 KiB, free: 434.3 MiB)
[2025-07-08T17:16:17.482+0000] {spark_submit.py:644} INFO - 25/07/08 17:16:17 INFO SparkContext: Created broadcast 19 from broadcast at DAGScheduler.scala:1585
[2025-07-08T17:16:17.483+0000] {spark_submit.py:644} INFO - 25/07/08 17:16:17 INFO DAGScheduler: Submitting 1 missing tasks from ResultStage 15 (MapPartitionsRDD[63] at saveAsTable at NativeMethodAccessorImpl.java:0) (first 15 tasks are for partitions Vector(0))
[2025-07-08T17:16:17.494+0000] {spark_submit.py:644} INFO - 25/07/08 17:16:17 INFO TaskSchedulerImpl: Adding task set 15.0 with 1 tasks resource profile 0
[2025-07-08T17:16:17.508+0000] {spark_submit.py:644} INFO - 25/07/08 17:16:17 INFO TaskSetManager: Starting task 0.0 in stage 15.0 (TID 14) (172.19.0.8, executor 0, partition 0, PROCESS_LOCAL, 10197 bytes)
[2025-07-08T17:16:17.546+0000] {spark_submit.py:644} INFO - 25/07/08 17:16:17 INFO BlockManagerInfo: Added broadcast_19_piece0 in memory on 172.19.0.8:42579 (size: 19.7 KiB, free: 434.3 MiB)
[2025-07-08T17:16:17.596+0000] {spark_submit.py:644} INFO - 25/07/08 17:16:17 INFO BlockManagerInfo: Added broadcast_17_piece0 in memory on 172.19.0.8:42579 (size: 35.7 KiB, free: 434.3 MiB)
[2025-07-08T17:16:17.752+0000] {spark_submit.py:644} INFO - 25/07/08 17:16:17 INFO BlockManagerInfo: Added broadcast_18_piece0 in memory on 172.19.0.8:42579 (size: 30.1 KiB, free: 434.3 MiB)
[2025-07-08T17:16:18.562+0000] {spark_submit.py:644} INFO - 25/07/08 17:16:18 INFO TaskSetManager: Finished task 0.0 in stage 15.0 (TID 14) in 1076 ms on 172.19.0.8 (executor 0) (1/1)
[2025-07-08T17:16:18.563+0000] {spark_submit.py:644} INFO - 25/07/08 17:16:18 INFO TaskSchedulerImpl: Removed TaskSet 15.0, whose tasks have all completed, from pool
[2025-07-08T17:16:18.564+0000] {spark_submit.py:644} INFO - 25/07/08 17:16:18 INFO DAGScheduler: ResultStage 15 (saveAsTable at NativeMethodAccessorImpl.java:0) finished in 1.190 s
[2025-07-08T17:16:18.565+0000] {spark_submit.py:644} INFO - 25/07/08 17:16:18 INFO DAGScheduler: Job 11 is finished. Cancelling potential speculative or zombie tasks for this job
[2025-07-08T17:16:18.566+0000] {spark_submit.py:644} INFO - 25/07/08 17:16:18 INFO TaskSchedulerImpl: Killing all running tasks in stage 15: Stage finished
[2025-07-08T17:16:18.567+0000] {spark_submit.py:644} INFO - 25/07/08 17:16:18 INFO DAGScheduler: Job 11 finished: saveAsTable at NativeMethodAccessorImpl.java:0, took 1.206098 s
[2025-07-08T17:16:18.568+0000] {spark_submit.py:644} INFO - 25/07/08 17:16:18 INFO AppendDataExec: Data source write support IcebergBatchWrite(table=nessie.exercises.dis_messages, format=PARQUET) is committing.
[2025-07-08T17:16:18.568+0000] {spark_submit.py:644} INFO - 25/07/08 17:16:18 INFO SparkWrite: Committing append with 1 new data files to table nessie.exercises.dis_messages
[2025-07-08T17:16:19.371+0000] {spark_submit.py:644} INFO - 25/07/08 17:16:19 INFO NessieIcebergClient: Committed 'exercises.dis_messages' against 'Branch{name=main, metadata=null, hash=da08aed6a3ec575dcd92bd33b2f598898386647d605e586065214ee3e5348f88}', expected commit-id was '3a17e9fa3db051cb80b0f27c74e8d77c1e8db7f295853c2afa3b73ce07b9e135'
[2025-07-08T17:16:19.372+0000] {spark_submit.py:644} INFO - 25/07/08 17:16:19 INFO BaseMetastoreTableOperations: Successfully committed to table exercises.dis_messages in 275 ms
[2025-07-08T17:16:19.373+0000] {spark_submit.py:644} INFO - 25/07/08 17:16:19 INFO SnapshotProducer: Committed snapshot 6500582228261983839 (MergeAppend)
[2025-07-08T17:16:19.420+0000] {spark_submit.py:644} INFO - 25/07/08 17:16:19 INFO BaseMetastoreTableOperations: Refreshing table metadata from new version: s3a://warehouse/exercises/dis_messages_4f50f401-4bed-4243-b9b1-6db78aa06ffb/metadata/00002-e1f347a7-d662-4d1b-820d-c8c9a809096f.metadata.json
[2025-07-08T17:16:19.430+0000] {spark_submit.py:644} INFO - 25/07/08 17:16:19 INFO NessieUtil: loadTableMetadata for 'exercises.dis_messages' from location 's3a://warehouse/exercises/dis_messages_4f50f401-4bed-4243-b9b1-6db78aa06ffb/metadata/00002-e1f347a7-d662-4d1b-820d-c8c9a809096f.metadata.json' at 'Branch{name=main, metadata=null, hash=da08aed6a3ec575dcd92bd33b2f598898386647d605e586065214ee3e5348f88}'
[2025-07-08T17:16:19.431+0000] {spark_submit.py:644} INFO - 25/07/08 17:16:19 INFO LoggingMetricsReporter: Received metrics report: CommitReport{tableName=nessie.exercises.dis_messages, snapshotId=6500582228261983839, sequenceNumber=3, operation=append, commitMetrics=CommitMetricsResult{totalDuration=TimerResult{timeUnit=NANOSECONDS, totalDuration=PT0.836068252S, count=1}, attempts=CounterResult{unit=COUNT, value=1}, addedDataFiles=CounterResult{unit=COUNT, value=1}, removedDataFiles=null, totalDataFiles=CounterResult{unit=COUNT, value=3}, addedDeleteFiles=null, addedEqualityDeleteFiles=null, addedPositionalDeleteFiles=null, addedDVs=null, removedDeleteFiles=null, removedEqualityDeleteFiles=null, removedPositionalDeleteFiles=null, removedDVs=null, totalDeleteFiles=CounterResult{unit=COUNT, value=0}, addedRecords=CounterResult{unit=COUNT, value=300}, removedRecords=null, totalRecords=CounterResult{unit=COUNT, value=761}, addedFilesSizeInBytes=CounterResult{unit=BYTES, value=4358}, removedFilesSizeInBytes=null, totalFilesSizeInBytes=CounterResult{unit=BYTES, value=12671}, addedPositionalDeletes=null, removedPositionalDeletes=null, totalPositionalDeletes=CounterResult{unit=COUNT, value=0}, addedEqualityDeletes=null, removedEqualityDeletes=null, totalEqualityDeletes=CounterResult{unit=COUNT, value=0}}, metadata={engine-version=3.5.5, app-id=app-20250708171524-0010, engine-name=spark, iceberg-version=Apache Iceberg 1.8.1 (commit 9ce0fcf0af7becf25ad9fc996c3bad2afdcfd33d)}}
[2025-07-08T17:16:19.431+0000] {spark_submit.py:644} INFO - 25/07/08 17:16:19 INFO SparkWrite: Committed in 862 ms
[2025-07-08T17:16:19.432+0000] {spark_submit.py:644} INFO - 25/07/08 17:16:19 INFO AppendDataExec: Data source write support IcebergBatchWrite(table=nessie.exercises.dis_messages, format=PARQUET) committed.
[2025-07-08T17:16:19.433+0000] {spark_submit.py:644} INFO - [PROCESS EXERCISES] ✅ Tabela nessie.exercises.dis_messages salva com sucesso (300 registros)
[2025-07-08T17:16:19.433+0000] {spark_submit.py:644} INFO - [PROCESS EXERCISES] ✅ ✨ Processamento concluído com sucesso!
[2025-07-08T17:16:19.434+0000] {spark_submit.py:644} INFO - [PROCESS EXERCISES] 🔄 Finalizando sessão Spark
[2025-07-08T17:16:19.434+0000] {spark_submit.py:644} INFO - 25/07/08 17:16:19 INFO SparkContext: SparkContext is stopping with exitCode 0.
[2025-07-08T17:16:19.442+0000] {spark_submit.py:644} INFO - 25/07/08 17:16:19 INFO SparkUI: Stopped Spark web UI at http://3748f1b8240a:4040
[2025-07-08T17:16:19.446+0000] {spark_submit.py:644} INFO - 25/07/08 17:16:19 INFO StandaloneSchedulerBackend: Shutting down all executors
[2025-07-08T17:16:19.447+0000] {spark_submit.py:644} INFO - 25/07/08 17:16:19 INFO StandaloneSchedulerBackend$StandaloneDriverEndpoint: Asking each executor to shut down
[2025-07-08T17:16:19.465+0000] {spark_submit.py:644} INFO - 25/07/08 17:16:19 INFO MapOutputTrackerMasterEndpoint: MapOutputTrackerMasterEndpoint stopped!
[2025-07-08T17:16:19.505+0000] {spark_submit.py:644} INFO - 25/07/08 17:16:19 INFO MemoryStore: MemoryStore cleared
[2025-07-08T17:16:19.506+0000] {spark_submit.py:644} INFO - 25/07/08 17:16:19 INFO BlockManager: BlockManager stopped
[2025-07-08T17:16:19.509+0000] {spark_submit.py:644} INFO - 25/07/08 17:16:19 INFO BlockManagerMaster: BlockManagerMaster stopped
[2025-07-08T17:16:19.512+0000] {spark_submit.py:644} INFO - 25/07/08 17:16:19 INFO OutputCommitCoordinator$OutputCommitCoordinatorEndpoint: OutputCommitCoordinator stopped!
[2025-07-08T17:16:19.525+0000] {spark_submit.py:644} INFO - 25/07/08 17:16:19 INFO SparkContext: Successfully stopped SparkContext
[2025-07-08T17:16:19.569+0000] {spark_submit.py:644} INFO - [PROCESS EXERCISES] ✅ Sessão Spark finalizada com sucesso
[2025-07-08T17:16:19.692+0000] {spark_submit.py:644} INFO - 25/07/08 17:16:19 INFO ShutdownHookManager: Shutdown hook called
[2025-07-08T17:16:19.693+0000] {spark_submit.py:644} INFO - 25/07/08 17:16:19 INFO ShutdownHookManager: Deleting directory /tmp/spark-73589dc5-a538-46de-b621-66890270d808
[2025-07-08T17:16:19.699+0000] {spark_submit.py:644} INFO - 25/07/08 17:16:19 INFO ShutdownHookManager: Deleting directory /tmp/spark-29ca848a-7bfe-4a1c-b7e2-a63c8b808c40
[2025-07-08T17:16:19.704+0000] {spark_submit.py:644} INFO - 25/07/08 17:16:19 INFO ShutdownHookManager: Deleting directory /tmp/spark-73589dc5-a538-46de-b621-66890270d808/pyspark-bfbee5f4-1aeb-43bd-8243-3a4e18db1dd8
[2025-07-08T17:16:19.716+0000] {spark_submit.py:644} INFO - 25/07/08 17:16:19 INFO MetricsSystemImpl: Stopping s3a-file-system metrics system...
[2025-07-08T17:16:19.717+0000] {spark_submit.py:644} INFO - 25/07/08 17:16:19 INFO MetricsSystemImpl: s3a-file-system metrics system stopped.
[2025-07-08T17:16:19.718+0000] {spark_submit.py:644} INFO - 25/07/08 17:16:19 INFO MetricsSystemImpl: s3a-file-system metrics system shutdown complete.
[2025-07-08T17:16:20.141+0000] {taskinstance.py:349} INFO - ::group::Post task execution logs
[2025-07-08T17:16:20.142+0000] {taskinstance.py:361} INFO - Marking task as SUCCESS. dag_id=process_exercises, task_id=process_exercises, run_id=manual__2025-07-08T17:15:13.522608+00:00, execution_date=20250708T171513, start_date=20250708T171517, end_date=20250708T171620
[2025-07-08T17:16:20.355+0000] {local_task_job_runner.py:266} INFO - Task exited with return code 0
[2025-07-08T17:16:20.391+0000] {taskinstance.py:3924} INFO - 1 downstream tasks scheduled from follow-on schedule check
[2025-07-08T17:16:20.416+0000] {local_task_job_runner.py:245} INFO - ::endgroup::
