[2025-07-09T17:32:21.157+0000] {local_task_job_runner.py:123} INFO - ::group::Pre task execution logs
[2025-07-09T17:32:21.191+0000] {taskinstance.py:2631} INFO - Dependencies all met for dep_context=non-requeueable deps ti=<TaskInstance: process_exercises.process_exercises manual__2025-07-09T17:32:04.949379+00:00 [queued]>
[2025-07-09T17:32:21.201+0000] {taskinstance.py:2631} INFO - Dependencies all met for dep_context=requeueable deps ti=<TaskInstance: process_exercises.process_exercises manual__2025-07-09T17:32:04.949379+00:00 [queued]>
[2025-07-09T17:32:21.202+0000] {taskinstance.py:2884} INFO - Starting attempt 1 of 1
[2025-07-09T17:32:21.258+0000] {taskinstance.py:2907} INFO - Executing <Task(SparkSubmitOperator): process_exercises> on 2025-07-09 17:32:04.949379+00:00
[2025-07-09T17:32:21.265+0000] {logging_mixin.py:190} WARNING - /home/airflow/.local/lib/python3.12/site-packages/airflow/task/task_runner/standard_task_runner.py:70 DeprecationWarning: This process (pid=955) is multi-threaded, use of fork() may lead to deadlocks in the child.
[2025-07-09T17:32:21.266+0000] {standard_task_runner.py:72} INFO - Started process 956 to run task
[2025-07-09T17:32:21.265+0000] {standard_task_runner.py:104} INFO - Running: ['airflow', 'tasks', 'run', 'process_exercises', 'process_exercises', 'manual__2025-07-09T17:32:04.949379+00:00', '--job-id', '226', '--raw', '--subdir', 'DAGS_FOLDER/process_exercises.py', '--cfg-path', '/tmp/tmpj3ykhb62']
[2025-07-09T17:32:21.267+0000] {standard_task_runner.py:105} INFO - Job 226: Subtask process_exercises
[2025-07-09T17:32:21.369+0000] {task_command.py:467} INFO - Running <TaskInstance: process_exercises.process_exercises manual__2025-07-09T17:32:04.949379+00:00 [running]> on host 38b7408c68d7
[2025-07-09T17:32:21.601+0000] {taskinstance.py:3157} INFO - Exporting env vars: AIRFLOW_CTX_DAG_OWNER='airflow' AIRFLOW_CTX_DAG_ID='process_exercises' AIRFLOW_CTX_TASK_ID='process_exercises' AIRFLOW_CTX_EXECUTION_DATE='2025-07-09T17:32:04.949379+00:00' AIRFLOW_CTX_TRY_NUMBER='1' AIRFLOW_CTX_DAG_RUN_ID='manual__2025-07-09T17:32:04.949379+00:00'
[2025-07-09T17:32:21.602+0000] {taskinstance.py:740} INFO - ::endgroup::
[2025-07-09T17:32:21.633+0000] {base.py:84} INFO - Retrieving connection 'spark-ebsim'
[2025-07-09T17:32:21.641+0000] {spark_submit.py:474} INFO - Spark-Submit cmd: spark-submit --master spark://spark-master:7077 --jars /opt/bitnami/spark/jars/iceberg-spark-runtime-3.5_2.12-1.8.1.jar,/opt/bitnami/spark/jars/nessie-spark-extensions-3.5_2.12-0.103.2.jar,/opt/bitnami/spark/jars/nessie-client-0.103.2.jar,/opt/bitnami/spark/jars/hadoop-aws-3.3.2.jar,/opt/bitnami/spark/jars/aws-java-sdk-bundle-1.12.262.jar, --name arrow-spark --deploy-mode client /opt/bitnami/spark/jobs/process_exercises_job.py {"id": "CA-LESTE-construtiva-4455-2025-07-08", "manifest_entry": {"data": {"createdAt": "2025-07-08T19:50:09.281Z", "origin": "CA-LESTE", "path": "exercises/CA-LESTE-construtiva-4455-2025-07-08"}, "id": "CA-LESTE-construtiva-4455-2025-07-08"}, "metadata": {"createdAt": "2025-07-08T19:50:09.281Z", "description": "4455", "documents": [{"description": "", "id": "1752004297308", "mimetype": "application/pdf", "name": "Op Jacui IV - Ordem de Operacoes.pdf", "path": "exercises/CA-LESTE-construtiva-4455-2025-07-08/documents/Op Jacui IV - Ordem de Operacoes.pdf", "size": 336744, "uploadedAt": "2025-07-08T19:51:37.308Z"}], "endDate": "2025-07-22", "id": "CA-LESTE-construtiva-4455-2025-07-08", "name": "Jogo de Guerra", "origin": "CA-LESTE", "simulationType": "construtiva", "simulations": [{"id": "172.19.0.14_2025-07-08", "movedAt": "2025-07-08T19:51:46.649Z", "name": "172.19.0.14_2025-07-08", "originalPath": "staging/172.19.0.14_2025-07-08", "path": "exercises/CA-LESTE-construtiva-4455-2025-07-08/simulations/172.19.0.14_2025-07-08"}], "startDate": "2025-07-15", "trainedForce": "4455", "updatedAt": "2025-07-08T19:51:46.649Z", "wikiUrl": ""}}
[2025-07-09T17:32:23.540+0000] {spark_submit.py:644} INFO - 25/07/09 17:32:23 WARN NativeCodeLoader: Unable to load native-hadoop library for your platform... using builtin-java classes where applicable
[2025-07-09T17:32:25.100+0000] {spark_submit.py:644} INFO - [PROCESS EXERCISES] ℹ️ Iniciando processamento de exercícios
[2025-07-09T17:32:25.101+0000] {spark_submit.py:644} INFO - [PROCESS EXERCISES] ℹ️ Exercício selecionado: CA-LESTE-construtiva-4455-2025-07-08
[2025-07-09T17:32:25.101+0000] {spark_submit.py:644} INFO - [PROCESS EXERCISES] 🔄 Criando sessão Spark
[2025-07-09T17:32:26.909+0000] {spark_submit.py:644} INFO - 25/07/09 17:32:26 INFO SparkContext: Running Spark version 3.5.5
[2025-07-09T17:32:26.910+0000] {spark_submit.py:644} INFO - 25/07/09 17:32:26 INFO SparkContext: OS info Linux, 5.15.167.4-microsoft-standard-WSL2, amd64
[2025-07-09T17:32:26.911+0000] {spark_submit.py:644} INFO - 25/07/09 17:32:26 INFO SparkContext: Java version 17.0.15
[2025-07-09T17:32:26.934+0000] {spark_submit.py:644} INFO - 25/07/09 17:32:26 INFO ResourceUtils: ==============================================================
[2025-07-09T17:32:26.937+0000] {spark_submit.py:644} INFO - 25/07/09 17:32:26 INFO ResourceUtils: No custom resources configured for spark.driver.
[2025-07-09T17:32:26.937+0000] {spark_submit.py:644} INFO - 25/07/09 17:32:26 INFO ResourceUtils: ==============================================================
[2025-07-09T17:32:26.938+0000] {spark_submit.py:644} INFO - 25/07/09 17:32:26 INFO SparkContext: Submitted application: ProcessExercises
[2025-07-09T17:32:26.952+0000] {spark_submit.py:644} INFO - 25/07/09 17:32:26 INFO ResourceProfile: Default ResourceProfile created, executor resources: Map(memory -> name: memory, amount: 1024, script: , vendor: , offHeap -> name: offHeap, amount: 0, script: , vendor: ), task resources: Map(cpus -> name: cpus, amount: 1.0)
[2025-07-09T17:32:26.960+0000] {spark_submit.py:644} INFO - 25/07/09 17:32:26 INFO ResourceProfile: Limiting resource is cpu
[2025-07-09T17:32:26.961+0000] {spark_submit.py:644} INFO - 25/07/09 17:32:26 INFO ResourceProfileManager: Added ResourceProfile id: 0
[2025-07-09T17:32:27.000+0000] {spark_submit.py:644} INFO - 25/07/09 17:32:27 INFO SecurityManager: Changing view acls to: airflow
[2025-07-09T17:32:27.001+0000] {spark_submit.py:644} INFO - 25/07/09 17:32:27 INFO SecurityManager: Changing modify acls to: airflow
[2025-07-09T17:32:27.002+0000] {spark_submit.py:644} INFO - 25/07/09 17:32:27 INFO SecurityManager: Changing view acls groups to:
[2025-07-09T17:32:27.002+0000] {spark_submit.py:644} INFO - 25/07/09 17:32:27 INFO SecurityManager: Changing modify acls groups to:
[2025-07-09T17:32:27.003+0000] {spark_submit.py:644} INFO - 25/07/09 17:32:27 INFO SecurityManager: SecurityManager: authentication disabled; ui acls disabled; users with view permissions: airflow; groups with view permissions: EMPTY; users with modify permissions: airflow; groups with modify permissions: EMPTY
[2025-07-09T17:32:27.203+0000] {spark_submit.py:644} INFO - 25/07/09 17:32:27 INFO Utils: Successfully started service 'sparkDriver' on port 43717.
[2025-07-09T17:32:27.234+0000] {spark_submit.py:644} INFO - 25/07/09 17:32:27 INFO SparkEnv: Registering MapOutputTracker
[2025-07-09T17:32:27.269+0000] {spark_submit.py:644} INFO - 25/07/09 17:32:27 INFO SparkEnv: Registering BlockManagerMaster
[2025-07-09T17:32:27.284+0000] {spark_submit.py:644} INFO - 25/07/09 17:32:27 INFO BlockManagerMasterEndpoint: Using org.apache.spark.storage.DefaultTopologyMapper for getting topology information
[2025-07-09T17:32:27.285+0000] {spark_submit.py:644} INFO - 25/07/09 17:32:27 INFO BlockManagerMasterEndpoint: BlockManagerMasterEndpoint up
[2025-07-09T17:32:27.289+0000] {spark_submit.py:644} INFO - 25/07/09 17:32:27 INFO SparkEnv: Registering BlockManagerMasterHeartbeat
[2025-07-09T17:32:27.337+0000] {spark_submit.py:644} INFO - 25/07/09 17:32:27 INFO DiskBlockManager: Created local directory at /tmp/blockmgr-f60c9f38-11ec-4d5f-9bc2-a2ada1ead0fe
[2025-07-09T17:32:27.352+0000] {spark_submit.py:644} INFO - 25/07/09 17:32:27 INFO MemoryStore: MemoryStore started with capacity 434.4 MiB
[2025-07-09T17:32:27.368+0000] {spark_submit.py:644} INFO - 25/07/09 17:32:27 INFO SparkEnv: Registering OutputCommitCoordinator
[2025-07-09T17:32:27.483+0000] {spark_submit.py:644} INFO - 25/07/09 17:32:27 INFO JettyUtils: Start Jetty 0.0.0.0:4040 for SparkUI
[2025-07-09T17:32:27.531+0000] {spark_submit.py:644} INFO - 25/07/09 17:32:27 INFO Utils: Successfully started service 'SparkUI' on port 4040.
[2025-07-09T17:32:27.577+0000] {spark_submit.py:644} INFO - 25/07/09 17:32:27 INFO SparkContext: Added JAR file:///opt/bitnami/spark/jars/iceberg-spark-runtime-3.5_2.12-1.8.1.jar at spark://38b7408c68d7:43717/jars/iceberg-spark-runtime-3.5_2.12-1.8.1.jar with timestamp 1752082346903
[2025-07-09T17:32:27.578+0000] {spark_submit.py:644} INFO - 25/07/09 17:32:27 INFO SparkContext: Added JAR file:///opt/bitnami/spark/jars/nessie-spark-extensions-3.5_2.12-0.103.2.jar at spark://38b7408c68d7:43717/jars/nessie-spark-extensions-3.5_2.12-0.103.2.jar with timestamp 1752082346903
[2025-07-09T17:32:27.580+0000] {spark_submit.py:644} INFO - 25/07/09 17:32:27 INFO SparkContext: Added JAR file:///opt/bitnami/spark/jars/nessie-client-0.103.2.jar at spark://38b7408c68d7:43717/jars/nessie-client-0.103.2.jar with timestamp 1752082346903
[2025-07-09T17:32:27.581+0000] {spark_submit.py:644} INFO - 25/07/09 17:32:27 INFO SparkContext: Added JAR file:///opt/bitnami/spark/jars/hadoop-aws-3.3.2.jar at spark://38b7408c68d7:43717/jars/hadoop-aws-3.3.2.jar with timestamp 1752082346903
[2025-07-09T17:32:27.582+0000] {spark_submit.py:644} INFO - 25/07/09 17:32:27 INFO SparkContext: Added JAR file:///opt/bitnami/spark/jars/aws-java-sdk-bundle-1.12.262.jar at spark://38b7408c68d7:43717/jars/aws-java-sdk-bundle-1.12.262.jar with timestamp 1752082346903
[2025-07-09T17:32:27.642+0000] {spark_submit.py:644} INFO - 25/07/09 17:32:27 INFO StandaloneAppClient$ClientEndpoint: Connecting to master spark://spark-master:7077...
[2025-07-09T17:32:27.709+0000] {spark_submit.py:644} INFO - 25/07/09 17:32:27 INFO TransportClientFactory: Successfully created connection to spark-master/172.19.0.5:7077 after 21 ms (0 ms spent in bootstraps)
[2025-07-09T17:32:27.803+0000] {spark_submit.py:644} INFO - 25/07/09 17:32:27 INFO StandaloneSchedulerBackend: Connected to Spark cluster with app ID app-20250709173227-0003
[2025-07-09T17:32:27.806+0000] {spark_submit.py:644} INFO - 25/07/09 17:32:27 INFO StandaloneAppClient$ClientEndpoint: Executor added: app-20250709173227-0003/0 on worker-20250709171731-172.19.0.7-37405 (172.19.0.7:37405) with 2 core(s)
[2025-07-09T17:32:27.809+0000] {spark_submit.py:644} INFO - 25/07/09 17:32:27 INFO StandaloneSchedulerBackend: Granted executor ID app-20250709173227-0003/0 on hostPort 172.19.0.7:37405 with 2 core(s), 1024.0 MiB RAM
[2025-07-09T17:32:27.812+0000] {spark_submit.py:644} INFO - 25/07/09 17:32:27 INFO Utils: Successfully started service 'org.apache.spark.network.netty.NettyBlockTransferService' on port 45155.
[2025-07-09T17:32:27.813+0000] {spark_submit.py:644} INFO - 25/07/09 17:32:27 INFO NettyBlockTransferService: Server created on 38b7408c68d7:45155
[2025-07-09T17:32:27.814+0000] {spark_submit.py:644} INFO - 25/07/09 17:32:27 INFO BlockManager: Using org.apache.spark.storage.RandomBlockReplicationPolicy for block replication policy
[2025-07-09T17:32:27.819+0000] {spark_submit.py:644} INFO - 25/07/09 17:32:27 INFO BlockManagerMaster: Registering BlockManager BlockManagerId(driver, 38b7408c68d7, 45155, None)
[2025-07-09T17:32:27.823+0000] {spark_submit.py:644} INFO - 25/07/09 17:32:27 INFO BlockManagerMasterEndpoint: Registering block manager 38b7408c68d7:45155 with 434.4 MiB RAM, BlockManagerId(driver, 38b7408c68d7, 45155, None)
[2025-07-09T17:32:27.826+0000] {spark_submit.py:644} INFO - 25/07/09 17:32:27 INFO BlockManagerMaster: Registered BlockManager BlockManagerId(driver, 38b7408c68d7, 45155, None)
[2025-07-09T17:32:27.829+0000] {spark_submit.py:644} INFO - 25/07/09 17:32:27 INFO BlockManager: Initialized BlockManager: BlockManagerId(driver, 38b7408c68d7, 45155, None)
[2025-07-09T17:32:27.877+0000] {spark_submit.py:644} INFO - 25/07/09 17:32:27 INFO StandaloneAppClient$ClientEndpoint: Executor updated: app-20250709173227-0003/0 is now RUNNING
[2025-07-09T17:32:28.189+0000] {spark_submit.py:644} INFO - 25/07/09 17:32:28 INFO StandaloneSchedulerBackend: SchedulerBackend is ready for scheduling beginning after reached minRegisteredResourcesRatio: 0.0
[2025-07-09T17:32:28.556+0000] {spark_submit.py:644} INFO - [PROCESS EXERCISES] ✅ Sessão Spark criada com sucesso
[2025-07-09T17:32:28.557+0000] {spark_submit.py:644} INFO - [PROCESS EXERCISES] ✅ Processador de exercícios inicializado
[2025-07-09T17:32:28.558+0000] {spark_submit.py:644} INFO - [PROCESS EXERCISES] 🔄 Criando namespace nessie.exercises
[2025-07-09T17:32:28.565+0000] {spark_submit.py:644} INFO - 25/07/09 17:32:28 INFO SharedState: Setting hive.metastore.warehouse.dir ('null') to the value of spark.sql.warehouse.dir.
[2025-07-09T17:32:28.567+0000] {spark_submit.py:644} INFO - 25/07/09 17:32:28 INFO SharedState: Warehouse path is 'file:/opt/airflow/spark-warehouse'.
[2025-07-09T17:32:30.569+0000] {spark_submit.py:644} INFO - 25/07/09 17:32:30 INFO StandaloneSchedulerBackend$StandaloneDriverEndpoint: Registered executor NettyRpcEndpointRef(spark-client://Executor) (172.19.0.7:59868) with ID 0,  ResourceProfileId 0
[2025-07-09T17:32:30.641+0000] {spark_submit.py:644} INFO - 25/07/09 17:32:30 INFO BlockManagerMasterEndpoint: Registering block manager 172.19.0.7:36931 with 434.4 MiB RAM, BlockManagerId(0, 172.19.0.7, 36931, None)
[2025-07-09T17:32:32.865+0000] {spark_submit.py:644} INFO - 25/07/09 17:32:32 INFO CatalogUtil: Loading custom FileIO implementation: org.apache.iceberg.hadoop.HadoopFileIO
[2025-07-09T17:32:35.893+0000] {spark_submit.py:644} INFO - [PROCESS EXERCISES] ✅ Namespace criado/verificado com sucesso
[2025-07-09T17:32:35.893+0000] {spark_submit.py:644} INFO - [PROCESS EXERCISES] 🔄 === FASE 1: PROCESSAMENTO DE DOCUMENTOS ===
[2025-07-09T17:32:35.894+0000] {spark_submit.py:644} INFO - [PROCESS EXERCISES] 🔄 Iniciando processamento de documentos PDF
[2025-07-09T17:32:35.895+0000] {spark_submit.py:644} INFO - [PROCESS EXERCISES] ℹ️ Encontrados 1 documentos
[2025-07-09T17:32:35.895+0000] {spark_submit.py:644} INFO - [PROCESS EXERCISES] 🔄 Processando documento: Op Jacui IV - Ordem de Operacoes.pdf
[2025-07-09T17:32:35.896+0000] {spark_submit.py:644} INFO - [PROCESS EXERCISES] ℹ️ Carregando PDF de: s3a://bronze/exercises/CA-LESTE-construtiva-4455-2025-07-08/documents/Op Jacui IV - Ordem de Operacoes.pdf
[2025-07-09T17:32:37.889+0000] {spark_submit.py:644} INFO - 25/07/09 17:32:37 WARN MetricsConfig: Cannot locate configuration: tried hadoop-metrics2-s3a-file-system.properties,hadoop-metrics2.properties
[2025-07-09T17:32:38.327+0000] {spark_submit.py:644} INFO - 25/07/09 17:32:38 INFO MetricsSystemImpl: Scheduled Metric snapshot period at 10 second(s).
[2025-07-09T17:32:38.328+0000] {spark_submit.py:644} INFO - 25/07/09 17:32:38 INFO MetricsSystemImpl: s3a-file-system metrics system started
[2025-07-09T17:32:57.769+0000] {spark_submit.py:644} INFO - 25/07/09 17:32:57 INFO InMemoryFileIndex: It took 83 ms to list leaf files for 1 paths.
[2025-07-09T17:33:00.788+0000] {spark_submit.py:644} INFO - 25/07/09 17:33:00 INFO FileSourceStrategy: Pushed Filters:
[2025-07-09T17:33:00.789+0000] {spark_submit.py:644} INFO - 25/07/09 17:33:00 INFO FileSourceStrategy: Post-Scan Filters:
[2025-07-09T17:33:01.757+0000] {spark_submit.py:644} INFO - 25/07/09 17:33:01 INFO CodeGenerator: Code generated in 570.695204 ms
[2025-07-09T17:33:01.801+0000] {spark_submit.py:644} INFO - 25/07/09 17:33:01 INFO MemoryStore: Block broadcast_0 stored as values in memory (estimated size 203.5 KiB, free 434.2 MiB)
[2025-07-09T17:33:01.872+0000] {spark_submit.py:644} INFO - 25/07/09 17:33:01 INFO MemoryStore: Block broadcast_0_piece0 stored as bytes in memory (estimated size 35.7 KiB, free 434.2 MiB)
[2025-07-09T17:33:01.875+0000] {spark_submit.py:644} INFO - 25/07/09 17:33:01 INFO BlockManagerInfo: Added broadcast_0_piece0 in memory on 38b7408c68d7:45155 (size: 35.7 KiB, free: 434.4 MiB)
[2025-07-09T17:33:01.879+0000] {spark_submit.py:644} INFO - 25/07/09 17:33:01 INFO SparkContext: Created broadcast 0 from collect at /opt/bitnami/spark/jobs/process_exercises_job.py:374
[2025-07-09T17:33:02.640+0000] {spark_submit.py:644} INFO - 25/07/09 17:33:02 INFO FileSourceScanExec: Planning scan with bin packing, max size: 4194304 bytes, open cost is considered as scanning 4194304 bytes.
[2025-07-09T17:33:03.035+0000] {spark_submit.py:644} INFO - 25/07/09 17:33:03 INFO SparkContext: Starting job: collect at /opt/bitnami/spark/jobs/process_exercises_job.py:374
[2025-07-09T17:33:03.049+0000] {spark_submit.py:644} INFO - 25/07/09 17:33:03 INFO DAGScheduler: Got job 0 (collect at /opt/bitnami/spark/jobs/process_exercises_job.py:374) with 1 output partitions
[2025-07-09T17:33:03.049+0000] {spark_submit.py:644} INFO - 25/07/09 17:33:03 INFO DAGScheduler: Final stage: ResultStage 0 (collect at /opt/bitnami/spark/jobs/process_exercises_job.py:374)
[2025-07-09T17:33:03.050+0000] {spark_submit.py:644} INFO - 25/07/09 17:33:03 INFO DAGScheduler: Parents of final stage: List()
[2025-07-09T17:33:03.051+0000] {spark_submit.py:644} INFO - 25/07/09 17:33:03 INFO DAGScheduler: Missing parents: List()
[2025-07-09T17:33:03.054+0000] {spark_submit.py:644} INFO - 25/07/09 17:33:03 INFO DAGScheduler: Submitting ResultStage 0 (MapPartitionsRDD[5] at collect at /opt/bitnami/spark/jobs/process_exercises_job.py:374), which has no missing parents
[2025-07-09T17:33:03.083+0000] {spark_submit.py:644} INFO - 25/07/09 17:33:03 INFO MemoryStore: Block broadcast_1 stored as values in memory (estimated size 27.4 KiB, free 434.1 MiB)
[2025-07-09T17:33:03.576+0000] {spark_submit.py:644} INFO - 25/07/09 17:33:03 INFO MemoryStore: Block broadcast_1_piece0 stored as bytes in memory (estimated size 13.6 KiB, free 434.1 MiB)
[2025-07-09T17:33:03.577+0000] {spark_submit.py:644} INFO - 25/07/09 17:33:03 INFO BlockManagerInfo: Added broadcast_1_piece0 in memory on 38b7408c68d7:45155 (size: 13.6 KiB, free: 434.4 MiB)
[2025-07-09T17:33:03.578+0000] {spark_submit.py:644} INFO - 25/07/09 17:33:03 INFO SparkContext: Created broadcast 1 from broadcast at DAGScheduler.scala:1585
[2025-07-09T17:33:03.675+0000] {spark_submit.py:644} INFO - 25/07/09 17:33:03 INFO DAGScheduler: Submitting 1 missing tasks from ResultStage 0 (MapPartitionsRDD[5] at collect at /opt/bitnami/spark/jobs/process_exercises_job.py:374) (first 15 tasks are for partitions Vector(0))
[2025-07-09T17:33:03.676+0000] {spark_submit.py:644} INFO - 25/07/09 17:33:03 INFO TaskSchedulerImpl: Adding task set 0.0 with 1 tasks resource profile 0
[2025-07-09T17:33:14.270+0000] {spark_submit.py:644} INFO - 25/07/09 17:33:14 INFO TaskSetManager: Starting task 0.0 in stage 0.0 (TID 0) (172.19.0.7, executor 0, partition 0, PROCESS_LOCAL, 10199 bytes)
[2025-07-09T17:33:15.661+0000] {spark_submit.py:644} INFO - 25/07/09 17:33:15 INFO BlockManagerInfo: Added broadcast_1_piece0 in memory on 172.19.0.7:36931 (size: 13.6 KiB, free: 434.4 MiB)
[2025-07-09T17:33:21.937+0000] {spark_submit.py:644} INFO - 25/07/09 17:33:21 INFO BlockManagerInfo: Added broadcast_0_piece0 in memory on 172.19.0.7:36931 (size: 35.7 KiB, free: 434.4 MiB)
[2025-07-09T17:33:31.121+0000] {spark_submit.py:644} INFO - 25/07/09 17:33:31 INFO TaskSetManager: Finished task 0.0 in stage 0.0 (TID 0) in 16858 ms on 172.19.0.7 (executor 0) (1/1)
[2025-07-09T17:33:31.122+0000] {spark_submit.py:644} INFO - 25/07/09 17:33:31 INFO TaskSchedulerImpl: Removed TaskSet 0.0, whose tasks have all completed, from pool
[2025-07-09T17:33:31.124+0000] {spark_submit.py:644} INFO - 25/07/09 17:33:31 INFO PythonAccumulatorV2: Connected to AccumulatorServer at host: 127.0.0.1 port: 44003
[2025-07-09T17:33:31.126+0000] {spark_submit.py:644} INFO - 25/07/09 17:33:31 INFO DAGScheduler: ResultStage 0 (collect at /opt/bitnami/spark/jobs/process_exercises_job.py:374) finished in 28.048 s
[2025-07-09T17:33:31.129+0000] {spark_submit.py:644} INFO - 25/07/09 17:33:31 INFO DAGScheduler: Job 0 is finished. Cancelling potential speculative or zombie tasks for this job
[2025-07-09T17:33:31.130+0000] {spark_submit.py:644} INFO - 25/07/09 17:33:31 INFO TaskSchedulerImpl: Killing all running tasks in stage 0: Stage finished
[2025-07-09T17:33:31.132+0000] {spark_submit.py:644} INFO - 25/07/09 17:33:31 INFO DAGScheduler: Job 0 finished: collect at /opt/bitnami/spark/jobs/process_exercises_job.py:374, took 28.098023 s
[2025-07-09T17:33:31.171+0000] {spark_submit.py:644} INFO - [PROCESS EXERCISES] ✅ Documento processado com sucesso: Op Jacui IV - Ordem de Operacoes.pdf
[2025-07-09T17:33:31.172+0000] {spark_submit.py:644} INFO - [PROCESS EXERCISES] ✅ Processamento de documentos concluído: 1 registros
[2025-07-09T17:33:33.075+0000] {spark_submit.py:644} INFO - 25/07/09 17:33:33 INFO CodeGenerator: Code generated in 14.271337 ms
[2025-07-09T17:33:33.104+0000] {spark_submit.py:644} INFO - 25/07/09 17:33:33 INFO DAGScheduler: Registering RDD 12 (count at NativeMethodAccessorImpl.java:0) as input to shuffle 0
[2025-07-09T17:33:33.107+0000] {spark_submit.py:644} INFO - 25/07/09 17:33:33 INFO DAGScheduler: Got map stage job 1 (count at NativeMethodAccessorImpl.java:0) with 2 output partitions
[2025-07-09T17:33:33.107+0000] {spark_submit.py:644} INFO - 25/07/09 17:33:33 INFO DAGScheduler: Final stage: ShuffleMapStage 1 (count at NativeMethodAccessorImpl.java:0)
[2025-07-09T17:33:33.108+0000] {spark_submit.py:644} INFO - 25/07/09 17:33:33 INFO DAGScheduler: Parents of final stage: List()
[2025-07-09T17:33:33.109+0000] {spark_submit.py:644} INFO - 25/07/09 17:33:33 INFO DAGScheduler: Missing parents: List()
[2025-07-09T17:33:33.109+0000] {spark_submit.py:644} INFO - 25/07/09 17:33:33 INFO DAGScheduler: Submitting ShuffleMapStage 1 (MapPartitionsRDD[12] at count at NativeMethodAccessorImpl.java:0), which has no missing parents
[2025-07-09T17:33:33.125+0000] {spark_submit.py:644} INFO - 25/07/09 17:33:33 INFO MemoryStore: Block broadcast_2 stored as values in memory (estimated size 16.0 KiB, free 434.1 MiB)
[2025-07-09T17:33:33.135+0000] {spark_submit.py:644} INFO - 25/07/09 17:33:33 INFO MemoryStore: Block broadcast_2_piece0 stored as bytes in memory (estimated size 8.4 KiB, free 434.1 MiB)
[2025-07-09T17:33:33.136+0000] {spark_submit.py:644} INFO - 25/07/09 17:33:33 INFO BlockManagerInfo: Added broadcast_2_piece0 in memory on 38b7408c68d7:45155 (size: 8.4 KiB, free: 434.3 MiB)
[2025-07-09T17:33:33.137+0000] {spark_submit.py:644} INFO - 25/07/09 17:33:33 INFO SparkContext: Created broadcast 2 from broadcast at DAGScheduler.scala:1585
[2025-07-09T17:33:33.139+0000] {spark_submit.py:644} INFO - 25/07/09 17:33:33 INFO DAGScheduler: Submitting 2 missing tasks from ShuffleMapStage 1 (MapPartitionsRDD[12] at count at NativeMethodAccessorImpl.java:0) (first 15 tasks are for partitions Vector(0, 1))
[2025-07-09T17:33:33.139+0000] {spark_submit.py:644} INFO - 25/07/09 17:33:33 INFO TaskSchedulerImpl: Adding task set 1.0 with 2 tasks resource profile 0
[2025-07-09T17:33:33.142+0000] {spark_submit.py:644} INFO - 25/07/09 17:33:33 INFO TaskSetManager: Starting task 0.0 in stage 1.0 (TID 1) (172.19.0.7, executor 0, partition 0, PROCESS_LOCAL, 9487 bytes)
[2025-07-09T17:33:33.143+0000] {spark_submit.py:644} INFO - 25/07/09 17:33:33 INFO TaskSetManager: Starting task 1.0 in stage 1.0 (TID 2) (172.19.0.7, executor 0, partition 1, PROCESS_LOCAL, 26222 bytes)
[2025-07-09T17:33:33.173+0000] {spark_submit.py:644} INFO - 25/07/09 17:33:33 INFO BlockManagerInfo: Removed broadcast_1_piece0 on 38b7408c68d7:45155 in memory (size: 13.6 KiB, free: 434.4 MiB)
[2025-07-09T17:33:33.190+0000] {spark_submit.py:644} INFO - 25/07/09 17:33:33 INFO BlockManagerInfo: Removed broadcast_1_piece0 on 172.19.0.7:36931 in memory (size: 13.6 KiB, free: 434.4 MiB)
[2025-07-09T17:33:33.212+0000] {spark_submit.py:644} INFO - 25/07/09 17:33:33 INFO BlockManagerInfo: Added broadcast_2_piece0 in memory on 172.19.0.7:36931 (size: 8.4 KiB, free: 434.4 MiB)
[2025-07-09T17:33:34.649+0000] {spark_submit.py:644} INFO - 25/07/09 17:33:34 INFO TaskSetManager: Finished task 1.0 in stage 1.0 (TID 2) in 1507 ms on 172.19.0.7 (executor 0) (1/2)
[2025-07-09T17:33:34.650+0000] {spark_submit.py:644} INFO - 25/07/09 17:33:34 INFO TaskSetManager: Finished task 0.0 in stage 1.0 (TID 1) in 1510 ms on 172.19.0.7 (executor 0) (2/2)
[2025-07-09T17:33:34.651+0000] {spark_submit.py:644} INFO - 25/07/09 17:33:34 INFO TaskSchedulerImpl: Removed TaskSet 1.0, whose tasks have all completed, from pool
[2025-07-09T17:33:34.653+0000] {spark_submit.py:644} INFO - 25/07/09 17:33:34 INFO DAGScheduler: ShuffleMapStage 1 (count at NativeMethodAccessorImpl.java:0) finished in 1.541 s
[2025-07-09T17:33:34.654+0000] {spark_submit.py:644} INFO - 25/07/09 17:33:34 INFO DAGScheduler: looking for newly runnable stages
[2025-07-09T17:33:34.654+0000] {spark_submit.py:644} INFO - 25/07/09 17:33:34 INFO DAGScheduler: running: Set()
[2025-07-09T17:33:34.655+0000] {spark_submit.py:644} INFO - 25/07/09 17:33:34 INFO DAGScheduler: waiting: Set()
[2025-07-09T17:33:34.655+0000] {spark_submit.py:644} INFO - 25/07/09 17:33:34 INFO DAGScheduler: failed: Set()
[2025-07-09T17:33:34.690+0000] {spark_submit.py:644} INFO - 25/07/09 17:33:34 INFO CodeGenerator: Code generated in 12.025405 ms
[2025-07-09T17:33:34.709+0000] {spark_submit.py:644} INFO - 25/07/09 17:33:34 INFO SparkContext: Starting job: count at NativeMethodAccessorImpl.java:0
[2025-07-09T17:33:34.711+0000] {spark_submit.py:644} INFO - 25/07/09 17:33:34 INFO DAGScheduler: Got job 2 (count at NativeMethodAccessorImpl.java:0) with 1 output partitions
[2025-07-09T17:33:34.712+0000] {spark_submit.py:644} INFO - 25/07/09 17:33:34 INFO DAGScheduler: Final stage: ResultStage 3 (count at NativeMethodAccessorImpl.java:0)
[2025-07-09T17:33:34.712+0000] {spark_submit.py:644} INFO - 25/07/09 17:33:34 INFO DAGScheduler: Parents of final stage: List(ShuffleMapStage 2)
[2025-07-09T17:33:34.713+0000] {spark_submit.py:644} INFO - 25/07/09 17:33:34 INFO DAGScheduler: Missing parents: List()
[2025-07-09T17:33:34.714+0000] {spark_submit.py:644} INFO - 25/07/09 17:33:34 INFO DAGScheduler: Submitting ResultStage 3 (MapPartitionsRDD[15] at count at NativeMethodAccessorImpl.java:0), which has no missing parents
[2025-07-09T17:33:34.720+0000] {spark_submit.py:644} INFO - 25/07/09 17:33:34 INFO MemoryStore: Block broadcast_3 stored as values in memory (estimated size 12.5 KiB, free 434.1 MiB)
[2025-07-09T17:33:34.741+0000] {spark_submit.py:644} INFO - 25/07/09 17:33:34 INFO MemoryStore: Block broadcast_3_piece0 stored as bytes in memory (estimated size 5.9 KiB, free 434.1 MiB)
[2025-07-09T17:33:34.742+0000] {spark_submit.py:644} INFO - 25/07/09 17:33:34 INFO BlockManagerInfo: Added broadcast_3_piece0 in memory on 38b7408c68d7:45155 (size: 5.9 KiB, free: 434.4 MiB)
[2025-07-09T17:33:34.743+0000] {spark_submit.py:644} INFO - 25/07/09 17:33:34 INFO SparkContext: Created broadcast 3 from broadcast at DAGScheduler.scala:1585
[2025-07-09T17:33:34.743+0000] {spark_submit.py:644} INFO - 25/07/09 17:33:34 INFO DAGScheduler: Submitting 1 missing tasks from ResultStage 3 (MapPartitionsRDD[15] at count at NativeMethodAccessorImpl.java:0) (first 15 tasks are for partitions Vector(0))
[2025-07-09T17:33:34.744+0000] {spark_submit.py:644} INFO - 25/07/09 17:33:34 INFO TaskSchedulerImpl: Adding task set 3.0 with 1 tasks resource profile 0
[2025-07-09T17:33:34.748+0000] {spark_submit.py:644} INFO - 25/07/09 17:33:34 INFO TaskSetManager: Starting task 0.0 in stage 3.0 (TID 3) (172.19.0.7, executor 0, partition 0, NODE_LOCAL, 9518 bytes)
[2025-07-09T17:33:34.776+0000] {spark_submit.py:644} INFO - 25/07/09 17:33:34 INFO BlockManagerInfo: Added broadcast_3_piece0 in memory on 172.19.0.7:36931 (size: 5.9 KiB, free: 434.4 MiB)
[2025-07-09T17:33:34.816+0000] {spark_submit.py:644} INFO - 25/07/09 17:33:34 INFO MapOutputTrackerMasterEndpoint: Asked to send map output locations for shuffle 0 to 172.19.0.7:59868
[2025-07-09T17:33:34.969+0000] {spark_submit.py:644} INFO - 25/07/09 17:33:34 INFO TaskSetManager: Finished task 0.0 in stage 3.0 (TID 3) in 223 ms on 172.19.0.7 (executor 0) (1/1)
[2025-07-09T17:33:34.970+0000] {spark_submit.py:644} INFO - 25/07/09 17:33:34 INFO TaskSchedulerImpl: Removed TaskSet 3.0, whose tasks have all completed, from pool
[2025-07-09T17:33:34.970+0000] {spark_submit.py:644} INFO - 25/07/09 17:33:34 INFO DAGScheduler: ResultStage 3 (count at NativeMethodAccessorImpl.java:0) finished in 0.252 s
[2025-07-09T17:33:34.971+0000] {spark_submit.py:644} INFO - 25/07/09 17:33:34 INFO DAGScheduler: Job 2 is finished. Cancelling potential speculative or zombie tasks for this job
[2025-07-09T17:33:34.972+0000] {spark_submit.py:644} INFO - 25/07/09 17:33:34 INFO TaskSchedulerImpl: Killing all running tasks in stage 3: Stage finished
[2025-07-09T17:33:34.972+0000] {spark_submit.py:644} INFO - 25/07/09 17:33:34 INFO DAGScheduler: Job 2 finished: count at NativeMethodAccessorImpl.java:0, took 0.262030 s
[2025-07-09T17:33:34.974+0000] {spark_submit.py:644} INFO - [PROCESS EXERCISES] ℹ️ Salvando 1 registros na tabela nessie.exercises.pdf_documents
[2025-07-09T17:33:35.222+0000] {spark_submit.py:644} INFO - 25/07/09 17:33:35 INFO BaseMetastoreTableOperations: Refreshing table metadata from new version: s3a://warehouse/exercises/pdf_documents_3f2f6938-06f1-4401-a884-d6a6de9720a0/metadata/00042-42933d04-5615-4ce8-9498-5f0a592b3021.metadata.json
[2025-07-09T17:33:35.458+0000] {spark_submit.py:644} INFO - 25/07/09 17:33:35 INFO NessieUtil: loadTableMetadata for 'exercises.pdf_documents' from location 's3a://warehouse/exercises/pdf_documents_3f2f6938-06f1-4401-a884-d6a6de9720a0/metadata/00042-42933d04-5615-4ce8-9498-5f0a592b3021.metadata.json' at 'Branch{name=main, metadata=null, hash=0a786c87a0a7da9759238cf1701b46979bd767d59feeebdc38e2ce786a485a35}'
[2025-07-09T17:33:35.477+0000] {spark_submit.py:644} INFO - 25/07/09 17:33:35 INFO BaseMetastoreCatalog: Table loaded by catalog: nessie.exercises.pdf_documents
[2025-07-09T17:33:36.074+0000] {spark_submit.py:644} INFO - 25/07/09 17:33:36 INFO BlockManagerInfo: Removed broadcast_3_piece0 on 38b7408c68d7:45155 in memory (size: 5.9 KiB, free: 434.4 MiB)
[2025-07-09T17:33:36.077+0000] {spark_submit.py:644} INFO - 25/07/09 17:33:36 INFO BlockManagerInfo: Removed broadcast_3_piece0 on 172.19.0.7:36931 in memory (size: 5.9 KiB, free: 434.4 MiB)
[2025-07-09T17:33:36.086+0000] {spark_submit.py:644} INFO - 25/07/09 17:33:36 INFO BlockManagerInfo: Removed broadcast_2_piece0 on 38b7408c68d7:45155 in memory (size: 8.4 KiB, free: 434.4 MiB)
[2025-07-09T17:33:36.088+0000] {spark_submit.py:644} INFO - 25/07/09 17:33:36 INFO BlockManagerInfo: Removed broadcast_2_piece0 on 172.19.0.7:36931 in memory (size: 8.4 KiB, free: 434.4 MiB)
[2025-07-09T17:33:37.007+0000] {spark_submit.py:644} INFO - 25/07/09 17:33:37 INFO CodeGenerator: Code generated in 278.645542 ms
[2025-07-09T17:33:37.010+0000] {spark_submit.py:644} INFO - [PROCESS EXERCISES] 🔄 Salvando tabela nessie.exercises.pdf_documents em modo append
[2025-07-09T17:33:37.301+0000] {spark_submit.py:644} INFO - 25/07/09 17:33:37 INFO SparkWrite: Requesting 0 bytes advisory partition size for table nessie.exercises.pdf_documents
[2025-07-09T17:33:37.302+0000] {spark_submit.py:644} INFO - 25/07/09 17:33:37 INFO SparkWrite: Requesting UnspecifiedDistribution as write distribution for table nessie.exercises.pdf_documents
[2025-07-09T17:33:37.303+0000] {spark_submit.py:644} INFO - 25/07/09 17:33:37 INFO SparkWrite: Requesting [] as write ordering for table nessie.exercises.pdf_documents
[2025-07-09T17:33:37.498+0000] {spark_submit.py:644} INFO - 25/07/09 17:33:37 INFO CodeGenerator: Code generated in 11.231159 ms
[2025-07-09T17:33:37.513+0000] {spark_submit.py:644} INFO - 25/07/09 17:33:37 INFO MemoryStore: Block broadcast_4 stored as values in memory (estimated size 32.0 KiB, free 434.1 MiB)
[2025-07-09T17:33:37.573+0000] {spark_submit.py:644} INFO - 25/07/09 17:33:37 INFO MemoryStore: Block broadcast_4_piece0 stored as bytes in memory (estimated size 30.1 KiB, free 434.1 MiB)
[2025-07-09T17:33:37.574+0000] {spark_submit.py:644} INFO - 25/07/09 17:33:37 INFO BlockManagerInfo: Added broadcast_4_piece0 in memory on 38b7408c68d7:45155 (size: 30.1 KiB, free: 434.3 MiB)
[2025-07-09T17:33:37.574+0000] {spark_submit.py:644} INFO - 25/07/09 17:33:37 INFO SparkContext: Created broadcast 4 from broadcast at SparkWrite.java:193
[2025-07-09T17:33:37.577+0000] {spark_submit.py:644} INFO - 25/07/09 17:33:37 INFO AppendDataExec: Start processing data source write support: IcebergBatchWrite(table=nessie.exercises.pdf_documents, format=PARQUET). The input RDD has 2 partitions.
[2025-07-09T17:33:37.587+0000] {spark_submit.py:644} INFO - 25/07/09 17:33:37 INFO SparkContext: Starting job: saveAsTable at NativeMethodAccessorImpl.java:0
[2025-07-09T17:33:37.588+0000] {spark_submit.py:644} INFO - 25/07/09 17:33:37 INFO DAGScheduler: Got job 3 (saveAsTable at NativeMethodAccessorImpl.java:0) with 2 output partitions
[2025-07-09T17:33:37.589+0000] {spark_submit.py:644} INFO - 25/07/09 17:33:37 INFO DAGScheduler: Final stage: ResultStage 4 (saveAsTable at NativeMethodAccessorImpl.java:0)
[2025-07-09T17:33:37.589+0000] {spark_submit.py:644} INFO - 25/07/09 17:33:37 INFO DAGScheduler: Parents of final stage: List()
[2025-07-09T17:33:37.590+0000] {spark_submit.py:644} INFO - 25/07/09 17:33:37 INFO DAGScheduler: Missing parents: List()
[2025-07-09T17:33:37.591+0000] {spark_submit.py:644} INFO - 25/07/09 17:33:37 INFO DAGScheduler: Submitting ResultStage 4 (MapPartitionsRDD[16] at saveAsTable at NativeMethodAccessorImpl.java:0), which has no missing parents
[2025-07-09T17:33:37.592+0000] {spark_submit.py:644} INFO - 25/07/09 17:33:37 INFO MemoryStore: Block broadcast_5 stored as values in memory (estimated size 15.1 KiB, free 434.1 MiB)
[2025-07-09T17:33:37.593+0000] {spark_submit.py:644} INFO - 25/07/09 17:33:37 INFO MemoryStore: Block broadcast_5_piece0 stored as bytes in memory (estimated size 7.8 KiB, free 434.1 MiB)
[2025-07-09T17:33:37.633+0000] {spark_submit.py:644} INFO - 25/07/09 17:33:37 INFO BlockManagerInfo: Added broadcast_5_piece0 in memory on 38b7408c68d7:45155 (size: 7.8 KiB, free: 434.3 MiB)
[2025-07-09T17:33:37.634+0000] {spark_submit.py:644} INFO - 25/07/09 17:33:37 INFO SparkContext: Created broadcast 5 from broadcast at DAGScheduler.scala:1585
[2025-07-09T17:33:37.635+0000] {spark_submit.py:644} INFO - 25/07/09 17:33:37 INFO DAGScheduler: Submitting 2 missing tasks from ResultStage 4 (MapPartitionsRDD[16] at saveAsTable at NativeMethodAccessorImpl.java:0) (first 15 tasks are for partitions Vector(0, 1))
[2025-07-09T17:33:37.636+0000] {spark_submit.py:644} INFO - 25/07/09 17:33:37 INFO TaskSchedulerImpl: Adding task set 4.0 with 2 tasks resource profile 0
[2025-07-09T17:33:37.636+0000] {spark_submit.py:644} INFO - 25/07/09 17:33:37 INFO BlockManagerInfo: Removed broadcast_0_piece0 on 38b7408c68d7:45155 in memory (size: 35.7 KiB, free: 434.4 MiB)
[2025-07-09T17:33:37.638+0000] {spark_submit.py:644} INFO - 25/07/09 17:33:37 INFO TaskSetManager: Starting task 0.0 in stage 4.0 (TID 4) (172.19.0.7, executor 0, partition 0, PROCESS_LOCAL, 9498 bytes)
[2025-07-09T17:33:37.638+0000] {spark_submit.py:644} INFO - 25/07/09 17:33:37 INFO BlockManagerInfo: Removed broadcast_0_piece0 on 172.19.0.7:36931 in memory (size: 35.7 KiB, free: 434.4 MiB)
[2025-07-09T17:33:37.639+0000] {spark_submit.py:644} INFO - 25/07/09 17:33:37 INFO TaskSetManager: Starting task 1.0 in stage 4.0 (TID 5) (172.19.0.7, executor 0, partition 1, PROCESS_LOCAL, 26233 bytes)
[2025-07-09T17:33:37.675+0000] {spark_submit.py:644} INFO - 25/07/09 17:33:37 INFO BlockManagerInfo: Added broadcast_5_piece0 in memory on 172.19.0.7:36931 (size: 7.8 KiB, free: 434.4 MiB)
[2025-07-09T17:33:39.201+0000] {spark_submit.py:644} INFO - 25/07/09 17:33:39 INFO BlockManagerInfo: Added broadcast_4_piece0 in memory on 172.19.0.7:36931 (size: 30.1 KiB, free: 434.4 MiB)
[2025-07-09T17:33:41.861+0000] {spark_submit.py:644} INFO - 25/07/09 17:33:41 INFO TaskSetManager: Finished task 0.0 in stage 4.0 (TID 4) in 4225 ms on 172.19.0.7 (executor 0) (1/2)
[2025-07-09T17:33:43.590+0000] {spark_submit.py:644} INFO - 25/07/09 17:33:43 INFO TaskSetManager: Finished task 1.0 in stage 4.0 (TID 5) in 5952 ms on 172.19.0.7 (executor 0) (2/2)
[2025-07-09T17:33:43.591+0000] {spark_submit.py:644} INFO - 25/07/09 17:33:43 INFO TaskSchedulerImpl: Removed TaskSet 4.0, whose tasks have all completed, from pool
[2025-07-09T17:33:43.592+0000] {spark_submit.py:644} INFO - 25/07/09 17:33:43 INFO DAGScheduler: ResultStage 4 (saveAsTable at NativeMethodAccessorImpl.java:0) finished in 6.001 s
[2025-07-09T17:33:43.592+0000] {spark_submit.py:644} INFO - 25/07/09 17:33:43 INFO DAGScheduler: Job 3 is finished. Cancelling potential speculative or zombie tasks for this job
[2025-07-09T17:33:43.593+0000] {spark_submit.py:644} INFO - 25/07/09 17:33:43 INFO TaskSchedulerImpl: Killing all running tasks in stage 4: Stage finished
[2025-07-09T17:33:43.593+0000] {spark_submit.py:644} INFO - 25/07/09 17:33:43 INFO DAGScheduler: Job 3 finished: saveAsTable at NativeMethodAccessorImpl.java:0, took 6.005205 s
[2025-07-09T17:33:43.594+0000] {spark_submit.py:644} INFO - 25/07/09 17:33:43 INFO AppendDataExec: Data source write support IcebergBatchWrite(table=nessie.exercises.pdf_documents, format=PARQUET) is committing.
[2025-07-09T17:33:43.654+0000] {spark_submit.py:644} INFO - 25/07/09 17:33:43 INFO SparkWrite: Committing append with 1 new data files to table nessie.exercises.pdf_documents
[2025-07-09T17:33:47.016+0000] {spark_submit.py:644} INFO - 25/07/09 17:33:47 INFO NessieIcebergClient: Committed 'exercises.pdf_documents' against 'Branch{name=main, metadata=null, hash=081c3423452908bd12923f03e36beb3204b599539dd23fa016101710ce3a6deb}', expected commit-id was '0a786c87a0a7da9759238cf1701b46979bd767d59feeebdc38e2ce786a485a35'
[2025-07-09T17:33:47.017+0000] {spark_submit.py:644} INFO - 25/07/09 17:33:47 INFO BaseMetastoreTableOperations: Successfully committed to table exercises.pdf_documents in 1842 ms
[2025-07-09T17:33:47.017+0000] {spark_submit.py:644} INFO - 25/07/09 17:33:47 INFO SnapshotProducer: Committed snapshot 652260474196307351 (MergeAppend)
[2025-07-09T17:33:47.056+0000] {spark_submit.py:644} INFO - 25/07/09 17:33:47 INFO BaseMetastoreTableOperations: Refreshing table metadata from new version: s3a://warehouse/exercises/pdf_documents_3f2f6938-06f1-4401-a884-d6a6de9720a0/metadata/00043-6080dc3d-fca4-4315-a937-44b5a84d9c45.metadata.json
[2025-07-09T17:33:47.071+0000] {spark_submit.py:644} INFO - 25/07/09 17:33:47 INFO NessieUtil: loadTableMetadata for 'exercises.pdf_documents' from location 's3a://warehouse/exercises/pdf_documents_3f2f6938-06f1-4401-a884-d6a6de9720a0/metadata/00043-6080dc3d-fca4-4315-a937-44b5a84d9c45.metadata.json' at 'Branch{name=main, metadata=null, hash=081c3423452908bd12923f03e36beb3204b599539dd23fa016101710ce3a6deb}'
[2025-07-09T17:33:47.115+0000] {spark_submit.py:644} INFO - 25/07/09 17:33:47 INFO LoggingMetricsReporter: Received metrics report: CommitReport{tableName=nessie.exercises.pdf_documents, snapshotId=652260474196307351, sequenceNumber=44, operation=append, commitMetrics=CommitMetricsResult{totalDuration=TimerResult{timeUnit=NANOSECONDS, totalDuration=PT3.36339665S, count=1}, attempts=CounterResult{unit=COUNT, value=1}, addedDataFiles=CounterResult{unit=COUNT, value=1}, removedDataFiles=null, totalDataFiles=CounterResult{unit=COUNT, value=44}, addedDeleteFiles=null, addedEqualityDeleteFiles=null, addedPositionalDeleteFiles=null, addedDVs=null, removedDeleteFiles=null, removedEqualityDeleteFiles=null, removedPositionalDeleteFiles=null, removedDVs=null, totalDeleteFiles=CounterResult{unit=COUNT, value=0}, addedRecords=CounterResult{unit=COUNT, value=1}, removedRecords=null, totalRecords=CounterResult{unit=COUNT, value=44}, addedFilesSizeInBytes=CounterResult{unit=BYTES, value=8850}, removedFilesSizeInBytes=null, totalFilesSizeInBytes=CounterResult{unit=BYTES, value=340610}, addedPositionalDeletes=null, removedPositionalDeletes=null, totalPositionalDeletes=CounterResult{unit=COUNT, value=0}, addedEqualityDeletes=null, removedEqualityDeletes=null, totalEqualityDeletes=CounterResult{unit=COUNT, value=0}}, metadata={engine-version=3.5.5, app-id=app-20250709173227-0003, engine-name=spark, iceberg-version=Apache Iceberg 1.8.1 (commit 9ce0fcf0af7becf25ad9fc996c3bad2afdcfd33d)}}
[2025-07-09T17:33:47.116+0000] {spark_submit.py:644} INFO - 25/07/09 17:33:47 INFO SparkWrite: Committed in 3460 ms
[2025-07-09T17:33:47.117+0000] {spark_submit.py:644} INFO - 25/07/09 17:33:47 INFO AppendDataExec: Data source write support IcebergBatchWrite(table=nessie.exercises.pdf_documents, format=PARQUET) committed.
[2025-07-09T17:33:47.119+0000] {spark_submit.py:644} INFO - [PROCESS EXERCISES] ✅ Tabela nessie.exercises.pdf_documents salva com sucesso (1 registros)
[2025-07-09T17:33:47.119+0000] {spark_submit.py:644} INFO - [PROCESS EXERCISES] 🔄 === FASE 2: PROCESSAMENTO DE SIMULAÇÕES ===
[2025-07-09T17:33:47.120+0000] {spark_submit.py:644} INFO - [PROCESS EXERCISES] 🔄 Iniciando processamento de simulações
[2025-07-09T17:33:47.121+0000] {spark_submit.py:644} INFO - [PROCESS EXERCISES] ℹ️ Buscando arquivos de simulação em: exercises/CA-LESTE-construtiva-4455-2025-07-08/simulations/172.19.0.14_2025-07-08
[2025-07-09T17:33:47.121+0000] {spark_submit.py:644} INFO - [PROCESS EXERCISES] ℹ️ Buscando arquivos em: s3a://bronze/exercises/CA-LESTE-construtiva-4455-2025-07-08/simulations/172.19.0.14_2025-07-08/
[2025-07-09T17:33:47.221+0000] {spark_submit.py:644} INFO - 25/07/09 17:33:47 INFO BlockManagerInfo: Removed broadcast_5_piece0 on 38b7408c68d7:45155 in memory (size: 7.8 KiB, free: 434.4 MiB)
[2025-07-09T17:33:47.224+0000] {spark_submit.py:644} INFO - 25/07/09 17:33:47 INFO BlockManagerInfo: Removed broadcast_5_piece0 on 172.19.0.7:36931 in memory (size: 7.8 KiB, free: 434.4 MiB)
[2025-07-09T17:33:47.232+0000] {spark_submit.py:644} INFO - 25/07/09 17:33:47 INFO BlockManagerInfo: Removed broadcast_4_piece0 on 38b7408c68d7:45155 in memory (size: 30.1 KiB, free: 434.4 MiB)
[2025-07-09T17:33:47.234+0000] {spark_submit.py:644} INFO - 25/07/09 17:33:47 INFO BlockManagerInfo: Removed broadcast_4_piece0 on 172.19.0.7:36931 in memory (size: 30.1 KiB, free: 434.4 MiB)
[2025-07-09T17:33:47.302+0000] {spark_submit.py:644} INFO - 25/07/09 17:33:47 INFO InMemoryFileIndex: It took 93 ms to list leaf files for 1 paths.
[2025-07-09T17:33:47.324+0000] {spark_submit.py:644} INFO - 25/07/09 17:33:47 INFO FileSourceStrategy: Pushed Filters:
[2025-07-09T17:33:47.325+0000] {spark_submit.py:644} INFO - 25/07/09 17:33:47 INFO FileSourceStrategy: Post-Scan Filters:
[2025-07-09T17:33:47.330+0000] {spark_submit.py:644} INFO - 25/07/09 17:33:47 INFO MemoryStore: Block broadcast_6 stored as values in memory (estimated size 203.7 KiB, free 434.2 MiB)
[2025-07-09T17:33:47.346+0000] {spark_submit.py:644} INFO - 25/07/09 17:33:47 INFO MemoryStore: Block broadcast_6_piece0 stored as bytes in memory (estimated size 35.7 KiB, free 434.2 MiB)
[2025-07-09T17:33:47.366+0000] {spark_submit.py:644} INFO - 25/07/09 17:33:47 INFO BlockManagerInfo: Added broadcast_6_piece0 in memory on 38b7408c68d7:45155 (size: 35.7 KiB, free: 434.4 MiB)
[2025-07-09T17:33:47.366+0000] {spark_submit.py:644} INFO - 25/07/09 17:33:47 INFO SparkContext: Created broadcast 6 from collect at /opt/bitnami/spark/jobs/process_exercises_job.py:562
[2025-07-09T17:33:47.367+0000] {spark_submit.py:644} INFO - 25/07/09 17:33:47 INFO FileSourceScanExec: Planning scan with bin packing, max size: 10487738 bytes, open cost is considered as scanning 4194304 bytes.
[2025-07-09T17:33:47.382+0000] {spark_submit.py:644} INFO - 25/07/09 17:33:47 INFO SparkContext: Starting job: collect at /opt/bitnami/spark/jobs/process_exercises_job.py:562
[2025-07-09T17:33:47.383+0000] {spark_submit.py:644} INFO - 25/07/09 17:33:47 INFO DAGScheduler: Got job 4 (collect at /opt/bitnami/spark/jobs/process_exercises_job.py:562) with 2 output partitions
[2025-07-09T17:33:47.384+0000] {spark_submit.py:644} INFO - 25/07/09 17:33:47 INFO DAGScheduler: Final stage: ResultStage 5 (collect at /opt/bitnami/spark/jobs/process_exercises_job.py:562)
[2025-07-09T17:33:47.385+0000] {spark_submit.py:644} INFO - 25/07/09 17:33:47 INFO DAGScheduler: Parents of final stage: List()
[2025-07-09T17:33:47.385+0000] {spark_submit.py:644} INFO - 25/07/09 17:33:47 INFO DAGScheduler: Missing parents: List()
[2025-07-09T17:33:47.386+0000] {spark_submit.py:644} INFO - 25/07/09 17:33:47 INFO DAGScheduler: Submitting ResultStage 5 (MapPartitionsRDD[19] at collect at /opt/bitnami/spark/jobs/process_exercises_job.py:562), which has no missing parents
[2025-07-09T17:33:47.386+0000] {spark_submit.py:644} INFO - 25/07/09 17:33:47 INFO MemoryStore: Block broadcast_7 stored as values in memory (estimated size 9.4 KiB, free 434.2 MiB)
[2025-07-09T17:33:47.405+0000] {spark_submit.py:644} INFO - 25/07/09 17:33:47 INFO MemoryStore: Block broadcast_7_piece0 stored as bytes in memory (estimated size 4.7 KiB, free 434.2 MiB)
[2025-07-09T17:33:47.412+0000] {spark_submit.py:644} INFO - 25/07/09 17:33:47 INFO BlockManagerInfo: Added broadcast_7_piece0 in memory on 38b7408c68d7:45155 (size: 4.7 KiB, free: 434.4 MiB)
[2025-07-09T17:33:47.413+0000] {spark_submit.py:644} INFO - 25/07/09 17:33:47 INFO SparkContext: Created broadcast 7 from broadcast at DAGScheduler.scala:1585
[2025-07-09T17:33:47.413+0000] {spark_submit.py:644} INFO - 25/07/09 17:33:47 INFO DAGScheduler: Submitting 2 missing tasks from ResultStage 5 (MapPartitionsRDD[19] at collect at /opt/bitnami/spark/jobs/process_exercises_job.py:562) (first 15 tasks are for partitions Vector(0, 1))
[2025-07-09T17:33:47.414+0000] {spark_submit.py:644} INFO - 25/07/09 17:33:47 INFO TaskSchedulerImpl: Adding task set 5.0 with 2 tasks resource profile 0
[2025-07-09T17:33:47.415+0000] {spark_submit.py:644} INFO - 25/07/09 17:33:47 INFO TaskSetManager: Starting task 0.0 in stage 5.0 (TID 6) (172.19.0.7, executor 0, partition 0, PROCESS_LOCAL, 10561 bytes)
[2025-07-09T17:33:47.416+0000] {spark_submit.py:644} INFO - 25/07/09 17:33:47 INFO TaskSetManager: Starting task 1.0 in stage 5.0 (TID 7) (172.19.0.7, executor 0, partition 1, PROCESS_LOCAL, 10385 bytes)
[2025-07-09T17:33:47.429+0000] {spark_submit.py:644} INFO - 25/07/09 17:33:47 INFO BlockManagerInfo: Added broadcast_7_piece0 in memory on 172.19.0.7:36931 (size: 4.7 KiB, free: 434.4 MiB)
[2025-07-09T17:33:47.503+0000] {spark_submit.py:644} INFO - 25/07/09 17:33:47 INFO BlockManagerInfo: Added broadcast_6_piece0 in memory on 172.19.0.7:36931 (size: 35.7 KiB, free: 434.4 MiB)
[2025-07-09T17:33:47.550+0000] {spark_submit.py:644} INFO - 25/07/09 17:33:47 INFO TaskSetManager: Finished task 0.0 in stage 5.0 (TID 6) in 135 ms on 172.19.0.7 (executor 0) (1/2)
[2025-07-09T17:33:47.551+0000] {spark_submit.py:644} INFO - 25/07/09 17:33:47 INFO TaskSetManager: Finished task 1.0 in stage 5.0 (TID 7) in 135 ms on 172.19.0.7 (executor 0) (2/2)
[2025-07-09T17:33:47.552+0000] {spark_submit.py:644} INFO - 25/07/09 17:33:47 INFO TaskSchedulerImpl: Removed TaskSet 5.0, whose tasks have all completed, from pool
[2025-07-09T17:33:47.553+0000] {spark_submit.py:644} INFO - 25/07/09 17:33:47 INFO DAGScheduler: ResultStage 5 (collect at /opt/bitnami/spark/jobs/process_exercises_job.py:562) finished in 0.167 s
[2025-07-09T17:33:47.554+0000] {spark_submit.py:644} INFO - 25/07/09 17:33:47 INFO DAGScheduler: Job 4 is finished. Cancelling potential speculative or zombie tasks for this job
[2025-07-09T17:33:47.554+0000] {spark_submit.py:644} INFO - 25/07/09 17:33:47 INFO TaskSchedulerImpl: Killing all running tasks in stage 5: Stage finished
[2025-07-09T17:33:47.555+0000] {spark_submit.py:644} INFO - 25/07/09 17:33:47 INFO DAGScheduler: Job 4 finished: collect at /opt/bitnami/spark/jobs/process_exercises_job.py:562, took 0.171192 s
[2025-07-09T17:33:47.569+0000] {spark_submit.py:644} INFO - [PROCESS EXERCISES] ℹ️ Encontrados 4 arquivos Protobuf (.pb)
[2025-07-09T17:33:47.570+0000] {spark_submit.py:644} INFO - [PROCESS EXERCISES] ℹ️ Encontrados 4 arquivos do tipo PROTO
[2025-07-09T17:33:47.571+0000] {spark_submit.py:644} INFO - [PROCESS EXERCISES] 🔄 Processando 4 arquivos Protobuf
[2025-07-09T17:33:48.127+0000] {spark_submit.py:644} INFO - [PROCESS EXERCISES] ❌ Erro crítico no processamento de simulações: [PATH_NOT_FOUND] Path does not exist: s3a://bronze/exercises/CA-LESTE-construtiva-4455-2025-07-08/simulations/172.19.0.14_2025-07-08/19-49.46/session-proto_3.pb,s3a:/bronze/exercises/CA-LESTE-construtiva-4455-2025-07-08/simulations/172.19.0.14_2025-07-08/19-49.46/session-proto_4.pb,s3a:/bronze/exercises/CA-LESTE-construtiva-4455-2025-07-08/simulations/172.19.0.14_2025-07-08/19-49.46/session-proto_2.pb,s3a:/bronze/exercises/CA-LESTE-construtiva-4455-2025-07-08/simulations/172.19.0.14_2025-07-08/19-49.46/session-proto_1.pb.
[2025-07-09T17:33:48.131+0000] {spark_submit.py:644} INFO - [PROCESS EXERCISES] ❌ Erro crítico durante o processamento: Falha no processamento de simulações: [PATH_NOT_FOUND] Path does not exist: s3a://bronze/exercises/CA-LESTE-construtiva-4455-2025-07-08/simulations/172.19.0.14_2025-07-08/19-49.46/session-proto_3.pb,s3a:/bronze/exercises/CA-LESTE-construtiva-4455-2025-07-08/simulations/172.19.0.14_2025-07-08/19-49.46/session-proto_4.pb,s3a:/bronze/exercises/CA-LESTE-construtiva-4455-2025-07-08/simulations/172.19.0.14_2025-07-08/19-49.46/session-proto_2.pb,s3a:/bronze/exercises/CA-LESTE-construtiva-4455-2025-07-08/simulations/172.19.0.14_2025-07-08/19-49.46/session-proto_1.pb.
[2025-07-09T17:33:48.132+0000] {spark_submit.py:644} INFO - [PROCESS EXERCISES] 🔄 Finalizando sessão Spark
[2025-07-09T17:33:48.132+0000] {spark_submit.py:644} INFO - 25/07/09 17:33:48 INFO SparkContext: SparkContext is stopping with exitCode 0.
[2025-07-09T17:33:48.140+0000] {spark_submit.py:644} INFO - 25/07/09 17:33:48 INFO SparkUI: Stopped Spark web UI at http://38b7408c68d7:4040
[2025-07-09T17:33:48.145+0000] {spark_submit.py:644} INFO - 25/07/09 17:33:48 INFO StandaloneSchedulerBackend: Shutting down all executors
[2025-07-09T17:33:48.146+0000] {spark_submit.py:644} INFO - 25/07/09 17:33:48 INFO StandaloneSchedulerBackend$StandaloneDriverEndpoint: Asking each executor to shut down
[2025-07-09T17:33:48.168+0000] {spark_submit.py:644} INFO - 25/07/09 17:33:48 INFO MapOutputTrackerMasterEndpoint: MapOutputTrackerMasterEndpoint stopped!
[2025-07-09T17:33:48.209+0000] {spark_submit.py:644} INFO - 25/07/09 17:33:48 INFO MemoryStore: MemoryStore cleared
[2025-07-09T17:33:48.210+0000] {spark_submit.py:644} INFO - 25/07/09 17:33:48 INFO BlockManager: BlockManager stopped
[2025-07-09T17:33:48.215+0000] {spark_submit.py:644} INFO - 25/07/09 17:33:48 INFO BlockManagerMaster: BlockManagerMaster stopped
[2025-07-09T17:33:48.219+0000] {spark_submit.py:644} INFO - 25/07/09 17:33:48 INFO OutputCommitCoordinator$OutputCommitCoordinatorEndpoint: OutputCommitCoordinator stopped!
[2025-07-09T17:33:48.236+0000] {spark_submit.py:644} INFO - 25/07/09 17:33:48 INFO SparkContext: Successfully stopped SparkContext
[2025-07-09T17:33:48.600+0000] {spark_submit.py:644} INFO - [PROCESS EXERCISES] ✅ Sessão Spark finalizada com sucesso
[2025-07-09T17:33:48.689+0000] {spark_submit.py:644} INFO - 25/07/09 17:33:48 INFO ShutdownHookManager: Shutdown hook called
[2025-07-09T17:33:48.690+0000] {spark_submit.py:644} INFO - 25/07/09 17:33:48 INFO ShutdownHookManager: Deleting directory /tmp/spark-b60515f1-e0d2-4a12-8167-ce84d50f29a2
[2025-07-09T17:33:48.694+0000] {spark_submit.py:644} INFO - 25/07/09 17:33:48 INFO ShutdownHookManager: Deleting directory /tmp/spark-160ca928-893e-4e1a-9d9a-ff7ee71bdb69/pyspark-7bc40f64-d349-4720-b9b2-44bd7ed75c32
[2025-07-09T17:33:48.697+0000] {spark_submit.py:644} INFO - 25/07/09 17:33:48 INFO ShutdownHookManager: Deleting directory /tmp/spark-160ca928-893e-4e1a-9d9a-ff7ee71bdb69
[2025-07-09T17:33:48.704+0000] {spark_submit.py:644} INFO - 25/07/09 17:33:48 INFO MetricsSystemImpl: Stopping s3a-file-system metrics system...
[2025-07-09T17:33:48.705+0000] {spark_submit.py:644} INFO - 25/07/09 17:33:48 INFO MetricsSystemImpl: s3a-file-system metrics system stopped.
[2025-07-09T17:33:48.705+0000] {spark_submit.py:644} INFO - 25/07/09 17:33:48 INFO MetricsSystemImpl: s3a-file-system metrics system shutdown complete.
[2025-07-09T17:33:49.079+0000] {taskinstance.py:3336} ERROR - Task failed with exception
Traceback (most recent call last):
  File "/home/airflow/.local/lib/python3.12/site-packages/airflow/models/taskinstance.py", line 776, in _execute_task
    result = _execute_callable(context=context, **execute_callable_kwargs)
             ^^^^^^^^^^^^^^^^^^^^^^^^^^^^^^^^^^^^^^^^^^^^^^^^^^^^^^^^^^^^^
  File "/home/airflow/.local/lib/python3.12/site-packages/airflow/models/taskinstance.py", line 742, in _execute_callable
    return ExecutionCallableRunner(
           ^^^^^^^^^^^^^^^^^^^^^^^^
  File "/home/airflow/.local/lib/python3.12/site-packages/airflow/utils/operator_helpers.py", line 252, in run
    return self.func(*args, **kwargs)
           ^^^^^^^^^^^^^^^^^^^^^^^^^^
  File "/home/airflow/.local/lib/python3.12/site-packages/airflow/models/baseoperator.py", line 424, in wrapper
    return func(self, *args, **kwargs)
           ^^^^^^^^^^^^^^^^^^^^^^^^^^^
  File "/home/airflow/.local/lib/python3.12/site-packages/airflow/providers/apache/spark/operators/spark_submit.py", line 197, in execute
    self._hook.submit(self.application)
  File "/home/airflow/.local/lib/python3.12/site-packages/airflow/providers/apache/spark/hooks/spark_submit.py", line 566, in submit
    raise AirflowException(
airflow.exceptions.AirflowException: Cannot execute: spark-submit --master spark://spark-master:7077 --jars /opt/bitnami/spark/jars/iceberg-spark-runtime-3.5_2.12-1.8.1.jar,/opt/bitnami/spark/jars/nessie-spark-extensions-3.5_2.12-0.103.2.jar,/opt/bitnami/spark/jars/nessie-client-0.103.2.jar,/opt/bitnami/spark/jars/hadoop-aws-3.3.2.jar,/opt/bitnami/spark/jars/aws-java-sdk-bundle-1.12.262.jar, --name arrow-spark --deploy-mode client /opt/bitnami/spark/jobs/process_exercises_job.py {"id": "CA-LESTE-construtiva-4455-2025-07-08", "manifest_entry": {"data": {"createdAt": "2025-07-08T19:50:09.281Z", "origin": "CA-LESTE", "path": "exercises/CA-LESTE-construtiva-4455-2025-07-08"}, "id": "CA-LESTE-construtiva-4455-2025-07-08"}, "metadata": {"createdAt": "2025-07-08T19:50:09.281Z", "description": "4455", "documents": [{"description": "", "id": "1752004297308", "mimetype": "application/pdf", "name": "Op Jacui IV - Ordem de Operacoes.pdf", "path": "exercises/CA-LESTE-construtiva-4455-2025-07-08/documents/Op Jacui IV - Ordem de Operacoes.pdf", "size": 336744, "uploadedAt": "2025-07-08T19:51:37.308Z"}], "endDate": "2025-07-22", "id": "CA-LESTE-construtiva-4455-2025-07-08", "name": "Jogo de Guerra", "origin": "CA-LESTE", "simulationType": "construtiva", "simulations": [{"id": "172.19.0.14_2025-07-08", "movedAt": "2025-07-08T19:51:46.649Z", "name": "172.19.0.14_2025-07-08", "originalPath": "staging/172.19.0.14_2025-07-08", "path": "exercises/CA-LESTE-construtiva-4455-2025-07-08/simulations/172.19.0.14_2025-07-08"}], "startDate": "2025-07-15", "trainedForce": "4455", "updatedAt": "2025-07-08T19:51:46.649Z", "wikiUrl": ""}}. Error code is: 1.
[2025-07-09T17:33:49.146+0000] {taskinstance.py:1242} INFO - Marking task as FAILED. dag_id=process_exercises, task_id=process_exercises, run_id=manual__2025-07-09T17:32:04.949379+00:00, execution_date=20250709T173204, start_date=20250709T173221, end_date=20250709T173349
[2025-07-09T17:33:49.251+0000] {taskinstance.py:349} INFO - ::group::Post task execution logs
[2025-07-09T17:33:49.252+0000] {standard_task_runner.py:124} ERROR - Failed to execute job 226 for task process_exercises (Cannot execute: spark-submit --master spark://spark-master:7077 --jars /opt/bitnami/spark/jars/iceberg-spark-runtime-3.5_2.12-1.8.1.jar,/opt/bitnami/spark/jars/nessie-spark-extensions-3.5_2.12-0.103.2.jar,/opt/bitnami/spark/jars/nessie-client-0.103.2.jar,/opt/bitnami/spark/jars/hadoop-aws-3.3.2.jar,/opt/bitnami/spark/jars/aws-java-sdk-bundle-1.12.262.jar, --name arrow-spark --deploy-mode client /opt/bitnami/spark/jobs/process_exercises_job.py {"id": "CA-LESTE-construtiva-4455-2025-07-08", "manifest_entry": {"data": {"createdAt": "2025-07-08T19:50:09.281Z", "origin": "CA-LESTE", "path": "exercises/CA-LESTE-construtiva-4455-2025-07-08"}, "id": "CA-LESTE-construtiva-4455-2025-07-08"}, "metadata": {"createdAt": "2025-07-08T19:50:09.281Z", "description": "4455", "documents": [{"description": "", "id": "1752004297308", "mimetype": "application/pdf", "name": "Op Jacui IV - Ordem de Operacoes.pdf", "path": "exercises/CA-LESTE-construtiva-4455-2025-07-08/documents/Op Jacui IV - Ordem de Operacoes.pdf", "size": 336744, "uploadedAt": "2025-07-08T19:51:37.308Z"}], "endDate": "2025-07-22", "id": "CA-LESTE-construtiva-4455-2025-07-08", "name": "Jogo de Guerra", "origin": "CA-LESTE", "simulationType": "construtiva", "simulations": [{"id": "172.19.0.14_2025-07-08", "movedAt": "2025-07-08T19:51:46.649Z", "name": "172.19.0.14_2025-07-08", "originalPath": "staging/172.19.0.14_2025-07-08", "path": "exercises/CA-LESTE-construtiva-4455-2025-07-08/simulations/172.19.0.14_2025-07-08"}], "startDate": "2025-07-15", "trainedForce": "4455", "updatedAt": "2025-07-08T19:51:46.649Z", "wikiUrl": ""}}. Error code is: 1.; 956)
Traceback (most recent call last):
  File "/home/airflow/.local/lib/python3.12/site-packages/airflow/task/task_runner/standard_task_runner.py", line 117, in _start_by_fork
    ret = args.func(args, dag=self.dag)
          ^^^^^^^^^^^^^^^^^^^^^^^^^^^^^
  File "/home/airflow/.local/lib/python3.12/site-packages/airflow/cli/cli_config.py", line 49, in command
    return func(*args, **kwargs)
           ^^^^^^^^^^^^^^^^^^^^^
  File "/home/airflow/.local/lib/python3.12/site-packages/airflow/utils/cli.py", line 116, in wrapper
    return f(*args, **kwargs)
           ^^^^^^^^^^^^^^^^^^
  File "/home/airflow/.local/lib/python3.12/site-packages/airflow/cli/commands/task_command.py", line 483, in task_run
    task_return_code = _run_task_by_selected_method(args, _dag, ti)
                       ^^^^^^^^^^^^^^^^^^^^^^^^^^^^^^^^^^^^^^^^^^^^
  File "/home/airflow/.local/lib/python3.12/site-packages/airflow/cli/commands/task_command.py", line 256, in _run_task_by_selected_method
    return _run_raw_task(args, ti)
           ^^^^^^^^^^^^^^^^^^^^^^^
  File "/home/airflow/.local/lib/python3.12/site-packages/airflow/cli/commands/task_command.py", line 341, in _run_raw_task
    return ti._run_raw_task(
           ^^^^^^^^^^^^^^^^^
  File "/home/airflow/.local/lib/python3.12/site-packages/airflow/utils/session.py", line 97, in wrapper
    return func(*args, session=session, **kwargs)
           ^^^^^^^^^^^^^^^^^^^^^^^^^^^^^^^^^^^^^^
  File "/home/airflow/.local/lib/python3.12/site-packages/airflow/models/taskinstance.py", line 3029, in _run_raw_task
    return _run_raw_task(
           ^^^^^^^^^^^^^^
  File "/home/airflow/.local/lib/python3.12/site-packages/airflow/models/taskinstance.py", line 282, in _run_raw_task
    TaskInstance._execute_task_with_callbacks(
  File "/home/airflow/.local/lib/python3.12/site-packages/airflow/models/taskinstance.py", line 3184, in _execute_task_with_callbacks
    result = self._execute_task(context, task_orig)
             ^^^^^^^^^^^^^^^^^^^^^^^^^^^^^^^^^^^^^^
  File "/home/airflow/.local/lib/python3.12/site-packages/airflow/models/taskinstance.py", line 3208, in _execute_task
    return _execute_task(self, context, task_orig)
           ^^^^^^^^^^^^^^^^^^^^^^^^^^^^^^^^^^^^^^^
  File "/home/airflow/.local/lib/python3.12/site-packages/airflow/models/taskinstance.py", line 776, in _execute_task
    result = _execute_callable(context=context, **execute_callable_kwargs)
             ^^^^^^^^^^^^^^^^^^^^^^^^^^^^^^^^^^^^^^^^^^^^^^^^^^^^^^^^^^^^^
  File "/home/airflow/.local/lib/python3.12/site-packages/airflow/models/taskinstance.py", line 742, in _execute_callable
    return ExecutionCallableRunner(
           ^^^^^^^^^^^^^^^^^^^^^^^^
  File "/home/airflow/.local/lib/python3.12/site-packages/airflow/utils/operator_helpers.py", line 252, in run
    return self.func(*args, **kwargs)
           ^^^^^^^^^^^^^^^^^^^^^^^^^^
  File "/home/airflow/.local/lib/python3.12/site-packages/airflow/models/baseoperator.py", line 424, in wrapper
    return func(self, *args, **kwargs)
           ^^^^^^^^^^^^^^^^^^^^^^^^^^^
  File "/home/airflow/.local/lib/python3.12/site-packages/airflow/providers/apache/spark/operators/spark_submit.py", line 197, in execute
    self._hook.submit(self.application)
  File "/home/airflow/.local/lib/python3.12/site-packages/airflow/providers/apache/spark/hooks/spark_submit.py", line 566, in submit
    raise AirflowException(
airflow.exceptions.AirflowException: Cannot execute: spark-submit --master spark://spark-master:7077 --jars /opt/bitnami/spark/jars/iceberg-spark-runtime-3.5_2.12-1.8.1.jar,/opt/bitnami/spark/jars/nessie-spark-extensions-3.5_2.12-0.103.2.jar,/opt/bitnami/spark/jars/nessie-client-0.103.2.jar,/opt/bitnami/spark/jars/hadoop-aws-3.3.2.jar,/opt/bitnami/spark/jars/aws-java-sdk-bundle-1.12.262.jar, --name arrow-spark --deploy-mode client /opt/bitnami/spark/jobs/process_exercises_job.py {"id": "CA-LESTE-construtiva-4455-2025-07-08", "manifest_entry": {"data": {"createdAt": "2025-07-08T19:50:09.281Z", "origin": "CA-LESTE", "path": "exercises/CA-LESTE-construtiva-4455-2025-07-08"}, "id": "CA-LESTE-construtiva-4455-2025-07-08"}, "metadata": {"createdAt": "2025-07-08T19:50:09.281Z", "description": "4455", "documents": [{"description": "", "id": "1752004297308", "mimetype": "application/pdf", "name": "Op Jacui IV - Ordem de Operacoes.pdf", "path": "exercises/CA-LESTE-construtiva-4455-2025-07-08/documents/Op Jacui IV - Ordem de Operacoes.pdf", "size": 336744, "uploadedAt": "2025-07-08T19:51:37.308Z"}], "endDate": "2025-07-22", "id": "CA-LESTE-construtiva-4455-2025-07-08", "name": "Jogo de Guerra", "origin": "CA-LESTE", "simulationType": "construtiva", "simulations": [{"id": "172.19.0.14_2025-07-08", "movedAt": "2025-07-08T19:51:46.649Z", "name": "172.19.0.14_2025-07-08", "originalPath": "staging/172.19.0.14_2025-07-08", "path": "exercises/CA-LESTE-construtiva-4455-2025-07-08/simulations/172.19.0.14_2025-07-08"}], "startDate": "2025-07-15", "trainedForce": "4455", "updatedAt": "2025-07-08T19:51:46.649Z", "wikiUrl": ""}}. Error code is: 1.
[2025-07-09T17:33:49.267+0000] {local_task_job_runner.py:266} INFO - Task exited with return code 1
[2025-07-09T17:33:49.303+0000] {taskinstance.py:3924} INFO - 0 downstream tasks scheduled from follow-on schedule check
[2025-07-09T17:33:49.343+0000] {local_task_job_runner.py:245} INFO - ::endgroup::
