[2025-07-08T16:22:49.775+0000] {local_task_job_runner.py:123} INFO - ::group::Pre task execution logs
[2025-07-08T16:22:49.817+0000] {taskinstance.py:2631} INFO - Dependencies all met for dep_context=non-requeueable deps ti=<TaskInstance: process_exercises.identify_ready_exercises manual__2025-07-08T16:22:48.450654+00:00 [queued]>
[2025-07-08T16:22:49.831+0000] {taskinstance.py:2631} INFO - Dependencies all met for dep_context=requeueable deps ti=<TaskInstance: process_exercises.identify_ready_exercises manual__2025-07-08T16:22:48.450654+00:00 [queued]>
[2025-07-08T16:22:49.832+0000] {taskinstance.py:2884} INFO - Starting attempt 1 of 1
[2025-07-08T16:22:49.882+0000] {taskinstance.py:2907} INFO - Executing <Task(PythonOperator): identify_ready_exercises> on 2025-07-08 16:22:48.450654+00:00
[2025-07-08T16:22:49.892+0000] {logging_mixin.py:190} WARNING - /home/airflow/.local/lib/python3.12/site-packages/airflow/task/task_runner/standard_task_runner.py:70 DeprecationWarning: This process (pid=6439) is multi-threaded, use of fork() may lead to deadlocks in the child.
[2025-07-08T16:22:49.894+0000] {standard_task_runner.py:72} INFO - Started process 6440 to run task
[2025-07-08T16:22:49.892+0000] {standard_task_runner.py:104} INFO - Running: ['airflow', 'tasks', 'run', 'process_exercises', 'identify_ready_exercises', 'manual__2025-07-08T16:22:48.450654+00:00', '--job-id', '156', '--raw', '--subdir', 'DAGS_FOLDER/process_exercises.py', '--cfg-path', '/tmp/tmprdhwp5hi']
[2025-07-08T16:22:49.896+0000] {standard_task_runner.py:105} INFO - Job 156: Subtask identify_ready_exercises
[2025-07-08T16:22:50.093+0000] {task_command.py:467} INFO - Running <TaskInstance: process_exercises.identify_ready_exercises manual__2025-07-08T16:22:48.450654+00:00 [running]> on host 3748f1b8240a
[2025-07-08T16:22:50.350+0000] {taskinstance.py:3157} INFO - Exporting env vars: AIRFLOW_CTX_DAG_OWNER='airflow' AIRFLOW_CTX_DAG_ID='process_exercises' AIRFLOW_CTX_TASK_ID='identify_ready_exercises' AIRFLOW_CTX_EXECUTION_DATE='2025-07-08T16:22:48.450654+00:00' AIRFLOW_CTX_TRY_NUMBER='1' AIRFLOW_CTX_DAG_RUN_ID='manual__2025-07-08T16:22:48.450654+00:00'
[2025-07-08T16:22:50.355+0000] {taskinstance.py:740} INFO - ::endgroup::
[2025-07-08T16:22:50.425+0000] {base.py:84} INFO - Retrieving connection 'minio-ebsim'
[2025-07-08T16:22:50.426+0000] {connection_wrapper.py:328} INFO - AWS Connection (conn_id='minio-ebsim', conn_type='aws') credentials retrieved from extra.
[2025-07-08T16:22:50.776+0000] {logging_mixin.py:190} INFO - [DAG] exercício pronto: CA-LESTE-virtual-18RCMe-2025-07-08
[2025-07-08T16:22:50.777+0000] {logging_mixin.py:190} INFO - ✅ [DAG] total de exercícios prontos: 1.
[2025-07-08T16:22:50.778+0000] {logging_mixin.py:190} INFO - ✅ [DAG] o exercício selecionado é CA-LESTE-virtual-18RCMe-2025-07-08.
[2025-07-08T16:22:50.779+0000] {python.py:240} INFO - Done. Returned value was: {'id': 'CA-LESTE-virtual-18RCMe-2025-07-08', 'metadata': {'id': 'CA-LESTE-virtual-18RCMe-2025-07-08', 'name': 'Exercício Virtual', 'description': '18RCMec', 'simulationType': 'virtual', 'origin': 'CA-LESTE', 'startDate': '2025-07-08', 'endDate': '2025-07-10', 'trainedForce': '18 Regimento de Cavalaria Mecanizado', 'wikiUrl': '', 'documents': [{'id': '1751991752602', 'name': 'Op Jacui IV - Ordem de Operacoes.pdf', 'description': '', 'path': 'exercises/CA-LESTE-virtual-18RCMe-2025-07-08/documents/Op Jacui IV - Ordem de Operacoes.pdf', 'size': 336744, 'mimetype': 'application/pdf', 'uploadedAt': '2025-07-08T16:22:32.602Z'}], 'simulations': [{'id': '172.19.0.14_2025-07-08', 'name': '172.19.0.14_2025-07-08', 'path': 'exercises/CA-LESTE-virtual-18RCMe-2025-07-08/simulations/172.19.0.14_2025-07-08', 'originalPath': 'staging/172.19.0.14_2025-07-08', 'movedAt': '2025-07-08T16:22:39.162Z'}], 'createdAt': '2025-07-08T16:22:21.669Z', 'updatedAt': '2025-07-08T16:22:39.163Z'}, 'manifest_entry': {'id': 'CA-LESTE-virtual-18RCMe-2025-07-08', 'data': {'origin': 'CA-LESTE', 'path': 'exercises/CA-LESTE-virtual-18RCMe-2025-07-08', 'createdAt': '2025-07-08T16:22:21.669Z'}}}
[2025-07-08T16:22:50.955+0000] {taskinstance.py:349} INFO - ::group::Post task execution logs
[2025-07-08T16:22:50.957+0000] {taskinstance.py:361} INFO - Marking task as SUCCESS. dag_id=process_exercises, task_id=identify_ready_exercises, run_id=manual__2025-07-08T16:22:48.450654+00:00, execution_date=20250708T162248, start_date=20250708T162249, end_date=20250708T162250
[2025-07-08T16:22:51.159+0000] {local_task_job_runner.py:266} INFO - Task exited with return code 0
[2025-07-08T16:22:51.200+0000] {taskinstance.py:3924} INFO - 1 downstream tasks scheduled from follow-on schedule check
[2025-07-08T16:22:51.241+0000] {local_task_job_runner.py:245} INFO - ::endgroup::
