[2025-07-09T18:15:05.244+0000] {local_task_job_runner.py:123} INFO - ::group::Pre task execution logs
[2025-07-09T18:15:05.275+0000] {taskinstance.py:2631} INFO - Dependencies all met for dep_context=non-requeueable deps ti=<TaskInstance: process_exercises.identify_ready_exercises manual__2025-07-09T18:15:02.896310+00:00 [queued]>
[2025-07-09T18:15:05.284+0000] {taskinstance.py:2631} INFO - Dependencies all met for dep_context=requeueable deps ti=<TaskInstance: process_exercises.identify_ready_exercises manual__2025-07-09T18:15:02.896310+00:00 [queued]>
[2025-07-09T18:15:05.285+0000] {taskinstance.py:2884} INFO - Starting attempt 1 of 1
[2025-07-09T18:15:05.345+0000] {taskinstance.py:2907} INFO - Executing <Task(PythonOperator): identify_ready_exercises> on 2025-07-09 18:15:02.896310+00:00
[2025-07-09T18:15:05.352+0000] {logging_mixin.py:190} WARNING - /home/airflow/.local/lib/python3.12/site-packages/airflow/task/task_runner/standard_task_runner.py:70 DeprecationWarning: This process (pid=2546) is multi-threaded, use of fork() may lead to deadlocks in the child.
[2025-07-09T18:15:05.354+0000] {standard_task_runner.py:72} INFO - Started process 2547 to run task
[2025-07-09T18:15:05.352+0000] {standard_task_runner.py:104} INFO - Running: ['airflow', 'tasks', 'run', 'process_exercises', 'identify_ready_exercises', 'manual__2025-07-09T18:15:02.896310+00:00', '--job-id', '232', '--raw', '--subdir', 'DAGS_FOLDER/process_exercises.py', '--cfg-path', '/tmp/tmpy74kza1u']
[2025-07-09T18:15:05.355+0000] {standard_task_runner.py:105} INFO - Job 232: Subtask identify_ready_exercises
[2025-07-09T18:15:05.469+0000] {task_command.py:467} INFO - Running <TaskInstance: process_exercises.identify_ready_exercises manual__2025-07-09T18:15:02.896310+00:00 [running]> on host 38b7408c68d7
[2025-07-09T18:15:05.661+0000] {taskinstance.py:3157} INFO - Exporting env vars: AIRFLOW_CTX_DAG_OWNER='airflow' AIRFLOW_CTX_DAG_ID='process_exercises' AIRFLOW_CTX_TASK_ID='identify_ready_exercises' AIRFLOW_CTX_EXECUTION_DATE='2025-07-09T18:15:02.896310+00:00' AIRFLOW_CTX_TRY_NUMBER='1' AIRFLOW_CTX_DAG_RUN_ID='manual__2025-07-09T18:15:02.896310+00:00'
[2025-07-09T18:15:05.662+0000] {taskinstance.py:740} INFO - ::endgroup::
[2025-07-09T18:15:05.731+0000] {base.py:84} INFO - Retrieving connection 'minio-ebsim'
[2025-07-09T18:15:05.732+0000] {connection_wrapper.py:328} INFO - AWS Connection (conn_id='minio-ebsim', conn_type='aws') credentials retrieved from extra.
[2025-07-09T18:15:06.320+0000] {logging_mixin.py:190} INFO - [DAG] exercício pronto: CA-LESTE-construtiva-4455-2025-07-08
[2025-07-09T18:15:06.320+0000] {logging_mixin.py:190} INFO - ✅ [DAG] total de exercícios prontos: 1.
[2025-07-09T18:15:06.321+0000] {logging_mixin.py:190} INFO - ✅ [DAG] o exercício selecionado é CA-LESTE-construtiva-4455-2025-07-08.
[2025-07-09T18:15:06.322+0000] {python.py:240} INFO - Done. Returned value was: {'id': 'CA-LESTE-construtiva-4455-2025-07-08', 'metadata': {'id': 'CA-LESTE-construtiva-4455-2025-07-08', 'name': 'Jogo de Guerra', 'description': '4455', 'simulationType': 'construtiva', 'origin': 'CA-LESTE', 'startDate': '2025-07-15', 'endDate': '2025-07-22', 'trainedForce': '4455', 'wikiUrl': '', 'documents': [{'id': '1752004297308', 'name': 'Op Jacui IV - Ordem de Operacoes.pdf', 'description': '', 'path': 'exercises/CA-LESTE-construtiva-4455-2025-07-08/documents/Op Jacui IV - Ordem de Operacoes.pdf', 'size': 336744, 'mimetype': 'application/pdf', 'uploadedAt': '2025-07-08T19:51:37.308Z'}], 'simulations': [{'id': '172.19.0.14_2025-07-08', 'name': '172.19.0.14_2025-07-08', 'path': 'exercises/CA-LESTE-construtiva-4455-2025-07-08/simulations/172.19.0.14_2025-07-08', 'originalPath': 'staging/172.19.0.14_2025-07-08', 'movedAt': '2025-07-08T19:51:46.649Z'}], 'createdAt': '2025-07-08T19:50:09.281Z', 'updatedAt': '2025-07-08T19:51:46.649Z'}, 'manifest_entry': {'id': 'CA-LESTE-construtiva-4455-2025-07-08', 'data': {'origin': 'CA-LESTE', 'path': 'exercises/CA-LESTE-construtiva-4455-2025-07-08', 'createdAt': '2025-07-08T19:50:09.281Z'}}}
[2025-07-09T18:15:06.412+0000] {taskinstance.py:349} INFO - ::group::Post task execution logs
[2025-07-09T18:15:06.413+0000] {taskinstance.py:361} INFO - Marking task as SUCCESS. dag_id=process_exercises, task_id=identify_ready_exercises, run_id=manual__2025-07-09T18:15:02.896310+00:00, execution_date=20250709T181502, start_date=20250709T181505, end_date=20250709T181506
[2025-07-09T18:15:06.577+0000] {local_task_job_runner.py:266} INFO - Task exited with return code 0
[2025-07-09T18:15:06.616+0000] {taskinstance.py:3924} INFO - 1 downstream tasks scheduled from follow-on schedule check
[2025-07-09T18:15:06.653+0000] {local_task_job_runner.py:245} INFO - ::endgroup::
