[2025-07-09T23:26:06.007+0000] {local_task_job_runner.py:123} INFO - ::group::Pre task execution logs
[2025-07-09T23:26:06.039+0000] {taskinstance.py:2631} INFO - Dependencies all met for dep_context=non-requeueable deps ti=<TaskInstance: process_exercises.identify_ready_exercises manual__2025-07-09T23:26:04.279701+00:00 [queued]>
[2025-07-09T23:26:06.049+0000] {taskinstance.py:2631} INFO - Dependencies all met for dep_context=requeueable deps ti=<TaskInstance: process_exercises.identify_ready_exercises manual__2025-07-09T23:26:04.279701+00:00 [queued]>
[2025-07-09T23:26:06.050+0000] {taskinstance.py:2884} INFO - Starting attempt 1 of 1
[2025-07-09T23:26:06.089+0000] {taskinstance.py:2907} INFO - Executing <Task(PythonOperator): identify_ready_exercises> on 2025-07-09 23:26:04.279701+00:00
[2025-07-09T23:26:06.118+0000] {logging_mixin.py:190} WARNING - /home/airflow/.local/lib/python3.12/site-packages/airflow/task/task_runner/standard_task_runner.py:70 DeprecationWarning: This process (pid=701) is multi-threaded, use of fork() may lead to deadlocks in the child.
[2025-07-09T23:26:06.123+0000] {standard_task_runner.py:72} INFO - Started process 702 to run task
[2025-07-09T23:26:06.118+0000] {standard_task_runner.py:104} INFO - Running: ['airflow', 'tasks', 'run', 'process_exercises', 'identify_ready_exercises', 'manual__2025-07-09T23:26:04.279701+00:00', '--job-id', '256', '--raw', '--subdir', 'DAGS_FOLDER/process_exercises.py', '--cfg-path', '/tmp/tmpn9crljqe']
[2025-07-09T23:26:06.126+0000] {standard_task_runner.py:105} INFO - Job 256: Subtask identify_ready_exercises
[2025-07-09T23:26:06.281+0000] {task_command.py:467} INFO - Running <TaskInstance: process_exercises.identify_ready_exercises manual__2025-07-09T23:26:04.279701+00:00 [running]> on host 398fc3c9a033
[2025-07-09T23:26:06.506+0000] {taskinstance.py:3157} INFO - Exporting env vars: AIRFLOW_CTX_DAG_OWNER='airflow' AIRFLOW_CTX_DAG_ID='process_exercises' AIRFLOW_CTX_TASK_ID='identify_ready_exercises' AIRFLOW_CTX_EXECUTION_DATE='2025-07-09T23:26:04.279701+00:00' AIRFLOW_CTX_TRY_NUMBER='1' AIRFLOW_CTX_DAG_RUN_ID='manual__2025-07-09T23:26:04.279701+00:00'
[2025-07-09T23:26:06.510+0000] {taskinstance.py:740} INFO - ::endgroup::
[2025-07-09T23:26:06.776+0000] {base.py:84} INFO - Retrieving connection 'minio-ebsim'
[2025-07-09T23:26:06.777+0000] {connection_wrapper.py:328} INFO - AWS Connection (conn_id='minio-ebsim', conn_type='aws') credentials retrieved from extra.
[2025-07-09T23:26:22.205+0000] {logging_mixin.py:190} INFO - [DAG] exercício pronto: CA-SUL-construtiva-E1v1-2025-07-09
[2025-07-09T23:26:22.206+0000] {logging_mixin.py:190} INFO - ✅ [DAG] total de exercícios prontos: 1.
[2025-07-09T23:26:22.207+0000] {logging_mixin.py:190} INFO - ✅ [DAG] o exercício selecionado é CA-SUL-construtiva-E1v1-2025-07-09.
[2025-07-09T23:26:22.208+0000] {python.py:240} INFO - Done. Returned value was: {'id': 'CA-SUL-construtiva-E1v1-2025-07-09', 'metadata': {'id': 'CA-SUL-construtiva-E1v1-2025-07-09', 'name': 'Exercício Virtual', 'description': 'E1v1', 'simulationType': 'construtiva', 'origin': 'CA-SUL', 'startDate': '2025-07-10', 'endDate': '2025-07-10', 'trainedForce': '1 Esqd C Mec', 'wikiUrl': '', 'documents': [{'id': '1752103465214', 'name': 'Op Jacui IV - Ordem de Operacoes.pdf', 'description': '', 'path': 'exercises/CA-SUL-construtiva-E1v1-2025-07-09/documents/Op Jacui IV - Ordem de Operacoes.pdf', 'size': 336744, 'mimetype': 'application/pdf', 'uploadedAt': '2025-07-09T23:24:25.214Z'}], 'simulations': [{'id': '172.19.0.4_2025-07-09', 'name': '172.19.0.4_2025-07-09', 'path': 'exercises/CA-SUL-construtiva-E1v1-2025-07-09/simulations/172.19.0.4_2025-07-09', 'originalPath': 'staging/172.19.0.4_2025-07-09', 'movedAt': '2025-07-09T23:24:31.880Z'}], 'createdAt': '2025-07-09T23:24:10.940Z', 'updatedAt': '2025-07-09T23:24:31.880Z'}, 'manifest_entry': {'id': 'CA-SUL-construtiva-E1v1-2025-07-09', 'data': {'origin': 'CA-SUL', 'path': 'exercises/CA-SUL-construtiva-E1v1-2025-07-09', 'createdAt': '2025-07-09T23:24:10.940Z'}}}
[2025-07-09T23:26:22.354+0000] {taskinstance.py:349} INFO - ::group::Post task execution logs
[2025-07-09T23:26:22.355+0000] {taskinstance.py:361} INFO - Marking task as SUCCESS. dag_id=process_exercises, task_id=identify_ready_exercises, run_id=manual__2025-07-09T23:26:04.279701+00:00, execution_date=20250709T232604, start_date=20250709T232606, end_date=20250709T232622
[2025-07-09T23:26:22.535+0000] {local_task_job_runner.py:266} INFO - Task exited with return code 0
[2025-07-09T23:26:22.572+0000] {taskinstance.py:3924} INFO - 1 downstream tasks scheduled from follow-on schedule check
[2025-07-09T23:26:22.611+0000] {local_task_job_runner.py:245} INFO - ::endgroup::
