[2025-07-08T15:41:31.433+0000] {local_task_job_runner.py:123} INFO - ::group::Pre task execution logs
[2025-07-08T15:41:31.476+0000] {taskinstance.py:2631} INFO - Dependencies all met for dep_context=non-requeueable deps ti=<TaskInstance: process_exercises.process_exercises manual__2025-07-08T15:41:25.770398+00:00 [queued]>
[2025-07-08T15:41:31.492+0000] {taskinstance.py:2631} INFO - Dependencies all met for dep_context=requeueable deps ti=<TaskInstance: process_exercises.process_exercises manual__2025-07-08T15:41:25.770398+00:00 [queued]>
[2025-07-08T15:41:31.493+0000] {taskinstance.py:2884} INFO - Starting attempt 1 of 1
[2025-07-08T15:41:31.847+0000] {taskinstance.py:2907} INFO - Executing <Task(SparkSubmitOperator): process_exercises> on 2025-07-08 15:41:25.770398+00:00
[2025-07-08T15:41:31.866+0000] {logging_mixin.py:190} WARNING - /home/airflow/.local/lib/python3.12/site-packages/airflow/task/task_runner/standard_task_runner.py:70 DeprecationWarning: This process (pid=4796) is multi-threaded, use of fork() may lead to deadlocks in the child.
[2025-07-08T15:41:31.869+0000] {standard_task_runner.py:72} INFO - Started process 4797 to run task
[2025-07-08T15:41:31.867+0000] {standard_task_runner.py:104} INFO - Running: ['airflow', 'tasks', 'run', 'process_exercises', 'process_exercises', 'manual__2025-07-08T15:41:25.770398+00:00', '--job-id', '146', '--raw', '--subdir', 'DAGS_FOLDER/process_exercises.py', '--cfg-path', '/tmp/tmp64imc9ks']
[2025-07-08T15:41:31.871+0000] {standard_task_runner.py:105} INFO - Job 146: Subtask process_exercises
[2025-07-08T15:41:32.118+0000] {task_command.py:467} INFO - Running <TaskInstance: process_exercises.process_exercises manual__2025-07-08T15:41:25.770398+00:00 [running]> on host 3748f1b8240a
[2025-07-08T15:41:33.013+0000] {taskinstance.py:3157} INFO - Exporting env vars: AIRFLOW_CTX_DAG_OWNER='airflow' AIRFLOW_CTX_DAG_ID='process_exercises' AIRFLOW_CTX_TASK_ID='process_exercises' AIRFLOW_CTX_EXECUTION_DATE='2025-07-08T15:41:25.770398+00:00' AIRFLOW_CTX_TRY_NUMBER='1' AIRFLOW_CTX_DAG_RUN_ID='manual__2025-07-08T15:41:25.770398+00:00'
[2025-07-08T15:41:33.015+0000] {taskinstance.py:740} INFO - ::endgroup::
[2025-07-08T15:41:33.072+0000] {base.py:84} INFO - Retrieving connection 'spark-ebsim'
[2025-07-08T15:41:33.082+0000] {spark_submit.py:474} INFO - Spark-Submit cmd: spark-submit --master spark://spark-master:7077 --jars /opt/bitnami/spark/jars/iceberg-spark-runtime-3.5_2.12-1.8.1.jar,/opt/bitnami/spark/jars/nessie-spark-extensions-3.5_2.12-0.103.2.jar,/opt/bitnami/spark/jars/nessie-client-0.103.2.jar,/opt/bitnami/spark/jars/hadoop-aws-3.3.2.jar,/opt/bitnami/spark/jars/aws-java-sdk-bundle-1.12.262.jar, --name arrow-spark --deploy-mode client /opt/bitnami/spark/jobs/process_exercises_job.py {"id": "CA-LESTE-construtiva-7DE-2025-07-08", "manifest_entry": {"data": {"createdAt": "2025-07-08T15:22:45.270Z", "origin": "CA-LESTE", "path": "exercises/CA-LESTE-construtiva-7DE-2025-07-08"}, "id": "CA-LESTE-construtiva-7DE-2025-07-08"}, "metadata": {"createdAt": "2025-07-08T15:22:45.270Z", "description": "7DE", "documents": [{"description": "", "id": "1751988217081", "mimetype": "application/pdf", "name": "Op Jacui IV - Anexo A - Inteligencia.pdf", "path": "exercises/CA-LESTE-construtiva-7DE-2025-07-08/documents/Op Jacui IV - Anexo A - Inteligencia.pdf", "size": 47523, "uploadedAt": "2025-07-08T15:23:37.082Z"}], "endDate": "2025-07-10", "id": "CA-LESTE-construtiva-7DE-2025-07-08", "name": "Jogo de Guerra", "origin": "CA-LESTE", "simulationType": "construtiva", "simulations": [{"id": "172.19.0.14_2025-07-08", "movedAt": "2025-07-08T15:23:40.755Z", "name": "172.19.0.14_2025-07-08", "originalPath": "staging/172.19.0.14_2025-07-08", "path": "exercises/CA-LESTE-construtiva-7DE-2025-07-08/simulations/172.19.0.14_2025-07-08"}], "startDate": "2025-07-09", "trainedForce": "7 Divis\u00e3o de Ex\u00e9rcito", "updatedAt": "2025-07-08T15:23:40.755Z", "wikiUrl": ""}}
[2025-07-08T15:41:37.011+0000] {spark_submit.py:644} INFO - 25/07/08 15:41:37 WARN NativeCodeLoader: Unable to load native-hadoop library for your platform... using builtin-java classes where applicable
[2025-07-08T15:41:38.825+0000] {spark_submit.py:644} INFO - 🚀 Iniciando processamento de exercícios...
[2025-07-08T15:41:38.826+0000] {spark_submit.py:644} INFO - ⚡ Iniciando sessão Spark...
[2025-07-08T15:41:39.433+0000] {spark_submit.py:644} INFO - 25/07/08 15:41:39 INFO SparkContext: Running Spark version 3.5.5
[2025-07-08T15:41:39.434+0000] {spark_submit.py:644} INFO - 25/07/08 15:41:39 INFO SparkContext: OS info Linux, 5.15.167.4-microsoft-standard-WSL2, amd64
[2025-07-08T15:41:39.434+0000] {spark_submit.py:644} INFO - 25/07/08 15:41:39 INFO SparkContext: Java version 17.0.15
[2025-07-08T15:41:39.461+0000] {spark_submit.py:644} INFO - 25/07/08 15:41:39 INFO ResourceUtils: ==============================================================
[2025-07-08T15:41:39.462+0000] {spark_submit.py:644} INFO - 25/07/08 15:41:39 INFO ResourceUtils: No custom resources configured for spark.driver.
[2025-07-08T15:41:39.462+0000] {spark_submit.py:644} INFO - 25/07/08 15:41:39 INFO ResourceUtils: ==============================================================
[2025-07-08T15:41:39.463+0000] {spark_submit.py:644} INFO - 25/07/08 15:41:39 INFO SparkContext: Submitted application: ProcessExercises
[2025-07-08T15:41:39.483+0000] {spark_submit.py:644} INFO - 25/07/08 15:41:39 INFO ResourceProfile: Default ResourceProfile created, executor resources: Map(memory -> name: memory, amount: 1024, script: , vendor: , offHeap -> name: offHeap, amount: 0, script: , vendor: ), task resources: Map(cpus -> name: cpus, amount: 1.0)
[2025-07-08T15:41:39.503+0000] {spark_submit.py:644} INFO - 25/07/08 15:41:39 INFO ResourceProfile: Limiting resource is cpu
[2025-07-08T15:41:39.504+0000] {spark_submit.py:644} INFO - 25/07/08 15:41:39 INFO ResourceProfileManager: Added ResourceProfile id: 0
[2025-07-08T15:41:39.552+0000] {spark_submit.py:644} INFO - 25/07/08 15:41:39 INFO SecurityManager: Changing view acls to: airflow
[2025-07-08T15:41:39.553+0000] {spark_submit.py:644} INFO - 25/07/08 15:41:39 INFO SecurityManager: Changing modify acls to: airflow
[2025-07-08T15:41:39.554+0000] {spark_submit.py:644} INFO - 25/07/08 15:41:39 INFO SecurityManager: Changing view acls groups to:
[2025-07-08T15:41:39.555+0000] {spark_submit.py:644} INFO - 25/07/08 15:41:39 INFO SecurityManager: Changing modify acls groups to:
[2025-07-08T15:41:39.555+0000] {spark_submit.py:644} INFO - 25/07/08 15:41:39 INFO SecurityManager: SecurityManager: authentication disabled; ui acls disabled; users with view permissions: airflow; groups with view permissions: EMPTY; users with modify permissions: airflow; groups with modify permissions: EMPTY
[2025-07-08T15:41:39.722+0000] {spark_submit.py:644} INFO - 25/07/08 15:41:39 INFO Utils: Successfully started service 'sparkDriver' on port 46743.
[2025-07-08T15:41:39.752+0000] {spark_submit.py:644} INFO - 25/07/08 15:41:39 INFO SparkEnv: Registering MapOutputTracker
[2025-07-08T15:41:39.782+0000] {spark_submit.py:644} INFO - 25/07/08 15:41:39 INFO SparkEnv: Registering BlockManagerMaster
[2025-07-08T15:41:39.812+0000] {spark_submit.py:644} INFO - 25/07/08 15:41:39 INFO BlockManagerMasterEndpoint: Using org.apache.spark.storage.DefaultTopologyMapper for getting topology information
[2025-07-08T15:41:39.813+0000] {spark_submit.py:644} INFO - 25/07/08 15:41:39 INFO BlockManagerMasterEndpoint: BlockManagerMasterEndpoint up
[2025-07-08T15:41:39.817+0000] {spark_submit.py:644} INFO - 25/07/08 15:41:39 INFO SparkEnv: Registering BlockManagerMasterHeartbeat
[2025-07-08T15:41:39.840+0000] {spark_submit.py:644} INFO - 25/07/08 15:41:39 INFO DiskBlockManager: Created local directory at /tmp/blockmgr-7985c421-722e-436d-ae93-2f47a6ba7e1b
[2025-07-08T15:41:39.852+0000] {spark_submit.py:644} INFO - 25/07/08 15:41:39 INFO MemoryStore: MemoryStore started with capacity 434.4 MiB
[2025-07-08T15:41:39.865+0000] {spark_submit.py:644} INFO - 25/07/08 15:41:39 INFO SparkEnv: Registering OutputCommitCoordinator
[2025-07-08T15:41:39.990+0000] {spark_submit.py:644} INFO - 25/07/08 15:41:39 INFO JettyUtils: Start Jetty 0.0.0.0:4040 for SparkUI
[2025-07-08T15:41:40.045+0000] {spark_submit.py:644} INFO - 25/07/08 15:41:40 INFO Utils: Successfully started service 'SparkUI' on port 4040.
[2025-07-08T15:41:40.109+0000] {spark_submit.py:644} INFO - 25/07/08 15:41:40 INFO SparkContext: Added JAR file:///opt/bitnami/spark/jars/iceberg-spark-runtime-3.5_2.12-1.8.1.jar at spark://3748f1b8240a:46743/jars/iceberg-spark-runtime-3.5_2.12-1.8.1.jar with timestamp 1751989299427
[2025-07-08T15:41:40.110+0000] {spark_submit.py:644} INFO - 25/07/08 15:41:40 INFO SparkContext: Added JAR file:///opt/bitnami/spark/jars/nessie-spark-extensions-3.5_2.12-0.103.2.jar at spark://3748f1b8240a:46743/jars/nessie-spark-extensions-3.5_2.12-0.103.2.jar with timestamp 1751989299427
[2025-07-08T15:41:40.112+0000] {spark_submit.py:644} INFO - 25/07/08 15:41:40 INFO SparkContext: Added JAR file:///opt/bitnami/spark/jars/nessie-client-0.103.2.jar at spark://3748f1b8240a:46743/jars/nessie-client-0.103.2.jar with timestamp 1751989299427
[2025-07-08T15:41:40.113+0000] {spark_submit.py:644} INFO - 25/07/08 15:41:40 INFO SparkContext: Added JAR file:///opt/bitnami/spark/jars/hadoop-aws-3.3.2.jar at spark://3748f1b8240a:46743/jars/hadoop-aws-3.3.2.jar with timestamp 1751989299427
[2025-07-08T15:41:40.114+0000] {spark_submit.py:644} INFO - 25/07/08 15:41:40 INFO SparkContext: Added JAR file:///opt/bitnami/spark/jars/aws-java-sdk-bundle-1.12.262.jar at spark://3748f1b8240a:46743/jars/aws-java-sdk-bundle-1.12.262.jar with timestamp 1751989299427
[2025-07-08T15:41:40.235+0000] {spark_submit.py:644} INFO - 25/07/08 15:41:40 INFO StandaloneAppClient$ClientEndpoint: Connecting to master spark://spark-master:7077...
[2025-07-08T15:41:40.359+0000] {spark_submit.py:644} INFO - 25/07/08 15:41:40 INFO TransportClientFactory: Successfully created connection to spark-master/172.19.0.2:7077 after 97 ms (0 ms spent in bootstraps)
[2025-07-08T15:41:40.474+0000] {spark_submit.py:644} INFO - 25/07/08 15:41:40 INFO StandaloneSchedulerBackend: Connected to Spark cluster with app ID app-20250708154140-0006
[2025-07-08T15:41:40.478+0000] {spark_submit.py:644} INFO - 25/07/08 15:41:40 INFO StandaloneAppClient$ClientEndpoint: Executor added: app-20250708154140-0006/0 on worker-20250708130010-172.19.0.8-33627 (172.19.0.8:33627) with 2 core(s)
[2025-07-08T15:41:40.480+0000] {spark_submit.py:644} INFO - 25/07/08 15:41:40 INFO StandaloneSchedulerBackend: Granted executor ID app-20250708154140-0006/0 on hostPort 172.19.0.8:33627 with 2 core(s), 1024.0 MiB RAM
[2025-07-08T15:41:40.482+0000] {spark_submit.py:644} INFO - 25/07/08 15:41:40 INFO Utils: Successfully started service 'org.apache.spark.network.netty.NettyBlockTransferService' on port 37925.
[2025-07-08T15:41:40.483+0000] {spark_submit.py:644} INFO - 25/07/08 15:41:40 INFO NettyBlockTransferService: Server created on 3748f1b8240a:37925
[2025-07-08T15:41:40.484+0000] {spark_submit.py:644} INFO - 25/07/08 15:41:40 INFO BlockManager: Using org.apache.spark.storage.RandomBlockReplicationPolicy for block replication policy
[2025-07-08T15:41:40.490+0000] {spark_submit.py:644} INFO - 25/07/08 15:41:40 INFO BlockManagerMaster: Registering BlockManager BlockManagerId(driver, 3748f1b8240a, 37925, None)
[2025-07-08T15:41:40.493+0000] {spark_submit.py:644} INFO - 25/07/08 15:41:40 INFO BlockManagerMasterEndpoint: Registering block manager 3748f1b8240a:37925 with 434.4 MiB RAM, BlockManagerId(driver, 3748f1b8240a, 37925, None)
[2025-07-08T15:41:40.495+0000] {spark_submit.py:644} INFO - 25/07/08 15:41:40 INFO BlockManagerMaster: Registered BlockManager BlockManagerId(driver, 3748f1b8240a, 37925, None)
[2025-07-08T15:41:40.496+0000] {spark_submit.py:644} INFO - 25/07/08 15:41:40 INFO BlockManager: Initialized BlockManager: BlockManagerId(driver, 3748f1b8240a, 37925, None)
[2025-07-08T15:41:40.537+0000] {spark_submit.py:644} INFO - 25/07/08 15:41:40 INFO StandaloneAppClient$ClientEndpoint: Executor updated: app-20250708154140-0006/0 is now RUNNING
[2025-07-08T15:41:40.746+0000] {spark_submit.py:644} INFO - 25/07/08 15:41:40 INFO StandaloneSchedulerBackend: SchedulerBackend is ready for scheduling beginning after reached minRegisteredResourcesRatio: 0.0
[2025-07-08T15:41:41.132+0000] {spark_submit.py:644} INFO - ⚡ Sessão Spark criada com sucesso
[2025-07-08T15:41:41.133+0000] {spark_submit.py:644} INFO - 🏗️ Criando namespace...
[2025-07-08T15:41:41.140+0000] {spark_submit.py:644} INFO - 25/07/08 15:41:41 INFO SharedState: Setting hive.metastore.warehouse.dir ('null') to the value of spark.sql.warehouse.dir.
[2025-07-08T15:41:41.143+0000] {spark_submit.py:644} INFO - 25/07/08 15:41:41 INFO SharedState: Warehouse path is 'file:/opt/airflow/spark-warehouse'.
[2025-07-08T15:41:43.433+0000] {spark_submit.py:644} INFO - 25/07/08 15:41:43 INFO CatalogUtil: Loading custom FileIO implementation: org.apache.iceberg.hadoop.HadoopFileIO
[2025-07-08T15:41:44.301+0000] {spark_submit.py:644} INFO - 25/07/08 15:41:44 INFO StandaloneSchedulerBackend$StandaloneDriverEndpoint: Registered executor NettyRpcEndpointRef(spark-client://Executor) (172.19.0.8:42728) with ID 0,  ResourceProfileId 0
[2025-07-08T15:41:44.379+0000] {spark_submit.py:644} INFO - 25/07/08 15:41:44 INFO BlockManagerMasterEndpoint: Registering block manager 172.19.0.8:39915 with 434.4 MiB RAM, BlockManagerId(0, 172.19.0.8, 39915, None)
[2025-07-08T15:41:44.961+0000] {spark_submit.py:644} INFO - 📄 Iniciando processamento de documentos...
[2025-07-08T15:41:45.472+0000] {spark_submit.py:644} INFO - 25/07/08 15:41:45 WARN MetricsConfig: Cannot locate configuration: tried hadoop-metrics2-s3a-file-system.properties,hadoop-metrics2.properties
[2025-07-08T15:41:45.482+0000] {spark_submit.py:644} INFO - 25/07/08 15:41:45 INFO MetricsSystemImpl: Scheduled Metric snapshot period at 10 second(s).
[2025-07-08T15:41:45.483+0000] {spark_submit.py:644} INFO - 25/07/08 15:41:45 INFO MetricsSystemImpl: s3a-file-system metrics system started
[2025-07-08T15:41:47.466+0000] {spark_submit.py:644} INFO - 25/07/08 15:41:47 INFO InMemoryFileIndex: It took 51 ms to list leaf files for 1 paths.
[2025-07-08T15:41:47.952+0000] {spark_submit.py:644} INFO - 25/07/08 15:41:47 INFO FileSourceStrategy: Pushed Filters:
[2025-07-08T15:41:47.954+0000] {spark_submit.py:644} INFO - 25/07/08 15:41:47 INFO FileSourceStrategy: Post-Scan Filters:
[2025-07-08T15:41:48.474+0000] {spark_submit.py:644} INFO - 25/07/08 15:41:48 INFO CodeGenerator: Code generated in 239.320032 ms
[2025-07-08T15:41:48.559+0000] {spark_submit.py:644} INFO - 25/07/08 15:41:48 INFO MemoryStore: Block broadcast_0 stored as values in memory (estimated size 203.5 KiB, free 434.2 MiB)
[2025-07-08T15:41:48.635+0000] {spark_submit.py:644} INFO - 25/07/08 15:41:48 INFO MemoryStore: Block broadcast_0_piece0 stored as bytes in memory (estimated size 35.7 KiB, free 434.2 MiB)
[2025-07-08T15:41:48.638+0000] {spark_submit.py:644} INFO - 25/07/08 15:41:48 INFO BlockManagerInfo: Added broadcast_0_piece0 in memory on 3748f1b8240a:37925 (size: 35.7 KiB, free: 434.4 MiB)
[2025-07-08T15:41:48.643+0000] {spark_submit.py:644} INFO - 25/07/08 15:41:48 INFO SparkContext: Created broadcast 0 from collect at /opt/bitnami/spark/jobs/process_exercises_job.py:183
[2025-07-08T15:41:48.656+0000] {spark_submit.py:644} INFO - 25/07/08 15:41:48 INFO FileSourceScanExec: Planning scan with bin packing, max size: 4194304 bytes, open cost is considered as scanning 4194304 bytes.
[2025-07-08T15:41:48.921+0000] {spark_submit.py:644} INFO - 25/07/08 15:41:48 INFO SparkContext: Starting job: collect at /opt/bitnami/spark/jobs/process_exercises_job.py:183
[2025-07-08T15:41:48.936+0000] {spark_submit.py:644} INFO - 25/07/08 15:41:48 INFO DAGScheduler: Got job 0 (collect at /opt/bitnami/spark/jobs/process_exercises_job.py:183) with 1 output partitions
[2025-07-08T15:41:48.937+0000] {spark_submit.py:644} INFO - 25/07/08 15:41:48 INFO DAGScheduler: Final stage: ResultStage 0 (collect at /opt/bitnami/spark/jobs/process_exercises_job.py:183)
[2025-07-08T15:41:48.937+0000] {spark_submit.py:644} INFO - 25/07/08 15:41:48 INFO DAGScheduler: Parents of final stage: List()
[2025-07-08T15:41:48.938+0000] {spark_submit.py:644} INFO - 25/07/08 15:41:48 INFO DAGScheduler: Missing parents: List()
[2025-07-08T15:41:48.942+0000] {spark_submit.py:644} INFO - 25/07/08 15:41:48 INFO DAGScheduler: Submitting ResultStage 0 (MapPartitionsRDD[5] at collect at /opt/bitnami/spark/jobs/process_exercises_job.py:183), which has no missing parents
[2025-07-08T15:41:48.962+0000] {spark_submit.py:644} INFO - 25/07/08 15:41:48 INFO MemoryStore: Block broadcast_1 stored as values in memory (estimated size 26.8 KiB, free 434.1 MiB)
[2025-07-08T15:41:49.209+0000] {spark_submit.py:644} INFO - 25/07/08 15:41:49 INFO MemoryStore: Block broadcast_1_piece0 stored as bytes in memory (estimated size 13.3 KiB, free 434.1 MiB)
[2025-07-08T15:41:49.211+0000] {spark_submit.py:644} INFO - 25/07/08 15:41:49 INFO BlockManagerInfo: Added broadcast_1_piece0 in memory on 3748f1b8240a:37925 (size: 13.3 KiB, free: 434.4 MiB)
[2025-07-08T15:41:49.215+0000] {spark_submit.py:644} INFO - 25/07/08 15:41:49 INFO SparkContext: Created broadcast 1 from broadcast at DAGScheduler.scala:1585
[2025-07-08T15:41:49.246+0000] {spark_submit.py:644} INFO - 25/07/08 15:41:49 INFO DAGScheduler: Submitting 1 missing tasks from ResultStage 0 (MapPartitionsRDD[5] at collect at /opt/bitnami/spark/jobs/process_exercises_job.py:183) (first 15 tasks are for partitions Vector(0))
[2025-07-08T15:41:49.247+0000] {spark_submit.py:644} INFO - 25/07/08 15:41:49 INFO TaskSchedulerImpl: Adding task set 0.0 with 1 tasks resource profile 0
[2025-07-08T15:41:55.553+0000] {spark_submit.py:644} INFO - 25/07/08 15:41:55 INFO TaskSetManager: Starting task 0.0 in stage 0.0 (TID 0) (172.19.0.8, executor 0, partition 0, PROCESS_LOCAL, 10204 bytes)
[2025-07-08T15:41:55.951+0000] {spark_submit.py:644} INFO - 25/07/08 15:41:55 INFO BlockManagerInfo: Added broadcast_1_piece0 in memory on 172.19.0.8:39915 (size: 13.3 KiB, free: 434.4 MiB)
[2025-07-08T15:42:02.354+0000] {spark_submit.py:644} INFO - 25/07/08 15:42:02 INFO BlockManagerInfo: Added broadcast_0_piece0 in memory on 172.19.0.8:39915 (size: 35.7 KiB, free: 434.4 MiB)
[2025-07-08T15:42:05.393+0000] {spark_submit.py:644} INFO - 25/07/08 15:42:05 INFO TaskSetManager: Finished task 0.0 in stage 0.0 (TID 0) in 9856 ms on 172.19.0.8 (executor 0) (1/1)
[2025-07-08T15:42:05.395+0000] {spark_submit.py:644} INFO - 25/07/08 15:42:05 INFO TaskSchedulerImpl: Removed TaskSet 0.0, whose tasks have all completed, from pool
[2025-07-08T15:42:05.397+0000] {spark_submit.py:644} INFO - 25/07/08 15:42:05 INFO PythonAccumulatorV2: Connected to AccumulatorServer at host: 127.0.0.1 port: 39245
[2025-07-08T15:42:05.400+0000] {spark_submit.py:644} INFO - 25/07/08 15:42:05 INFO DAGScheduler: ResultStage 0 (collect at /opt/bitnami/spark/jobs/process_exercises_job.py:183) finished in 16.444 s
[2025-07-08T15:42:05.403+0000] {spark_submit.py:644} INFO - 25/07/08 15:42:05 INFO DAGScheduler: Job 0 is finished. Cancelling potential speculative or zombie tasks for this job
[2025-07-08T15:42:05.404+0000] {spark_submit.py:644} INFO - 25/07/08 15:42:05 INFO TaskSchedulerImpl: Killing all running tasks in stage 0: Stage finished
[2025-07-08T15:42:05.406+0000] {spark_submit.py:644} INFO - 25/07/08 15:42:05 INFO DAGScheduler: Job 0 finished: collect at /opt/bitnami/spark/jobs/process_exercises_job.py:183, took 16.484593 s
[2025-07-08T15:42:05.439+0000] {spark_submit.py:644} INFO - 📄 Processamento concluído: 1 documentos
[2025-07-08T15:42:06.527+0000] {spark_submit.py:644} INFO - 💾 Salvando documentos...
[2025-07-08T15:42:06.723+0000] {spark_submit.py:644} INFO - 25/07/08 15:42:06 INFO CodeGenerator: Code generated in 38.587278 ms
[2025-07-08T15:42:06.745+0000] {spark_submit.py:644} INFO - 25/07/08 15:42:06 INFO DAGScheduler: Registering RDD 12 (count at NativeMethodAccessorImpl.java:0) as input to shuffle 0
[2025-07-08T15:42:06.748+0000] {spark_submit.py:644} INFO - 25/07/08 15:42:06 INFO DAGScheduler: Got map stage job 1 (count at NativeMethodAccessorImpl.java:0) with 2 output partitions
[2025-07-08T15:42:06.749+0000] {spark_submit.py:644} INFO - 25/07/08 15:42:06 INFO DAGScheduler: Final stage: ShuffleMapStage 1 (count at NativeMethodAccessorImpl.java:0)
[2025-07-08T15:42:06.750+0000] {spark_submit.py:644} INFO - 25/07/08 15:42:06 INFO DAGScheduler: Parents of final stage: List()
[2025-07-08T15:42:06.750+0000] {spark_submit.py:644} INFO - 25/07/08 15:42:06 INFO DAGScheduler: Missing parents: List()
[2025-07-08T15:42:06.751+0000] {spark_submit.py:644} INFO - 25/07/08 15:42:06 INFO DAGScheduler: Submitting ShuffleMapStage 1 (MapPartitionsRDD[12] at count at NativeMethodAccessorImpl.java:0), which has no missing parents
[2025-07-08T15:42:06.766+0000] {spark_submit.py:644} INFO - 25/07/08 15:42:06 INFO MemoryStore: Block broadcast_2 stored as values in memory (estimated size 16.0 KiB, free 434.1 MiB)
[2025-07-08T15:42:06.779+0000] {spark_submit.py:644} INFO - 25/07/08 15:42:06 INFO MemoryStore: Block broadcast_2_piece0 stored as bytes in memory (estimated size 8.4 KiB, free 434.1 MiB)
[2025-07-08T15:42:06.780+0000] {spark_submit.py:644} INFO - 25/07/08 15:42:06 INFO BlockManagerInfo: Added broadcast_2_piece0 in memory on 3748f1b8240a:37925 (size: 8.4 KiB, free: 434.3 MiB)
[2025-07-08T15:42:06.781+0000] {spark_submit.py:644} INFO - 25/07/08 15:42:06 INFO SparkContext: Created broadcast 2 from broadcast at DAGScheduler.scala:1585
[2025-07-08T15:42:06.782+0000] {spark_submit.py:644} INFO - 25/07/08 15:42:06 INFO DAGScheduler: Submitting 2 missing tasks from ShuffleMapStage 1 (MapPartitionsRDD[12] at count at NativeMethodAccessorImpl.java:0) (first 15 tasks are for partitions Vector(0, 1))
[2025-07-08T15:42:06.783+0000] {spark_submit.py:644} INFO - 25/07/08 15:42:06 INFO TaskSchedulerImpl: Adding task set 1.0 with 2 tasks resource profile 0
[2025-07-08T15:42:06.786+0000] {spark_submit.py:644} INFO - 25/07/08 15:42:06 INFO TaskSetManager: Starting task 0.0 in stage 1.0 (TID 1) (172.19.0.8, executor 0, partition 0, PROCESS_LOCAL, 9487 bytes)
[2025-07-08T15:42:06.788+0000] {spark_submit.py:644} INFO - 25/07/08 15:42:06 INFO TaskSetManager: Starting task 1.0 in stage 1.0 (TID 2) (172.19.0.8, executor 0, partition 1, PROCESS_LOCAL, 15452 bytes)
[2025-07-08T15:42:06.802+0000] {spark_submit.py:644} INFO - 25/07/08 15:42:06 INFO BlockManagerInfo: Removed broadcast_0_piece0 on 3748f1b8240a:37925 in memory (size: 35.7 KiB, free: 434.4 MiB)
[2025-07-08T15:42:06.833+0000] {spark_submit.py:644} INFO - 25/07/08 15:42:06 INFO BlockManagerInfo: Removed broadcast_0_piece0 on 172.19.0.8:39915 in memory (size: 35.7 KiB, free: 434.4 MiB)
[2025-07-08T15:42:06.843+0000] {spark_submit.py:644} INFO - 25/07/08 15:42:06 INFO BlockManagerInfo: Removed broadcast_1_piece0 on 3748f1b8240a:37925 in memory (size: 13.3 KiB, free: 434.4 MiB)
[2025-07-08T15:42:06.845+0000] {spark_submit.py:644} INFO - 25/07/08 15:42:06 INFO BlockManagerInfo: Added broadcast_2_piece0 in memory on 172.19.0.8:39915 (size: 8.4 KiB, free: 434.4 MiB)
[2025-07-08T15:42:06.846+0000] {spark_submit.py:644} INFO - 25/07/08 15:42:06 INFO BlockManagerInfo: Removed broadcast_1_piece0 on 172.19.0.8:39915 in memory (size: 13.3 KiB, free: 434.4 MiB)
[2025-07-08T15:42:08.215+0000] {spark_submit.py:644} INFO - 25/07/08 15:42:08 INFO TaskSetManager: Finished task 0.0 in stage 1.0 (TID 1) in 1430 ms on 172.19.0.8 (executor 0) (1/2)
[2025-07-08T15:42:08.216+0000] {spark_submit.py:644} INFO - 25/07/08 15:42:08 INFO TaskSetManager: Finished task 1.0 in stage 1.0 (TID 2) in 1429 ms on 172.19.0.8 (executor 0) (2/2)
[2025-07-08T15:42:08.216+0000] {spark_submit.py:644} INFO - 25/07/08 15:42:08 INFO TaskSchedulerImpl: Removed TaskSet 1.0, whose tasks have all completed, from pool
[2025-07-08T15:42:08.219+0000] {spark_submit.py:644} INFO - 25/07/08 15:42:08 INFO DAGScheduler: ShuffleMapStage 1 (count at NativeMethodAccessorImpl.java:0) finished in 1.465 s
[2025-07-08T15:42:08.220+0000] {spark_submit.py:644} INFO - 25/07/08 15:42:08 INFO DAGScheduler: looking for newly runnable stages
[2025-07-08T15:42:08.221+0000] {spark_submit.py:644} INFO - 25/07/08 15:42:08 INFO DAGScheduler: running: Set()
[2025-07-08T15:42:08.221+0000] {spark_submit.py:644} INFO - 25/07/08 15:42:08 INFO DAGScheduler: waiting: Set()
[2025-07-08T15:42:08.222+0000] {spark_submit.py:644} INFO - 25/07/08 15:42:08 INFO DAGScheduler: failed: Set()
[2025-07-08T15:42:08.262+0000] {spark_submit.py:644} INFO - 25/07/08 15:42:08 INFO CodeGenerator: Code generated in 11.088542 ms
[2025-07-08T15:42:08.278+0000] {spark_submit.py:644} INFO - 25/07/08 15:42:08 INFO SparkContext: Starting job: count at NativeMethodAccessorImpl.java:0
[2025-07-08T15:42:08.280+0000] {spark_submit.py:644} INFO - 25/07/08 15:42:08 INFO DAGScheduler: Got job 2 (count at NativeMethodAccessorImpl.java:0) with 1 output partitions
[2025-07-08T15:42:08.280+0000] {spark_submit.py:644} INFO - 25/07/08 15:42:08 INFO DAGScheduler: Final stage: ResultStage 3 (count at NativeMethodAccessorImpl.java:0)
[2025-07-08T15:42:08.281+0000] {spark_submit.py:644} INFO - 25/07/08 15:42:08 INFO DAGScheduler: Parents of final stage: List(ShuffleMapStage 2)
[2025-07-08T15:42:08.281+0000] {spark_submit.py:644} INFO - 25/07/08 15:42:08 INFO DAGScheduler: Missing parents: List()
[2025-07-08T15:42:08.282+0000] {spark_submit.py:644} INFO - 25/07/08 15:42:08 INFO DAGScheduler: Submitting ResultStage 3 (MapPartitionsRDD[15] at count at NativeMethodAccessorImpl.java:0), which has no missing parents
[2025-07-08T15:42:08.301+0000] {spark_submit.py:644} INFO - 25/07/08 15:42:08 INFO MemoryStore: Block broadcast_3 stored as values in memory (estimated size 12.5 KiB, free 434.4 MiB)
[2025-07-08T15:42:08.347+0000] {spark_submit.py:644} INFO - 25/07/08 15:42:08 INFO MemoryStore: Block broadcast_3_piece0 stored as bytes in memory (estimated size 5.9 KiB, free 434.4 MiB)
[2025-07-08T15:42:08.348+0000] {spark_submit.py:644} INFO - 25/07/08 15:42:08 INFO BlockManagerInfo: Added broadcast_3_piece0 in memory on 3748f1b8240a:37925 (size: 5.9 KiB, free: 434.4 MiB)
[2025-07-08T15:42:08.349+0000] {spark_submit.py:644} INFO - 25/07/08 15:42:08 INFO SparkContext: Created broadcast 3 from broadcast at DAGScheduler.scala:1585
[2025-07-08T15:42:08.350+0000] {spark_submit.py:644} INFO - 25/07/08 15:42:08 INFO BlockManagerInfo: Removed broadcast_2_piece0 on 3748f1b8240a:37925 in memory (size: 8.4 KiB, free: 434.4 MiB)
[2025-07-08T15:42:08.351+0000] {spark_submit.py:644} INFO - 25/07/08 15:42:08 INFO DAGScheduler: Submitting 1 missing tasks from ResultStage 3 (MapPartitionsRDD[15] at count at NativeMethodAccessorImpl.java:0) (first 15 tasks are for partitions Vector(0))
[2025-07-08T15:42:08.352+0000] {spark_submit.py:644} INFO - 25/07/08 15:42:08 INFO TaskSchedulerImpl: Adding task set 3.0 with 1 tasks resource profile 0
[2025-07-08T15:42:08.352+0000] {spark_submit.py:644} INFO - 25/07/08 15:42:08 INFO BlockManagerInfo: Removed broadcast_2_piece0 on 172.19.0.8:39915 in memory (size: 8.4 KiB, free: 434.4 MiB)
[2025-07-08T15:42:08.357+0000] {spark_submit.py:644} INFO - 25/07/08 15:42:08 INFO TaskSetManager: Starting task 0.0 in stage 3.0 (TID 3) (172.19.0.8, executor 0, partition 0, NODE_LOCAL, 9518 bytes)
[2025-07-08T15:42:08.376+0000] {spark_submit.py:644} INFO - 25/07/08 15:42:08 INFO BlockManagerInfo: Added broadcast_3_piece0 in memory on 172.19.0.8:39915 (size: 5.9 KiB, free: 434.4 MiB)
[2025-07-08T15:42:08.413+0000] {spark_submit.py:644} INFO - 25/07/08 15:42:08 INFO MapOutputTrackerMasterEndpoint: Asked to send map output locations for shuffle 0 to 172.19.0.8:42728
[2025-07-08T15:42:08.533+0000] {spark_submit.py:644} INFO - 25/07/08 15:42:08 INFO TaskSetManager: Finished task 0.0 in stage 3.0 (TID 3) in 177 ms on 172.19.0.8 (executor 0) (1/1)
[2025-07-08T15:42:08.537+0000] {spark_submit.py:644} INFO - 25/07/08 15:42:08 INFO TaskSchedulerImpl: Removed TaskSet 3.0, whose tasks have all completed, from pool
[2025-07-08T15:42:08.538+0000] {spark_submit.py:644} INFO - 25/07/08 15:42:08 INFO DAGScheduler: ResultStage 3 (count at NativeMethodAccessorImpl.java:0) finished in 0.235 s
[2025-07-08T15:42:08.539+0000] {spark_submit.py:644} INFO - 25/07/08 15:42:08 INFO DAGScheduler: Job 2 is finished. Cancelling potential speculative or zombie tasks for this job
[2025-07-08T15:42:08.540+0000] {spark_submit.py:644} INFO - 25/07/08 15:42:08 INFO TaskSchedulerImpl: Killing all running tasks in stage 3: Stage finished
[2025-07-08T15:42:08.541+0000] {spark_submit.py:644} INFO - 25/07/08 15:42:08 INFO DAGScheduler: Job 2 finished: count at NativeMethodAccessorImpl.java:0, took 0.259180 s
[2025-07-08T15:42:09.340+0000] {spark_submit.py:644} INFO - 25/07/08 15:42:09 INFO BaseMetastoreTableOperations: Refreshing table metadata from new version: s3a://warehouse/exercises/pdf_documents_3f2f6938-06f1-4401-a884-d6a6de9720a0/metadata/00016-1ac4dff6-c7c6-4f8d-9bba-123afcf5927e.metadata.json
[2025-07-08T15:42:09.487+0000] {spark_submit.py:644} INFO - 25/07/08 15:42:09 INFO NessieUtil: loadTableMetadata for 'exercises.pdf_documents' from location 's3a://warehouse/exercises/pdf_documents_3f2f6938-06f1-4401-a884-d6a6de9720a0/metadata/00016-1ac4dff6-c7c6-4f8d-9bba-123afcf5927e.metadata.json' at 'Branch{name=main, metadata=null, hash=cfdfdbfb9a1cd268ef861f0073329985528ca9e38400cd2f064b7e2ae3637dce}'
[2025-07-08T15:42:09.501+0000] {spark_submit.py:644} INFO - 25/07/08 15:42:09 INFO BaseMetastoreCatalog: Table loaded by catalog: nessie.exercises.pdf_documents
[2025-07-08T15:42:11.129+0000] {spark_submit.py:644} INFO - 25/07/08 15:42:11 INFO CodeGenerator: Code generated in 30.565704 ms
[2025-07-08T15:42:11.230+0000] {spark_submit.py:644} INFO - 25/07/08 15:42:11 INFO SparkWrite: Requesting 0 bytes advisory partition size for table nessie.exercises.pdf_documents
[2025-07-08T15:42:11.231+0000] {spark_submit.py:644} INFO - 25/07/08 15:42:11 INFO SparkWrite: Requesting UnspecifiedDistribution as write distribution for table nessie.exercises.pdf_documents
[2025-07-08T15:42:11.232+0000] {spark_submit.py:644} INFO - 25/07/08 15:42:11 INFO SparkWrite: Requesting [] as write ordering for table nessie.exercises.pdf_documents
[2025-07-08T15:42:11.270+0000] {spark_submit.py:644} INFO - 25/07/08 15:42:11 INFO BlockManagerInfo: Removed broadcast_3_piece0 on 3748f1b8240a:37925 in memory (size: 5.9 KiB, free: 434.4 MiB)
[2025-07-08T15:42:11.272+0000] {spark_submit.py:644} INFO - 25/07/08 15:42:11 INFO CodeGenerator: Code generated in 25.062487 ms
[2025-07-08T15:42:11.273+0000] {spark_submit.py:644} INFO - 25/07/08 15:42:11 INFO BlockManagerInfo: Removed broadcast_3_piece0 on 172.19.0.8:39915 in memory (size: 5.9 KiB, free: 434.4 MiB)
[2025-07-08T15:42:11.288+0000] {spark_submit.py:644} INFO - 25/07/08 15:42:11 INFO MemoryStore: Block broadcast_4 stored as values in memory (estimated size 32.0 KiB, free 434.4 MiB)
[2025-07-08T15:42:11.449+0000] {spark_submit.py:644} INFO - 25/07/08 15:42:11 INFO MemoryStore: Block broadcast_4_piece0 stored as bytes in memory (estimated size 30.1 KiB, free 434.3 MiB)
[2025-07-08T15:42:11.604+0000] {spark_submit.py:644} INFO - 25/07/08 15:42:11 INFO BlockManagerInfo: Added broadcast_4_piece0 in memory on 3748f1b8240a:37925 (size: 30.1 KiB, free: 434.4 MiB)
[2025-07-08T15:42:11.604+0000] {spark_submit.py:644} INFO - 25/07/08 15:42:11 INFO SparkContext: Created broadcast 4 from broadcast at SparkWrite.java:193
[2025-07-08T15:42:11.607+0000] {spark_submit.py:644} INFO - 25/07/08 15:42:11 INFO AppendDataExec: Start processing data source write support: IcebergBatchWrite(table=nessie.exercises.pdf_documents, format=PARQUET). The input RDD has 2 partitions.
[2025-07-08T15:42:11.618+0000] {spark_submit.py:644} INFO - 25/07/08 15:42:11 INFO SparkContext: Starting job: saveAsTable at NativeMethodAccessorImpl.java:0
[2025-07-08T15:42:11.619+0000] {spark_submit.py:644} INFO - 25/07/08 15:42:11 INFO DAGScheduler: Got job 3 (saveAsTable at NativeMethodAccessorImpl.java:0) with 2 output partitions
[2025-07-08T15:42:11.620+0000] {spark_submit.py:644} INFO - 25/07/08 15:42:11 INFO DAGScheduler: Final stage: ResultStage 4 (saveAsTable at NativeMethodAccessorImpl.java:0)
[2025-07-08T15:42:11.620+0000] {spark_submit.py:644} INFO - 25/07/08 15:42:11 INFO DAGScheduler: Parents of final stage: List()
[2025-07-08T15:42:11.621+0000] {spark_submit.py:644} INFO - 25/07/08 15:42:11 INFO DAGScheduler: Missing parents: List()
[2025-07-08T15:42:11.621+0000] {spark_submit.py:644} INFO - 25/07/08 15:42:11 INFO DAGScheduler: Submitting ResultStage 4 (MapPartitionsRDD[16] at saveAsTable at NativeMethodAccessorImpl.java:0), which has no missing parents
[2025-07-08T15:42:11.622+0000] {spark_submit.py:644} INFO - 25/07/08 15:42:11 INFO MemoryStore: Block broadcast_5 stored as values in memory (estimated size 15.1 KiB, free 434.3 MiB)
[2025-07-08T15:42:11.667+0000] {spark_submit.py:644} INFO - 25/07/08 15:42:11 INFO MemoryStore: Block broadcast_5_piece0 stored as bytes in memory (estimated size 7.8 KiB, free 434.3 MiB)
[2025-07-08T15:42:11.757+0000] {spark_submit.py:644} INFO - 25/07/08 15:42:11 INFO BlockManagerInfo: Added broadcast_5_piece0 in memory on 3748f1b8240a:37925 (size: 7.8 KiB, free: 434.4 MiB)
[2025-07-08T15:42:11.758+0000] {spark_submit.py:644} INFO - 25/07/08 15:42:11 INFO SparkContext: Created broadcast 5 from broadcast at DAGScheduler.scala:1585
[2025-07-08T15:42:11.758+0000] {spark_submit.py:644} INFO - 25/07/08 15:42:11 INFO DAGScheduler: Submitting 2 missing tasks from ResultStage 4 (MapPartitionsRDD[16] at saveAsTable at NativeMethodAccessorImpl.java:0) (first 15 tasks are for partitions Vector(0, 1))
[2025-07-08T15:42:11.759+0000] {spark_submit.py:644} INFO - 25/07/08 15:42:11 INFO TaskSchedulerImpl: Adding task set 4.0 with 2 tasks resource profile 0
[2025-07-08T15:42:11.760+0000] {spark_submit.py:644} INFO - 25/07/08 15:42:11 INFO TaskSetManager: Starting task 0.0 in stage 4.0 (TID 4) (172.19.0.8, executor 0, partition 0, PROCESS_LOCAL, 9498 bytes)
[2025-07-08T15:42:11.760+0000] {spark_submit.py:644} INFO - 25/07/08 15:42:11 INFO TaskSetManager: Starting task 1.0 in stage 4.0 (TID 5) (172.19.0.8, executor 0, partition 1, PROCESS_LOCAL, 15463 bytes)
[2025-07-08T15:42:11.776+0000] {spark_submit.py:644} INFO - 25/07/08 15:42:11 INFO BlockManagerInfo: Added broadcast_5_piece0 in memory on 172.19.0.8:39915 (size: 7.8 KiB, free: 434.4 MiB)
[2025-07-08T15:42:11.847+0000] {spark_submit.py:644} INFO - 25/07/08 15:42:11 INFO BlockManagerInfo: Added broadcast_4_piece0 in memory on 172.19.0.8:39915 (size: 30.1 KiB, free: 434.4 MiB)
[2025-07-08T15:42:12.925+0000] {spark_submit.py:644} INFO - 25/07/08 15:42:12 INFO TaskSetManager: Finished task 0.0 in stage 4.0 (TID 4) in 1165 ms on 172.19.0.8 (executor 0) (1/2)
[2025-07-08T15:42:13.742+0000] {spark_submit.py:644} INFO - 25/07/08 15:42:13 INFO TaskSetManager: Finished task 1.0 in stage 4.0 (TID 5) in 1982 ms on 172.19.0.8 (executor 0) (2/2)
[2025-07-08T15:42:13.743+0000] {spark_submit.py:644} INFO - 25/07/08 15:42:13 INFO TaskSchedulerImpl: Removed TaskSet 4.0, whose tasks have all completed, from pool
[2025-07-08T15:42:13.744+0000] {spark_submit.py:644} INFO - 25/07/08 15:42:13 INFO DAGScheduler: ResultStage 4 (saveAsTable at NativeMethodAccessorImpl.java:0) finished in 2.122 s
[2025-07-08T15:42:13.744+0000] {spark_submit.py:644} INFO - 25/07/08 15:42:13 INFO DAGScheduler: Job 3 is finished. Cancelling potential speculative or zombie tasks for this job
[2025-07-08T15:42:13.745+0000] {spark_submit.py:644} INFO - 25/07/08 15:42:13 INFO TaskSchedulerImpl: Killing all running tasks in stage 4: Stage finished
[2025-07-08T15:42:13.746+0000] {spark_submit.py:644} INFO - 25/07/08 15:42:13 INFO DAGScheduler: Job 3 finished: saveAsTable at NativeMethodAccessorImpl.java:0, took 2.126511 s
[2025-07-08T15:42:13.746+0000] {spark_submit.py:644} INFO - 25/07/08 15:42:13 INFO AppendDataExec: Data source write support IcebergBatchWrite(table=nessie.exercises.pdf_documents, format=PARQUET) is committing.
[2025-07-08T15:42:13.798+0000] {spark_submit.py:644} INFO - 25/07/08 15:42:13 INFO SparkWrite: Committing append with 1 new data files to table nessie.exercises.pdf_documents
[2025-07-08T15:42:15.015+0000] {spark_submit.py:644} INFO - 25/07/08 15:42:15 INFO NessieIcebergClient: Committed 'exercises.pdf_documents' against 'Branch{name=main, metadata=null, hash=a9b675e6be44e421b7494d8fd3fed438434cdc2ab51054ab597e124fd2ade80c}', expected commit-id was 'cfdfdbfb9a1cd268ef861f0073329985528ca9e38400cd2f064b7e2ae3637dce'
[2025-07-08T15:42:15.015+0000] {spark_submit.py:644} INFO - 25/07/08 15:42:15 INFO BaseMetastoreTableOperations: Successfully committed to table exercises.pdf_documents in 311 ms
[2025-07-08T15:42:15.016+0000] {spark_submit.py:644} INFO - 25/07/08 15:42:15 INFO SnapshotProducer: Committed snapshot 868577628975913405 (MergeAppend)
[2025-07-08T15:42:15.051+0000] {spark_submit.py:644} INFO - 25/07/08 15:42:15 INFO BaseMetastoreTableOperations: Refreshing table metadata from new version: s3a://warehouse/exercises/pdf_documents_3f2f6938-06f1-4401-a884-d6a6de9720a0/metadata/00017-492539a6-919e-45a3-9702-df0b8a3ea2cd.metadata.json
[2025-07-08T15:42:15.064+0000] {spark_submit.py:644} INFO - 25/07/08 15:42:15 INFO NessieUtil: loadTableMetadata for 'exercises.pdf_documents' from location 's3a://warehouse/exercises/pdf_documents_3f2f6938-06f1-4401-a884-d6a6de9720a0/metadata/00017-492539a6-919e-45a3-9702-df0b8a3ea2cd.metadata.json' at 'Branch{name=main, metadata=null, hash=a9b675e6be44e421b7494d8fd3fed438434cdc2ab51054ab597e124fd2ade80c}'
[2025-07-08T15:42:15.101+0000] {spark_submit.py:644} INFO - 25/07/08 15:42:15 INFO LoggingMetricsReporter: Received metrics report: CommitReport{tableName=nessie.exercises.pdf_documents, snapshotId=868577628975913405, sequenceNumber=18, operation=append, commitMetrics=CommitMetricsResult{totalDuration=TimerResult{timeUnit=NANOSECONDS, totalDuration=PT1.223308183S, count=1}, attempts=CounterResult{unit=COUNT, value=1}, addedDataFiles=CounterResult{unit=COUNT, value=1}, removedDataFiles=null, totalDataFiles=CounterResult{unit=COUNT, value=18}, addedDeleteFiles=null, addedEqualityDeleteFiles=null, addedPositionalDeleteFiles=null, addedDVs=null, removedDeleteFiles=null, removedEqualityDeleteFiles=null, removedPositionalDeleteFiles=null, removedDVs=null, totalDeleteFiles=CounterResult{unit=COUNT, value=0}, addedRecords=CounterResult{unit=COUNT, value=1}, removedRecords=null, totalRecords=CounterResult{unit=COUNT, value=18}, addedFilesSizeInBytes=CounterResult{unit=BYTES, value=5114}, removedFilesSizeInBytes=null, totalFilesSizeInBytes=CounterResult{unit=BYTES, value=134789}, addedPositionalDeletes=null, removedPositionalDeletes=null, totalPositionalDeletes=CounterResult{unit=COUNT, value=0}, addedEqualityDeletes=null, removedEqualityDeletes=null, totalEqualityDeletes=CounterResult{unit=COUNT, value=0}}, metadata={engine-version=3.5.5, app-id=app-20250708154140-0006, engine-name=spark, iceberg-version=Apache Iceberg 1.8.1 (commit 9ce0fcf0af7becf25ad9fc996c3bad2afdcfd33d)}}
[2025-07-08T15:42:15.102+0000] {spark_submit.py:644} INFO - 25/07/08 15:42:15 INFO SparkWrite: Committed in 1301 ms
[2025-07-08T15:42:15.102+0000] {spark_submit.py:644} INFO - 25/07/08 15:42:15 INFO AppendDataExec: Data source write support IcebergBatchWrite(table=nessie.exercises.pdf_documents, format=PARQUET) committed.
[2025-07-08T15:42:15.104+0000] {spark_submit.py:644} INFO - 🎮 Iniciando processamento de simulações...
[2025-07-08T15:42:15.230+0000] {spark_submit.py:644} INFO - 25/07/08 15:42:15 INFO InMemoryFileIndex: It took 18 ms to list leaf files for 1 paths.
[2025-07-08T15:42:15.350+0000] {spark_submit.py:644} INFO - 25/07/08 15:42:15 INFO FileSourceStrategy: Pushed Filters:
[2025-07-08T15:42:15.351+0000] {spark_submit.py:644} INFO - 25/07/08 15:42:15 INFO FileSourceStrategy: Post-Scan Filters:
[2025-07-08T15:42:15.360+0000] {spark_submit.py:644} INFO - 25/07/08 15:42:15 INFO MemoryStore: Block broadcast_6 stored as values in memory (estimated size 203.7 KiB, free 434.1 MiB)
[2025-07-08T15:42:15.387+0000] {spark_submit.py:644} INFO - 25/07/08 15:42:15 INFO BlockManagerInfo: Removed broadcast_4_piece0 on 3748f1b8240a:37925 in memory (size: 30.1 KiB, free: 434.4 MiB)
[2025-07-08T15:42:15.391+0000] {spark_submit.py:644} INFO - 25/07/08 15:42:15 INFO BlockManagerInfo: Removed broadcast_4_piece0 on 172.19.0.8:39915 in memory (size: 30.1 KiB, free: 434.4 MiB)
[2025-07-08T15:42:15.396+0000] {spark_submit.py:644} INFO - 25/07/08 15:42:15 INFO MemoryStore: Block broadcast_6_piece0 stored as bytes in memory (estimated size 35.7 KiB, free 434.1 MiB)
[2025-07-08T15:42:15.408+0000] {spark_submit.py:644} INFO - 25/07/08 15:42:15 INFO BlockManagerInfo: Added broadcast_6_piece0 in memory on 3748f1b8240a:37925 (size: 35.7 KiB, free: 434.4 MiB)
[2025-07-08T15:42:15.409+0000] {spark_submit.py:644} INFO - 25/07/08 15:42:15 INFO BlockManagerInfo: Removed broadcast_5_piece0 on 3748f1b8240a:37925 in memory (size: 7.8 KiB, free: 434.4 MiB)
[2025-07-08T15:42:15.410+0000] {spark_submit.py:644} INFO - 25/07/08 15:42:15 INFO SparkContext: Created broadcast 6 from collect at /opt/bitnami/spark/jobs/process_exercises_job.py:300
[2025-07-08T15:42:15.411+0000] {spark_submit.py:644} INFO - 25/07/08 15:42:15 INFO BlockManagerInfo: Removed broadcast_5_piece0 on 172.19.0.8:39915 in memory (size: 7.8 KiB, free: 434.4 MiB)
[2025-07-08T15:42:15.412+0000] {spark_submit.py:644} INFO - 25/07/08 15:42:15 INFO FileSourceScanExec: Planning scan with bin packing, max size: 8390298 bytes, open cost is considered as scanning 4194304 bytes.
[2025-07-08T15:42:15.422+0000] {spark_submit.py:644} INFO - 25/07/08 15:42:15 INFO SparkContext: Starting job: collect at /opt/bitnami/spark/jobs/process_exercises_job.py:300
[2025-07-08T15:42:15.423+0000] {spark_submit.py:644} INFO - 25/07/08 15:42:15 INFO DAGScheduler: Got job 4 (collect at /opt/bitnami/spark/jobs/process_exercises_job.py:300) with 2 output partitions
[2025-07-08T15:42:15.424+0000] {spark_submit.py:644} INFO - 25/07/08 15:42:15 INFO DAGScheduler: Final stage: ResultStage 5 (collect at /opt/bitnami/spark/jobs/process_exercises_job.py:300)
[2025-07-08T15:42:15.425+0000] {spark_submit.py:644} INFO - 25/07/08 15:42:15 INFO DAGScheduler: Parents of final stage: List()
[2025-07-08T15:42:15.426+0000] {spark_submit.py:644} INFO - 25/07/08 15:42:15 INFO DAGScheduler: Missing parents: List()
[2025-07-08T15:42:15.426+0000] {spark_submit.py:644} INFO - 25/07/08 15:42:15 INFO DAGScheduler: Submitting ResultStage 5 (MapPartitionsRDD[19] at collect at /opt/bitnami/spark/jobs/process_exercises_job.py:300), which has no missing parents
[2025-07-08T15:42:15.428+0000] {spark_submit.py:644} INFO - 25/07/08 15:42:15 INFO MemoryStore: Block broadcast_7 stored as values in memory (estimated size 9.4 KiB, free 434.2 MiB)
[2025-07-08T15:42:15.440+0000] {spark_submit.py:644} INFO - 25/07/08 15:42:15 INFO MemoryStore: Block broadcast_7_piece0 stored as bytes in memory (estimated size 4.7 KiB, free 434.2 MiB)
[2025-07-08T15:42:15.441+0000] {spark_submit.py:644} INFO - 25/07/08 15:42:15 INFO BlockManagerInfo: Added broadcast_7_piece0 in memory on 3748f1b8240a:37925 (size: 4.7 KiB, free: 434.4 MiB)
[2025-07-08T15:42:15.442+0000] {spark_submit.py:644} INFO - 25/07/08 15:42:15 INFO SparkContext: Created broadcast 7 from broadcast at DAGScheduler.scala:1585
[2025-07-08T15:42:15.443+0000] {spark_submit.py:644} INFO - 25/07/08 15:42:15 INFO DAGScheduler: Submitting 2 missing tasks from ResultStage 5 (MapPartitionsRDD[19] at collect at /opt/bitnami/spark/jobs/process_exercises_job.py:300) (first 15 tasks are for partitions Vector(0, 1))
[2025-07-08T15:42:15.443+0000] {spark_submit.py:644} INFO - 25/07/08 15:42:15 INFO TaskSchedulerImpl: Adding task set 5.0 with 2 tasks resource profile 0
[2025-07-08T15:42:15.445+0000] {spark_submit.py:644} INFO - 25/07/08 15:42:15 INFO TaskSetManager: Starting task 0.0 in stage 5.0 (TID 6) (172.19.0.8, executor 0, partition 0, PROCESS_LOCAL, 10380 bytes)
[2025-07-08T15:42:15.445+0000] {spark_submit.py:644} INFO - 25/07/08 15:42:15 INFO TaskSetManager: Starting task 1.0 in stage 5.0 (TID 7) (172.19.0.8, executor 0, partition 1, PROCESS_LOCAL, 10383 bytes)
[2025-07-08T15:42:15.540+0000] {spark_submit.py:644} INFO - 25/07/08 15:42:15 INFO BlockManagerInfo: Added broadcast_7_piece0 in memory on 172.19.0.8:39915 (size: 4.7 KiB, free: 434.4 MiB)
[2025-07-08T15:42:15.567+0000] {spark_submit.py:644} INFO - 25/07/08 15:42:15 INFO BlockManagerInfo: Added broadcast_6_piece0 in memory on 172.19.0.8:39915 (size: 35.7 KiB, free: 434.4 MiB)
[2025-07-08T15:42:15.612+0000] {spark_submit.py:644} INFO - 25/07/08 15:42:15 INFO TaskSetManager: Finished task 1.0 in stage 5.0 (TID 7) in 167 ms on 172.19.0.8 (executor 0) (1/2)
[2025-07-08T15:42:15.614+0000] {spark_submit.py:644} INFO - 25/07/08 15:42:15 INFO TaskSetManager: Finished task 0.0 in stage 5.0 (TID 6) in 170 ms on 172.19.0.8 (executor 0) (2/2)
[2025-07-08T15:42:15.615+0000] {spark_submit.py:644} INFO - 25/07/08 15:42:15 INFO TaskSchedulerImpl: Removed TaskSet 5.0, whose tasks have all completed, from pool
[2025-07-08T15:42:15.615+0000] {spark_submit.py:644} INFO - 25/07/08 15:42:15 INFO DAGScheduler: ResultStage 5 (collect at /opt/bitnami/spark/jobs/process_exercises_job.py:300) finished in 0.189 s
[2025-07-08T15:42:15.616+0000] {spark_submit.py:644} INFO - 25/07/08 15:42:15 INFO DAGScheduler: Job 4 is finished. Cancelling potential speculative or zombie tasks for this job
[2025-07-08T15:42:15.617+0000] {spark_submit.py:644} INFO - 25/07/08 15:42:15 INFO TaskSchedulerImpl: Killing all running tasks in stage 5: Stage finished
[2025-07-08T15:42:15.618+0000] {spark_submit.py:644} INFO - 25/07/08 15:42:15 INFO DAGScheduler: Job 4 finished: collect at /opt/bitnami/spark/jobs/process_exercises_job.py:300, took 0.193539 s
[2025-07-08T15:42:15.622+0000] {spark_submit.py:644} INFO - 🎮 Processando 3 arquivos PROTO...
[2025-07-08T15:42:15.686+0000] {spark_submit.py:644} INFO - 25/07/08 15:42:15 INFO InMemoryFileIndex: It took 13 ms to list leaf files for 1 paths.
[2025-07-08T15:42:15.926+0000] {spark_submit.py:644} INFO - 25/07/08 15:42:15 INFO FileSourceStrategy: Pushed Filters:
[2025-07-08T15:42:15.927+0000] {spark_submit.py:644} INFO - 25/07/08 15:42:15 INFO FileSourceStrategy: Post-Scan Filters:
[2025-07-08T15:42:15.971+0000] {spark_submit.py:644} INFO - 25/07/08 15:42:15 INFO CodeGenerator: Code generated in 13.62252 ms
[2025-07-08T15:42:16.020+0000] {spark_submit.py:644} INFO - 25/07/08 15:42:16 INFO CodeGenerator: Code generated in 38.429368 ms
[2025-07-08T15:42:16.024+0000] {spark_submit.py:644} INFO - 25/07/08 15:42:16 INFO MemoryStore: Block broadcast_8 stored as values in memory (estimated size 203.5 KiB, free 434.0 MiB)
[2025-07-08T15:42:16.037+0000] {spark_submit.py:644} INFO - 25/07/08 15:42:16 INFO BlockManagerInfo: Removed broadcast_7_piece0 on 3748f1b8240a:37925 in memory (size: 4.7 KiB, free: 434.4 MiB)
[2025-07-08T15:42:16.040+0000] {spark_submit.py:644} INFO - 25/07/08 15:42:16 INFO BlockManagerInfo: Removed broadcast_7_piece0 on 172.19.0.8:39915 in memory (size: 4.7 KiB, free: 434.4 MiB)
[2025-07-08T15:42:16.042+0000] {spark_submit.py:644} INFO - 25/07/08 15:42:16 INFO MemoryStore: Block broadcast_8_piece0 stored as bytes in memory (estimated size 35.7 KiB, free 433.9 MiB)
[2025-07-08T15:42:16.044+0000] {spark_submit.py:644} INFO - 25/07/08 15:42:16 INFO BlockManagerInfo: Added broadcast_8_piece0 in memory on 3748f1b8240a:37925 (size: 35.7 KiB, free: 434.3 MiB)
[2025-07-08T15:42:16.045+0000] {spark_submit.py:644} INFO - 25/07/08 15:42:16 INFO SparkContext: Created broadcast 8 from count at NativeMethodAccessorImpl.java:0
[2025-07-08T15:42:16.046+0000] {spark_submit.py:644} INFO - 25/07/08 15:42:16 INFO FileSourceScanExec: Planning scan with bin packing, max size: 4194304 bytes, open cost is considered as scanning 4194304 bytes.
[2025-07-08T15:42:16.199+0000] {spark_submit.py:644} INFO - 25/07/08 15:42:16 INFO DAGScheduler: Registering RDD 28 (count at NativeMethodAccessorImpl.java:0) as input to shuffle 1
[2025-07-08T15:42:16.200+0000] {spark_submit.py:644} INFO - 25/07/08 15:42:16 INFO DAGScheduler: Got map stage job 5 (count at NativeMethodAccessorImpl.java:0) with 1 output partitions
[2025-07-08T15:42:16.201+0000] {spark_submit.py:644} INFO - 25/07/08 15:42:16 INFO DAGScheduler: Final stage: ShuffleMapStage 6 (count at NativeMethodAccessorImpl.java:0)
[2025-07-08T15:42:16.202+0000] {spark_submit.py:644} INFO - 25/07/08 15:42:16 INFO DAGScheduler: Parents of final stage: List()
[2025-07-08T15:42:16.203+0000] {spark_submit.py:644} INFO - 25/07/08 15:42:16 INFO DAGScheduler: Missing parents: List()
[2025-07-08T15:42:16.204+0000] {spark_submit.py:644} INFO - 25/07/08 15:42:16 INFO DAGScheduler: Submitting ShuffleMapStage 6 (MapPartitionsRDD[28] at count at NativeMethodAccessorImpl.java:0), which has no missing parents
[2025-07-08T15:42:16.219+0000] {spark_submit.py:644} INFO - 25/07/08 15:42:16 INFO MemoryStore: Block broadcast_9 stored as values in memory (estimated size 40.8 KiB, free 433.9 MiB)
[2025-07-08T15:42:16.272+0000] {spark_submit.py:644} INFO - 25/07/08 15:42:16 INFO MemoryStore: Block broadcast_9_piece0 stored as bytes in memory (estimated size 19.0 KiB, free 433.9 MiB)
[2025-07-08T15:42:16.326+0000] {spark_submit.py:644} INFO - 25/07/08 15:42:16 INFO BlockManagerInfo: Added broadcast_9_piece0 in memory on 3748f1b8240a:37925 (size: 19.0 KiB, free: 434.3 MiB)
[2025-07-08T15:42:16.327+0000] {spark_submit.py:644} INFO - 25/07/08 15:42:16 INFO SparkContext: Created broadcast 9 from broadcast at DAGScheduler.scala:1585
[2025-07-08T15:42:16.328+0000] {spark_submit.py:644} INFO - 25/07/08 15:42:16 INFO DAGScheduler: Submitting 1 missing tasks from ShuffleMapStage 6 (MapPartitionsRDD[28] at count at NativeMethodAccessorImpl.java:0) (first 15 tasks are for partitions Vector(0))
[2025-07-08T15:42:16.328+0000] {spark_submit.py:644} INFO - 25/07/08 15:42:16 INFO TaskSchedulerImpl: Adding task set 6.0 with 1 tasks resource profile 0
[2025-07-08T15:42:16.336+0000] {spark_submit.py:644} INFO - 25/07/08 15:42:16 INFO TaskSetManager: Starting task 0.0 in stage 6.0 (TID 8) (172.19.0.8, executor 0, partition 0, PROCESS_LOCAL, 10191 bytes)
[2025-07-08T15:42:16.349+0000] {spark_submit.py:644} INFO - 25/07/08 15:42:16 INFO BlockManagerInfo: Added broadcast_9_piece0 in memory on 172.19.0.8:39915 (size: 19.0 KiB, free: 434.3 MiB)
[2025-07-08T15:42:16.406+0000] {spark_submit.py:644} INFO - 25/07/08 15:42:16 INFO BlockManagerInfo: Added broadcast_8_piece0 in memory on 172.19.0.8:39915 (size: 35.7 KiB, free: 434.3 MiB)
[2025-07-08T15:42:16.880+0000] {spark_submit.py:644} INFO - 25/07/08 15:42:16 INFO TaskSetManager: Finished task 0.0 in stage 6.0 (TID 8) in 551 ms on 172.19.0.8 (executor 0) (1/1)
[2025-07-08T15:42:16.881+0000] {spark_submit.py:644} INFO - 25/07/08 15:42:16 INFO TaskSchedulerImpl: Removed TaskSet 6.0, whose tasks have all completed, from pool
[2025-07-08T15:42:16.882+0000] {spark_submit.py:644} INFO - 25/07/08 15:42:16 INFO DAGScheduler: ShuffleMapStage 6 (count at NativeMethodAccessorImpl.java:0) finished in 0.679 s
[2025-07-08T15:42:16.882+0000] {spark_submit.py:644} INFO - 25/07/08 15:42:16 INFO DAGScheduler: looking for newly runnable stages
[2025-07-08T15:42:16.883+0000] {spark_submit.py:644} INFO - 25/07/08 15:42:16 INFO DAGScheduler: running: Set()
[2025-07-08T15:42:16.883+0000] {spark_submit.py:644} INFO - 25/07/08 15:42:16 INFO DAGScheduler: waiting: Set()
[2025-07-08T15:42:16.884+0000] {spark_submit.py:644} INFO - 25/07/08 15:42:16 INFO DAGScheduler: failed: Set()
[2025-07-08T15:42:16.903+0000] {spark_submit.py:644} INFO - 25/07/08 15:42:16 INFO CodeGenerator: Code generated in 8.920057 ms
[2025-07-08T15:42:16.918+0000] {spark_submit.py:644} INFO - 25/07/08 15:42:16 INFO SparkContext: Starting job: count at NativeMethodAccessorImpl.java:0
[2025-07-08T15:42:16.920+0000] {spark_submit.py:644} INFO - 25/07/08 15:42:16 INFO DAGScheduler: Got job 6 (count at NativeMethodAccessorImpl.java:0) with 1 output partitions
[2025-07-08T15:42:16.920+0000] {spark_submit.py:644} INFO - 25/07/08 15:42:16 INFO DAGScheduler: Final stage: ResultStage 8 (count at NativeMethodAccessorImpl.java:0)
[2025-07-08T15:42:16.921+0000] {spark_submit.py:644} INFO - 25/07/08 15:42:16 INFO DAGScheduler: Parents of final stage: List(ShuffleMapStage 7)
[2025-07-08T15:42:16.922+0000] {spark_submit.py:644} INFO - 25/07/08 15:42:16 INFO DAGScheduler: Missing parents: List()
[2025-07-08T15:42:16.922+0000] {spark_submit.py:644} INFO - 25/07/08 15:42:16 INFO DAGScheduler: Submitting ResultStage 8 (MapPartitionsRDD[31] at count at NativeMethodAccessorImpl.java:0), which has no missing parents
[2025-07-08T15:42:16.923+0000] {spark_submit.py:644} INFO - 25/07/08 15:42:16 INFO MemoryStore: Block broadcast_10 stored as values in memory (estimated size 12.5 KiB, free 433.9 MiB)
[2025-07-08T15:42:16.961+0000] {spark_submit.py:644} INFO - 25/07/08 15:42:16 INFO MemoryStore: Block broadcast_10_piece0 stored as bytes in memory (estimated size 5.9 KiB, free 433.9 MiB)
[2025-07-08T15:42:16.962+0000] {spark_submit.py:644} INFO - 25/07/08 15:42:16 INFO BlockManagerInfo: Added broadcast_10_piece0 in memory on 3748f1b8240a:37925 (size: 5.9 KiB, free: 434.3 MiB)
[2025-07-08T15:42:16.963+0000] {spark_submit.py:644} INFO - 25/07/08 15:42:16 INFO BlockManagerInfo: Removed broadcast_9_piece0 on 3748f1b8240a:37925 in memory (size: 19.0 KiB, free: 434.3 MiB)
[2025-07-08T15:42:16.963+0000] {spark_submit.py:644} INFO - 25/07/08 15:42:16 INFO SparkContext: Created broadcast 10 from broadcast at DAGScheduler.scala:1585
[2025-07-08T15:42:16.964+0000] {spark_submit.py:644} INFO - 25/07/08 15:42:16 INFO DAGScheduler: Submitting 1 missing tasks from ResultStage 8 (MapPartitionsRDD[31] at count at NativeMethodAccessorImpl.java:0) (first 15 tasks are for partitions Vector(0))
[2025-07-08T15:42:16.965+0000] {spark_submit.py:644} INFO - 25/07/08 15:42:16 INFO TaskSchedulerImpl: Adding task set 8.0 with 1 tasks resource profile 0
[2025-07-08T15:42:16.966+0000] {spark_submit.py:644} INFO - 25/07/08 15:42:16 INFO BlockManagerInfo: Removed broadcast_9_piece0 on 172.19.0.8:39915 in memory (size: 19.0 KiB, free: 434.3 MiB)
[2025-07-08T15:42:16.966+0000] {spark_submit.py:644} INFO - 25/07/08 15:42:16 INFO TaskSetManager: Starting task 0.0 in stage 8.0 (TID 9) (172.19.0.8, executor 0, partition 0, NODE_LOCAL, 9518 bytes)
[2025-07-08T15:42:17.004+0000] {spark_submit.py:644} INFO - 25/07/08 15:42:17 INFO BlockManagerInfo: Added broadcast_10_piece0 in memory on 172.19.0.8:39915 (size: 5.9 KiB, free: 434.3 MiB)
[2025-07-08T15:42:17.011+0000] {spark_submit.py:644} INFO - 25/07/08 15:42:17 INFO MapOutputTrackerMasterEndpoint: Asked to send map output locations for shuffle 1 to 172.19.0.8:42728
[2025-07-08T15:42:17.230+0000] {spark_submit.py:644} INFO - 25/07/08 15:42:17 INFO TaskSetManager: Finished task 0.0 in stage 8.0 (TID 9) in 265 ms on 172.19.0.8 (executor 0) (1/1)
[2025-07-08T15:42:17.231+0000] {spark_submit.py:644} INFO - 25/07/08 15:42:17 INFO TaskSchedulerImpl: Removed TaskSet 8.0, whose tasks have all completed, from pool
[2025-07-08T15:42:17.232+0000] {spark_submit.py:644} INFO - 25/07/08 15:42:17 INFO DAGScheduler: ResultStage 8 (count at NativeMethodAccessorImpl.java:0) finished in 0.309 s
[2025-07-08T15:42:17.233+0000] {spark_submit.py:644} INFO - 25/07/08 15:42:17 INFO DAGScheduler: Job 6 is finished. Cancelling potential speculative or zombie tasks for this job
[2025-07-08T15:42:17.233+0000] {spark_submit.py:644} INFO - 25/07/08 15:42:17 INFO TaskSchedulerImpl: Killing all running tasks in stage 8: Stage finished
[2025-07-08T15:42:17.234+0000] {spark_submit.py:644} INFO - 25/07/08 15:42:17 INFO DAGScheduler: Job 6 finished: count at NativeMethodAccessorImpl.java:0, took 0.313969 s
[2025-07-08T15:42:17.265+0000] {spark_submit.py:644} INFO - 25/07/08 15:42:17 INFO InMemoryFileIndex: It took 10 ms to list leaf files for 1 paths.
[2025-07-08T15:42:17.441+0000] {spark_submit.py:644} INFO - 25/07/08 15:42:17 INFO FileSourceStrategy: Pushed Filters:
[2025-07-08T15:42:17.442+0000] {spark_submit.py:644} INFO - 25/07/08 15:42:17 INFO FileSourceStrategy: Post-Scan Filters:
[2025-07-08T15:42:17.505+0000] {spark_submit.py:644} INFO - 25/07/08 15:42:17 INFO MemoryStore: Block broadcast_11 stored as values in memory (estimated size 203.5 KiB, free 433.7 MiB)
[2025-07-08T15:42:17.520+0000] {spark_submit.py:644} INFO - 25/07/08 15:42:17 INFO BlockManagerInfo: Removed broadcast_10_piece0 on 3748f1b8240a:37925 in memory (size: 5.9 KiB, free: 434.3 MiB)
[2025-07-08T15:42:17.521+0000] {spark_submit.py:644} INFO - 25/07/08 15:42:17 INFO BlockManagerInfo: Removed broadcast_10_piece0 on 172.19.0.8:39915 in memory (size: 5.9 KiB, free: 434.3 MiB)
[2025-07-08T15:42:17.524+0000] {spark_submit.py:644} INFO - 25/07/08 15:42:17 INFO MemoryStore: Block broadcast_11_piece0 stored as bytes in memory (estimated size 35.7 KiB, free 433.7 MiB)
[2025-07-08T15:42:17.525+0000] {spark_submit.py:644} INFO - 25/07/08 15:42:17 INFO BlockManagerInfo: Added broadcast_11_piece0 in memory on 3748f1b8240a:37925 (size: 35.7 KiB, free: 434.3 MiB)
[2025-07-08T15:42:17.526+0000] {spark_submit.py:644} INFO - 25/07/08 15:42:17 INFO SparkContext: Created broadcast 11 from count at NativeMethodAccessorImpl.java:0
[2025-07-08T15:42:17.527+0000] {spark_submit.py:644} INFO - 25/07/08 15:42:17 INFO FileSourceScanExec: Planning scan with bin packing, max size: 4194304 bytes, open cost is considered as scanning 4194304 bytes.
[2025-07-08T15:42:17.530+0000] {spark_submit.py:644} INFO - 25/07/08 15:42:17 INFO BlockManagerInfo: Removed broadcast_8_piece0 on 3748f1b8240a:37925 in memory (size: 35.7 KiB, free: 434.3 MiB)
[2025-07-08T15:42:17.532+0000] {spark_submit.py:644} INFO - 25/07/08 15:42:17 INFO BlockManagerInfo: Removed broadcast_8_piece0 on 172.19.0.8:39915 in memory (size: 35.7 KiB, free: 434.4 MiB)
[2025-07-08T15:42:17.542+0000] {spark_submit.py:644} INFO - 25/07/08 15:42:17 INFO DAGScheduler: Registering RDD 40 (count at NativeMethodAccessorImpl.java:0) as input to shuffle 2
[2025-07-08T15:42:17.543+0000] {spark_submit.py:644} INFO - 25/07/08 15:42:17 INFO DAGScheduler: Got map stage job 7 (count at NativeMethodAccessorImpl.java:0) with 1 output partitions
[2025-07-08T15:42:17.544+0000] {spark_submit.py:644} INFO - 25/07/08 15:42:17 INFO DAGScheduler: Final stage: ShuffleMapStage 9 (count at NativeMethodAccessorImpl.java:0)
[2025-07-08T15:42:17.544+0000] {spark_submit.py:644} INFO - 25/07/08 15:42:17 INFO DAGScheduler: Parents of final stage: List()
[2025-07-08T15:42:17.545+0000] {spark_submit.py:644} INFO - 25/07/08 15:42:17 INFO DAGScheduler: Missing parents: List()
[2025-07-08T15:42:17.545+0000] {spark_submit.py:644} INFO - 25/07/08 15:42:17 INFO DAGScheduler: Submitting ShuffleMapStage 9 (MapPartitionsRDD[40] at count at NativeMethodAccessorImpl.java:0), which has no missing parents
[2025-07-08T15:42:17.598+0000] {spark_submit.py:644} INFO - 25/07/08 15:42:17 INFO MemoryStore: Block broadcast_12 stored as values in memory (estimated size 40.8 KiB, free 433.9 MiB)
[2025-07-08T15:42:17.603+0000] {spark_submit.py:644} INFO - 25/07/08 15:42:17 INFO MemoryStore: Block broadcast_12_piece0 stored as bytes in memory (estimated size 19.0 KiB, free 433.9 MiB)
[2025-07-08T15:42:17.606+0000] {spark_submit.py:644} INFO - 25/07/08 15:42:17 INFO BlockManagerInfo: Added broadcast_12_piece0 in memory on 3748f1b8240a:37925 (size: 19.0 KiB, free: 434.3 MiB)
[2025-07-08T15:42:17.608+0000] {spark_submit.py:644} INFO - 25/07/08 15:42:17 INFO SparkContext: Created broadcast 12 from broadcast at DAGScheduler.scala:1585
[2025-07-08T15:42:17.610+0000] {spark_submit.py:644} INFO - 25/07/08 15:42:17 INFO DAGScheduler: Submitting 1 missing tasks from ShuffleMapStage 9 (MapPartitionsRDD[40] at count at NativeMethodAccessorImpl.java:0) (first 15 tasks are for partitions Vector(0))
[2025-07-08T15:42:17.612+0000] {spark_submit.py:644} INFO - 25/07/08 15:42:17 INFO TaskSchedulerImpl: Adding task set 9.0 with 1 tasks resource profile 0
[2025-07-08T15:42:17.615+0000] {spark_submit.py:644} INFO - 25/07/08 15:42:17 INFO TaskSetManager: Starting task 0.0 in stage 9.0 (TID 10) (172.19.0.8, executor 0, partition 0, PROCESS_LOCAL, 10191 bytes)
[2025-07-08T15:42:17.655+0000] {spark_submit.py:644} INFO - 25/07/08 15:42:17 INFO BlockManagerInfo: Added broadcast_12_piece0 in memory on 172.19.0.8:39915 (size: 19.0 KiB, free: 434.3 MiB)
[2025-07-08T15:42:17.767+0000] {spark_submit.py:644} INFO - 25/07/08 15:42:17 INFO BlockManagerInfo: Added broadcast_11_piece0 in memory on 172.19.0.8:39915 (size: 35.7 KiB, free: 434.3 MiB)
[2025-07-08T15:42:17.977+0000] {spark_submit.py:644} INFO - 25/07/08 15:42:17 INFO TaskSetManager: Finished task 0.0 in stage 9.0 (TID 10) in 364 ms on 172.19.0.8 (executor 0) (1/1)
[2025-07-08T15:42:17.978+0000] {spark_submit.py:644} INFO - 25/07/08 15:42:17 INFO TaskSchedulerImpl: Removed TaskSet 9.0, whose tasks have all completed, from pool
[2025-07-08T15:42:17.980+0000] {spark_submit.py:644} INFO - 25/07/08 15:42:17 INFO DAGScheduler: ShuffleMapStage 9 (count at NativeMethodAccessorImpl.java:0) finished in 0.435 s
[2025-07-08T15:42:17.980+0000] {spark_submit.py:644} INFO - 25/07/08 15:42:17 INFO DAGScheduler: looking for newly runnable stages
[2025-07-08T15:42:17.981+0000] {spark_submit.py:644} INFO - 25/07/08 15:42:17 INFO DAGScheduler: running: Set()
[2025-07-08T15:42:17.982+0000] {spark_submit.py:644} INFO - 25/07/08 15:42:17 INFO DAGScheduler: waiting: Set()
[2025-07-08T15:42:17.983+0000] {spark_submit.py:644} INFO - 25/07/08 15:42:17 INFO DAGScheduler: failed: Set()
[2025-07-08T15:42:18.057+0000] {spark_submit.py:644} INFO - 25/07/08 15:42:18 INFO SparkContext: Starting job: count at NativeMethodAccessorImpl.java:0
[2025-07-08T15:42:18.058+0000] {spark_submit.py:644} INFO - 25/07/08 15:42:18 INFO DAGScheduler: Got job 8 (count at NativeMethodAccessorImpl.java:0) with 1 output partitions
[2025-07-08T15:42:18.059+0000] {spark_submit.py:644} INFO - 25/07/08 15:42:18 INFO DAGScheduler: Final stage: ResultStage 11 (count at NativeMethodAccessorImpl.java:0)
[2025-07-08T15:42:18.060+0000] {spark_submit.py:644} INFO - 25/07/08 15:42:18 INFO DAGScheduler: Parents of final stage: List(ShuffleMapStage 10)
[2025-07-08T15:42:18.060+0000] {spark_submit.py:644} INFO - 25/07/08 15:42:18 INFO DAGScheduler: Missing parents: List()
[2025-07-08T15:42:18.061+0000] {spark_submit.py:644} INFO - 25/07/08 15:42:18 INFO DAGScheduler: Submitting ResultStage 11 (MapPartitionsRDD[43] at count at NativeMethodAccessorImpl.java:0), which has no missing parents
[2025-07-08T15:42:18.062+0000] {spark_submit.py:644} INFO - 25/07/08 15:42:18 INFO MemoryStore: Block broadcast_13 stored as values in memory (estimated size 12.5 KiB, free 433.9 MiB)
[2025-07-08T15:42:18.092+0000] {spark_submit.py:644} INFO - 25/07/08 15:42:18 INFO MemoryStore: Block broadcast_13_piece0 stored as bytes in memory (estimated size 5.9 KiB, free 433.9 MiB)
[2025-07-08T15:42:18.096+0000] {spark_submit.py:644} INFO - 25/07/08 15:42:18 INFO BlockManagerInfo: Removed broadcast_12_piece0 on 172.19.0.8:39915 in memory (size: 19.0 KiB, free: 434.3 MiB)
[2025-07-08T15:42:18.110+0000] {spark_submit.py:644} INFO - 25/07/08 15:42:18 INFO BlockManagerInfo: Added broadcast_13_piece0 in memory on 3748f1b8240a:37925 (size: 5.9 KiB, free: 434.3 MiB)
[2025-07-08T15:42:18.111+0000] {spark_submit.py:644} INFO - 25/07/08 15:42:18 INFO BlockManagerInfo: Removed broadcast_12_piece0 on 3748f1b8240a:37925 in memory (size: 19.0 KiB, free: 434.3 MiB)
[2025-07-08T15:42:18.112+0000] {spark_submit.py:644} INFO - 25/07/08 15:42:18 INFO SparkContext: Created broadcast 13 from broadcast at DAGScheduler.scala:1585
[2025-07-08T15:42:18.112+0000] {spark_submit.py:644} INFO - 25/07/08 15:42:18 INFO DAGScheduler: Submitting 1 missing tasks from ResultStage 11 (MapPartitionsRDD[43] at count at NativeMethodAccessorImpl.java:0) (first 15 tasks are for partitions Vector(0))
[2025-07-08T15:42:18.113+0000] {spark_submit.py:644} INFO - 25/07/08 15:42:18 INFO TaskSchedulerImpl: Adding task set 11.0 with 1 tasks resource profile 0
[2025-07-08T15:42:18.114+0000] {spark_submit.py:644} INFO - 25/07/08 15:42:18 INFO TaskSetManager: Starting task 0.0 in stage 11.0 (TID 11) (172.19.0.8, executor 0, partition 0, NODE_LOCAL, 9518 bytes)
[2025-07-08T15:42:18.130+0000] {spark_submit.py:644} INFO - 25/07/08 15:42:18 INFO BlockManagerInfo: Added broadcast_13_piece0 in memory on 172.19.0.8:39915 (size: 5.9 KiB, free: 434.3 MiB)
[2025-07-08T15:42:18.138+0000] {spark_submit.py:644} INFO - 25/07/08 15:42:18 INFO MapOutputTrackerMasterEndpoint: Asked to send map output locations for shuffle 2 to 172.19.0.8:42728
[2025-07-08T15:42:18.158+0000] {spark_submit.py:644} INFO - 25/07/08 15:42:18 INFO TaskSetManager: Finished task 0.0 in stage 11.0 (TID 11) in 45 ms on 172.19.0.8 (executor 0) (1/1)
[2025-07-08T15:42:18.159+0000] {spark_submit.py:644} INFO - 25/07/08 15:42:18 INFO TaskSchedulerImpl: Removed TaskSet 11.0, whose tasks have all completed, from pool
[2025-07-08T15:42:18.160+0000] {spark_submit.py:644} INFO - 25/07/08 15:42:18 INFO DAGScheduler: ResultStage 11 (count at NativeMethodAccessorImpl.java:0) finished in 0.099 s
[2025-07-08T15:42:18.160+0000] {spark_submit.py:644} INFO - 25/07/08 15:42:18 INFO DAGScheduler: Job 8 is finished. Cancelling potential speculative or zombie tasks for this job
[2025-07-08T15:42:18.161+0000] {spark_submit.py:644} INFO - 25/07/08 15:42:18 INFO TaskSchedulerImpl: Killing all running tasks in stage 11: Stage finished
[2025-07-08T15:42:18.162+0000] {spark_submit.py:644} INFO - 25/07/08 15:42:18 INFO DAGScheduler: Job 8 finished: count at NativeMethodAccessorImpl.java:0, took 0.103237 s
[2025-07-08T15:42:18.283+0000] {spark_submit.py:644} INFO - 25/07/08 15:42:18 INFO InMemoryFileIndex: It took 60 ms to list leaf files for 1 paths.
[2025-07-08T15:42:18.377+0000] {spark_submit.py:644} INFO - 25/07/08 15:42:18 INFO FileSourceStrategy: Pushed Filters:
[2025-07-08T15:42:18.378+0000] {spark_submit.py:644} INFO - 25/07/08 15:42:18 INFO FileSourceStrategy: Post-Scan Filters:
[2025-07-08T15:42:18.422+0000] {spark_submit.py:644} INFO - 25/07/08 15:42:18 INFO MemoryStore: Block broadcast_14 stored as values in memory (estimated size 203.5 KiB, free 433.7 MiB)
[2025-07-08T15:42:18.433+0000] {spark_submit.py:644} INFO - 25/07/08 15:42:18 INFO BlockManagerInfo: Removed broadcast_11_piece0 on 3748f1b8240a:37925 in memory (size: 35.7 KiB, free: 434.4 MiB)
[2025-07-08T15:42:18.436+0000] {spark_submit.py:644} INFO - 25/07/08 15:42:18 INFO BlockManagerInfo: Removed broadcast_11_piece0 on 172.19.0.8:39915 in memory (size: 35.7 KiB, free: 434.4 MiB)
[2025-07-08T15:42:18.437+0000] {spark_submit.py:644} INFO - 25/07/08 15:42:18 INFO MemoryStore: Block broadcast_14_piece0 stored as bytes in memory (estimated size 35.7 KiB, free 433.9 MiB)
[2025-07-08T15:42:18.438+0000] {spark_submit.py:644} INFO - 25/07/08 15:42:18 INFO BlockManagerInfo: Added broadcast_14_piece0 in memory on 3748f1b8240a:37925 (size: 35.7 KiB, free: 434.3 MiB)
[2025-07-08T15:42:18.439+0000] {spark_submit.py:644} INFO - 25/07/08 15:42:18 INFO SparkContext: Created broadcast 14 from count at NativeMethodAccessorImpl.java:0
[2025-07-08T15:42:18.441+0000] {spark_submit.py:644} INFO - 25/07/08 15:42:18 INFO FileSourceScanExec: Planning scan with bin packing, max size: 4194304 bytes, open cost is considered as scanning 4194304 bytes.
[2025-07-08T15:42:18.445+0000] {spark_submit.py:644} INFO - 25/07/08 15:42:18 INFO BlockManagerInfo: Removed broadcast_13_piece0 on 3748f1b8240a:37925 in memory (size: 5.9 KiB, free: 434.3 MiB)
[2025-07-08T15:42:18.448+0000] {spark_submit.py:644} INFO - 25/07/08 15:42:18 INFO BlockManagerInfo: Removed broadcast_13_piece0 on 172.19.0.8:39915 in memory (size: 5.9 KiB, free: 434.4 MiB)
[2025-07-08T15:42:18.455+0000] {spark_submit.py:644} INFO - 25/07/08 15:42:18 INFO DAGScheduler: Registering RDD 52 (count at NativeMethodAccessorImpl.java:0) as input to shuffle 3
[2025-07-08T15:42:18.455+0000] {spark_submit.py:644} INFO - 25/07/08 15:42:18 INFO DAGScheduler: Got map stage job 9 (count at NativeMethodAccessorImpl.java:0) with 1 output partitions
[2025-07-08T15:42:18.496+0000] {spark_submit.py:644} INFO - 25/07/08 15:42:18 INFO DAGScheduler: Final stage: ShuffleMapStage 12 (count at NativeMethodAccessorImpl.java:0)
[2025-07-08T15:42:18.497+0000] {spark_submit.py:644} INFO - 25/07/08 15:42:18 INFO DAGScheduler: Parents of final stage: List()
[2025-07-08T15:42:18.498+0000] {spark_submit.py:644} INFO - 25/07/08 15:42:18 INFO DAGScheduler: Missing parents: List()
[2025-07-08T15:42:18.498+0000] {spark_submit.py:644} INFO - 25/07/08 15:42:18 INFO DAGScheduler: Submitting ShuffleMapStage 12 (MapPartitionsRDD[52] at count at NativeMethodAccessorImpl.java:0), which has no missing parents
[2025-07-08T15:42:18.500+0000] {spark_submit.py:644} INFO - 25/07/08 15:42:18 INFO MemoryStore: Block broadcast_15 stored as values in memory (estimated size 40.8 KiB, free 433.9 MiB)
[2025-07-08T15:42:18.502+0000] {spark_submit.py:644} INFO - 25/07/08 15:42:18 INFO MemoryStore: Block broadcast_15_piece0 stored as bytes in memory (estimated size 18.9 KiB, free 433.9 MiB)
[2025-07-08T15:42:18.503+0000] {spark_submit.py:644} INFO - 25/07/08 15:42:18 INFO BlockManagerInfo: Added broadcast_15_piece0 in memory on 3748f1b8240a:37925 (size: 18.9 KiB, free: 434.3 MiB)
[2025-07-08T15:42:18.504+0000] {spark_submit.py:644} INFO - 25/07/08 15:42:18 INFO SparkContext: Created broadcast 15 from broadcast at DAGScheduler.scala:1585
[2025-07-08T15:42:18.504+0000] {spark_submit.py:644} INFO - 25/07/08 15:42:18 INFO DAGScheduler: Submitting 1 missing tasks from ShuffleMapStage 12 (MapPartitionsRDD[52] at count at NativeMethodAccessorImpl.java:0) (first 15 tasks are for partitions Vector(0))
[2025-07-08T15:42:18.505+0000] {spark_submit.py:644} INFO - 25/07/08 15:42:18 INFO TaskSchedulerImpl: Adding task set 12.0 with 1 tasks resource profile 0
[2025-07-08T15:42:18.506+0000] {spark_submit.py:644} INFO - 25/07/08 15:42:18 INFO TaskSetManager: Starting task 0.0 in stage 12.0 (TID 12) (172.19.0.8, executor 0, partition 0, PROCESS_LOCAL, 10191 bytes)
[2025-07-08T15:42:18.521+0000] {spark_submit.py:644} INFO - 25/07/08 15:42:18 INFO BlockManagerInfo: Added broadcast_15_piece0 in memory on 172.19.0.8:39915 (size: 18.9 KiB, free: 434.3 MiB)
[2025-07-08T15:42:18.553+0000] {spark_submit.py:644} INFO - 25/07/08 15:42:18 INFO BlockManagerInfo: Added broadcast_14_piece0 in memory on 172.19.0.8:39915 (size: 35.7 KiB, free: 434.3 MiB)
[2025-07-08T15:42:18.971+0000] {spark_submit.py:644} INFO - 25/07/08 15:42:18 INFO TaskSetManager: Finished task 0.0 in stage 12.0 (TID 12) in 464 ms on 172.19.0.8 (executor 0) (1/1)
[2025-07-08T15:42:18.972+0000] {spark_submit.py:644} INFO - 25/07/08 15:42:18 INFO TaskSchedulerImpl: Removed TaskSet 12.0, whose tasks have all completed, from pool
[2025-07-08T15:42:18.973+0000] {spark_submit.py:644} INFO - 25/07/08 15:42:18 INFO DAGScheduler: ShuffleMapStage 12 (count at NativeMethodAccessorImpl.java:0) finished in 0.475 s
[2025-07-08T15:42:18.974+0000] {spark_submit.py:644} INFO - 25/07/08 15:42:18 INFO DAGScheduler: looking for newly runnable stages
[2025-07-08T15:42:18.975+0000] {spark_submit.py:644} INFO - 25/07/08 15:42:18 INFO DAGScheduler: running: Set()
[2025-07-08T15:42:18.976+0000] {spark_submit.py:644} INFO - 25/07/08 15:42:18 INFO DAGScheduler: waiting: Set()
[2025-07-08T15:42:18.976+0000] {spark_submit.py:644} INFO - 25/07/08 15:42:18 INFO DAGScheduler: failed: Set()
[2025-07-08T15:42:18.995+0000] {spark_submit.py:644} INFO - 25/07/08 15:42:18 INFO SparkContext: Starting job: count at NativeMethodAccessorImpl.java:0
[2025-07-08T15:42:18.997+0000] {spark_submit.py:644} INFO - 25/07/08 15:42:18 INFO DAGScheduler: Got job 10 (count at NativeMethodAccessorImpl.java:0) with 1 output partitions
[2025-07-08T15:42:18.998+0000] {spark_submit.py:644} INFO - 25/07/08 15:42:18 INFO DAGScheduler: Final stage: ResultStage 14 (count at NativeMethodAccessorImpl.java:0)
[2025-07-08T15:42:18.998+0000] {spark_submit.py:644} INFO - 25/07/08 15:42:18 INFO DAGScheduler: Parents of final stage: List(ShuffleMapStage 13)
[2025-07-08T15:42:18.999+0000] {spark_submit.py:644} INFO - 25/07/08 15:42:18 INFO DAGScheduler: Missing parents: List()
[2025-07-08T15:42:19.000+0000] {spark_submit.py:644} INFO - 25/07/08 15:42:18 INFO DAGScheduler: Submitting ResultStage 14 (MapPartitionsRDD[55] at count at NativeMethodAccessorImpl.java:0), which has no missing parents
[2025-07-08T15:42:19.001+0000] {spark_submit.py:644} INFO - 25/07/08 15:42:19 INFO MemoryStore: Block broadcast_16 stored as values in memory (estimated size 12.5 KiB, free 433.9 MiB)
[2025-07-08T15:42:19.010+0000] {spark_submit.py:644} INFO - 25/07/08 15:42:19 INFO MemoryStore: Block broadcast_16_piece0 stored as bytes in memory (estimated size 5.9 KiB, free 433.9 MiB)
[2025-07-08T15:42:19.011+0000] {spark_submit.py:644} INFO - 25/07/08 15:42:19 INFO BlockManagerInfo: Added broadcast_16_piece0 in memory on 3748f1b8240a:37925 (size: 5.9 KiB, free: 434.3 MiB)
[2025-07-08T15:42:19.012+0000] {spark_submit.py:644} INFO - 25/07/08 15:42:19 INFO SparkContext: Created broadcast 16 from broadcast at DAGScheduler.scala:1585
[2025-07-08T15:42:19.014+0000] {spark_submit.py:644} INFO - 25/07/08 15:42:19 INFO BlockManagerInfo: Removed broadcast_15_piece0 on 3748f1b8240a:37925 in memory (size: 18.9 KiB, free: 434.3 MiB)
[2025-07-08T15:42:19.015+0000] {spark_submit.py:644} INFO - 25/07/08 15:42:19 INFO DAGScheduler: Submitting 1 missing tasks from ResultStage 14 (MapPartitionsRDD[55] at count at NativeMethodAccessorImpl.java:0) (first 15 tasks are for partitions Vector(0))
[2025-07-08T15:42:19.015+0000] {spark_submit.py:644} INFO - 25/07/08 15:42:19 INFO TaskSchedulerImpl: Adding task set 14.0 with 1 tasks resource profile 0
[2025-07-08T15:42:19.016+0000] {spark_submit.py:644} INFO - 25/07/08 15:42:19 INFO BlockManagerInfo: Removed broadcast_15_piece0 on 172.19.0.8:39915 in memory (size: 18.9 KiB, free: 434.3 MiB)
[2025-07-08T15:42:19.017+0000] {spark_submit.py:644} INFO - 25/07/08 15:42:19 INFO TaskSetManager: Starting task 0.0 in stage 14.0 (TID 13) (172.19.0.8, executor 0, partition 0, NODE_LOCAL, 9518 bytes)
[2025-07-08T15:42:19.038+0000] {spark_submit.py:644} INFO - 25/07/08 15:42:19 INFO BlockManagerInfo: Added broadcast_16_piece0 in memory on 172.19.0.8:39915 (size: 5.9 KiB, free: 434.3 MiB)
[2025-07-08T15:42:19.045+0000] {spark_submit.py:644} INFO - 25/07/08 15:42:19 INFO MapOutputTrackerMasterEndpoint: Asked to send map output locations for shuffle 3 to 172.19.0.8:42728
[2025-07-08T15:42:19.057+0000] {spark_submit.py:644} INFO - 25/07/08 15:42:19 INFO TaskSetManager: Finished task 0.0 in stage 14.0 (TID 13) in 40 ms on 172.19.0.8 (executor 0) (1/1)
[2025-07-08T15:42:19.058+0000] {spark_submit.py:644} INFO - 25/07/08 15:42:19 INFO TaskSchedulerImpl: Removed TaskSet 14.0, whose tasks have all completed, from pool
[2025-07-08T15:42:19.058+0000] {spark_submit.py:644} INFO - 25/07/08 15:42:19 INFO DAGScheduler: ResultStage 14 (count at NativeMethodAccessorImpl.java:0) finished in 0.059 s
[2025-07-08T15:42:19.059+0000] {spark_submit.py:644} INFO - 25/07/08 15:42:19 INFO DAGScheduler: Job 10 is finished. Cancelling potential speculative or zombie tasks for this job
[2025-07-08T15:42:19.060+0000] {spark_submit.py:644} INFO - 25/07/08 15:42:19 INFO TaskSchedulerImpl: Killing all running tasks in stage 14: Stage finished
[2025-07-08T15:42:19.061+0000] {spark_submit.py:644} INFO - 25/07/08 15:42:19 INFO DAGScheduler: Job 10 finished: count at NativeMethodAccessorImpl.java:0, took 0.063805 s
[2025-07-08T15:42:19.062+0000] {spark_submit.py:644} INFO - 🎮 Nenhum dado válido processado para PROTO
[2025-07-08T15:42:19.063+0000] {spark_submit.py:644} INFO - ⚡ Encerrando sessão Spark...
[2025-07-08T15:42:19.064+0000] {spark_submit.py:644} INFO - 25/07/08 15:42:19 INFO SparkContext: SparkContext is stopping with exitCode 0.
[2025-07-08T15:42:19.074+0000] {spark_submit.py:644} INFO - 25/07/08 15:42:19 INFO SparkUI: Stopped Spark web UI at http://3748f1b8240a:4040
[2025-07-08T15:42:19.099+0000] {spark_submit.py:644} INFO - 25/07/08 15:42:19 INFO StandaloneSchedulerBackend: Shutting down all executors
[2025-07-08T15:42:19.100+0000] {spark_submit.py:644} INFO - 25/07/08 15:42:19 INFO StandaloneSchedulerBackend$StandaloneDriverEndpoint: Asking each executor to shut down
[2025-07-08T15:42:19.122+0000] {spark_submit.py:644} INFO - 25/07/08 15:42:19 INFO MapOutputTrackerMasterEndpoint: MapOutputTrackerMasterEndpoint stopped!
[2025-07-08T15:42:19.190+0000] {spark_submit.py:644} INFO - 25/07/08 15:42:19 INFO MemoryStore: MemoryStore cleared
[2025-07-08T15:42:19.193+0000] {spark_submit.py:644} INFO - 25/07/08 15:42:19 INFO BlockManager: BlockManager stopped
[2025-07-08T15:42:19.204+0000] {spark_submit.py:644} INFO - 25/07/08 15:42:19 INFO BlockManagerMaster: BlockManagerMaster stopped
[2025-07-08T15:42:19.231+0000] {spark_submit.py:644} INFO - 25/07/08 15:42:19 INFO OutputCommitCoordinator$OutputCommitCoordinatorEndpoint: OutputCommitCoordinator stopped!
[2025-07-08T15:42:19.330+0000] {spark_submit.py:644} INFO - 25/07/08 15:42:19 INFO SparkContext: Successfully stopped SparkContext
[2025-07-08T15:42:19.976+0000] {spark_submit.py:644} INFO - ✅ Processamento concluído com sucesso!
[2025-07-08T15:42:20.332+0000] {spark_submit.py:644} INFO - 25/07/08 15:42:20 INFO ShutdownHookManager: Shutdown hook called
[2025-07-08T15:42:20.335+0000] {spark_submit.py:644} INFO - 25/07/08 15:42:20 INFO ShutdownHookManager: Deleting directory /tmp/spark-0f4cf2ef-6c53-40d9-854a-3ce094b5c1ac
[2025-07-08T15:42:20.353+0000] {spark_submit.py:644} INFO - 25/07/08 15:42:20 INFO ShutdownHookManager: Deleting directory /tmp/spark-a10011e1-1241-4d9f-bee2-e92317fd3abe
[2025-07-08T15:42:20.360+0000] {spark_submit.py:644} INFO - 25/07/08 15:42:20 INFO ShutdownHookManager: Deleting directory /tmp/spark-a10011e1-1241-4d9f-bee2-e92317fd3abe/pyspark-0b7cded4-6f80-48dd-a09a-cb396146cdad
[2025-07-08T15:42:20.372+0000] {spark_submit.py:644} INFO - 25/07/08 15:42:20 INFO MetricsSystemImpl: Stopping s3a-file-system metrics system...
[2025-07-08T15:42:20.373+0000] {spark_submit.py:644} INFO - 25/07/08 15:42:20 INFO MetricsSystemImpl: s3a-file-system metrics system stopped.
[2025-07-08T15:42:20.373+0000] {spark_submit.py:644} INFO - 25/07/08 15:42:20 INFO MetricsSystemImpl: s3a-file-system metrics system shutdown complete.
[2025-07-08T15:42:20.782+0000] {taskinstance.py:349} INFO - ::group::Post task execution logs
[2025-07-08T15:42:20.783+0000] {taskinstance.py:361} INFO - Marking task as SUCCESS. dag_id=process_exercises, task_id=process_exercises, run_id=manual__2025-07-08T15:41:25.770398+00:00, execution_date=20250708T154125, start_date=20250708T154131, end_date=20250708T154220
[2025-07-08T15:42:20.949+0000] {local_task_job_runner.py:266} INFO - Task exited with return code 0
[2025-07-08T15:42:21.045+0000] {taskinstance.py:3924} INFO - 1 downstream tasks scheduled from follow-on schedule check
[2025-07-08T15:42:21.086+0000] {local_task_job_runner.py:245} INFO - ::endgroup::
