[2025-07-08T17:16:21.840+0000] {local_task_job_runner.py:123} INFO - ::group::Pre task execution logs
[2025-07-08T17:16:21.882+0000] {taskinstance.py:2631} INFO - Dependencies all met for dep_context=non-requeueable deps ti=<TaskInstance: process_exercises.update_manifest_to_processed manual__2025-07-08T17:15:13.522608+00:00 [queued]>
[2025-07-08T17:16:21.892+0000] {taskinstance.py:2631} INFO - Dependencies all met for dep_context=requeueable deps ti=<TaskInstance: process_exercises.update_manifest_to_processed manual__2025-07-08T17:15:13.522608+00:00 [queued]>
[2025-07-08T17:16:21.893+0000] {taskinstance.py:2884} INFO - Starting attempt 1 of 1
[2025-07-08T17:16:21.950+0000] {taskinstance.py:2907} INFO - Executing <Task(PythonOperator): update_manifest_to_processed> on 2025-07-08 17:15:13.522608+00:00
[2025-07-08T17:16:21.963+0000] {standard_task_runner.py:104} INFO - Running: ['airflow', 'tasks', 'run', 'process_exercises', 'update_manifest_to_processed', 'manual__2025-07-08T17:15:13.522608+00:00', '--job-id', '166', '--raw', '--subdir', 'DAGS_FOLDER/process_exercises.py', '--cfg-path', '/tmp/tmplm_5r1v9']
[2025-07-08T17:16:21.968+0000] {standard_task_runner.py:105} INFO - Job 166: Subtask update_manifest_to_processed
[2025-07-08T17:16:21.994+0000] {logging_mixin.py:190} WARNING - /home/airflow/.local/lib/python3.12/site-packages/airflow/task/task_runner/standard_task_runner.py:70 DeprecationWarning: This process (pid=8241) is multi-threaded, use of fork() may lead to deadlocks in the child.
[2025-07-08T17:16:21.995+0000] {standard_task_runner.py:72} INFO - Started process 8242 to run task
[2025-07-08T17:16:22.106+0000] {task_command.py:467} INFO - Running <TaskInstance: process_exercises.update_manifest_to_processed manual__2025-07-08T17:15:13.522608+00:00 [running]> on host 3748f1b8240a
[2025-07-08T17:16:22.567+0000] {taskinstance.py:3157} INFO - Exporting env vars: AIRFLOW_CTX_DAG_OWNER='airflow' AIRFLOW_CTX_DAG_ID='process_exercises' AIRFLOW_CTX_TASK_ID='update_manifest_to_processed' AIRFLOW_CTX_EXECUTION_DATE='2025-07-08T17:15:13.522608+00:00' AIRFLOW_CTX_TRY_NUMBER='1' AIRFLOW_CTX_DAG_RUN_ID='manual__2025-07-08T17:15:13.522608+00:00'
[2025-07-08T17:16:22.568+0000] {taskinstance.py:740} INFO - ::endgroup::
[2025-07-08T17:16:22.636+0000] {base.py:84} INFO - Retrieving connection 'minio-ebsim'
[2025-07-08T17:16:22.637+0000] {connection_wrapper.py:328} INFO - AWS Connection (conn_id='minio-ebsim', conn_type='aws') credentials retrieved from extra.
[2025-07-08T17:16:23.918+0000] {logging_mixin.py:190} INFO - Exercício CA-SUL-virtual-99RC-2025-07-08 movido para 'processed'
[2025-07-08T17:16:23.919+0000] {python.py:240} INFO - Done. Returned value was: None
[2025-07-08T17:16:23.937+0000] {taskinstance.py:349} INFO - ::group::Post task execution logs
[2025-07-08T17:16:23.938+0000] {taskinstance.py:361} INFO - Marking task as SUCCESS. dag_id=process_exercises, task_id=update_manifest_to_processed, run_id=manual__2025-07-08T17:15:13.522608+00:00, execution_date=20250708T171513, start_date=20250708T171621, end_date=20250708T171623
[2025-07-08T17:16:24.344+0000] {local_task_job_runner.py:266} INFO - Task exited with return code 0
[2025-07-08T17:16:24.374+0000] {taskinstance.py:3924} INFO - 0 downstream tasks scheduled from follow-on schedule check
[2025-07-08T17:16:24.558+0000] {local_task_job_runner.py:245} INFO - ::endgroup::
