[2025-07-08T15:23:54.459+0000] {local_task_job_runner.py:123} INFO - ::group::Pre task execution logs
[2025-07-08T15:23:54.495+0000] {taskinstance.py:2631} INFO - Dependencies all met for dep_context=non-requeueable deps ti=<TaskInstance: process_exercises.process_exercises manual__2025-07-08T15:23:50.683526+00:00 [queued]>
[2025-07-08T15:23:54.508+0000] {taskinstance.py:2631} INFO - Dependencies all met for dep_context=requeueable deps ti=<TaskInstance: process_exercises.process_exercises manual__2025-07-08T15:23:50.683526+00:00 [queued]>
[2025-07-08T15:23:54.509+0000] {taskinstance.py:2884} INFO - Starting attempt 1 of 1
[2025-07-08T15:23:54.566+0000] {taskinstance.py:2907} INFO - Executing <Task(SparkSubmitOperator): process_exercises> on 2025-07-08 15:23:50.683526+00:00
[2025-07-08T15:23:54.573+0000] {logging_mixin.py:190} WARNING - /home/airflow/.local/lib/python3.12/site-packages/airflow/task/task_runner/standard_task_runner.py:70 DeprecationWarning: This process (pid=3842) is multi-threaded, use of fork() may lead to deadlocks in the child.
[2025-07-08T15:23:54.575+0000] {standard_task_runner.py:72} INFO - Started process 3843 to run task
[2025-07-08T15:23:54.574+0000] {standard_task_runner.py:104} INFO - Running: ['airflow', 'tasks', 'run', 'process_exercises', 'process_exercises', 'manual__2025-07-08T15:23:50.683526+00:00', '--job-id', '142', '--raw', '--subdir', 'DAGS_FOLDER/process_exercises.py', '--cfg-path', '/tmp/tmphu8t0l68']
[2025-07-08T15:23:54.577+0000] {standard_task_runner.py:105} INFO - Job 142: Subtask process_exercises
[2025-07-08T15:23:54.715+0000] {task_command.py:467} INFO - Running <TaskInstance: process_exercises.process_exercises manual__2025-07-08T15:23:50.683526+00:00 [running]> on host 3748f1b8240a
[2025-07-08T15:23:54.942+0000] {taskinstance.py:3157} INFO - Exporting env vars: AIRFLOW_CTX_DAG_OWNER='airflow' AIRFLOW_CTX_DAG_ID='process_exercises' AIRFLOW_CTX_TASK_ID='process_exercises' AIRFLOW_CTX_EXECUTION_DATE='2025-07-08T15:23:50.683526+00:00' AIRFLOW_CTX_TRY_NUMBER='1' AIRFLOW_CTX_DAG_RUN_ID='manual__2025-07-08T15:23:50.683526+00:00'
[2025-07-08T15:23:54.944+0000] {taskinstance.py:740} INFO - ::endgroup::
[2025-07-08T15:23:55.018+0000] {base.py:84} INFO - Retrieving connection 'spark-ebsim'
[2025-07-08T15:23:55.029+0000] {spark_submit.py:474} INFO - Spark-Submit cmd: spark-submit --master spark://spark-master:7077 --jars /opt/bitnami/spark/jars/iceberg-spark-runtime-3.5_2.12-1.8.1.jar,/opt/bitnami/spark/jars/nessie-spark-extensions-3.5_2.12-0.103.2.jar,/opt/bitnami/spark/jars/nessie-client-0.103.2.jar,/opt/bitnami/spark/jars/hadoop-aws-3.3.2.jar,/opt/bitnami/spark/jars/aws-java-sdk-bundle-1.12.262.jar, --name arrow-spark --deploy-mode client /opt/bitnami/spark/jobs/process_exercises_job.py {"id": "CA-LESTE-construtiva-7DE-2025-07-08", "manifest_entry": {"data": {"createdAt": "2025-07-08T15:22:45.270Z", "origin": "CA-LESTE", "path": "exercises/CA-LESTE-construtiva-7DE-2025-07-08"}, "id": "CA-LESTE-construtiva-7DE-2025-07-08"}, "metadata": {"createdAt": "2025-07-08T15:22:45.270Z", "description": "7DE", "documents": [{"description": "", "id": "1751988217081", "mimetype": "application/pdf", "name": "Op Jacui IV - Anexo A - Inteligencia.pdf", "path": "exercises/CA-LESTE-construtiva-7DE-2025-07-08/documents/Op Jacui IV - Anexo A - Inteligencia.pdf", "size": 47523, "uploadedAt": "2025-07-08T15:23:37.082Z"}], "endDate": "2025-07-10", "id": "CA-LESTE-construtiva-7DE-2025-07-08", "name": "Jogo de Guerra", "origin": "CA-LESTE", "simulationType": "construtiva", "simulations": [{"id": "172.19.0.14_2025-07-08", "movedAt": "2025-07-08T15:23:40.755Z", "name": "172.19.0.14_2025-07-08", "originalPath": "staging/172.19.0.14_2025-07-08", "path": "exercises/CA-LESTE-construtiva-7DE-2025-07-08/simulations/172.19.0.14_2025-07-08"}], "startDate": "2025-07-09", "trainedForce": "7 Divis\u00e3o de Ex\u00e9rcito", "updatedAt": "2025-07-08T15:23:40.755Z", "wikiUrl": ""}}
[2025-07-08T15:23:58.368+0000] {spark_submit.py:644} INFO - 25/07/08 15:23:58 WARN NativeCodeLoader: Unable to load native-hadoop library for your platform... using builtin-java classes where applicable
[2025-07-08T15:24:00.770+0000] {spark_submit.py:644} INFO - [PROCESS EXERCISES] ✅ sessão Spark iniciada com sucesso.
[2025-07-08T15:24:01.363+0000] {spark_submit.py:644} INFO - 25/07/08 15:24:01 INFO SparkContext: Running Spark version 3.5.5
[2025-07-08T15:24:01.364+0000] {spark_submit.py:644} INFO - 25/07/08 15:24:01 INFO SparkContext: OS info Linux, 5.15.167.4-microsoft-standard-WSL2, amd64
[2025-07-08T15:24:01.365+0000] {spark_submit.py:644} INFO - 25/07/08 15:24:01 INFO SparkContext: Java version 17.0.15
[2025-07-08T15:24:01.390+0000] {spark_submit.py:644} INFO - 25/07/08 15:24:01 INFO ResourceUtils: ==============================================================
[2025-07-08T15:24:01.391+0000] {spark_submit.py:644} INFO - 25/07/08 15:24:01 INFO ResourceUtils: No custom resources configured for spark.driver.
[2025-07-08T15:24:01.391+0000] {spark_submit.py:644} INFO - 25/07/08 15:24:01 INFO ResourceUtils: ==============================================================
[2025-07-08T15:24:01.392+0000] {spark_submit.py:644} INFO - 25/07/08 15:24:01 INFO SparkContext: Submitted application: ProcessExercises
[2025-07-08T15:24:01.410+0000] {spark_submit.py:644} INFO - 25/07/08 15:24:01 INFO ResourceProfile: Default ResourceProfile created, executor resources: Map(memory -> name: memory, amount: 1024, script: , vendor: , offHeap -> name: offHeap, amount: 0, script: , vendor: ), task resources: Map(cpus -> name: cpus, amount: 1.0)
[2025-07-08T15:24:01.418+0000] {spark_submit.py:644} INFO - 25/07/08 15:24:01 INFO ResourceProfile: Limiting resource is cpu
[2025-07-08T15:24:01.419+0000] {spark_submit.py:644} INFO - 25/07/08 15:24:01 INFO ResourceProfileManager: Added ResourceProfile id: 0
[2025-07-08T15:24:01.459+0000] {spark_submit.py:644} INFO - 25/07/08 15:24:01 INFO SecurityManager: Changing view acls to: airflow
[2025-07-08T15:24:01.460+0000] {spark_submit.py:644} INFO - 25/07/08 15:24:01 INFO SecurityManager: Changing modify acls to: airflow
[2025-07-08T15:24:01.461+0000] {spark_submit.py:644} INFO - 25/07/08 15:24:01 INFO SecurityManager: Changing view acls groups to:
[2025-07-08T15:24:01.461+0000] {spark_submit.py:644} INFO - 25/07/08 15:24:01 INFO SecurityManager: Changing modify acls groups to:
[2025-07-08T15:24:01.462+0000] {spark_submit.py:644} INFO - 25/07/08 15:24:01 INFO SecurityManager: SecurityManager: authentication disabled; ui acls disabled; users with view permissions: airflow; groups with view permissions: EMPTY; users with modify permissions: airflow; groups with modify permissions: EMPTY
[2025-07-08T15:24:01.651+0000] {spark_submit.py:644} INFO - 25/07/08 15:24:01 INFO Utils: Successfully started service 'sparkDriver' on port 44473.
[2025-07-08T15:24:01.685+0000] {spark_submit.py:644} INFO - 25/07/08 15:24:01 INFO SparkEnv: Registering MapOutputTracker
[2025-07-08T15:24:01.736+0000] {spark_submit.py:644} INFO - 25/07/08 15:24:01 INFO SparkEnv: Registering BlockManagerMaster
[2025-07-08T15:24:01.755+0000] {spark_submit.py:644} INFO - 25/07/08 15:24:01 INFO BlockManagerMasterEndpoint: Using org.apache.spark.storage.DefaultTopologyMapper for getting topology information
[2025-07-08T15:24:01.755+0000] {spark_submit.py:644} INFO - 25/07/08 15:24:01 INFO BlockManagerMasterEndpoint: BlockManagerMasterEndpoint up
[2025-07-08T15:24:01.761+0000] {spark_submit.py:644} INFO - 25/07/08 15:24:01 INFO SparkEnv: Registering BlockManagerMasterHeartbeat
[2025-07-08T15:24:01.832+0000] {spark_submit.py:644} INFO - 25/07/08 15:24:01 INFO DiskBlockManager: Created local directory at /tmp/blockmgr-7230b754-9139-45e7-b7d1-47cb0fbf61e0
[2025-07-08T15:24:01.848+0000] {spark_submit.py:644} INFO - 25/07/08 15:24:01 INFO MemoryStore: MemoryStore started with capacity 434.4 MiB
[2025-07-08T15:24:01.873+0000] {spark_submit.py:644} INFO - 25/07/08 15:24:01 INFO SparkEnv: Registering OutputCommitCoordinator
[2025-07-08T15:24:02.007+0000] {spark_submit.py:644} INFO - 25/07/08 15:24:02 INFO JettyUtils: Start Jetty 0.0.0.0:4040 for SparkUI
[2025-07-08T15:24:02.080+0000] {spark_submit.py:644} INFO - 25/07/08 15:24:02 INFO Utils: Successfully started service 'SparkUI' on port 4040.
[2025-07-08T15:24:02.136+0000] {spark_submit.py:644} INFO - 25/07/08 15:24:02 INFO SparkContext: Added JAR file:///opt/bitnami/spark/jars/iceberg-spark-runtime-3.5_2.12-1.8.1.jar at spark://3748f1b8240a:44473/jars/iceberg-spark-runtime-3.5_2.12-1.8.1.jar with timestamp 1751988241357
[2025-07-08T15:24:02.138+0000] {spark_submit.py:644} INFO - 25/07/08 15:24:02 INFO SparkContext: Added JAR file:///opt/bitnami/spark/jars/nessie-spark-extensions-3.5_2.12-0.103.2.jar at spark://3748f1b8240a:44473/jars/nessie-spark-extensions-3.5_2.12-0.103.2.jar with timestamp 1751988241357
[2025-07-08T15:24:02.140+0000] {spark_submit.py:644} INFO - 25/07/08 15:24:02 INFO SparkContext: Added JAR file:///opt/bitnami/spark/jars/nessie-client-0.103.2.jar at spark://3748f1b8240a:44473/jars/nessie-client-0.103.2.jar with timestamp 1751988241357
[2025-07-08T15:24:02.141+0000] {spark_submit.py:644} INFO - 25/07/08 15:24:02 INFO SparkContext: Added JAR file:///opt/bitnami/spark/jars/hadoop-aws-3.3.2.jar at spark://3748f1b8240a:44473/jars/hadoop-aws-3.3.2.jar with timestamp 1751988241357
[2025-07-08T15:24:02.143+0000] {spark_submit.py:644} INFO - 25/07/08 15:24:02 INFO SparkContext: Added JAR file:///opt/bitnami/spark/jars/aws-java-sdk-bundle-1.12.262.jar at spark://3748f1b8240a:44473/jars/aws-java-sdk-bundle-1.12.262.jar with timestamp 1751988241357
[2025-07-08T15:24:02.255+0000] {spark_submit.py:644} INFO - 25/07/08 15:24:02 INFO StandaloneAppClient$ClientEndpoint: Connecting to master spark://spark-master:7077...
[2025-07-08T15:24:02.334+0000] {spark_submit.py:644} INFO - 25/07/08 15:24:02 INFO TransportClientFactory: Successfully created connection to spark-master/172.19.0.2:7077 after 59 ms (0 ms spent in bootstraps)
[2025-07-08T15:24:02.457+0000] {spark_submit.py:644} INFO - 25/07/08 15:24:02 INFO StandaloneSchedulerBackend: Connected to Spark cluster with app ID app-20250708152402-0004
[2025-07-08T15:24:02.460+0000] {spark_submit.py:644} INFO - 25/07/08 15:24:02 INFO StandaloneAppClient$ClientEndpoint: Executor added: app-20250708152402-0004/0 on worker-20250708130010-172.19.0.8-33627 (172.19.0.8:33627) with 2 core(s)
[2025-07-08T15:24:02.462+0000] {spark_submit.py:644} INFO - 25/07/08 15:24:02 INFO StandaloneSchedulerBackend: Granted executor ID app-20250708152402-0004/0 on hostPort 172.19.0.8:33627 with 2 core(s), 1024.0 MiB RAM
[2025-07-08T15:24:02.466+0000] {spark_submit.py:644} INFO - 25/07/08 15:24:02 INFO Utils: Successfully started service 'org.apache.spark.network.netty.NettyBlockTransferService' on port 46697.
[2025-07-08T15:24:02.466+0000] {spark_submit.py:644} INFO - 25/07/08 15:24:02 INFO NettyBlockTransferService: Server created on 3748f1b8240a:46697
[2025-07-08T15:24:02.468+0000] {spark_submit.py:644} INFO - 25/07/08 15:24:02 INFO BlockManager: Using org.apache.spark.storage.RandomBlockReplicationPolicy for block replication policy
[2025-07-08T15:24:02.474+0000] {spark_submit.py:644} INFO - 25/07/08 15:24:02 INFO BlockManagerMaster: Registering BlockManager BlockManagerId(driver, 3748f1b8240a, 46697, None)
[2025-07-08T15:24:02.477+0000] {spark_submit.py:644} INFO - 25/07/08 15:24:02 INFO BlockManagerMasterEndpoint: Registering block manager 3748f1b8240a:46697 with 434.4 MiB RAM, BlockManagerId(driver, 3748f1b8240a, 46697, None)
[2025-07-08T15:24:02.498+0000] {spark_submit.py:644} INFO - 25/07/08 15:24:02 INFO BlockManagerMaster: Registered BlockManager BlockManagerId(driver, 3748f1b8240a, 46697, None)
[2025-07-08T15:24:02.499+0000] {spark_submit.py:644} INFO - 25/07/08 15:24:02 INFO BlockManager: Initialized BlockManager: BlockManagerId(driver, 3748f1b8240a, 46697, None)
[2025-07-08T15:24:02.544+0000] {spark_submit.py:644} INFO - 25/07/08 15:24:02 INFO StandaloneAppClient$ClientEndpoint: Executor updated: app-20250708152402-0004/0 is now RUNNING
[2025-07-08T15:24:02.841+0000] {spark_submit.py:644} INFO - 25/07/08 15:24:02 INFO StandaloneSchedulerBackend: SchedulerBackend is ready for scheduling beginning after reached minRegisteredResourcesRatio: 0.0
[2025-07-08T15:24:03.185+0000] {spark_submit.py:644} INFO - ======EXERCÍCIO SELECIONADO======== {'id': 'CA-LESTE-construtiva-7DE-2025-07-08', 'manifest_entry': {'data': {'createdAt': '2025-07-08T15:22:45.270Z', 'origin': 'CA-LESTE', 'path': 'exercises/CA-LESTE-construtiva-7DE-2025-07-08'}, 'id': 'CA-LESTE-construtiva-7DE-2025-07-08'}, 'metadata': {'createdAt': '2025-07-08T15:22:45.270Z', 'description': '7DE', 'documents': [{'description': '', 'id': '1751988217081', 'mimetype': 'application/pdf', 'name': 'Op Jacui IV - Anexo A - Inteligencia.pdf', 'path': 'exercises/CA-LESTE-construtiva-7DE-2025-07-08/documents/Op Jacui IV - Anexo A - Inteligencia.pdf', 'size': 47523, 'uploadedAt': '2025-07-08T15:23:37.082Z'}], 'endDate': '2025-07-10', 'id': 'CA-LESTE-construtiva-7DE-2025-07-08', 'name': 'Jogo de Guerra', 'origin': 'CA-LESTE', 'simulationType': 'construtiva', 'simulations': [{'id': '172.19.0.14_2025-07-08', 'movedAt': '2025-07-08T15:23:40.755Z', 'name': '172.19.0.14_2025-07-08', 'originalPath': 'staging/172.19.0.14_2025-07-08', 'path': 'exercises/CA-LESTE-construtiva-7DE-2025-07-08/simulations/172.19.0.14_2025-07-08'}], 'startDate': '2025-07-09', 'trainedForce': '7 Divisão de Exército', 'updatedAt': '2025-07-08T15:23:40.755Z', 'wikiUrl': ''}}
[2025-07-08T15:24:03.194+0000] {spark_submit.py:644} INFO - 25/07/08 15:24:03 INFO SharedState: Setting hive.metastore.warehouse.dir ('null') to the value of spark.sql.warehouse.dir.
[2025-07-08T15:24:03.196+0000] {spark_submit.py:644} INFO - 25/07/08 15:24:03 INFO SharedState: Warehouse path is 'file:/opt/airflow/spark-warehouse'.
[2025-07-08T15:24:05.719+0000] {spark_submit.py:644} INFO - 25/07/08 15:24:05 INFO CatalogUtil: Loading custom FileIO implementation: org.apache.iceberg.hadoop.HadoopFileIO
[2025-07-08T15:24:05.999+0000] {spark_submit.py:644} INFO - 25/07/08 15:24:05 INFO StandaloneSchedulerBackend$StandaloneDriverEndpoint: Registered executor NettyRpcEndpointRef(spark-client://Executor) (172.19.0.8:33132) with ID 0,  ResourceProfileId 0
[2025-07-08T15:24:06.095+0000] {spark_submit.py:644} INFO - 25/07/08 15:24:06 INFO BlockManagerMasterEndpoint: Registering block manager 172.19.0.8:40087 with 434.4 MiB RAM, BlockManagerId(0, 172.19.0.8, 40087, None)
[2025-07-08T15:24:07.371+0000] {spark_submit.py:644} INFO - 25/07/08 15:24:07 WARN MetricsConfig: Cannot locate configuration: tried hadoop-metrics2-s3a-file-system.properties,hadoop-metrics2.properties
[2025-07-08T15:24:07.459+0000] {spark_submit.py:644} INFO - 25/07/08 15:24:07 INFO MetricsSystemImpl: Scheduled Metric snapshot period at 10 second(s).
[2025-07-08T15:24:07.461+0000] {spark_submit.py:644} INFO - 25/07/08 15:24:07 INFO MetricsSystemImpl: s3a-file-system metrics system started
[2025-07-08T15:24:10.142+0000] {spark_submit.py:644} INFO - 25/07/08 15:24:10 INFO InMemoryFileIndex: It took 54 ms to list leaf files for 1 paths.
[2025-07-08T15:24:10.512+0000] {spark_submit.py:644} INFO - 25/07/08 15:24:10 INFO FileSourceStrategy: Pushed Filters:
[2025-07-08T15:24:10.513+0000] {spark_submit.py:644} INFO - 25/07/08 15:24:10 INFO FileSourceStrategy: Post-Scan Filters:
[2025-07-08T15:24:10.932+0000] {spark_submit.py:644} INFO - 25/07/08 15:24:10 INFO CodeGenerator: Code generated in 142.638199 ms
[2025-07-08T15:24:10.977+0000] {spark_submit.py:644} INFO - 25/07/08 15:24:10 INFO MemoryStore: Block broadcast_0 stored as values in memory (estimated size 203.5 KiB, free 434.2 MiB)
[2025-07-08T15:24:11.032+0000] {spark_submit.py:644} INFO - 25/07/08 15:24:11 INFO MemoryStore: Block broadcast_0_piece0 stored as bytes in memory (estimated size 35.7 KiB, free 434.2 MiB)
[2025-07-08T15:24:11.048+0000] {spark_submit.py:644} INFO - 25/07/08 15:24:11 INFO BlockManagerInfo: Added broadcast_0_piece0 in memory on 3748f1b8240a:46697 (size: 35.7 KiB, free: 434.4 MiB)
[2025-07-08T15:24:13.396+0000] {spark_submit.py:644} INFO - 25/07/08 15:24:11 INFO SparkContext: Created broadcast 0 from collect at /opt/bitnami/spark/jobs/process_exercises_job.py:186
[2025-07-08T15:24:13.397+0000] {spark_submit.py:644} INFO - 25/07/08 15:24:11 INFO FileSourceScanExec: Planning scan with bin packing, max size: 4194304 bytes, open cost is considered as scanning 4194304 bytes.
[2025-07-08T15:24:13.398+0000] {spark_submit.py:644} INFO - 25/07/08 15:24:11 INFO SparkContext: Starting job: collect at /opt/bitnami/spark/jobs/process_exercises_job.py:186
[2025-07-08T15:24:13.398+0000] {spark_submit.py:644} INFO - 25/07/08 15:24:11 INFO DAGScheduler: Got job 0 (collect at /opt/bitnami/spark/jobs/process_exercises_job.py:186) with 1 output partitions
[2025-07-08T15:24:13.399+0000] {spark_submit.py:644} INFO - 25/07/08 15:24:11 INFO DAGScheduler: Final stage: ResultStage 0 (collect at /opt/bitnami/spark/jobs/process_exercises_job.py:186)
[2025-07-08T15:24:13.399+0000] {spark_submit.py:644} INFO - 25/07/08 15:24:11 INFO DAGScheduler: Parents of final stage: List()
[2025-07-08T15:24:13.400+0000] {spark_submit.py:644} INFO - 25/07/08 15:24:11 INFO DAGScheduler: Missing parents: List()
[2025-07-08T15:24:13.400+0000] {spark_submit.py:644} INFO - 25/07/08 15:24:11 INFO DAGScheduler: Submitting ResultStage 0 (MapPartitionsRDD[5] at collect at /opt/bitnami/spark/jobs/process_exercises_job.py:186), which has no missing parents
[2025-07-08T15:24:13.401+0000] {spark_submit.py:644} INFO - 25/07/08 15:24:11 INFO MemoryStore: Block broadcast_1 stored as values in memory (estimated size 26.8 KiB, free 434.1 MiB)
[2025-07-08T15:24:13.401+0000] {spark_submit.py:644} INFO - 25/07/08 15:24:11 INFO MemoryStore: Block broadcast_1_piece0 stored as bytes in memory (estimated size 13.3 KiB, free 434.1 MiB)
[2025-07-08T15:24:13.402+0000] {spark_submit.py:644} INFO - 25/07/08 15:24:11 INFO BlockManagerInfo: Added broadcast_1_piece0 in memory on 3748f1b8240a:46697 (size: 13.3 KiB, free: 434.4 MiB)
[2025-07-08T15:24:13.402+0000] {spark_submit.py:644} INFO - 25/07/08 15:24:11 INFO SparkContext: Created broadcast 1 from broadcast at DAGScheduler.scala:1585
[2025-07-08T15:24:13.403+0000] {spark_submit.py:644} INFO - 25/07/08 15:24:11 INFO DAGScheduler: Submitting 1 missing tasks from ResultStage 0 (MapPartitionsRDD[5] at collect at /opt/bitnami/spark/jobs/process_exercises_job.py:186) (first 15 tasks are for partitions Vector(0))
[2025-07-08T15:24:13.403+0000] {spark_submit.py:644} INFO - 25/07/08 15:24:11 INFO TaskSchedulerImpl: Adding task set 0.0 with 1 tasks resource profile 0
[2025-07-08T15:24:25.443+0000] {spark_submit.py:644} INFO - 25/07/08 15:24:25 INFO TaskSetManager: Starting task 0.0 in stage 0.0 (TID 0) (172.19.0.8, executor 0, partition 0, PROCESS_LOCAL, 10204 bytes)
[2025-07-08T15:24:25.904+0000] {spark_submit.py:644} INFO - 25/07/08 15:24:25 INFO BlockManagerInfo: Added broadcast_1_piece0 in memory on 172.19.0.8:40087 (size: 13.3 KiB, free: 434.4 MiB)
[2025-07-08T15:24:32.046+0000] {spark_submit.py:644} INFO - 25/07/08 15:24:32 INFO BlockManagerInfo: Added broadcast_0_piece0 in memory on 172.19.0.8:40087 (size: 35.7 KiB, free: 434.4 MiB)
[2025-07-08T15:24:46.706+0000] {spark_submit.py:644} INFO - 25/07/08 15:24:46 INFO TaskSetManager: Finished task 0.0 in stage 0.0 (TID 0) in 21277 ms on 172.19.0.8 (executor 0) (1/1)
[2025-07-08T15:24:46.708+0000] {spark_submit.py:644} INFO - 25/07/08 15:24:46 INFO TaskSchedulerImpl: Removed TaskSet 0.0, whose tasks have all completed, from pool
[2025-07-08T15:24:46.711+0000] {spark_submit.py:644} INFO - 25/07/08 15:24:46 INFO PythonAccumulatorV2: Connected to AccumulatorServer at host: 127.0.0.1 port: 48233
[2025-07-08T15:24:46.715+0000] {spark_submit.py:644} INFO - 25/07/08 15:24:46 INFO DAGScheduler: ResultStage 0 (collect at /opt/bitnami/spark/jobs/process_exercises_job.py:186) finished in 35.459 s
[2025-07-08T15:24:46.717+0000] {spark_submit.py:644} INFO - 25/07/08 15:24:46 INFO DAGScheduler: Job 0 is finished. Cancelling potential speculative or zombie tasks for this job
[2025-07-08T15:24:46.718+0000] {spark_submit.py:644} INFO - 25/07/08 15:24:46 INFO TaskSchedulerImpl: Killing all running tasks in stage 0: Stage finished
[2025-07-08T15:24:46.720+0000] {spark_submit.py:644} INFO - 25/07/08 15:24:46 INFO DAGScheduler: Job 0 finished: collect at /opt/bitnami/spark/jobs/process_exercises_job.py:186, took 35.513946 s
[2025-07-08T15:24:56.366+0000] {spark_submit.py:644} INFO - 25/07/08 15:24:56 INFO InMemoryFileIndex: It took 11 ms to list leaf files for 1 paths.
[2025-07-08T15:24:56.395+0000] {spark_submit.py:644} INFO - 25/07/08 15:24:56 INFO FileSourceStrategy: Pushed Filters:
[2025-07-08T15:24:56.396+0000] {spark_submit.py:644} INFO - 25/07/08 15:24:56 INFO FileSourceStrategy: Post-Scan Filters:
[2025-07-08T15:24:56.402+0000] {spark_submit.py:644} INFO - 25/07/08 15:24:56 INFO MemoryStore: Block broadcast_2 stored as values in memory (estimated size 203.7 KiB, free 433.9 MiB)
[2025-07-08T15:24:56.412+0000] {spark_submit.py:644} INFO - 25/07/08 15:24:56 INFO MemoryStore: Block broadcast_2_piece0 stored as bytes in memory (estimated size 35.7 KiB, free 433.9 MiB)
[2025-07-08T15:24:56.413+0000] {spark_submit.py:644} INFO - 25/07/08 15:24:56 INFO BlockManagerInfo: Added broadcast_2_piece0 in memory on 3748f1b8240a:46697 (size: 35.7 KiB, free: 434.3 MiB)
[2025-07-08T15:24:56.424+0000] {spark_submit.py:644} INFO - 25/07/08 15:24:56 INFO SparkContext: Created broadcast 2 from collect at /opt/bitnami/spark/jobs/process_exercises_job.py:312
[2025-07-08T15:24:56.424+0000] {spark_submit.py:644} INFO - 25/07/08 15:24:56 INFO FileSourceScanExec: Planning scan with bin packing, max size: 8390298 bytes, open cost is considered as scanning 4194304 bytes.
[2025-07-08T15:24:56.437+0000] {spark_submit.py:644} INFO - 25/07/08 15:24:56 INFO SparkContext: Starting job: collect at /opt/bitnami/spark/jobs/process_exercises_job.py:312
[2025-07-08T15:24:56.438+0000] {spark_submit.py:644} INFO - 25/07/08 15:24:56 INFO DAGScheduler: Got job 1 (collect at /opt/bitnami/spark/jobs/process_exercises_job.py:312) with 2 output partitions
[2025-07-08T15:24:56.439+0000] {spark_submit.py:644} INFO - 25/07/08 15:24:56 INFO DAGScheduler: Final stage: ResultStage 1 (collect at /opt/bitnami/spark/jobs/process_exercises_job.py:312)
[2025-07-08T15:24:56.439+0000] {spark_submit.py:644} INFO - 25/07/08 15:24:56 INFO DAGScheduler: Parents of final stage: List()
[2025-07-08T15:24:56.440+0000] {spark_submit.py:644} INFO - 25/07/08 15:24:56 INFO DAGScheduler: Missing parents: List()
[2025-07-08T15:24:56.441+0000] {spark_submit.py:644} INFO - 25/07/08 15:24:56 INFO DAGScheduler: Submitting ResultStage 1 (MapPartitionsRDD[13] at collect at /opt/bitnami/spark/jobs/process_exercises_job.py:312), which has no missing parents
[2025-07-08T15:24:56.442+0000] {spark_submit.py:644} INFO - 25/07/08 15:24:56 INFO MemoryStore: Block broadcast_3 stored as values in memory (estimated size 9.4 KiB, free 433.9 MiB)
[2025-07-08T15:24:56.444+0000] {spark_submit.py:644} INFO - 25/07/08 15:24:56 INFO MemoryStore: Block broadcast_3_piece0 stored as bytes in memory (estimated size 4.7 KiB, free 433.9 MiB)
[2025-07-08T15:24:56.445+0000] {spark_submit.py:644} INFO - 25/07/08 15:24:56 INFO BlockManagerInfo: Added broadcast_3_piece0 in memory on 3748f1b8240a:46697 (size: 4.7 KiB, free: 434.3 MiB)
[2025-07-08T15:24:56.446+0000] {spark_submit.py:644} INFO - 25/07/08 15:24:56 INFO SparkContext: Created broadcast 3 from broadcast at DAGScheduler.scala:1585
[2025-07-08T15:24:56.446+0000] {spark_submit.py:644} INFO - 25/07/08 15:24:56 INFO DAGScheduler: Submitting 2 missing tasks from ResultStage 1 (MapPartitionsRDD[13] at collect at /opt/bitnami/spark/jobs/process_exercises_job.py:312) (first 15 tasks are for partitions Vector(0, 1))
[2025-07-08T15:24:56.447+0000] {spark_submit.py:644} INFO - 25/07/08 15:24:56 INFO TaskSchedulerImpl: Adding task set 1.0 with 2 tasks resource profile 0
[2025-07-08T15:24:56.448+0000] {spark_submit.py:644} INFO - 25/07/08 15:24:56 INFO TaskSetManager: Starting task 0.0 in stage 1.0 (TID 1) (172.19.0.8, executor 0, partition 0, PROCESS_LOCAL, 10380 bytes)
[2025-07-08T15:24:56.448+0000] {spark_submit.py:644} INFO - 25/07/08 15:24:56 INFO TaskSetManager: Starting task 1.0 in stage 1.0 (TID 2) (172.19.0.8, executor 0, partition 1, PROCESS_LOCAL, 10383 bytes)
[2025-07-08T15:24:56.478+0000] {spark_submit.py:644} INFO - 25/07/08 15:24:56 INFO BlockManagerInfo: Added broadcast_3_piece0 in memory on 172.19.0.8:40087 (size: 4.7 KiB, free: 434.3 MiB)
[2025-07-08T15:24:56.508+0000] {spark_submit.py:644} INFO - 25/07/08 15:24:56 INFO BlockManagerInfo: Added broadcast_2_piece0 in memory on 172.19.0.8:40087 (size: 35.7 KiB, free: 434.3 MiB)
[2025-07-08T15:24:56.559+0000] {spark_submit.py:644} INFO - 25/07/08 15:24:56 INFO TaskSetManager: Finished task 0.0 in stage 1.0 (TID 1) in 111 ms on 172.19.0.8 (executor 0) (1/2)
[2025-07-08T15:24:56.560+0000] {spark_submit.py:644} INFO - 25/07/08 15:24:56 INFO TaskSetManager: Finished task 1.0 in stage 1.0 (TID 2) in 111 ms on 172.19.0.8 (executor 0) (2/2)
[2025-07-08T15:24:56.560+0000] {spark_submit.py:644} INFO - 25/07/08 15:24:56 INFO TaskSchedulerImpl: Removed TaskSet 1.0, whose tasks have all completed, from pool
[2025-07-08T15:24:56.561+0000] {spark_submit.py:644} INFO - 25/07/08 15:24:56 INFO DAGScheduler: ResultStage 1 (collect at /opt/bitnami/spark/jobs/process_exercises_job.py:312) finished in 0.119 s
[2025-07-08T15:24:56.562+0000] {spark_submit.py:644} INFO - 25/07/08 15:24:56 INFO DAGScheduler: Job 1 is finished. Cancelling potential speculative or zombie tasks for this job
[2025-07-08T15:24:56.563+0000] {spark_submit.py:644} INFO - 25/07/08 15:24:56 INFO TaskSchedulerImpl: Killing all running tasks in stage 1: Stage finished
[2025-07-08T15:24:56.563+0000] {spark_submit.py:644} INFO - 25/07/08 15:24:56 INFO DAGScheduler: Job 1 finished: collect at /opt/bitnami/spark/jobs/process_exercises_job.py:312, took 0.124299 s
[2025-07-08T15:24:56.603+0000] {spark_submit.py:644} INFO - 25/07/08 15:24:56 INFO InMemoryFileIndex: It took 12 ms to list leaf files for 1 paths.
[2025-07-08T15:24:58.571+0000] {spark_submit.py:644} INFO - 25/07/08 15:24:58 INFO FileSourceStrategy: Pushed Filters:
[2025-07-08T15:24:58.573+0000] {spark_submit.py:644} INFO - 25/07/08 15:24:58 INFO FileSourceStrategy: Post-Scan Filters:
[2025-07-08T15:24:59.072+0000] {spark_submit.py:644} INFO - 25/07/08 15:24:59 INFO CodeGenerator: Code generated in 25.639445 ms
[2025-07-08T15:24:59.130+0000] {spark_submit.py:644} INFO - 25/07/08 15:24:59 INFO CodeGenerator: Code generated in 42.049423 ms
[2025-07-08T15:24:59.133+0000] {spark_submit.py:644} INFO - 25/07/08 15:24:59 INFO MemoryStore: Block broadcast_4 stored as values in memory (estimated size 203.5 KiB, free 433.7 MiB)
[2025-07-08T15:24:59.151+0000] {spark_submit.py:644} INFO - 25/07/08 15:24:59 INFO MemoryStore: Block broadcast_4_piece0 stored as bytes in memory (estimated size 35.7 KiB, free 433.6 MiB)
[2025-07-08T15:24:59.155+0000] {spark_submit.py:644} INFO - 25/07/08 15:24:59 INFO BlockManagerInfo: Added broadcast_4_piece0 in memory on 3748f1b8240a:46697 (size: 35.7 KiB, free: 434.3 MiB)
[2025-07-08T15:24:59.156+0000] {spark_submit.py:644} INFO - 25/07/08 15:24:59 INFO SparkContext: Created broadcast 4 from count at NativeMethodAccessorImpl.java:0
[2025-07-08T15:24:59.157+0000] {spark_submit.py:644} INFO - 25/07/08 15:24:59 INFO FileSourceScanExec: Planning scan with bin packing, max size: 4194304 bytes, open cost is considered as scanning 4194304 bytes.
[2025-07-08T15:24:59.162+0000] {spark_submit.py:644} INFO - 25/07/08 15:24:59 INFO BlockManagerInfo: Removed broadcast_1_piece0 on 3748f1b8240a:46697 in memory (size: 13.3 KiB, free: 434.3 MiB)
[2025-07-08T15:24:59.274+0000] {spark_submit.py:644} INFO - 25/07/08 15:24:59 INFO BlockManagerInfo: Removed broadcast_1_piece0 on 172.19.0.8:40087 in memory (size: 13.3 KiB, free: 434.3 MiB)
[2025-07-08T15:24:59.294+0000] {spark_submit.py:644} INFO - 25/07/08 15:24:59 INFO BlockManagerInfo: Removed broadcast_3_piece0 on 3748f1b8240a:46697 in memory (size: 4.7 KiB, free: 434.3 MiB)
[2025-07-08T15:24:59.297+0000] {spark_submit.py:644} INFO - 25/07/08 15:24:59 INFO BlockManagerInfo: Removed broadcast_3_piece0 on 172.19.0.8:40087 in memory (size: 4.7 KiB, free: 434.3 MiB)
[2025-07-08T15:24:59.610+0000] {spark_submit.py:644} INFO - 25/07/08 15:24:59 INFO DAGScheduler: Registering RDD 22 (count at NativeMethodAccessorImpl.java:0) as input to shuffle 0
[2025-07-08T15:24:59.682+0000] {spark_submit.py:644} INFO - 25/07/08 15:24:59 INFO DAGScheduler: Got map stage job 2 (count at NativeMethodAccessorImpl.java:0) with 1 output partitions
[2025-07-08T15:24:59.685+0000] {spark_submit.py:644} INFO - 25/07/08 15:24:59 INFO DAGScheduler: Final stage: ShuffleMapStage 2 (count at NativeMethodAccessorImpl.java:0)
[2025-07-08T15:24:59.687+0000] {spark_submit.py:644} INFO - 25/07/08 15:24:59 INFO DAGScheduler: Parents of final stage: List()
[2025-07-08T15:24:59.689+0000] {spark_submit.py:644} INFO - 25/07/08 15:24:59 INFO DAGScheduler: Missing parents: List()
[2025-07-08T15:24:59.693+0000] {spark_submit.py:644} INFO - 25/07/08 15:24:59 INFO DAGScheduler: Submitting ShuffleMapStage 2 (MapPartitionsRDD[22] at count at NativeMethodAccessorImpl.java:0), which has no missing parents
[2025-07-08T15:24:59.716+0000] {spark_submit.py:644} INFO - 25/07/08 15:24:59 INFO MemoryStore: Block broadcast_5 stored as values in memory (estimated size 41.2 KiB, free 433.7 MiB)
[2025-07-08T15:24:59.719+0000] {spark_submit.py:644} INFO - 25/07/08 15:24:59 INFO MemoryStore: Block broadcast_5_piece0 stored as bytes in memory (estimated size 19.2 KiB, free 433.6 MiB)
[2025-07-08T15:24:59.720+0000] {spark_submit.py:644} INFO - 25/07/08 15:24:59 INFO BlockManagerInfo: Added broadcast_5_piece0 in memory on 3748f1b8240a:46697 (size: 19.2 KiB, free: 434.3 MiB)
[2025-07-08T15:24:59.721+0000] {spark_submit.py:644} INFO - 25/07/08 15:24:59 INFO SparkContext: Created broadcast 5 from broadcast at DAGScheduler.scala:1585
[2025-07-08T15:24:59.722+0000] {spark_submit.py:644} INFO - 25/07/08 15:24:59 INFO DAGScheduler: Submitting 1 missing tasks from ShuffleMapStage 2 (MapPartitionsRDD[22] at count at NativeMethodAccessorImpl.java:0) (first 15 tasks are for partitions Vector(0))
[2025-07-08T15:24:59.723+0000] {spark_submit.py:644} INFO - 25/07/08 15:24:59 INFO TaskSchedulerImpl: Adding task set 2.0 with 1 tasks resource profile 0
[2025-07-08T15:24:59.725+0000] {spark_submit.py:644} INFO - 25/07/08 15:24:59 INFO TaskSetManager: Starting task 0.0 in stage 2.0 (TID 3) (172.19.0.8, executor 0, partition 0, PROCESS_LOCAL, 10191 bytes)
[2025-07-08T15:24:59.747+0000] {spark_submit.py:644} INFO - 25/07/08 15:24:59 INFO BlockManagerInfo: Added broadcast_5_piece0 in memory on 172.19.0.8:40087 (size: 19.2 KiB, free: 434.3 MiB)
[2025-07-08T15:25:00.473+0000] {spark_submit.py:644} INFO - 25/07/08 15:25:00 INFO BlockManagerInfo: Added broadcast_4_piece0 in memory on 172.19.0.8:40087 (size: 35.7 KiB, free: 434.3 MiB)
[2025-07-08T15:25:01.457+0000] {spark_submit.py:644} INFO - 25/07/08 15:25:01 INFO TaskSetManager: Finished task 0.0 in stage 2.0 (TID 3) in 1733 ms on 172.19.0.8 (executor 0) (1/1)
[2025-07-08T15:25:01.457+0000] {spark_submit.py:644} INFO - 25/07/08 15:25:01 INFO TaskSchedulerImpl: Removed TaskSet 2.0, whose tasks have all completed, from pool
[2025-07-08T15:25:01.459+0000] {spark_submit.py:644} INFO - 25/07/08 15:25:01 INFO DAGScheduler: ShuffleMapStage 2 (count at NativeMethodAccessorImpl.java:0) finished in 1.759 s
[2025-07-08T15:25:01.460+0000] {spark_submit.py:644} INFO - 25/07/08 15:25:01 INFO DAGScheduler: looking for newly runnable stages
[2025-07-08T15:25:01.461+0000] {spark_submit.py:644} INFO - 25/07/08 15:25:01 INFO DAGScheduler: running: Set()
[2025-07-08T15:25:01.461+0000] {spark_submit.py:644} INFO - 25/07/08 15:25:01 INFO DAGScheduler: waiting: Set()
[2025-07-08T15:25:01.462+0000] {spark_submit.py:644} INFO - 25/07/08 15:25:01 INFO DAGScheduler: failed: Set()
[2025-07-08T15:25:01.495+0000] {spark_submit.py:644} INFO - 25/07/08 15:25:01 INFO CodeGenerator: Code generated in 9.902454 ms
[2025-07-08T15:25:01.510+0000] {spark_submit.py:644} INFO - 25/07/08 15:25:01 INFO SparkContext: Starting job: count at NativeMethodAccessorImpl.java:0
[2025-07-08T15:25:01.512+0000] {spark_submit.py:644} INFO - 25/07/08 15:25:01 INFO DAGScheduler: Got job 3 (count at NativeMethodAccessorImpl.java:0) with 1 output partitions
[2025-07-08T15:25:01.513+0000] {spark_submit.py:644} INFO - 25/07/08 15:25:01 INFO DAGScheduler: Final stage: ResultStage 4 (count at NativeMethodAccessorImpl.java:0)
[2025-07-08T15:25:01.513+0000] {spark_submit.py:644} INFO - 25/07/08 15:25:01 INFO DAGScheduler: Parents of final stage: List(ShuffleMapStage 3)
[2025-07-08T15:25:01.514+0000] {spark_submit.py:644} INFO - 25/07/08 15:25:01 INFO DAGScheduler: Missing parents: List()
[2025-07-08T15:25:01.515+0000] {spark_submit.py:644} INFO - 25/07/08 15:25:01 INFO DAGScheduler: Submitting ResultStage 4 (MapPartitionsRDD[25] at count at NativeMethodAccessorImpl.java:0), which has no missing parents
[2025-07-08T15:25:01.519+0000] {spark_submit.py:644} INFO - 25/07/08 15:25:01 INFO MemoryStore: Block broadcast_6 stored as values in memory (estimated size 12.5 KiB, free 433.6 MiB)
[2025-07-08T15:25:01.529+0000] {spark_submit.py:644} INFO - 25/07/08 15:25:01 INFO MemoryStore: Block broadcast_6_piece0 stored as bytes in memory (estimated size 5.9 KiB, free 433.6 MiB)
[2025-07-08T15:25:01.533+0000] {spark_submit.py:644} INFO - 25/07/08 15:25:01 INFO BlockManagerInfo: Removed broadcast_5_piece0 on 172.19.0.8:40087 in memory (size: 19.2 KiB, free: 434.3 MiB)
[2025-07-08T15:25:01.682+0000] {spark_submit.py:644} INFO - 25/07/08 15:25:01 INFO BlockManagerInfo: Added broadcast_6_piece0 in memory on 3748f1b8240a:46697 (size: 5.9 KiB, free: 434.3 MiB)
[2025-07-08T15:25:01.684+0000] {spark_submit.py:644} INFO - 25/07/08 15:25:01 INFO BlockManagerInfo: Removed broadcast_5_piece0 on 3748f1b8240a:46697 in memory (size: 19.2 KiB, free: 434.3 MiB)
[2025-07-08T15:25:01.685+0000] {spark_submit.py:644} INFO - 25/07/08 15:25:01 INFO SparkContext: Created broadcast 6 from broadcast at DAGScheduler.scala:1585
[2025-07-08T15:25:01.686+0000] {spark_submit.py:644} INFO - 25/07/08 15:25:01 INFO DAGScheduler: Submitting 1 missing tasks from ResultStage 4 (MapPartitionsRDD[25] at count at NativeMethodAccessorImpl.java:0) (first 15 tasks are for partitions Vector(0))
[2025-07-08T15:25:01.687+0000] {spark_submit.py:644} INFO - 25/07/08 15:25:01 INFO TaskSchedulerImpl: Adding task set 4.0 with 1 tasks resource profile 0
[2025-07-08T15:25:01.691+0000] {spark_submit.py:644} INFO - 25/07/08 15:25:01 INFO TaskSetManager: Starting task 0.0 in stage 4.0 (TID 4) (172.19.0.8, executor 0, partition 0, NODE_LOCAL, 9518 bytes)
[2025-07-08T15:25:01.753+0000] {spark_submit.py:644} INFO - 25/07/08 15:25:01 INFO BlockManagerInfo: Added broadcast_6_piece0 in memory on 172.19.0.8:40087 (size: 5.9 KiB, free: 434.3 MiB)
[2025-07-08T15:25:01.829+0000] {spark_submit.py:644} INFO - 25/07/08 15:25:01 INFO MapOutputTrackerMasterEndpoint: Asked to send map output locations for shuffle 0 to 172.19.0.8:33132
[2025-07-08T15:25:02.391+0000] {spark_submit.py:644} INFO - 25/07/08 15:25:02 INFO TaskSetManager: Finished task 0.0 in stage 4.0 (TID 4) in 703 ms on 172.19.0.8 (executor 0) (1/1)
[2025-07-08T15:25:02.392+0000] {spark_submit.py:644} INFO - 25/07/08 15:25:02 INFO TaskSchedulerImpl: Removed TaskSet 4.0, whose tasks have all completed, from pool
[2025-07-08T15:25:02.393+0000] {spark_submit.py:644} INFO - 25/07/08 15:25:02 INFO DAGScheduler: ResultStage 4 (count at NativeMethodAccessorImpl.java:0) finished in 0.874 s
[2025-07-08T15:25:02.393+0000] {spark_submit.py:644} INFO - 25/07/08 15:25:02 INFO DAGScheduler: Job 3 is finished. Cancelling potential speculative or zombie tasks for this job
[2025-07-08T15:25:02.394+0000] {spark_submit.py:644} INFO - 25/07/08 15:25:02 INFO TaskSchedulerImpl: Killing all running tasks in stage 4: Stage finished
[2025-07-08T15:25:02.395+0000] {spark_submit.py:644} INFO - 25/07/08 15:25:02 INFO DAGScheduler: Job 3 finished: count at NativeMethodAccessorImpl.java:0, took 0.883056 s
[2025-07-08T15:25:02.426+0000] {spark_submit.py:644} INFO - 25/07/08 15:25:02 INFO InMemoryFileIndex: It took 9 ms to list leaf files for 1 paths.
[2025-07-08T15:25:02.539+0000] {spark_submit.py:644} INFO - 25/07/08 15:25:02 INFO FileSourceStrategy: Pushed Filters:
[2025-07-08T15:25:02.540+0000] {spark_submit.py:644} INFO - 25/07/08 15:25:02 INFO FileSourceStrategy: Post-Scan Filters:
[2025-07-08T15:25:02.584+0000] {spark_submit.py:644} INFO - 25/07/08 15:25:02 INFO MemoryStore: Block broadcast_7 stored as values in memory (estimated size 203.5 KiB, free 433.5 MiB)
[2025-07-08T15:25:02.608+0000] {spark_submit.py:644} INFO - 25/07/08 15:25:02 INFO BlockManagerInfo: Removed broadcast_6_piece0 on 3748f1b8240a:46697 in memory (size: 5.9 KiB, free: 434.3 MiB)
[2025-07-08T15:25:02.612+0000] {spark_submit.py:644} INFO - 25/07/08 15:25:02 INFO BlockManagerInfo: Removed broadcast_6_piece0 on 172.19.0.8:40087 in memory (size: 5.9 KiB, free: 434.3 MiB)
[2025-07-08T15:25:02.624+0000] {spark_submit.py:644} INFO - 25/07/08 15:25:02 INFO MemoryStore: Block broadcast_7_piece0 stored as bytes in memory (estimated size 35.7 KiB, free 433.5 MiB)
[2025-07-08T15:25:02.802+0000] {spark_submit.py:644} INFO - 25/07/08 15:25:02 INFO BlockManagerInfo: Added broadcast_7_piece0 in memory on 3748f1b8240a:46697 (size: 35.7 KiB, free: 434.3 MiB)
[2025-07-08T15:25:02.803+0000] {spark_submit.py:644} INFO - 25/07/08 15:25:02 INFO SparkContext: Created broadcast 7 from count at NativeMethodAccessorImpl.java:0
[2025-07-08T15:25:02.804+0000] {spark_submit.py:644} INFO - 25/07/08 15:25:02 INFO FileSourceScanExec: Planning scan with bin packing, max size: 4194304 bytes, open cost is considered as scanning 4194304 bytes.
[2025-07-08T15:25:02.819+0000] {spark_submit.py:644} INFO - 25/07/08 15:25:02 INFO DAGScheduler: Registering RDD 34 (count at NativeMethodAccessorImpl.java:0) as input to shuffle 1
[2025-07-08T15:25:02.819+0000] {spark_submit.py:644} INFO - 25/07/08 15:25:02 INFO DAGScheduler: Got map stage job 4 (count at NativeMethodAccessorImpl.java:0) with 1 output partitions
[2025-07-08T15:25:02.820+0000] {spark_submit.py:644} INFO - 25/07/08 15:25:02 INFO DAGScheduler: Final stage: ShuffleMapStage 5 (count at NativeMethodAccessorImpl.java:0)
[2025-07-08T15:25:02.821+0000] {spark_submit.py:644} INFO - 25/07/08 15:25:02 INFO DAGScheduler: Parents of final stage: List()
[2025-07-08T15:25:02.821+0000] {spark_submit.py:644} INFO - 25/07/08 15:25:02 INFO DAGScheduler: Missing parents: List()
[2025-07-08T15:25:02.822+0000] {spark_submit.py:644} INFO - 25/07/08 15:25:02 INFO DAGScheduler: Submitting ShuffleMapStage 5 (MapPartitionsRDD[34] at count at NativeMethodAccessorImpl.java:0), which has no missing parents
[2025-07-08T15:25:02.822+0000] {spark_submit.py:644} INFO - 25/07/08 15:25:02 INFO MemoryStore: Block broadcast_8 stored as values in memory (estimated size 41.2 KiB, free 433.4 MiB)
[2025-07-08T15:25:03.021+0000] {spark_submit.py:644} INFO - 25/07/08 15:25:03 INFO MemoryStore: Block broadcast_8_piece0 stored as bytes in memory (estimated size 19.2 KiB, free 433.4 MiB)
[2025-07-08T15:25:03.024+0000] {spark_submit.py:644} INFO - 25/07/08 15:25:03 INFO BlockManagerInfo: Added broadcast_8_piece0 in memory on 3748f1b8240a:46697 (size: 19.2 KiB, free: 434.2 MiB)
[2025-07-08T15:25:03.028+0000] {spark_submit.py:644} INFO - 25/07/08 15:25:03 INFO SparkContext: Created broadcast 8 from broadcast at DAGScheduler.scala:1585
[2025-07-08T15:25:03.031+0000] {spark_submit.py:644} INFO - 25/07/08 15:25:03 INFO DAGScheduler: Submitting 1 missing tasks from ShuffleMapStage 5 (MapPartitionsRDD[34] at count at NativeMethodAccessorImpl.java:0) (first 15 tasks are for partitions Vector(0))
[2025-07-08T15:25:03.034+0000] {spark_submit.py:644} INFO - 25/07/08 15:25:03 INFO TaskSchedulerImpl: Adding task set 5.0 with 1 tasks resource profile 0
[2025-07-08T15:25:03.039+0000] {spark_submit.py:644} INFO - 25/07/08 15:25:03 INFO TaskSetManager: Starting task 0.0 in stage 5.0 (TID 5) (172.19.0.8, executor 0, partition 0, PROCESS_LOCAL, 10191 bytes)
[2025-07-08T15:25:03.099+0000] {spark_submit.py:644} INFO - 25/07/08 15:25:03 INFO BlockManagerInfo: Added broadcast_8_piece0 in memory on 172.19.0.8:40087 (size: 19.2 KiB, free: 434.3 MiB)
[2025-07-08T15:25:03.162+0000] {spark_submit.py:644} INFO - 25/07/08 15:25:03 INFO BlockManagerInfo: Added broadcast_7_piece0 in memory on 172.19.0.8:40087 (size: 35.7 KiB, free: 434.2 MiB)
[2025-07-08T15:25:03.931+0000] {spark_submit.py:644} INFO - 25/07/08 15:25:03 INFO TaskSetManager: Finished task 0.0 in stage 5.0 (TID 5) in 894 ms on 172.19.0.8 (executor 0) (1/1)
[2025-07-08T15:25:03.931+0000] {spark_submit.py:644} INFO - 25/07/08 15:25:03 INFO TaskSchedulerImpl: Removed TaskSet 5.0, whose tasks have all completed, from pool
[2025-07-08T15:25:03.933+0000] {spark_submit.py:644} INFO - 25/07/08 15:25:03 INFO DAGScheduler: ShuffleMapStage 5 (count at NativeMethodAccessorImpl.java:0) finished in 1.112 s
[2025-07-08T15:25:03.934+0000] {spark_submit.py:644} INFO - 25/07/08 15:25:03 INFO DAGScheduler: looking for newly runnable stages
[2025-07-08T15:25:03.935+0000] {spark_submit.py:644} INFO - 25/07/08 15:25:03 INFO DAGScheduler: running: Set()
[2025-07-08T15:25:03.935+0000] {spark_submit.py:644} INFO - 25/07/08 15:25:03 INFO DAGScheduler: waiting: Set()
[2025-07-08T15:25:03.936+0000] {spark_submit.py:644} INFO - 25/07/08 15:25:03 INFO DAGScheduler: failed: Set()
[2025-07-08T15:25:03.961+0000] {spark_submit.py:644} INFO - 25/07/08 15:25:03 INFO SparkContext: Starting job: count at NativeMethodAccessorImpl.java:0
[2025-07-08T15:25:03.963+0000] {spark_submit.py:644} INFO - 25/07/08 15:25:03 INFO DAGScheduler: Got job 5 (count at NativeMethodAccessorImpl.java:0) with 1 output partitions
[2025-07-08T15:25:03.964+0000] {spark_submit.py:644} INFO - 25/07/08 15:25:03 INFO DAGScheduler: Final stage: ResultStage 7 (count at NativeMethodAccessorImpl.java:0)
[2025-07-08T15:25:03.965+0000] {spark_submit.py:644} INFO - 25/07/08 15:25:03 INFO DAGScheduler: Parents of final stage: List(ShuffleMapStage 6)
[2025-07-08T15:25:03.965+0000] {spark_submit.py:644} INFO - 25/07/08 15:25:03 INFO DAGScheduler: Missing parents: List()
[2025-07-08T15:25:03.966+0000] {spark_submit.py:644} INFO - 25/07/08 15:25:03 INFO DAGScheduler: Submitting ResultStage 7 (MapPartitionsRDD[37] at count at NativeMethodAccessorImpl.java:0), which has no missing parents
[2025-07-08T15:25:03.968+0000] {spark_submit.py:644} INFO - 25/07/08 15:25:03 INFO MemoryStore: Block broadcast_9 stored as values in memory (estimated size 12.5 KiB, free 433.4 MiB)
[2025-07-08T15:25:03.977+0000] {spark_submit.py:644} INFO - 25/07/08 15:25:03 INFO MemoryStore: Block broadcast_9_piece0 stored as bytes in memory (estimated size 5.9 KiB, free 433.4 MiB)
[2025-07-08T15:25:03.978+0000] {spark_submit.py:644} INFO - 25/07/08 15:25:03 INFO BlockManagerInfo: Added broadcast_9_piece0 in memory on 3748f1b8240a:46697 (size: 5.9 KiB, free: 434.2 MiB)
[2025-07-08T15:25:03.979+0000] {spark_submit.py:644} INFO - 25/07/08 15:25:03 INFO BlockManagerInfo: Removed broadcast_8_piece0 on 3748f1b8240a:46697 in memory (size: 19.2 KiB, free: 434.3 MiB)
[2025-07-08T15:25:03.980+0000] {spark_submit.py:644} INFO - 25/07/08 15:25:03 INFO SparkContext: Created broadcast 9 from broadcast at DAGScheduler.scala:1585
[2025-07-08T15:25:03.981+0000] {spark_submit.py:644} INFO - 25/07/08 15:25:03 INFO DAGScheduler: Submitting 1 missing tasks from ResultStage 7 (MapPartitionsRDD[37] at count at NativeMethodAccessorImpl.java:0) (first 15 tasks are for partitions Vector(0))
[2025-07-08T15:25:03.982+0000] {spark_submit.py:644} INFO - 25/07/08 15:25:03 INFO TaskSchedulerImpl: Adding task set 7.0 with 1 tasks resource profile 0
[2025-07-08T15:25:03.983+0000] {spark_submit.py:644} INFO - 25/07/08 15:25:03 INFO TaskSetManager: Starting task 0.0 in stage 7.0 (TID 6) (172.19.0.8, executor 0, partition 0, NODE_LOCAL, 9518 bytes)
[2025-07-08T15:25:03.985+0000] {spark_submit.py:644} INFO - 25/07/08 15:25:03 INFO BlockManagerInfo: Removed broadcast_8_piece0 on 172.19.0.8:40087 in memory (size: 19.2 KiB, free: 434.3 MiB)
[2025-07-08T15:25:04.047+0000] {spark_submit.py:644} INFO - 25/07/08 15:25:04 INFO BlockManagerInfo: Added broadcast_9_piece0 in memory on 172.19.0.8:40087 (size: 5.9 KiB, free: 434.3 MiB)
[2025-07-08T15:25:04.069+0000] {spark_submit.py:644} INFO - 25/07/08 15:25:04 INFO MapOutputTrackerMasterEndpoint: Asked to send map output locations for shuffle 1 to 172.19.0.8:33132
[2025-07-08T15:25:04.122+0000] {spark_submit.py:644} INFO - 25/07/08 15:25:04 INFO TaskSetManager: Finished task 0.0 in stage 7.0 (TID 6) in 138 ms on 172.19.0.8 (executor 0) (1/1)
[2025-07-08T15:25:04.125+0000] {spark_submit.py:644} INFO - 25/07/08 15:25:04 INFO TaskSchedulerImpl: Removed TaskSet 7.0, whose tasks have all completed, from pool
[2025-07-08T15:25:04.128+0000] {spark_submit.py:644} INFO - 25/07/08 15:25:04 INFO DAGScheduler: ResultStage 7 (count at NativeMethodAccessorImpl.java:0) finished in 0.161 s
[2025-07-08T15:25:04.130+0000] {spark_submit.py:644} INFO - 25/07/08 15:25:04 INFO DAGScheduler: Job 5 is finished. Cancelling potential speculative or zombie tasks for this job
[2025-07-08T15:25:04.133+0000] {spark_submit.py:644} INFO - 25/07/08 15:25:04 INFO TaskSchedulerImpl: Killing all running tasks in stage 7: Stage finished
[2025-07-08T15:25:04.135+0000] {spark_submit.py:644} INFO - 25/07/08 15:25:04 INFO DAGScheduler: Job 5 finished: count at NativeMethodAccessorImpl.java:0, took 0.169158 s
[2025-07-08T15:25:04.238+0000] {spark_submit.py:644} INFO - 25/07/08 15:25:04 INFO InMemoryFileIndex: It took 61 ms to list leaf files for 1 paths.
[2025-07-08T15:25:04.548+0000] {spark_submit.py:644} INFO - 25/07/08 15:25:04 INFO FileSourceStrategy: Pushed Filters:
[2025-07-08T15:25:04.549+0000] {spark_submit.py:644} INFO - 25/07/08 15:25:04 INFO FileSourceStrategy: Post-Scan Filters:
[2025-07-08T15:25:04.579+0000] {spark_submit.py:644} INFO - 25/07/08 15:25:04 INFO MemoryStore: Block broadcast_10 stored as values in memory (estimated size 203.5 KiB, free 433.2 MiB)
[2025-07-08T15:25:04.782+0000] {spark_submit.py:644} INFO - 25/07/08 15:25:04 INFO MemoryStore: Block broadcast_10_piece0 stored as bytes in memory (estimated size 35.7 KiB, free 433.2 MiB)
[2025-07-08T15:25:04.788+0000] {spark_submit.py:644} INFO - 25/07/08 15:25:04 INFO BlockManagerInfo: Removed broadcast_9_piece0 on 172.19.0.8:40087 in memory (size: 5.9 KiB, free: 434.3 MiB)
[2025-07-08T15:25:04.910+0000] {spark_submit.py:644} INFO - 25/07/08 15:25:04 INFO BlockManagerInfo: Added broadcast_10_piece0 in memory on 3748f1b8240a:46697 (size: 35.7 KiB, free: 434.2 MiB)
[2025-07-08T15:25:04.913+0000] {spark_submit.py:644} INFO - 25/07/08 15:25:04 INFO BlockManagerInfo: Removed broadcast_9_piece0 on 3748f1b8240a:46697 in memory (size: 5.9 KiB, free: 434.2 MiB)
[2025-07-08T15:25:04.917+0000] {spark_submit.py:644} INFO - 25/07/08 15:25:04 INFO SparkContext: Created broadcast 10 from count at NativeMethodAccessorImpl.java:0
[2025-07-08T15:25:04.922+0000] {spark_submit.py:644} INFO - 25/07/08 15:25:04 INFO FileSourceScanExec: Planning scan with bin packing, max size: 4194304 bytes, open cost is considered as scanning 4194304 bytes.
[2025-07-08T15:25:04.940+0000] {spark_submit.py:644} INFO - 25/07/08 15:25:04 INFO BlockManagerInfo: Removed broadcast_7_piece0 on 3748f1b8240a:46697 in memory (size: 35.7 KiB, free: 434.3 MiB)
[2025-07-08T15:25:04.955+0000] {spark_submit.py:644} INFO - 25/07/08 15:25:04 INFO BlockManagerInfo: Removed broadcast_7_piece0 on 172.19.0.8:40087 in memory (size: 35.7 KiB, free: 434.3 MiB)
[2025-07-08T15:25:04.983+0000] {spark_submit.py:644} INFO - 25/07/08 15:25:04 INFO DAGScheduler: Registering RDD 46 (count at NativeMethodAccessorImpl.java:0) as input to shuffle 2
[2025-07-08T15:25:05.024+0000] {spark_submit.py:644} INFO - 25/07/08 15:25:05 INFO DAGScheduler: Got map stage job 6 (count at NativeMethodAccessorImpl.java:0) with 1 output partitions
[2025-07-08T15:25:05.025+0000] {spark_submit.py:644} INFO - 25/07/08 15:25:05 INFO DAGScheduler: Final stage: ShuffleMapStage 8 (count at NativeMethodAccessorImpl.java:0)
[2025-07-08T15:25:05.027+0000] {spark_submit.py:644} INFO - 25/07/08 15:25:05 INFO DAGScheduler: Parents of final stage: List()
[2025-07-08T15:25:05.029+0000] {spark_submit.py:644} INFO - 25/07/08 15:25:05 INFO DAGScheduler: Missing parents: List()
[2025-07-08T15:25:05.030+0000] {spark_submit.py:644} INFO - 25/07/08 15:25:05 INFO DAGScheduler: Submitting ShuffleMapStage 8 (MapPartitionsRDD[46] at count at NativeMethodAccessorImpl.java:0), which has no missing parents
[2025-07-08T15:25:05.037+0000] {spark_submit.py:644} INFO - 25/07/08 15:25:05 INFO MemoryStore: Block broadcast_11 stored as values in memory (estimated size 41.2 KiB, free 433.4 MiB)
[2025-07-08T15:25:05.060+0000] {spark_submit.py:644} INFO - 25/07/08 15:25:05 INFO MemoryStore: Block broadcast_11_piece0 stored as bytes in memory (estimated size 19.2 KiB, free 433.4 MiB)
[2025-07-08T15:25:05.062+0000] {spark_submit.py:644} INFO - 25/07/08 15:25:05 INFO BlockManagerInfo: Added broadcast_11_piece0 in memory on 3748f1b8240a:46697 (size: 19.2 KiB, free: 434.2 MiB)
[2025-07-08T15:25:05.065+0000] {spark_submit.py:644} INFO - 25/07/08 15:25:05 INFO SparkContext: Created broadcast 11 from broadcast at DAGScheduler.scala:1585
[2025-07-08T15:25:05.067+0000] {spark_submit.py:644} INFO - 25/07/08 15:25:05 INFO DAGScheduler: Submitting 1 missing tasks from ShuffleMapStage 8 (MapPartitionsRDD[46] at count at NativeMethodAccessorImpl.java:0) (first 15 tasks are for partitions Vector(0))
[2025-07-08T15:25:05.069+0000] {spark_submit.py:644} INFO - 25/07/08 15:25:05 INFO TaskSchedulerImpl: Adding task set 8.0 with 1 tasks resource profile 0
[2025-07-08T15:25:05.072+0000] {spark_submit.py:644} INFO - 25/07/08 15:25:05 INFO TaskSetManager: Starting task 0.0 in stage 8.0 (TID 7) (172.19.0.8, executor 0, partition 0, PROCESS_LOCAL, 10191 bytes)
[2025-07-08T15:25:05.156+0000] {spark_submit.py:644} INFO - 25/07/08 15:25:05 INFO BlockManagerInfo: Added broadcast_11_piece0 in memory on 172.19.0.8:40087 (size: 19.2 KiB, free: 434.3 MiB)
[2025-07-08T15:25:05.200+0000] {spark_submit.py:644} INFO - 25/07/08 15:25:05 INFO BlockManagerInfo: Added broadcast_10_piece0 in memory on 172.19.0.8:40087 (size: 35.7 KiB, free: 434.2 MiB)
[2025-07-08T15:25:05.876+0000] {spark_submit.py:644} INFO - 25/07/08 15:25:05 INFO TaskSetManager: Finished task 0.0 in stage 8.0 (TID 7) in 804 ms on 172.19.0.8 (executor 0) (1/1)
[2025-07-08T15:25:05.909+0000] {spark_submit.py:644} INFO - 25/07/08 15:25:05 INFO TaskSchedulerImpl: Removed TaskSet 8.0, whose tasks have all completed, from pool
[2025-07-08T15:25:05.910+0000] {spark_submit.py:644} INFO - 25/07/08 15:25:05 INFO DAGScheduler: ShuffleMapStage 8 (count at NativeMethodAccessorImpl.java:0) finished in 0.847 s
[2025-07-08T15:25:05.910+0000] {spark_submit.py:644} INFO - 25/07/08 15:25:05 INFO DAGScheduler: looking for newly runnable stages
[2025-07-08T15:25:05.910+0000] {spark_submit.py:644} INFO - 25/07/08 15:25:05 INFO DAGScheduler: running: Set()
[2025-07-08T15:25:05.911+0000] {spark_submit.py:644} INFO - 25/07/08 15:25:05 INFO DAGScheduler: waiting: Set()
[2025-07-08T15:25:05.911+0000] {spark_submit.py:644} INFO - 25/07/08 15:25:05 INFO DAGScheduler: failed: Set()
[2025-07-08T15:25:05.912+0000] {spark_submit.py:644} INFO - 25/07/08 15:25:05 INFO SparkContext: Starting job: count at NativeMethodAccessorImpl.java:0
[2025-07-08T15:25:05.912+0000] {spark_submit.py:644} INFO - 25/07/08 15:25:05 INFO DAGScheduler: Got job 7 (count at NativeMethodAccessorImpl.java:0) with 1 output partitions
[2025-07-08T15:25:05.913+0000] {spark_submit.py:644} INFO - 25/07/08 15:25:05 INFO DAGScheduler: Final stage: ResultStage 10 (count at NativeMethodAccessorImpl.java:0)
[2025-07-08T15:25:05.913+0000] {spark_submit.py:644} INFO - 25/07/08 15:25:05 INFO DAGScheduler: Parents of final stage: List(ShuffleMapStage 9)
[2025-07-08T15:25:05.914+0000] {spark_submit.py:644} INFO - 25/07/08 15:25:05 INFO DAGScheduler: Missing parents: List()
[2025-07-08T15:25:05.914+0000] {spark_submit.py:644} INFO - 25/07/08 15:25:05 INFO DAGScheduler: Submitting ResultStage 10 (MapPartitionsRDD[49] at count at NativeMethodAccessorImpl.java:0), which has no missing parents
[2025-07-08T15:25:05.915+0000] {spark_submit.py:644} INFO - 25/07/08 15:25:05 INFO MemoryStore: Block broadcast_12 stored as values in memory (estimated size 12.5 KiB, free 433.4 MiB)
[2025-07-08T15:25:05.955+0000] {spark_submit.py:644} INFO - 25/07/08 15:25:05 INFO MemoryStore: Block broadcast_12_piece0 stored as bytes in memory (estimated size 5.9 KiB, free 433.4 MiB)
[2025-07-08T15:25:05.959+0000] {spark_submit.py:644} INFO - 25/07/08 15:25:05 INFO BlockManagerInfo: Removed broadcast_11_piece0 on 172.19.0.8:40087 in memory (size: 19.2 KiB, free: 434.3 MiB)
[2025-07-08T15:25:06.041+0000] {spark_submit.py:644} INFO - 25/07/08 15:25:06 INFO BlockManagerInfo: Added broadcast_12_piece0 in memory on 3748f1b8240a:46697 (size: 5.9 KiB, free: 434.2 MiB)
[2025-07-08T15:25:06.042+0000] {spark_submit.py:644} INFO - 25/07/08 15:25:06 INFO SparkContext: Created broadcast 12 from broadcast at DAGScheduler.scala:1585
[2025-07-08T15:25:06.044+0000] {spark_submit.py:644} INFO - 25/07/08 15:25:06 INFO BlockManagerInfo: Removed broadcast_11_piece0 on 3748f1b8240a:46697 in memory (size: 19.2 KiB, free: 434.3 MiB)
[2025-07-08T15:25:06.045+0000] {spark_submit.py:644} INFO - 25/07/08 15:25:06 INFO DAGScheduler: Submitting 1 missing tasks from ResultStage 10 (MapPartitionsRDD[49] at count at NativeMethodAccessorImpl.java:0) (first 15 tasks are for partitions Vector(0))
[2025-07-08T15:25:06.047+0000] {spark_submit.py:644} INFO - 25/07/08 15:25:06 INFO TaskSchedulerImpl: Adding task set 10.0 with 1 tasks resource profile 0
[2025-07-08T15:25:06.048+0000] {spark_submit.py:644} INFO - 25/07/08 15:25:06 INFO TaskSetManager: Starting task 0.0 in stage 10.0 (TID 8) (172.19.0.8, executor 0, partition 0, NODE_LOCAL, 9518 bytes)
[2025-07-08T15:25:06.090+0000] {spark_submit.py:644} INFO - 25/07/08 15:25:06 INFO BlockManagerInfo: Added broadcast_12_piece0 in memory on 172.19.0.8:40087 (size: 5.9 KiB, free: 434.3 MiB)
[2025-07-08T15:25:06.124+0000] {spark_submit.py:644} INFO - 25/07/08 15:25:06 INFO MapOutputTrackerMasterEndpoint: Asked to send map output locations for shuffle 2 to 172.19.0.8:33132
[2025-07-08T15:25:06.161+0000] {spark_submit.py:644} INFO - 25/07/08 15:25:06 INFO TaskSetManager: Finished task 0.0 in stage 10.0 (TID 8) in 115 ms on 172.19.0.8 (executor 0) (1/1)
[2025-07-08T15:25:06.163+0000] {spark_submit.py:644} INFO - 25/07/08 15:25:06 INFO TaskSchedulerImpl: Removed TaskSet 10.0, whose tasks have all completed, from pool
[2025-07-08T15:25:06.166+0000] {spark_submit.py:644} INFO - 25/07/08 15:25:06 INFO DAGScheduler: ResultStage 10 (count at NativeMethodAccessorImpl.java:0) finished in 0.262 s
[2025-07-08T15:25:06.168+0000] {spark_submit.py:644} INFO - 25/07/08 15:25:06 INFO DAGScheduler: Job 7 is finished. Cancelling potential speculative or zombie tasks for this job
[2025-07-08T15:25:06.170+0000] {spark_submit.py:644} INFO - 25/07/08 15:25:06 INFO TaskSchedulerImpl: Killing all running tasks in stage 10: Stage finished
[2025-07-08T15:25:06.171+0000] {spark_submit.py:644} INFO - 25/07/08 15:25:06 INFO DAGScheduler: Job 7 finished: count at NativeMethodAccessorImpl.java:0, took 0.268752 s
[2025-07-08T15:25:06.255+0000] {spark_submit.py:644} INFO - 25/07/08 15:25:06 INFO CodeGenerator: Code generated in 13.537089 ms
[2025-07-08T15:25:06.263+0000] {spark_submit.py:644} INFO - 25/07/08 15:25:06 INFO DAGScheduler: Registering RDD 51 (count at NativeMethodAccessorImpl.java:0) as input to shuffle 3
[2025-07-08T15:25:06.263+0000] {spark_submit.py:644} INFO - 25/07/08 15:25:06 INFO DAGScheduler: Got map stage job 8 (count at NativeMethodAccessorImpl.java:0) with 2 output partitions
[2025-07-08T15:25:06.264+0000] {spark_submit.py:644} INFO - 25/07/08 15:25:06 INFO DAGScheduler: Final stage: ShuffleMapStage 11 (count at NativeMethodAccessorImpl.java:0)
[2025-07-08T15:25:06.265+0000] {spark_submit.py:644} INFO - 25/07/08 15:25:06 INFO DAGScheduler: Parents of final stage: List()
[2025-07-08T15:25:06.265+0000] {spark_submit.py:644} INFO - 25/07/08 15:25:06 INFO DAGScheduler: Missing parents: List()
[2025-07-08T15:25:06.266+0000] {spark_submit.py:644} INFO - 25/07/08 15:25:06 INFO DAGScheduler: Submitting ShuffleMapStage 11 (MapPartitionsRDD[51] at count at NativeMethodAccessorImpl.java:0), which has no missing parents
[2025-07-08T15:25:06.270+0000] {spark_submit.py:644} INFO - 25/07/08 15:25:06 INFO MemoryStore: Block broadcast_13 stored as values in memory (estimated size 16.0 KiB, free 433.4 MiB)
[2025-07-08T15:25:06.442+0000] {spark_submit.py:644} INFO - 25/07/08 15:25:06 INFO MemoryStore: Block broadcast_13_piece0 stored as bytes in memory (estimated size 8.4 KiB, free 433.4 MiB)
[2025-07-08T15:25:06.446+0000] {spark_submit.py:644} INFO - 25/07/08 15:25:06 INFO BlockManagerInfo: Removed broadcast_10_piece0 on 172.19.0.8:40087 in memory (size: 35.7 KiB, free: 434.3 MiB)
[2025-07-08T15:25:06.473+0000] {spark_submit.py:644} INFO - 25/07/08 15:25:06 INFO BlockManagerInfo: Added broadcast_13_piece0 in memory on 3748f1b8240a:46697 (size: 8.4 KiB, free: 434.2 MiB)
[2025-07-08T15:25:06.474+0000] {spark_submit.py:644} INFO - 25/07/08 15:25:06 INFO BlockManagerInfo: Removed broadcast_10_piece0 on 3748f1b8240a:46697 in memory (size: 35.7 KiB, free: 434.3 MiB)
[2025-07-08T15:25:06.475+0000] {spark_submit.py:644} INFO - 25/07/08 15:25:06 INFO SparkContext: Created broadcast 13 from broadcast at DAGScheduler.scala:1585
[2025-07-08T15:25:06.476+0000] {spark_submit.py:644} INFO - 25/07/08 15:25:06 INFO DAGScheduler: Submitting 2 missing tasks from ShuffleMapStage 11 (MapPartitionsRDD[51] at count at NativeMethodAccessorImpl.java:0) (first 15 tasks are for partitions Vector(0, 1))
[2025-07-08T15:25:06.476+0000] {spark_submit.py:644} INFO - 25/07/08 15:25:06 INFO TaskSchedulerImpl: Adding task set 11.0 with 2 tasks resource profile 0
[2025-07-08T15:25:06.478+0000] {spark_submit.py:644} INFO - 25/07/08 15:25:06 INFO TaskSetManager: Starting task 0.0 in stage 11.0 (TID 9) (172.19.0.8, executor 0, partition 0, PROCESS_LOCAL, 9487 bytes)
[2025-07-08T15:25:06.479+0000] {spark_submit.py:644} INFO - 25/07/08 15:25:06 INFO TaskSetManager: Starting task 1.0 in stage 11.0 (TID 10) (172.19.0.8, executor 0, partition 1, PROCESS_LOCAL, 15452 bytes)
[2025-07-08T15:25:06.483+0000] {spark_submit.py:644} INFO - 25/07/08 15:25:06 INFO BlockManagerInfo: Removed broadcast_12_piece0 on 3748f1b8240a:46697 in memory (size: 5.9 KiB, free: 434.3 MiB)
[2025-07-08T15:25:06.488+0000] {spark_submit.py:644} INFO - 25/07/08 15:25:06 INFO BlockManagerInfo: Removed broadcast_12_piece0 on 172.19.0.8:40087 in memory (size: 5.9 KiB, free: 434.3 MiB)
[2025-07-08T15:25:06.522+0000] {spark_submit.py:644} INFO - 25/07/08 15:25:06 INFO BlockManagerInfo: Added broadcast_13_piece0 in memory on 172.19.0.8:40087 (size: 8.4 KiB, free: 434.3 MiB)
[2025-07-08T15:25:09.447+0000] {spark_submit.py:644} INFO - 25/07/08 15:25:09 INFO TaskSetManager: Finished task 1.0 in stage 11.0 (TID 10) in 2969 ms on 172.19.0.8 (executor 0) (1/2)
[2025-07-08T15:25:10.037+0000] {spark_submit.py:644} INFO - 25/07/08 15:25:10 INFO TaskSetManager: Finished task 0.0 in stage 11.0 (TID 9) in 3561 ms on 172.19.0.8 (executor 0) (2/2)
[2025-07-08T15:25:10.038+0000] {spark_submit.py:644} INFO - 25/07/08 15:25:10 INFO TaskSchedulerImpl: Removed TaskSet 11.0, whose tasks have all completed, from pool
[2025-07-08T15:25:10.040+0000] {spark_submit.py:644} INFO - 25/07/08 15:25:10 INFO DAGScheduler: ShuffleMapStage 11 (count at NativeMethodAccessorImpl.java:0) finished in 3.774 s
[2025-07-08T15:25:10.041+0000] {spark_submit.py:644} INFO - 25/07/08 15:25:10 INFO DAGScheduler: looking for newly runnable stages
[2025-07-08T15:25:10.043+0000] {spark_submit.py:644} INFO - 25/07/08 15:25:10 INFO DAGScheduler: running: Set()
[2025-07-08T15:25:10.044+0000] {spark_submit.py:644} INFO - 25/07/08 15:25:10 INFO DAGScheduler: waiting: Set()
[2025-07-08T15:25:10.045+0000] {spark_submit.py:644} INFO - 25/07/08 15:25:10 INFO DAGScheduler: failed: Set()
[2025-07-08T15:25:10.065+0000] {spark_submit.py:644} INFO - 25/07/08 15:25:10 INFO CodeGenerator: Code generated in 10.931945 ms
[2025-07-08T15:25:10.075+0000] {spark_submit.py:644} INFO - 25/07/08 15:25:10 INFO SparkContext: Starting job: count at NativeMethodAccessorImpl.java:0
[2025-07-08T15:25:10.076+0000] {spark_submit.py:644} INFO - 25/07/08 15:25:10 INFO DAGScheduler: Got job 9 (count at NativeMethodAccessorImpl.java:0) with 1 output partitions
[2025-07-08T15:25:10.077+0000] {spark_submit.py:644} INFO - 25/07/08 15:25:10 INFO DAGScheduler: Final stage: ResultStage 13 (count at NativeMethodAccessorImpl.java:0)
[2025-07-08T15:25:10.078+0000] {spark_submit.py:644} INFO - 25/07/08 15:25:10 INFO DAGScheduler: Parents of final stage: List(ShuffleMapStage 12)
[2025-07-08T15:25:10.079+0000] {spark_submit.py:644} INFO - 25/07/08 15:25:10 INFO DAGScheduler: Missing parents: List()
[2025-07-08T15:25:10.080+0000] {spark_submit.py:644} INFO - 25/07/08 15:25:10 INFO DAGScheduler: Submitting ResultStage 13 (MapPartitionsRDD[54] at count at NativeMethodAccessorImpl.java:0), which has no missing parents
[2025-07-08T15:25:10.081+0000] {spark_submit.py:644} INFO - 25/07/08 15:25:10 INFO MemoryStore: Block broadcast_14 stored as values in memory (estimated size 12.5 KiB, free 433.7 MiB)
[2025-07-08T15:25:10.090+0000] {spark_submit.py:644} INFO - 25/07/08 15:25:10 INFO MemoryStore: Block broadcast_14_piece0 stored as bytes in memory (estimated size 5.9 KiB, free 433.7 MiB)
[2025-07-08T15:25:10.091+0000] {spark_submit.py:644} INFO - 25/07/08 15:25:10 INFO BlockManagerInfo: Added broadcast_14_piece0 in memory on 3748f1b8240a:46697 (size: 5.9 KiB, free: 434.3 MiB)
[2025-07-08T15:25:10.092+0000] {spark_submit.py:644} INFO - 25/07/08 15:25:10 INFO BlockManagerInfo: Removed broadcast_13_piece0 on 3748f1b8240a:46697 in memory (size: 8.4 KiB, free: 434.3 MiB)
[2025-07-08T15:25:10.093+0000] {spark_submit.py:644} INFO - 25/07/08 15:25:10 INFO SparkContext: Created broadcast 14 from broadcast at DAGScheduler.scala:1585
[2025-07-08T15:25:10.094+0000] {spark_submit.py:644} INFO - 25/07/08 15:25:10 INFO DAGScheduler: Submitting 1 missing tasks from ResultStage 13 (MapPartitionsRDD[54] at count at NativeMethodAccessorImpl.java:0) (first 15 tasks are for partitions Vector(0))
[2025-07-08T15:25:10.094+0000] {spark_submit.py:644} INFO - 25/07/08 15:25:10 INFO TaskSchedulerImpl: Adding task set 13.0 with 1 tasks resource profile 0
[2025-07-08T15:25:10.095+0000] {spark_submit.py:644} INFO - 25/07/08 15:25:10 INFO BlockManagerInfo: Removed broadcast_13_piece0 on 172.19.0.8:40087 in memory (size: 8.4 KiB, free: 434.3 MiB)
[2025-07-08T15:25:10.096+0000] {spark_submit.py:644} INFO - 25/07/08 15:25:10 INFO TaskSetManager: Starting task 0.0 in stage 13.0 (TID 11) (172.19.0.8, executor 0, partition 0, NODE_LOCAL, 9518 bytes)
[2025-07-08T15:25:10.128+0000] {spark_submit.py:644} INFO - 25/07/08 15:25:10 INFO BlockManagerInfo: Added broadcast_14_piece0 in memory on 172.19.0.8:40087 (size: 5.9 KiB, free: 434.3 MiB)
[2025-07-08T15:25:10.242+0000] {spark_submit.py:644} INFO - 25/07/08 15:25:10 INFO MapOutputTrackerMasterEndpoint: Asked to send map output locations for shuffle 3 to 172.19.0.8:33132
[2025-07-08T15:25:10.266+0000] {spark_submit.py:644} INFO - 25/07/08 15:25:10 INFO TaskSetManager: Finished task 0.0 in stage 13.0 (TID 11) in 172 ms on 172.19.0.8 (executor 0) (1/1)
[2025-07-08T15:25:10.267+0000] {spark_submit.py:644} INFO - 25/07/08 15:25:10 INFO TaskSchedulerImpl: Removed TaskSet 13.0, whose tasks have all completed, from pool
[2025-07-08T15:25:10.267+0000] {spark_submit.py:644} INFO - 25/07/08 15:25:10 INFO DAGScheduler: ResultStage 13 (count at NativeMethodAccessorImpl.java:0) finished in 0.189 s
[2025-07-08T15:25:10.268+0000] {spark_submit.py:644} INFO - 25/07/08 15:25:10 INFO DAGScheduler: Job 9 is finished. Cancelling potential speculative or zombie tasks for this job
[2025-07-08T15:25:10.269+0000] {spark_submit.py:644} INFO - 25/07/08 15:25:10 INFO TaskSchedulerImpl: Killing all running tasks in stage 13: Stage finished
[2025-07-08T15:25:10.269+0000] {spark_submit.py:644} INFO - 25/07/08 15:25:10 INFO DAGScheduler: Job 9 finished: count at NativeMethodAccessorImpl.java:0, took 0.192516 s
[2025-07-08T15:25:10.718+0000] {spark_submit.py:644} INFO - 25/07/08 15:25:10 INFO BaseMetastoreTableOperations: Refreshing table metadata from new version: s3a://warehouse/exercises/pdf_documents_3f2f6938-06f1-4401-a884-d6a6de9720a0/metadata/00014-b2c28ef1-5a7c-4632-a278-9d6778092a31.metadata.json
[2025-07-08T15:25:11.291+0000] {spark_submit.py:644} INFO - 25/07/08 15:25:11 INFO NessieUtil: loadTableMetadata for 'exercises.pdf_documents' from location 's3a://warehouse/exercises/pdf_documents_3f2f6938-06f1-4401-a884-d6a6de9720a0/metadata/00014-b2c28ef1-5a7c-4632-a278-9d6778092a31.metadata.json' at 'Branch{name=main, metadata=null, hash=8aeddabbba72caf95713916a8fa774f5379a862de44cb2b7d89f03408374a4de}'
[2025-07-08T15:25:11.314+0000] {spark_submit.py:644} INFO - 25/07/08 15:25:11 INFO BaseMetastoreCatalog: Table loaded by catalog: nessie.exercises.pdf_documents
[2025-07-08T15:25:14.761+0000] {spark_submit.py:644} INFO - 25/07/08 15:25:14 INFO CodeGenerator: Code generated in 46.233828 ms
[2025-07-08T15:25:15.315+0000] {spark_submit.py:644} INFO - 25/07/08 15:25:15 INFO SparkWrite: Requesting 0 bytes advisory partition size for table nessie.exercises.pdf_documents
[2025-07-08T15:25:15.315+0000] {spark_submit.py:644} INFO - 25/07/08 15:25:15 INFO SparkWrite: Requesting UnspecifiedDistribution as write distribution for table nessie.exercises.pdf_documents
[2025-07-08T15:25:15.354+0000] {spark_submit.py:644} INFO - 25/07/08 15:25:15 INFO SparkWrite: Requesting [] as write ordering for table nessie.exercises.pdf_documents
[2025-07-08T15:25:15.382+0000] {spark_submit.py:644} INFO - 25/07/08 15:25:15 INFO CodeGenerator: Code generated in 11.143012 ms
[2025-07-08T15:25:15.425+0000] {spark_submit.py:644} INFO - 25/07/08 15:25:15 INFO MemoryStore: Block broadcast_15 stored as values in memory (estimated size 32.0 KiB, free 433.6 MiB)
[2025-07-08T15:25:15.457+0000] {spark_submit.py:644} INFO - 25/07/08 15:25:15 INFO BlockManagerInfo: Removed broadcast_14_piece0 on 3748f1b8240a:46697 in memory (size: 5.9 KiB, free: 434.3 MiB)
[2025-07-08T15:25:15.458+0000] {spark_submit.py:644} INFO - 25/07/08 15:25:15 INFO MemoryStore: Block broadcast_15_piece0 stored as bytes in memory (estimated size 30.1 KiB, free 433.6 MiB)
[2025-07-08T15:25:15.459+0000] {spark_submit.py:644} INFO - 25/07/08 15:25:15 INFO BlockManagerInfo: Added broadcast_15_piece0 in memory on 3748f1b8240a:46697 (size: 30.1 KiB, free: 434.3 MiB)
[2025-07-08T15:25:15.460+0000] {spark_submit.py:644} INFO - 25/07/08 15:25:15 INFO BlockManagerInfo: Removed broadcast_14_piece0 on 172.19.0.8:40087 in memory (size: 5.9 KiB, free: 434.3 MiB)
[2025-07-08T15:25:15.460+0000] {spark_submit.py:644} INFO - 25/07/08 15:25:15 INFO SparkContext: Created broadcast 15 from broadcast at SparkWrite.java:193
[2025-07-08T15:25:15.463+0000] {spark_submit.py:644} INFO - 25/07/08 15:25:15 INFO AppendDataExec: Start processing data source write support: IcebergBatchWrite(table=nessie.exercises.pdf_documents, format=PARQUET). The input RDD has 2 partitions.
[2025-07-08T15:25:15.476+0000] {spark_submit.py:644} INFO - 25/07/08 15:25:15 INFO SparkContext: Starting job: saveAsTable at NativeMethodAccessorImpl.java:0
[2025-07-08T15:25:15.477+0000] {spark_submit.py:644} INFO - 25/07/08 15:25:15 INFO DAGScheduler: Got job 10 (saveAsTable at NativeMethodAccessorImpl.java:0) with 2 output partitions
[2025-07-08T15:25:15.478+0000] {spark_submit.py:644} INFO - 25/07/08 15:25:15 INFO DAGScheduler: Final stage: ResultStage 14 (saveAsTable at NativeMethodAccessorImpl.java:0)
[2025-07-08T15:25:15.479+0000] {spark_submit.py:644} INFO - 25/07/08 15:25:15 INFO DAGScheduler: Parents of final stage: List()
[2025-07-08T15:25:15.480+0000] {spark_submit.py:644} INFO - 25/07/08 15:25:15 INFO DAGScheduler: Missing parents: List()
[2025-07-08T15:25:15.480+0000] {spark_submit.py:644} INFO - 25/07/08 15:25:15 INFO DAGScheduler: Submitting ResultStage 14 (MapPartitionsRDD[55] at saveAsTable at NativeMethodAccessorImpl.java:0), which has no missing parents
[2025-07-08T15:25:15.482+0000] {spark_submit.py:644} INFO - 25/07/08 15:25:15 INFO MemoryStore: Block broadcast_16 stored as values in memory (estimated size 15.1 KiB, free 433.6 MiB)
[2025-07-08T15:25:15.498+0000] {spark_submit.py:644} INFO - 25/07/08 15:25:15 INFO MemoryStore: Block broadcast_16_piece0 stored as bytes in memory (estimated size 7.8 KiB, free 433.6 MiB)
[2025-07-08T15:25:15.499+0000] {spark_submit.py:644} INFO - 25/07/08 15:25:15 INFO BlockManagerInfo: Added broadcast_16_piece0 in memory on 3748f1b8240a:46697 (size: 7.8 KiB, free: 434.3 MiB)
[2025-07-08T15:25:15.500+0000] {spark_submit.py:644} INFO - 25/07/08 15:25:15 INFO SparkContext: Created broadcast 16 from broadcast at DAGScheduler.scala:1585
[2025-07-08T15:25:15.520+0000] {spark_submit.py:644} INFO - 25/07/08 15:25:15 INFO DAGScheduler: Submitting 2 missing tasks from ResultStage 14 (MapPartitionsRDD[55] at saveAsTable at NativeMethodAccessorImpl.java:0) (first 15 tasks are for partitions Vector(0, 1))
[2025-07-08T15:25:15.521+0000] {spark_submit.py:644} INFO - 25/07/08 15:25:15 INFO TaskSchedulerImpl: Adding task set 14.0 with 2 tasks resource profile 0
[2025-07-08T15:25:15.522+0000] {spark_submit.py:644} INFO - 25/07/08 15:25:15 INFO TaskSetManager: Starting task 0.0 in stage 14.0 (TID 12) (172.19.0.8, executor 0, partition 0, PROCESS_LOCAL, 9498 bytes)
[2025-07-08T15:25:15.523+0000] {spark_submit.py:644} INFO - 25/07/08 15:25:15 INFO TaskSetManager: Starting task 1.0 in stage 14.0 (TID 13) (172.19.0.8, executor 0, partition 1, PROCESS_LOCAL, 15463 bytes)
[2025-07-08T15:25:15.536+0000] {spark_submit.py:644} INFO - 25/07/08 15:25:15 INFO BlockManagerInfo: Added broadcast_16_piece0 in memory on 172.19.0.8:40087 (size: 7.8 KiB, free: 434.3 MiB)
[2025-07-08T15:25:16.011+0000] {spark_submit.py:644} INFO - 25/07/08 15:25:16 INFO BlockManagerInfo: Added broadcast_15_piece0 in memory on 172.19.0.8:40087 (size: 30.1 KiB, free: 434.3 MiB)
[2025-07-08T15:25:21.697+0000] {spark_submit.py:644} INFO - 25/07/08 15:25:21 INFO TaskSetManager: Finished task 0.0 in stage 14.0 (TID 12) in 6176 ms on 172.19.0.8 (executor 0) (1/2)
[2025-07-08T15:25:24.411+0000] {spark_submit.py:644} INFO - 25/07/08 15:25:24 INFO TaskSetManager: Finished task 1.0 in stage 14.0 (TID 13) in 8889 ms on 172.19.0.8 (executor 0) (2/2)
[2025-07-08T15:25:24.412+0000] {spark_submit.py:644} INFO - 25/07/08 15:25:24 INFO TaskSchedulerImpl: Removed TaskSet 14.0, whose tasks have all completed, from pool
[2025-07-08T15:25:24.413+0000] {spark_submit.py:644} INFO - 25/07/08 15:25:24 INFO DAGScheduler: ResultStage 14 (saveAsTable at NativeMethodAccessorImpl.java:0) finished in 8.933 s
[2025-07-08T15:25:24.414+0000] {spark_submit.py:644} INFO - 25/07/08 15:25:24 INFO DAGScheduler: Job 10 is finished. Cancelling potential speculative or zombie tasks for this job
[2025-07-08T15:25:24.415+0000] {spark_submit.py:644} INFO - 25/07/08 15:25:24 INFO TaskSchedulerImpl: Killing all running tasks in stage 14: Stage finished
[2025-07-08T15:25:24.415+0000] {spark_submit.py:644} INFO - 25/07/08 15:25:24 INFO DAGScheduler: Job 10 finished: saveAsTable at NativeMethodAccessorImpl.java:0, took 8.937661 s
[2025-07-08T15:25:24.416+0000] {spark_submit.py:644} INFO - 25/07/08 15:25:24 INFO AppendDataExec: Data source write support IcebergBatchWrite(table=nessie.exercises.pdf_documents, format=PARQUET) is committing.
[2025-07-08T15:25:24.478+0000] {spark_submit.py:644} INFO - 25/07/08 15:25:24 INFO SparkWrite: Committing append with 1 new data files to table nessie.exercises.pdf_documents
[2025-07-08T15:25:26.515+0000] {spark_submit.py:644} INFO - 25/07/08 15:25:26 INFO NessieIcebergClient: Committed 'exercises.pdf_documents' against 'Branch{name=main, metadata=null, hash=fe142dd8d1ec782d78c88a890169c47dd1b6567e37558b22c2e18853cb2a85dd}', expected commit-id was '8aeddabbba72caf95713916a8fa774f5379a862de44cb2b7d89f03408374a4de'
[2025-07-08T15:25:26.516+0000] {spark_submit.py:644} INFO - 25/07/08 15:25:26 INFO BaseMetastoreTableOperations: Successfully committed to table exercises.pdf_documents in 314 ms
[2025-07-08T15:25:26.517+0000] {spark_submit.py:644} INFO - 25/07/08 15:25:26 INFO SnapshotProducer: Committed snapshot 1609754597267985512 (MergeAppend)
[2025-07-08T15:25:26.561+0000] {spark_submit.py:644} INFO - 25/07/08 15:25:26 INFO BaseMetastoreTableOperations: Refreshing table metadata from new version: s3a://warehouse/exercises/pdf_documents_3f2f6938-06f1-4401-a884-d6a6de9720a0/metadata/00015-c371517e-a516-4e11-8c4b-1c615db17f80.metadata.json
[2025-07-08T15:25:26.575+0000] {spark_submit.py:644} INFO - 25/07/08 15:25:26 INFO NessieUtil: loadTableMetadata for 'exercises.pdf_documents' from location 's3a://warehouse/exercises/pdf_documents_3f2f6938-06f1-4401-a884-d6a6de9720a0/metadata/00015-c371517e-a516-4e11-8c4b-1c615db17f80.metadata.json' at 'Branch{name=main, metadata=null, hash=fe142dd8d1ec782d78c88a890169c47dd1b6567e37558b22c2e18853cb2a85dd}'
[2025-07-08T15:25:26.614+0000] {spark_submit.py:644} INFO - 25/07/08 15:25:26 INFO LoggingMetricsReporter: Received metrics report: CommitReport{tableName=nessie.exercises.pdf_documents, snapshotId=1609754597267985512, sequenceNumber=16, operation=append, commitMetrics=CommitMetricsResult{totalDuration=TimerResult{timeUnit=NANOSECONDS, totalDuration=PT2.04907169S, count=1}, attempts=CounterResult{unit=COUNT, value=1}, addedDataFiles=CounterResult{unit=COUNT, value=1}, removedDataFiles=null, totalDataFiles=CounterResult{unit=COUNT, value=16}, addedDeleteFiles=null, addedEqualityDeleteFiles=null, addedPositionalDeleteFiles=null, addedDVs=null, removedDeleteFiles=null, removedEqualityDeleteFiles=null, removedPositionalDeleteFiles=null, removedDVs=null, totalDeleteFiles=CounterResult{unit=COUNT, value=0}, addedRecords=CounterResult{unit=COUNT, value=1}, removedRecords=null, totalRecords=CounterResult{unit=COUNT, value=16}, addedFilesSizeInBytes=CounterResult{unit=BYTES, value=5114}, removedFilesSizeInBytes=null, totalFilesSizeInBytes=CounterResult{unit=BYTES, value=124561}, addedPositionalDeletes=null, removedPositionalDeletes=null, totalPositionalDeletes=CounterResult{unit=COUNT, value=0}, addedEqualityDeletes=null, removedEqualityDeletes=null, totalEqualityDeletes=CounterResult{unit=COUNT, value=0}}, metadata={engine-version=3.5.5, app-id=app-20250708152402-0004, engine-name=spark, iceberg-version=Apache Iceberg 1.8.1 (commit 9ce0fcf0af7becf25ad9fc996c3bad2afdcfd33d)}}
[2025-07-08T15:25:26.614+0000] {spark_submit.py:644} INFO - 25/07/08 15:25:26 INFO SparkWrite: Committed in 2135 ms
[2025-07-08T15:25:26.615+0000] {spark_submit.py:644} INFO - 25/07/08 15:25:26 INFO AppendDataExec: Data source write support IcebergBatchWrite(table=nessie.exercises.pdf_documents, format=PARQUET) committed.
[2025-07-08T15:25:26.616+0000] {spark_submit.py:644} INFO - [PROCESS EXERCISES] ❌ erro durante processamento em main(): No active exception to reraise
[2025-07-08T15:25:26.617+0000] {spark_submit.py:644} INFO - [PROCESS EXERCISES] ✅ sessão Spark terminada com sucesso.
[2025-07-08T15:25:26.617+0000] {spark_submit.py:644} INFO - 25/07/08 15:25:26 INFO SparkContext: SparkContext is stopping with exitCode 0.
[2025-07-08T15:25:26.624+0000] {spark_submit.py:644} INFO - 25/07/08 15:25:26 INFO SparkUI: Stopped Spark web UI at http://3748f1b8240a:4040
[2025-07-08T15:25:26.628+0000] {spark_submit.py:644} INFO - 25/07/08 15:25:26 INFO StandaloneSchedulerBackend: Shutting down all executors
[2025-07-08T15:25:26.628+0000] {spark_submit.py:644} INFO - 25/07/08 15:25:26 INFO StandaloneSchedulerBackend$StandaloneDriverEndpoint: Asking each executor to shut down
[2025-07-08T15:25:26.647+0000] {spark_submit.py:644} INFO - 25/07/08 15:25:26 INFO MapOutputTrackerMasterEndpoint: MapOutputTrackerMasterEndpoint stopped!
[2025-07-08T15:25:26.794+0000] {spark_submit.py:644} INFO - 25/07/08 15:25:26 INFO MemoryStore: MemoryStore cleared
[2025-07-08T15:25:26.795+0000] {spark_submit.py:644} INFO - 25/07/08 15:25:26 INFO BlockManager: BlockManager stopped
[2025-07-08T15:25:26.798+0000] {spark_submit.py:644} INFO - 25/07/08 15:25:26 INFO BlockManagerMaster: BlockManagerMaster stopped
[2025-07-08T15:25:26.802+0000] {spark_submit.py:644} INFO - 25/07/08 15:25:26 INFO OutputCommitCoordinator$OutputCommitCoordinatorEndpoint: OutputCommitCoordinator stopped!
[2025-07-08T15:25:26.812+0000] {spark_submit.py:644} INFO - 25/07/08 15:25:26 INFO SparkContext: Successfully stopped SparkContext
[2025-07-08T15:25:27.419+0000] {spark_submit.py:644} INFO - [PROCESS EXERCISES] ❌ erro durante processamento em main(): No active exception to reraise
[2025-07-08T15:25:27.587+0000] {spark_submit.py:644} INFO - 25/07/08 15:25:27 INFO ShutdownHookManager: Shutdown hook called
[2025-07-08T15:25:27.588+0000] {spark_submit.py:644} INFO - 25/07/08 15:25:27 INFO ShutdownHookManager: Deleting directory /tmp/spark-c47a1b58-61a9-4331-af46-da4b7647d8d1/pyspark-756f5b10-a529-4e17-8923-23985ee186c4
[2025-07-08T15:25:27.593+0000] {spark_submit.py:644} INFO - 25/07/08 15:25:27 INFO ShutdownHookManager: Deleting directory /tmp/spark-1e6ae79b-b87a-4298-b211-9c498a13aceb
[2025-07-08T15:25:27.598+0000] {spark_submit.py:644} INFO - 25/07/08 15:25:27 INFO ShutdownHookManager: Deleting directory /tmp/spark-c47a1b58-61a9-4331-af46-da4b7647d8d1
[2025-07-08T15:25:27.647+0000] {spark_submit.py:644} INFO - 25/07/08 15:25:27 INFO MetricsSystemImpl: Stopping s3a-file-system metrics system...
[2025-07-08T15:25:27.647+0000] {spark_submit.py:644} INFO - 25/07/08 15:25:27 INFO MetricsSystemImpl: s3a-file-system metrics system stopped.
[2025-07-08T15:25:27.648+0000] {spark_submit.py:644} INFO - 25/07/08 15:25:27 INFO MetricsSystemImpl: s3a-file-system metrics system shutdown complete.
[2025-07-08T15:25:28.026+0000] {taskinstance.py:3336} ERROR - Task failed with exception
Traceback (most recent call last):
  File "/home/airflow/.local/lib/python3.12/site-packages/airflow/models/taskinstance.py", line 776, in _execute_task
    result = _execute_callable(context=context, **execute_callable_kwargs)
             ^^^^^^^^^^^^^^^^^^^^^^^^^^^^^^^^^^^^^^^^^^^^^^^^^^^^^^^^^^^^^
  File "/home/airflow/.local/lib/python3.12/site-packages/airflow/models/taskinstance.py", line 742, in _execute_callable
    return ExecutionCallableRunner(
           ^^^^^^^^^^^^^^^^^^^^^^^^
  File "/home/airflow/.local/lib/python3.12/site-packages/airflow/utils/operator_helpers.py", line 252, in run
    return self.func(*args, **kwargs)
           ^^^^^^^^^^^^^^^^^^^^^^^^^^
  File "/home/airflow/.local/lib/python3.12/site-packages/airflow/models/baseoperator.py", line 424, in wrapper
    return func(self, *args, **kwargs)
           ^^^^^^^^^^^^^^^^^^^^^^^^^^^
  File "/home/airflow/.local/lib/python3.12/site-packages/airflow/providers/apache/spark/operators/spark_submit.py", line 197, in execute
    self._hook.submit(self.application)
  File "/home/airflow/.local/lib/python3.12/site-packages/airflow/providers/apache/spark/hooks/spark_submit.py", line 566, in submit
    raise AirflowException(
airflow.exceptions.AirflowException: Cannot execute: spark-submit --master spark://spark-master:7077 --jars /opt/bitnami/spark/jars/iceberg-spark-runtime-3.5_2.12-1.8.1.jar,/opt/bitnami/spark/jars/nessie-spark-extensions-3.5_2.12-0.103.2.jar,/opt/bitnami/spark/jars/nessie-client-0.103.2.jar,/opt/bitnami/spark/jars/hadoop-aws-3.3.2.jar,/opt/bitnami/spark/jars/aws-java-sdk-bundle-1.12.262.jar, --name arrow-spark --deploy-mode client /opt/bitnami/spark/jobs/process_exercises_job.py {"id": "CA-LESTE-construtiva-7DE-2025-07-08", "manifest_entry": {"data": {"createdAt": "2025-07-08T15:22:45.270Z", "origin": "CA-LESTE", "path": "exercises/CA-LESTE-construtiva-7DE-2025-07-08"}, "id": "CA-LESTE-construtiva-7DE-2025-07-08"}, "metadata": {"createdAt": "2025-07-08T15:22:45.270Z", "description": "7DE", "documents": [{"description": "", "id": "1751988217081", "mimetype": "application/pdf", "name": "Op Jacui IV - Anexo A - Inteligencia.pdf", "path": "exercises/CA-LESTE-construtiva-7DE-2025-07-08/documents/Op Jacui IV - Anexo A - Inteligencia.pdf", "size": 47523, "uploadedAt": "2025-07-08T15:23:37.082Z"}], "endDate": "2025-07-10", "id": "CA-LESTE-construtiva-7DE-2025-07-08", "name": "Jogo de Guerra", "origin": "CA-LESTE", "simulationType": "construtiva", "simulations": [{"id": "172.19.0.14_2025-07-08", "movedAt": "2025-07-08T15:23:40.755Z", "name": "172.19.0.14_2025-07-08", "originalPath": "staging/172.19.0.14_2025-07-08", "path": "exercises/CA-LESTE-construtiva-7DE-2025-07-08/simulations/172.19.0.14_2025-07-08"}], "startDate": "2025-07-09", "trainedForce": "7 Divis\u00e3o de Ex\u00e9rcito", "updatedAt": "2025-07-08T15:23:40.755Z", "wikiUrl": ""}}. Error code is: 1.
[2025-07-08T15:25:28.696+0000] {taskinstance.py:1242} INFO - Marking task as FAILED. dag_id=process_exercises, task_id=process_exercises, run_id=manual__2025-07-08T15:23:50.683526+00:00, execution_date=20250708T152350, start_date=20250708T152354, end_date=20250708T152528
[2025-07-08T15:25:29.002+0000] {taskinstance.py:349} INFO - ::group::Post task execution logs
[2025-07-08T15:25:29.003+0000] {standard_task_runner.py:124} ERROR - Failed to execute job 142 for task process_exercises (Cannot execute: spark-submit --master spark://spark-master:7077 --jars /opt/bitnami/spark/jars/iceberg-spark-runtime-3.5_2.12-1.8.1.jar,/opt/bitnami/spark/jars/nessie-spark-extensions-3.5_2.12-0.103.2.jar,/opt/bitnami/spark/jars/nessie-client-0.103.2.jar,/opt/bitnami/spark/jars/hadoop-aws-3.3.2.jar,/opt/bitnami/spark/jars/aws-java-sdk-bundle-1.12.262.jar, --name arrow-spark --deploy-mode client /opt/bitnami/spark/jobs/process_exercises_job.py {"id": "CA-LESTE-construtiva-7DE-2025-07-08", "manifest_entry": {"data": {"createdAt": "2025-07-08T15:22:45.270Z", "origin": "CA-LESTE", "path": "exercises/CA-LESTE-construtiva-7DE-2025-07-08"}, "id": "CA-LESTE-construtiva-7DE-2025-07-08"}, "metadata": {"createdAt": "2025-07-08T15:22:45.270Z", "description": "7DE", "documents": [{"description": "", "id": "1751988217081", "mimetype": "application/pdf", "name": "Op Jacui IV - Anexo A - Inteligencia.pdf", "path": "exercises/CA-LESTE-construtiva-7DE-2025-07-08/documents/Op Jacui IV - Anexo A - Inteligencia.pdf", "size": 47523, "uploadedAt": "2025-07-08T15:23:37.082Z"}], "endDate": "2025-07-10", "id": "CA-LESTE-construtiva-7DE-2025-07-08", "name": "Jogo de Guerra", "origin": "CA-LESTE", "simulationType": "construtiva", "simulations": [{"id": "172.19.0.14_2025-07-08", "movedAt": "2025-07-08T15:23:40.755Z", "name": "172.19.0.14_2025-07-08", "originalPath": "staging/172.19.0.14_2025-07-08", "path": "exercises/CA-LESTE-construtiva-7DE-2025-07-08/simulations/172.19.0.14_2025-07-08"}], "startDate": "2025-07-09", "trainedForce": "7 Divis\u00e3o de Ex\u00e9rcito", "updatedAt": "2025-07-08T15:23:40.755Z", "wikiUrl": ""}}. Error code is: 1.; 3843)
Traceback (most recent call last):
  File "/home/airflow/.local/lib/python3.12/site-packages/airflow/task/task_runner/standard_task_runner.py", line 117, in _start_by_fork
    ret = args.func(args, dag=self.dag)
          ^^^^^^^^^^^^^^^^^^^^^^^^^^^^^
  File "/home/airflow/.local/lib/python3.12/site-packages/airflow/cli/cli_config.py", line 49, in command
    return func(*args, **kwargs)
           ^^^^^^^^^^^^^^^^^^^^^
  File "/home/airflow/.local/lib/python3.12/site-packages/airflow/utils/cli.py", line 116, in wrapper
    return f(*args, **kwargs)
           ^^^^^^^^^^^^^^^^^^
  File "/home/airflow/.local/lib/python3.12/site-packages/airflow/cli/commands/task_command.py", line 483, in task_run
    task_return_code = _run_task_by_selected_method(args, _dag, ti)
                       ^^^^^^^^^^^^^^^^^^^^^^^^^^^^^^^^^^^^^^^^^^^^
  File "/home/airflow/.local/lib/python3.12/site-packages/airflow/cli/commands/task_command.py", line 256, in _run_task_by_selected_method
    return _run_raw_task(args, ti)
           ^^^^^^^^^^^^^^^^^^^^^^^
  File "/home/airflow/.local/lib/python3.12/site-packages/airflow/cli/commands/task_command.py", line 341, in _run_raw_task
    return ti._run_raw_task(
           ^^^^^^^^^^^^^^^^^
  File "/home/airflow/.local/lib/python3.12/site-packages/airflow/utils/session.py", line 97, in wrapper
    return func(*args, session=session, **kwargs)
           ^^^^^^^^^^^^^^^^^^^^^^^^^^^^^^^^^^^^^^
  File "/home/airflow/.local/lib/python3.12/site-packages/airflow/models/taskinstance.py", line 3029, in _run_raw_task
    return _run_raw_task(
           ^^^^^^^^^^^^^^
  File "/home/airflow/.local/lib/python3.12/site-packages/airflow/models/taskinstance.py", line 282, in _run_raw_task
    TaskInstance._execute_task_with_callbacks(
  File "/home/airflow/.local/lib/python3.12/site-packages/airflow/models/taskinstance.py", line 3184, in _execute_task_with_callbacks
    result = self._execute_task(context, task_orig)
             ^^^^^^^^^^^^^^^^^^^^^^^^^^^^^^^^^^^^^^
  File "/home/airflow/.local/lib/python3.12/site-packages/airflow/models/taskinstance.py", line 3208, in _execute_task
    return _execute_task(self, context, task_orig)
           ^^^^^^^^^^^^^^^^^^^^^^^^^^^^^^^^^^^^^^^
  File "/home/airflow/.local/lib/python3.12/site-packages/airflow/models/taskinstance.py", line 776, in _execute_task
    result = _execute_callable(context=context, **execute_callable_kwargs)
             ^^^^^^^^^^^^^^^^^^^^^^^^^^^^^^^^^^^^^^^^^^^^^^^^^^^^^^^^^^^^^
  File "/home/airflow/.local/lib/python3.12/site-packages/airflow/models/taskinstance.py", line 742, in _execute_callable
    return ExecutionCallableRunner(
           ^^^^^^^^^^^^^^^^^^^^^^^^
  File "/home/airflow/.local/lib/python3.12/site-packages/airflow/utils/operator_helpers.py", line 252, in run
    return self.func(*args, **kwargs)
           ^^^^^^^^^^^^^^^^^^^^^^^^^^
  File "/home/airflow/.local/lib/python3.12/site-packages/airflow/models/baseoperator.py", line 424, in wrapper
    return func(self, *args, **kwargs)
           ^^^^^^^^^^^^^^^^^^^^^^^^^^^
  File "/home/airflow/.local/lib/python3.12/site-packages/airflow/providers/apache/spark/operators/spark_submit.py", line 197, in execute
    self._hook.submit(self.application)
  File "/home/airflow/.local/lib/python3.12/site-packages/airflow/providers/apache/spark/hooks/spark_submit.py", line 566, in submit
    raise AirflowException(
airflow.exceptions.AirflowException: Cannot execute: spark-submit --master spark://spark-master:7077 --jars /opt/bitnami/spark/jars/iceberg-spark-runtime-3.5_2.12-1.8.1.jar,/opt/bitnami/spark/jars/nessie-spark-extensions-3.5_2.12-0.103.2.jar,/opt/bitnami/spark/jars/nessie-client-0.103.2.jar,/opt/bitnami/spark/jars/hadoop-aws-3.3.2.jar,/opt/bitnami/spark/jars/aws-java-sdk-bundle-1.12.262.jar, --name arrow-spark --deploy-mode client /opt/bitnami/spark/jobs/process_exercises_job.py {"id": "CA-LESTE-construtiva-7DE-2025-07-08", "manifest_entry": {"data": {"createdAt": "2025-07-08T15:22:45.270Z", "origin": "CA-LESTE", "path": "exercises/CA-LESTE-construtiva-7DE-2025-07-08"}, "id": "CA-LESTE-construtiva-7DE-2025-07-08"}, "metadata": {"createdAt": "2025-07-08T15:22:45.270Z", "description": "7DE", "documents": [{"description": "", "id": "1751988217081", "mimetype": "application/pdf", "name": "Op Jacui IV - Anexo A - Inteligencia.pdf", "path": "exercises/CA-LESTE-construtiva-7DE-2025-07-08/documents/Op Jacui IV - Anexo A - Inteligencia.pdf", "size": 47523, "uploadedAt": "2025-07-08T15:23:37.082Z"}], "endDate": "2025-07-10", "id": "CA-LESTE-construtiva-7DE-2025-07-08", "name": "Jogo de Guerra", "origin": "CA-LESTE", "simulationType": "construtiva", "simulations": [{"id": "172.19.0.14_2025-07-08", "movedAt": "2025-07-08T15:23:40.755Z", "name": "172.19.0.14_2025-07-08", "originalPath": "staging/172.19.0.14_2025-07-08", "path": "exercises/CA-LESTE-construtiva-7DE-2025-07-08/simulations/172.19.0.14_2025-07-08"}], "startDate": "2025-07-09", "trainedForce": "7 Divis\u00e3o de Ex\u00e9rcito", "updatedAt": "2025-07-08T15:23:40.755Z", "wikiUrl": ""}}. Error code is: 1.
[2025-07-08T15:25:29.043+0000] {local_task_job_runner.py:266} INFO - Task exited with return code 1
[2025-07-08T15:25:29.058+0000] {local_task_job_runner.py:245} INFO - ::endgroup::
