[2025-07-08T18:47:11.788+0000] {local_task_job_runner.py:123} INFO - ::group::Pre task execution logs
[2025-07-08T18:47:11.826+0000] {taskinstance.py:2631} INFO - Dependencies all met for dep_context=non-requeueable deps ti=<TaskInstance: process_exercises.process_exercises manual__2025-07-08T18:47:07.512242+00:00 [queued]>
[2025-07-08T18:47:11.837+0000] {taskinstance.py:2631} INFO - Dependencies all met for dep_context=requeueable deps ti=<TaskInstance: process_exercises.process_exercises manual__2025-07-08T18:47:07.512242+00:00 [queued]>
[2025-07-08T18:47:11.838+0000] {taskinstance.py:2884} INFO - Starting attempt 1 of 1
[2025-07-08T18:47:11.887+0000] {taskinstance.py:2907} INFO - Executing <Task(SparkSubmitOperator): process_exercises> on 2025-07-08 18:47:07.512242+00:00
[2025-07-08T18:47:11.897+0000] {standard_task_runner.py:104} INFO - Running: ['airflow', 'tasks', 'run', 'process_exercises', 'process_exercises', 'manual__2025-07-08T18:47:07.512242+00:00', '--job-id', '185', '--raw', '--subdir', 'DAGS_FOLDER/process_exercises.py', '--cfg-path', '/tmp/tmp3_ns9uz7']
[2025-07-08T18:47:11.900+0000] {standard_task_runner.py:105} INFO - Job 185: Subtask process_exercises
[2025-07-08T18:47:11.901+0000] {logging_mixin.py:190} WARNING - /home/airflow/.local/lib/python3.12/site-packages/airflow/task/task_runner/standard_task_runner.py:70 DeprecationWarning: This process (pid=11743) is multi-threaded, use of fork() may lead to deadlocks in the child.
[2025-07-08T18:47:11.902+0000] {standard_task_runner.py:72} INFO - Started process 11744 to run task
[2025-07-08T18:47:12.046+0000] {task_command.py:467} INFO - Running <TaskInstance: process_exercises.process_exercises manual__2025-07-08T18:47:07.512242+00:00 [running]> on host 3748f1b8240a
[2025-07-08T18:47:12.271+0000] {taskinstance.py:3157} INFO - Exporting env vars: AIRFLOW_CTX_DAG_OWNER='airflow' AIRFLOW_CTX_DAG_ID='process_exercises' AIRFLOW_CTX_TASK_ID='process_exercises' AIRFLOW_CTX_EXECUTION_DATE='2025-07-08T18:47:07.512242+00:00' AIRFLOW_CTX_TRY_NUMBER='1' AIRFLOW_CTX_DAG_RUN_ID='manual__2025-07-08T18:47:07.512242+00:00'
[2025-07-08T18:47:12.273+0000] {taskinstance.py:740} INFO - ::endgroup::
[2025-07-08T18:47:12.329+0000] {base.py:84} INFO - Retrieving connection 'spark-ebsim'
[2025-07-08T18:47:12.337+0000] {spark_submit.py:474} INFO - Spark-Submit cmd: spark-submit --master spark://spark-master:7077 --jars /opt/bitnami/spark/jars/iceberg-spark-runtime-3.5_2.12-1.8.1.jar,/opt/bitnami/spark/jars/nessie-spark-extensions-3.5_2.12-0.103.2.jar,/opt/bitnami/spark/jars/nessie-client-0.103.2.jar,/opt/bitnami/spark/jars/hadoop-aws-3.3.2.jar,/opt/bitnami/spark/jars/aws-java-sdk-bundle-1.12.262.jar, --name arrow-spark --deploy-mode client /opt/bitnami/spark/jobs/process_exercises_job.py {"id": "CA-LESTE-construtiva-4DE-2025-07-08", "manifest_entry": {"data": {"createdAt": "2025-07-08T18:27:58.496Z", "origin": "CA-LESTE", "path": "exercises/CA-LESTE-construtiva-4DE-2025-07-08"}, "id": "CA-LESTE-construtiva-4DE-2025-07-08"}, "metadata": {"createdAt": "2025-07-08T18:27:58.496Z", "description": "4DE", "documents": [{"description": "", "id": "1751999288885", "mimetype": "application/pdf", "name": "Op Jacui IV - Ordem de Operacoes.pdf", "path": "exercises/CA-LESTE-construtiva-4DE-2025-07-08/documents/Op Jacui IV - Ordem de Operacoes.pdf", "size": 336744, "uploadedAt": "2025-07-08T18:28:08.885Z"}], "endDate": "2025-07-10", "id": "CA-LESTE-construtiva-4DE-2025-07-08", "name": "Jogo de Guerra", "origin": "CA-LESTE", "simulationType": "construtiva", "simulations": [{"id": "172.19.0.14_2025-07-08", "movedAt": "2025-07-08T18:28:17.872Z", "name": "172.19.0.14_2025-07-08", "originalPath": "staging/172.19.0.14_2025-07-08", "path": "exercises/CA-LESTE-construtiva-4DE-2025-07-08/simulations/172.19.0.14_2025-07-08"}], "startDate": "2025-07-08", "trainedForce": "4 Divis\u00e3o de Ex\u00e9rcito", "updatedAt": "2025-07-08T18:28:17.873Z", "wikiUrl": ""}}
[2025-07-08T18:47:14.132+0000] {spark_submit.py:644} INFO - 25/07/08 18:47:14 WARN NativeCodeLoader: Unable to load native-hadoop library for your platform... using builtin-java classes where applicable
[2025-07-08T18:47:15.704+0000] {spark_submit.py:644} INFO - [PROCESS EXERCISES] ℹ️ Iniciando processamento de exercícios
[2025-07-08T18:47:15.704+0000] {spark_submit.py:644} INFO - [PROCESS EXERCISES] ℹ️ Exercício selecionado: CA-LESTE-construtiva-4DE-2025-07-08
[2025-07-08T18:47:15.705+0000] {spark_submit.py:644} INFO - [PROCESS EXERCISES] 🔄 Criando sessão Spark
[2025-07-08T18:47:16.310+0000] {spark_submit.py:644} INFO - 25/07/08 18:47:16 INFO SparkContext: Running Spark version 3.5.5
[2025-07-08T18:47:16.311+0000] {spark_submit.py:644} INFO - 25/07/08 18:47:16 INFO SparkContext: OS info Linux, 5.15.167.4-microsoft-standard-WSL2, amd64
[2025-07-08T18:47:16.312+0000] {spark_submit.py:644} INFO - 25/07/08 18:47:16 INFO SparkContext: Java version 17.0.15
[2025-07-08T18:47:16.363+0000] {spark_submit.py:644} INFO - 25/07/08 18:47:16 INFO ResourceUtils: ==============================================================
[2025-07-08T18:47:16.364+0000] {spark_submit.py:644} INFO - 25/07/08 18:47:16 INFO ResourceUtils: No custom resources configured for spark.driver.
[2025-07-08T18:47:16.365+0000] {spark_submit.py:644} INFO - 25/07/08 18:47:16 INFO ResourceUtils: ==============================================================
[2025-07-08T18:47:16.367+0000] {spark_submit.py:644} INFO - 25/07/08 18:47:16 INFO SparkContext: Submitted application: ProcessExercises
[2025-07-08T18:47:16.395+0000] {spark_submit.py:644} INFO - 25/07/08 18:47:16 INFO ResourceProfile: Default ResourceProfile created, executor resources: Map(memory -> name: memory, amount: 1024, script: , vendor: , offHeap -> name: offHeap, amount: 0, script: , vendor: ), task resources: Map(cpus -> name: cpus, amount: 1.0)
[2025-07-08T18:47:16.406+0000] {spark_submit.py:644} INFO - 25/07/08 18:47:16 INFO ResourceProfile: Limiting resource is cpu
[2025-07-08T18:47:16.407+0000] {spark_submit.py:644} INFO - 25/07/08 18:47:16 INFO ResourceProfileManager: Added ResourceProfile id: 0
[2025-07-08T18:47:16.489+0000] {spark_submit.py:644} INFO - 25/07/08 18:47:16 INFO SecurityManager: Changing view acls to: airflow
[2025-07-08T18:47:16.490+0000] {spark_submit.py:644} INFO - 25/07/08 18:47:16 INFO SecurityManager: Changing modify acls to: airflow
[2025-07-08T18:47:16.491+0000] {spark_submit.py:644} INFO - 25/07/08 18:47:16 INFO SecurityManager: Changing view acls groups to:
[2025-07-08T18:47:16.491+0000] {spark_submit.py:644} INFO - 25/07/08 18:47:16 INFO SecurityManager: Changing modify acls groups to:
[2025-07-08T18:47:16.492+0000] {spark_submit.py:644} INFO - 25/07/08 18:47:16 INFO SecurityManager: SecurityManager: authentication disabled; ui acls disabled; users with view permissions: airflow; groups with view permissions: EMPTY; users with modify permissions: airflow; groups with modify permissions: EMPTY
[2025-07-08T18:47:16.729+0000] {spark_submit.py:644} INFO - 25/07/08 18:47:16 INFO Utils: Successfully started service 'sparkDriver' on port 37693.
[2025-07-08T18:47:16.792+0000] {spark_submit.py:644} INFO - 25/07/08 18:47:16 INFO SparkEnv: Registering MapOutputTracker
[2025-07-08T18:47:16.848+0000] {spark_submit.py:644} INFO - 25/07/08 18:47:16 INFO SparkEnv: Registering BlockManagerMaster
[2025-07-08T18:47:16.863+0000] {spark_submit.py:644} INFO - 25/07/08 18:47:16 INFO BlockManagerMasterEndpoint: Using org.apache.spark.storage.DefaultTopologyMapper for getting topology information
[2025-07-08T18:47:16.864+0000] {spark_submit.py:644} INFO - 25/07/08 18:47:16 INFO BlockManagerMasterEndpoint: BlockManagerMasterEndpoint up
[2025-07-08T18:47:16.868+0000] {spark_submit.py:644} INFO - 25/07/08 18:47:16 INFO SparkEnv: Registering BlockManagerMasterHeartbeat
[2025-07-08T18:47:16.892+0000] {spark_submit.py:644} INFO - 25/07/08 18:47:16 INFO DiskBlockManager: Created local directory at /tmp/blockmgr-c7c3f619-1e98-432b-8e50-f8981ed27571
[2025-07-08T18:47:16.903+0000] {spark_submit.py:644} INFO - 25/07/08 18:47:16 INFO MemoryStore: MemoryStore started with capacity 434.4 MiB
[2025-07-08T18:47:16.915+0000] {spark_submit.py:644} INFO - 25/07/08 18:47:16 INFO SparkEnv: Registering OutputCommitCoordinator
[2025-07-08T18:47:17.034+0000] {spark_submit.py:644} INFO - 25/07/08 18:47:17 INFO JettyUtils: Start Jetty 0.0.0.0:4040 for SparkUI
[2025-07-08T18:47:17.085+0000] {spark_submit.py:644} INFO - 25/07/08 18:47:17 INFO Utils: Successfully started service 'SparkUI' on port 4040.
[2025-07-08T18:47:17.138+0000] {spark_submit.py:644} INFO - 25/07/08 18:47:17 INFO SparkContext: Added JAR file:///opt/bitnami/spark/jars/iceberg-spark-runtime-3.5_2.12-1.8.1.jar at spark://3748f1b8240a:37693/jars/iceberg-spark-runtime-3.5_2.12-1.8.1.jar with timestamp 1752000436302
[2025-07-08T18:47:17.140+0000] {spark_submit.py:644} INFO - 25/07/08 18:47:17 INFO SparkContext: Added JAR file:///opt/bitnami/spark/jars/nessie-spark-extensions-3.5_2.12-0.103.2.jar at spark://3748f1b8240a:37693/jars/nessie-spark-extensions-3.5_2.12-0.103.2.jar with timestamp 1752000436302
[2025-07-08T18:47:17.141+0000] {spark_submit.py:644} INFO - 25/07/08 18:47:17 INFO SparkContext: Added JAR file:///opt/bitnami/spark/jars/nessie-client-0.103.2.jar at spark://3748f1b8240a:37693/jars/nessie-client-0.103.2.jar with timestamp 1752000436302
[2025-07-08T18:47:17.143+0000] {spark_submit.py:644} INFO - 25/07/08 18:47:17 INFO SparkContext: Added JAR file:///opt/bitnami/spark/jars/hadoop-aws-3.3.2.jar at spark://3748f1b8240a:37693/jars/hadoop-aws-3.3.2.jar with timestamp 1752000436302
[2025-07-08T18:47:17.144+0000] {spark_submit.py:644} INFO - 25/07/08 18:47:17 INFO SparkContext: Added JAR file:///opt/bitnami/spark/jars/aws-java-sdk-bundle-1.12.262.jar at spark://3748f1b8240a:37693/jars/aws-java-sdk-bundle-1.12.262.jar with timestamp 1752000436302
[2025-07-08T18:47:17.243+0000] {spark_submit.py:644} INFO - 25/07/08 18:47:17 INFO StandaloneAppClient$ClientEndpoint: Connecting to master spark://spark-master:7077...
[2025-07-08T18:47:17.285+0000] {spark_submit.py:644} INFO - 25/07/08 18:47:17 INFO TransportClientFactory: Successfully created connection to spark-master/172.19.0.2:7077 after 22 ms (0 ms spent in bootstraps)
[2025-07-08T18:47:17.381+0000] {spark_submit.py:644} INFO - 25/07/08 18:47:17 INFO StandaloneSchedulerBackend: Connected to Spark cluster with app ID app-20250708184717-0018
[2025-07-08T18:47:17.384+0000] {spark_submit.py:644} INFO - 25/07/08 18:47:17 INFO StandaloneAppClient$ClientEndpoint: Executor added: app-20250708184717-0018/0 on worker-20250708130010-172.19.0.8-33627 (172.19.0.8:33627) with 2 core(s)
[2025-07-08T18:47:17.387+0000] {spark_submit.py:644} INFO - 25/07/08 18:47:17 INFO StandaloneSchedulerBackend: Granted executor ID app-20250708184717-0018/0 on hostPort 172.19.0.8:33627 with 2 core(s), 1024.0 MiB RAM
[2025-07-08T18:47:17.390+0000] {spark_submit.py:644} INFO - 25/07/08 18:47:17 INFO Utils: Successfully started service 'org.apache.spark.network.netty.NettyBlockTransferService' on port 41947.
[2025-07-08T18:47:17.391+0000] {spark_submit.py:644} INFO - 25/07/08 18:47:17 INFO NettyBlockTransferService: Server created on 3748f1b8240a:41947
[2025-07-08T18:47:17.392+0000] {spark_submit.py:644} INFO - 25/07/08 18:47:17 INFO BlockManager: Using org.apache.spark.storage.RandomBlockReplicationPolicy for block replication policy
[2025-07-08T18:47:17.397+0000] {spark_submit.py:644} INFO - 25/07/08 18:47:17 INFO BlockManagerMaster: Registering BlockManager BlockManagerId(driver, 3748f1b8240a, 41947, None)
[2025-07-08T18:47:17.401+0000] {spark_submit.py:644} INFO - 25/07/08 18:47:17 INFO BlockManagerMasterEndpoint: Registering block manager 3748f1b8240a:41947 with 434.4 MiB RAM, BlockManagerId(driver, 3748f1b8240a, 41947, None)
[2025-07-08T18:47:17.403+0000] {spark_submit.py:644} INFO - 25/07/08 18:47:17 INFO BlockManagerMaster: Registered BlockManager BlockManagerId(driver, 3748f1b8240a, 41947, None)
[2025-07-08T18:47:17.404+0000] {spark_submit.py:644} INFO - 25/07/08 18:47:17 INFO BlockManager: Initialized BlockManager: BlockManagerId(driver, 3748f1b8240a, 41947, None)
[2025-07-08T18:47:17.491+0000] {spark_submit.py:644} INFO - 25/07/08 18:47:17 INFO StandaloneAppClient$ClientEndpoint: Executor updated: app-20250708184717-0018/0 is now RUNNING
[2025-07-08T18:47:17.680+0000] {spark_submit.py:644} INFO - 25/07/08 18:47:17 INFO StandaloneSchedulerBackend: SchedulerBackend is ready for scheduling beginning after reached minRegisteredResourcesRatio: 0.0
[2025-07-08T18:47:17.920+0000] {spark_submit.py:644} INFO - [PROCESS EXERCISES] ✅ Sessão Spark criada com sucesso
[2025-07-08T18:47:17.921+0000] {spark_submit.py:644} INFO - [PROCESS EXERCISES] ✅ Processador de exercícios inicializado
[2025-07-08T18:47:17.922+0000] {spark_submit.py:644} INFO - [PROCESS EXERCISES] 🔄 Criando namespace nessie.exercises
[2025-07-08T18:47:17.929+0000] {spark_submit.py:644} INFO - 25/07/08 18:47:17 INFO SharedState: Setting hive.metastore.warehouse.dir ('null') to the value of spark.sql.warehouse.dir.
[2025-07-08T18:47:17.934+0000] {spark_submit.py:644} INFO - 25/07/08 18:47:17 INFO SharedState: Warehouse path is 'file:/opt/airflow/spark-warehouse'.
[2025-07-08T18:47:20.480+0000] {spark_submit.py:644} INFO - 25/07/08 18:47:20 INFO CatalogUtil: Loading custom FileIO implementation: org.apache.iceberg.hadoop.HadoopFileIO
[2025-07-08T18:47:20.537+0000] {spark_submit.py:644} INFO - 25/07/08 18:47:20 INFO StandaloneSchedulerBackend$StandaloneDriverEndpoint: Registered executor NettyRpcEndpointRef(spark-client://Executor) (172.19.0.8:44854) with ID 0,  ResourceProfileId 0
[2025-07-08T18:47:20.613+0000] {spark_submit.py:644} INFO - 25/07/08 18:47:20 INFO BlockManagerMasterEndpoint: Registering block manager 172.19.0.8:43193 with 434.4 MiB RAM, BlockManagerId(0, 172.19.0.8, 43193, None)
[2025-07-08T18:47:22.145+0000] {spark_submit.py:644} INFO - [PROCESS EXERCISES] ✅ Namespace criado/verificado com sucesso
[2025-07-08T18:47:22.145+0000] {spark_submit.py:644} INFO - [PROCESS EXERCISES] 🔄 === FASE 1: PROCESSAMENTO DE DOCUMENTOS ===
[2025-07-08T18:47:22.146+0000] {spark_submit.py:644} INFO - [PROCESS EXERCISES] 🔄 Iniciando processamento de documentos PDF
[2025-07-08T18:47:22.147+0000] {spark_submit.py:644} INFO - [PROCESS EXERCISES] ℹ️ Encontrados 1 documentos
[2025-07-08T18:47:22.147+0000] {spark_submit.py:644} INFO - [PROCESS EXERCISES] 🔄 Processando documento: Op Jacui IV - Ordem de Operacoes.pdf
[2025-07-08T18:47:22.148+0000] {spark_submit.py:644} INFO - [PROCESS EXERCISES] ℹ️ Carregando PDF de: s3a://bronze/exercises/CA-LESTE-construtiva-4DE-2025-07-08/documents/Op Jacui IV - Ordem de Operacoes.pdf
[2025-07-08T18:47:22.467+0000] {spark_submit.py:644} INFO - 25/07/08 18:47:22 WARN MetricsConfig: Cannot locate configuration: tried hadoop-metrics2-s3a-file-system.properties,hadoop-metrics2.properties
[2025-07-08T18:47:22.483+0000] {spark_submit.py:644} INFO - 25/07/08 18:47:22 INFO MetricsSystemImpl: Scheduled Metric snapshot period at 10 second(s).
[2025-07-08T18:47:22.484+0000] {spark_submit.py:644} INFO - 25/07/08 18:47:22 INFO MetricsSystemImpl: s3a-file-system metrics system started
[2025-07-08T18:47:24.591+0000] {spark_submit.py:644} INFO - 25/07/08 18:47:24 INFO InMemoryFileIndex: It took 65 ms to list leaf files for 1 paths.
[2025-07-08T18:47:25.006+0000] {spark_submit.py:644} INFO - 25/07/08 18:47:25 INFO FileSourceStrategy: Pushed Filters:
[2025-07-08T18:47:25.008+0000] {spark_submit.py:644} INFO - 25/07/08 18:47:25 INFO FileSourceStrategy: Post-Scan Filters:
[2025-07-08T18:47:25.468+0000] {spark_submit.py:644} INFO - 25/07/08 18:47:25 INFO CodeGenerator: Code generated in 175.276215 ms
[2025-07-08T18:47:25.510+0000] {spark_submit.py:644} INFO - 25/07/08 18:47:25 INFO MemoryStore: Block broadcast_0 stored as values in memory (estimated size 203.5 KiB, free 434.2 MiB)
[2025-07-08T18:47:25.577+0000] {spark_submit.py:644} INFO - 25/07/08 18:47:25 INFO MemoryStore: Block broadcast_0_piece0 stored as bytes in memory (estimated size 35.7 KiB, free 434.2 MiB)
[2025-07-08T18:47:26.431+0000] {spark_submit.py:644} INFO - 25/07/08 18:47:26 INFO BlockManagerInfo: Added broadcast_0_piece0 in memory on 3748f1b8240a:41947 (size: 35.7 KiB, free: 434.4 MiB)
[2025-07-08T18:47:26.436+0000] {spark_submit.py:644} INFO - 25/07/08 18:47:26 INFO SparkContext: Created broadcast 0 from collect at /opt/bitnami/spark/jobs/process_exercises_job.py:238
[2025-07-08T18:47:26.450+0000] {spark_submit.py:644} INFO - 25/07/08 18:47:26 INFO FileSourceScanExec: Planning scan with bin packing, max size: 4194304 bytes, open cost is considered as scanning 4194304 bytes.
[2025-07-08T18:47:26.668+0000] {spark_submit.py:644} INFO - 25/07/08 18:47:26 INFO SparkContext: Starting job: collect at /opt/bitnami/spark/jobs/process_exercises_job.py:238
[2025-07-08T18:47:26.731+0000] {spark_submit.py:644} INFO - 25/07/08 18:47:26 INFO DAGScheduler: Got job 0 (collect at /opt/bitnami/spark/jobs/process_exercises_job.py:238) with 1 output partitions
[2025-07-08T18:47:26.732+0000] {spark_submit.py:644} INFO - 25/07/08 18:47:26 INFO DAGScheduler: Final stage: ResultStage 0 (collect at /opt/bitnami/spark/jobs/process_exercises_job.py:238)
[2025-07-08T18:47:26.733+0000] {spark_submit.py:644} INFO - 25/07/08 18:47:26 INFO DAGScheduler: Parents of final stage: List()
[2025-07-08T18:47:26.734+0000] {spark_submit.py:644} INFO - 25/07/08 18:47:26 INFO DAGScheduler: Missing parents: List()
[2025-07-08T18:47:26.738+0000] {spark_submit.py:644} INFO - 25/07/08 18:47:26 INFO DAGScheduler: Submitting ResultStage 0 (MapPartitionsRDD[5] at collect at /opt/bitnami/spark/jobs/process_exercises_job.py:238), which has no missing parents
[2025-07-08T18:47:26.757+0000] {spark_submit.py:644} INFO - 25/07/08 18:47:26 INFO MemoryStore: Block broadcast_1 stored as values in memory (estimated size 27.4 KiB, free 434.1 MiB)
[2025-07-08T18:47:26.770+0000] {spark_submit.py:644} INFO - 25/07/08 18:47:26 INFO MemoryStore: Block broadcast_1_piece0 stored as bytes in memory (estimated size 13.6 KiB, free 434.1 MiB)
[2025-07-08T18:47:26.771+0000] {spark_submit.py:644} INFO - 25/07/08 18:47:26 INFO BlockManagerInfo: Added broadcast_1_piece0 in memory on 3748f1b8240a:41947 (size: 13.6 KiB, free: 434.4 MiB)
[2025-07-08T18:47:26.773+0000] {spark_submit.py:644} INFO - 25/07/08 18:47:26 INFO SparkContext: Created broadcast 1 from broadcast at DAGScheduler.scala:1585
[2025-07-08T18:47:26.834+0000] {spark_submit.py:644} INFO - 25/07/08 18:47:26 INFO DAGScheduler: Submitting 1 missing tasks from ResultStage 0 (MapPartitionsRDD[5] at collect at /opt/bitnami/spark/jobs/process_exercises_job.py:238) (first 15 tasks are for partitions Vector(0))
[2025-07-08T18:47:26.836+0000] {spark_submit.py:644} INFO - 25/07/08 18:47:26 INFO TaskSchedulerImpl: Adding task set 0.0 with 1 tasks resource profile 0
[2025-07-08T18:47:34.823+0000] {spark_submit.py:644} INFO - 25/07/08 18:47:34 INFO TaskSetManager: Starting task 0.0 in stage 0.0 (TID 0) (172.19.0.8, executor 0, partition 0, PROCESS_LOCAL, 10198 bytes)
[2025-07-08T18:47:35.047+0000] {spark_submit.py:644} INFO - 25/07/08 18:47:35 INFO BlockManagerInfo: Added broadcast_1_piece0 in memory on 172.19.0.8:43193 (size: 13.6 KiB, free: 434.4 MiB)
[2025-07-08T18:47:37.073+0000] {spark_submit.py:644} INFO - 25/07/08 18:47:37 INFO BlockManagerInfo: Added broadcast_0_piece0 in memory on 172.19.0.8:43193 (size: 35.7 KiB, free: 434.4 MiB)
[2025-07-08T18:47:44.577+0000] {spark_submit.py:644} INFO - 25/07/08 18:47:44 INFO TaskSetManager: Finished task 0.0 in stage 0.0 (TID 0) in 9816 ms on 172.19.0.8 (executor 0) (1/1)
[2025-07-08T18:47:44.579+0000] {spark_submit.py:644} INFO - 25/07/08 18:47:44 INFO TaskSchedulerImpl: Removed TaskSet 0.0, whose tasks have all completed, from pool
[2025-07-08T18:47:44.581+0000] {spark_submit.py:644} INFO - 25/07/08 18:47:44 INFO PythonAccumulatorV2: Connected to AccumulatorServer at host: 127.0.0.1 port: 48807
[2025-07-08T18:47:44.584+0000] {spark_submit.py:644} INFO - 25/07/08 18:47:44 INFO DAGScheduler: ResultStage 0 (collect at /opt/bitnami/spark/jobs/process_exercises_job.py:238) finished in 17.833 s
[2025-07-08T18:47:44.589+0000] {spark_submit.py:644} INFO - 25/07/08 18:47:44 INFO DAGScheduler: Job 0 is finished. Cancelling potential speculative or zombie tasks for this job
[2025-07-08T18:47:44.591+0000] {spark_submit.py:644} INFO - 25/07/08 18:47:44 INFO TaskSchedulerImpl: Killing all running tasks in stage 0: Stage finished
[2025-07-08T18:47:44.593+0000] {spark_submit.py:644} INFO - 25/07/08 18:47:44 INFO DAGScheduler: Job 0 finished: collect at /opt/bitnami/spark/jobs/process_exercises_job.py:238, took 17.928387 s
[2025-07-08T18:47:44.645+0000] {spark_submit.py:644} INFO - [PROCESS EXERCISES] ✅ Documento processado com sucesso: Op Jacui IV - Ordem de Operacoes.pdf
[2025-07-08T18:47:44.645+0000] {spark_submit.py:644} INFO - [PROCESS EXERCISES] ✅ Processamento de documentos concluído: 1 registros
[2025-07-08T18:47:46.300+0000] {spark_submit.py:644} INFO - 25/07/08 18:47:46 INFO CodeGenerator: Code generated in 14.648244 ms
[2025-07-08T18:47:46.329+0000] {spark_submit.py:644} INFO - 25/07/08 18:47:46 INFO DAGScheduler: Registering RDD 12 (count at NativeMethodAccessorImpl.java:0) as input to shuffle 0
[2025-07-08T18:47:46.332+0000] {spark_submit.py:644} INFO - 25/07/08 18:47:46 INFO DAGScheduler: Got map stage job 1 (count at NativeMethodAccessorImpl.java:0) with 2 output partitions
[2025-07-08T18:47:46.333+0000] {spark_submit.py:644} INFO - 25/07/08 18:47:46 INFO DAGScheduler: Final stage: ShuffleMapStage 1 (count at NativeMethodAccessorImpl.java:0)
[2025-07-08T18:47:46.334+0000] {spark_submit.py:644} INFO - 25/07/08 18:47:46 INFO DAGScheduler: Parents of final stage: List()
[2025-07-08T18:47:46.334+0000] {spark_submit.py:644} INFO - 25/07/08 18:47:46 INFO DAGScheduler: Missing parents: List()
[2025-07-08T18:47:46.335+0000] {spark_submit.py:644} INFO - 25/07/08 18:47:46 INFO DAGScheduler: Submitting ShuffleMapStage 1 (MapPartitionsRDD[12] at count at NativeMethodAccessorImpl.java:0), which has no missing parents
[2025-07-08T18:47:46.354+0000] {spark_submit.py:644} INFO - 25/07/08 18:47:46 INFO MemoryStore: Block broadcast_2 stored as values in memory (estimated size 16.0 KiB, free 434.1 MiB)
[2025-07-08T18:47:46.375+0000] {spark_submit.py:644} INFO - 25/07/08 18:47:46 INFO MemoryStore: Block broadcast_2_piece0 stored as bytes in memory (estimated size 8.4 KiB, free 434.1 MiB)
[2025-07-08T18:47:46.385+0000] {spark_submit.py:644} INFO - 25/07/08 18:47:46 INFO BlockManagerInfo: Added broadcast_2_piece0 in memory on 3748f1b8240a:41947 (size: 8.4 KiB, free: 434.3 MiB)
[2025-07-08T18:47:46.386+0000] {spark_submit.py:644} INFO - 25/07/08 18:47:46 INFO SparkContext: Created broadcast 2 from broadcast at DAGScheduler.scala:1585
[2025-07-08T18:47:46.389+0000] {spark_submit.py:644} INFO - 25/07/08 18:47:46 INFO DAGScheduler: Submitting 2 missing tasks from ShuffleMapStage 1 (MapPartitionsRDD[12] at count at NativeMethodAccessorImpl.java:0) (first 15 tasks are for partitions Vector(0, 1))
[2025-07-08T18:47:46.390+0000] {spark_submit.py:644} INFO - 25/07/08 18:47:46 INFO TaskSchedulerImpl: Adding task set 1.0 with 2 tasks resource profile 0
[2025-07-08T18:47:46.395+0000] {spark_submit.py:644} INFO - 25/07/08 18:47:46 INFO TaskSetManager: Starting task 0.0 in stage 1.0 (TID 1) (172.19.0.8, executor 0, partition 0, PROCESS_LOCAL, 9487 bytes)
[2025-07-08T18:47:46.396+0000] {spark_submit.py:644} INFO - 25/07/08 18:47:46 INFO BlockManagerInfo: Removed broadcast_1_piece0 on 3748f1b8240a:41947 in memory (size: 13.6 KiB, free: 434.4 MiB)
[2025-07-08T18:47:46.397+0000] {spark_submit.py:644} INFO - 25/07/08 18:47:46 INFO TaskSetManager: Starting task 1.0 in stage 1.0 (TID 2) (172.19.0.8, executor 0, partition 1, PROCESS_LOCAL, 26221 bytes)
[2025-07-08T18:47:46.429+0000] {spark_submit.py:644} INFO - 25/07/08 18:47:46 INFO BlockManagerInfo: Removed broadcast_1_piece0 on 172.19.0.8:43193 in memory (size: 13.6 KiB, free: 434.4 MiB)
[2025-07-08T18:47:46.443+0000] {spark_submit.py:644} INFO - 25/07/08 18:47:46 INFO BlockManagerInfo: Added broadcast_2_piece0 in memory on 172.19.0.8:43193 (size: 8.4 KiB, free: 434.4 MiB)
[2025-07-08T18:47:48.451+0000] {spark_submit.py:644} INFO - 25/07/08 18:47:48 INFO TaskSetManager: Finished task 1.0 in stage 1.0 (TID 2) in 2056 ms on 172.19.0.8 (executor 0) (1/2)
[2025-07-08T18:47:48.459+0000] {spark_submit.py:644} INFO - 25/07/08 18:47:48 INFO TaskSetManager: Finished task 0.0 in stage 1.0 (TID 1) in 2067 ms on 172.19.0.8 (executor 0) (2/2)
[2025-07-08T18:47:48.460+0000] {spark_submit.py:644} INFO - 25/07/08 18:47:48 INFO TaskSchedulerImpl: Removed TaskSet 1.0, whose tasks have all completed, from pool
[2025-07-08T18:47:48.462+0000] {spark_submit.py:644} INFO - 25/07/08 18:47:48 INFO DAGScheduler: ShuffleMapStage 1 (count at NativeMethodAccessorImpl.java:0) finished in 2.122 s
[2025-07-08T18:47:48.463+0000] {spark_submit.py:644} INFO - 25/07/08 18:47:48 INFO DAGScheduler: looking for newly runnable stages
[2025-07-08T18:47:48.464+0000] {spark_submit.py:644} INFO - 25/07/08 18:47:48 INFO DAGScheduler: running: Set()
[2025-07-08T18:47:48.464+0000] {spark_submit.py:644} INFO - 25/07/08 18:47:48 INFO DAGScheduler: waiting: Set()
[2025-07-08T18:47:48.465+0000] {spark_submit.py:644} INFO - 25/07/08 18:47:48 INFO DAGScheduler: failed: Set()
[2025-07-08T18:47:48.524+0000] {spark_submit.py:644} INFO - 25/07/08 18:47:48 INFO CodeGenerator: Code generated in 23.986696 ms
[2025-07-08T18:47:48.546+0000] {spark_submit.py:644} INFO - 25/07/08 18:47:48 INFO SparkContext: Starting job: count at NativeMethodAccessorImpl.java:0
[2025-07-08T18:47:48.548+0000] {spark_submit.py:644} INFO - 25/07/08 18:47:48 INFO DAGScheduler: Got job 2 (count at NativeMethodAccessorImpl.java:0) with 1 output partitions
[2025-07-08T18:47:48.549+0000] {spark_submit.py:644} INFO - 25/07/08 18:47:48 INFO DAGScheduler: Final stage: ResultStage 3 (count at NativeMethodAccessorImpl.java:0)
[2025-07-08T18:47:48.550+0000] {spark_submit.py:644} INFO - 25/07/08 18:47:48 INFO DAGScheduler: Parents of final stage: List(ShuffleMapStage 2)
[2025-07-08T18:47:48.550+0000] {spark_submit.py:644} INFO - 25/07/08 18:47:48 INFO DAGScheduler: Missing parents: List()
[2025-07-08T18:47:48.551+0000] {spark_submit.py:644} INFO - 25/07/08 18:47:48 INFO DAGScheduler: Submitting ResultStage 3 (MapPartitionsRDD[15] at count at NativeMethodAccessorImpl.java:0), which has no missing parents
[2025-07-08T18:47:48.557+0000] {spark_submit.py:644} INFO - 25/07/08 18:47:48 INFO MemoryStore: Block broadcast_3 stored as values in memory (estimated size 12.5 KiB, free 434.1 MiB)
[2025-07-08T18:47:48.567+0000] {spark_submit.py:644} INFO - 25/07/08 18:47:48 INFO MemoryStore: Block broadcast_3_piece0 stored as bytes in memory (estimated size 5.9 KiB, free 434.1 MiB)
[2025-07-08T18:47:48.568+0000] {spark_submit.py:644} INFO - 25/07/08 18:47:48 INFO BlockManagerInfo: Added broadcast_3_piece0 in memory on 3748f1b8240a:41947 (size: 5.9 KiB, free: 434.4 MiB)
[2025-07-08T18:47:48.569+0000] {spark_submit.py:644} INFO - 25/07/08 18:47:48 INFO SparkContext: Created broadcast 3 from broadcast at DAGScheduler.scala:1585
[2025-07-08T18:47:48.570+0000] {spark_submit.py:644} INFO - 25/07/08 18:47:48 INFO BlockManagerInfo: Removed broadcast_2_piece0 on 3748f1b8240a:41947 in memory (size: 8.4 KiB, free: 434.4 MiB)
[2025-07-08T18:47:48.571+0000] {spark_submit.py:644} INFO - 25/07/08 18:47:48 INFO DAGScheduler: Submitting 1 missing tasks from ResultStage 3 (MapPartitionsRDD[15] at count at NativeMethodAccessorImpl.java:0) (first 15 tasks are for partitions Vector(0))
[2025-07-08T18:47:48.572+0000] {spark_submit.py:644} INFO - 25/07/08 18:47:48 INFO TaskSchedulerImpl: Adding task set 3.0 with 1 tasks resource profile 0
[2025-07-08T18:47:48.573+0000] {spark_submit.py:644} INFO - 25/07/08 18:47:48 INFO BlockManagerInfo: Removed broadcast_2_piece0 on 172.19.0.8:43193 in memory (size: 8.4 KiB, free: 434.4 MiB)
[2025-07-08T18:47:48.577+0000] {spark_submit.py:644} INFO - 25/07/08 18:47:48 INFO TaskSetManager: Starting task 0.0 in stage 3.0 (TID 3) (172.19.0.8, executor 0, partition 0, NODE_LOCAL, 9518 bytes)
[2025-07-08T18:47:48.666+0000] {spark_submit.py:644} INFO - 25/07/08 18:47:48 INFO BlockManagerInfo: Added broadcast_3_piece0 in memory on 172.19.0.8:43193 (size: 5.9 KiB, free: 434.4 MiB)
[2025-07-08T18:47:48.725+0000] {spark_submit.py:644} INFO - 25/07/08 18:47:48 INFO MapOutputTrackerMasterEndpoint: Asked to send map output locations for shuffle 0 to 172.19.0.8:44854
[2025-07-08T18:47:48.904+0000] {spark_submit.py:644} INFO - 25/07/08 18:47:48 INFO TaskSetManager: Finished task 0.0 in stage 3.0 (TID 3) in 329 ms on 172.19.0.8 (executor 0) (1/1)
[2025-07-08T18:47:48.905+0000] {spark_submit.py:644} INFO - 25/07/08 18:47:48 INFO TaskSchedulerImpl: Removed TaskSet 3.0, whose tasks have all completed, from pool
[2025-07-08T18:47:48.906+0000] {spark_submit.py:644} INFO - 25/07/08 18:47:48 INFO DAGScheduler: ResultStage 3 (count at NativeMethodAccessorImpl.java:0) finished in 0.350 s
[2025-07-08T18:47:48.907+0000] {spark_submit.py:644} INFO - 25/07/08 18:47:48 INFO DAGScheduler: Job 2 is finished. Cancelling potential speculative or zombie tasks for this job
[2025-07-08T18:47:48.908+0000] {spark_submit.py:644} INFO - 25/07/08 18:47:48 INFO TaskSchedulerImpl: Killing all running tasks in stage 3: Stage finished
[2025-07-08T18:47:48.908+0000] {spark_submit.py:644} INFO - 25/07/08 18:47:48 INFO DAGScheduler: Job 2 finished: count at NativeMethodAccessorImpl.java:0, took 0.360592 s
[2025-07-08T18:47:48.910+0000] {spark_submit.py:644} INFO - [PROCESS EXERCISES] ℹ️ Salvando 1 registros na tabela nessie.exercises.pdf_documents
[2025-07-08T18:47:48.996+0000] {spark_submit.py:644} INFO - 25/07/08 18:47:48 INFO BaseMetastoreTableOperations: Refreshing table metadata from new version: s3a://warehouse/exercises/pdf_documents_3f2f6938-06f1-4401-a884-d6a6de9720a0/metadata/00028-2022c0ef-fe83-4926-857c-952e2d2d6764.metadata.json
[2025-07-08T18:47:49.230+0000] {spark_submit.py:644} INFO - 25/07/08 18:47:49 INFO NessieUtil: loadTableMetadata for 'exercises.pdf_documents' from location 's3a://warehouse/exercises/pdf_documents_3f2f6938-06f1-4401-a884-d6a6de9720a0/metadata/00028-2022c0ef-fe83-4926-857c-952e2d2d6764.metadata.json' at 'Branch{name=main, metadata=null, hash=20c19444563249da4e60ace1103f6352f3c46ea5294043eef6e9773431dbdbe6}'
[2025-07-08T18:47:49.262+0000] {spark_submit.py:644} INFO - 25/07/08 18:47:49 INFO BaseMetastoreCatalog: Table loaded by catalog: nessie.exercises.pdf_documents
[2025-07-08T18:47:50.124+0000] {spark_submit.py:644} INFO - 25/07/08 18:47:50 INFO BlockManagerInfo: Removed broadcast_3_piece0 on 172.19.0.8:43193 in memory (size: 5.9 KiB, free: 434.4 MiB)
[2025-07-08T18:47:50.132+0000] {spark_submit.py:644} INFO - 25/07/08 18:47:50 INFO BlockManagerInfo: Removed broadcast_3_piece0 on 3748f1b8240a:41947 in memory (size: 5.9 KiB, free: 434.4 MiB)
[2025-07-08T18:47:50.532+0000] {spark_submit.py:644} INFO - 25/07/08 18:47:50 INFO CodeGenerator: Code generated in 50.895364 ms
[2025-07-08T18:47:50.537+0000] {spark_submit.py:644} INFO - [PROCESS EXERCISES] 🔄 Salvando tabela nessie.exercises.pdf_documents em modo append
[2025-07-08T18:47:50.651+0000] {spark_submit.py:644} INFO - 25/07/08 18:47:50 INFO SparkWrite: Requesting 0 bytes advisory partition size for table nessie.exercises.pdf_documents
[2025-07-08T18:47:50.651+0000] {spark_submit.py:644} INFO - 25/07/08 18:47:50 INFO SparkWrite: Requesting UnspecifiedDistribution as write distribution for table nessie.exercises.pdf_documents
[2025-07-08T18:47:50.653+0000] {spark_submit.py:644} INFO - 25/07/08 18:47:50 INFO SparkWrite: Requesting [] as write ordering for table nessie.exercises.pdf_documents
[2025-07-08T18:47:50.682+0000] {spark_submit.py:644} INFO - 25/07/08 18:47:50 INFO CodeGenerator: Code generated in 12.650139 ms
[2025-07-08T18:47:50.700+0000] {spark_submit.py:644} INFO - 25/07/08 18:47:50 INFO MemoryStore: Block broadcast_4 stored as values in memory (estimated size 32.0 KiB, free 434.1 MiB)
[2025-07-08T18:47:50.727+0000] {spark_submit.py:644} INFO - 25/07/08 18:47:50 INFO MemoryStore: Block broadcast_4_piece0 stored as bytes in memory (estimated size 30.1 KiB, free 434.1 MiB)
[2025-07-08T18:47:50.728+0000] {spark_submit.py:644} INFO - 25/07/08 18:47:50 INFO BlockManagerInfo: Added broadcast_4_piece0 in memory on 3748f1b8240a:41947 (size: 30.1 KiB, free: 434.3 MiB)
[2025-07-08T18:47:50.729+0000] {spark_submit.py:644} INFO - 25/07/08 18:47:50 INFO SparkContext: Created broadcast 4 from broadcast at SparkWrite.java:193
[2025-07-08T18:47:50.732+0000] {spark_submit.py:644} INFO - 25/07/08 18:47:50 INFO AppendDataExec: Start processing data source write support: IcebergBatchWrite(table=nessie.exercises.pdf_documents, format=PARQUET). The input RDD has 2 partitions.
[2025-07-08T18:47:50.746+0000] {spark_submit.py:644} INFO - 25/07/08 18:47:50 INFO SparkContext: Starting job: saveAsTable at NativeMethodAccessorImpl.java:0
[2025-07-08T18:47:50.748+0000] {spark_submit.py:644} INFO - 25/07/08 18:47:50 INFO DAGScheduler: Got job 3 (saveAsTable at NativeMethodAccessorImpl.java:0) with 2 output partitions
[2025-07-08T18:47:50.748+0000] {spark_submit.py:644} INFO - 25/07/08 18:47:50 INFO DAGScheduler: Final stage: ResultStage 4 (saveAsTable at NativeMethodAccessorImpl.java:0)
[2025-07-08T18:47:50.749+0000] {spark_submit.py:644} INFO - 25/07/08 18:47:50 INFO DAGScheduler: Parents of final stage: List()
[2025-07-08T18:47:50.749+0000] {spark_submit.py:644} INFO - 25/07/08 18:47:50 INFO DAGScheduler: Missing parents: List()
[2025-07-08T18:47:50.750+0000] {spark_submit.py:644} INFO - 25/07/08 18:47:50 INFO DAGScheduler: Submitting ResultStage 4 (MapPartitionsRDD[16] at saveAsTable at NativeMethodAccessorImpl.java:0), which has no missing parents
[2025-07-08T18:47:50.752+0000] {spark_submit.py:644} INFO - 25/07/08 18:47:50 INFO MemoryStore: Block broadcast_5 stored as values in memory (estimated size 15.1 KiB, free 434.1 MiB)
[2025-07-08T18:47:50.755+0000] {spark_submit.py:644} INFO - 25/07/08 18:47:50 INFO MemoryStore: Block broadcast_5_piece0 stored as bytes in memory (estimated size 7.8 KiB, free 434.1 MiB)
[2025-07-08T18:47:50.756+0000] {spark_submit.py:644} INFO - 25/07/08 18:47:50 INFO BlockManagerInfo: Added broadcast_5_piece0 in memory on 3748f1b8240a:41947 (size: 7.8 KiB, free: 434.3 MiB)
[2025-07-08T18:47:50.757+0000] {spark_submit.py:644} INFO - 25/07/08 18:47:50 INFO SparkContext: Created broadcast 5 from broadcast at DAGScheduler.scala:1585
[2025-07-08T18:47:50.758+0000] {spark_submit.py:644} INFO - 25/07/08 18:47:50 INFO DAGScheduler: Submitting 2 missing tasks from ResultStage 4 (MapPartitionsRDD[16] at saveAsTable at NativeMethodAccessorImpl.java:0) (first 15 tasks are for partitions Vector(0, 1))
[2025-07-08T18:47:50.759+0000] {spark_submit.py:644} INFO - 25/07/08 18:47:50 INFO TaskSchedulerImpl: Adding task set 4.0 with 2 tasks resource profile 0
[2025-07-08T18:47:50.761+0000] {spark_submit.py:644} INFO - 25/07/08 18:47:50 INFO TaskSetManager: Starting task 0.0 in stage 4.0 (TID 4) (172.19.0.8, executor 0, partition 0, PROCESS_LOCAL, 9498 bytes)
[2025-07-08T18:47:50.762+0000] {spark_submit.py:644} INFO - 25/07/08 18:47:50 INFO TaskSetManager: Starting task 1.0 in stage 4.0 (TID 5) (172.19.0.8, executor 0, partition 1, PROCESS_LOCAL, 26232 bytes)
[2025-07-08T18:47:50.827+0000] {spark_submit.py:644} INFO - 25/07/08 18:47:50 INFO BlockManagerInfo: Added broadcast_5_piece0 in memory on 172.19.0.8:43193 (size: 7.8 KiB, free: 434.4 MiB)
[2025-07-08T18:47:50.870+0000] {spark_submit.py:644} INFO - 25/07/08 18:47:50 INFO BlockManagerInfo: Removed broadcast_0_piece0 on 3748f1b8240a:41947 in memory (size: 35.7 KiB, free: 434.4 MiB)
[2025-07-08T18:47:50.873+0000] {spark_submit.py:644} INFO - 25/07/08 18:47:50 INFO BlockManagerInfo: Removed broadcast_0_piece0 on 172.19.0.8:43193 in memory (size: 35.7 KiB, free: 434.4 MiB)
[2025-07-08T18:47:51.052+0000] {spark_submit.py:644} INFO - 25/07/08 18:47:51 INFO BlockManagerInfo: Added broadcast_4_piece0 in memory on 172.19.0.8:43193 (size: 30.1 KiB, free: 434.4 MiB)
[2025-07-08T18:47:52.796+0000] {spark_submit.py:644} INFO - 25/07/08 18:47:52 INFO TaskSetManager: Finished task 0.0 in stage 4.0 (TID 4) in 2036 ms on 172.19.0.8 (executor 0) (1/2)
[2025-07-08T18:47:53.573+0000] {spark_submit.py:644} INFO - 25/07/08 18:47:53 INFO TaskSetManager: Finished task 1.0 in stage 4.0 (TID 5) in 2812 ms on 172.19.0.8 (executor 0) (2/2)
[2025-07-08T18:47:53.574+0000] {spark_submit.py:644} INFO - 25/07/08 18:47:53 INFO TaskSchedulerImpl: Removed TaskSet 4.0, whose tasks have all completed, from pool
[2025-07-08T18:47:53.575+0000] {spark_submit.py:644} INFO - 25/07/08 18:47:53 INFO DAGScheduler: ResultStage 4 (saveAsTable at NativeMethodAccessorImpl.java:0) finished in 2.824 s
[2025-07-08T18:47:53.576+0000] {spark_submit.py:644} INFO - 25/07/08 18:47:53 INFO DAGScheduler: Job 3 is finished. Cancelling potential speculative or zombie tasks for this job
[2025-07-08T18:47:53.577+0000] {spark_submit.py:644} INFO - 25/07/08 18:47:53 INFO TaskSchedulerImpl: Killing all running tasks in stage 4: Stage finished
[2025-07-08T18:47:53.577+0000] {spark_submit.py:644} INFO - 25/07/08 18:47:53 INFO DAGScheduler: Job 3 finished: saveAsTable at NativeMethodAccessorImpl.java:0, took 2.829573 s
[2025-07-08T18:47:53.578+0000] {spark_submit.py:644} INFO - 25/07/08 18:47:53 INFO AppendDataExec: Data source write support IcebergBatchWrite(table=nessie.exercises.pdf_documents, format=PARQUET) is committing.
[2025-07-08T18:47:53.656+0000] {spark_submit.py:644} INFO - 25/07/08 18:47:53 INFO SparkWrite: Committing append with 1 new data files to table nessie.exercises.pdf_documents
[2025-07-08T18:47:55.348+0000] {spark_submit.py:644} INFO - 25/07/08 18:47:55 INFO NessieIcebergClient: Committed 'exercises.pdf_documents' against 'Branch{name=main, metadata=null, hash=0ad99051dcc5ed7a00efaf4b43a30b436352c20c8993109d9fc90919fcbe7ce9}', expected commit-id was '20c19444563249da4e60ace1103f6352f3c46ea5294043eef6e9773431dbdbe6'
[2025-07-08T18:47:55.349+0000] {spark_submit.py:644} INFO - 25/07/08 18:47:55 INFO BaseMetastoreTableOperations: Successfully committed to table exercises.pdf_documents in 354 ms
[2025-07-08T18:47:55.349+0000] {spark_submit.py:644} INFO - 25/07/08 18:47:55 INFO SnapshotProducer: Committed snapshot 8627917770923142644 (MergeAppend)
[2025-07-08T18:47:55.384+0000] {spark_submit.py:644} INFO - 25/07/08 18:47:55 INFO BaseMetastoreTableOperations: Refreshing table metadata from new version: s3a://warehouse/exercises/pdf_documents_3f2f6938-06f1-4401-a884-d6a6de9720a0/metadata/00029-36c13c45-e2a9-4f4b-8d8e-efb5fb585d78.metadata.json
[2025-07-08T18:47:55.398+0000] {spark_submit.py:644} INFO - 25/07/08 18:47:55 INFO NessieUtil: loadTableMetadata for 'exercises.pdf_documents' from location 's3a://warehouse/exercises/pdf_documents_3f2f6938-06f1-4401-a884-d6a6de9720a0/metadata/00029-36c13c45-e2a9-4f4b-8d8e-efb5fb585d78.metadata.json' at 'Branch{name=main, metadata=null, hash=0ad99051dcc5ed7a00efaf4b43a30b436352c20c8993109d9fc90919fcbe7ce9}'
[2025-07-08T18:47:55.445+0000] {spark_submit.py:644} INFO - 25/07/08 18:47:55 INFO BlockManagerInfo: Removed broadcast_5_piece0 on 3748f1b8240a:41947 in memory (size: 7.8 KiB, free: 434.4 MiB)
[2025-07-08T18:47:55.449+0000] {spark_submit.py:644} INFO - 25/07/08 18:47:55 INFO BlockManagerInfo: Removed broadcast_5_piece0 on 172.19.0.8:43193 in memory (size: 7.8 KiB, free: 434.4 MiB)
[2025-07-08T18:47:55.449+0000] {spark_submit.py:644} INFO - 25/07/08 18:47:55 INFO LoggingMetricsReporter: Received metrics report: CommitReport{tableName=nessie.exercises.pdf_documents, snapshotId=8627917770923142644, sequenceNumber=30, operation=append, commitMetrics=CommitMetricsResult{totalDuration=TimerResult{timeUnit=NANOSECONDS, totalDuration=PT1.683712786S, count=1}, attempts=CounterResult{unit=COUNT, value=1}, addedDataFiles=CounterResult{unit=COUNT, value=1}, removedDataFiles=null, totalDataFiles=CounterResult{unit=COUNT, value=30}, addedDeleteFiles=null, addedEqualityDeleteFiles=null, addedPositionalDeleteFiles=null, addedDVs=null, removedDeleteFiles=null, removedEqualityDeleteFiles=null, removedPositionalDeleteFiles=null, removedDVs=null, totalDeleteFiles=CounterResult{unit=COUNT, value=0}, addedRecords=CounterResult{unit=COUNT, value=1}, removedRecords=null, totalRecords=CounterResult{unit=COUNT, value=30}, addedFilesSizeInBytes=CounterResult{unit=BYTES, value=8843}, removedFilesSizeInBytes=null, totalFilesSizeInBytes=CounterResult{unit=BYTES, value=235661}, addedPositionalDeletes=null, removedPositionalDeletes=null, totalPositionalDeletes=CounterResult{unit=COUNT, value=0}, addedEqualityDeletes=null, removedEqualityDeletes=null, totalEqualityDeletes=CounterResult{unit=COUNT, value=0}}, metadata={engine-version=3.5.5, app-id=app-20250708184717-0018, engine-name=spark, iceberg-version=Apache Iceberg 1.8.1 (commit 9ce0fcf0af7becf25ad9fc996c3bad2afdcfd33d)}}
[2025-07-08T18:47:55.450+0000] {spark_submit.py:644} INFO - 25/07/08 18:47:55 INFO SparkWrite: Committed in 1792 ms
[2025-07-08T18:47:55.451+0000] {spark_submit.py:644} INFO - 25/07/08 18:47:55 INFO AppendDataExec: Data source write support IcebergBatchWrite(table=nessie.exercises.pdf_documents, format=PARQUET) committed.
[2025-07-08T18:47:55.453+0000] {spark_submit.py:644} INFO - [PROCESS EXERCISES] ✅ Tabela nessie.exercises.pdf_documents salva com sucesso (1 registros)
[2025-07-08T18:47:55.454+0000] {spark_submit.py:644} INFO - [PROCESS EXERCISES] 🔄 === FASE 2: PROCESSAMENTO DE SIMULAÇÕES ===
[2025-07-08T18:47:55.455+0000] {spark_submit.py:644} INFO - [PROCESS EXERCISES] 🔄 Iniciando processamento de simulações
[2025-07-08T18:47:55.455+0000] {spark_submit.py:644} INFO - [PROCESS EXERCISES] ℹ️ Buscando arquivos de simulação em: exercises/CA-LESTE-construtiva-4DE-2025-07-08/simulations/172.19.0.14_2025-07-08
[2025-07-08T18:47:55.456+0000] {spark_submit.py:644} INFO - [PROCESS EXERCISES] ℹ️ Buscando arquivos em: s3a://bronze/exercises/CA-LESTE-construtiva-4DE-2025-07-08/simulations/172.19.0.14_2025-07-08/
[2025-07-08T18:47:55.523+0000] {spark_submit.py:644} INFO - 25/07/08 18:47:55 INFO InMemoryFileIndex: It took 9 ms to list leaf files for 1 paths.
[2025-07-08T18:47:55.545+0000] {spark_submit.py:644} INFO - 25/07/08 18:47:55 INFO FileSourceStrategy: Pushed Filters:
[2025-07-08T18:47:55.546+0000] {spark_submit.py:644} INFO - 25/07/08 18:47:55 INFO FileSourceStrategy: Post-Scan Filters:
[2025-07-08T18:47:55.552+0000] {spark_submit.py:644} INFO - 25/07/08 18:47:55 INFO MemoryStore: Block broadcast_6 stored as values in memory (estimated size 203.7 KiB, free 434.1 MiB)
[2025-07-08T18:47:55.575+0000] {spark_submit.py:644} INFO - 25/07/08 18:47:55 INFO MemoryStore: Block broadcast_6_piece0 stored as bytes in memory (estimated size 35.7 KiB, free 434.1 MiB)
[2025-07-08T18:47:55.576+0000] {spark_submit.py:644} INFO - 25/07/08 18:47:55 INFO BlockManagerInfo: Added broadcast_6_piece0 in memory on 3748f1b8240a:41947 (size: 35.7 KiB, free: 434.3 MiB)
[2025-07-08T18:47:55.577+0000] {spark_submit.py:644} INFO - 25/07/08 18:47:55 INFO SparkContext: Created broadcast 6 from collect at /opt/bitnami/spark/jobs/process_exercises_job.py:428
[2025-07-08T18:47:55.578+0000] {spark_submit.py:644} INFO - 25/07/08 18:47:55 INFO FileSourceScanExec: Planning scan with bin packing, max size: 10487545 bytes, open cost is considered as scanning 4194304 bytes.
[2025-07-08T18:47:55.591+0000] {spark_submit.py:644} INFO - 25/07/08 18:47:55 INFO SparkContext: Starting job: collect at /opt/bitnami/spark/jobs/process_exercises_job.py:428
[2025-07-08T18:47:55.623+0000] {spark_submit.py:644} INFO - 25/07/08 18:47:55 INFO DAGScheduler: Got job 4 (collect at /opt/bitnami/spark/jobs/process_exercises_job.py:428) with 2 output partitions
[2025-07-08T18:47:55.624+0000] {spark_submit.py:644} INFO - 25/07/08 18:47:55 INFO DAGScheduler: Final stage: ResultStage 5 (collect at /opt/bitnami/spark/jobs/process_exercises_job.py:428)
[2025-07-08T18:47:55.624+0000] {spark_submit.py:644} INFO - 25/07/08 18:47:55 INFO DAGScheduler: Parents of final stage: List()
[2025-07-08T18:47:55.625+0000] {spark_submit.py:644} INFO - 25/07/08 18:47:55 INFO DAGScheduler: Missing parents: List()
[2025-07-08T18:47:55.625+0000] {spark_submit.py:644} INFO - 25/07/08 18:47:55 INFO DAGScheduler: Submitting ResultStage 5 (MapPartitionsRDD[19] at collect at /opt/bitnami/spark/jobs/process_exercises_job.py:428), which has no missing parents
[2025-07-08T18:47:55.627+0000] {spark_submit.py:644} INFO - 25/07/08 18:47:55 INFO MemoryStore: Block broadcast_7 stored as values in memory (estimated size 9.4 KiB, free 434.1 MiB)
[2025-07-08T18:47:55.629+0000] {spark_submit.py:644} INFO - 25/07/08 18:47:55 INFO MemoryStore: Block broadcast_7_piece0 stored as bytes in memory (estimated size 4.7 KiB, free 434.1 MiB)
[2025-07-08T18:47:55.630+0000] {spark_submit.py:644} INFO - 25/07/08 18:47:55 INFO BlockManagerInfo: Added broadcast_7_piece0 in memory on 3748f1b8240a:41947 (size: 4.7 KiB, free: 434.3 MiB)
[2025-07-08T18:47:55.631+0000] {spark_submit.py:644} INFO - 25/07/08 18:47:55 INFO SparkContext: Created broadcast 7 from broadcast at DAGScheduler.scala:1585
[2025-07-08T18:47:55.632+0000] {spark_submit.py:644} INFO - 25/07/08 18:47:55 INFO DAGScheduler: Submitting 2 missing tasks from ResultStage 5 (MapPartitionsRDD[19] at collect at /opt/bitnami/spark/jobs/process_exercises_job.py:428) (first 15 tasks are for partitions Vector(0, 1))
[2025-07-08T18:47:55.632+0000] {spark_submit.py:644} INFO - 25/07/08 18:47:55 INFO TaskSchedulerImpl: Adding task set 5.0 with 2 tasks resource profile 0
[2025-07-08T18:47:55.634+0000] {spark_submit.py:644} INFO - 25/07/08 18:47:55 INFO TaskSetManager: Starting task 0.0 in stage 5.0 (TID 6) (172.19.0.8, executor 0, partition 0, PROCESS_LOCAL, 10561 bytes)
[2025-07-08T18:47:55.634+0000] {spark_submit.py:644} INFO - 25/07/08 18:47:55 INFO TaskSetManager: Starting task 1.0 in stage 5.0 (TID 7) (172.19.0.8, executor 0, partition 1, PROCESS_LOCAL, 10380 bytes)
[2025-07-08T18:47:55.651+0000] {spark_submit.py:644} INFO - 25/07/08 18:47:55 INFO BlockManagerInfo: Added broadcast_7_piece0 in memory on 172.19.0.8:43193 (size: 4.7 KiB, free: 434.4 MiB)
[2025-07-08T18:47:55.682+0000] {spark_submit.py:644} INFO - 25/07/08 18:47:55 INFO BlockManagerInfo: Added broadcast_6_piece0 in memory on 172.19.0.8:43193 (size: 35.7 KiB, free: 434.3 MiB)
[2025-07-08T18:47:55.734+0000] {spark_submit.py:644} INFO - 25/07/08 18:47:55 INFO BlockManagerInfo: Removed broadcast_4_piece0 on 3748f1b8240a:41947 in memory (size: 30.1 KiB, free: 434.4 MiB)
[2025-07-08T18:47:55.737+0000] {spark_submit.py:644} INFO - 25/07/08 18:47:55 INFO TaskSetManager: Finished task 1.0 in stage 5.0 (TID 7) in 102 ms on 172.19.0.8 (executor 0) (1/2)
[2025-07-08T18:47:55.740+0000] {spark_submit.py:644} INFO - 25/07/08 18:47:55 INFO BlockManagerInfo: Removed broadcast_4_piece0 on 172.19.0.8:43193 in memory (size: 30.1 KiB, free: 434.4 MiB)
[2025-07-08T18:47:55.741+0000] {spark_submit.py:644} INFO - 25/07/08 18:47:55 INFO TaskSetManager: Finished task 0.0 in stage 5.0 (TID 6) in 107 ms on 172.19.0.8 (executor 0) (2/2)
[2025-07-08T18:47:55.742+0000] {spark_submit.py:644} INFO - 25/07/08 18:47:55 INFO TaskSchedulerImpl: Removed TaskSet 5.0, whose tasks have all completed, from pool
[2025-07-08T18:47:55.743+0000] {spark_submit.py:644} INFO - 25/07/08 18:47:55 INFO DAGScheduler: ResultStage 5 (collect at /opt/bitnami/spark/jobs/process_exercises_job.py:428) finished in 0.117 s
[2025-07-08T18:47:55.744+0000] {spark_submit.py:644} INFO - 25/07/08 18:47:55 INFO DAGScheduler: Job 4 is finished. Cancelling potential speculative or zombie tasks for this job
[2025-07-08T18:47:55.745+0000] {spark_submit.py:644} INFO - 25/07/08 18:47:55 INFO TaskSchedulerImpl: Killing all running tasks in stage 5: Stage finished
[2025-07-08T18:47:55.746+0000] {spark_submit.py:644} INFO - 25/07/08 18:47:55 INFO DAGScheduler: Job 4 finished: collect at /opt/bitnami/spark/jobs/process_exercises_job.py:428, took 0.152569 s
[2025-07-08T18:47:55.753+0000] {spark_submit.py:644} INFO - [PROCESS EXERCISES] ℹ️ Encontrados 4 arquivos Protobuf (.pb)
[2025-07-08T18:47:55.754+0000] {spark_submit.py:644} INFO - [PROCESS EXERCISES] ℹ️ Encontrados 4 arquivos do tipo PROTO
[2025-07-08T18:47:55.754+0000] {spark_submit.py:644} INFO - [PROCESS EXERCISES] 🔄 Processando 4 arquivos Protobuf
[2025-07-08T18:47:55.755+0000] {spark_submit.py:644} INFO - [PROCESS EXERCISES] ℹ️ Processando arquivo Protobuf: s3a://bronze/exercises/CA-LESTE-construtiva-4DE-2025-07-08/simulations/172.19.0.14_2025-07-08/18-25.56/session-proto_3.pb
[2025-07-08T18:47:55.847+0000] {spark_submit.py:644} INFO - 25/07/08 18:47:55 INFO InMemoryFileIndex: It took 10 ms to list leaf files for 1 paths.
[2025-07-08T18:47:56.091+0000] {spark_submit.py:644} INFO - ======DataFrame[exercise_id: string, context: int, client_id: int, knowledge_id: int, group_id: int, latitude: double, longitude: double, altitude: double, timestamp: bigint, processed_at: string]======
[2025-07-08T18:47:56.092+0000] {spark_submit.py:644} INFO - [PROCESS EXERCISES] ❌ Erro crítico ao processar arquivo Protobuf s3a://bronze/exercises/CA-LESTE-construtiva-4DE-2025-07-08/simulations/172.19.0.14_2025-07-08/18-25.56/session-proto_3.pb: No active exception to reraise
[2025-07-08T18:47:56.092+0000] {spark_submit.py:644} INFO - [PROCESS EXERCISES] ❌ Erro crítico no processamento de simulações: Falha no processamento Protobuf: No active exception to reraise
[2025-07-08T18:47:56.093+0000] {spark_submit.py:644} INFO - [PROCESS EXERCISES] ❌ Erro crítico durante o processamento: Falha no processamento de simulações: Falha no processamento Protobuf: No active exception to reraise
[2025-07-08T18:47:56.093+0000] {spark_submit.py:644} INFO - [PROCESS EXERCISES] 🔄 Finalizando sessão Spark
[2025-07-08T18:47:56.094+0000] {spark_submit.py:644} INFO - 25/07/08 18:47:56 INFO SparkContext: SparkContext is stopping with exitCode 0.
[2025-07-08T18:47:56.102+0000] {spark_submit.py:644} INFO - 25/07/08 18:47:56 INFO SparkUI: Stopped Spark web UI at http://3748f1b8240a:4040
[2025-07-08T18:47:56.105+0000] {spark_submit.py:644} INFO - 25/07/08 18:47:56 INFO StandaloneSchedulerBackend: Shutting down all executors
[2025-07-08T18:47:56.106+0000] {spark_submit.py:644} INFO - 25/07/08 18:47:56 INFO StandaloneSchedulerBackend$StandaloneDriverEndpoint: Asking each executor to shut down
[2025-07-08T18:47:56.125+0000] {spark_submit.py:644} INFO - 25/07/08 18:47:56 INFO MapOutputTrackerMasterEndpoint: MapOutputTrackerMasterEndpoint stopped!
[2025-07-08T18:47:56.192+0000] {spark_submit.py:644} INFO - 25/07/08 18:47:56 INFO MemoryStore: MemoryStore cleared
[2025-07-08T18:47:56.193+0000] {spark_submit.py:644} INFO - 25/07/08 18:47:56 INFO BlockManager: BlockManager stopped
[2025-07-08T18:47:56.195+0000] {spark_submit.py:644} INFO - 25/07/08 18:47:56 INFO BlockManagerMaster: BlockManagerMaster stopped
[2025-07-08T18:47:56.199+0000] {spark_submit.py:644} INFO - 25/07/08 18:47:56 INFO OutputCommitCoordinator$OutputCommitCoordinatorEndpoint: OutputCommitCoordinator stopped!
[2025-07-08T18:47:56.208+0000] {spark_submit.py:644} INFO - 25/07/08 18:47:56 INFO SparkContext: Successfully stopped SparkContext
[2025-07-08T18:47:56.584+0000] {spark_submit.py:644} INFO - [PROCESS EXERCISES] ✅ Sessão Spark finalizada com sucesso
[2025-07-08T18:47:56.733+0000] {spark_submit.py:644} INFO - 25/07/08 18:47:56 INFO ShutdownHookManager: Shutdown hook called
[2025-07-08T18:47:56.734+0000] {spark_submit.py:644} INFO - 25/07/08 18:47:56 INFO ShutdownHookManager: Deleting directory /tmp/spark-0323b653-7634-4b57-885e-4e6f80a67fa0
[2025-07-08T18:47:56.756+0000] {spark_submit.py:644} INFO - 25/07/08 18:47:56 INFO ShutdownHookManager: Deleting directory /tmp/spark-44c51acc-b69a-41a0-bdcc-4285fc212f98/pyspark-0332d37d-3696-4fcd-a967-82b3e921348b
[2025-07-08T18:47:56.763+0000] {spark_submit.py:644} INFO - 25/07/08 18:47:56 INFO ShutdownHookManager: Deleting directory /tmp/spark-44c51acc-b69a-41a0-bdcc-4285fc212f98
[2025-07-08T18:47:56.774+0000] {spark_submit.py:644} INFO - 25/07/08 18:47:56 INFO MetricsSystemImpl: Stopping s3a-file-system metrics system...
[2025-07-08T18:47:56.775+0000] {spark_submit.py:644} INFO - 25/07/08 18:47:56 INFO MetricsSystemImpl: s3a-file-system metrics system stopped.
[2025-07-08T18:47:56.776+0000] {spark_submit.py:644} INFO - 25/07/08 18:47:56 INFO MetricsSystemImpl: s3a-file-system metrics system shutdown complete.
[2025-07-08T18:47:57.189+0000] {taskinstance.py:3336} ERROR - Task failed with exception
Traceback (most recent call last):
  File "/home/airflow/.local/lib/python3.12/site-packages/airflow/models/taskinstance.py", line 776, in _execute_task
    result = _execute_callable(context=context, **execute_callable_kwargs)
             ^^^^^^^^^^^^^^^^^^^^^^^^^^^^^^^^^^^^^^^^^^^^^^^^^^^^^^^^^^^^^
  File "/home/airflow/.local/lib/python3.12/site-packages/airflow/models/taskinstance.py", line 742, in _execute_callable
    return ExecutionCallableRunner(
           ^^^^^^^^^^^^^^^^^^^^^^^^
  File "/home/airflow/.local/lib/python3.12/site-packages/airflow/utils/operator_helpers.py", line 252, in run
    return self.func(*args, **kwargs)
           ^^^^^^^^^^^^^^^^^^^^^^^^^^
  File "/home/airflow/.local/lib/python3.12/site-packages/airflow/models/baseoperator.py", line 424, in wrapper
    return func(self, *args, **kwargs)
           ^^^^^^^^^^^^^^^^^^^^^^^^^^^
  File "/home/airflow/.local/lib/python3.12/site-packages/airflow/providers/apache/spark/operators/spark_submit.py", line 197, in execute
    self._hook.submit(self.application)
  File "/home/airflow/.local/lib/python3.12/site-packages/airflow/providers/apache/spark/hooks/spark_submit.py", line 566, in submit
    raise AirflowException(
airflow.exceptions.AirflowException: Cannot execute: spark-submit --master spark://spark-master:7077 --jars /opt/bitnami/spark/jars/iceberg-spark-runtime-3.5_2.12-1.8.1.jar,/opt/bitnami/spark/jars/nessie-spark-extensions-3.5_2.12-0.103.2.jar,/opt/bitnami/spark/jars/nessie-client-0.103.2.jar,/opt/bitnami/spark/jars/hadoop-aws-3.3.2.jar,/opt/bitnami/spark/jars/aws-java-sdk-bundle-1.12.262.jar, --name arrow-spark --deploy-mode client /opt/bitnami/spark/jobs/process_exercises_job.py {"id": "CA-LESTE-construtiva-4DE-2025-07-08", "manifest_entry": {"data": {"createdAt": "2025-07-08T18:27:58.496Z", "origin": "CA-LESTE", "path": "exercises/CA-LESTE-construtiva-4DE-2025-07-08"}, "id": "CA-LESTE-construtiva-4DE-2025-07-08"}, "metadata": {"createdAt": "2025-07-08T18:27:58.496Z", "description": "4DE", "documents": [{"description": "", "id": "1751999288885", "mimetype": "application/pdf", "name": "Op Jacui IV - Ordem de Operacoes.pdf", "path": "exercises/CA-LESTE-construtiva-4DE-2025-07-08/documents/Op Jacui IV - Ordem de Operacoes.pdf", "size": 336744, "uploadedAt": "2025-07-08T18:28:08.885Z"}], "endDate": "2025-07-10", "id": "CA-LESTE-construtiva-4DE-2025-07-08", "name": "Jogo de Guerra", "origin": "CA-LESTE", "simulationType": "construtiva", "simulations": [{"id": "172.19.0.14_2025-07-08", "movedAt": "2025-07-08T18:28:17.872Z", "name": "172.19.0.14_2025-07-08", "originalPath": "staging/172.19.0.14_2025-07-08", "path": "exercises/CA-LESTE-construtiva-4DE-2025-07-08/simulations/172.19.0.14_2025-07-08"}], "startDate": "2025-07-08", "trainedForce": "4 Divis\u00e3o de Ex\u00e9rcito", "updatedAt": "2025-07-08T18:28:17.873Z", "wikiUrl": ""}}. Error code is: 1.
[2025-07-08T18:47:57.195+0000] {taskinstance.py:1242} INFO - Marking task as FAILED. dag_id=process_exercises, task_id=process_exercises, run_id=manual__2025-07-08T18:47:07.512242+00:00, execution_date=20250708T184707, start_date=20250708T184711, end_date=20250708T184757
[2025-07-08T18:47:57.357+0000] {taskinstance.py:349} INFO - ::group::Post task execution logs
[2025-07-08T18:47:57.360+0000] {standard_task_runner.py:124} ERROR - Failed to execute job 185 for task process_exercises (Cannot execute: spark-submit --master spark://spark-master:7077 --jars /opt/bitnami/spark/jars/iceberg-spark-runtime-3.5_2.12-1.8.1.jar,/opt/bitnami/spark/jars/nessie-spark-extensions-3.5_2.12-0.103.2.jar,/opt/bitnami/spark/jars/nessie-client-0.103.2.jar,/opt/bitnami/spark/jars/hadoop-aws-3.3.2.jar,/opt/bitnami/spark/jars/aws-java-sdk-bundle-1.12.262.jar, --name arrow-spark --deploy-mode client /opt/bitnami/spark/jobs/process_exercises_job.py {"id": "CA-LESTE-construtiva-4DE-2025-07-08", "manifest_entry": {"data": {"createdAt": "2025-07-08T18:27:58.496Z", "origin": "CA-LESTE", "path": "exercises/CA-LESTE-construtiva-4DE-2025-07-08"}, "id": "CA-LESTE-construtiva-4DE-2025-07-08"}, "metadata": {"createdAt": "2025-07-08T18:27:58.496Z", "description": "4DE", "documents": [{"description": "", "id": "1751999288885", "mimetype": "application/pdf", "name": "Op Jacui IV - Ordem de Operacoes.pdf", "path": "exercises/CA-LESTE-construtiva-4DE-2025-07-08/documents/Op Jacui IV - Ordem de Operacoes.pdf", "size": 336744, "uploadedAt": "2025-07-08T18:28:08.885Z"}], "endDate": "2025-07-10", "id": "CA-LESTE-construtiva-4DE-2025-07-08", "name": "Jogo de Guerra", "origin": "CA-LESTE", "simulationType": "construtiva", "simulations": [{"id": "172.19.0.14_2025-07-08", "movedAt": "2025-07-08T18:28:17.872Z", "name": "172.19.0.14_2025-07-08", "originalPath": "staging/172.19.0.14_2025-07-08", "path": "exercises/CA-LESTE-construtiva-4DE-2025-07-08/simulations/172.19.0.14_2025-07-08"}], "startDate": "2025-07-08", "trainedForce": "4 Divis\u00e3o de Ex\u00e9rcito", "updatedAt": "2025-07-08T18:28:17.873Z", "wikiUrl": ""}}. Error code is: 1.; 11744)
Traceback (most recent call last):
  File "/home/airflow/.local/lib/python3.12/site-packages/airflow/task/task_runner/standard_task_runner.py", line 117, in _start_by_fork
    ret = args.func(args, dag=self.dag)
          ^^^^^^^^^^^^^^^^^^^^^^^^^^^^^
  File "/home/airflow/.local/lib/python3.12/site-packages/airflow/cli/cli_config.py", line 49, in command
    return func(*args, **kwargs)
           ^^^^^^^^^^^^^^^^^^^^^
  File "/home/airflow/.local/lib/python3.12/site-packages/airflow/utils/cli.py", line 116, in wrapper
    return f(*args, **kwargs)
           ^^^^^^^^^^^^^^^^^^
  File "/home/airflow/.local/lib/python3.12/site-packages/airflow/cli/commands/task_command.py", line 483, in task_run
    task_return_code = _run_task_by_selected_method(args, _dag, ti)
                       ^^^^^^^^^^^^^^^^^^^^^^^^^^^^^^^^^^^^^^^^^^^^
  File "/home/airflow/.local/lib/python3.12/site-packages/airflow/cli/commands/task_command.py", line 256, in _run_task_by_selected_method
    return _run_raw_task(args, ti)
           ^^^^^^^^^^^^^^^^^^^^^^^
  File "/home/airflow/.local/lib/python3.12/site-packages/airflow/cli/commands/task_command.py", line 341, in _run_raw_task
    return ti._run_raw_task(
           ^^^^^^^^^^^^^^^^^
  File "/home/airflow/.local/lib/python3.12/site-packages/airflow/utils/session.py", line 97, in wrapper
    return func(*args, session=session, **kwargs)
           ^^^^^^^^^^^^^^^^^^^^^^^^^^^^^^^^^^^^^^
  File "/home/airflow/.local/lib/python3.12/site-packages/airflow/models/taskinstance.py", line 3029, in _run_raw_task
    return _run_raw_task(
           ^^^^^^^^^^^^^^
  File "/home/airflow/.local/lib/python3.12/site-packages/airflow/models/taskinstance.py", line 282, in _run_raw_task
    TaskInstance._execute_task_with_callbacks(
  File "/home/airflow/.local/lib/python3.12/site-packages/airflow/models/taskinstance.py", line 3184, in _execute_task_with_callbacks
    result = self._execute_task(context, task_orig)
             ^^^^^^^^^^^^^^^^^^^^^^^^^^^^^^^^^^^^^^
  File "/home/airflow/.local/lib/python3.12/site-packages/airflow/models/taskinstance.py", line 3208, in _execute_task
    return _execute_task(self, context, task_orig)
           ^^^^^^^^^^^^^^^^^^^^^^^^^^^^^^^^^^^^^^^
  File "/home/airflow/.local/lib/python3.12/site-packages/airflow/models/taskinstance.py", line 776, in _execute_task
    result = _execute_callable(context=context, **execute_callable_kwargs)
             ^^^^^^^^^^^^^^^^^^^^^^^^^^^^^^^^^^^^^^^^^^^^^^^^^^^^^^^^^^^^^
  File "/home/airflow/.local/lib/python3.12/site-packages/airflow/models/taskinstance.py", line 742, in _execute_callable
    return ExecutionCallableRunner(
           ^^^^^^^^^^^^^^^^^^^^^^^^
  File "/home/airflow/.local/lib/python3.12/site-packages/airflow/utils/operator_helpers.py", line 252, in run
    return self.func(*args, **kwargs)
           ^^^^^^^^^^^^^^^^^^^^^^^^^^
  File "/home/airflow/.local/lib/python3.12/site-packages/airflow/models/baseoperator.py", line 424, in wrapper
    return func(self, *args, **kwargs)
           ^^^^^^^^^^^^^^^^^^^^^^^^^^^
  File "/home/airflow/.local/lib/python3.12/site-packages/airflow/providers/apache/spark/operators/spark_submit.py", line 197, in execute
    self._hook.submit(self.application)
  File "/home/airflow/.local/lib/python3.12/site-packages/airflow/providers/apache/spark/hooks/spark_submit.py", line 566, in submit
    raise AirflowException(
airflow.exceptions.AirflowException: Cannot execute: spark-submit --master spark://spark-master:7077 --jars /opt/bitnami/spark/jars/iceberg-spark-runtime-3.5_2.12-1.8.1.jar,/opt/bitnami/spark/jars/nessie-spark-extensions-3.5_2.12-0.103.2.jar,/opt/bitnami/spark/jars/nessie-client-0.103.2.jar,/opt/bitnami/spark/jars/hadoop-aws-3.3.2.jar,/opt/bitnami/spark/jars/aws-java-sdk-bundle-1.12.262.jar, --name arrow-spark --deploy-mode client /opt/bitnami/spark/jobs/process_exercises_job.py {"id": "CA-LESTE-construtiva-4DE-2025-07-08", "manifest_entry": {"data": {"createdAt": "2025-07-08T18:27:58.496Z", "origin": "CA-LESTE", "path": "exercises/CA-LESTE-construtiva-4DE-2025-07-08"}, "id": "CA-LESTE-construtiva-4DE-2025-07-08"}, "metadata": {"createdAt": "2025-07-08T18:27:58.496Z", "description": "4DE", "documents": [{"description": "", "id": "1751999288885", "mimetype": "application/pdf", "name": "Op Jacui IV - Ordem de Operacoes.pdf", "path": "exercises/CA-LESTE-construtiva-4DE-2025-07-08/documents/Op Jacui IV - Ordem de Operacoes.pdf", "size": 336744, "uploadedAt": "2025-07-08T18:28:08.885Z"}], "endDate": "2025-07-10", "id": "CA-LESTE-construtiva-4DE-2025-07-08", "name": "Jogo de Guerra", "origin": "CA-LESTE", "simulationType": "construtiva", "simulations": [{"id": "172.19.0.14_2025-07-08", "movedAt": "2025-07-08T18:28:17.872Z", "name": "172.19.0.14_2025-07-08", "originalPath": "staging/172.19.0.14_2025-07-08", "path": "exercises/CA-LESTE-construtiva-4DE-2025-07-08/simulations/172.19.0.14_2025-07-08"}], "startDate": "2025-07-08", "trainedForce": "4 Divis\u00e3o de Ex\u00e9rcito", "updatedAt": "2025-07-08T18:28:17.873Z", "wikiUrl": ""}}. Error code is: 1.
[2025-07-08T18:47:57.428+0000] {local_task_job_runner.py:266} INFO - Task exited with return code 1
[2025-07-08T18:47:57.472+0000] {taskinstance.py:3924} INFO - 0 downstream tasks scheduled from follow-on schedule check
[2025-07-08T18:47:57.504+0000] {local_task_job_runner.py:245} INFO - ::endgroup::
