[2025-07-09T17:25:50.206+0000] {local_task_job_runner.py:123} INFO - ::group::Pre task execution logs
[2025-07-09T17:25:50.237+0000] {taskinstance.py:2631} INFO - Dependencies all met for dep_context=non-requeueable deps ti=<TaskInstance: process_sword_messages.process_sword_messages manual__2025-07-09T17:25:48.155970+00:00 [queued]>
[2025-07-09T17:25:50.247+0000] {taskinstance.py:2631} INFO - Dependencies all met for dep_context=requeueable deps ti=<TaskInstance: process_sword_messages.process_sword_messages manual__2025-07-09T17:25:48.155970+00:00 [queued]>
[2025-07-09T17:25:50.248+0000] {taskinstance.py:2884} INFO - Starting attempt 1 of 2
[2025-07-09T17:25:50.324+0000] {taskinstance.py:2907} INFO - Executing <Task(SparkSubmitOperator): process_sword_messages> on 2025-07-09 17:25:48.155970+00:00
[2025-07-09T17:25:50.331+0000] {logging_mixin.py:190} WARNING - /home/airflow/.local/lib/python3.12/site-packages/airflow/task/task_runner/standard_task_runner.py:70 DeprecationWarning: This process (pid=311) is multi-threaded, use of fork() may lead to deadlocks in the child.
[2025-07-09T17:25:50.332+0000] {standard_task_runner.py:72} INFO - Started process 312 to run task
[2025-07-09T17:25:50.331+0000] {standard_task_runner.py:104} INFO - Running: ['airflow', 'tasks', 'run', 'process_sword_messages', 'process_sword_messages', 'manual__2025-07-09T17:25:48.155970+00:00', '--job-id', '222', '--raw', '--subdir', 'DAGS_FOLDER/process_sword_messages.py', '--cfg-path', '/tmp/tmpm4ee4tnb']
[2025-07-09T17:25:50.333+0000] {standard_task_runner.py:105} INFO - Job 222: Subtask process_sword_messages
[2025-07-09T17:25:50.442+0000] {task_command.py:467} INFO - Running <TaskInstance: process_sword_messages.process_sword_messages manual__2025-07-09T17:25:48.155970+00:00 [running]> on host 38b7408c68d7
[2025-07-09T17:25:50.808+0000] {taskinstance.py:3157} INFO - Exporting env vars: AIRFLOW_CTX_DAG_OWNER='airflow' AIRFLOW_CTX_DAG_ID='process_sword_messages' AIRFLOW_CTX_TASK_ID='process_sword_messages' AIRFLOW_CTX_EXECUTION_DATE='2025-07-09T17:25:48.155970+00:00' AIRFLOW_CTX_TRY_NUMBER='1' AIRFLOW_CTX_DAG_RUN_ID='manual__2025-07-09T17:25:48.155970+00:00'
[2025-07-09T17:25:50.809+0000] {taskinstance.py:740} INFO - ::endgroup::
[2025-07-09T17:25:50.982+0000] {base.py:84} INFO - Retrieving connection 'spark-ebsim'
[2025-07-09T17:25:50.984+0000] {spark_submit.py:474} INFO - Spark-Submit cmd: spark-submit --master spark://spark-master:7077 --name arrow-spark --deploy-mode client /opt/bitnami/spark/jobs/sword_processor_job.py --input-file /opt/bitnami/spark/jobs/session-proto_1.pb
[2025-07-09T17:26:13.832+0000] {spark_submit.py:644} INFO - 25/07/09 17:26:13 INFO SparkContext: Running Spark version 3.5.5
[2025-07-09T17:26:13.834+0000] {spark_submit.py:644} INFO - 25/07/09 17:26:13 INFO SparkContext: OS info Linux, 5.15.167.4-microsoft-standard-WSL2, amd64
[2025-07-09T17:26:13.835+0000] {spark_submit.py:644} INFO - 25/07/09 17:26:13 INFO SparkContext: Java version 17.0.15
[2025-07-09T17:26:14.510+0000] {spark_submit.py:644} INFO - 25/07/09 17:26:14 WARN NativeCodeLoader: Unable to load native-hadoop library for your platform... using builtin-java classes where applicable
[2025-07-09T17:26:15.055+0000] {spark_submit.py:644} INFO - 25/07/09 17:26:15 INFO ResourceUtils: ==============================================================
[2025-07-09T17:26:15.056+0000] {spark_submit.py:644} INFO - 25/07/09 17:26:15 INFO ResourceUtils: No custom resources configured for spark.driver.
[2025-07-09T17:26:15.056+0000] {spark_submit.py:644} INFO - 25/07/09 17:26:15 INFO ResourceUtils: ==============================================================
[2025-07-09T17:26:15.057+0000] {spark_submit.py:644} INFO - 25/07/09 17:26:15 INFO SparkContext: Submitted application: SwordMessageProcessor
[2025-07-09T17:26:15.103+0000] {spark_submit.py:644} INFO - 25/07/09 17:26:15 INFO ResourceProfile: Default ResourceProfile created, executor resources: Map(memory -> name: memory, amount: 1024, script: , vendor: , offHeap -> name: offHeap, amount: 0, script: , vendor: ), task resources: Map(cpus -> name: cpus, amount: 1.0)
[2025-07-09T17:26:15.111+0000] {spark_submit.py:644} INFO - 25/07/09 17:26:15 INFO ResourceProfile: Limiting resource is cpu
[2025-07-09T17:26:15.112+0000] {spark_submit.py:644} INFO - 25/07/09 17:26:15 INFO ResourceProfileManager: Added ResourceProfile id: 0
[2025-07-09T17:26:15.564+0000] {spark_submit.py:644} INFO - 25/07/09 17:26:15 INFO SecurityManager: Changing view acls to: airflow
[2025-07-09T17:26:15.564+0000] {spark_submit.py:644} INFO - 25/07/09 17:26:15 INFO SecurityManager: Changing modify acls to: airflow
[2025-07-09T17:26:15.565+0000] {spark_submit.py:644} INFO - 25/07/09 17:26:15 INFO SecurityManager: Changing view acls groups to:
[2025-07-09T17:26:15.566+0000] {spark_submit.py:644} INFO - 25/07/09 17:26:15 INFO SecurityManager: Changing modify acls groups to:
[2025-07-09T17:26:15.566+0000] {spark_submit.py:644} INFO - 25/07/09 17:26:15 INFO SecurityManager: SecurityManager: authentication disabled; ui acls disabled; users with view permissions: airflow; groups with view permissions: EMPTY; users with modify permissions: airflow; groups with modify permissions: EMPTY
[2025-07-09T17:26:16.236+0000] {spark_submit.py:644} INFO - 25/07/09 17:26:16 INFO Utils: Successfully started service 'sparkDriver' on port 42819.
[2025-07-09T17:26:16.435+0000] {spark_submit.py:644} INFO - 25/07/09 17:26:16 INFO SparkEnv: Registering MapOutputTracker
[2025-07-09T17:26:16.696+0000] {spark_submit.py:644} INFO - 25/07/09 17:26:16 INFO SparkEnv: Registering BlockManagerMaster
[2025-07-09T17:26:16.763+0000] {spark_submit.py:644} INFO - 25/07/09 17:26:16 INFO BlockManagerMasterEndpoint: Using org.apache.spark.storage.DefaultTopologyMapper for getting topology information
[2025-07-09T17:26:16.764+0000] {spark_submit.py:644} INFO - 25/07/09 17:26:16 INFO BlockManagerMasterEndpoint: BlockManagerMasterEndpoint up
[2025-07-09T17:26:16.780+0000] {spark_submit.py:644} INFO - 25/07/09 17:26:16 INFO SparkEnv: Registering BlockManagerMasterHeartbeat
[2025-07-09T17:26:16.863+0000] {spark_submit.py:644} INFO - 25/07/09 17:26:16 INFO DiskBlockManager: Created local directory at /tmp/blockmgr-e29f5377-a0d5-4430-98a5-c89507de2492
[2025-07-09T17:26:16.907+0000] {spark_submit.py:644} INFO - 25/07/09 17:26:16 INFO MemoryStore: MemoryStore started with capacity 434.4 MiB
[2025-07-09T17:26:16.973+0000] {spark_submit.py:644} INFO - 25/07/09 17:26:16 INFO SparkEnv: Registering OutputCommitCoordinator
[2025-07-09T17:26:17.333+0000] {spark_submit.py:644} INFO - 25/07/09 17:26:17 INFO JettyUtils: Start Jetty 0.0.0.0:4040 for SparkUI
[2025-07-09T17:26:17.585+0000] {spark_submit.py:644} INFO - 25/07/09 17:26:17 INFO Utils: Successfully started service 'SparkUI' on port 4040.
[2025-07-09T17:26:18.120+0000] {spark_submit.py:644} INFO - 25/07/09 17:26:18 INFO StandaloneAppClient$ClientEndpoint: Connecting to master spark://spark-master:7077...
[2025-07-09T17:26:18.304+0000] {spark_submit.py:644} INFO - 25/07/09 17:26:18 INFO TransportClientFactory: Successfully created connection to spark-master/172.19.0.5:7077 after 77 ms (0 ms spent in bootstraps)
[2025-07-09T17:26:18.560+0000] {spark_submit.py:644} INFO - 25/07/09 17:26:18 INFO StandaloneSchedulerBackend: Connected to Spark cluster with app ID app-20250709172618-0000
[2025-07-09T17:26:18.583+0000] {spark_submit.py:644} INFO - 25/07/09 17:26:18 INFO Utils: Successfully started service 'org.apache.spark.network.netty.NettyBlockTransferService' on port 39249.
[2025-07-09T17:26:18.584+0000] {spark_submit.py:644} INFO - 25/07/09 17:26:18 INFO NettyBlockTransferService: Server created on 38b7408c68d7:39249
[2025-07-09T17:26:18.586+0000] {spark_submit.py:644} INFO - 25/07/09 17:26:18 INFO BlockManager: Using org.apache.spark.storage.RandomBlockReplicationPolicy for block replication policy
[2025-07-09T17:26:18.604+0000] {spark_submit.py:644} INFO - 25/07/09 17:26:18 INFO StandaloneAppClient$ClientEndpoint: Executor added: app-20250709172618-0000/0 on worker-20250709171731-172.19.0.7-37405 (172.19.0.7:37405) with 2 core(s)
[2025-07-09T17:26:18.606+0000] {spark_submit.py:644} INFO - 25/07/09 17:26:18 INFO StandaloneSchedulerBackend: Granted executor ID app-20250709172618-0000/0 on hostPort 172.19.0.7:37405 with 2 core(s), 1024.0 MiB RAM
[2025-07-09T17:26:18.620+0000] {spark_submit.py:644} INFO - 25/07/09 17:26:18 INFO BlockManagerMaster: Registering BlockManager BlockManagerId(driver, 38b7408c68d7, 39249, None)
[2025-07-09T17:26:18.623+0000] {spark_submit.py:644} INFO - 25/07/09 17:26:18 INFO BlockManagerMasterEndpoint: Registering block manager 38b7408c68d7:39249 with 434.4 MiB RAM, BlockManagerId(driver, 38b7408c68d7, 39249, None)
[2025-07-09T17:26:18.625+0000] {spark_submit.py:644} INFO - 25/07/09 17:26:18 INFO BlockManagerMaster: Registered BlockManager BlockManagerId(driver, 38b7408c68d7, 39249, None)
[2025-07-09T17:26:18.627+0000] {spark_submit.py:644} INFO - 25/07/09 17:26:18 INFO BlockManager: Initialized BlockManager: BlockManagerId(driver, 38b7408c68d7, 39249, None)
[2025-07-09T17:26:19.196+0000] {spark_submit.py:644} INFO - 25/07/09 17:26:19 INFO StandaloneAppClient$ClientEndpoint: Executor updated: app-20250709172618-0000/0 is now RUNNING
[2025-07-09T17:26:19.502+0000] {spark_submit.py:644} INFO - 25/07/09 17:26:19 INFO StandaloneSchedulerBackend: SchedulerBackend is ready for scheduling beginning after reached minRegisteredResourcesRatio: 0.0
[2025-07-09T17:26:22.992+0000] {spark_submit.py:644} INFO - 25/07/09 17:26:22 INFO MemoryStore: Block broadcast_0 stored as values in memory (estimated size 292.2 KiB, free 434.1 MiB)
[2025-07-09T17:26:23.186+0000] {spark_submit.py:644} INFO - 25/07/09 17:26:23 INFO MemoryStore: Block broadcast_0_piece0 stored as bytes in memory (estimated size 32.7 KiB, free 434.1 MiB)
[2025-07-09T17:26:23.188+0000] {spark_submit.py:644} INFO - 25/07/09 17:26:23 INFO BlockManagerInfo: Added broadcast_0_piece0 in memory on 38b7408c68d7:39249 (size: 32.7 KiB, free: 434.4 MiB)
[2025-07-09T17:26:23.192+0000] {spark_submit.py:644} INFO - 25/07/09 17:26:23 INFO SparkContext: Created broadcast 0 from binaryFiles at NativeMethodAccessorImpl.java:0
[2025-07-09T17:26:23.545+0000] {spark_submit.py:644} INFO - 25/07/09 17:26:23 INFO StandaloneSchedulerBackend$StandaloneDriverEndpoint: Registered executor NettyRpcEndpointRef(spark-client://Executor) (172.19.0.7:37414) with ID 0,  ResourceProfileId 0
[2025-07-09T17:26:23.727+0000] {spark_submit.py:644} INFO - 25/07/09 17:26:23 INFO BlockManagerMasterEndpoint: Registering block manager 172.19.0.7:40647 with 434.4 MiB RAM, BlockManagerId(0, 172.19.0.7, 40647, None)
[2025-07-09T17:26:23.742+0000] {spark_submit.py:644} INFO - 25/07/09 17:26:23 INFO FileInputFormat: Total input files to process : 1
[2025-07-09T17:26:23.750+0000] {spark_submit.py:644} INFO - 25/07/09 17:26:23 INFO FileInputFormat: Total input files to process : 1
[2025-07-09T17:26:23.924+0000] {spark_submit.py:644} INFO - 25/07/09 17:26:23 INFO SparkContext: Starting job: collect at /opt/bitnami/spark/jobs/sword_processor_job.py:35
[2025-07-09T17:26:23.934+0000] {spark_submit.py:644} INFO - 25/07/09 17:26:23 INFO DAGScheduler: Got job 0 (collect at /opt/bitnami/spark/jobs/sword_processor_job.py:35) with 1 output partitions
[2025-07-09T17:26:23.935+0000] {spark_submit.py:644} INFO - 25/07/09 17:26:23 INFO DAGScheduler: Final stage: ResultStage 0 (collect at /opt/bitnami/spark/jobs/sword_processor_job.py:35)
[2025-07-09T17:26:23.935+0000] {spark_submit.py:644} INFO - 25/07/09 17:26:23 INFO DAGScheduler: Parents of final stage: List()
[2025-07-09T17:26:23.936+0000] {spark_submit.py:644} INFO - 25/07/09 17:26:23 INFO DAGScheduler: Missing parents: List()
[2025-07-09T17:26:23.938+0000] {spark_submit.py:644} INFO - 25/07/09 17:26:23 INFO DAGScheduler: Submitting ResultStage 0 (/opt/bitnami/spark/jobs/session-proto_1.pb BinaryFileRDD[0] at binaryFiles at NativeMethodAccessorImpl.java:0), which has no missing parents
[2025-07-09T17:26:24.402+0000] {spark_submit.py:644} INFO - 25/07/09 17:26:24 INFO MemoryStore: Block broadcast_1 stored as values in memory (estimated size 3.7 KiB, free 434.1 MiB)
[2025-07-09T17:26:24.410+0000] {spark_submit.py:644} INFO - 25/07/09 17:26:24 INFO MemoryStore: Block broadcast_1_piece0 stored as bytes in memory (estimated size 2.2 KiB, free 434.1 MiB)
[2025-07-09T17:26:24.411+0000] {spark_submit.py:644} INFO - 25/07/09 17:26:24 INFO BlockManagerInfo: Added broadcast_1_piece0 in memory on 38b7408c68d7:39249 (size: 2.2 KiB, free: 434.4 MiB)
[2025-07-09T17:26:24.412+0000] {spark_submit.py:644} INFO - 25/07/09 17:26:24 INFO SparkContext: Created broadcast 1 from broadcast at DAGScheduler.scala:1585
[2025-07-09T17:26:24.946+0000] {spark_submit.py:644} INFO - 25/07/09 17:26:24 INFO DAGScheduler: Submitting 1 missing tasks from ResultStage 0 (/opt/bitnami/spark/jobs/session-proto_1.pb BinaryFileRDD[0] at binaryFiles at NativeMethodAccessorImpl.java:0) (first 15 tasks are for partitions Vector(0))
[2025-07-09T17:26:24.947+0000] {spark_submit.py:644} INFO - 25/07/09 17:26:24 INFO TaskSchedulerImpl: Adding task set 0.0 with 1 tasks resource profile 0
[2025-07-09T17:26:24.974+0000] {spark_submit.py:644} INFO - 25/07/09 17:26:24 INFO TaskSetManager: Starting task 0.0 in stage 0.0 (TID 0) (172.19.0.7, executor 0, partition 0, PROCESS_LOCAL, 9142 bytes)
[2025-07-09T17:26:26.018+0000] {spark_submit.py:644} INFO - 25/07/09 17:26:26 INFO BlockManagerInfo: Added broadcast_1_piece0 in memory on 172.19.0.7:40647 (size: 2.2 KiB, free: 434.4 MiB)
[2025-07-09T17:26:26.359+0000] {spark_submit.py:644} INFO - 25/07/09 17:26:26 INFO BlockManagerInfo: Added broadcast_0_piece0 in memory on 172.19.0.7:40647 (size: 32.7 KiB, free: 434.4 MiB)
[2025-07-09T17:26:27.004+0000] {spark_submit.py:644} INFO - 25/07/09 17:26:27 INFO TaskSetManager: Finished task 0.0 in stage 0.0 (TID 0) in 2042 ms on 172.19.0.7 (executor 0) (1/1)
[2025-07-09T17:26:27.005+0000] {spark_submit.py:644} INFO - 25/07/09 17:26:27 INFO TaskSchedulerImpl: Removed TaskSet 0.0, whose tasks have all completed, from pool
[2025-07-09T17:26:27.009+0000] {spark_submit.py:644} INFO - 25/07/09 17:26:27 INFO DAGScheduler: ResultStage 0 (collect at /opt/bitnami/spark/jobs/sword_processor_job.py:35) finished in 2.610 s
[2025-07-09T17:26:27.012+0000] {spark_submit.py:644} INFO - 25/07/09 17:26:27 INFO DAGScheduler: Job 0 is finished. Cancelling potential speculative or zombie tasks for this job
[2025-07-09T17:26:27.013+0000] {spark_submit.py:644} INFO - 25/07/09 17:26:27 INFO TaskSchedulerImpl: Killing all running tasks in stage 0: Stage finished
[2025-07-09T17:26:27.015+0000] {spark_submit.py:644} INFO - 25/07/09 17:26:27 INFO DAGScheduler: Job 0 finished: collect at /opt/bitnami/spark/jobs/sword_processor_job.py:35, took 3.090486 s
[2025-07-09T17:26:27.199+0000] {spark_submit.py:644} INFO - 25/07/09 17:26:27 INFO SharedState: Setting hive.metastore.warehouse.dir ('null') to the value of spark.sql.warehouse.dir.
[2025-07-09T17:26:27.201+0000] {spark_submit.py:644} INFO - 25/07/09 17:26:27 INFO SharedState: Warehouse path is 'file:/opt/airflow/spark-warehouse'.
[2025-07-09T17:26:28.720+0000] {spark_submit.py:644} INFO - 25/07/09 17:26:28 INFO BlockManagerInfo: Removed broadcast_1_piece0 on 38b7408c68d7:39249 in memory (size: 2.2 KiB, free: 434.4 MiB)
[2025-07-09T17:26:28.728+0000] {spark_submit.py:644} INFO - 25/07/09 17:26:28 INFO BlockManagerInfo: Removed broadcast_1_piece0 on 172.19.0.7:40647 in memory (size: 2.2 KiB, free: 434.4 MiB)
[2025-07-09T17:26:30.659+0000] {spark_submit.py:644} INFO - 25/07/09 17:26:30 INFO InMemoryFileIndex: It took 141 ms to list leaf files for 1 paths.
[2025-07-09T17:26:32.930+0000] {spark_submit.py:644} INFO - ======binary_data:b'\x00\x00\x003\x08\x00\x12-\xda\x02*\n\x03\x08\xd1\x06\x12\x03\x08\xf0\x0b\x18\xf8\xe1\xb5\xc3\x06B\x12\tK\xaf\xcd\xc6J\x00>\xc0\x11\x11 C\xc7\x0e\x82K\xc0J\x02\x08\x00P\x00\x18\x01\x00\x00\x002\x08\x01\x12,\xda\x02)\n\x02\x08\x13\x12\x03\x08\xe1\x08\x18\xf9\xe1\xb5\xc3\x06B\x12\t\x8d\x9e[\xe8J\x00>\xc0\x11\xb1\x17\n\xd8\x0e\x82K\xc0J\x02\x08\x00P\x00\x18\x04\x00\x00\x003\x08\x02\x12-\xda\x02*\n\x03\x08\xbe\x05\x12\x03\x08\xe8\x08\x18\xfa\xe1\xb5\xc3\x06B\x12\tK\xaf\xcd\xc6J\x00>\xc0\x11\xb1\x17\n\xd8\x0e\x82K\xc0J\x02\x08\x00P\x00\x18\x01\x00\x00\x003\x08\x03\x12-\xda\x02*\n\x03\x08\x9e\x07\x12\x03\x08\xb1\n\x18\xfb\xe1\xb5\xc3\x06B\x12\t\x8d\x9e[\xe8J\x00>\xc0\x11\x11 C\xc7\x0e\x82K\xc0J\x02\x08\x00P\x00\x18\x01\x00\x00\x003\x08\x04\x12-\xda\x02*\n\x03\x08\xb2\x07\x12\x03\x08\x9e\t\x18\xfc\xe1\xb5\xc3\x06B\x12\t\x8d\x9e[\xe8J\x00>\xc0\x11\x11 C\xc7\x0e\x82K\xc0J\x02\x08\x00P\x00\x18\x02\x00\x00\x003\x08\x05\x12-\xda\x02*\n\x03\x08\xb5\x02\x12\x03\x08\xdf\r\x18\xfd\xe1\xb5\xc3\x06B\x12\tK\xaf\xcd\xc6J\x00>\xc0\x11\xb1\x17\n\xd8\x0e\x82K\xc0J\x02\x08\x00P\x00\x18\x02\x00\x00\x003\x08\x06\x12-\xda\x02*\n\x03\x08\x8f\x04\x12\x03\x08\x84\x01\x18\xfe\xe1\xb5\xc3\x06B\x12\t\x8d\x9e[\xe8J\x00>\xc0\x11\x11 C\xc7\x0e\x82K\xc0J\x02\x08\x00P\x00\x18\x02\x00\x00\x003\x08\x07\x12-\xda\x02*\n\x03\x08\xc9\x01\x12\x03\x08\x9f\t\x18\xff\xe1\xb5\xc3\x06B\x12\t\x8d\x9e[\xe8J\x00>\xc0\x11\x11 C\xc7\x0e\x82K\xc0J\x02\x08\x00P\x00\x18\x02\x00\x00\x003\x08\x08\x12-\xda\x02*\n\x03\x08\x86\x05\x12\x03\x08\xb7\t\x18\x80\xe2\xb5\xc3\x06B\x12\t\x8d\x9e[\xe8J\x00>\xc0\x11\x11 C\xc7\x0e\x82K\xc0J\x02\x08\x00P\x00\x18\x03\x00\x00\x003\x08\t\x12-\xda\x02*\n\x03\x08\x9b\x01\x12\x03\x08\xc6\x02\x18\x81\xe2\xb5\xc3\x06B\x12\tK\xaf\xcd\xc6J\x00>\xc0\x11\x11 C\xc7\x0e\x82K\xc0J\x02\x08\x00P\x00\x18\x01\x00\x00\x003\x08\x00\x12-\xda\x02*\n\x03\x08\xd1\x06\x12\x03\x08\xf0\x0b\x18\x88\xe2\xb5\xc3\x06B\x12\tK\xaf\xcd\xc6J\x00>\xc0\x11\x11 C\xc7\x0e\x82K\xc0J\x02\x08\x00P\x00\x18\x01'======
[2025-07-09T17:26:33.304+0000] {spark_submit.py:644} INFO - ======binary_data_2:DataFrame[path: string, modificationTime: timestamp, length: bigint, content: binary]======
[2025-07-09T17:26:36.158+0000] {spark_submit.py:644} INFO - 25/07/09 17:26:36 INFO BlockManagerInfo: Removed broadcast_0_piece0 on 38b7408c68d7:39249 in memory (size: 32.7 KiB, free: 434.4 MiB)
[2025-07-09T17:26:36.162+0000] {spark_submit.py:644} INFO - 25/07/09 17:26:36 INFO BlockManagerInfo: Removed broadcast_0_piece0 on 172.19.0.7:40647 in memory (size: 32.7 KiB, free: 434.4 MiB)
[2025-07-09T17:26:36.790+0000] {spark_submit.py:644} INFO - 25/07/09 17:26:36 INFO CodeGenerator: Code generated in 374.020138 ms
[2025-07-09T17:26:37.559+0000] {spark_submit.py:644} INFO - 25/07/09 17:26:37 INFO DAGScheduler: Registering RDD 7 (count at NativeMethodAccessorImpl.java:0) as input to shuffle 0
[2025-07-09T17:26:37.563+0000] {spark_submit.py:644} INFO - 25/07/09 17:26:37 INFO DAGScheduler: Got map stage job 1 (count at NativeMethodAccessorImpl.java:0) with 2 output partitions
[2025-07-09T17:26:37.564+0000] {spark_submit.py:644} INFO - 25/07/09 17:26:37 INFO DAGScheduler: Final stage: ShuffleMapStage 1 (count at NativeMethodAccessorImpl.java:0)
[2025-07-09T17:26:37.565+0000] {spark_submit.py:644} INFO - 25/07/09 17:26:37 INFO DAGScheduler: Parents of final stage: List()
[2025-07-09T17:26:37.567+0000] {spark_submit.py:644} INFO - 25/07/09 17:26:37 INFO DAGScheduler: Missing parents: List()
[2025-07-09T17:26:37.568+0000] {spark_submit.py:644} INFO - 25/07/09 17:26:37 INFO DAGScheduler: Submitting ShuffleMapStage 1 (MapPartitionsRDD[7] at count at NativeMethodAccessorImpl.java:0), which has no missing parents
[2025-07-09T17:26:37.600+0000] {spark_submit.py:644} INFO - 25/07/09 17:26:37 INFO MemoryStore: Block broadcast_2 stored as values in memory (estimated size 16.2 KiB, free 434.4 MiB)
[2025-07-09T17:26:37.680+0000] {spark_submit.py:644} INFO - 25/07/09 17:26:37 INFO MemoryStore: Block broadcast_2_piece0 stored as bytes in memory (estimated size 8.4 KiB, free 434.4 MiB)
[2025-07-09T17:26:37.772+0000] {spark_submit.py:644} INFO - 25/07/09 17:26:37 INFO BlockManagerInfo: Added broadcast_2_piece0 in memory on 38b7408c68d7:39249 (size: 8.4 KiB, free: 434.4 MiB)
[2025-07-09T17:26:37.773+0000] {spark_submit.py:644} INFO - 25/07/09 17:26:37 INFO SparkContext: Created broadcast 2 from broadcast at DAGScheduler.scala:1585
[2025-07-09T17:26:37.776+0000] {spark_submit.py:644} INFO - 25/07/09 17:26:37 INFO DAGScheduler: Submitting 2 missing tasks from ShuffleMapStage 1 (MapPartitionsRDD[7] at count at NativeMethodAccessorImpl.java:0) (first 15 tasks are for partitions Vector(0, 1))
[2025-07-09T17:26:37.783+0000] {spark_submit.py:644} INFO - 25/07/09 17:26:37 INFO TaskSchedulerImpl: Adding task set 1.0 with 2 tasks resource profile 0
[2025-07-09T17:26:37.845+0000] {spark_submit.py:644} INFO - 25/07/09 17:26:37 INFO TaskSetManager: Starting task 0.0 in stage 1.0 (TID 1) (172.19.0.7, executor 0, partition 0, PROCESS_LOCAL, 9187 bytes)
[2025-07-09T17:26:37.845+0000] {spark_submit.py:644} INFO - 25/07/09 17:26:37 INFO TaskSetManager: Starting task 1.0 in stage 1.0 (TID 2) (172.19.0.7, executor 0, partition 1, PROCESS_LOCAL, 9248 bytes)
[2025-07-09T17:26:37.846+0000] {spark_submit.py:644} INFO - 25/07/09 17:26:37 INFO BlockManagerInfo: Added broadcast_2_piece0 in memory on 172.19.0.7:40647 (size: 8.4 KiB, free: 434.4 MiB)
[2025-07-09T17:26:52.561+0000] {spark_submit.py:644} INFO - 25/07/09 17:26:52 INFO TaskSetManager: Finished task 1.0 in stage 1.0 (TID 2) in 14780 ms on 172.19.0.7 (executor 0) (1/2)
[2025-07-09T17:26:52.562+0000] {spark_submit.py:644} INFO - 25/07/09 17:26:52 INFO TaskSetManager: Finished task 0.0 in stage 1.0 (TID 1) in 14783 ms on 172.19.0.7 (executor 0) (2/2)
[2025-07-09T17:26:52.562+0000] {spark_submit.py:644} INFO - 25/07/09 17:26:52 INFO TaskSchedulerImpl: Removed TaskSet 1.0, whose tasks have all completed, from pool
[2025-07-09T17:26:52.592+0000] {spark_submit.py:644} INFO - 25/07/09 17:26:52 INFO PythonAccumulatorV2: Connected to AccumulatorServer at host: 127.0.0.1 port: 54919
[2025-07-09T17:26:52.596+0000] {spark_submit.py:644} INFO - 25/07/09 17:26:52 INFO DAGScheduler: ShuffleMapStage 1 (count at NativeMethodAccessorImpl.java:0) finished in 15.022 s
[2025-07-09T17:26:52.596+0000] {spark_submit.py:644} INFO - 25/07/09 17:26:52 INFO DAGScheduler: looking for newly runnable stages
[2025-07-09T17:26:52.597+0000] {spark_submit.py:644} INFO - 25/07/09 17:26:52 INFO DAGScheduler: running: Set()
[2025-07-09T17:26:52.598+0000] {spark_submit.py:644} INFO - 25/07/09 17:26:52 INFO DAGScheduler: waiting: Set()
[2025-07-09T17:26:52.598+0000] {spark_submit.py:644} INFO - 25/07/09 17:26:52 INFO DAGScheduler: failed: Set()
[2025-07-09T17:26:52.639+0000] {spark_submit.py:644} INFO - 25/07/09 17:26:52 INFO CodeGenerator: Code generated in 15.938163 ms
[2025-07-09T17:26:52.723+0000] {spark_submit.py:644} INFO - 25/07/09 17:26:52 INFO SparkContext: Starting job: count at NativeMethodAccessorImpl.java:0
[2025-07-09T17:26:52.726+0000] {spark_submit.py:644} INFO - 25/07/09 17:26:52 INFO DAGScheduler: Got job 2 (count at NativeMethodAccessorImpl.java:0) with 1 output partitions
[2025-07-09T17:26:52.727+0000] {spark_submit.py:644} INFO - 25/07/09 17:26:52 INFO DAGScheduler: Final stage: ResultStage 3 (count at NativeMethodAccessorImpl.java:0)
[2025-07-09T17:26:52.728+0000] {spark_submit.py:644} INFO - 25/07/09 17:26:52 INFO DAGScheduler: Parents of final stage: List(ShuffleMapStage 2)
[2025-07-09T17:26:52.728+0000] {spark_submit.py:644} INFO - 25/07/09 17:26:52 INFO DAGScheduler: Missing parents: List()
[2025-07-09T17:26:52.729+0000] {spark_submit.py:644} INFO - 25/07/09 17:26:52 INFO DAGScheduler: Submitting ResultStage 3 (MapPartitionsRDD[10] at count at NativeMethodAccessorImpl.java:0), which has no missing parents
[2025-07-09T17:26:52.736+0000] {spark_submit.py:644} INFO - 25/07/09 17:26:52 INFO MemoryStore: Block broadcast_3 stored as values in memory (estimated size 12.5 KiB, free 434.4 MiB)
[2025-07-09T17:26:52.744+0000] {spark_submit.py:644} INFO - 25/07/09 17:26:52 INFO MemoryStore: Block broadcast_3_piece0 stored as bytes in memory (estimated size 5.9 KiB, free 434.4 MiB)
[2025-07-09T17:26:52.745+0000] {spark_submit.py:644} INFO - 25/07/09 17:26:52 INFO BlockManagerInfo: Added broadcast_3_piece0 in memory on 38b7408c68d7:39249 (size: 5.9 KiB, free: 434.4 MiB)
[2025-07-09T17:26:52.745+0000] {spark_submit.py:644} INFO - 25/07/09 17:26:52 INFO BlockManagerInfo: Removed broadcast_2_piece0 on 38b7408c68d7:39249 in memory (size: 8.4 KiB, free: 434.4 MiB)
[2025-07-09T17:26:52.746+0000] {spark_submit.py:644} INFO - 25/07/09 17:26:52 INFO SparkContext: Created broadcast 3 from broadcast at DAGScheduler.scala:1585
[2025-07-09T17:26:52.747+0000] {spark_submit.py:644} INFO - 25/07/09 17:26:52 INFO DAGScheduler: Submitting 1 missing tasks from ResultStage 3 (MapPartitionsRDD[10] at count at NativeMethodAccessorImpl.java:0) (first 15 tasks are for partitions Vector(0))
[2025-07-09T17:26:52.748+0000] {spark_submit.py:644} INFO - 25/07/09 17:26:52 INFO TaskSchedulerImpl: Adding task set 3.0 with 1 tasks resource profile 0
[2025-07-09T17:26:52.748+0000] {spark_submit.py:644} INFO - 25/07/09 17:26:52 INFO BlockManagerInfo: Removed broadcast_2_piece0 on 172.19.0.7:40647 in memory (size: 8.4 KiB, free: 434.4 MiB)
[2025-07-09T17:26:52.753+0000] {spark_submit.py:644} INFO - 25/07/09 17:26:52 INFO TaskSetManager: Starting task 0.0 in stage 3.0 (TID 3) (172.19.0.7, executor 0, partition 0, NODE_LOCAL, 9003 bytes)
[2025-07-09T17:26:52.797+0000] {spark_submit.py:644} INFO - 25/07/09 17:26:52 INFO BlockManagerInfo: Added broadcast_3_piece0 in memory on 172.19.0.7:40647 (size: 5.9 KiB, free: 434.4 MiB)
[2025-07-09T17:26:52.820+0000] {spark_submit.py:644} INFO - 25/07/09 17:26:52 INFO MapOutputTrackerMasterEndpoint: Asked to send map output locations for shuffle 0 to 172.19.0.7:37414
[2025-07-09T17:26:53.031+0000] {spark_submit.py:644} INFO - 25/07/09 17:26:53 INFO TaskSetManager: Finished task 0.0 in stage 3.0 (TID 3) in 280 ms on 172.19.0.7 (executor 0) (1/1)
[2025-07-09T17:26:53.032+0000] {spark_submit.py:644} INFO - 25/07/09 17:26:53 INFO TaskSchedulerImpl: Removed TaskSet 3.0, whose tasks have all completed, from pool
[2025-07-09T17:26:53.033+0000] {spark_submit.py:644} INFO - 25/07/09 17:26:53 INFO DAGScheduler: ResultStage 3 (count at NativeMethodAccessorImpl.java:0) finished in 0.298 s
[2025-07-09T17:26:53.034+0000] {spark_submit.py:644} INFO - 25/07/09 17:26:53 INFO DAGScheduler: Job 2 is finished. Cancelling potential speculative or zombie tasks for this job
[2025-07-09T17:26:53.034+0000] {spark_submit.py:644} INFO - 25/07/09 17:26:53 INFO TaskSchedulerImpl: Killing all running tasks in stage 3: Stage finished
[2025-07-09T17:26:53.035+0000] {spark_submit.py:644} INFO - 25/07/09 17:26:53 INFO DAGScheduler: Job 2 finished: count at NativeMethodAccessorImpl.java:0, took 0.310149 s
[2025-07-09T17:26:53.041+0000] {spark_submit.py:644} INFO - Total de mensagens processadas: 11
[2025-07-09T17:26:53.042+0000] {spark_submit.py:644} INFO - Dados processados:
[2025-07-09T17:26:53.490+0000] {spark_submit.py:644} INFO - 25/07/09 17:26:53 INFO CodeGenerator: Code generated in 109.427393 ms
[2025-07-09T17:26:53.497+0000] {spark_submit.py:644} INFO - 25/07/09 17:26:53 INFO SparkContext: Starting job: showString at NativeMethodAccessorImpl.java:0
[2025-07-09T17:26:53.499+0000] {spark_submit.py:644} INFO - 25/07/09 17:26:53 INFO DAGScheduler: Got job 3 (showString at NativeMethodAccessorImpl.java:0) with 1 output partitions
[2025-07-09T17:26:53.500+0000] {spark_submit.py:644} INFO - 25/07/09 17:26:53 INFO DAGScheduler: Final stage: ResultStage 4 (showString at NativeMethodAccessorImpl.java:0)
[2025-07-09T17:26:53.500+0000] {spark_submit.py:644} INFO - 25/07/09 17:26:53 INFO DAGScheduler: Parents of final stage: List()
[2025-07-09T17:26:53.501+0000] {spark_submit.py:644} INFO - 25/07/09 17:26:53 INFO DAGScheduler: Missing parents: List()
[2025-07-09T17:26:53.501+0000] {spark_submit.py:644} INFO - 25/07/09 17:26:53 INFO DAGScheduler: Submitting ResultStage 4 (MapPartitionsRDD[12] at showString at NativeMethodAccessorImpl.java:0), which has no missing parents
[2025-07-09T17:26:53.503+0000] {spark_submit.py:644} INFO - 25/07/09 17:26:53 INFO MemoryStore: Block broadcast_4 stored as values in memory (estimated size 15.0 KiB, free 434.4 MiB)
[2025-07-09T17:26:53.512+0000] {spark_submit.py:644} INFO - 25/07/09 17:26:53 INFO MemoryStore: Block broadcast_4_piece0 stored as bytes in memory (estimated size 7.2 KiB, free 434.4 MiB)
[2025-07-09T17:26:53.513+0000] {spark_submit.py:644} INFO - 25/07/09 17:26:53 INFO BlockManagerInfo: Added broadcast_4_piece0 in memory on 38b7408c68d7:39249 (size: 7.2 KiB, free: 434.4 MiB)
[2025-07-09T17:26:53.514+0000] {spark_submit.py:644} INFO - 25/07/09 17:26:53 INFO SparkContext: Created broadcast 4 from broadcast at DAGScheduler.scala:1585
[2025-07-09T17:26:53.514+0000] {spark_submit.py:644} INFO - 25/07/09 17:26:53 INFO BlockManagerInfo: Removed broadcast_3_piece0 on 38b7408c68d7:39249 in memory (size: 5.9 KiB, free: 434.4 MiB)
[2025-07-09T17:26:53.515+0000] {spark_submit.py:644} INFO - 25/07/09 17:26:53 INFO DAGScheduler: Submitting 1 missing tasks from ResultStage 4 (MapPartitionsRDD[12] at showString at NativeMethodAccessorImpl.java:0) (first 15 tasks are for partitions Vector(0))
[2025-07-09T17:26:53.516+0000] {spark_submit.py:644} INFO - 25/07/09 17:26:53 INFO TaskSchedulerImpl: Adding task set 4.0 with 1 tasks resource profile 0
[2025-07-09T17:26:53.517+0000] {spark_submit.py:644} INFO - 25/07/09 17:26:53 INFO BlockManagerInfo: Removed broadcast_3_piece0 on 172.19.0.7:40647 in memory (size: 5.9 KiB, free: 434.4 MiB)
[2025-07-09T17:26:53.518+0000] {spark_submit.py:644} INFO - 25/07/09 17:26:53 INFO TaskSetManager: Starting task 0.0 in stage 4.0 (TID 4) (172.19.0.7, executor 0, partition 0, PROCESS_LOCAL, 9198 bytes)
[2025-07-09T17:26:53.532+0000] {spark_submit.py:644} INFO - 25/07/09 17:26:53 INFO BlockManagerInfo: Added broadcast_4_piece0 in memory on 172.19.0.7:40647 (size: 7.2 KiB, free: 434.4 MiB)
[2025-07-09T17:26:53.664+0000] {spark_submit.py:644} INFO - 25/07/09 17:26:53 INFO TaskSetManager: Finished task 0.0 in stage 4.0 (TID 4) in 147 ms on 172.19.0.7 (executor 0) (1/1)
[2025-07-09T17:26:53.664+0000] {spark_submit.py:644} INFO - 25/07/09 17:26:53 INFO TaskSchedulerImpl: Removed TaskSet 4.0, whose tasks have all completed, from pool
[2025-07-09T17:26:53.665+0000] {spark_submit.py:644} INFO - 25/07/09 17:26:53 INFO DAGScheduler: ResultStage 4 (showString at NativeMethodAccessorImpl.java:0) finished in 0.164 s
[2025-07-09T17:26:53.666+0000] {spark_submit.py:644} INFO - 25/07/09 17:26:53 INFO DAGScheduler: Job 3 is finished. Cancelling potential speculative or zombie tasks for this job
[2025-07-09T17:26:53.667+0000] {spark_submit.py:644} INFO - 25/07/09 17:26:53 INFO TaskSchedulerImpl: Killing all running tasks in stage 4: Stage finished
[2025-07-09T17:26:53.667+0000] {spark_submit.py:644} INFO - 25/07/09 17:26:53 INFO DAGScheduler: Job 3 finished: showString at NativeMethodAccessorImpl.java:0, took 0.168926 s
[2025-07-09T17:26:53.673+0000] {spark_submit.py:644} INFO - 25/07/09 17:26:53 INFO SparkContext: Starting job: showString at NativeMethodAccessorImpl.java:0
[2025-07-09T17:26:53.674+0000] {spark_submit.py:644} INFO - 25/07/09 17:26:53 INFO DAGScheduler: Got job 4 (showString at NativeMethodAccessorImpl.java:0) with 1 output partitions
[2025-07-09T17:26:53.675+0000] {spark_submit.py:644} INFO - 25/07/09 17:26:53 INFO DAGScheduler: Final stage: ResultStage 5 (showString at NativeMethodAccessorImpl.java:0)
[2025-07-09T17:26:53.675+0000] {spark_submit.py:644} INFO - 25/07/09 17:26:53 INFO DAGScheduler: Parents of final stage: List()
[2025-07-09T17:26:53.676+0000] {spark_submit.py:644} INFO - 25/07/09 17:26:53 INFO DAGScheduler: Missing parents: List()
[2025-07-09T17:26:53.676+0000] {spark_submit.py:644} INFO - 25/07/09 17:26:53 INFO DAGScheduler: Submitting ResultStage 5 (MapPartitionsRDD[12] at showString at NativeMethodAccessorImpl.java:0), which has no missing parents
[2025-07-09T17:26:53.678+0000] {spark_submit.py:644} INFO - 25/07/09 17:26:53 INFO MemoryStore: Block broadcast_5 stored as values in memory (estimated size 15.0 KiB, free 434.4 MiB)
[2025-07-09T17:26:53.686+0000] {spark_submit.py:644} INFO - 25/07/09 17:26:53 INFO MemoryStore: Block broadcast_5_piece0 stored as bytes in memory (estimated size 7.2 KiB, free 434.4 MiB)
[2025-07-09T17:26:53.691+0000] {spark_submit.py:644} INFO - 25/07/09 17:26:53 INFO BlockManagerInfo: Removed broadcast_4_piece0 on 172.19.0.7:40647 in memory (size: 7.2 KiB, free: 434.4 MiB)
[2025-07-09T17:26:53.704+0000] {spark_submit.py:644} INFO - 25/07/09 17:26:53 INFO BlockManagerInfo: Added broadcast_5_piece0 in memory on 38b7408c68d7:39249 (size: 7.2 KiB, free: 434.4 MiB)
[2025-07-09T17:26:53.705+0000] {spark_submit.py:644} INFO - 25/07/09 17:26:53 INFO BlockManagerInfo: Removed broadcast_4_piece0 on 38b7408c68d7:39249 in memory (size: 7.2 KiB, free: 434.4 MiB)
[2025-07-09T17:26:53.706+0000] {spark_submit.py:644} INFO - 25/07/09 17:26:53 INFO SparkContext: Created broadcast 5 from broadcast at DAGScheduler.scala:1585
[2025-07-09T17:26:53.706+0000] {spark_submit.py:644} INFO - 25/07/09 17:26:53 INFO DAGScheduler: Submitting 1 missing tasks from ResultStage 5 (MapPartitionsRDD[12] at showString at NativeMethodAccessorImpl.java:0) (first 15 tasks are for partitions Vector(1))
[2025-07-09T17:26:53.707+0000] {spark_submit.py:644} INFO - 25/07/09 17:26:53 INFO TaskSchedulerImpl: Adding task set 5.0 with 1 tasks resource profile 0
[2025-07-09T17:26:53.708+0000] {spark_submit.py:644} INFO - 25/07/09 17:26:53 INFO TaskSetManager: Starting task 0.0 in stage 5.0 (TID 5) (172.19.0.7, executor 0, partition 1, PROCESS_LOCAL, 9259 bytes)
[2025-07-09T17:26:53.723+0000] {spark_submit.py:644} INFO - 25/07/09 17:26:53 INFO BlockManagerInfo: Added broadcast_5_piece0 in memory on 172.19.0.7:40647 (size: 7.2 KiB, free: 434.4 MiB)
[2025-07-09T17:26:53.859+0000] {spark_submit.py:644} INFO - 25/07/09 17:26:53 INFO TaskSetManager: Finished task 0.0 in stage 5.0 (TID 5) in 152 ms on 172.19.0.7 (executor 0) (1/1)
[2025-07-09T17:26:53.860+0000] {spark_submit.py:644} INFO - 25/07/09 17:26:53 INFO TaskSchedulerImpl: Removed TaskSet 5.0, whose tasks have all completed, from pool
[2025-07-09T17:26:53.861+0000] {spark_submit.py:644} INFO - 25/07/09 17:26:53 INFO DAGScheduler: ResultStage 5 (showString at NativeMethodAccessorImpl.java:0) finished in 0.184 s
[2025-07-09T17:26:53.861+0000] {spark_submit.py:644} INFO - 25/07/09 17:26:53 INFO DAGScheduler: Job 4 is finished. Cancelling potential speculative or zombie tasks for this job
[2025-07-09T17:26:53.862+0000] {spark_submit.py:644} INFO - 25/07/09 17:26:53 INFO TaskSchedulerImpl: Killing all running tasks in stage 5: Stage finished
[2025-07-09T17:26:53.863+0000] {spark_submit.py:644} INFO - 25/07/09 17:26:53 INFO DAGScheduler: Job 4 finished: showString at NativeMethodAccessorImpl.java:0, took 0.188883 s
[2025-07-09T17:26:54.950+0000] {spark_submit.py:644} INFO - 25/07/09 17:26:54 INFO BlockManagerInfo: Removed broadcast_5_piece0 on 38b7408c68d7:39249 in memory (size: 7.2 KiB, free: 434.4 MiB)
[2025-07-09T17:26:54.953+0000] {spark_submit.py:644} INFO - 25/07/09 17:26:54 INFO BlockManagerInfo: Removed broadcast_5_piece0 on 172.19.0.7:40647 in memory (size: 7.2 KiB, free: 434.4 MiB)
[2025-07-09T17:26:55.360+0000] {spark_submit.py:644} INFO - 25/07/09 17:26:55 INFO CodeGenerator: Code generated in 42.936962 ms
[2025-07-09T17:26:55.389+0000] {spark_submit.py:644} INFO - +-----------+-------+---------+------------+--------+-------------------+-------------------+----------+
[2025-07-09T17:26:55.389+0000] {spark_submit.py:644} INFO - |message_num|context|client_id|knowledge_id|group_id|latitude           |longitude          |pertinence|
[2025-07-09T17:26:55.390+0000] {spark_submit.py:644} INFO - +-----------+-------+---------+------------+--------+-------------------+-------------------+----------+
[2025-07-09T17:26:55.390+0000] {spark_submit.py:644} INFO - |1          |0      |1        |849         |1520    |-30.001141         |-55.016076000000005|1752002808|
[2025-07-09T17:26:55.391+0000] {spark_submit.py:644} INFO - |2          |1      |4        |19          |1121    |-30.001143000000003|-55.016078         |1752002809|
[2025-07-09T17:26:55.391+0000] {spark_submit.py:644} INFO - |3          |2      |1        |702         |1128    |-30.001141         |-55.016078         |1752002810|
[2025-07-09T17:26:55.392+0000] {spark_submit.py:644} INFO - |4          |3      |1        |926         |1329    |-30.001143000000003|-55.016076000000005|1752002811|
[2025-07-09T17:26:55.392+0000] {spark_submit.py:644} INFO - |5          |4      |2        |946         |1182    |-30.001143000000003|-55.016076000000005|1752002812|
[2025-07-09T17:26:55.393+0000] {spark_submit.py:644} INFO - |6          |5      |2        |309         |1759    |-30.001141         |-55.016078         |1752002813|
[2025-07-09T17:26:55.393+0000] {spark_submit.py:644} INFO - |7          |6      |2        |527         |132     |-30.001143000000003|-55.016076000000005|1752002814|
[2025-07-09T17:26:55.394+0000] {spark_submit.py:644} INFO - |8          |7      |2        |201         |1183    |-30.001143000000003|-55.016076000000005|1752002815|
[2025-07-09T17:26:55.394+0000] {spark_submit.py:644} INFO - |9          |8      |3        |646         |1207    |-30.001143000000003|-55.016076000000005|1752002816|
[2025-07-09T17:26:55.395+0000] {spark_submit.py:644} INFO - |10         |9      |1        |155         |326     |-30.001141         |-55.016076000000005|1752002817|
[2025-07-09T17:26:55.395+0000] {spark_submit.py:644} INFO - |11         |0      |1        |849         |1520    |-30.001141         |-55.016076000000005|1752002824|
[2025-07-09T17:26:55.395+0000] {spark_submit.py:644} INFO - +-----------+-------+---------+------------+--------+-------------------+-------------------+----------+
[2025-07-09T17:26:55.396+0000] {spark_submit.py:644} INFO - 
[2025-07-09T17:26:55.396+0000] {spark_submit.py:644} INFO - Processamento concluído com sucesso!
[2025-07-09T17:26:55.397+0000] {spark_submit.py:644} INFO - 25/07/09 17:26:55 INFO SparkContext: SparkContext is stopping with exitCode 0.
[2025-07-09T17:26:55.415+0000] {spark_submit.py:644} INFO - 25/07/09 17:26:55 INFO SparkUI: Stopped Spark web UI at http://38b7408c68d7:4040
[2025-07-09T17:26:55.419+0000] {spark_submit.py:644} INFO - 25/07/09 17:26:55 INFO StandaloneSchedulerBackend: Shutting down all executors
[2025-07-09T17:26:55.420+0000] {spark_submit.py:644} INFO - 25/07/09 17:26:55 INFO StandaloneSchedulerBackend$StandaloneDriverEndpoint: Asking each executor to shut down
[2025-07-09T17:26:55.459+0000] {spark_submit.py:644} INFO - 25/07/09 17:26:55 INFO MapOutputTrackerMasterEndpoint: MapOutputTrackerMasterEndpoint stopped!
[2025-07-09T17:26:55.532+0000] {spark_submit.py:644} INFO - 25/07/09 17:26:55 INFO MemoryStore: MemoryStore cleared
[2025-07-09T17:26:55.534+0000] {spark_submit.py:644} INFO - 25/07/09 17:26:55 INFO BlockManager: BlockManager stopped
[2025-07-09T17:26:55.537+0000] {spark_submit.py:644} INFO - 25/07/09 17:26:55 INFO BlockManagerMaster: BlockManagerMaster stopped
[2025-07-09T17:26:55.543+0000] {spark_submit.py:644} INFO - 25/07/09 17:26:55 INFO OutputCommitCoordinator$OutputCommitCoordinatorEndpoint: OutputCommitCoordinator stopped!
[2025-07-09T17:26:55.552+0000] {spark_submit.py:644} INFO - 25/07/09 17:26:55 INFO SparkContext: Successfully stopped SparkContext
[2025-07-09T17:26:56.934+0000] {spark_submit.py:644} INFO - 25/07/09 17:26:56 INFO ShutdownHookManager: Shutdown hook called
[2025-07-09T17:26:56.934+0000] {spark_submit.py:644} INFO - 25/07/09 17:26:56 INFO ShutdownHookManager: Deleting directory /tmp/spark-9404ee86-746a-4d16-a640-28fa89c6f2ba
[2025-07-09T17:26:56.938+0000] {spark_submit.py:644} INFO - 25/07/09 17:26:56 INFO ShutdownHookManager: Deleting directory /tmp/spark-5c116cd7-824a-4919-a87a-3239d554ef44/pyspark-921f317e-a604-4a70-96b3-1c35da082f22
[2025-07-09T17:26:56.942+0000] {spark_submit.py:644} INFO - 25/07/09 17:26:56 INFO ShutdownHookManager: Deleting directory /tmp/spark-5c116cd7-824a-4919-a87a-3239d554ef44
[2025-07-09T17:26:57.186+0000] {taskinstance.py:349} INFO - ::group::Post task execution logs
[2025-07-09T17:26:57.187+0000] {taskinstance.py:361} INFO - Marking task as SUCCESS. dag_id=process_sword_messages, task_id=process_sword_messages, run_id=manual__2025-07-09T17:25:48.155970+00:00, execution_date=20250709T172548, start_date=20250709T172550, end_date=20250709T172657
[2025-07-09T17:26:57.358+0000] {local_task_job_runner.py:266} INFO - Task exited with return code 0
[2025-07-09T17:26:57.386+0000] {taskinstance.py:3924} INFO - 0 downstream tasks scheduled from follow-on schedule check
[2025-07-09T17:26:57.424+0000] {local_task_job_runner.py:245} INFO - ::endgroup::
