[2025-07-08T18:43:13.135+0000] {local_task_job_runner.py:123} INFO - ::group::Pre task execution logs
[2025-07-08T18:43:13.182+0000] {taskinstance.py:2631} INFO - Dependencies all met for dep_context=non-requeueable deps ti=<TaskInstance: process_exercises.process_exercises manual__2025-07-08T18:43:08.436982+00:00 [queued]>
[2025-07-08T18:43:13.198+0000] {taskinstance.py:2631} INFO - Dependencies all met for dep_context=requeueable deps ti=<TaskInstance: process_exercises.process_exercises manual__2025-07-08T18:43:08.436982+00:00 [queued]>
[2025-07-08T18:43:13.199+0000] {taskinstance.py:2884} INFO - Starting attempt 1 of 1
[2025-07-08T18:43:13.286+0000] {taskinstance.py:2907} INFO - Executing <Task(SparkSubmitOperator): process_exercises> on 2025-07-08 18:43:08.436982+00:00
[2025-07-08T18:43:13.294+0000] {standard_task_runner.py:104} INFO - Running: ['airflow', 'tasks', 'run', 'process_exercises', 'process_exercises', 'manual__2025-07-08T18:43:08.436982+00:00', '--job-id', '183', '--raw', '--subdir', 'DAGS_FOLDER/process_exercises.py', '--cfg-path', '/tmp/tmpsy1y79u9']
[2025-07-08T18:43:13.296+0000] {logging_mixin.py:190} WARNING - /home/airflow/.local/lib/python3.12/site-packages/airflow/task/task_runner/standard_task_runner.py:70 DeprecationWarning: This process (pid=11442) is multi-threaded, use of fork() may lead to deadlocks in the child.
[2025-07-08T18:43:13.297+0000] {standard_task_runner.py:105} INFO - Job 183: Subtask process_exercises
[2025-07-08T18:43:13.297+0000] {standard_task_runner.py:72} INFO - Started process 11443 to run task
[2025-07-08T18:43:13.411+0000] {task_command.py:467} INFO - Running <TaskInstance: process_exercises.process_exercises manual__2025-07-08T18:43:08.436982+00:00 [running]> on host 3748f1b8240a
[2025-07-08T18:43:13.797+0000] {taskinstance.py:3157} INFO - Exporting env vars: AIRFLOW_CTX_DAG_OWNER='airflow' AIRFLOW_CTX_DAG_ID='process_exercises' AIRFLOW_CTX_TASK_ID='process_exercises' AIRFLOW_CTX_EXECUTION_DATE='2025-07-08T18:43:08.436982+00:00' AIRFLOW_CTX_TRY_NUMBER='1' AIRFLOW_CTX_DAG_RUN_ID='manual__2025-07-08T18:43:08.436982+00:00'
[2025-07-08T18:43:13.801+0000] {taskinstance.py:740} INFO - ::endgroup::
[2025-07-08T18:43:13.907+0000] {base.py:84} INFO - Retrieving connection 'spark-ebsim'
[2025-07-08T18:43:13.916+0000] {spark_submit.py:474} INFO - Spark-Submit cmd: spark-submit --master spark://spark-master:7077 --jars /opt/bitnami/spark/jars/iceberg-spark-runtime-3.5_2.12-1.8.1.jar,/opt/bitnami/spark/jars/nessie-spark-extensions-3.5_2.12-0.103.2.jar,/opt/bitnami/spark/jars/nessie-client-0.103.2.jar,/opt/bitnami/spark/jars/hadoop-aws-3.3.2.jar,/opt/bitnami/spark/jars/aws-java-sdk-bundle-1.12.262.jar, --name arrow-spark --deploy-mode client /opt/bitnami/spark/jobs/process_exercises_job.py {"id": "CA-LESTE-construtiva-4DE-2025-07-08", "manifest_entry": {"data": {"createdAt": "2025-07-08T18:27:58.496Z", "origin": "CA-LESTE", "path": "exercises/CA-LESTE-construtiva-4DE-2025-07-08"}, "id": "CA-LESTE-construtiva-4DE-2025-07-08"}, "metadata": {"createdAt": "2025-07-08T18:27:58.496Z", "description": "4DE", "documents": [{"description": "", "id": "1751999288885", "mimetype": "application/pdf", "name": "Op Jacui IV - Ordem de Operacoes.pdf", "path": "exercises/CA-LESTE-construtiva-4DE-2025-07-08/documents/Op Jacui IV - Ordem de Operacoes.pdf", "size": 336744, "uploadedAt": "2025-07-08T18:28:08.885Z"}], "endDate": "2025-07-10", "id": "CA-LESTE-construtiva-4DE-2025-07-08", "name": "Jogo de Guerra", "origin": "CA-LESTE", "simulationType": "construtiva", "simulations": [{"id": "172.19.0.14_2025-07-08", "movedAt": "2025-07-08T18:28:17.872Z", "name": "172.19.0.14_2025-07-08", "originalPath": "staging/172.19.0.14_2025-07-08", "path": "exercises/CA-LESTE-construtiva-4DE-2025-07-08/simulations/172.19.0.14_2025-07-08"}], "startDate": "2025-07-08", "trainedForce": "4 Divis\u00e3o de Ex\u00e9rcito", "updatedAt": "2025-07-08T18:28:17.873Z", "wikiUrl": ""}}
[2025-07-08T18:43:16.816+0000] {spark_submit.py:644} INFO - 25/07/08 18:43:16 WARN NativeCodeLoader: Unable to load native-hadoop library for your platform... using builtin-java classes where applicable
[2025-07-08T18:43:18.848+0000] {spark_submit.py:644} INFO - [PROCESS EXERCISES] ℹ️ Iniciando processamento de exercícios
[2025-07-08T18:43:18.849+0000] {spark_submit.py:644} INFO - [PROCESS EXERCISES] ℹ️ Exercício selecionado: CA-LESTE-construtiva-4DE-2025-07-08
[2025-07-08T18:43:18.850+0000] {spark_submit.py:644} INFO - [PROCESS EXERCISES] 🔄 Criando sessão Spark
[2025-07-08T18:43:19.464+0000] {spark_submit.py:644} INFO - 25/07/08 18:43:19 INFO SparkContext: Running Spark version 3.5.5
[2025-07-08T18:43:19.465+0000] {spark_submit.py:644} INFO - 25/07/08 18:43:19 INFO SparkContext: OS info Linux, 5.15.167.4-microsoft-standard-WSL2, amd64
[2025-07-08T18:43:19.466+0000] {spark_submit.py:644} INFO - 25/07/08 18:43:19 INFO SparkContext: Java version 17.0.15
[2025-07-08T18:43:19.489+0000] {spark_submit.py:644} INFO - 25/07/08 18:43:19 INFO ResourceUtils: ==============================================================
[2025-07-08T18:43:19.490+0000] {spark_submit.py:644} INFO - 25/07/08 18:43:19 INFO ResourceUtils: No custom resources configured for spark.driver.
[2025-07-08T18:43:19.491+0000] {spark_submit.py:644} INFO - 25/07/08 18:43:19 INFO ResourceUtils: ==============================================================
[2025-07-08T18:43:19.491+0000] {spark_submit.py:644} INFO - 25/07/08 18:43:19 INFO SparkContext: Submitted application: ProcessExercises
[2025-07-08T18:43:19.508+0000] {spark_submit.py:644} INFO - 25/07/08 18:43:19 INFO ResourceProfile: Default ResourceProfile created, executor resources: Map(memory -> name: memory, amount: 1024, script: , vendor: , offHeap -> name: offHeap, amount: 0, script: , vendor: ), task resources: Map(cpus -> name: cpus, amount: 1.0)
[2025-07-08T18:43:19.517+0000] {spark_submit.py:644} INFO - 25/07/08 18:43:19 INFO ResourceProfile: Limiting resource is cpu
[2025-07-08T18:43:19.517+0000] {spark_submit.py:644} INFO - 25/07/08 18:43:19 INFO ResourceProfileManager: Added ResourceProfile id: 0
[2025-07-08T18:43:19.559+0000] {spark_submit.py:644} INFO - 25/07/08 18:43:19 INFO SecurityManager: Changing view acls to: airflow
[2025-07-08T18:43:19.560+0000] {spark_submit.py:644} INFO - 25/07/08 18:43:19 INFO SecurityManager: Changing modify acls to: airflow
[2025-07-08T18:43:19.560+0000] {spark_submit.py:644} INFO - 25/07/08 18:43:19 INFO SecurityManager: Changing view acls groups to:
[2025-07-08T18:43:19.561+0000] {spark_submit.py:644} INFO - 25/07/08 18:43:19 INFO SecurityManager: Changing modify acls groups to:
[2025-07-08T18:43:19.561+0000] {spark_submit.py:644} INFO - 25/07/08 18:43:19 INFO SecurityManager: SecurityManager: authentication disabled; ui acls disabled; users with view permissions: airflow; groups with view permissions: EMPTY; users with modify permissions: airflow; groups with modify permissions: EMPTY
[2025-07-08T18:43:19.739+0000] {spark_submit.py:644} INFO - 25/07/08 18:43:19 INFO Utils: Successfully started service 'sparkDriver' on port 34211.
[2025-07-08T18:43:19.767+0000] {spark_submit.py:644} INFO - 25/07/08 18:43:19 INFO SparkEnv: Registering MapOutputTracker
[2025-07-08T18:43:19.794+0000] {spark_submit.py:644} INFO - 25/07/08 18:43:19 INFO SparkEnv: Registering BlockManagerMaster
[2025-07-08T18:43:19.812+0000] {spark_submit.py:644} INFO - 25/07/08 18:43:19 INFO BlockManagerMasterEndpoint: Using org.apache.spark.storage.DefaultTopologyMapper for getting topology information
[2025-07-08T18:43:19.813+0000] {spark_submit.py:644} INFO - 25/07/08 18:43:19 INFO BlockManagerMasterEndpoint: BlockManagerMasterEndpoint up
[2025-07-08T18:43:19.816+0000] {spark_submit.py:644} INFO - 25/07/08 18:43:19 INFO SparkEnv: Registering BlockManagerMasterHeartbeat
[2025-07-08T18:43:19.839+0000] {spark_submit.py:644} INFO - 25/07/08 18:43:19 INFO DiskBlockManager: Created local directory at /tmp/blockmgr-9053fffe-cfb5-4d90-9bcd-45e7f3ff4ae9
[2025-07-08T18:43:19.851+0000] {spark_submit.py:644} INFO - 25/07/08 18:43:19 INFO MemoryStore: MemoryStore started with capacity 434.4 MiB
[2025-07-08T18:43:19.864+0000] {spark_submit.py:644} INFO - 25/07/08 18:43:19 INFO SparkEnv: Registering OutputCommitCoordinator
[2025-07-08T18:43:19.985+0000] {spark_submit.py:644} INFO - 25/07/08 18:43:19 INFO JettyUtils: Start Jetty 0.0.0.0:4040 for SparkUI
[2025-07-08T18:43:20.037+0000] {spark_submit.py:644} INFO - 25/07/08 18:43:20 INFO Utils: Successfully started service 'SparkUI' on port 4040.
[2025-07-08T18:43:20.072+0000] {spark_submit.py:644} INFO - 25/07/08 18:43:20 INFO SparkContext: Added JAR file:///opt/bitnami/spark/jars/iceberg-spark-runtime-3.5_2.12-1.8.1.jar at spark://3748f1b8240a:34211/jars/iceberg-spark-runtime-3.5_2.12-1.8.1.jar with timestamp 1752000199458
[2025-07-08T18:43:20.074+0000] {spark_submit.py:644} INFO - 25/07/08 18:43:20 INFO SparkContext: Added JAR file:///opt/bitnami/spark/jars/nessie-spark-extensions-3.5_2.12-0.103.2.jar at spark://3748f1b8240a:34211/jars/nessie-spark-extensions-3.5_2.12-0.103.2.jar with timestamp 1752000199458
[2025-07-08T18:43:20.075+0000] {spark_submit.py:644} INFO - 25/07/08 18:43:20 INFO SparkContext: Added JAR file:///opt/bitnami/spark/jars/nessie-client-0.103.2.jar at spark://3748f1b8240a:34211/jars/nessie-client-0.103.2.jar with timestamp 1752000199458
[2025-07-08T18:43:20.077+0000] {spark_submit.py:644} INFO - 25/07/08 18:43:20 INFO SparkContext: Added JAR file:///opt/bitnami/spark/jars/hadoop-aws-3.3.2.jar at spark://3748f1b8240a:34211/jars/hadoop-aws-3.3.2.jar with timestamp 1752000199458
[2025-07-08T18:43:20.078+0000] {spark_submit.py:644} INFO - 25/07/08 18:43:20 INFO SparkContext: Added JAR file:///opt/bitnami/spark/jars/aws-java-sdk-bundle-1.12.262.jar at spark://3748f1b8240a:34211/jars/aws-java-sdk-bundle-1.12.262.jar with timestamp 1752000199458
[2025-07-08T18:43:20.202+0000] {spark_submit.py:644} INFO - 25/07/08 18:43:20 INFO StandaloneAppClient$ClientEndpoint: Connecting to master spark://spark-master:7077...
[2025-07-08T18:43:20.288+0000] {spark_submit.py:644} INFO - 25/07/08 18:43:20 INFO TransportClientFactory: Successfully created connection to spark-master/172.19.0.2:7077 after 64 ms (0 ms spent in bootstraps)
[2025-07-08T18:43:20.380+0000] {spark_submit.py:644} INFO - 25/07/08 18:43:20 INFO StandaloneSchedulerBackend: Connected to Spark cluster with app ID app-20250708184320-0017
[2025-07-08T18:43:20.387+0000] {spark_submit.py:644} INFO - 25/07/08 18:43:20 INFO Utils: Successfully started service 'org.apache.spark.network.netty.NettyBlockTransferService' on port 39593.
[2025-07-08T18:43:20.387+0000] {spark_submit.py:644} INFO - 25/07/08 18:43:20 INFO NettyBlockTransferService: Server created on 3748f1b8240a:39593
[2025-07-08T18:43:20.388+0000] {spark_submit.py:644} INFO - 25/07/08 18:43:20 INFO BlockManager: Using org.apache.spark.storage.RandomBlockReplicationPolicy for block replication policy
[2025-07-08T18:43:20.393+0000] {spark_submit.py:644} INFO - 25/07/08 18:43:20 INFO BlockManagerMaster: Registering BlockManager BlockManagerId(driver, 3748f1b8240a, 39593, None)
[2025-07-08T18:43:20.396+0000] {spark_submit.py:644} INFO - 25/07/08 18:43:20 INFO BlockManagerMasterEndpoint: Registering block manager 3748f1b8240a:39593 with 434.4 MiB RAM, BlockManagerId(driver, 3748f1b8240a, 39593, None)
[2025-07-08T18:43:20.397+0000] {spark_submit.py:644} INFO - 25/07/08 18:43:20 INFO BlockManagerMaster: Registered BlockManager BlockManagerId(driver, 3748f1b8240a, 39593, None)
[2025-07-08T18:43:20.399+0000] {spark_submit.py:644} INFO - 25/07/08 18:43:20 INFO BlockManager: Initialized BlockManager: BlockManagerId(driver, 3748f1b8240a, 39593, None)
[2025-07-08T18:43:20.422+0000] {spark_submit.py:644} INFO - 25/07/08 18:43:20 INFO StandaloneAppClient$ClientEndpoint: Executor added: app-20250708184320-0017/0 on worker-20250708130010-172.19.0.8-33627 (172.19.0.8:33627) with 2 core(s)
[2025-07-08T18:43:20.424+0000] {spark_submit.py:644} INFO - 25/07/08 18:43:20 INFO StandaloneSchedulerBackend: Granted executor ID app-20250708184320-0017/0 on hostPort 172.19.0.8:33627 with 2 core(s), 1024.0 MiB RAM
[2025-07-08T18:43:20.613+0000] {spark_submit.py:644} INFO - 25/07/08 18:43:20 INFO StandaloneSchedulerBackend: SchedulerBackend is ready for scheduling beginning after reached minRegisteredResourcesRatio: 0.0
[2025-07-08T18:43:21.069+0000] {spark_submit.py:644} INFO - [PROCESS EXERCISES] ✅ Sessão Spark criada com sucesso
[2025-07-08T18:43:21.070+0000] {spark_submit.py:644} INFO - [PROCESS EXERCISES] ✅ Processador de exercícios inicializado
[2025-07-08T18:43:21.071+0000] {spark_submit.py:644} INFO - [PROCESS EXERCISES] 🔄 Criando namespace nessie.exercises
[2025-07-08T18:43:21.078+0000] {spark_submit.py:644} INFO - 25/07/08 18:43:21 INFO SharedState: Setting hive.metastore.warehouse.dir ('null') to the value of spark.sql.warehouse.dir.
[2025-07-08T18:43:21.081+0000] {spark_submit.py:644} INFO - 25/07/08 18:43:21 INFO SharedState: Warehouse path is 'file:/opt/airflow/spark-warehouse'.
[2025-07-08T18:43:22.389+0000] {spark_submit.py:644} INFO - 25/07/08 18:43:22 INFO StandaloneAppClient$ClientEndpoint: Executor updated: app-20250708184320-0017/0 is now RUNNING
[2025-07-08T18:43:23.527+0000] {spark_submit.py:644} INFO - 25/07/08 18:43:23 INFO CatalogUtil: Loading custom FileIO implementation: org.apache.iceberg.hadoop.HadoopFileIO
[2025-07-08T18:43:24.850+0000] {spark_submit.py:644} INFO - 25/07/08 18:43:24 INFO StandaloneSchedulerBackend$StandaloneDriverEndpoint: Registered executor NettyRpcEndpointRef(spark-client://Executor) (172.19.0.8:33230) with ID 0,  ResourceProfileId 0
[2025-07-08T18:43:24.933+0000] {spark_submit.py:644} INFO - 25/07/08 18:43:24 INFO BlockManagerMasterEndpoint: Registering block manager 172.19.0.8:34059 with 434.4 MiB RAM, BlockManagerId(0, 172.19.0.8, 34059, None)
[2025-07-08T18:43:25.289+0000] {spark_submit.py:644} INFO - [PROCESS EXERCISES] ✅ Namespace criado/verificado com sucesso
[2025-07-08T18:43:25.290+0000] {spark_submit.py:644} INFO - [PROCESS EXERCISES] 🔄 === FASE 1: PROCESSAMENTO DE DOCUMENTOS ===
[2025-07-08T18:43:25.290+0000] {spark_submit.py:644} INFO - [PROCESS EXERCISES] 🔄 Iniciando processamento de documentos PDF
[2025-07-08T18:43:25.291+0000] {spark_submit.py:644} INFO - [PROCESS EXERCISES] ℹ️ Encontrados 1 documentos
[2025-07-08T18:43:25.292+0000] {spark_submit.py:644} INFO - [PROCESS EXERCISES] 🔄 Processando documento: Op Jacui IV - Ordem de Operacoes.pdf
[2025-07-08T18:43:25.292+0000] {spark_submit.py:644} INFO - [PROCESS EXERCISES] ℹ️ Carregando PDF de: s3a://bronze/exercises/CA-LESTE-construtiva-4DE-2025-07-08/documents/Op Jacui IV - Ordem de Operacoes.pdf
[2025-07-08T18:43:25.830+0000] {spark_submit.py:644} INFO - 25/07/08 18:43:25 WARN MetricsConfig: Cannot locate configuration: tried hadoop-metrics2-s3a-file-system.properties,hadoop-metrics2.properties
[2025-07-08T18:43:25.876+0000] {spark_submit.py:644} INFO - 25/07/08 18:43:25 INFO MetricsSystemImpl: Scheduled Metric snapshot period at 10 second(s).
[2025-07-08T18:43:25.876+0000] {spark_submit.py:644} INFO - 25/07/08 18:43:25 INFO MetricsSystemImpl: s3a-file-system metrics system started
[2025-07-08T18:43:27.757+0000] {spark_submit.py:644} INFO - 25/07/08 18:43:27 INFO InMemoryFileIndex: It took 74 ms to list leaf files for 1 paths.
[2025-07-08T18:43:28.156+0000] {spark_submit.py:644} INFO - 25/07/08 18:43:28 INFO FileSourceStrategy: Pushed Filters:
[2025-07-08T18:43:28.157+0000] {spark_submit.py:644} INFO - 25/07/08 18:43:28 INFO FileSourceStrategy: Post-Scan Filters:
[2025-07-08T18:43:29.268+0000] {spark_submit.py:644} INFO - 25/07/08 18:43:29 INFO CodeGenerator: Code generated in 700.541448 ms
[2025-07-08T18:43:29.484+0000] {spark_submit.py:644} INFO - 25/07/08 18:43:29 INFO MemoryStore: Block broadcast_0 stored as values in memory (estimated size 203.5 KiB, free 434.2 MiB)
[2025-07-08T18:43:29.659+0000] {spark_submit.py:644} INFO - 25/07/08 18:43:29 INFO MemoryStore: Block broadcast_0_piece0 stored as bytes in memory (estimated size 35.7 KiB, free 434.2 MiB)
[2025-07-08T18:43:29.666+0000] {spark_submit.py:644} INFO - 25/07/08 18:43:29 INFO BlockManagerInfo: Added broadcast_0_piece0 in memory on 3748f1b8240a:39593 (size: 35.7 KiB, free: 434.4 MiB)
[2025-07-08T18:43:29.673+0000] {spark_submit.py:644} INFO - 25/07/08 18:43:29 INFO SparkContext: Created broadcast 0 from collect at /opt/bitnami/spark/jobs/process_exercises_job.py:238
[2025-07-08T18:43:29.691+0000] {spark_submit.py:644} INFO - 25/07/08 18:43:29 INFO FileSourceScanExec: Planning scan with bin packing, max size: 4194304 bytes, open cost is considered as scanning 4194304 bytes.
[2025-07-08T18:43:29.965+0000] {spark_submit.py:644} INFO - 25/07/08 18:43:29 INFO SparkContext: Starting job: collect at /opt/bitnami/spark/jobs/process_exercises_job.py:238
[2025-07-08T18:43:29.979+0000] {spark_submit.py:644} INFO - 25/07/08 18:43:29 INFO DAGScheduler: Got job 0 (collect at /opt/bitnami/spark/jobs/process_exercises_job.py:238) with 1 output partitions
[2025-07-08T18:43:29.980+0000] {spark_submit.py:644} INFO - 25/07/08 18:43:29 INFO DAGScheduler: Final stage: ResultStage 0 (collect at /opt/bitnami/spark/jobs/process_exercises_job.py:238)
[2025-07-08T18:43:29.980+0000] {spark_submit.py:644} INFO - 25/07/08 18:43:29 INFO DAGScheduler: Parents of final stage: List()
[2025-07-08T18:43:29.982+0000] {spark_submit.py:644} INFO - 25/07/08 18:43:29 INFO DAGScheduler: Missing parents: List()
[2025-07-08T18:43:29.986+0000] {spark_submit.py:644} INFO - 25/07/08 18:43:29 INFO DAGScheduler: Submitting ResultStage 0 (MapPartitionsRDD[5] at collect at /opt/bitnami/spark/jobs/process_exercises_job.py:238), which has no missing parents
[2025-07-08T18:43:30.005+0000] {spark_submit.py:644} INFO - 25/07/08 18:43:30 INFO MemoryStore: Block broadcast_1 stored as values in memory (estimated size 27.3 KiB, free 434.1 MiB)
[2025-07-08T18:43:30.017+0000] {spark_submit.py:644} INFO - 25/07/08 18:43:30 INFO MemoryStore: Block broadcast_1_piece0 stored as bytes in memory (estimated size 13.6 KiB, free 434.1 MiB)
[2025-07-08T18:43:30.018+0000] {spark_submit.py:644} INFO - 25/07/08 18:43:30 INFO BlockManagerInfo: Added broadcast_1_piece0 in memory on 3748f1b8240a:39593 (size: 13.6 KiB, free: 434.4 MiB)
[2025-07-08T18:43:30.019+0000] {spark_submit.py:644} INFO - 25/07/08 18:43:30 INFO SparkContext: Created broadcast 1 from broadcast at DAGScheduler.scala:1585
[2025-07-08T18:43:30.066+0000] {spark_submit.py:644} INFO - 25/07/08 18:43:30 INFO DAGScheduler: Submitting 1 missing tasks from ResultStage 0 (MapPartitionsRDD[5] at collect at /opt/bitnami/spark/jobs/process_exercises_job.py:238) (first 15 tasks are for partitions Vector(0))
[2025-07-08T18:43:30.067+0000] {spark_submit.py:644} INFO - 25/07/08 18:43:30 INFO TaskSchedulerImpl: Adding task set 0.0 with 1 tasks resource profile 0
[2025-07-08T18:43:42.118+0000] {spark_submit.py:644} INFO - 25/07/08 18:43:42 INFO TaskSetManager: Starting task 0.0 in stage 0.0 (TID 0) (172.19.0.8, executor 0, partition 0, PROCESS_LOCAL, 10198 bytes)
[2025-07-08T18:43:42.305+0000] {spark_submit.py:644} INFO - 25/07/08 18:43:42 INFO BlockManagerInfo: Added broadcast_1_piece0 in memory on 172.19.0.8:34059 (size: 13.6 KiB, free: 434.4 MiB)
[2025-07-08T18:43:44.362+0000] {spark_submit.py:644} INFO - 25/07/08 18:43:44 INFO BlockManagerInfo: Added broadcast_0_piece0 in memory on 172.19.0.8:34059 (size: 35.7 KiB, free: 434.4 MiB)
[2025-07-08T18:43:48.343+0000] {spark_submit.py:644} INFO - 25/07/08 18:43:48 INFO TaskSetManager: Finished task 0.0 in stage 0.0 (TID 0) in 6235 ms on 172.19.0.8 (executor 0) (1/1)
[2025-07-08T18:43:48.345+0000] {spark_submit.py:644} INFO - 25/07/08 18:43:48 INFO TaskSchedulerImpl: Removed TaskSet 0.0, whose tasks have all completed, from pool
[2025-07-08T18:43:48.348+0000] {spark_submit.py:644} INFO - 25/07/08 18:43:48 INFO PythonAccumulatorV2: Connected to AccumulatorServer at host: 127.0.0.1 port: 49941
[2025-07-08T18:43:48.352+0000] {spark_submit.py:644} INFO - 25/07/08 18:43:48 INFO DAGScheduler: ResultStage 0 (collect at /opt/bitnami/spark/jobs/process_exercises_job.py:238) finished in 18.351 s
[2025-07-08T18:43:48.356+0000] {spark_submit.py:644} INFO - 25/07/08 18:43:48 INFO DAGScheduler: Job 0 is finished. Cancelling potential speculative or zombie tasks for this job
[2025-07-08T18:43:48.357+0000] {spark_submit.py:644} INFO - 25/07/08 18:43:48 INFO TaskSchedulerImpl: Killing all running tasks in stage 0: Stage finished
[2025-07-08T18:43:48.360+0000] {spark_submit.py:644} INFO - 25/07/08 18:43:48 INFO DAGScheduler: Job 0 finished: collect at /opt/bitnami/spark/jobs/process_exercises_job.py:238, took 18.397781 s
[2025-07-08T18:43:48.405+0000] {spark_submit.py:644} INFO - [PROCESS EXERCISES] ✅ Documento processado com sucesso: Op Jacui IV - Ordem de Operacoes.pdf
[2025-07-08T18:43:48.406+0000] {spark_submit.py:644} INFO - [PROCESS EXERCISES] ✅ Processamento de documentos concluído: 1 registros
[2025-07-08T18:43:50.805+0000] {spark_submit.py:644} INFO - 25/07/08 18:43:50 INFO CodeGenerator: Code generated in 14.350483 ms
[2025-07-08T18:43:50.825+0000] {spark_submit.py:644} INFO - 25/07/08 18:43:50 INFO DAGScheduler: Registering RDD 12 (count at NativeMethodAccessorImpl.java:0) as input to shuffle 0
[2025-07-08T18:43:50.849+0000] {spark_submit.py:644} INFO - 25/07/08 18:43:50 INFO DAGScheduler: Got map stage job 1 (count at NativeMethodAccessorImpl.java:0) with 2 output partitions
[2025-07-08T18:43:50.849+0000] {spark_submit.py:644} INFO - 25/07/08 18:43:50 INFO DAGScheduler: Final stage: ShuffleMapStage 1 (count at NativeMethodAccessorImpl.java:0)
[2025-07-08T18:43:50.850+0000] {spark_submit.py:644} INFO - 25/07/08 18:43:50 INFO DAGScheduler: Parents of final stage: List()
[2025-07-08T18:43:50.851+0000] {spark_submit.py:644} INFO - 25/07/08 18:43:50 INFO DAGScheduler: Missing parents: List()
[2025-07-08T18:43:50.851+0000] {spark_submit.py:644} INFO - 25/07/08 18:43:50 INFO DAGScheduler: Submitting ShuffleMapStage 1 (MapPartitionsRDD[12] at count at NativeMethodAccessorImpl.java:0), which has no missing parents
[2025-07-08T18:43:50.867+0000] {spark_submit.py:644} INFO - 25/07/08 18:43:50 INFO MemoryStore: Block broadcast_2 stored as values in memory (estimated size 16.0 KiB, free 434.1 MiB)
[2025-07-08T18:43:51.158+0000] {spark_submit.py:644} INFO - 25/07/08 18:43:51 INFO MemoryStore: Block broadcast_2_piece0 stored as bytes in memory (estimated size 8.4 KiB, free 434.1 MiB)
[2025-07-08T18:43:51.161+0000] {spark_submit.py:644} INFO - 25/07/08 18:43:51 INFO BlockManagerInfo: Added broadcast_2_piece0 in memory on 3748f1b8240a:39593 (size: 8.4 KiB, free: 434.3 MiB)
[2025-07-08T18:43:51.162+0000] {spark_submit.py:644} INFO - 25/07/08 18:43:51 INFO SparkContext: Created broadcast 2 from broadcast at DAGScheduler.scala:1585
[2025-07-08T18:43:51.165+0000] {spark_submit.py:644} INFO - 25/07/08 18:43:51 INFO DAGScheduler: Submitting 2 missing tasks from ShuffleMapStage 1 (MapPartitionsRDD[12] at count at NativeMethodAccessorImpl.java:0) (first 15 tasks are for partitions Vector(0, 1))
[2025-07-08T18:43:51.166+0000] {spark_submit.py:644} INFO - 25/07/08 18:43:51 INFO TaskSchedulerImpl: Adding task set 1.0 with 2 tasks resource profile 0
[2025-07-08T18:43:51.170+0000] {spark_submit.py:644} INFO - 25/07/08 18:43:51 INFO TaskSetManager: Starting task 0.0 in stage 1.0 (TID 1) (172.19.0.8, executor 0, partition 0, PROCESS_LOCAL, 9487 bytes)
[2025-07-08T18:43:51.171+0000] {spark_submit.py:644} INFO - 25/07/08 18:43:51 INFO TaskSetManager: Starting task 1.0 in stage 1.0 (TID 2) (172.19.0.8, executor 0, partition 1, PROCESS_LOCAL, 26221 bytes)
[2025-07-08T18:43:51.185+0000] {spark_submit.py:644} INFO - 25/07/08 18:43:51 INFO BlockManagerInfo: Removed broadcast_0_piece0 on 3748f1b8240a:39593 in memory (size: 35.7 KiB, free: 434.4 MiB)
[2025-07-08T18:43:51.195+0000] {spark_submit.py:644} INFO - 25/07/08 18:43:51 INFO BlockManagerInfo: Removed broadcast_0_piece0 on 172.19.0.8:34059 in memory (size: 35.7 KiB, free: 434.4 MiB)
[2025-07-08T18:43:51.207+0000] {spark_submit.py:644} INFO - 25/07/08 18:43:51 INFO BlockManagerInfo: Removed broadcast_1_piece0 on 3748f1b8240a:39593 in memory (size: 13.6 KiB, free: 434.4 MiB)
[2025-07-08T18:43:51.247+0000] {spark_submit.py:644} INFO - 25/07/08 18:43:51 INFO BlockManagerInfo: Removed broadcast_1_piece0 on 172.19.0.8:34059 in memory (size: 13.6 KiB, free: 434.4 MiB)
[2025-07-08T18:43:51.248+0000] {spark_submit.py:644} INFO - 25/07/08 18:43:51 INFO BlockManagerInfo: Added broadcast_2_piece0 in memory on 172.19.0.8:34059 (size: 8.4 KiB, free: 434.4 MiB)
[2025-07-08T18:43:55.245+0000] {job.py:229} INFO - Heartbeat recovered after 10.63 seconds
[2025-07-08T18:43:56.584+0000] {spark_submit.py:644} INFO - 25/07/08 18:43:56 INFO TaskSetManager: Finished task 1.0 in stage 1.0 (TID 2) in 5414 ms on 172.19.0.8 (executor 0) (1/2)
[2025-07-08T18:43:56.626+0000] {spark_submit.py:644} INFO - 25/07/08 18:43:56 INFO TaskSetManager: Finished task 0.0 in stage 1.0 (TID 1) in 5459 ms on 172.19.0.8 (executor 0) (2/2)
[2025-07-08T18:43:56.627+0000] {spark_submit.py:644} INFO - 25/07/08 18:43:56 INFO TaskSchedulerImpl: Removed TaskSet 1.0, whose tasks have all completed, from pool
[2025-07-08T18:43:56.628+0000] {spark_submit.py:644} INFO - 25/07/08 18:43:56 INFO DAGScheduler: ShuffleMapStage 1 (count at NativeMethodAccessorImpl.java:0) finished in 5.773 s
[2025-07-08T18:43:56.628+0000] {spark_submit.py:644} INFO - 25/07/08 18:43:56 INFO DAGScheduler: looking for newly runnable stages
[2025-07-08T18:43:56.629+0000] {spark_submit.py:644} INFO - 25/07/08 18:43:56 INFO DAGScheduler: running: Set()
[2025-07-08T18:43:56.630+0000] {spark_submit.py:644} INFO - 25/07/08 18:43:56 INFO DAGScheduler: waiting: Set()
[2025-07-08T18:43:56.630+0000] {spark_submit.py:644} INFO - 25/07/08 18:43:56 INFO DAGScheduler: failed: Set()
[2025-07-08T18:43:56.670+0000] {spark_submit.py:644} INFO - 25/07/08 18:43:56 INFO CodeGenerator: Code generated in 12.884917 ms
[2025-07-08T18:43:56.690+0000] {spark_submit.py:644} INFO - 25/07/08 18:43:56 INFO SparkContext: Starting job: count at NativeMethodAccessorImpl.java:0
[2025-07-08T18:43:56.693+0000] {spark_submit.py:644} INFO - 25/07/08 18:43:56 INFO DAGScheduler: Got job 2 (count at NativeMethodAccessorImpl.java:0) with 1 output partitions
[2025-07-08T18:43:56.693+0000] {spark_submit.py:644} INFO - 25/07/08 18:43:56 INFO DAGScheduler: Final stage: ResultStage 3 (count at NativeMethodAccessorImpl.java:0)
[2025-07-08T18:43:56.694+0000] {spark_submit.py:644} INFO - 25/07/08 18:43:56 INFO DAGScheduler: Parents of final stage: List(ShuffleMapStage 2)
[2025-07-08T18:43:56.695+0000] {spark_submit.py:644} INFO - 25/07/08 18:43:56 INFO DAGScheduler: Missing parents: List()
[2025-07-08T18:43:56.695+0000] {spark_submit.py:644} INFO - 25/07/08 18:43:56 INFO DAGScheduler: Submitting ResultStage 3 (MapPartitionsRDD[15] at count at NativeMethodAccessorImpl.java:0), which has no missing parents
[2025-07-08T18:43:56.701+0000] {spark_submit.py:644} INFO - 25/07/08 18:43:56 INFO MemoryStore: Block broadcast_3 stored as values in memory (estimated size 12.5 KiB, free 434.4 MiB)
[2025-07-08T18:43:56.771+0000] {spark_submit.py:644} INFO - 25/07/08 18:43:56 INFO MemoryStore: Block broadcast_3_piece0 stored as bytes in memory (estimated size 5.9 KiB, free 434.4 MiB)
[2025-07-08T18:43:56.772+0000] {spark_submit.py:644} INFO - 25/07/08 18:43:56 INFO BlockManagerInfo: Added broadcast_3_piece0 in memory on 3748f1b8240a:39593 (size: 5.9 KiB, free: 434.4 MiB)
[2025-07-08T18:43:56.773+0000] {spark_submit.py:644} INFO - 25/07/08 18:43:56 INFO BlockManagerInfo: Removed broadcast_2_piece0 on 3748f1b8240a:39593 in memory (size: 8.4 KiB, free: 434.4 MiB)
[2025-07-08T18:43:56.774+0000] {spark_submit.py:644} INFO - 25/07/08 18:43:56 INFO SparkContext: Created broadcast 3 from broadcast at DAGScheduler.scala:1585
[2025-07-08T18:43:56.774+0000] {spark_submit.py:644} INFO - 25/07/08 18:43:56 INFO DAGScheduler: Submitting 1 missing tasks from ResultStage 3 (MapPartitionsRDD[15] at count at NativeMethodAccessorImpl.java:0) (first 15 tasks are for partitions Vector(0))
[2025-07-08T18:43:56.775+0000] {spark_submit.py:644} INFO - 25/07/08 18:43:56 INFO TaskSchedulerImpl: Adding task set 3.0 with 1 tasks resource profile 0
[2025-07-08T18:43:56.776+0000] {spark_submit.py:644} INFO - 25/07/08 18:43:56 INFO BlockManagerInfo: Removed broadcast_2_piece0 on 172.19.0.8:34059 in memory (size: 8.4 KiB, free: 434.4 MiB)
[2025-07-08T18:43:56.779+0000] {spark_submit.py:644} INFO - 25/07/08 18:43:56 INFO TaskSetManager: Starting task 0.0 in stage 3.0 (TID 3) (172.19.0.8, executor 0, partition 0, NODE_LOCAL, 9518 bytes)
[2025-07-08T18:43:56.799+0000] {spark_submit.py:644} INFO - 25/07/08 18:43:56 INFO BlockManagerInfo: Added broadcast_3_piece0 in memory on 172.19.0.8:34059 (size: 5.9 KiB, free: 434.4 MiB)
[2025-07-08T18:43:56.855+0000] {spark_submit.py:644} INFO - 25/07/08 18:43:56 INFO MapOutputTrackerMasterEndpoint: Asked to send map output locations for shuffle 0 to 172.19.0.8:33230
[2025-07-08T18:43:56.936+0000] {spark_submit.py:644} INFO - 25/07/08 18:43:56 INFO TaskSetManager: Finished task 0.0 in stage 3.0 (TID 3) in 158 ms on 172.19.0.8 (executor 0) (1/1)
[2025-07-08T18:43:56.936+0000] {spark_submit.py:644} INFO - 25/07/08 18:43:56 INFO TaskSchedulerImpl: Removed TaskSet 3.0, whose tasks have all completed, from pool
[2025-07-08T18:43:56.937+0000] {spark_submit.py:644} INFO - 25/07/08 18:43:56 INFO DAGScheduler: ResultStage 3 (count at NativeMethodAccessorImpl.java:0) finished in 0.238 s
[2025-07-08T18:43:56.938+0000] {spark_submit.py:644} INFO - 25/07/08 18:43:56 INFO DAGScheduler: Job 2 is finished. Cancelling potential speculative or zombie tasks for this job
[2025-07-08T18:43:56.938+0000] {spark_submit.py:644} INFO - 25/07/08 18:43:56 INFO TaskSchedulerImpl: Killing all running tasks in stage 3: Stage finished
[2025-07-08T18:43:56.939+0000] {spark_submit.py:644} INFO - 25/07/08 18:43:56 INFO DAGScheduler: Job 2 finished: count at NativeMethodAccessorImpl.java:0, took 0.247176 s
[2025-07-08T18:43:56.941+0000] {spark_submit.py:644} INFO - [PROCESS EXERCISES] ℹ️ Salvando 1 registros na tabela nessie.exercises.pdf_documents
[2025-07-08T18:43:57.452+0000] {spark_submit.py:644} INFO - 25/07/08 18:43:57 INFO BaseMetastoreTableOperations: Refreshing table metadata from new version: s3a://warehouse/exercises/pdf_documents_3f2f6938-06f1-4401-a884-d6a6de9720a0/metadata/00027-255b8f01-fbea-4c07-a75f-2b2b4377d827.metadata.json
[2025-07-08T18:43:57.644+0000] {spark_submit.py:644} INFO - 25/07/08 18:43:57 INFO NessieUtil: loadTableMetadata for 'exercises.pdf_documents' from location 's3a://warehouse/exercises/pdf_documents_3f2f6938-06f1-4401-a884-d6a6de9720a0/metadata/00027-255b8f01-fbea-4c07-a75f-2b2b4377d827.metadata.json' at 'Branch{name=main, metadata=null, hash=3dd9edcd94463c953254c948bafd59e493a0d00dc4232cb9b5e249e91014c134}'
[2025-07-08T18:43:57.665+0000] {spark_submit.py:644} INFO - 25/07/08 18:43:57 INFO BaseMetastoreCatalog: Table loaded by catalog: nessie.exercises.pdf_documents
[2025-07-08T18:43:58.318+0000] {spark_submit.py:644} INFO - 25/07/08 18:43:58 INFO BlockManagerInfo: Removed broadcast_3_piece0 on 3748f1b8240a:39593 in memory (size: 5.9 KiB, free: 434.4 MiB)
[2025-07-08T18:43:58.321+0000] {spark_submit.py:644} INFO - 25/07/08 18:43:58 INFO BlockManagerInfo: Removed broadcast_3_piece0 on 172.19.0.8:34059 in memory (size: 5.9 KiB, free: 434.4 MiB)
[2025-07-08T18:43:58.660+0000] {spark_submit.py:644} INFO - 25/07/08 18:43:58 INFO CodeGenerator: Code generated in 49.598724 ms
[2025-07-08T18:43:58.664+0000] {spark_submit.py:644} INFO - [PROCESS EXERCISES] 🔄 Salvando tabela nessie.exercises.pdf_documents em modo append
[2025-07-08T18:43:58.804+0000] {spark_submit.py:644} INFO - 25/07/08 18:43:58 INFO SparkWrite: Requesting 0 bytes advisory partition size for table nessie.exercises.pdf_documents
[2025-07-08T18:43:58.805+0000] {spark_submit.py:644} INFO - 25/07/08 18:43:58 INFO SparkWrite: Requesting UnspecifiedDistribution as write distribution for table nessie.exercises.pdf_documents
[2025-07-08T18:43:58.806+0000] {spark_submit.py:644} INFO - 25/07/08 18:43:58 INFO SparkWrite: Requesting [] as write ordering for table nessie.exercises.pdf_documents
[2025-07-08T18:43:58.836+0000] {spark_submit.py:644} INFO - 25/07/08 18:43:58 INFO CodeGenerator: Code generated in 12.788005 ms
[2025-07-08T18:43:58.850+0000] {spark_submit.py:644} INFO - 25/07/08 18:43:58 INFO MemoryStore: Block broadcast_4 stored as values in memory (estimated size 32.0 KiB, free 434.4 MiB)
[2025-07-08T18:43:58.903+0000] {spark_submit.py:644} INFO - 25/07/08 18:43:58 INFO MemoryStore: Block broadcast_4_piece0 stored as bytes in memory (estimated size 30.1 KiB, free 434.3 MiB)
[2025-07-08T18:43:58.903+0000] {spark_submit.py:644} INFO - 25/07/08 18:43:58 INFO BlockManagerInfo: Added broadcast_4_piece0 in memory on 3748f1b8240a:39593 (size: 30.1 KiB, free: 434.4 MiB)
[2025-07-08T18:43:58.904+0000] {spark_submit.py:644} INFO - 25/07/08 18:43:58 INFO SparkContext: Created broadcast 4 from broadcast at SparkWrite.java:193
[2025-07-08T18:43:58.907+0000] {spark_submit.py:644} INFO - 25/07/08 18:43:58 INFO AppendDataExec: Start processing data source write support: IcebergBatchWrite(table=nessie.exercises.pdf_documents, format=PARQUET). The input RDD has 2 partitions.
[2025-07-08T18:43:58.917+0000] {spark_submit.py:644} INFO - 25/07/08 18:43:58 INFO SparkContext: Starting job: saveAsTable at NativeMethodAccessorImpl.java:0
[2025-07-08T18:43:58.918+0000] {spark_submit.py:644} INFO - 25/07/08 18:43:58 INFO DAGScheduler: Got job 3 (saveAsTable at NativeMethodAccessorImpl.java:0) with 2 output partitions
[2025-07-08T18:43:58.919+0000] {spark_submit.py:644} INFO - 25/07/08 18:43:58 INFO DAGScheduler: Final stage: ResultStage 4 (saveAsTable at NativeMethodAccessorImpl.java:0)
[2025-07-08T18:43:58.919+0000] {spark_submit.py:644} INFO - 25/07/08 18:43:58 INFO DAGScheduler: Parents of final stage: List()
[2025-07-08T18:43:58.920+0000] {spark_submit.py:644} INFO - 25/07/08 18:43:58 INFO DAGScheduler: Missing parents: List()
[2025-07-08T18:43:58.920+0000] {spark_submit.py:644} INFO - 25/07/08 18:43:58 INFO DAGScheduler: Submitting ResultStage 4 (MapPartitionsRDD[16] at saveAsTable at NativeMethodAccessorImpl.java:0), which has no missing parents
[2025-07-08T18:43:58.921+0000] {spark_submit.py:644} INFO - 25/07/08 18:43:58 INFO MemoryStore: Block broadcast_5 stored as values in memory (estimated size 15.1 KiB, free 434.3 MiB)
[2025-07-08T18:43:58.923+0000] {spark_submit.py:644} INFO - 25/07/08 18:43:58 INFO MemoryStore: Block broadcast_5_piece0 stored as bytes in memory (estimated size 7.8 KiB, free 434.3 MiB)
[2025-07-08T18:43:58.924+0000] {spark_submit.py:644} INFO - 25/07/08 18:43:58 INFO BlockManagerInfo: Added broadcast_5_piece0 in memory on 3748f1b8240a:39593 (size: 7.8 KiB, free: 434.4 MiB)
[2025-07-08T18:43:58.924+0000] {spark_submit.py:644} INFO - 25/07/08 18:43:58 INFO SparkContext: Created broadcast 5 from broadcast at DAGScheduler.scala:1585
[2025-07-08T18:43:58.926+0000] {spark_submit.py:644} INFO - 25/07/08 18:43:58 INFO DAGScheduler: Submitting 2 missing tasks from ResultStage 4 (MapPartitionsRDD[16] at saveAsTable at NativeMethodAccessorImpl.java:0) (first 15 tasks are for partitions Vector(0, 1))
[2025-07-08T18:43:58.926+0000] {spark_submit.py:644} INFO - 25/07/08 18:43:58 INFO TaskSchedulerImpl: Adding task set 4.0 with 2 tasks resource profile 0
[2025-07-08T18:43:58.928+0000] {spark_submit.py:644} INFO - 25/07/08 18:43:58 INFO TaskSetManager: Starting task 0.0 in stage 4.0 (TID 4) (172.19.0.8, executor 0, partition 0, PROCESS_LOCAL, 9498 bytes)
[2025-07-08T18:43:58.928+0000] {spark_submit.py:644} INFO - 25/07/08 18:43:58 INFO TaskSetManager: Starting task 1.0 in stage 4.0 (TID 5) (172.19.0.8, executor 0, partition 1, PROCESS_LOCAL, 26232 bytes)
[2025-07-08T18:43:58.954+0000] {spark_submit.py:644} INFO - 25/07/08 18:43:58 INFO BlockManagerInfo: Added broadcast_5_piece0 in memory on 172.19.0.8:34059 (size: 7.8 KiB, free: 434.4 MiB)
[2025-07-08T18:43:59.018+0000] {spark_submit.py:644} INFO - 25/07/08 18:43:59 INFO BlockManagerInfo: Added broadcast_4_piece0 in memory on 172.19.0.8:34059 (size: 30.1 KiB, free: 434.4 MiB)
[2025-07-08T18:43:59.962+0000] {spark_submit.py:644} INFO - 25/07/08 18:43:59 INFO TaskSetManager: Finished task 0.0 in stage 4.0 (TID 4) in 1035 ms on 172.19.0.8 (executor 0) (1/2)
[2025-07-08T18:44:00.607+0000] {spark_submit.py:644} INFO - 25/07/08 18:44:00 INFO TaskSetManager: Finished task 1.0 in stage 4.0 (TID 5) in 1678 ms on 172.19.0.8 (executor 0) (2/2)
[2025-07-08T18:44:00.608+0000] {spark_submit.py:644} INFO - 25/07/08 18:44:00 INFO TaskSchedulerImpl: Removed TaskSet 4.0, whose tasks have all completed, from pool
[2025-07-08T18:44:00.611+0000] {spark_submit.py:644} INFO - 25/07/08 18:44:00 INFO DAGScheduler: ResultStage 4 (saveAsTable at NativeMethodAccessorImpl.java:0) finished in 1.688 s
[2025-07-08T18:44:00.611+0000] {spark_submit.py:644} INFO - 25/07/08 18:44:00 INFO DAGScheduler: Job 3 is finished. Cancelling potential speculative or zombie tasks for this job
[2025-07-08T18:44:00.612+0000] {spark_submit.py:644} INFO - 25/07/08 18:44:00 INFO TaskSchedulerImpl: Killing all running tasks in stage 4: Stage finished
[2025-07-08T18:44:00.612+0000] {spark_submit.py:644} INFO - 25/07/08 18:44:00 INFO DAGScheduler: Job 3 finished: saveAsTable at NativeMethodAccessorImpl.java:0, took 1.691846 s
[2025-07-08T18:44:00.613+0000] {spark_submit.py:644} INFO - 25/07/08 18:44:00 INFO AppendDataExec: Data source write support IcebergBatchWrite(table=nessie.exercises.pdf_documents, format=PARQUET) is committing.
[2025-07-08T18:44:00.670+0000] {spark_submit.py:644} INFO - 25/07/08 18:44:00 INFO SparkWrite: Committing append with 1 new data files to table nessie.exercises.pdf_documents
[2025-07-08T18:44:02.049+0000] {spark_submit.py:644} INFO - 25/07/08 18:44:02 INFO NessieIcebergClient: Committed 'exercises.pdf_documents' against 'Branch{name=main, metadata=null, hash=20c19444563249da4e60ace1103f6352f3c46ea5294043eef6e9773431dbdbe6}', expected commit-id was '3dd9edcd94463c953254c948bafd59e493a0d00dc4232cb9b5e249e91014c134'
[2025-07-08T18:44:02.050+0000] {spark_submit.py:644} INFO - 25/07/08 18:44:02 INFO BaseMetastoreTableOperations: Successfully committed to table exercises.pdf_documents in 388 ms
[2025-07-08T18:44:02.050+0000] {spark_submit.py:644} INFO - 25/07/08 18:44:02 INFO SnapshotProducer: Committed snapshot 4597426790097591945 (MergeAppend)
[2025-07-08T18:44:02.106+0000] {spark_submit.py:644} INFO - 25/07/08 18:44:02 INFO BaseMetastoreTableOperations: Refreshing table metadata from new version: s3a://warehouse/exercises/pdf_documents_3f2f6938-06f1-4401-a884-d6a6de9720a0/metadata/00028-2022c0ef-fe83-4926-857c-952e2d2d6764.metadata.json
[2025-07-08T18:44:02.119+0000] {spark_submit.py:644} INFO - 25/07/08 18:44:02 INFO NessieUtil: loadTableMetadata for 'exercises.pdf_documents' from location 's3a://warehouse/exercises/pdf_documents_3f2f6938-06f1-4401-a884-d6a6de9720a0/metadata/00028-2022c0ef-fe83-4926-857c-952e2d2d6764.metadata.json' at 'Branch{name=main, metadata=null, hash=20c19444563249da4e60ace1103f6352f3c46ea5294043eef6e9773431dbdbe6}'
[2025-07-08T18:44:02.154+0000] {spark_submit.py:644} INFO - 25/07/08 18:44:02 INFO LoggingMetricsReporter: Received metrics report: CommitReport{tableName=nessie.exercises.pdf_documents, snapshotId=4597426790097591945, sequenceNumber=29, operation=append, commitMetrics=CommitMetricsResult{totalDuration=TimerResult{timeUnit=NANOSECONDS, totalDuration=PT1.383240887S, count=1}, attempts=CounterResult{unit=COUNT, value=1}, addedDataFiles=CounterResult{unit=COUNT, value=1}, removedDataFiles=null, totalDataFiles=CounterResult{unit=COUNT, value=29}, addedDeleteFiles=null, addedEqualityDeleteFiles=null, addedPositionalDeleteFiles=null, addedDVs=null, removedDeleteFiles=null, removedEqualityDeleteFiles=null, removedPositionalDeleteFiles=null, removedDVs=null, totalDeleteFiles=CounterResult{unit=COUNT, value=0}, addedRecords=CounterResult{unit=COUNT, value=1}, removedRecords=null, totalRecords=CounterResult{unit=COUNT, value=29}, addedFilesSizeInBytes=CounterResult{unit=BYTES, value=8843}, removedFilesSizeInBytes=null, totalFilesSizeInBytes=CounterResult{unit=BYTES, value=226818}, addedPositionalDeletes=null, removedPositionalDeletes=null, totalPositionalDeletes=CounterResult{unit=COUNT, value=0}, addedEqualityDeletes=null, removedEqualityDeletes=null, totalEqualityDeletes=CounterResult{unit=COUNT, value=0}}, metadata={engine-version=3.5.5, app-id=app-20250708184320-0017, engine-name=spark, iceberg-version=Apache Iceberg 1.8.1 (commit 9ce0fcf0af7becf25ad9fc996c3bad2afdcfd33d)}}
[2025-07-08T18:44:02.155+0000] {spark_submit.py:644} INFO - 25/07/08 18:44:02 INFO SparkWrite: Committed in 1482 ms
[2025-07-08T18:44:02.156+0000] {spark_submit.py:644} INFO - 25/07/08 18:44:02 INFO AppendDataExec: Data source write support IcebergBatchWrite(table=nessie.exercises.pdf_documents, format=PARQUET) committed.
[2025-07-08T18:44:02.156+0000] {spark_submit.py:644} INFO - [PROCESS EXERCISES] ✅ Tabela nessie.exercises.pdf_documents salva com sucesso (1 registros)
[2025-07-08T18:44:02.157+0000] {spark_submit.py:644} INFO - [PROCESS EXERCISES] 🔄 === FASE 2: PROCESSAMENTO DE SIMULAÇÕES ===
[2025-07-08T18:44:02.157+0000] {spark_submit.py:644} INFO - [PROCESS EXERCISES] 🔄 Iniciando processamento de simulações
[2025-07-08T18:44:02.158+0000] {spark_submit.py:644} INFO - [PROCESS EXERCISES] ℹ️ Buscando arquivos de simulação em: exercises/CA-LESTE-construtiva-4DE-2025-07-08/simulations/172.19.0.14_2025-07-08
[2025-07-08T18:44:02.158+0000] {spark_submit.py:644} INFO - [PROCESS EXERCISES] ℹ️ Buscando arquivos em: s3a://bronze/exercises/CA-LESTE-construtiva-4DE-2025-07-08/simulations/172.19.0.14_2025-07-08/
[2025-07-08T18:44:02.191+0000] {spark_submit.py:644} INFO - 25/07/08 18:44:02 INFO InMemoryFileIndex: It took 8 ms to list leaf files for 1 paths.
[2025-07-08T18:44:02.216+0000] {spark_submit.py:644} INFO - 25/07/08 18:44:02 INFO FileSourceStrategy: Pushed Filters:
[2025-07-08T18:44:02.217+0000] {spark_submit.py:644} INFO - 25/07/08 18:44:02 INFO FileSourceStrategy: Post-Scan Filters:
[2025-07-08T18:44:02.263+0000] {spark_submit.py:644} INFO - 25/07/08 18:44:02 INFO BlockManagerInfo: Removed broadcast_5_piece0 on 3748f1b8240a:39593 in memory (size: 7.8 KiB, free: 434.4 MiB)
[2025-07-08T18:44:02.265+0000] {spark_submit.py:644} INFO - 25/07/08 18:44:02 INFO MemoryStore: Block broadcast_6 stored as values in memory (estimated size 203.7 KiB, free 434.1 MiB)
[2025-07-08T18:44:02.267+0000] {spark_submit.py:644} INFO - 25/07/08 18:44:02 INFO BlockManagerInfo: Removed broadcast_5_piece0 on 172.19.0.8:34059 in memory (size: 7.8 KiB, free: 434.4 MiB)
[2025-07-08T18:44:02.275+0000] {spark_submit.py:644} INFO - 25/07/08 18:44:02 INFO BlockManagerInfo: Removed broadcast_4_piece0 on 3748f1b8240a:39593 in memory (size: 30.1 KiB, free: 434.4 MiB)
[2025-07-08T18:44:02.277+0000] {spark_submit.py:644} INFO - 25/07/08 18:44:02 INFO BlockManagerInfo: Removed broadcast_4_piece0 on 172.19.0.8:34059 in memory (size: 30.1 KiB, free: 434.4 MiB)
[2025-07-08T18:44:02.280+0000] {spark_submit.py:644} INFO - 25/07/08 18:44:02 INFO MemoryStore: Block broadcast_6_piece0 stored as bytes in memory (estimated size 35.7 KiB, free 434.2 MiB)
[2025-07-08T18:44:02.282+0000] {spark_submit.py:644} INFO - 25/07/08 18:44:02 INFO BlockManagerInfo: Added broadcast_6_piece0 in memory on 3748f1b8240a:39593 (size: 35.7 KiB, free: 434.4 MiB)
[2025-07-08T18:44:02.283+0000] {spark_submit.py:644} INFO - 25/07/08 18:44:02 INFO SparkContext: Created broadcast 6 from collect at /opt/bitnami/spark/jobs/process_exercises_job.py:430
[2025-07-08T18:44:02.284+0000] {spark_submit.py:644} INFO - 25/07/08 18:44:02 INFO FileSourceScanExec: Planning scan with bin packing, max size: 10487545 bytes, open cost is considered as scanning 4194304 bytes.
[2025-07-08T18:44:02.304+0000] {spark_submit.py:644} INFO - 25/07/08 18:44:02 INFO SparkContext: Starting job: collect at /opt/bitnami/spark/jobs/process_exercises_job.py:430
[2025-07-08T18:44:02.305+0000] {spark_submit.py:644} INFO - 25/07/08 18:44:02 INFO DAGScheduler: Got job 4 (collect at /opt/bitnami/spark/jobs/process_exercises_job.py:430) with 2 output partitions
[2025-07-08T18:44:02.306+0000] {spark_submit.py:644} INFO - 25/07/08 18:44:02 INFO DAGScheduler: Final stage: ResultStage 5 (collect at /opt/bitnami/spark/jobs/process_exercises_job.py:430)
[2025-07-08T18:44:02.306+0000] {spark_submit.py:644} INFO - 25/07/08 18:44:02 INFO DAGScheduler: Parents of final stage: List()
[2025-07-08T18:44:02.307+0000] {spark_submit.py:644} INFO - 25/07/08 18:44:02 INFO DAGScheduler: Missing parents: List()
[2025-07-08T18:44:02.308+0000] {spark_submit.py:644} INFO - 25/07/08 18:44:02 INFO DAGScheduler: Submitting ResultStage 5 (MapPartitionsRDD[19] at collect at /opt/bitnami/spark/jobs/process_exercises_job.py:430), which has no missing parents
[2025-07-08T18:44:02.349+0000] {spark_submit.py:644} INFO - 25/07/08 18:44:02 INFO MemoryStore: Block broadcast_7 stored as values in memory (estimated size 9.4 KiB, free 434.2 MiB)
[2025-07-08T18:44:02.380+0000] {spark_submit.py:644} INFO - 25/07/08 18:44:02 INFO MemoryStore: Block broadcast_7_piece0 stored as bytes in memory (estimated size 4.7 KiB, free 434.2 MiB)
[2025-07-08T18:44:02.382+0000] {spark_submit.py:644} INFO - 25/07/08 18:44:02 INFO BlockManagerInfo: Added broadcast_7_piece0 in memory on 3748f1b8240a:39593 (size: 4.7 KiB, free: 434.4 MiB)
[2025-07-08T18:44:02.382+0000] {spark_submit.py:644} INFO - 25/07/08 18:44:02 INFO SparkContext: Created broadcast 7 from broadcast at DAGScheduler.scala:1585
[2025-07-08T18:44:02.383+0000] {spark_submit.py:644} INFO - 25/07/08 18:44:02 INFO DAGScheduler: Submitting 2 missing tasks from ResultStage 5 (MapPartitionsRDD[19] at collect at /opt/bitnami/spark/jobs/process_exercises_job.py:430) (first 15 tasks are for partitions Vector(0, 1))
[2025-07-08T18:44:02.384+0000] {spark_submit.py:644} INFO - 25/07/08 18:44:02 INFO TaskSchedulerImpl: Adding task set 5.0 with 2 tasks resource profile 0
[2025-07-08T18:44:02.385+0000] {spark_submit.py:644} INFO - 25/07/08 18:44:02 INFO TaskSetManager: Starting task 0.0 in stage 5.0 (TID 6) (172.19.0.8, executor 0, partition 0, PROCESS_LOCAL, 10561 bytes)
[2025-07-08T18:44:02.386+0000] {spark_submit.py:644} INFO - 25/07/08 18:44:02 INFO TaskSetManager: Starting task 1.0 in stage 5.0 (TID 7) (172.19.0.8, executor 0, partition 1, PROCESS_LOCAL, 10380 bytes)
[2025-07-08T18:44:02.403+0000] {spark_submit.py:644} INFO - 25/07/08 18:44:02 INFO BlockManagerInfo: Added broadcast_7_piece0 in memory on 172.19.0.8:34059 (size: 4.7 KiB, free: 434.4 MiB)
[2025-07-08T18:44:02.451+0000] {spark_submit.py:644} INFO - 25/07/08 18:44:02 INFO BlockManagerInfo: Added broadcast_6_piece0 in memory on 172.19.0.8:34059 (size: 35.7 KiB, free: 434.4 MiB)
[2025-07-08T18:44:02.496+0000] {spark_submit.py:644} INFO - 25/07/08 18:44:02 INFO TaskSetManager: Finished task 1.0 in stage 5.0 (TID 7) in 111 ms on 172.19.0.8 (executor 0) (1/2)
[2025-07-08T18:44:02.498+0000] {spark_submit.py:644} INFO - 25/07/08 18:44:02 INFO TaskSetManager: Finished task 0.0 in stage 5.0 (TID 6) in 113 ms on 172.19.0.8 (executor 0) (2/2)
[2025-07-08T18:44:02.498+0000] {spark_submit.py:644} INFO - 25/07/08 18:44:02 INFO TaskSchedulerImpl: Removed TaskSet 5.0, whose tasks have all completed, from pool
[2025-07-08T18:44:02.499+0000] {spark_submit.py:644} INFO - 25/07/08 18:44:02 INFO DAGScheduler: ResultStage 5 (collect at /opt/bitnami/spark/jobs/process_exercises_job.py:430) finished in 0.191 s
[2025-07-08T18:44:02.500+0000] {spark_submit.py:644} INFO - 25/07/08 18:44:02 INFO DAGScheduler: Job 4 is finished. Cancelling potential speculative or zombie tasks for this job
[2025-07-08T18:44:02.501+0000] {spark_submit.py:644} INFO - 25/07/08 18:44:02 INFO TaskSchedulerImpl: Killing all running tasks in stage 5: Stage finished
[2025-07-08T18:44:02.501+0000] {spark_submit.py:644} INFO - 25/07/08 18:44:02 INFO DAGScheduler: Job 4 finished: collect at /opt/bitnami/spark/jobs/process_exercises_job.py:430, took 0.195636 s
[2025-07-08T18:44:02.548+0000] {spark_submit.py:644} INFO - [PROCESS EXERCISES] ℹ️ Encontrados 4 arquivos Protobuf (.pb)
[2025-07-08T18:44:02.548+0000] {spark_submit.py:644} INFO - [PROCESS EXERCISES] ℹ️ Encontrados 4 arquivos do tipo PROTO
[2025-07-08T18:44:02.549+0000] {spark_submit.py:644} INFO - [PROCESS EXERCISES] 🔄 Processando 4 arquivos Protobuf
[2025-07-08T18:44:02.549+0000] {spark_submit.py:644} INFO - [PROCESS EXERCISES] ℹ️ Processando arquivo Protobuf: s3a://bronze/exercises/CA-LESTE-construtiva-4DE-2025-07-08/simulations/172.19.0.14_2025-07-08/18-25.56/session-proto_3.pb
[2025-07-08T18:44:02.576+0000] {spark_submit.py:644} INFO - 25/07/08 18:44:02 INFO InMemoryFileIndex: It took 10 ms to list leaf files for 1 paths.
[2025-07-08T18:44:02.768+0000] {spark_submit.py:644} INFO - ======Column<'proto_data[0]'>======
[2025-07-08T18:44:02.875+0000] {spark_submit.py:644} INFO - ======Column<'timestamp[0]'>======
[2025-07-08T18:44:02.875+0000] {spark_submit.py:644} INFO - [PROCESS EXERCISES] ❌ Erro crítico ao processar arquivo Protobuf s3a://bronze/exercises/CA-LESTE-construtiva-4DE-2025-07-08/simulations/172.19.0.14_2025-07-08/18-25.56/session-proto_3.pb: No active exception to reraise
[2025-07-08T18:44:02.876+0000] {spark_submit.py:644} INFO - [PROCESS EXERCISES] ❌ Erro crítico no processamento de simulações: Falha no processamento Protobuf: No active exception to reraise
[2025-07-08T18:44:02.877+0000] {spark_submit.py:644} INFO - [PROCESS EXERCISES] ❌ Erro crítico durante o processamento: Falha no processamento de simulações: Falha no processamento Protobuf: No active exception to reraise
[2025-07-08T18:44:02.877+0000] {spark_submit.py:644} INFO - [PROCESS EXERCISES] 🔄 Finalizando sessão Spark
[2025-07-08T18:44:02.878+0000] {spark_submit.py:644} INFO - 25/07/08 18:44:02 INFO SparkContext: SparkContext is stopping with exitCode 0.
[2025-07-08T18:44:02.883+0000] {spark_submit.py:644} INFO - 25/07/08 18:44:02 INFO SparkUI: Stopped Spark web UI at http://3748f1b8240a:4040
[2025-07-08T18:44:02.886+0000] {spark_submit.py:644} INFO - 25/07/08 18:44:02 INFO StandaloneSchedulerBackend: Shutting down all executors
[2025-07-08T18:44:02.887+0000] {spark_submit.py:644} INFO - 25/07/08 18:44:02 INFO StandaloneSchedulerBackend$StandaloneDriverEndpoint: Asking each executor to shut down
[2025-07-08T18:44:02.905+0000] {spark_submit.py:644} INFO - 25/07/08 18:44:02 INFO MapOutputTrackerMasterEndpoint: MapOutputTrackerMasterEndpoint stopped!
[2025-07-08T18:44:02.924+0000] {spark_submit.py:644} INFO - 25/07/08 18:44:02 INFO MemoryStore: MemoryStore cleared
[2025-07-08T18:44:02.925+0000] {spark_submit.py:644} INFO - 25/07/08 18:44:02 INFO BlockManager: BlockManager stopped
[2025-07-08T18:44:02.949+0000] {spark_submit.py:644} INFO - 25/07/08 18:44:02 INFO BlockManagerMaster: BlockManagerMaster stopped
[2025-07-08T18:44:02.952+0000] {spark_submit.py:644} INFO - 25/07/08 18:44:02 INFO OutputCommitCoordinator$OutputCommitCoordinatorEndpoint: OutputCommitCoordinator stopped!
[2025-07-08T18:44:02.963+0000] {spark_submit.py:644} INFO - 25/07/08 18:44:02 INFO SparkContext: Successfully stopped SparkContext
[2025-07-08T18:44:03.614+0000] {spark_submit.py:644} INFO - [PROCESS EXERCISES] ✅ Sessão Spark finalizada com sucesso
[2025-07-08T18:44:03.723+0000] {spark_submit.py:644} INFO - 25/07/08 18:44:03 INFO ShutdownHookManager: Shutdown hook called
[2025-07-08T18:44:03.723+0000] {spark_submit.py:644} INFO - 25/07/08 18:44:03 INFO ShutdownHookManager: Deleting directory /tmp/spark-aa4bb90e-8dd7-4908-9065-eed0c68c7ad7
[2025-07-08T18:44:03.729+0000] {spark_submit.py:644} INFO - 25/07/08 18:44:03 INFO ShutdownHookManager: Deleting directory /tmp/spark-202c5c00-e6f8-42df-9117-d9aef9573f15
[2025-07-08T18:44:03.735+0000] {spark_submit.py:644} INFO - 25/07/08 18:44:03 INFO ShutdownHookManager: Deleting directory /tmp/spark-aa4bb90e-8dd7-4908-9065-eed0c68c7ad7/pyspark-faf53e37-7dad-4a99-9a3d-a780c464832c
[2025-07-08T18:44:03.817+0000] {spark_submit.py:644} INFO - 25/07/08 18:44:03 INFO MetricsSystemImpl: Stopping s3a-file-system metrics system...
[2025-07-08T18:44:03.820+0000] {spark_submit.py:644} INFO - 25/07/08 18:44:03 INFO MetricsSystemImpl: s3a-file-system metrics system stopped.
[2025-07-08T18:44:03.822+0000] {spark_submit.py:644} INFO - 25/07/08 18:44:03 INFO MetricsSystemImpl: s3a-file-system metrics system shutdown complete.
[2025-07-08T18:44:04.268+0000] {taskinstance.py:3336} ERROR - Task failed with exception
Traceback (most recent call last):
  File "/home/airflow/.local/lib/python3.12/site-packages/airflow/models/taskinstance.py", line 776, in _execute_task
    result = _execute_callable(context=context, **execute_callable_kwargs)
             ^^^^^^^^^^^^^^^^^^^^^^^^^^^^^^^^^^^^^^^^^^^^^^^^^^^^^^^^^^^^^
  File "/home/airflow/.local/lib/python3.12/site-packages/airflow/models/taskinstance.py", line 742, in _execute_callable
    return ExecutionCallableRunner(
           ^^^^^^^^^^^^^^^^^^^^^^^^
  File "/home/airflow/.local/lib/python3.12/site-packages/airflow/utils/operator_helpers.py", line 252, in run
    return self.func(*args, **kwargs)
           ^^^^^^^^^^^^^^^^^^^^^^^^^^
  File "/home/airflow/.local/lib/python3.12/site-packages/airflow/models/baseoperator.py", line 424, in wrapper
    return func(self, *args, **kwargs)
           ^^^^^^^^^^^^^^^^^^^^^^^^^^^
  File "/home/airflow/.local/lib/python3.12/site-packages/airflow/providers/apache/spark/operators/spark_submit.py", line 197, in execute
    self._hook.submit(self.application)
  File "/home/airflow/.local/lib/python3.12/site-packages/airflow/providers/apache/spark/hooks/spark_submit.py", line 566, in submit
    raise AirflowException(
airflow.exceptions.AirflowException: Cannot execute: spark-submit --master spark://spark-master:7077 --jars /opt/bitnami/spark/jars/iceberg-spark-runtime-3.5_2.12-1.8.1.jar,/opt/bitnami/spark/jars/nessie-spark-extensions-3.5_2.12-0.103.2.jar,/opt/bitnami/spark/jars/nessie-client-0.103.2.jar,/opt/bitnami/spark/jars/hadoop-aws-3.3.2.jar,/opt/bitnami/spark/jars/aws-java-sdk-bundle-1.12.262.jar, --name arrow-spark --deploy-mode client /opt/bitnami/spark/jobs/process_exercises_job.py {"id": "CA-LESTE-construtiva-4DE-2025-07-08", "manifest_entry": {"data": {"createdAt": "2025-07-08T18:27:58.496Z", "origin": "CA-LESTE", "path": "exercises/CA-LESTE-construtiva-4DE-2025-07-08"}, "id": "CA-LESTE-construtiva-4DE-2025-07-08"}, "metadata": {"createdAt": "2025-07-08T18:27:58.496Z", "description": "4DE", "documents": [{"description": "", "id": "1751999288885", "mimetype": "application/pdf", "name": "Op Jacui IV - Ordem de Operacoes.pdf", "path": "exercises/CA-LESTE-construtiva-4DE-2025-07-08/documents/Op Jacui IV - Ordem de Operacoes.pdf", "size": 336744, "uploadedAt": "2025-07-08T18:28:08.885Z"}], "endDate": "2025-07-10", "id": "CA-LESTE-construtiva-4DE-2025-07-08", "name": "Jogo de Guerra", "origin": "CA-LESTE", "simulationType": "construtiva", "simulations": [{"id": "172.19.0.14_2025-07-08", "movedAt": "2025-07-08T18:28:17.872Z", "name": "172.19.0.14_2025-07-08", "originalPath": "staging/172.19.0.14_2025-07-08", "path": "exercises/CA-LESTE-construtiva-4DE-2025-07-08/simulations/172.19.0.14_2025-07-08"}], "startDate": "2025-07-08", "trainedForce": "4 Divis\u00e3o de Ex\u00e9rcito", "updatedAt": "2025-07-08T18:28:17.873Z", "wikiUrl": ""}}. Error code is: 1.
[2025-07-08T18:44:04.273+0000] {taskinstance.py:1242} INFO - Marking task as FAILED. dag_id=process_exercises, task_id=process_exercises, run_id=manual__2025-07-08T18:43:08.436982+00:00, execution_date=20250708T184308, start_date=20250708T184313, end_date=20250708T184404
[2025-07-08T18:44:04.432+0000] {taskinstance.py:349} INFO - ::group::Post task execution logs
[2025-07-08T18:44:04.435+0000] {standard_task_runner.py:124} ERROR - Failed to execute job 183 for task process_exercises (Cannot execute: spark-submit --master spark://spark-master:7077 --jars /opt/bitnami/spark/jars/iceberg-spark-runtime-3.5_2.12-1.8.1.jar,/opt/bitnami/spark/jars/nessie-spark-extensions-3.5_2.12-0.103.2.jar,/opt/bitnami/spark/jars/nessie-client-0.103.2.jar,/opt/bitnami/spark/jars/hadoop-aws-3.3.2.jar,/opt/bitnami/spark/jars/aws-java-sdk-bundle-1.12.262.jar, --name arrow-spark --deploy-mode client /opt/bitnami/spark/jobs/process_exercises_job.py {"id": "CA-LESTE-construtiva-4DE-2025-07-08", "manifest_entry": {"data": {"createdAt": "2025-07-08T18:27:58.496Z", "origin": "CA-LESTE", "path": "exercises/CA-LESTE-construtiva-4DE-2025-07-08"}, "id": "CA-LESTE-construtiva-4DE-2025-07-08"}, "metadata": {"createdAt": "2025-07-08T18:27:58.496Z", "description": "4DE", "documents": [{"description": "", "id": "1751999288885", "mimetype": "application/pdf", "name": "Op Jacui IV - Ordem de Operacoes.pdf", "path": "exercises/CA-LESTE-construtiva-4DE-2025-07-08/documents/Op Jacui IV - Ordem de Operacoes.pdf", "size": 336744, "uploadedAt": "2025-07-08T18:28:08.885Z"}], "endDate": "2025-07-10", "id": "CA-LESTE-construtiva-4DE-2025-07-08", "name": "Jogo de Guerra", "origin": "CA-LESTE", "simulationType": "construtiva", "simulations": [{"id": "172.19.0.14_2025-07-08", "movedAt": "2025-07-08T18:28:17.872Z", "name": "172.19.0.14_2025-07-08", "originalPath": "staging/172.19.0.14_2025-07-08", "path": "exercises/CA-LESTE-construtiva-4DE-2025-07-08/simulations/172.19.0.14_2025-07-08"}], "startDate": "2025-07-08", "trainedForce": "4 Divis\u00e3o de Ex\u00e9rcito", "updatedAt": "2025-07-08T18:28:17.873Z", "wikiUrl": ""}}. Error code is: 1.; 11443)
Traceback (most recent call last):
  File "/home/airflow/.local/lib/python3.12/site-packages/airflow/task/task_runner/standard_task_runner.py", line 117, in _start_by_fork
    ret = args.func(args, dag=self.dag)
          ^^^^^^^^^^^^^^^^^^^^^^^^^^^^^
  File "/home/airflow/.local/lib/python3.12/site-packages/airflow/cli/cli_config.py", line 49, in command
    return func(*args, **kwargs)
           ^^^^^^^^^^^^^^^^^^^^^
  File "/home/airflow/.local/lib/python3.12/site-packages/airflow/utils/cli.py", line 116, in wrapper
    return f(*args, **kwargs)
           ^^^^^^^^^^^^^^^^^^
  File "/home/airflow/.local/lib/python3.12/site-packages/airflow/cli/commands/task_command.py", line 483, in task_run
    task_return_code = _run_task_by_selected_method(args, _dag, ti)
                       ^^^^^^^^^^^^^^^^^^^^^^^^^^^^^^^^^^^^^^^^^^^^
  File "/home/airflow/.local/lib/python3.12/site-packages/airflow/cli/commands/task_command.py", line 256, in _run_task_by_selected_method
    return _run_raw_task(args, ti)
           ^^^^^^^^^^^^^^^^^^^^^^^
  File "/home/airflow/.local/lib/python3.12/site-packages/airflow/cli/commands/task_command.py", line 341, in _run_raw_task
    return ti._run_raw_task(
           ^^^^^^^^^^^^^^^^^
  File "/home/airflow/.local/lib/python3.12/site-packages/airflow/utils/session.py", line 97, in wrapper
    return func(*args, session=session, **kwargs)
           ^^^^^^^^^^^^^^^^^^^^^^^^^^^^^^^^^^^^^^
  File "/home/airflow/.local/lib/python3.12/site-packages/airflow/models/taskinstance.py", line 3029, in _run_raw_task
    return _run_raw_task(
           ^^^^^^^^^^^^^^
  File "/home/airflow/.local/lib/python3.12/site-packages/airflow/models/taskinstance.py", line 282, in _run_raw_task
    TaskInstance._execute_task_with_callbacks(
  File "/home/airflow/.local/lib/python3.12/site-packages/airflow/models/taskinstance.py", line 3184, in _execute_task_with_callbacks
    result = self._execute_task(context, task_orig)
             ^^^^^^^^^^^^^^^^^^^^^^^^^^^^^^^^^^^^^^
  File "/home/airflow/.local/lib/python3.12/site-packages/airflow/models/taskinstance.py", line 3208, in _execute_task
    return _execute_task(self, context, task_orig)
           ^^^^^^^^^^^^^^^^^^^^^^^^^^^^^^^^^^^^^^^
  File "/home/airflow/.local/lib/python3.12/site-packages/airflow/models/taskinstance.py", line 776, in _execute_task
    result = _execute_callable(context=context, **execute_callable_kwargs)
             ^^^^^^^^^^^^^^^^^^^^^^^^^^^^^^^^^^^^^^^^^^^^^^^^^^^^^^^^^^^^^
  File "/home/airflow/.local/lib/python3.12/site-packages/airflow/models/taskinstance.py", line 742, in _execute_callable
    return ExecutionCallableRunner(
           ^^^^^^^^^^^^^^^^^^^^^^^^
  File "/home/airflow/.local/lib/python3.12/site-packages/airflow/utils/operator_helpers.py", line 252, in run
    return self.func(*args, **kwargs)
           ^^^^^^^^^^^^^^^^^^^^^^^^^^
  File "/home/airflow/.local/lib/python3.12/site-packages/airflow/models/baseoperator.py", line 424, in wrapper
    return func(self, *args, **kwargs)
           ^^^^^^^^^^^^^^^^^^^^^^^^^^^
  File "/home/airflow/.local/lib/python3.12/site-packages/airflow/providers/apache/spark/operators/spark_submit.py", line 197, in execute
    self._hook.submit(self.application)
  File "/home/airflow/.local/lib/python3.12/site-packages/airflow/providers/apache/spark/hooks/spark_submit.py", line 566, in submit
    raise AirflowException(
airflow.exceptions.AirflowException: Cannot execute: spark-submit --master spark://spark-master:7077 --jars /opt/bitnami/spark/jars/iceberg-spark-runtime-3.5_2.12-1.8.1.jar,/opt/bitnami/spark/jars/nessie-spark-extensions-3.5_2.12-0.103.2.jar,/opt/bitnami/spark/jars/nessie-client-0.103.2.jar,/opt/bitnami/spark/jars/hadoop-aws-3.3.2.jar,/opt/bitnami/spark/jars/aws-java-sdk-bundle-1.12.262.jar, --name arrow-spark --deploy-mode client /opt/bitnami/spark/jobs/process_exercises_job.py {"id": "CA-LESTE-construtiva-4DE-2025-07-08", "manifest_entry": {"data": {"createdAt": "2025-07-08T18:27:58.496Z", "origin": "CA-LESTE", "path": "exercises/CA-LESTE-construtiva-4DE-2025-07-08"}, "id": "CA-LESTE-construtiva-4DE-2025-07-08"}, "metadata": {"createdAt": "2025-07-08T18:27:58.496Z", "description": "4DE", "documents": [{"description": "", "id": "1751999288885", "mimetype": "application/pdf", "name": "Op Jacui IV - Ordem de Operacoes.pdf", "path": "exercises/CA-LESTE-construtiva-4DE-2025-07-08/documents/Op Jacui IV - Ordem de Operacoes.pdf", "size": 336744, "uploadedAt": "2025-07-08T18:28:08.885Z"}], "endDate": "2025-07-10", "id": "CA-LESTE-construtiva-4DE-2025-07-08", "name": "Jogo de Guerra", "origin": "CA-LESTE", "simulationType": "construtiva", "simulations": [{"id": "172.19.0.14_2025-07-08", "movedAt": "2025-07-08T18:28:17.872Z", "name": "172.19.0.14_2025-07-08", "originalPath": "staging/172.19.0.14_2025-07-08", "path": "exercises/CA-LESTE-construtiva-4DE-2025-07-08/simulations/172.19.0.14_2025-07-08"}], "startDate": "2025-07-08", "trainedForce": "4 Divis\u00e3o de Ex\u00e9rcito", "updatedAt": "2025-07-08T18:28:17.873Z", "wikiUrl": ""}}. Error code is: 1.
[2025-07-08T18:44:04.474+0000] {local_task_job_runner.py:266} INFO - Task exited with return code 1
[2025-07-08T18:44:04.513+0000] {taskinstance.py:3924} INFO - 0 downstream tasks scheduled from follow-on schedule check
[2025-07-08T18:44:04.538+0000] {local_task_job_runner.py:245} INFO - ::endgroup::
