[2025-07-09T12:08:44.764+0000] {local_task_job_runner.py:123} INFO - ::group::Pre task execution logs
[2025-07-09T12:08:44.807+0000] {taskinstance.py:2631} INFO - Dependencies all met for dep_context=non-requeueable deps ti=<TaskInstance: process_sword_messages.process_sword_messages manual__2025-07-09T12:08:42.758715+00:00 [queued]>
[2025-07-09T12:08:44.820+0000] {taskinstance.py:2631} INFO - Dependencies all met for dep_context=requeueable deps ti=<TaskInstance: process_sword_messages.process_sword_messages manual__2025-07-09T12:08:42.758715+00:00 [queued]>
[2025-07-09T12:08:44.821+0000] {taskinstance.py:2884} INFO - Starting attempt 1 of 2
[2025-07-09T12:08:44.866+0000] {taskinstance.py:2907} INFO - Executing <Task(SparkSubmitOperator): process_sword_messages> on 2025-07-09 12:08:42.758715+00:00
[2025-07-09T12:08:44.874+0000] {logging_mixin.py:190} WARNING - /home/airflow/.local/lib/python3.12/site-packages/airflow/task/task_runner/standard_task_runner.py:70 DeprecationWarning: This process (pid=549) is multi-threaded, use of fork() may lead to deadlocks in the child.
[2025-07-09T12:08:44.876+0000] {standard_task_runner.py:72} INFO - Started process 550 to run task
[2025-07-09T12:08:44.874+0000] {standard_task_runner.py:104} INFO - Running: ['airflow', 'tasks', 'run', 'process_sword_messages', 'process_sword_messages', 'manual__2025-07-09T12:08:42.758715+00:00', '--job-id', '220', '--raw', '--subdir', 'DAGS_FOLDER/process_sword_messages.py', '--cfg-path', '/tmp/tmp_7i9bw29']
[2025-07-09T12:08:44.877+0000] {standard_task_runner.py:105} INFO - Job 220: Subtask process_sword_messages
[2025-07-09T12:08:44.983+0000] {task_command.py:467} INFO - Running <TaskInstance: process_sword_messages.process_sword_messages manual__2025-07-09T12:08:42.758715+00:00 [running]> on host a05bad25c14c
[2025-07-09T12:08:45.199+0000] {taskinstance.py:3157} INFO - Exporting env vars: AIRFLOW_CTX_DAG_OWNER='airflow' AIRFLOW_CTX_DAG_ID='process_sword_messages' AIRFLOW_CTX_TASK_ID='process_sword_messages' AIRFLOW_CTX_EXECUTION_DATE='2025-07-09T12:08:42.758715+00:00' AIRFLOW_CTX_TRY_NUMBER='1' AIRFLOW_CTX_DAG_RUN_ID='manual__2025-07-09T12:08:42.758715+00:00'
[2025-07-09T12:08:45.200+0000] {taskinstance.py:740} INFO - ::endgroup::
[2025-07-09T12:08:45.291+0000] {base.py:84} INFO - Retrieving connection 'spark-ebsim'
[2025-07-09T12:08:45.293+0000] {spark_submit.py:474} INFO - Spark-Submit cmd: spark-submit --master spark://spark-master:7077 --name arrow-spark --deploy-mode client /opt/bitnami/spark/jobs/sword_processor_job.py --input-file /opt/bitnami/spark/jobs/session-proto_1.pb
[2025-07-09T12:09:09.304+0000] {spark_submit.py:644} INFO - 25/07/09 12:09:09 INFO SparkContext: Running Spark version 3.5.5
[2025-07-09T12:09:09.313+0000] {spark_submit.py:644} INFO - 25/07/09 12:09:09 INFO SparkContext: OS info Linux, 5.15.167.4-microsoft-standard-WSL2, amd64
[2025-07-09T12:09:09.318+0000] {spark_submit.py:644} INFO - 25/07/09 12:09:09 INFO SparkContext: Java version 17.0.15
[2025-07-09T12:09:09.618+0000] {spark_submit.py:644} INFO - 25/07/09 12:09:09 WARN NativeCodeLoader: Unable to load native-hadoop library for your platform... using builtin-java classes where applicable
[2025-07-09T12:09:10.178+0000] {spark_submit.py:644} INFO - 25/07/09 12:09:10 INFO ResourceUtils: ==============================================================
[2025-07-09T12:09:10.178+0000] {spark_submit.py:644} INFO - 25/07/09 12:09:10 INFO ResourceUtils: No custom resources configured for spark.driver.
[2025-07-09T12:09:10.179+0000] {spark_submit.py:644} INFO - 25/07/09 12:09:10 INFO ResourceUtils: ==============================================================
[2025-07-09T12:09:10.180+0000] {spark_submit.py:644} INFO - 25/07/09 12:09:10 INFO SparkContext: Submitted application: SwordMessageProcessor
[2025-07-09T12:09:10.257+0000] {spark_submit.py:644} INFO - 25/07/09 12:09:10 INFO ResourceProfile: Default ResourceProfile created, executor resources: Map(memory -> name: memory, amount: 1024, script: , vendor: , offHeap -> name: offHeap, amount: 0, script: , vendor: ), task resources: Map(cpus -> name: cpus, amount: 1.0)
[2025-07-09T12:09:10.272+0000] {spark_submit.py:644} INFO - 25/07/09 12:09:10 INFO ResourceProfile: Limiting resource is cpu
[2025-07-09T12:09:10.273+0000] {spark_submit.py:644} INFO - 25/07/09 12:09:10 INFO ResourceProfileManager: Added ResourceProfile id: 0
[2025-07-09T12:09:10.433+0000] {spark_submit.py:644} INFO - 25/07/09 12:09:10 INFO SecurityManager: Changing view acls to: airflow
[2025-07-09T12:09:10.434+0000] {spark_submit.py:644} INFO - 25/07/09 12:09:10 INFO SecurityManager: Changing modify acls to: airflow
[2025-07-09T12:09:10.435+0000] {spark_submit.py:644} INFO - 25/07/09 12:09:10 INFO SecurityManager: Changing view acls groups to:
[2025-07-09T12:09:10.436+0000] {spark_submit.py:644} INFO - 25/07/09 12:09:10 INFO SecurityManager: Changing modify acls groups to:
[2025-07-09T12:09:10.437+0000] {spark_submit.py:644} INFO - 25/07/09 12:09:10 INFO SecurityManager: SecurityManager: authentication disabled; ui acls disabled; users with view permissions: airflow; groups with view permissions: EMPTY; users with modify permissions: airflow; groups with modify permissions: EMPTY
[2025-07-09T12:09:11.055+0000] {spark_submit.py:644} INFO - 25/07/09 12:09:11 INFO Utils: Successfully started service 'sparkDriver' on port 36453.
[2025-07-09T12:09:11.316+0000] {spark_submit.py:644} INFO - 25/07/09 12:09:11 INFO SparkEnv: Registering MapOutputTracker
[2025-07-09T12:09:11.430+0000] {spark_submit.py:644} INFO - 25/07/09 12:09:11 INFO SparkEnv: Registering BlockManagerMaster
[2025-07-09T12:09:11.614+0000] {spark_submit.py:644} INFO - 25/07/09 12:09:11 INFO BlockManagerMasterEndpoint: Using org.apache.spark.storage.DefaultTopologyMapper for getting topology information
[2025-07-09T12:09:11.617+0000] {spark_submit.py:644} INFO - 25/07/09 12:09:11 INFO BlockManagerMasterEndpoint: BlockManagerMasterEndpoint up
[2025-07-09T12:09:11.675+0000] {spark_submit.py:644} INFO - 25/07/09 12:09:11 INFO SparkEnv: Registering BlockManagerMasterHeartbeat
[2025-07-09T12:09:11.750+0000] {spark_submit.py:644} INFO - 25/07/09 12:09:11 INFO DiskBlockManager: Created local directory at /tmp/blockmgr-5e5eeb90-d86a-4d8d-8c52-bebf558a8182
[2025-07-09T12:09:11.783+0000] {spark_submit.py:644} INFO - 25/07/09 12:09:11 INFO MemoryStore: MemoryStore started with capacity 434.4 MiB
[2025-07-09T12:09:11.832+0000] {spark_submit.py:644} INFO - 25/07/09 12:09:11 INFO SparkEnv: Registering OutputCommitCoordinator
[2025-07-09T12:09:12.216+0000] {spark_submit.py:644} INFO - 25/07/09 12:09:12 INFO JettyUtils: Start Jetty 0.0.0.0:4040 for SparkUI
[2025-07-09T12:09:12.334+0000] {spark_submit.py:644} INFO - 25/07/09 12:09:12 INFO Utils: Successfully started service 'SparkUI' on port 4040.
[2025-07-09T12:09:12.925+0000] {spark_submit.py:644} INFO - 25/07/09 12:09:12 INFO StandaloneAppClient$ClientEndpoint: Connecting to master spark://spark-master:7077...
[2025-07-09T12:09:13.023+0000] {spark_submit.py:644} INFO - 25/07/09 12:09:13 INFO TransportClientFactory: Successfully created connection to spark-master/172.19.0.5:7077 after 68 ms (0 ms spent in bootstraps)
[2025-07-09T12:09:13.204+0000] {spark_submit.py:644} INFO - 25/07/09 12:09:13 INFO StandaloneSchedulerBackend: Connected to Spark cluster with app ID app-20250709120913-0001
[2025-07-09T12:09:13.218+0000] {spark_submit.py:644} INFO - 25/07/09 12:09:13 INFO StandaloneAppClient$ClientEndpoint: Executor added: app-20250709120913-0001/0 on worker-20250709115731-172.19.0.13-39789 (172.19.0.13:39789) with 2 core(s)
[2025-07-09T12:09:13.220+0000] {spark_submit.py:644} INFO - 25/07/09 12:09:13 INFO StandaloneSchedulerBackend: Granted executor ID app-20250709120913-0001/0 on hostPort 172.19.0.13:39789 with 2 core(s), 1024.0 MiB RAM
[2025-07-09T12:09:13.225+0000] {spark_submit.py:644} INFO - 25/07/09 12:09:13 INFO Utils: Successfully started service 'org.apache.spark.network.netty.NettyBlockTransferService' on port 36577.
[2025-07-09T12:09:13.225+0000] {spark_submit.py:644} INFO - 25/07/09 12:09:13 INFO NettyBlockTransferService: Server created on a05bad25c14c:36577
[2025-07-09T12:09:13.244+0000] {spark_submit.py:644} INFO - 25/07/09 12:09:13 INFO BlockManager: Using org.apache.spark.storage.RandomBlockReplicationPolicy for block replication policy
[2025-07-09T12:09:13.253+0000] {spark_submit.py:644} INFO - 25/07/09 12:09:13 INFO BlockManagerMaster: Registering BlockManager BlockManagerId(driver, a05bad25c14c, 36577, None)
[2025-07-09T12:09:13.257+0000] {spark_submit.py:644} INFO - 25/07/09 12:09:13 INFO BlockManagerMasterEndpoint: Registering block manager a05bad25c14c:36577 with 434.4 MiB RAM, BlockManagerId(driver, a05bad25c14c, 36577, None)
[2025-07-09T12:09:13.260+0000] {spark_submit.py:644} INFO - 25/07/09 12:09:13 INFO BlockManagerMaster: Registered BlockManager BlockManagerId(driver, a05bad25c14c, 36577, None)
[2025-07-09T12:09:13.262+0000] {spark_submit.py:644} INFO - 25/07/09 12:09:13 INFO BlockManager: Initialized BlockManager: BlockManagerId(driver, a05bad25c14c, 36577, None)
[2025-07-09T12:09:13.263+0000] {spark_submit.py:644} INFO - 25/07/09 12:09:13 INFO StandaloneAppClient$ClientEndpoint: Executor updated: app-20250709120913-0001/0 is now RUNNING
[2025-07-09T12:09:13.637+0000] {spark_submit.py:644} INFO - 25/07/09 12:09:13 INFO StandaloneSchedulerBackend: SchedulerBackend is ready for scheduling beginning after reached minRegisteredResourcesRatio: 0.0
[2025-07-09T12:09:14.802+0000] {spark_submit.py:644} INFO - 25/07/09 12:09:14 INFO MemoryStore: Block broadcast_0 stored as values in memory (estimated size 292.2 KiB, free 434.1 MiB)
[2025-07-09T12:09:14.867+0000] {spark_submit.py:644} INFO - 25/07/09 12:09:14 INFO MemoryStore: Block broadcast_0_piece0 stored as bytes in memory (estimated size 32.7 KiB, free 434.1 MiB)
[2025-07-09T12:09:14.870+0000] {spark_submit.py:644} INFO - 25/07/09 12:09:14 INFO BlockManagerInfo: Added broadcast_0_piece0 in memory on a05bad25c14c:36577 (size: 32.7 KiB, free: 434.4 MiB)
[2025-07-09T12:09:14.875+0000] {spark_submit.py:644} INFO - 25/07/09 12:09:14 INFO SparkContext: Created broadcast 0 from binaryFiles at NativeMethodAccessorImpl.java:0
[2025-07-09T12:09:15.003+0000] {spark_submit.py:644} INFO - 25/07/09 12:09:15 INFO FileInputFormat: Total input files to process : 1
[2025-07-09T12:09:15.012+0000] {spark_submit.py:644} INFO - 25/07/09 12:09:15 INFO FileInputFormat: Total input files to process : 1
[2025-07-09T12:09:15.086+0000] {spark_submit.py:644} INFO - 25/07/09 12:09:15 INFO SparkContext: Starting job: collect at /opt/bitnami/spark/jobs/sword_processor_job.py:35
[2025-07-09T12:09:15.101+0000] {spark_submit.py:644} INFO - 25/07/09 12:09:15 INFO DAGScheduler: Got job 0 (collect at /opt/bitnami/spark/jobs/sword_processor_job.py:35) with 1 output partitions
[2025-07-09T12:09:15.102+0000] {spark_submit.py:644} INFO - 25/07/09 12:09:15 INFO DAGScheduler: Final stage: ResultStage 0 (collect at /opt/bitnami/spark/jobs/sword_processor_job.py:35)
[2025-07-09T12:09:15.103+0000] {spark_submit.py:644} INFO - 25/07/09 12:09:15 INFO DAGScheduler: Parents of final stage: List()
[2025-07-09T12:09:15.104+0000] {spark_submit.py:644} INFO - 25/07/09 12:09:15 INFO DAGScheduler: Missing parents: List()
[2025-07-09T12:09:15.107+0000] {spark_submit.py:644} INFO - 25/07/09 12:09:15 INFO DAGScheduler: Submitting ResultStage 0 (/opt/bitnami/spark/jobs/session-proto_1.pb BinaryFileRDD[0] at binaryFiles at NativeMethodAccessorImpl.java:0), which has no missing parents
[2025-07-09T12:09:15.168+0000] {spark_submit.py:644} INFO - 25/07/09 12:09:15 INFO MemoryStore: Block broadcast_1 stored as values in memory (estimated size 3.7 KiB, free 434.1 MiB)
[2025-07-09T12:09:15.177+0000] {spark_submit.py:644} INFO - 25/07/09 12:09:15 INFO MemoryStore: Block broadcast_1_piece0 stored as bytes in memory (estimated size 2.2 KiB, free 434.1 MiB)
[2025-07-09T12:09:15.178+0000] {spark_submit.py:644} INFO - 25/07/09 12:09:15 INFO BlockManagerInfo: Added broadcast_1_piece0 in memory on a05bad25c14c:36577 (size: 2.2 KiB, free: 434.4 MiB)
[2025-07-09T12:09:15.180+0000] {spark_submit.py:644} INFO - 25/07/09 12:09:15 INFO SparkContext: Created broadcast 1 from broadcast at DAGScheduler.scala:1585
[2025-07-09T12:09:15.276+0000] {spark_submit.py:644} INFO - 25/07/09 12:09:15 INFO DAGScheduler: Submitting 1 missing tasks from ResultStage 0 (/opt/bitnami/spark/jobs/session-proto_1.pb BinaryFileRDD[0] at binaryFiles at NativeMethodAccessorImpl.java:0) (first 15 tasks are for partitions Vector(0))
[2025-07-09T12:09:15.277+0000] {spark_submit.py:644} INFO - 25/07/09 12:09:15 INFO TaskSchedulerImpl: Adding task set 0.0 with 1 tasks resource profile 0
[2025-07-09T12:09:24.397+0000] {spark_submit.py:644} INFO - 25/07/09 12:09:24 INFO StandaloneSchedulerBackend$StandaloneDriverEndpoint: Registered executor NettyRpcEndpointRef(spark-client://Executor) (172.19.0.13:40692) with ID 0,  ResourceProfileId 0
[2025-07-09T12:09:24.703+0000] {spark_submit.py:644} INFO - 25/07/09 12:09:24 INFO BlockManagerMasterEndpoint: Registering block manager 172.19.0.13:36617 with 434.4 MiB RAM, BlockManagerId(0, 172.19.0.13, 36617, None)
[2025-07-09T12:09:24.951+0000] {spark_submit.py:644} INFO - 25/07/09 12:09:24 INFO TaskSetManager: Starting task 0.0 in stage 0.0 (TID 0) (172.19.0.13, executor 0, partition 0, PROCESS_LOCAL, 9142 bytes)
[2025-07-09T12:09:26.272+0000] {spark_submit.py:644} INFO - 25/07/09 12:09:26 INFO BlockManagerInfo: Added broadcast_1_piece0 in memory on 172.19.0.13:36617 (size: 2.2 KiB, free: 434.4 MiB)
[2025-07-09T12:09:27.839+0000] {spark_submit.py:644} INFO - 25/07/09 12:09:27 INFO BlockManagerInfo: Added broadcast_0_piece0 in memory on 172.19.0.13:36617 (size: 32.7 KiB, free: 434.4 MiB)
[2025-07-09T12:09:28.565+0000] {spark_submit.py:644} INFO - 25/07/09 12:09:28 INFO TaskSetManager: Finished task 0.0 in stage 0.0 (TID 0) in 3637 ms on 172.19.0.13 (executor 0) (1/1)
[2025-07-09T12:09:28.567+0000] {spark_submit.py:644} INFO - 25/07/09 12:09:28 INFO TaskSchedulerImpl: Removed TaskSet 0.0, whose tasks have all completed, from pool
[2025-07-09T12:09:28.593+0000] {spark_submit.py:644} INFO - 25/07/09 12:09:28 INFO DAGScheduler: ResultStage 0 (collect at /opt/bitnami/spark/jobs/sword_processor_job.py:35) finished in 13.441 s
[2025-07-09T12:09:28.597+0000] {spark_submit.py:644} INFO - 25/07/09 12:09:28 INFO DAGScheduler: Job 0 is finished. Cancelling potential speculative or zombie tasks for this job
[2025-07-09T12:09:28.598+0000] {spark_submit.py:644} INFO - 25/07/09 12:09:28 INFO TaskSchedulerImpl: Killing all running tasks in stage 0: Stage finished
[2025-07-09T12:09:28.601+0000] {spark_submit.py:644} INFO - 25/07/09 12:09:28 INFO DAGScheduler: Job 0 finished: collect at /opt/bitnami/spark/jobs/sword_processor_job.py:35, took 13.515578 s
[2025-07-09T12:09:29.721+0000] {spark_submit.py:644} INFO - 25/07/09 12:09:29 INFO SharedState: Setting hive.metastore.warehouse.dir ('null') to the value of spark.sql.warehouse.dir.
[2025-07-09T12:09:29.727+0000] {spark_submit.py:644} INFO - 25/07/09 12:09:29 INFO SharedState: Warehouse path is 'file:/opt/airflow/spark-warehouse'.
[2025-07-09T12:09:29.944+0000] {spark_submit.py:644} INFO - 25/07/09 12:09:29 INFO BlockManagerInfo: Removed broadcast_0_piece0 on 172.19.0.13:36617 in memory (size: 32.7 KiB, free: 434.4 MiB)
[2025-07-09T12:09:29.961+0000] {spark_submit.py:644} INFO - 25/07/09 12:09:29 INFO BlockManagerInfo: Removed broadcast_0_piece0 on a05bad25c14c:36577 in memory (size: 32.7 KiB, free: 434.4 MiB)
[2025-07-09T12:09:29.974+0000] {spark_submit.py:644} INFO - 25/07/09 12:09:29 INFO BlockManagerInfo: Removed broadcast_1_piece0 on a05bad25c14c:36577 in memory (size: 2.2 KiB, free: 434.4 MiB)
[2025-07-09T12:09:30.042+0000] {spark_submit.py:644} INFO - 25/07/09 12:09:29 INFO BlockManagerInfo: Removed broadcast_1_piece0 on 172.19.0.13:36617 in memory (size: 2.2 KiB, free: 434.4 MiB)
[2025-07-09T12:09:46.175+0000] {spark_submit.py:644} INFO - 25/07/09 12:09:46 INFO CodeGenerator: Code generated in 1283.195057 ms
[2025-07-09T12:09:46.257+0000] {spark_submit.py:644} INFO - 25/07/09 12:09:46 INFO DAGScheduler: Registering RDD 7 (count at NativeMethodAccessorImpl.java:0) as input to shuffle 0
[2025-07-09T12:09:46.260+0000] {spark_submit.py:644} INFO - 25/07/09 12:09:46 INFO DAGScheduler: Got map stage job 1 (count at NativeMethodAccessorImpl.java:0) with 2 output partitions
[2025-07-09T12:09:46.261+0000] {spark_submit.py:644} INFO - 25/07/09 12:09:46 INFO DAGScheduler: Final stage: ShuffleMapStage 1 (count at NativeMethodAccessorImpl.java:0)
[2025-07-09T12:09:46.262+0000] {spark_submit.py:644} INFO - 25/07/09 12:09:46 INFO DAGScheduler: Parents of final stage: List()
[2025-07-09T12:09:46.262+0000] {spark_submit.py:644} INFO - 25/07/09 12:09:46 INFO DAGScheduler: Missing parents: List()
[2025-07-09T12:09:46.264+0000] {spark_submit.py:644} INFO - 25/07/09 12:09:46 INFO DAGScheduler: Submitting ShuffleMapStage 1 (MapPartitionsRDD[7] at count at NativeMethodAccessorImpl.java:0), which has no missing parents
[2025-07-09T12:09:46.296+0000] {spark_submit.py:644} INFO - 25/07/09 12:09:46 INFO MemoryStore: Block broadcast_2 stored as values in memory (estimated size 16.2 KiB, free 434.4 MiB)
[2025-07-09T12:09:46.298+0000] {spark_submit.py:644} INFO - 25/07/09 12:09:46 INFO MemoryStore: Block broadcast_2_piece0 stored as bytes in memory (estimated size 8.4 KiB, free 434.4 MiB)
[2025-07-09T12:09:46.300+0000] {spark_submit.py:644} INFO - 25/07/09 12:09:46 INFO BlockManagerInfo: Added broadcast_2_piece0 in memory on a05bad25c14c:36577 (size: 8.4 KiB, free: 434.4 MiB)
[2025-07-09T12:09:46.300+0000] {spark_submit.py:644} INFO - 25/07/09 12:09:46 INFO SparkContext: Created broadcast 2 from broadcast at DAGScheduler.scala:1585
[2025-07-09T12:09:46.303+0000] {spark_submit.py:644} INFO - 25/07/09 12:09:46 INFO DAGScheduler: Submitting 2 missing tasks from ShuffleMapStage 1 (MapPartitionsRDD[7] at count at NativeMethodAccessorImpl.java:0) (first 15 tasks are for partitions Vector(0, 1))
[2025-07-09T12:09:46.303+0000] {spark_submit.py:644} INFO - 25/07/09 12:09:46 INFO TaskSchedulerImpl: Adding task set 1.0 with 2 tasks resource profile 0
[2025-07-09T12:09:46.307+0000] {spark_submit.py:644} INFO - 25/07/09 12:09:46 INFO TaskSetManager: Starting task 0.0 in stage 1.0 (TID 1) (172.19.0.13, executor 0, partition 0, PROCESS_LOCAL, 9187 bytes)
[2025-07-09T12:09:46.308+0000] {spark_submit.py:644} INFO - 25/07/09 12:09:46 INFO TaskSetManager: Starting task 1.0 in stage 1.0 (TID 2) (172.19.0.13, executor 0, partition 1, PROCESS_LOCAL, 9248 bytes)
[2025-07-09T12:09:46.347+0000] {spark_submit.py:644} INFO - 25/07/09 12:09:46 INFO BlockManagerInfo: Added broadcast_2_piece0 in memory on 172.19.0.13:36617 (size: 8.4 KiB, free: 434.4 MiB)
[2025-07-09T12:09:58.285+0000] {spark_submit.py:644} INFO - 25/07/09 12:09:58 INFO TaskSetManager: Finished task 1.0 in stage 1.0 (TID 2) in 11977 ms on 172.19.0.13 (executor 0) (1/2)
[2025-07-09T12:09:58.286+0000] {spark_submit.py:644} INFO - 25/07/09 12:09:58 INFO TaskSetManager: Finished task 0.0 in stage 1.0 (TID 1) in 11981 ms on 172.19.0.13 (executor 0) (2/2)
[2025-07-09T12:09:58.286+0000] {spark_submit.py:644} INFO - 25/07/09 12:09:58 INFO TaskSchedulerImpl: Removed TaskSet 1.0, whose tasks have all completed, from pool
[2025-07-09T12:09:58.290+0000] {spark_submit.py:644} INFO - 25/07/09 12:09:58 INFO PythonAccumulatorV2: Connected to AccumulatorServer at host: 127.0.0.1 port: 33023
[2025-07-09T12:09:58.304+0000] {spark_submit.py:644} INFO - 25/07/09 12:09:58 INFO DAGScheduler: ShuffleMapStage 1 (count at NativeMethodAccessorImpl.java:0) finished in 12.035 s
[2025-07-09T12:09:58.305+0000] {spark_submit.py:644} INFO - 25/07/09 12:09:58 INFO DAGScheduler: looking for newly runnable stages
[2025-07-09T12:09:58.306+0000] {spark_submit.py:644} INFO - 25/07/09 12:09:58 INFO DAGScheduler: running: Set()
[2025-07-09T12:09:58.306+0000] {spark_submit.py:644} INFO - 25/07/09 12:09:58 INFO DAGScheduler: waiting: Set()
[2025-07-09T12:09:58.307+0000] {spark_submit.py:644} INFO - 25/07/09 12:09:58 INFO DAGScheduler: failed: Set()
[2025-07-09T12:09:58.349+0000] {spark_submit.py:644} INFO - 25/07/09 12:09:58 INFO CodeGenerator: Code generated in 12.269068 ms
[2025-07-09T12:09:58.414+0000] {spark_submit.py:644} INFO - 25/07/09 12:09:58 INFO SparkContext: Starting job: count at NativeMethodAccessorImpl.java:0
[2025-07-09T12:09:58.416+0000] {spark_submit.py:644} INFO - 25/07/09 12:09:58 INFO DAGScheduler: Got job 2 (count at NativeMethodAccessorImpl.java:0) with 1 output partitions
[2025-07-09T12:09:58.417+0000] {spark_submit.py:644} INFO - 25/07/09 12:09:58 INFO DAGScheduler: Final stage: ResultStage 3 (count at NativeMethodAccessorImpl.java:0)
[2025-07-09T12:09:58.420+0000] {spark_submit.py:644} INFO - 25/07/09 12:09:58 INFO DAGScheduler: Parents of final stage: List(ShuffleMapStage 2)
[2025-07-09T12:09:58.421+0000] {spark_submit.py:644} INFO - 25/07/09 12:09:58 INFO DAGScheduler: Missing parents: List()
[2025-07-09T12:09:58.421+0000] {spark_submit.py:644} INFO - 25/07/09 12:09:58 INFO DAGScheduler: Submitting ResultStage 3 (MapPartitionsRDD[10] at count at NativeMethodAccessorImpl.java:0), which has no missing parents
[2025-07-09T12:09:58.446+0000] {spark_submit.py:644} INFO - 25/07/09 12:09:58 INFO MemoryStore: Block broadcast_3 stored as values in memory (estimated size 12.5 KiB, free 434.4 MiB)
[2025-07-09T12:09:58.449+0000] {spark_submit.py:644} INFO - 25/07/09 12:09:58 INFO MemoryStore: Block broadcast_3_piece0 stored as bytes in memory (estimated size 5.9 KiB, free 434.4 MiB)
[2025-07-09T12:09:58.450+0000] {spark_submit.py:644} INFO - 25/07/09 12:09:58 INFO BlockManagerInfo: Added broadcast_3_piece0 in memory on a05bad25c14c:36577 (size: 5.9 KiB, free: 434.4 MiB)
[2025-07-09T12:09:58.451+0000] {spark_submit.py:644} INFO - 25/07/09 12:09:58 INFO SparkContext: Created broadcast 3 from broadcast at DAGScheduler.scala:1585
[2025-07-09T12:09:58.452+0000] {spark_submit.py:644} INFO - 25/07/09 12:09:58 INFO DAGScheduler: Submitting 1 missing tasks from ResultStage 3 (MapPartitionsRDD[10] at count at NativeMethodAccessorImpl.java:0) (first 15 tasks are for partitions Vector(0))
[2025-07-09T12:09:58.452+0000] {spark_submit.py:644} INFO - 25/07/09 12:09:58 INFO TaskSchedulerImpl: Adding task set 3.0 with 1 tasks resource profile 0
[2025-07-09T12:09:58.458+0000] {spark_submit.py:644} INFO - 25/07/09 12:09:58 INFO TaskSetManager: Starting task 0.0 in stage 3.0 (TID 3) (172.19.0.13, executor 0, partition 0, NODE_LOCAL, 9003 bytes)
[2025-07-09T12:09:58.482+0000] {spark_submit.py:644} INFO - 25/07/09 12:09:58 INFO BlockManagerInfo: Added broadcast_3_piece0 in memory on 172.19.0.13:36617 (size: 5.9 KiB, free: 434.4 MiB)
[2025-07-09T12:09:58.553+0000] {spark_submit.py:644} INFO - 25/07/09 12:09:58 INFO MapOutputTrackerMasterEndpoint: Asked to send map output locations for shuffle 0 to 172.19.0.13:40692
[2025-07-09T12:09:59.294+0000] {spark_submit.py:644} INFO - 25/07/09 12:09:59 INFO TaskSetManager: Finished task 0.0 in stage 3.0 (TID 3) in 838 ms on 172.19.0.13 (executor 0) (1/1)
[2025-07-09T12:09:59.295+0000] {spark_submit.py:644} INFO - 25/07/09 12:09:59 INFO TaskSchedulerImpl: Removed TaskSet 3.0, whose tasks have all completed, from pool
[2025-07-09T12:09:59.296+0000] {spark_submit.py:644} INFO - 25/07/09 12:09:59 INFO DAGScheduler: ResultStage 3 (count at NativeMethodAccessorImpl.java:0) finished in 0.851 s
[2025-07-09T12:09:59.297+0000] {spark_submit.py:644} INFO - 25/07/09 12:09:59 INFO DAGScheduler: Job 2 is finished. Cancelling potential speculative or zombie tasks for this job
[2025-07-09T12:09:59.298+0000] {spark_submit.py:644} INFO - 25/07/09 12:09:59 INFO TaskSchedulerImpl: Killing all running tasks in stage 3: Stage finished
[2025-07-09T12:09:59.298+0000] {spark_submit.py:644} INFO - 25/07/09 12:09:59 INFO DAGScheduler: Job 2 finished: count at NativeMethodAccessorImpl.java:0, took 0.882851 s
[2025-07-09T12:09:59.306+0000] {spark_submit.py:644} INFO - Total de mensagens processadas: 11
[2025-07-09T12:09:59.308+0000] {spark_submit.py:644} INFO - Dados processados:
[2025-07-09T12:09:59.474+0000] {spark_submit.py:644} INFO - 25/07/09 12:09:59 INFO BlockManagerInfo: Removed broadcast_3_piece0 on a05bad25c14c:36577 in memory (size: 5.9 KiB, free: 434.4 MiB)
[2025-07-09T12:09:59.477+0000] {spark_submit.py:644} INFO - 25/07/09 12:09:59 INFO BlockManagerInfo: Removed broadcast_3_piece0 on 172.19.0.13:36617 in memory (size: 5.9 KiB, free: 434.4 MiB)
[2025-07-09T12:09:59.520+0000] {spark_submit.py:644} INFO - 25/07/09 12:09:59 INFO BlockManagerInfo: Removed broadcast_2_piece0 on a05bad25c14c:36577 in memory (size: 8.4 KiB, free: 434.4 MiB)
[2025-07-09T12:09:59.521+0000] {spark_submit.py:644} INFO - 25/07/09 12:09:59 INFO BlockManagerInfo: Removed broadcast_2_piece0 on 172.19.0.13:36617 in memory (size: 8.4 KiB, free: 434.4 MiB)
[2025-07-09T12:09:59.536+0000] {spark_submit.py:644} INFO - 25/07/09 12:09:59 INFO CodeGenerator: Code generated in 72.34705 ms
[2025-07-09T12:09:59.546+0000] {spark_submit.py:644} INFO - 25/07/09 12:09:59 INFO SparkContext: Starting job: showString at NativeMethodAccessorImpl.java:0
[2025-07-09T12:09:59.547+0000] {spark_submit.py:644} INFO - 25/07/09 12:09:59 INFO DAGScheduler: Got job 3 (showString at NativeMethodAccessorImpl.java:0) with 1 output partitions
[2025-07-09T12:09:59.548+0000] {spark_submit.py:644} INFO - 25/07/09 12:09:59 INFO DAGScheduler: Final stage: ResultStage 4 (showString at NativeMethodAccessorImpl.java:0)
[2025-07-09T12:09:59.548+0000] {spark_submit.py:644} INFO - 25/07/09 12:09:59 INFO DAGScheduler: Parents of final stage: List()
[2025-07-09T12:09:59.549+0000] {spark_submit.py:644} INFO - 25/07/09 12:09:59 INFO DAGScheduler: Missing parents: List()
[2025-07-09T12:09:59.550+0000] {spark_submit.py:644} INFO - 25/07/09 12:09:59 INFO DAGScheduler: Submitting ResultStage 4 (MapPartitionsRDD[12] at showString at NativeMethodAccessorImpl.java:0), which has no missing parents
[2025-07-09T12:09:59.552+0000] {spark_submit.py:644} INFO - 25/07/09 12:09:59 INFO MemoryStore: Block broadcast_4 stored as values in memory (estimated size 15.0 KiB, free 434.4 MiB)
[2025-07-09T12:09:59.555+0000] {spark_submit.py:644} INFO - 25/07/09 12:09:59 INFO MemoryStore: Block broadcast_4_piece0 stored as bytes in memory (estimated size 7.2 KiB, free 434.4 MiB)
[2025-07-09T12:09:59.556+0000] {spark_submit.py:644} INFO - 25/07/09 12:09:59 INFO BlockManagerInfo: Added broadcast_4_piece0 in memory on a05bad25c14c:36577 (size: 7.2 KiB, free: 434.4 MiB)
[2025-07-09T12:09:59.556+0000] {spark_submit.py:644} INFO - 25/07/09 12:09:59 INFO SparkContext: Created broadcast 4 from broadcast at DAGScheduler.scala:1585
[2025-07-09T12:09:59.557+0000] {spark_submit.py:644} INFO - 25/07/09 12:09:59 INFO DAGScheduler: Submitting 1 missing tasks from ResultStage 4 (MapPartitionsRDD[12] at showString at NativeMethodAccessorImpl.java:0) (first 15 tasks are for partitions Vector(0))
[2025-07-09T12:09:59.558+0000] {spark_submit.py:644} INFO - 25/07/09 12:09:59 INFO TaskSchedulerImpl: Adding task set 4.0 with 1 tasks resource profile 0
[2025-07-09T12:09:59.560+0000] {spark_submit.py:644} INFO - 25/07/09 12:09:59 INFO TaskSetManager: Starting task 0.0 in stage 4.0 (TID 4) (172.19.0.13, executor 0, partition 0, PROCESS_LOCAL, 9198 bytes)
[2025-07-09T12:09:59.576+0000] {spark_submit.py:644} INFO - 25/07/09 12:09:59 INFO BlockManagerInfo: Added broadcast_4_piece0 in memory on 172.19.0.13:36617 (size: 7.2 KiB, free: 434.4 MiB)
[2025-07-09T12:09:59.729+0000] {spark_submit.py:644} INFO - 25/07/09 12:09:59 INFO TaskSetManager: Finished task 0.0 in stage 4.0 (TID 4) in 170 ms on 172.19.0.13 (executor 0) (1/1)
[2025-07-09T12:09:59.730+0000] {spark_submit.py:644} INFO - 25/07/09 12:09:59 INFO TaskSchedulerImpl: Removed TaskSet 4.0, whose tasks have all completed, from pool
[2025-07-09T12:09:59.731+0000] {spark_submit.py:644} INFO - 25/07/09 12:09:59 INFO DAGScheduler: ResultStage 4 (showString at NativeMethodAccessorImpl.java:0) finished in 0.181 s
[2025-07-09T12:09:59.732+0000] {spark_submit.py:644} INFO - 25/07/09 12:09:59 INFO DAGScheduler: Job 3 is finished. Cancelling potential speculative or zombie tasks for this job
[2025-07-09T12:09:59.733+0000] {spark_submit.py:644} INFO - 25/07/09 12:09:59 INFO TaskSchedulerImpl: Killing all running tasks in stage 4: Stage finished
[2025-07-09T12:09:59.733+0000] {spark_submit.py:644} INFO - 25/07/09 12:09:59 INFO DAGScheduler: Job 3 finished: showString at NativeMethodAccessorImpl.java:0, took 0.186547 s
[2025-07-09T12:09:59.739+0000] {spark_submit.py:644} INFO - 25/07/09 12:09:59 INFO SparkContext: Starting job: showString at NativeMethodAccessorImpl.java:0
[2025-07-09T12:09:59.740+0000] {spark_submit.py:644} INFO - 25/07/09 12:09:59 INFO DAGScheduler: Got job 4 (showString at NativeMethodAccessorImpl.java:0) with 1 output partitions
[2025-07-09T12:09:59.741+0000] {spark_submit.py:644} INFO - 25/07/09 12:09:59 INFO DAGScheduler: Final stage: ResultStage 5 (showString at NativeMethodAccessorImpl.java:0)
[2025-07-09T12:09:59.742+0000] {spark_submit.py:644} INFO - 25/07/09 12:09:59 INFO DAGScheduler: Parents of final stage: List()
[2025-07-09T12:09:59.743+0000] {spark_submit.py:644} INFO - 25/07/09 12:09:59 INFO DAGScheduler: Missing parents: List()
[2025-07-09T12:09:59.743+0000] {spark_submit.py:644} INFO - 25/07/09 12:09:59 INFO DAGScheduler: Submitting ResultStage 5 (MapPartitionsRDD[12] at showString at NativeMethodAccessorImpl.java:0), which has no missing parents
[2025-07-09T12:09:59.745+0000] {spark_submit.py:644} INFO - 25/07/09 12:09:59 INFO MemoryStore: Block broadcast_5 stored as values in memory (estimated size 15.0 KiB, free 434.4 MiB)
[2025-07-09T12:09:59.757+0000] {spark_submit.py:644} INFO - 25/07/09 12:09:59 INFO MemoryStore: Block broadcast_5_piece0 stored as bytes in memory (estimated size 7.2 KiB, free 434.4 MiB)
[2025-07-09T12:09:59.758+0000] {spark_submit.py:644} INFO - 25/07/09 12:09:59 INFO BlockManagerInfo: Added broadcast_5_piece0 in memory on a05bad25c14c:36577 (size: 7.2 KiB, free: 434.4 MiB)
[2025-07-09T12:09:59.759+0000] {spark_submit.py:644} INFO - 25/07/09 12:09:59 INFO SparkContext: Created broadcast 5 from broadcast at DAGScheduler.scala:1585
[2025-07-09T12:09:59.760+0000] {spark_submit.py:644} INFO - 25/07/09 12:09:59 INFO DAGScheduler: Submitting 1 missing tasks from ResultStage 5 (MapPartitionsRDD[12] at showString at NativeMethodAccessorImpl.java:0) (first 15 tasks are for partitions Vector(1))
[2025-07-09T12:09:59.760+0000] {spark_submit.py:644} INFO - 25/07/09 12:09:59 INFO TaskSchedulerImpl: Adding task set 5.0 with 1 tasks resource profile 0
[2025-07-09T12:09:59.761+0000] {spark_submit.py:644} INFO - 25/07/09 12:09:59 INFO TaskSetManager: Starting task 0.0 in stage 5.0 (TID 5) (172.19.0.13, executor 0, partition 1, PROCESS_LOCAL, 9259 bytes)
[2025-07-09T12:09:59.776+0000] {spark_submit.py:644} INFO - 25/07/09 12:09:59 INFO BlockManagerInfo: Added broadcast_5_piece0 in memory on 172.19.0.13:36617 (size: 7.2 KiB, free: 434.4 MiB)
[2025-07-09T12:10:00.148+0000] {spark_submit.py:644} INFO - 25/07/09 12:10:00 INFO TaskSetManager: Finished task 0.0 in stage 5.0 (TID 5) in 387 ms on 172.19.0.13 (executor 0) (1/1)
[2025-07-09T12:10:00.149+0000] {spark_submit.py:644} INFO - 25/07/09 12:10:00 INFO TaskSchedulerImpl: Removed TaskSet 5.0, whose tasks have all completed, from pool
[2025-07-09T12:10:00.150+0000] {spark_submit.py:644} INFO - 25/07/09 12:10:00 INFO DAGScheduler: ResultStage 5 (showString at NativeMethodAccessorImpl.java:0) finished in 0.406 s
[2025-07-09T12:10:00.150+0000] {spark_submit.py:644} INFO - 25/07/09 12:10:00 INFO DAGScheduler: Job 4 is finished. Cancelling potential speculative or zombie tasks for this job
[2025-07-09T12:10:00.151+0000] {spark_submit.py:644} INFO - 25/07/09 12:10:00 INFO TaskSchedulerImpl: Killing all running tasks in stage 5: Stage finished
[2025-07-09T12:10:00.152+0000] {spark_submit.py:644} INFO - 25/07/09 12:10:00 INFO DAGScheduler: Job 4 finished: showString at NativeMethodAccessorImpl.java:0, took 0.411574 s
[2025-07-09T12:10:02.202+0000] {spark_submit.py:644} INFO - 25/07/09 12:10:02 INFO CodeGenerator: Code generated in 17.818625 ms
[2025-07-09T12:10:02.229+0000] {spark_submit.py:644} INFO - +-----------+-------+---------+------------+--------+-------------------+-------------------+----------+
[2025-07-09T12:10:02.229+0000] {spark_submit.py:644} INFO - |message_num|context|client_id|knowledge_id|group_id|latitude           |longitude          |pertinence|
[2025-07-09T12:10:02.230+0000] {spark_submit.py:644} INFO - +-----------+-------+---------+------------+--------+-------------------+-------------------+----------+
[2025-07-09T12:10:02.231+0000] {spark_submit.py:644} INFO - |1          |0      |1        |849         |1520    |-30.001141         |-55.016076000000005|1752002808|
[2025-07-09T12:10:02.231+0000] {spark_submit.py:644} INFO - |2          |1      |4        |19          |1121    |-30.001143000000003|-55.016078         |1752002809|
[2025-07-09T12:10:02.232+0000] {spark_submit.py:644} INFO - |3          |2      |1        |702         |1128    |-30.001141         |-55.016078         |1752002810|
[2025-07-09T12:10:02.232+0000] {spark_submit.py:644} INFO - |4          |3      |1        |926         |1329    |-30.001143000000003|-55.016076000000005|1752002811|
[2025-07-09T12:10:02.233+0000] {spark_submit.py:644} INFO - |5          |4      |2        |946         |1182    |-30.001143000000003|-55.016076000000005|1752002812|
[2025-07-09T12:10:02.234+0000] {spark_submit.py:644} INFO - |6          |5      |2        |309         |1759    |-30.001141         |-55.016078         |1752002813|
[2025-07-09T12:10:02.234+0000] {spark_submit.py:644} INFO - |7          |6      |2        |527         |132     |-30.001143000000003|-55.016076000000005|1752002814|
[2025-07-09T12:10:02.235+0000] {spark_submit.py:644} INFO - |8          |7      |2        |201         |1183    |-30.001143000000003|-55.016076000000005|1752002815|
[2025-07-09T12:10:02.235+0000] {spark_submit.py:644} INFO - |9          |8      |3        |646         |1207    |-30.001143000000003|-55.016076000000005|1752002816|
[2025-07-09T12:10:02.236+0000] {spark_submit.py:644} INFO - |10         |9      |1        |155         |326     |-30.001141         |-55.016076000000005|1752002817|
[2025-07-09T12:10:02.236+0000] {spark_submit.py:644} INFO - |11         |0      |1        |849         |1520    |-30.001141         |-55.016076000000005|1752002824|
[2025-07-09T12:10:02.237+0000] {spark_submit.py:644} INFO - +-----------+-------+---------+------------+--------+-------------------+-------------------+----------+
[2025-07-09T12:10:02.237+0000] {spark_submit.py:644} INFO - 
[2025-07-09T12:10:02.237+0000] {spark_submit.py:644} INFO - Processamento concluído com sucesso!
[2025-07-09T12:10:02.238+0000] {spark_submit.py:644} INFO - 25/07/09 12:10:02 INFO SparkContext: SparkContext is stopping with exitCode 0.
[2025-07-09T12:10:02.261+0000] {spark_submit.py:644} INFO - 25/07/09 12:10:02 INFO SparkUI: Stopped Spark web UI at http://a05bad25c14c:4040
[2025-07-09T12:10:02.264+0000] {spark_submit.py:644} INFO - 25/07/09 12:10:02 INFO StandaloneSchedulerBackend: Shutting down all executors
[2025-07-09T12:10:02.265+0000] {spark_submit.py:644} INFO - 25/07/09 12:10:02 INFO StandaloneSchedulerBackend$StandaloneDriverEndpoint: Asking each executor to shut down
[2025-07-09T12:10:02.284+0000] {spark_submit.py:644} INFO - 25/07/09 12:10:02 INFO MapOutputTrackerMasterEndpoint: MapOutputTrackerMasterEndpoint stopped!
[2025-07-09T12:10:02.346+0000] {spark_submit.py:644} INFO - 25/07/09 12:10:02 INFO MemoryStore: MemoryStore cleared
[2025-07-09T12:10:02.347+0000] {spark_submit.py:644} INFO - 25/07/09 12:10:02 INFO BlockManager: BlockManager stopped
[2025-07-09T12:10:02.349+0000] {spark_submit.py:644} INFO - 25/07/09 12:10:02 INFO BlockManagerMaster: BlockManagerMaster stopped
[2025-07-09T12:10:02.352+0000] {spark_submit.py:644} INFO - 25/07/09 12:10:02 INFO OutputCommitCoordinator$OutputCommitCoordinatorEndpoint: OutputCommitCoordinator stopped!
[2025-07-09T12:10:02.358+0000] {spark_submit.py:644} INFO - 25/07/09 12:10:02 INFO SparkContext: Successfully stopped SparkContext
[2025-07-09T12:10:03.278+0000] {spark_submit.py:644} INFO - 25/07/09 12:10:03 INFO ShutdownHookManager: Shutdown hook called
[2025-07-09T12:10:03.279+0000] {spark_submit.py:644} INFO - 25/07/09 12:10:03 INFO ShutdownHookManager: Deleting directory /tmp/spark-5a644b14-f025-45da-afc9-2da1317b861d
[2025-07-09T12:10:03.284+0000] {spark_submit.py:644} INFO - 25/07/09 12:10:03 INFO ShutdownHookManager: Deleting directory /tmp/spark-f13aaae2-94a0-499d-b7ef-9a9438a11d8f
[2025-07-09T12:10:03.290+0000] {spark_submit.py:644} INFO - 25/07/09 12:10:03 INFO ShutdownHookManager: Deleting directory /tmp/spark-f13aaae2-94a0-499d-b7ef-9a9438a11d8f/pyspark-4375f185-b3fa-4b7d-bef2-cf8e7264d2d2
[2025-07-09T12:10:03.361+0000] {taskinstance.py:349} INFO - ::group::Post task execution logs
[2025-07-09T12:10:03.362+0000] {taskinstance.py:361} INFO - Marking task as SUCCESS. dag_id=process_sword_messages, task_id=process_sword_messages, run_id=manual__2025-07-09T12:08:42.758715+00:00, execution_date=20250709T120842, start_date=20250709T120844, end_date=20250709T121003
[2025-07-09T12:10:03.560+0000] {local_task_job_runner.py:266} INFO - Task exited with return code 0
[2025-07-09T12:10:03.639+0000] {taskinstance.py:3924} INFO - 0 downstream tasks scheduled from follow-on schedule check
[2025-07-09T12:10:03.694+0000] {local_task_job_runner.py:245} INFO - ::endgroup::
