[2025-07-09T17:30:54.245+0000] {local_task_job_runner.py:123} INFO - ::group::Pre task execution logs
[2025-07-09T17:30:54.280+0000] {taskinstance.py:2631} INFO - Dependencies all met for dep_context=non-requeueable deps ti=<TaskInstance: process_sword_messages.process_sword_messages manual__2025-07-09T17:30:53.300821+00:00 [queued]>
[2025-07-09T17:30:54.292+0000] {taskinstance.py:2631} INFO - Dependencies all met for dep_context=requeueable deps ti=<TaskInstance: process_sword_messages.process_sword_messages manual__2025-07-09T17:30:53.300821+00:00 [queued]>
[2025-07-09T17:30:54.293+0000] {taskinstance.py:2884} INFO - Starting attempt 1 of 2
[2025-07-09T17:30:54.370+0000] {taskinstance.py:2907} INFO - Executing <Task(SparkSubmitOperator): process_sword_messages> on 2025-07-09 17:30:53.300821+00:00
[2025-07-09T17:30:54.377+0000] {logging_mixin.py:190} WARNING - /home/airflow/.local/lib/python3.12/site-packages/airflow/task/task_runner/standard_task_runner.py:70 DeprecationWarning: This process (pid=792) is multi-threaded, use of fork() may lead to deadlocks in the child.
[2025-07-09T17:30:54.378+0000] {standard_task_runner.py:72} INFO - Started process 793 to run task
[2025-07-09T17:30:54.377+0000] {standard_task_runner.py:104} INFO - Running: ['airflow', 'tasks', 'run', 'process_sword_messages', 'process_sword_messages', 'manual__2025-07-09T17:30:53.300821+00:00', '--job-id', '224', '--raw', '--subdir', 'DAGS_FOLDER/process_sword_messages.py', '--cfg-path', '/tmp/tmpkw6ktf2s']
[2025-07-09T17:30:54.379+0000] {standard_task_runner.py:105} INFO - Job 224: Subtask process_sword_messages
[2025-07-09T17:30:54.506+0000] {task_command.py:467} INFO - Running <TaskInstance: process_sword_messages.process_sword_messages manual__2025-07-09T17:30:53.300821+00:00 [running]> on host 38b7408c68d7
[2025-07-09T17:30:54.734+0000] {taskinstance.py:3157} INFO - Exporting env vars: AIRFLOW_CTX_DAG_OWNER='airflow' AIRFLOW_CTX_DAG_ID='process_sword_messages' AIRFLOW_CTX_TASK_ID='process_sword_messages' AIRFLOW_CTX_EXECUTION_DATE='2025-07-09T17:30:53.300821+00:00' AIRFLOW_CTX_TRY_NUMBER='1' AIRFLOW_CTX_DAG_RUN_ID='manual__2025-07-09T17:30:53.300821+00:00'
[2025-07-09T17:30:54.735+0000] {taskinstance.py:740} INFO - ::endgroup::
[2025-07-09T17:30:54.774+0000] {base.py:84} INFO - Retrieving connection 'spark-ebsim'
[2025-07-09T17:30:54.776+0000] {spark_submit.py:474} INFO - Spark-Submit cmd: spark-submit --master spark://spark-master:7077 --name arrow-spark --deploy-mode client /opt/bitnami/spark/jobs/sword_processor_job.py --input-file /opt/bitnami/spark/jobs/session-proto_1.pb
[2025-07-09T17:31:01.551+0000] {spark_submit.py:644} INFO - 25/07/09 17:31:01 INFO SparkContext: Running Spark version 3.5.5
[2025-07-09T17:31:01.553+0000] {spark_submit.py:644} INFO - 25/07/09 17:31:01 INFO SparkContext: OS info Linux, 5.15.167.4-microsoft-standard-WSL2, amd64
[2025-07-09T17:31:01.554+0000] {spark_submit.py:644} INFO - 25/07/09 17:31:01 INFO SparkContext: Java version 17.0.15
[2025-07-09T17:31:01.776+0000] {spark_submit.py:644} INFO - 25/07/09 17:31:01 WARN NativeCodeLoader: Unable to load native-hadoop library for your platform... using builtin-java classes where applicable
[2025-07-09T17:31:02.189+0000] {spark_submit.py:644} INFO - 25/07/09 17:31:02 INFO ResourceUtils: ==============================================================
[2025-07-09T17:31:02.190+0000] {spark_submit.py:644} INFO - 25/07/09 17:31:02 INFO ResourceUtils: No custom resources configured for spark.driver.
[2025-07-09T17:31:02.190+0000] {spark_submit.py:644} INFO - 25/07/09 17:31:02 INFO ResourceUtils: ==============================================================
[2025-07-09T17:31:02.191+0000] {spark_submit.py:644} INFO - 25/07/09 17:31:02 INFO SparkContext: Submitted application: SwordMessageProcessor
[2025-07-09T17:31:02.261+0000] {spark_submit.py:644} INFO - 25/07/09 17:31:02 INFO ResourceProfile: Default ResourceProfile created, executor resources: Map(memory -> name: memory, amount: 1024, script: , vendor: , offHeap -> name: offHeap, amount: 0, script: , vendor: ), task resources: Map(cpus -> name: cpus, amount: 1.0)
[2025-07-09T17:31:02.286+0000] {spark_submit.py:644} INFO - 25/07/09 17:31:02 INFO ResourceProfile: Limiting resource is cpu
[2025-07-09T17:31:02.287+0000] {spark_submit.py:644} INFO - 25/07/09 17:31:02 INFO ResourceProfileManager: Added ResourceProfile id: 0
[2025-07-09T17:31:02.616+0000] {spark_submit.py:644} INFO - 25/07/09 17:31:02 INFO SecurityManager: Changing view acls to: airflow
[2025-07-09T17:31:02.617+0000] {spark_submit.py:644} INFO - 25/07/09 17:31:02 INFO SecurityManager: Changing modify acls to: airflow
[2025-07-09T17:31:02.617+0000] {spark_submit.py:644} INFO - 25/07/09 17:31:02 INFO SecurityManager: Changing view acls groups to:
[2025-07-09T17:31:02.618+0000] {spark_submit.py:644} INFO - 25/07/09 17:31:02 INFO SecurityManager: Changing modify acls groups to:
[2025-07-09T17:31:02.619+0000] {spark_submit.py:644} INFO - 25/07/09 17:31:02 INFO SecurityManager: SecurityManager: authentication disabled; ui acls disabled; users with view permissions: airflow; groups with view permissions: EMPTY; users with modify permissions: airflow; groups with modify permissions: EMPTY
[2025-07-09T17:31:03.273+0000] {spark_submit.py:644} INFO - 25/07/09 17:31:03 INFO Utils: Successfully started service 'sparkDriver' on port 45403.
[2025-07-09T17:31:03.450+0000] {spark_submit.py:644} INFO - 25/07/09 17:31:03 INFO SparkEnv: Registering MapOutputTracker
[2025-07-09T17:31:03.564+0000] {spark_submit.py:644} INFO - 25/07/09 17:31:03 INFO SparkEnv: Registering BlockManagerMaster
[2025-07-09T17:31:03.633+0000] {spark_submit.py:644} INFO - 25/07/09 17:31:03 INFO BlockManagerMasterEndpoint: Using org.apache.spark.storage.DefaultTopologyMapper for getting topology information
[2025-07-09T17:31:03.634+0000] {spark_submit.py:644} INFO - 25/07/09 17:31:03 INFO BlockManagerMasterEndpoint: BlockManagerMasterEndpoint up
[2025-07-09T17:31:03.637+0000] {spark_submit.py:644} INFO - 25/07/09 17:31:03 INFO SparkEnv: Registering BlockManagerMasterHeartbeat
[2025-07-09T17:31:03.691+0000] {spark_submit.py:644} INFO - 25/07/09 17:31:03 INFO DiskBlockManager: Created local directory at /tmp/blockmgr-246a1e2b-2268-46fe-8b45-e4509fcd6f47
[2025-07-09T17:31:03.705+0000] {spark_submit.py:644} INFO - 25/07/09 17:31:03 INFO MemoryStore: MemoryStore started with capacity 434.4 MiB
[2025-07-09T17:31:03.720+0000] {spark_submit.py:644} INFO - 25/07/09 17:31:03 INFO SparkEnv: Registering OutputCommitCoordinator
[2025-07-09T17:31:04.395+0000] {spark_submit.py:644} INFO - 25/07/09 17:31:04 INFO JettyUtils: Start Jetty 0.0.0.0:4040 for SparkUI
[2025-07-09T17:31:04.477+0000] {spark_submit.py:644} INFO - 25/07/09 17:31:04 INFO Utils: Successfully started service 'SparkUI' on port 4040.
[2025-07-09T17:31:04.943+0000] {spark_submit.py:644} INFO - 25/07/09 17:31:04 INFO StandaloneAppClient$ClientEndpoint: Connecting to master spark://spark-master:7077...
[2025-07-09T17:31:05.371+0000] {spark_submit.py:644} INFO - 25/07/09 17:31:05 INFO TransportClientFactory: Successfully created connection to spark-master/172.19.0.5:7077 after 318 ms (0 ms spent in bootstraps)
[2025-07-09T17:31:05.580+0000] {spark_submit.py:644} INFO - 25/07/09 17:31:05 INFO StandaloneSchedulerBackend: Connected to Spark cluster with app ID app-20250709173105-0002
[2025-07-09T17:31:05.583+0000] {spark_submit.py:644} INFO - 25/07/09 17:31:05 INFO StandaloneAppClient$ClientEndpoint: Executor added: app-20250709173105-0002/0 on worker-20250709171731-172.19.0.7-37405 (172.19.0.7:37405) with 2 core(s)
[2025-07-09T17:31:05.585+0000] {spark_submit.py:644} INFO - 25/07/09 17:31:05 INFO StandaloneSchedulerBackend: Granted executor ID app-20250709173105-0002/0 on hostPort 172.19.0.7:37405 with 2 core(s), 1024.0 MiB RAM
[2025-07-09T17:31:05.623+0000] {spark_submit.py:644} INFO - 25/07/09 17:31:05 INFO Utils: Successfully started service 'org.apache.spark.network.netty.NettyBlockTransferService' on port 35183.
[2025-07-09T17:31:05.623+0000] {spark_submit.py:644} INFO - 25/07/09 17:31:05 INFO NettyBlockTransferService: Server created on 38b7408c68d7:35183
[2025-07-09T17:31:05.624+0000] {spark_submit.py:644} INFO - 25/07/09 17:31:05 INFO BlockManager: Using org.apache.spark.storage.RandomBlockReplicationPolicy for block replication policy
[2025-07-09T17:31:05.629+0000] {spark_submit.py:644} INFO - 25/07/09 17:31:05 INFO BlockManagerMaster: Registering BlockManager BlockManagerId(driver, 38b7408c68d7, 35183, None)
[2025-07-09T17:31:05.631+0000] {spark_submit.py:644} INFO - 25/07/09 17:31:05 INFO BlockManagerMasterEndpoint: Registering block manager 38b7408c68d7:35183 with 434.4 MiB RAM, BlockManagerId(driver, 38b7408c68d7, 35183, None)
[2025-07-09T17:31:05.634+0000] {spark_submit.py:644} INFO - 25/07/09 17:31:05 INFO BlockManagerMaster: Registered BlockManager BlockManagerId(driver, 38b7408c68d7, 35183, None)
[2025-07-09T17:31:05.635+0000] {spark_submit.py:644} INFO - 25/07/09 17:31:05 INFO BlockManager: Initialized BlockManager: BlockManagerId(driver, 38b7408c68d7, 35183, None)
[2025-07-09T17:31:05.712+0000] {spark_submit.py:644} INFO - 25/07/09 17:31:05 INFO StandaloneAppClient$ClientEndpoint: Executor updated: app-20250709173105-0002/0 is now RUNNING
[2025-07-09T17:31:06.184+0000] {spark_submit.py:644} INFO - 25/07/09 17:31:06 INFO StandaloneSchedulerBackend: SchedulerBackend is ready for scheduling beginning after reached minRegisteredResourcesRatio: 0.0
[2025-07-09T17:31:08.488+0000] {spark_submit.py:644} INFO - 25/07/09 17:31:08 INFO MemoryStore: Block broadcast_0 stored as values in memory (estimated size 292.2 KiB, free 434.1 MiB)
[2025-07-09T17:31:08.643+0000] {spark_submit.py:644} INFO - 25/07/09 17:31:08 INFO MemoryStore: Block broadcast_0_piece0 stored as bytes in memory (estimated size 32.7 KiB, free 434.1 MiB)
[2025-07-09T17:31:08.645+0000] {spark_submit.py:644} INFO - 25/07/09 17:31:08 INFO BlockManagerInfo: Added broadcast_0_piece0 in memory on 38b7408c68d7:35183 (size: 32.7 KiB, free: 434.4 MiB)
[2025-07-09T17:31:08.649+0000] {spark_submit.py:644} INFO - 25/07/09 17:31:08 INFO SparkContext: Created broadcast 0 from binaryFiles at NativeMethodAccessorImpl.java:0
[2025-07-09T17:31:08.700+0000] {spark_submit.py:644} INFO - 25/07/09 17:31:08 INFO StandaloneSchedulerBackend$StandaloneDriverEndpoint: Registered executor NettyRpcEndpointRef(spark-client://Executor) (172.19.0.7:37370) with ID 0,  ResourceProfileId 0
[2025-07-09T17:31:08.758+0000] {spark_submit.py:644} INFO - 25/07/09 17:31:08 INFO BlockManagerMasterEndpoint: Registering block manager 172.19.0.7:33021 with 434.4 MiB RAM, BlockManagerId(0, 172.19.0.7, 33021, None)
[2025-07-09T17:31:08.888+0000] {spark_submit.py:644} INFO - 25/07/09 17:31:08 INFO FileInputFormat: Total input files to process : 1
[2025-07-09T17:31:08.896+0000] {spark_submit.py:644} INFO - 25/07/09 17:31:08 INFO FileInputFormat: Total input files to process : 1
[2025-07-09T17:31:09.055+0000] {spark_submit.py:644} INFO - 25/07/09 17:31:09 INFO SparkContext: Starting job: collect at /opt/bitnami/spark/jobs/sword_processor_job.py:35
[2025-07-09T17:31:09.067+0000] {spark_submit.py:644} INFO - 25/07/09 17:31:09 INFO DAGScheduler: Got job 0 (collect at /opt/bitnami/spark/jobs/sword_processor_job.py:35) with 1 output partitions
[2025-07-09T17:31:09.068+0000] {spark_submit.py:644} INFO - 25/07/09 17:31:09 INFO DAGScheduler: Final stage: ResultStage 0 (collect at /opt/bitnami/spark/jobs/sword_processor_job.py:35)
[2025-07-09T17:31:09.079+0000] {spark_submit.py:644} INFO - 25/07/09 17:31:09 INFO DAGScheduler: Parents of final stage: List()
[2025-07-09T17:31:09.079+0000] {spark_submit.py:644} INFO - 25/07/09 17:31:09 INFO DAGScheduler: Missing parents: List()
[2025-07-09T17:31:09.080+0000] {spark_submit.py:644} INFO - 25/07/09 17:31:09 INFO DAGScheduler: Submitting ResultStage 0 (/opt/bitnami/spark/jobs/session-proto_1.pb BinaryFileRDD[0] at binaryFiles at NativeMethodAccessorImpl.java:0), which has no missing parents
[2025-07-09T17:31:09.111+0000] {spark_submit.py:644} INFO - 25/07/09 17:31:09 INFO MemoryStore: Block broadcast_1 stored as values in memory (estimated size 3.7 KiB, free 434.1 MiB)
[2025-07-09T17:31:09.114+0000] {spark_submit.py:644} INFO - 25/07/09 17:31:09 INFO MemoryStore: Block broadcast_1_piece0 stored as bytes in memory (estimated size 2.2 KiB, free 434.1 MiB)
[2025-07-09T17:31:09.114+0000] {spark_submit.py:644} INFO - 25/07/09 17:31:09 INFO BlockManagerInfo: Added broadcast_1_piece0 in memory on 38b7408c68d7:35183 (size: 2.2 KiB, free: 434.4 MiB)
[2025-07-09T17:31:09.116+0000] {spark_submit.py:644} INFO - 25/07/09 17:31:09 INFO SparkContext: Created broadcast 1 from broadcast at DAGScheduler.scala:1585
[2025-07-09T17:31:09.154+0000] {spark_submit.py:644} INFO - 25/07/09 17:31:09 INFO DAGScheduler: Submitting 1 missing tasks from ResultStage 0 (/opt/bitnami/spark/jobs/session-proto_1.pb BinaryFileRDD[0] at binaryFiles at NativeMethodAccessorImpl.java:0) (first 15 tasks are for partitions Vector(0))
[2025-07-09T17:31:09.155+0000] {spark_submit.py:644} INFO - 25/07/09 17:31:09 INFO TaskSchedulerImpl: Adding task set 0.0 with 1 tasks resource profile 0
[2025-07-09T17:31:09.195+0000] {spark_submit.py:644} INFO - 25/07/09 17:31:09 INFO TaskSetManager: Starting task 0.0 in stage 0.0 (TID 0) (172.19.0.7, executor 0, partition 0, PROCESS_LOCAL, 9142 bytes)
[2025-07-09T17:31:09.676+0000] {spark_submit.py:644} INFO - 25/07/09 17:31:09 INFO BlockManagerInfo: Added broadcast_1_piece0 in memory on 172.19.0.7:33021 (size: 2.2 KiB, free: 434.4 MiB)
[2025-07-09T17:31:10.169+0000] {spark_submit.py:644} INFO - 25/07/09 17:31:10 INFO BlockManagerInfo: Added broadcast_0_piece0 in memory on 172.19.0.7:33021 (size: 32.7 KiB, free: 434.4 MiB)
[2025-07-09T17:31:10.532+0000] {spark_submit.py:644} INFO - 25/07/09 17:31:10 INFO TaskSetManager: Finished task 0.0 in stage 0.0 (TID 0) in 1359 ms on 172.19.0.7 (executor 0) (1/1)
[2025-07-09T17:31:10.534+0000] {spark_submit.py:644} INFO - 25/07/09 17:31:10 INFO TaskSchedulerImpl: Removed TaskSet 0.0, whose tasks have all completed, from pool
[2025-07-09T17:31:10.540+0000] {spark_submit.py:644} INFO - 25/07/09 17:31:10 INFO DAGScheduler: ResultStage 0 (collect at /opt/bitnami/spark/jobs/sword_processor_job.py:35) finished in 1.431 s
[2025-07-09T17:31:10.545+0000] {spark_submit.py:644} INFO - 25/07/09 17:31:10 INFO DAGScheduler: Job 0 is finished. Cancelling potential speculative or zombie tasks for this job
[2025-07-09T17:31:10.545+0000] {spark_submit.py:644} INFO - 25/07/09 17:31:10 INFO TaskSchedulerImpl: Killing all running tasks in stage 0: Stage finished
[2025-07-09T17:31:10.548+0000] {spark_submit.py:644} INFO - 25/07/09 17:31:10 INFO DAGScheduler: Job 0 finished: collect at /opt/bitnami/spark/jobs/sword_processor_job.py:35, took 1.492393 s
[2025-07-09T17:31:10.637+0000] {spark_submit.py:644} INFO - 25/07/09 17:31:10 INFO SharedState: Setting hive.metastore.warehouse.dir ('null') to the value of spark.sql.warehouse.dir.
[2025-07-09T17:31:10.639+0000] {spark_submit.py:644} INFO - 25/07/09 17:31:10 INFO SharedState: Warehouse path is 'file:/opt/airflow/spark-warehouse'.
[2025-07-09T17:31:10.887+0000] {spark_submit.py:644} INFO - 25/07/09 17:31:10 INFO BlockManagerInfo: Removed broadcast_1_piece0 on 172.19.0.7:33021 in memory (size: 2.2 KiB, free: 434.4 MiB)
[2025-07-09T17:31:10.896+0000] {spark_submit.py:644} INFO - 25/07/09 17:31:10 INFO BlockManagerInfo: Removed broadcast_1_piece0 on 38b7408c68d7:35183 in memory (size: 2.2 KiB, free: 434.4 MiB)
[2025-07-09T17:31:11.530+0000] {spark_submit.py:644} INFO - 25/07/09 17:31:11 INFO InMemoryFileIndex: It took 21 ms to list leaf files for 1 paths.
[2025-07-09T17:31:12.201+0000] {spark_submit.py:644} INFO - Erro durante o processamento: DataFrame.collect() takes 1 positional argument but 2 were given
[2025-07-09T17:31:12.201+0000] {spark_submit.py:644} INFO - 25/07/09 17:31:12 INFO SparkContext: SparkContext is stopping with exitCode 0.
[2025-07-09T17:31:12.213+0000] {spark_submit.py:644} INFO - 25/07/09 17:31:12 INFO SparkUI: Stopped Spark web UI at http://38b7408c68d7:4040
[2025-07-09T17:31:12.219+0000] {spark_submit.py:644} INFO - 25/07/09 17:31:12 INFO StandaloneSchedulerBackend: Shutting down all executors
[2025-07-09T17:31:12.219+0000] {spark_submit.py:644} INFO - 25/07/09 17:31:12 INFO StandaloneSchedulerBackend$StandaloneDriverEndpoint: Asking each executor to shut down
[2025-07-09T17:31:12.239+0000] {spark_submit.py:644} INFO - 25/07/09 17:31:12 INFO MapOutputTrackerMasterEndpoint: MapOutputTrackerMasterEndpoint stopped!
[2025-07-09T17:31:12.252+0000] {spark_submit.py:644} INFO - 25/07/09 17:31:12 INFO MemoryStore: MemoryStore cleared
[2025-07-09T17:31:12.253+0000] {spark_submit.py:644} INFO - 25/07/09 17:31:12 INFO BlockManager: BlockManager stopped
[2025-07-09T17:31:12.256+0000] {spark_submit.py:644} INFO - 25/07/09 17:31:12 INFO BlockManagerMaster: BlockManagerMaster stopped
[2025-07-09T17:31:12.258+0000] {spark_submit.py:644} INFO - 25/07/09 17:31:12 INFO OutputCommitCoordinator$OutputCommitCoordinatorEndpoint: OutputCommitCoordinator stopped!
[2025-07-09T17:31:12.265+0000] {spark_submit.py:644} INFO - 25/07/09 17:31:12 INFO SparkContext: Successfully stopped SparkContext
[2025-07-09T17:31:12.724+0000] {spark_submit.py:644} INFO - Traceback (most recent call last):
[2025-07-09T17:31:12.724+0000] {spark_submit.py:644} INFO - File "/opt/bitnami/spark/jobs/sword_processor_job.py", line 144, in <module>
[2025-07-09T17:31:12.728+0000] {spark_submit.py:644} INFO - main()
[2025-07-09T17:31:12.729+0000] {spark_submit.py:644} INFO - File "/opt/bitnami/spark/jobs/sword_processor_job.py", line 133, in main
[2025-07-09T17:31:12.732+0000] {spark_submit.py:644} INFO - df = decode_messages_spark(spark, args.input_file)
[2025-07-09T17:31:12.733+0000] {spark_submit.py:644} INFO - ^^^^^^^^^^^^^^^^^^^^^^^^^^^^^^^^^^^^^^^^^^^^^
[2025-07-09T17:31:12.733+0000] {spark_submit.py:644} INFO - File "/opt/bitnami/spark/jobs/sword_processor_job.py", line 37, in decode_messages_spark
[2025-07-09T17:31:12.735+0000] {spark_submit.py:644} INFO - binary_data_2 = spark.read.format('binaryFile').load(input_file).collect('content')
[2025-07-09T17:31:12.736+0000] {spark_submit.py:644} INFO - ^^^^^^^^^^^^^^^^^^^^^^^^^^^^^^^^^^^^^^^^^^^^^^^^^^^^^^^^^^^^^^^^^^^
[2025-07-09T17:31:12.736+0000] {spark_submit.py:644} INFO - TypeError: DataFrame.collect() takes 1 positional argument but 2 were given
[2025-07-09T17:31:12.802+0000] {spark_submit.py:644} INFO - 25/07/09 17:31:12 INFO ShutdownHookManager: Shutdown hook called
[2025-07-09T17:31:12.803+0000] {spark_submit.py:644} INFO - 25/07/09 17:31:12 INFO ShutdownHookManager: Deleting directory /tmp/spark-05cdc0f6-0f76-429d-aa6a-8ec860cc06fe
[2025-07-09T17:31:12.808+0000] {spark_submit.py:644} INFO - 25/07/09 17:31:12 INFO ShutdownHookManager: Deleting directory /tmp/spark-6a7d85c5-8cab-4d8c-ba7b-c5013be6df65
[2025-07-09T17:31:12.812+0000] {spark_submit.py:644} INFO - 25/07/09 17:31:12 INFO ShutdownHookManager: Deleting directory /tmp/spark-05cdc0f6-0f76-429d-aa6a-8ec860cc06fe/pyspark-a1ec6180-7abb-4788-bd20-18f2853c8f85
[2025-07-09T17:31:12.859+0000] {taskinstance.py:3336} ERROR - Task failed with exception
Traceback (most recent call last):
  File "/home/airflow/.local/lib/python3.12/site-packages/airflow/models/taskinstance.py", line 776, in _execute_task
    result = _execute_callable(context=context, **execute_callable_kwargs)
             ^^^^^^^^^^^^^^^^^^^^^^^^^^^^^^^^^^^^^^^^^^^^^^^^^^^^^^^^^^^^^
  File "/home/airflow/.local/lib/python3.12/site-packages/airflow/models/taskinstance.py", line 742, in _execute_callable
    return ExecutionCallableRunner(
           ^^^^^^^^^^^^^^^^^^^^^^^^
  File "/home/airflow/.local/lib/python3.12/site-packages/airflow/utils/operator_helpers.py", line 252, in run
    return self.func(*args, **kwargs)
           ^^^^^^^^^^^^^^^^^^^^^^^^^^
  File "/home/airflow/.local/lib/python3.12/site-packages/airflow/models/baseoperator.py", line 424, in wrapper
    return func(self, *args, **kwargs)
           ^^^^^^^^^^^^^^^^^^^^^^^^^^^
  File "/home/airflow/.local/lib/python3.12/site-packages/airflow/providers/apache/spark/operators/spark_submit.py", line 197, in execute
    self._hook.submit(self.application)
  File "/home/airflow/.local/lib/python3.12/site-packages/airflow/providers/apache/spark/hooks/spark_submit.py", line 566, in submit
    raise AirflowException(
airflow.exceptions.AirflowException: Cannot execute: spark-submit --master spark://spark-master:7077 --name arrow-spark --deploy-mode client /opt/bitnami/spark/jobs/sword_processor_job.py --input-file /opt/bitnami/spark/jobs/session-proto_1.pb. Error code is: 1.
[2025-07-09T17:31:13.084+0000] {taskinstance.py:1242} INFO - Marking task as UP_FOR_RETRY. dag_id=process_sword_messages, task_id=process_sword_messages, run_id=manual__2025-07-09T17:30:53.300821+00:00, execution_date=20250709T173053, start_date=20250709T173054, end_date=20250709T173113
[2025-07-09T17:31:13.408+0000] {taskinstance.py:349} INFO - ::group::Post task execution logs
[2025-07-09T17:31:13.409+0000] {standard_task_runner.py:124} ERROR - Failed to execute job 224 for task process_sword_messages (Cannot execute: spark-submit --master spark://spark-master:7077 --name arrow-spark --deploy-mode client /opt/bitnami/spark/jobs/sword_processor_job.py --input-file /opt/bitnami/spark/jobs/session-proto_1.pb. Error code is: 1.; 793)
Traceback (most recent call last):
  File "/home/airflow/.local/lib/python3.12/site-packages/airflow/task/task_runner/standard_task_runner.py", line 117, in _start_by_fork
    ret = args.func(args, dag=self.dag)
          ^^^^^^^^^^^^^^^^^^^^^^^^^^^^^
  File "/home/airflow/.local/lib/python3.12/site-packages/airflow/cli/cli_config.py", line 49, in command
    return func(*args, **kwargs)
           ^^^^^^^^^^^^^^^^^^^^^
  File "/home/airflow/.local/lib/python3.12/site-packages/airflow/utils/cli.py", line 116, in wrapper
    return f(*args, **kwargs)
           ^^^^^^^^^^^^^^^^^^
  File "/home/airflow/.local/lib/python3.12/site-packages/airflow/cli/commands/task_command.py", line 483, in task_run
    task_return_code = _run_task_by_selected_method(args, _dag, ti)
                       ^^^^^^^^^^^^^^^^^^^^^^^^^^^^^^^^^^^^^^^^^^^^
  File "/home/airflow/.local/lib/python3.12/site-packages/airflow/cli/commands/task_command.py", line 256, in _run_task_by_selected_method
    return _run_raw_task(args, ti)
           ^^^^^^^^^^^^^^^^^^^^^^^
  File "/home/airflow/.local/lib/python3.12/site-packages/airflow/cli/commands/task_command.py", line 341, in _run_raw_task
    return ti._run_raw_task(
           ^^^^^^^^^^^^^^^^^
  File "/home/airflow/.local/lib/python3.12/site-packages/airflow/utils/session.py", line 97, in wrapper
    return func(*args, session=session, **kwargs)
           ^^^^^^^^^^^^^^^^^^^^^^^^^^^^^^^^^^^^^^
  File "/home/airflow/.local/lib/python3.12/site-packages/airflow/models/taskinstance.py", line 3029, in _run_raw_task
    return _run_raw_task(
           ^^^^^^^^^^^^^^
  File "/home/airflow/.local/lib/python3.12/site-packages/airflow/models/taskinstance.py", line 282, in _run_raw_task
    TaskInstance._execute_task_with_callbacks(
  File "/home/airflow/.local/lib/python3.12/site-packages/airflow/models/taskinstance.py", line 3184, in _execute_task_with_callbacks
    result = self._execute_task(context, task_orig)
             ^^^^^^^^^^^^^^^^^^^^^^^^^^^^^^^^^^^^^^
  File "/home/airflow/.local/lib/python3.12/site-packages/airflow/models/taskinstance.py", line 3208, in _execute_task
    return _execute_task(self, context, task_orig)
           ^^^^^^^^^^^^^^^^^^^^^^^^^^^^^^^^^^^^^^^
  File "/home/airflow/.local/lib/python3.12/site-packages/airflow/models/taskinstance.py", line 776, in _execute_task
    result = _execute_callable(context=context, **execute_callable_kwargs)
             ^^^^^^^^^^^^^^^^^^^^^^^^^^^^^^^^^^^^^^^^^^^^^^^^^^^^^^^^^^^^^
  File "/home/airflow/.local/lib/python3.12/site-packages/airflow/models/taskinstance.py", line 742, in _execute_callable
    return ExecutionCallableRunner(
           ^^^^^^^^^^^^^^^^^^^^^^^^
  File "/home/airflow/.local/lib/python3.12/site-packages/airflow/utils/operator_helpers.py", line 252, in run
    return self.func(*args, **kwargs)
           ^^^^^^^^^^^^^^^^^^^^^^^^^^
  File "/home/airflow/.local/lib/python3.12/site-packages/airflow/models/baseoperator.py", line 424, in wrapper
    return func(self, *args, **kwargs)
           ^^^^^^^^^^^^^^^^^^^^^^^^^^^
  File "/home/airflow/.local/lib/python3.12/site-packages/airflow/providers/apache/spark/operators/spark_submit.py", line 197, in execute
    self._hook.submit(self.application)
  File "/home/airflow/.local/lib/python3.12/site-packages/airflow/providers/apache/spark/hooks/spark_submit.py", line 566, in submit
    raise AirflowException(
airflow.exceptions.AirflowException: Cannot execute: spark-submit --master spark://spark-master:7077 --name arrow-spark --deploy-mode client /opt/bitnami/spark/jobs/sword_processor_job.py --input-file /opt/bitnami/spark/jobs/session-proto_1.pb. Error code is: 1.
[2025-07-09T17:31:13.489+0000] {local_task_job_runner.py:266} INFO - Task exited with return code 1
[2025-07-09T17:31:13.517+0000] {taskinstance.py:3924} INFO - 0 downstream tasks scheduled from follow-on schedule check
[2025-07-09T17:31:13.574+0000] {local_task_job_runner.py:245} INFO - ::endgroup::
