[2025-07-09T18:15:07.727+0000] {local_task_job_runner.py:123} INFO - ::group::Pre task execution logs
[2025-07-09T18:15:07.761+0000] {taskinstance.py:2631} INFO - Dependencies all met for dep_context=non-requeueable deps ti=<TaskInstance: process_exercises.process_exercises manual__2025-07-09T18:15:02.896310+00:00 [queued]>
[2025-07-09T18:15:07.771+0000] {taskinstance.py:2631} INFO - Dependencies all met for dep_context=requeueable deps ti=<TaskInstance: process_exercises.process_exercises manual__2025-07-09T18:15:02.896310+00:00 [queued]>
[2025-07-09T18:15:07.772+0000] {taskinstance.py:2884} INFO - Starting attempt 1 of 1
[2025-07-09T18:15:07.912+0000] {taskinstance.py:2907} INFO - Executing <Task(SparkSubmitOperator): process_exercises> on 2025-07-09 18:15:02.896310+00:00
[2025-07-09T18:15:07.918+0000] {logging_mixin.py:190} WARNING - /home/airflow/.local/lib/python3.12/site-packages/airflow/task/task_runner/standard_task_runner.py:70 DeprecationWarning: This process (pid=2549) is multi-threaded, use of fork() may lead to deadlocks in the child.
[2025-07-09T18:15:07.920+0000] {standard_task_runner.py:72} INFO - Started process 2550 to run task
[2025-07-09T18:15:07.918+0000] {standard_task_runner.py:104} INFO - Running: ['airflow', 'tasks', 'run', 'process_exercises', 'process_exercises', 'manual__2025-07-09T18:15:02.896310+00:00', '--job-id', '233', '--raw', '--subdir', 'DAGS_FOLDER/process_exercises.py', '--cfg-path', '/tmp/tmpzr3a6efi']
[2025-07-09T18:15:07.921+0000] {standard_task_runner.py:105} INFO - Job 233: Subtask process_exercises
[2025-07-09T18:15:08.199+0000] {task_command.py:467} INFO - Running <TaskInstance: process_exercises.process_exercises manual__2025-07-09T18:15:02.896310+00:00 [running]> on host 38b7408c68d7
[2025-07-09T18:15:08.627+0000] {taskinstance.py:3157} INFO - Exporting env vars: AIRFLOW_CTX_DAG_OWNER='airflow' AIRFLOW_CTX_DAG_ID='process_exercises' AIRFLOW_CTX_TASK_ID='process_exercises' AIRFLOW_CTX_EXECUTION_DATE='2025-07-09T18:15:02.896310+00:00' AIRFLOW_CTX_TRY_NUMBER='1' AIRFLOW_CTX_DAG_RUN_ID='manual__2025-07-09T18:15:02.896310+00:00'
[2025-07-09T18:15:08.628+0000] {taskinstance.py:740} INFO - ::endgroup::
[2025-07-09T18:15:08.662+0000] {base.py:84} INFO - Retrieving connection 'spark-ebsim'
[2025-07-09T18:15:08.670+0000] {spark_submit.py:474} INFO - Spark-Submit cmd: spark-submit --master spark://spark-master:7077 --jars /opt/bitnami/spark/jars/iceberg-spark-runtime-3.5_2.12-1.8.1.jar,/opt/bitnami/spark/jars/nessie-spark-extensions-3.5_2.12-0.103.2.jar,/opt/bitnami/spark/jars/nessie-client-0.103.2.jar,/opt/bitnami/spark/jars/hadoop-aws-3.3.2.jar,/opt/bitnami/spark/jars/aws-java-sdk-bundle-1.12.262.jar, --name arrow-spark --deploy-mode client /opt/bitnami/spark/jobs/process_exercises_job.py {"id": "CA-LESTE-construtiva-4455-2025-07-08", "manifest_entry": {"data": {"createdAt": "2025-07-08T19:50:09.281Z", "origin": "CA-LESTE", "path": "exercises/CA-LESTE-construtiva-4455-2025-07-08"}, "id": "CA-LESTE-construtiva-4455-2025-07-08"}, "metadata": {"createdAt": "2025-07-08T19:50:09.281Z", "description": "4455", "documents": [{"description": "", "id": "1752004297308", "mimetype": "application/pdf", "name": "Op Jacui IV - Ordem de Operacoes.pdf", "path": "exercises/CA-LESTE-construtiva-4455-2025-07-08/documents/Op Jacui IV - Ordem de Operacoes.pdf", "size": 336744, "uploadedAt": "2025-07-08T19:51:37.308Z"}], "endDate": "2025-07-22", "id": "CA-LESTE-construtiva-4455-2025-07-08", "name": "Jogo de Guerra", "origin": "CA-LESTE", "simulationType": "construtiva", "simulations": [{"id": "172.19.0.14_2025-07-08", "movedAt": "2025-07-08T19:51:46.649Z", "name": "172.19.0.14_2025-07-08", "originalPath": "staging/172.19.0.14_2025-07-08", "path": "exercises/CA-LESTE-construtiva-4455-2025-07-08/simulations/172.19.0.14_2025-07-08"}], "startDate": "2025-07-15", "trainedForce": "4455", "updatedAt": "2025-07-08T19:51:46.649Z", "wikiUrl": ""}}
[2025-07-09T18:15:10.533+0000] {spark_submit.py:644} INFO - 25/07/09 18:15:10 WARN NativeCodeLoader: Unable to load native-hadoop library for your platform... using builtin-java classes where applicable
[2025-07-09T18:15:12.799+0000] {spark_submit.py:644} INFO - [PROCESS EXERCISES] ℹ️ Iniciando processamento de exercícios
[2025-07-09T18:15:12.800+0000] {spark_submit.py:644} INFO - [PROCESS EXERCISES] ℹ️ Exercício selecionado: CA-LESTE-construtiva-4455-2025-07-08
[2025-07-09T18:15:12.800+0000] {spark_submit.py:644} INFO - [PROCESS EXERCISES] 🔄 Criando sessão Spark
[2025-07-09T18:15:13.438+0000] {spark_submit.py:644} INFO - 25/07/09 18:15:13 INFO SparkContext: Running Spark version 3.5.5
[2025-07-09T18:15:13.439+0000] {spark_submit.py:644} INFO - 25/07/09 18:15:13 INFO SparkContext: OS info Linux, 5.15.167.4-microsoft-standard-WSL2, amd64
[2025-07-09T18:15:13.440+0000] {spark_submit.py:644} INFO - 25/07/09 18:15:13 INFO SparkContext: Java version 17.0.15
[2025-07-09T18:15:13.464+0000] {spark_submit.py:644} INFO - 25/07/09 18:15:13 INFO ResourceUtils: ==============================================================
[2025-07-09T18:15:13.465+0000] {spark_submit.py:644} INFO - 25/07/09 18:15:13 INFO ResourceUtils: No custom resources configured for spark.driver.
[2025-07-09T18:15:13.466+0000] {spark_submit.py:644} INFO - 25/07/09 18:15:13 INFO ResourceUtils: ==============================================================
[2025-07-09T18:15:13.466+0000] {spark_submit.py:644} INFO - 25/07/09 18:15:13 INFO SparkContext: Submitted application: ProcessExercises
[2025-07-09T18:15:13.483+0000] {spark_submit.py:644} INFO - 25/07/09 18:15:13 INFO ResourceProfile: Default ResourceProfile created, executor resources: Map(memory -> name: memory, amount: 1024, script: , vendor: , offHeap -> name: offHeap, amount: 0, script: , vendor: ), task resources: Map(cpus -> name: cpus, amount: 1.0)
[2025-07-09T18:15:13.491+0000] {spark_submit.py:644} INFO - 25/07/09 18:15:13 INFO ResourceProfile: Limiting resource is cpu
[2025-07-09T18:15:13.491+0000] {spark_submit.py:644} INFO - 25/07/09 18:15:13 INFO ResourceProfileManager: Added ResourceProfile id: 0
[2025-07-09T18:15:13.550+0000] {spark_submit.py:644} INFO - 25/07/09 18:15:13 INFO SecurityManager: Changing view acls to: airflow
[2025-07-09T18:15:13.551+0000] {spark_submit.py:644} INFO - 25/07/09 18:15:13 INFO SecurityManager: Changing modify acls to: airflow
[2025-07-09T18:15:13.552+0000] {spark_submit.py:644} INFO - 25/07/09 18:15:13 INFO SecurityManager: Changing view acls groups to:
[2025-07-09T18:15:13.552+0000] {spark_submit.py:644} INFO - 25/07/09 18:15:13 INFO SecurityManager: Changing modify acls groups to:
[2025-07-09T18:15:13.553+0000] {spark_submit.py:644} INFO - 25/07/09 18:15:13 INFO SecurityManager: SecurityManager: authentication disabled; ui acls disabled; users with view permissions: airflow; groups with view permissions: EMPTY; users with modify permissions: airflow; groups with modify permissions: EMPTY
[2025-07-09T18:15:13.756+0000] {spark_submit.py:644} INFO - 25/07/09 18:15:13 INFO Utils: Successfully started service 'sparkDriver' on port 40867.
[2025-07-09T18:15:13.779+0000] {spark_submit.py:644} INFO - 25/07/09 18:15:13 INFO SparkEnv: Registering MapOutputTracker
[2025-07-09T18:15:13.807+0000] {spark_submit.py:644} INFO - 25/07/09 18:15:13 INFO SparkEnv: Registering BlockManagerMaster
[2025-07-09T18:15:13.819+0000] {spark_submit.py:644} INFO - 25/07/09 18:15:13 INFO BlockManagerMasterEndpoint: Using org.apache.spark.storage.DefaultTopologyMapper for getting topology information
[2025-07-09T18:15:13.820+0000] {spark_submit.py:644} INFO - 25/07/09 18:15:13 INFO BlockManagerMasterEndpoint: BlockManagerMasterEndpoint up
[2025-07-09T18:15:13.823+0000] {spark_submit.py:644} INFO - 25/07/09 18:15:13 INFO SparkEnv: Registering BlockManagerMasterHeartbeat
[2025-07-09T18:15:13.839+0000] {spark_submit.py:644} INFO - 25/07/09 18:15:13 INFO DiskBlockManager: Created local directory at /tmp/blockmgr-71384e7a-9450-4e9e-83ea-758336839635
[2025-07-09T18:15:13.850+0000] {spark_submit.py:644} INFO - 25/07/09 18:15:13 INFO MemoryStore: MemoryStore started with capacity 434.4 MiB
[2025-07-09T18:15:13.861+0000] {spark_submit.py:644} INFO - 25/07/09 18:15:13 INFO SparkEnv: Registering OutputCommitCoordinator
[2025-07-09T18:15:13.965+0000] {spark_submit.py:644} INFO - 25/07/09 18:15:13 INFO JettyUtils: Start Jetty 0.0.0.0:4040 for SparkUI
[2025-07-09T18:15:14.022+0000] {spark_submit.py:644} INFO - 25/07/09 18:15:14 INFO Utils: Successfully started service 'SparkUI' on port 4040.
[2025-07-09T18:15:14.053+0000] {spark_submit.py:644} INFO - 25/07/09 18:15:14 INFO SparkContext: Added JAR file:///opt/bitnami/spark/jars/iceberg-spark-runtime-3.5_2.12-1.8.1.jar at spark://38b7408c68d7:40867/jars/iceberg-spark-runtime-3.5_2.12-1.8.1.jar with timestamp 1752084913432
[2025-07-09T18:15:14.054+0000] {spark_submit.py:644} INFO - 25/07/09 18:15:14 INFO SparkContext: Added JAR file:///opt/bitnami/spark/jars/nessie-spark-extensions-3.5_2.12-0.103.2.jar at spark://38b7408c68d7:40867/jars/nessie-spark-extensions-3.5_2.12-0.103.2.jar with timestamp 1752084913432
[2025-07-09T18:15:14.056+0000] {spark_submit.py:644} INFO - 25/07/09 18:15:14 INFO SparkContext: Added JAR file:///opt/bitnami/spark/jars/nessie-client-0.103.2.jar at spark://38b7408c68d7:40867/jars/nessie-client-0.103.2.jar with timestamp 1752084913432
[2025-07-09T18:15:14.057+0000] {spark_submit.py:644} INFO - 25/07/09 18:15:14 INFO SparkContext: Added JAR file:///opt/bitnami/spark/jars/hadoop-aws-3.3.2.jar at spark://38b7408c68d7:40867/jars/hadoop-aws-3.3.2.jar with timestamp 1752084913432
[2025-07-09T18:15:14.058+0000] {spark_submit.py:644} INFO - 25/07/09 18:15:14 INFO SparkContext: Added JAR file:///opt/bitnami/spark/jars/aws-java-sdk-bundle-1.12.262.jar at spark://38b7408c68d7:40867/jars/aws-java-sdk-bundle-1.12.262.jar with timestamp 1752084913432
[2025-07-09T18:15:14.146+0000] {spark_submit.py:644} INFO - 25/07/09 18:15:14 INFO StandaloneAppClient$ClientEndpoint: Connecting to master spark://spark-master:7077...
[2025-07-09T18:15:14.184+0000] {spark_submit.py:644} INFO - 25/07/09 18:15:14 INFO TransportClientFactory: Successfully created connection to spark-master/172.19.0.5:7077 after 21 ms (0 ms spent in bootstraps)
[2025-07-09T18:15:14.290+0000] {spark_submit.py:644} INFO - 25/07/09 18:15:14 INFO StandaloneSchedulerBackend: Connected to Spark cluster with app ID app-20250709181514-0007
[2025-07-09T18:15:14.293+0000] {spark_submit.py:644} INFO - 25/07/09 18:15:14 INFO StandaloneAppClient$ClientEndpoint: Executor added: app-20250709181514-0007/0 on worker-20250709171731-172.19.0.7-37405 (172.19.0.7:37405) with 2 core(s)
[2025-07-09T18:15:14.294+0000] {spark_submit.py:644} INFO - 25/07/09 18:15:14 INFO StandaloneSchedulerBackend: Granted executor ID app-20250709181514-0007/0 on hostPort 172.19.0.7:37405 with 2 core(s), 1024.0 MiB RAM
[2025-07-09T18:15:14.316+0000] {spark_submit.py:644} INFO - 25/07/09 18:15:14 INFO Utils: Successfully started service 'org.apache.spark.network.netty.NettyBlockTransferService' on port 39943.
[2025-07-09T18:15:14.317+0000] {spark_submit.py:644} INFO - 25/07/09 18:15:14 INFO NettyBlockTransferService: Server created on 38b7408c68d7:39943
[2025-07-09T18:15:14.318+0000] {spark_submit.py:644} INFO - 25/07/09 18:15:14 INFO BlockManager: Using org.apache.spark.storage.RandomBlockReplicationPolicy for block replication policy
[2025-07-09T18:15:14.318+0000] {spark_submit.py:644} INFO - 25/07/09 18:15:14 INFO BlockManagerMaster: Registering BlockManager BlockManagerId(driver, 38b7408c68d7, 39943, None)
[2025-07-09T18:15:14.319+0000] {spark_submit.py:644} INFO - 25/07/09 18:15:14 INFO BlockManagerMasterEndpoint: Registering block manager 38b7408c68d7:39943 with 434.4 MiB RAM, BlockManagerId(driver, 38b7408c68d7, 39943, None)
[2025-07-09T18:15:14.320+0000] {spark_submit.py:644} INFO - 25/07/09 18:15:14 INFO BlockManagerMaster: Registered BlockManager BlockManagerId(driver, 38b7408c68d7, 39943, None)
[2025-07-09T18:15:14.320+0000] {spark_submit.py:644} INFO - 25/07/09 18:15:14 INFO BlockManager: Initialized BlockManager: BlockManagerId(driver, 38b7408c68d7, 39943, None)
[2025-07-09T18:15:14.358+0000] {spark_submit.py:644} INFO - 25/07/09 18:15:14 INFO StandaloneAppClient$ClientEndpoint: Executor updated: app-20250709181514-0007/0 is now RUNNING
[2025-07-09T18:15:14.554+0000] {spark_submit.py:644} INFO - 25/07/09 18:15:14 INFO StandaloneSchedulerBackend: SchedulerBackend is ready for scheduling beginning after reached minRegisteredResourcesRatio: 0.0
[2025-07-09T18:15:14.759+0000] {spark_submit.py:644} INFO - [PROCESS EXERCISES] ✅ Sessão Spark criada com sucesso
[2025-07-09T18:15:14.760+0000] {spark_submit.py:644} INFO - [PROCESS EXERCISES] ✅ Processador de exercícios inicializado
[2025-07-09T18:15:14.760+0000] {spark_submit.py:644} INFO - [PROCESS EXERCISES] 🔄 Criando namespace nessie.exercises
[2025-07-09T18:15:14.766+0000] {spark_submit.py:644} INFO - 25/07/09 18:15:14 INFO SharedState: Setting hive.metastore.warehouse.dir ('null') to the value of spark.sql.warehouse.dir.
[2025-07-09T18:15:14.770+0000] {spark_submit.py:644} INFO - 25/07/09 18:15:14 INFO SharedState: Warehouse path is 'file:/opt/airflow/spark-warehouse'.
[2025-07-09T18:15:16.929+0000] {spark_submit.py:644} INFO - 25/07/09 18:15:16 INFO StandaloneSchedulerBackend$StandaloneDriverEndpoint: Registered executor NettyRpcEndpointRef(spark-client://Executor) (172.19.0.7:52204) with ID 0,  ResourceProfileId 0
[2025-07-09T18:15:16.994+0000] {spark_submit.py:644} INFO - 25/07/09 18:15:16 INFO BlockManagerMasterEndpoint: Registering block manager 172.19.0.7:43903 with 434.4 MiB RAM, BlockManagerId(0, 172.19.0.7, 43903, None)
[2025-07-09T18:15:17.431+0000] {spark_submit.py:644} INFO - 25/07/09 18:15:17 INFO CatalogUtil: Loading custom FileIO implementation: org.apache.iceberg.hadoop.HadoopFileIO
[2025-07-09T18:15:18.903+0000] {spark_submit.py:644} INFO - [PROCESS EXERCISES] ✅ Namespace criado/verificado com sucesso
[2025-07-09T18:15:18.904+0000] {spark_submit.py:644} INFO - [PROCESS EXERCISES] 🔄 === FASE 1: PROCESSAMENTO DE DOCUMENTOS ===
[2025-07-09T18:15:18.904+0000] {spark_submit.py:644} INFO - [PROCESS EXERCISES] 🔄 Iniciando processamento de documentos PDF em lote
[2025-07-09T18:15:18.905+0000] {spark_submit.py:644} INFO - [PROCESS EXERCISES] ℹ️ Encontrados 1 documentos
[2025-07-09T18:15:18.906+0000] {spark_submit.py:644} INFO - [PROCESS EXERCISES] ℹ️ Processando 1 documentos PDF válidos
[2025-07-09T18:15:18.906+0000] {spark_submit.py:644} INFO - [PROCESS EXERCISES] ℹ️ Carregando documentos PDF: 1 arquivos
[2025-07-09T18:15:23.703+0000] {spark_submit.py:644} INFO - 25/07/09 18:15:23 WARN MetricsConfig: Cannot locate configuration: tried hadoop-metrics2-s3a-file-system.properties,hadoop-metrics2.properties
[2025-07-09T18:15:23.718+0000] {spark_submit.py:644} INFO - 25/07/09 18:15:23 INFO MetricsSystemImpl: Scheduled Metric snapshot period at 10 second(s).
[2025-07-09T18:15:23.719+0000] {spark_submit.py:644} INFO - 25/07/09 18:15:23 INFO MetricsSystemImpl: s3a-file-system metrics system started
[2025-07-09T18:15:25.278+0000] {spark_submit.py:644} INFO - 25/07/09 18:15:25 INFO InMemoryFileIndex: It took 49 ms to list leaf files for 1 paths.
[2025-07-09T18:15:25.689+0000] {spark_submit.py:644} INFO - 25/07/09 18:15:25 INFO FileSourceStrategy: Pushed Filters:
[2025-07-09T18:15:25.690+0000] {spark_submit.py:644} INFO - 25/07/09 18:15:25 INFO FileSourceStrategy: Post-Scan Filters:
[2025-07-09T18:15:26.111+0000] {spark_submit.py:644} INFO - 25/07/09 18:15:26 INFO CodeGenerator: Code generated in 178.150707 ms
[2025-07-09T18:15:26.154+0000] {spark_submit.py:644} INFO - 25/07/09 18:15:26 INFO MemoryStore: Block broadcast_0 stored as values in memory (estimated size 203.5 KiB, free 434.2 MiB)
[2025-07-09T18:15:26.225+0000] {spark_submit.py:644} INFO - 25/07/09 18:15:26 INFO MemoryStore: Block broadcast_0_piece0 stored as bytes in memory (estimated size 35.7 KiB, free 434.2 MiB)
[2025-07-09T18:15:26.306+0000] {spark_submit.py:644} INFO - 25/07/09 18:15:26 INFO BlockManagerInfo: Added broadcast_0_piece0 in memory on 38b7408c68d7:39943 (size: 35.7 KiB, free: 434.4 MiB)
[2025-07-09T18:15:26.310+0000] {spark_submit.py:644} INFO - 25/07/09 18:15:26 INFO SparkContext: Created broadcast 0 from collect at /opt/bitnami/spark/jobs/process_exercises_job.py:394
[2025-07-09T18:15:26.320+0000] {spark_submit.py:644} INFO - 25/07/09 18:15:26 INFO FileSourceScanExec: Planning scan with bin packing, max size: 4194304 bytes, open cost is considered as scanning 4194304 bytes.
[2025-07-09T18:15:26.474+0000] {spark_submit.py:644} INFO - 25/07/09 18:15:26 INFO SparkContext: Starting job: collect at /opt/bitnami/spark/jobs/process_exercises_job.py:394
[2025-07-09T18:15:26.489+0000] {spark_submit.py:644} INFO - 25/07/09 18:15:26 INFO DAGScheduler: Got job 0 (collect at /opt/bitnami/spark/jobs/process_exercises_job.py:394) with 1 output partitions
[2025-07-09T18:15:26.490+0000] {spark_submit.py:644} INFO - 25/07/09 18:15:26 INFO DAGScheduler: Final stage: ResultStage 0 (collect at /opt/bitnami/spark/jobs/process_exercises_job.py:394)
[2025-07-09T18:15:26.490+0000] {spark_submit.py:644} INFO - 25/07/09 18:15:26 INFO DAGScheduler: Parents of final stage: List()
[2025-07-09T18:15:26.492+0000] {spark_submit.py:644} INFO - 25/07/09 18:15:26 INFO DAGScheduler: Missing parents: List()
[2025-07-09T18:15:26.496+0000] {spark_submit.py:644} INFO - 25/07/09 18:15:26 INFO DAGScheduler: Submitting ResultStage 0 (MapPartitionsRDD[5] at collect at /opt/bitnami/spark/jobs/process_exercises_job.py:394), which has no missing parents
[2025-07-09T18:15:26.530+0000] {spark_submit.py:644} INFO - 25/07/09 18:15:26 INFO MemoryStore: Block broadcast_1 stored as values in memory (estimated size 27.8 KiB, free 434.1 MiB)
[2025-07-09T18:15:26.746+0000] {spark_submit.py:644} INFO - 25/07/09 18:15:26 INFO MemoryStore: Block broadcast_1_piece0 stored as bytes in memory (estimated size 13.8 KiB, free 434.1 MiB)
[2025-07-09T18:15:26.747+0000] {spark_submit.py:644} INFO - 25/07/09 18:15:26 INFO BlockManagerInfo: Added broadcast_1_piece0 in memory on 38b7408c68d7:39943 (size: 13.8 KiB, free: 434.4 MiB)
[2025-07-09T18:15:26.747+0000] {spark_submit.py:644} INFO - 25/07/09 18:15:26 INFO SparkContext: Created broadcast 1 from broadcast at DAGScheduler.scala:1585
[2025-07-09T18:15:26.761+0000] {spark_submit.py:644} INFO - 25/07/09 18:15:26 INFO DAGScheduler: Submitting 1 missing tasks from ResultStage 0 (MapPartitionsRDD[5] at collect at /opt/bitnami/spark/jobs/process_exercises_job.py:394) (first 15 tasks are for partitions Vector(0))
[2025-07-09T18:15:26.762+0000] {spark_submit.py:644} INFO - 25/07/09 18:15:26 INFO TaskSchedulerImpl: Adding task set 0.0 with 1 tasks resource profile 0
[2025-07-09T18:15:28.011+0000] {spark_submit.py:644} INFO - 25/07/09 18:15:28 INFO TaskSetManager: Starting task 0.0 in stage 0.0 (TID 0) (172.19.0.7, executor 0, partition 0, PROCESS_LOCAL, 10199 bytes)
[2025-07-09T18:15:28.958+0000] {spark_submit.py:644} INFO - 25/07/09 18:15:28 INFO BlockManagerInfo: Added broadcast_1_piece0 in memory on 172.19.0.7:43903 (size: 13.8 KiB, free: 434.4 MiB)
[2025-07-09T18:15:31.445+0000] {spark_submit.py:644} INFO - 25/07/09 18:15:31 INFO BlockManagerInfo: Added broadcast_0_piece0 in memory on 172.19.0.7:43903 (size: 35.7 KiB, free: 434.4 MiB)
[2025-07-09T18:15:35.263+0000] {spark_submit.py:644} INFO - 25/07/09 18:15:35 INFO TaskSetManager: Finished task 0.0 in stage 0.0 (TID 0) in 7262 ms on 172.19.0.7 (executor 0) (1/1)
[2025-07-09T18:15:35.265+0000] {spark_submit.py:644} INFO - 25/07/09 18:15:35 INFO TaskSchedulerImpl: Removed TaskSet 0.0, whose tasks have all completed, from pool
[2025-07-09T18:15:35.268+0000] {spark_submit.py:644} INFO - 25/07/09 18:15:35 INFO PythonAccumulatorV2: Connected to AccumulatorServer at host: 127.0.0.1 port: 35891
[2025-07-09T18:15:35.272+0000] {spark_submit.py:644} INFO - 25/07/09 18:15:35 INFO DAGScheduler: ResultStage 0 (collect at /opt/bitnami/spark/jobs/process_exercises_job.py:394) finished in 8.745 s
[2025-07-09T18:15:35.275+0000] {spark_submit.py:644} INFO - 25/07/09 18:15:35 INFO DAGScheduler: Job 0 is finished. Cancelling potential speculative or zombie tasks for this job
[2025-07-09T18:15:35.276+0000] {spark_submit.py:644} INFO - 25/07/09 18:15:35 INFO TaskSchedulerImpl: Killing all running tasks in stage 0: Stage finished
[2025-07-09T18:15:35.277+0000] {spark_submit.py:644} INFO - 25/07/09 18:15:35 INFO DAGScheduler: Job 0 finished: collect at /opt/bitnami/spark/jobs/process_exercises_job.py:394, took 8.803544 s
[2025-07-09T18:15:35.470+0000] {spark_submit.py:644} INFO - [PROCESS EXERCISES] ✅ Documento processado com sucesso: Op Jacui IV - Ordem de Operacoes.pdf
[2025-07-09T18:15:35.471+0000] {spark_submit.py:644} INFO - [PROCESS EXERCISES] ✅ Processamento de documentos concluído em lote:
[2025-07-09T18:15:35.471+0000] {spark_submit.py:644} INFO - [PROCESS EXERCISES] ✅   • Total processados: 1
[2025-07-09T18:15:35.472+0000] {spark_submit.py:644} INFO - [PROCESS EXERCISES] ✅   • Sucessos: 1
[2025-07-09T18:15:35.472+0000] {spark_submit.py:644} INFO - [PROCESS EXERCISES] ✅   • Erros: 0
[2025-07-09T18:15:36.286+0000] {spark_submit.py:644} INFO - 25/07/09 18:15:36 INFO CodeGenerator: Code generated in 19.920509 ms
[2025-07-09T18:15:36.318+0000] {spark_submit.py:644} INFO - 25/07/09 18:15:36 INFO DAGScheduler: Registering RDD 12 (count at NativeMethodAccessorImpl.java:0) as input to shuffle 0
[2025-07-09T18:15:36.322+0000] {spark_submit.py:644} INFO - 25/07/09 18:15:36 INFO DAGScheduler: Got map stage job 1 (count at NativeMethodAccessorImpl.java:0) with 2 output partitions
[2025-07-09T18:15:36.323+0000] {spark_submit.py:644} INFO - 25/07/09 18:15:36 INFO DAGScheduler: Final stage: ShuffleMapStage 1 (count at NativeMethodAccessorImpl.java:0)
[2025-07-09T18:15:36.323+0000] {spark_submit.py:644} INFO - 25/07/09 18:15:36 INFO DAGScheduler: Parents of final stage: List()
[2025-07-09T18:15:36.324+0000] {spark_submit.py:644} INFO - 25/07/09 18:15:36 INFO DAGScheduler: Missing parents: List()
[2025-07-09T18:15:36.324+0000] {spark_submit.py:644} INFO - 25/07/09 18:15:36 INFO DAGScheduler: Submitting ShuffleMapStage 1 (MapPartitionsRDD[12] at count at NativeMethodAccessorImpl.java:0), which has no missing parents
[2025-07-09T18:15:36.340+0000] {spark_submit.py:644} INFO - 25/07/09 18:15:36 INFO MemoryStore: Block broadcast_2 stored as values in memory (estimated size 16.0 KiB, free 434.1 MiB)
[2025-07-09T18:15:36.390+0000] {spark_submit.py:644} INFO - 25/07/09 18:15:36 INFO MemoryStore: Block broadcast_2_piece0 stored as bytes in memory (estimated size 8.4 KiB, free 434.1 MiB)
[2025-07-09T18:15:36.398+0000] {spark_submit.py:644} INFO - 25/07/09 18:15:36 INFO BlockManagerInfo: Added broadcast_2_piece0 in memory on 38b7408c68d7:39943 (size: 8.4 KiB, free: 434.3 MiB)
[2025-07-09T18:15:36.399+0000] {spark_submit.py:644} INFO - 25/07/09 18:15:36 INFO SparkContext: Created broadcast 2 from broadcast at DAGScheduler.scala:1585
[2025-07-09T18:15:36.401+0000] {spark_submit.py:644} INFO - 25/07/09 18:15:36 INFO DAGScheduler: Submitting 2 missing tasks from ShuffleMapStage 1 (MapPartitionsRDD[12] at count at NativeMethodAccessorImpl.java:0) (first 15 tasks are for partitions Vector(0, 1))
[2025-07-09T18:15:36.402+0000] {spark_submit.py:644} INFO - 25/07/09 18:15:36 INFO TaskSchedulerImpl: Adding task set 1.0 with 2 tasks resource profile 0
[2025-07-09T18:15:36.405+0000] {spark_submit.py:644} INFO - 25/07/09 18:15:36 INFO TaskSetManager: Starting task 0.0 in stage 1.0 (TID 1) (172.19.0.7, executor 0, partition 0, PROCESS_LOCAL, 9487 bytes)
[2025-07-09T18:15:36.406+0000] {spark_submit.py:644} INFO - 25/07/09 18:15:36 INFO TaskSetManager: Starting task 1.0 in stage 1.0 (TID 2) (172.19.0.7, executor 0, partition 1, PROCESS_LOCAL, 26222 bytes)
[2025-07-09T18:15:36.407+0000] {spark_submit.py:644} INFO - 25/07/09 18:15:36 INFO BlockManagerInfo: Removed broadcast_1_piece0 on 38b7408c68d7:39943 in memory (size: 13.8 KiB, free: 434.4 MiB)
[2025-07-09T18:15:36.427+0000] {spark_submit.py:644} INFO - 25/07/09 18:15:36 INFO BlockManagerInfo: Removed broadcast_1_piece0 on 172.19.0.7:43903 in memory (size: 13.8 KiB, free: 434.4 MiB)
[2025-07-09T18:15:36.485+0000] {spark_submit.py:644} INFO - 25/07/09 18:15:36 INFO BlockManagerInfo: Added broadcast_2_piece0 in memory on 172.19.0.7:43903 (size: 8.4 KiB, free: 434.4 MiB)
[2025-07-09T18:15:42.070+0000] {spark_submit.py:644} INFO - 25/07/09 18:15:42 INFO TaskSetManager: Finished task 1.0 in stage 1.0 (TID 2) in 5665 ms on 172.19.0.7 (executor 0) (1/2)
[2025-07-09T18:15:42.071+0000] {spark_submit.py:644} INFO - 25/07/09 18:15:42 INFO TaskSetManager: Finished task 0.0 in stage 1.0 (TID 1) in 5668 ms on 172.19.0.7 (executor 0) (2/2)
[2025-07-09T18:15:42.072+0000] {spark_submit.py:644} INFO - 25/07/09 18:15:42 INFO TaskSchedulerImpl: Removed TaskSet 1.0, whose tasks have all completed, from pool
[2025-07-09T18:15:42.074+0000] {spark_submit.py:644} INFO - 25/07/09 18:15:42 INFO DAGScheduler: ShuffleMapStage 1 (count at NativeMethodAccessorImpl.java:0) finished in 5.746 s
[2025-07-09T18:15:42.075+0000] {spark_submit.py:644} INFO - 25/07/09 18:15:42 INFO DAGScheduler: looking for newly runnable stages
[2025-07-09T18:15:42.076+0000] {spark_submit.py:644} INFO - 25/07/09 18:15:42 INFO DAGScheduler: running: Set()
[2025-07-09T18:15:42.076+0000] {spark_submit.py:644} INFO - 25/07/09 18:15:42 INFO DAGScheduler: waiting: Set()
[2025-07-09T18:15:42.077+0000] {spark_submit.py:644} INFO - 25/07/09 18:15:42 INFO DAGScheduler: failed: Set()
[2025-07-09T18:15:42.117+0000] {spark_submit.py:644} INFO - 25/07/09 18:15:42 INFO CodeGenerator: Code generated in 17.97225 ms
[2025-07-09T18:15:42.135+0000] {spark_submit.py:644} INFO - 25/07/09 18:15:42 INFO SparkContext: Starting job: count at NativeMethodAccessorImpl.java:0
[2025-07-09T18:15:42.138+0000] {spark_submit.py:644} INFO - 25/07/09 18:15:42 INFO DAGScheduler: Got job 2 (count at NativeMethodAccessorImpl.java:0) with 1 output partitions
[2025-07-09T18:15:42.139+0000] {spark_submit.py:644} INFO - 25/07/09 18:15:42 INFO DAGScheduler: Final stage: ResultStage 3 (count at NativeMethodAccessorImpl.java:0)
[2025-07-09T18:15:42.139+0000] {spark_submit.py:644} INFO - 25/07/09 18:15:42 INFO DAGScheduler: Parents of final stage: List(ShuffleMapStage 2)
[2025-07-09T18:15:42.140+0000] {spark_submit.py:644} INFO - 25/07/09 18:15:42 INFO DAGScheduler: Missing parents: List()
[2025-07-09T18:15:42.141+0000] {spark_submit.py:644} INFO - 25/07/09 18:15:42 INFO DAGScheduler: Submitting ResultStage 3 (MapPartitionsRDD[15] at count at NativeMethodAccessorImpl.java:0), which has no missing parents
[2025-07-09T18:15:42.150+0000] {spark_submit.py:644} INFO - 25/07/09 18:15:42 INFO MemoryStore: Block broadcast_3 stored as values in memory (estimated size 12.5 KiB, free 434.1 MiB)
[2025-07-09T18:15:42.160+0000] {spark_submit.py:644} INFO - 25/07/09 18:15:42 INFO MemoryStore: Block broadcast_3_piece0 stored as bytes in memory (estimated size 5.9 KiB, free 434.1 MiB)
[2025-07-09T18:15:42.161+0000] {spark_submit.py:644} INFO - 25/07/09 18:15:42 INFO BlockManagerInfo: Added broadcast_3_piece0 in memory on 38b7408c68d7:39943 (size: 5.9 KiB, free: 434.4 MiB)
[2025-07-09T18:15:42.162+0000] {spark_submit.py:644} INFO - 25/07/09 18:15:42 INFO SparkContext: Created broadcast 3 from broadcast at DAGScheduler.scala:1585
[2025-07-09T18:15:42.162+0000] {spark_submit.py:644} INFO - 25/07/09 18:15:42 INFO BlockManagerInfo: Removed broadcast_2_piece0 on 38b7408c68d7:39943 in memory (size: 8.4 KiB, free: 434.4 MiB)
[2025-07-09T18:15:42.163+0000] {spark_submit.py:644} INFO - 25/07/09 18:15:42 INFO DAGScheduler: Submitting 1 missing tasks from ResultStage 3 (MapPartitionsRDD[15] at count at NativeMethodAccessorImpl.java:0) (first 15 tasks are for partitions Vector(0))
[2025-07-09T18:15:42.164+0000] {spark_submit.py:644} INFO - 25/07/09 18:15:42 INFO TaskSchedulerImpl: Adding task set 3.0 with 1 tasks resource profile 0
[2025-07-09T18:15:42.164+0000] {spark_submit.py:644} INFO - 25/07/09 18:15:42 INFO BlockManagerInfo: Removed broadcast_2_piece0 on 172.19.0.7:43903 in memory (size: 8.4 KiB, free: 434.4 MiB)
[2025-07-09T18:15:42.171+0000] {spark_submit.py:644} INFO - 25/07/09 18:15:42 INFO TaskSetManager: Starting task 0.0 in stage 3.0 (TID 3) (172.19.0.7, executor 0, partition 0, NODE_LOCAL, 9518 bytes)
[2025-07-09T18:15:42.188+0000] {spark_submit.py:644} INFO - 25/07/09 18:15:42 INFO BlockManagerInfo: Added broadcast_3_piece0 in memory on 172.19.0.7:43903 (size: 5.9 KiB, free: 434.4 MiB)
[2025-07-09T18:15:42.230+0000] {spark_submit.py:644} INFO - 25/07/09 18:15:42 INFO MapOutputTrackerMasterEndpoint: Asked to send map output locations for shuffle 0 to 172.19.0.7:52204
[2025-07-09T18:15:42.441+0000] {spark_submit.py:644} INFO - 25/07/09 18:15:42 INFO TaskSetManager: Finished task 0.0 in stage 3.0 (TID 3) in 272 ms on 172.19.0.7 (executor 0) (1/1)
[2025-07-09T18:15:42.442+0000] {spark_submit.py:644} INFO - 25/07/09 18:15:42 INFO TaskSchedulerImpl: Removed TaskSet 3.0, whose tasks have all completed, from pool
[2025-07-09T18:15:42.442+0000] {spark_submit.py:644} INFO - 25/07/09 18:15:42 INFO DAGScheduler: ResultStage 3 (count at NativeMethodAccessorImpl.java:0) finished in 0.294 s
[2025-07-09T18:15:42.443+0000] {spark_submit.py:644} INFO - 25/07/09 18:15:42 INFO DAGScheduler: Job 2 is finished. Cancelling potential speculative or zombie tasks for this job
[2025-07-09T18:15:42.444+0000] {spark_submit.py:644} INFO - 25/07/09 18:15:42 INFO TaskSchedulerImpl: Killing all running tasks in stage 3: Stage finished
[2025-07-09T18:15:42.445+0000] {spark_submit.py:644} INFO - 25/07/09 18:15:42 INFO DAGScheduler: Job 2 finished: count at NativeMethodAccessorImpl.java:0, took 0.308214 s
[2025-07-09T18:15:42.447+0000] {spark_submit.py:644} INFO - [PROCESS EXERCISES] ℹ️ Salvando 1 registros na tabela nessie.exercises.pdf_documents
[2025-07-09T18:15:42.520+0000] {spark_submit.py:644} INFO - 25/07/09 18:15:42 INFO BaseMetastoreTableOperations: Refreshing table metadata from new version: s3a://warehouse/exercises/pdf_documents_3f2f6938-06f1-4401-a884-d6a6de9720a0/metadata/00044-b35037de-2773-49f2-bf91-5bd9d05cf3ec.metadata.json
[2025-07-09T18:15:42.688+0000] {spark_submit.py:644} INFO - 25/07/09 18:15:42 INFO NessieUtil: loadTableMetadata for 'exercises.pdf_documents' from location 's3a://warehouse/exercises/pdf_documents_3f2f6938-06f1-4401-a884-d6a6de9720a0/metadata/00044-b35037de-2773-49f2-bf91-5bd9d05cf3ec.metadata.json' at 'Branch{name=main, metadata=null, hash=1ce169322ac8b9a174b7a6ac8f52a5efd5667479529c453ae01ca8014f561acd}'
[2025-07-09T18:15:42.706+0000] {spark_submit.py:644} INFO - 25/07/09 18:15:42 INFO BaseMetastoreCatalog: Table loaded by catalog: nessie.exercises.pdf_documents
[2025-07-09T18:15:43.351+0000] {spark_submit.py:644} INFO - 25/07/09 18:15:43 INFO BlockManagerInfo: Removed broadcast_3_piece0 on 38b7408c68d7:39943 in memory (size: 5.9 KiB, free: 434.4 MiB)
[2025-07-09T18:15:43.354+0000] {spark_submit.py:644} INFO - 25/07/09 18:15:43 INFO BlockManagerInfo: Removed broadcast_3_piece0 on 172.19.0.7:43903 in memory (size: 5.9 KiB, free: 434.4 MiB)
[2025-07-09T18:15:43.698+0000] {spark_submit.py:644} INFO - 25/07/09 18:15:43 INFO CodeGenerator: Code generated in 38.158457 ms
[2025-07-09T18:15:43.702+0000] {spark_submit.py:644} INFO - [PROCESS EXERCISES] 🔄 Salvando tabela nessie.exercises.pdf_documents em modo append
[2025-07-09T18:15:43.817+0000] {spark_submit.py:644} INFO - 25/07/09 18:15:43 INFO SparkWrite: Requesting 0 bytes advisory partition size for table nessie.exercises.pdf_documents
[2025-07-09T18:15:43.817+0000] {spark_submit.py:644} INFO - 25/07/09 18:15:43 INFO SparkWrite: Requesting UnspecifiedDistribution as write distribution for table nessie.exercises.pdf_documents
[2025-07-09T18:15:43.819+0000] {spark_submit.py:644} INFO - 25/07/09 18:15:43 INFO SparkWrite: Requesting [] as write ordering for table nessie.exercises.pdf_documents
[2025-07-09T18:15:43.845+0000] {spark_submit.py:644} INFO - 25/07/09 18:15:43 INFO CodeGenerator: Code generated in 11.347485 ms
[2025-07-09T18:15:43.859+0000] {spark_submit.py:644} INFO - 25/07/09 18:15:43 INFO MemoryStore: Block broadcast_4 stored as values in memory (estimated size 32.0 KiB, free 434.1 MiB)
[2025-07-09T18:15:43.888+0000] {spark_submit.py:644} INFO - 25/07/09 18:15:43 INFO MemoryStore: Block broadcast_4_piece0 stored as bytes in memory (estimated size 30.1 KiB, free 434.1 MiB)
[2025-07-09T18:15:43.889+0000] {spark_submit.py:644} INFO - 25/07/09 18:15:43 INFO BlockManagerInfo: Added broadcast_4_piece0 in memory on 38b7408c68d7:39943 (size: 30.1 KiB, free: 434.3 MiB)
[2025-07-09T18:15:43.890+0000] {spark_submit.py:644} INFO - 25/07/09 18:15:43 INFO SparkContext: Created broadcast 4 from broadcast at SparkWrite.java:193
[2025-07-09T18:15:43.893+0000] {spark_submit.py:644} INFO - 25/07/09 18:15:43 INFO AppendDataExec: Start processing data source write support: IcebergBatchWrite(table=nessie.exercises.pdf_documents, format=PARQUET). The input RDD has 2 partitions.
[2025-07-09T18:15:43.917+0000] {spark_submit.py:644} INFO - 25/07/09 18:15:43 INFO SparkContext: Starting job: saveAsTable at NativeMethodAccessorImpl.java:0
[2025-07-09T18:15:43.918+0000] {spark_submit.py:644} INFO - 25/07/09 18:15:43 INFO DAGScheduler: Got job 3 (saveAsTable at NativeMethodAccessorImpl.java:0) with 2 output partitions
[2025-07-09T18:15:43.919+0000] {spark_submit.py:644} INFO - 25/07/09 18:15:43 INFO DAGScheduler: Final stage: ResultStage 4 (saveAsTable at NativeMethodAccessorImpl.java:0)
[2025-07-09T18:15:43.920+0000] {spark_submit.py:644} INFO - 25/07/09 18:15:43 INFO DAGScheduler: Parents of final stage: List()
[2025-07-09T18:15:43.920+0000] {spark_submit.py:644} INFO - 25/07/09 18:15:43 INFO DAGScheduler: Missing parents: List()
[2025-07-09T18:15:43.921+0000] {spark_submit.py:644} INFO - 25/07/09 18:15:43 INFO DAGScheduler: Submitting ResultStage 4 (MapPartitionsRDD[16] at saveAsTable at NativeMethodAccessorImpl.java:0), which has no missing parents
[2025-07-09T18:15:43.922+0000] {spark_submit.py:644} INFO - 25/07/09 18:15:43 INFO MemoryStore: Block broadcast_5 stored as values in memory (estimated size 15.1 KiB, free 434.1 MiB)
[2025-07-09T18:15:43.923+0000] {spark_submit.py:644} INFO - 25/07/09 18:15:43 INFO MemoryStore: Block broadcast_5_piece0 stored as bytes in memory (estimated size 7.8 KiB, free 434.1 MiB)
[2025-07-09T18:15:43.924+0000] {spark_submit.py:644} INFO - 25/07/09 18:15:43 INFO BlockManagerInfo: Added broadcast_5_piece0 in memory on 38b7408c68d7:39943 (size: 7.8 KiB, free: 434.3 MiB)
[2025-07-09T18:15:43.925+0000] {spark_submit.py:644} INFO - 25/07/09 18:15:43 INFO SparkContext: Created broadcast 5 from broadcast at DAGScheduler.scala:1585
[2025-07-09T18:15:43.926+0000] {spark_submit.py:644} INFO - 25/07/09 18:15:43 INFO DAGScheduler: Submitting 2 missing tasks from ResultStage 4 (MapPartitionsRDD[16] at saveAsTable at NativeMethodAccessorImpl.java:0) (first 15 tasks are for partitions Vector(0, 1))
[2025-07-09T18:15:43.926+0000] {spark_submit.py:644} INFO - 25/07/09 18:15:43 INFO TaskSchedulerImpl: Adding task set 4.0 with 2 tasks resource profile 0
[2025-07-09T18:15:43.928+0000] {spark_submit.py:644} INFO - 25/07/09 18:15:43 INFO TaskSetManager: Starting task 0.0 in stage 4.0 (TID 4) (172.19.0.7, executor 0, partition 0, PROCESS_LOCAL, 9498 bytes)
[2025-07-09T18:15:43.929+0000] {spark_submit.py:644} INFO - 25/07/09 18:15:43 INFO TaskSetManager: Starting task 1.0 in stage 4.0 (TID 5) (172.19.0.7, executor 0, partition 1, PROCESS_LOCAL, 26233 bytes)
[2025-07-09T18:15:43.942+0000] {spark_submit.py:644} INFO - 25/07/09 18:15:43 INFO BlockManagerInfo: Added broadcast_5_piece0 in memory on 172.19.0.7:43903 (size: 7.8 KiB, free: 434.4 MiB)
[2025-07-09T18:15:44.023+0000] {spark_submit.py:644} INFO - 25/07/09 18:15:44 INFO BlockManagerInfo: Added broadcast_4_piece0 in memory on 172.19.0.7:43903 (size: 30.1 KiB, free: 434.3 MiB)
[2025-07-09T18:15:45.000+0000] {spark_submit.py:644} INFO - 25/07/09 18:15:44 INFO TaskSetManager: Finished task 0.0 in stage 4.0 (TID 4) in 1072 ms on 172.19.0.7 (executor 0) (1/2)
[2025-07-09T18:15:45.671+0000] {spark_submit.py:644} INFO - 25/07/09 18:15:45 INFO TaskSetManager: Finished task 1.0 in stage 4.0 (TID 5) in 1743 ms on 172.19.0.7 (executor 0) (2/2)
[2025-07-09T18:15:45.672+0000] {spark_submit.py:644} INFO - 25/07/09 18:15:45 INFO TaskSchedulerImpl: Removed TaskSet 4.0, whose tasks have all completed, from pool
[2025-07-09T18:15:45.672+0000] {spark_submit.py:644} INFO - 25/07/09 18:15:45 INFO DAGScheduler: ResultStage 4 (saveAsTable at NativeMethodAccessorImpl.java:0) finished in 1.752 s
[2025-07-09T18:15:45.673+0000] {spark_submit.py:644} INFO - 25/07/09 18:15:45 INFO DAGScheduler: Job 3 is finished. Cancelling potential speculative or zombie tasks for this job
[2025-07-09T18:15:45.674+0000] {spark_submit.py:644} INFO - 25/07/09 18:15:45 INFO TaskSchedulerImpl: Killing all running tasks in stage 4: Stage finished
[2025-07-09T18:15:45.674+0000] {spark_submit.py:644} INFO - 25/07/09 18:15:45 INFO DAGScheduler: Job 3 finished: saveAsTable at NativeMethodAccessorImpl.java:0, took 1.756095 s
[2025-07-09T18:15:45.674+0000] {spark_submit.py:644} INFO - 25/07/09 18:15:45 INFO AppendDataExec: Data source write support IcebergBatchWrite(table=nessie.exercises.pdf_documents, format=PARQUET) is committing.
[2025-07-09T18:15:45.733+0000] {spark_submit.py:644} INFO - 25/07/09 18:15:45 INFO SparkWrite: Committing append with 1 new data files to table nessie.exercises.pdf_documents
[2025-07-09T18:15:47.783+0000] {spark_submit.py:644} INFO - 25/07/09 18:15:47 INFO NessieIcebergClient: Committed 'exercises.pdf_documents' against 'Branch{name=main, metadata=null, hash=b2842d2727103d7465798a20f2dee177afe9ccc6f68f5b26099600615ae17b0b}', expected commit-id was '1ce169322ac8b9a174b7a6ac8f52a5efd5667479529c453ae01ca8014f561acd'
[2025-07-09T18:15:47.783+0000] {spark_submit.py:644} INFO - 25/07/09 18:15:47 INFO BaseMetastoreTableOperations: Successfully committed to table exercises.pdf_documents in 385 ms
[2025-07-09T18:15:47.784+0000] {spark_submit.py:644} INFO - 25/07/09 18:15:47 INFO SnapshotProducer: Committed snapshot 8079833586121217784 (MergeAppend)
[2025-07-09T18:15:47.977+0000] {spark_submit.py:644} INFO - 25/07/09 18:15:47 INFO BaseMetastoreTableOperations: Refreshing table metadata from new version: s3a://warehouse/exercises/pdf_documents_3f2f6938-06f1-4401-a884-d6a6de9720a0/metadata/00045-209f3daf-0c31-4910-995d-ab5ff9f6fdca.metadata.json
[2025-07-09T18:15:47.994+0000] {spark_submit.py:644} INFO - 25/07/09 18:15:47 INFO NessieUtil: loadTableMetadata for 'exercises.pdf_documents' from location 's3a://warehouse/exercises/pdf_documents_3f2f6938-06f1-4401-a884-d6a6de9720a0/metadata/00045-209f3daf-0c31-4910-995d-ab5ff9f6fdca.metadata.json' at 'Branch{name=main, metadata=null, hash=b2842d2727103d7465798a20f2dee177afe9ccc6f68f5b26099600615ae17b0b}'
[2025-07-09T18:15:48.040+0000] {spark_submit.py:644} INFO - 25/07/09 18:15:48 INFO BlockManagerInfo: Removed broadcast_5_piece0 on 38b7408c68d7:39943 in memory (size: 7.8 KiB, free: 434.3 MiB)
[2025-07-09T18:15:48.041+0000] {spark_submit.py:644} INFO - 25/07/09 18:15:48 INFO LoggingMetricsReporter: Received metrics report: CommitReport{tableName=nessie.exercises.pdf_documents, snapshotId=8079833586121217784, sequenceNumber=46, operation=append, commitMetrics=CommitMetricsResult{totalDuration=TimerResult{timeUnit=NANOSECONDS, totalDuration=PT2.209293429S, count=1}, attempts=CounterResult{unit=COUNT, value=1}, addedDataFiles=CounterResult{unit=COUNT, value=1}, removedDataFiles=null, totalDataFiles=CounterResult{unit=COUNT, value=46}, addedDeleteFiles=null, addedEqualityDeleteFiles=null, addedPositionalDeleteFiles=null, addedDVs=null, removedDeleteFiles=null, removedEqualityDeleteFiles=null, removedPositionalDeleteFiles=null, removedDVs=null, totalDeleteFiles=CounterResult{unit=COUNT, value=0}, addedRecords=CounterResult{unit=COUNT, value=1}, removedRecords=null, totalRecords=CounterResult{unit=COUNT, value=46}, addedFilesSizeInBytes=CounterResult{unit=BYTES, value=8850}, removedFilesSizeInBytes=null, totalFilesSizeInBytes=CounterResult{unit=BYTES, value=358310}, addedPositionalDeletes=null, removedPositionalDeletes=null, totalPositionalDeletes=CounterResult{unit=COUNT, value=0}, addedEqualityDeletes=null, removedEqualityDeletes=null, totalEqualityDeletes=CounterResult{unit=COUNT, value=0}}, metadata={engine-version=3.5.5, app-id=app-20250709181514-0007, engine-name=spark, iceberg-version=Apache Iceberg 1.8.1 (commit 9ce0fcf0af7becf25ad9fc996c3bad2afdcfd33d)}}
[2025-07-09T18:15:48.042+0000] {spark_submit.py:644} INFO - 25/07/09 18:15:48 INFO SparkWrite: Committed in 2307 ms
[2025-07-09T18:15:48.043+0000] {spark_submit.py:644} INFO - 25/07/09 18:15:48 INFO AppendDataExec: Data source write support IcebergBatchWrite(table=nessie.exercises.pdf_documents, format=PARQUET) committed.
[2025-07-09T18:15:48.044+0000] {spark_submit.py:644} INFO - 25/07/09 18:15:48 INFO BlockManagerInfo: Removed broadcast_5_piece0 on 172.19.0.7:43903 in memory (size: 7.8 KiB, free: 434.3 MiB)
[2025-07-09T18:15:48.045+0000] {spark_submit.py:644} INFO - [PROCESS EXERCISES] ✅ Tabela nessie.exercises.pdf_documents salva com sucesso (1 registros)
[2025-07-09T18:15:48.046+0000] {spark_submit.py:644} INFO - [PROCESS EXERCISES] 🔄 === FASE 2: PROCESSAMENTO DE SIMULAÇÕES ===
[2025-07-09T18:15:48.047+0000] {spark_submit.py:644} INFO - [PROCESS EXERCISES] 🔄 Iniciando processamento de simulações
[2025-07-09T18:15:48.048+0000] {spark_submit.py:644} INFO - [PROCESS EXERCISES] ℹ️ Buscando arquivos de simulação em: exercises/CA-LESTE-construtiva-4455-2025-07-08/simulations/172.19.0.14_2025-07-08
[2025-07-09T18:15:48.048+0000] {spark_submit.py:644} INFO - [PROCESS EXERCISES] ℹ️ Buscando arquivos em: s3a://bronze/exercises/CA-LESTE-construtiva-4455-2025-07-08/simulations/172.19.0.14_2025-07-08/
[2025-07-09T18:15:48.083+0000] {spark_submit.py:644} INFO - 25/07/09 18:15:48 INFO InMemoryFileIndex: It took 9 ms to list leaf files for 1 paths.
[2025-07-09T18:15:48.129+0000] {spark_submit.py:644} INFO - 25/07/09 18:15:48 INFO FileSourceStrategy: Pushed Filters:
[2025-07-09T18:15:48.130+0000] {spark_submit.py:644} INFO - 25/07/09 18:15:48 INFO FileSourceStrategy: Post-Scan Filters:
[2025-07-09T18:15:48.134+0000] {spark_submit.py:644} INFO - 25/07/09 18:15:48 INFO MemoryStore: Block broadcast_6 stored as values in memory (estimated size 203.7 KiB, free 433.9 MiB)
[2025-07-09T18:15:48.176+0000] {spark_submit.py:644} INFO - 25/07/09 18:15:48 INFO MemoryStore: Block broadcast_6_piece0 stored as bytes in memory (estimated size 35.7 KiB, free 433.9 MiB)
[2025-07-09T18:15:48.198+0000] {spark_submit.py:644} INFO - 25/07/09 18:15:48 INFO BlockManagerInfo: Added broadcast_6_piece0 in memory on 38b7408c68d7:39943 (size: 35.7 KiB, free: 434.3 MiB)
[2025-07-09T18:15:48.199+0000] {spark_submit.py:644} INFO - 25/07/09 18:15:48 INFO SparkContext: Created broadcast 6 from collect at /opt/bitnami/spark/jobs/process_exercises_job.py:826
[2025-07-09T18:15:48.200+0000] {spark_submit.py:644} INFO - 25/07/09 18:15:48 INFO FileSourceScanExec: Planning scan with bin packing, max size: 10487738 bytes, open cost is considered as scanning 4194304 bytes.
[2025-07-09T18:15:48.219+0000] {spark_submit.py:644} INFO - 25/07/09 18:15:48 INFO SparkContext: Starting job: collect at /opt/bitnami/spark/jobs/process_exercises_job.py:826
[2025-07-09T18:15:48.220+0000] {spark_submit.py:644} INFO - 25/07/09 18:15:48 INFO DAGScheduler: Got job 4 (collect at /opt/bitnami/spark/jobs/process_exercises_job.py:826) with 2 output partitions
[2025-07-09T18:15:48.220+0000] {spark_submit.py:644} INFO - 25/07/09 18:15:48 INFO DAGScheduler: Final stage: ResultStage 5 (collect at /opt/bitnami/spark/jobs/process_exercises_job.py:826)
[2025-07-09T18:15:48.221+0000] {spark_submit.py:644} INFO - 25/07/09 18:15:48 INFO DAGScheduler: Parents of final stage: List()
[2025-07-09T18:15:48.221+0000] {spark_submit.py:644} INFO - 25/07/09 18:15:48 INFO DAGScheduler: Missing parents: List()
[2025-07-09T18:15:48.222+0000] {spark_submit.py:644} INFO - 25/07/09 18:15:48 INFO DAGScheduler: Submitting ResultStage 5 (MapPartitionsRDD[19] at collect at /opt/bitnami/spark/jobs/process_exercises_job.py:826), which has no missing parents
[2025-07-09T18:15:48.223+0000] {spark_submit.py:644} INFO - 25/07/09 18:15:48 INFO MemoryStore: Block broadcast_7 stored as values in memory (estimated size 9.4 KiB, free 433.9 MiB)
[2025-07-09T18:15:48.257+0000] {spark_submit.py:644} INFO - 25/07/09 18:15:48 INFO MemoryStore: Block broadcast_7_piece0 stored as bytes in memory (estimated size 4.7 KiB, free 433.9 MiB)
[2025-07-09T18:15:48.260+0000] {spark_submit.py:644} INFO - 25/07/09 18:15:48 INFO BlockManagerInfo: Removed broadcast_4_piece0 on 172.19.0.7:43903 in memory (size: 30.1 KiB, free: 434.4 MiB)
[2025-07-09T18:15:48.277+0000] {spark_submit.py:644} INFO - 25/07/09 18:15:48 INFO BlockManagerInfo: Added broadcast_7_piece0 in memory on 38b7408c68d7:39943 (size: 4.7 KiB, free: 434.3 MiB)
[2025-07-09T18:15:48.278+0000] {spark_submit.py:644} INFO - 25/07/09 18:15:48 INFO SparkContext: Created broadcast 7 from broadcast at DAGScheduler.scala:1585
[2025-07-09T18:15:48.279+0000] {spark_submit.py:644} INFO - 25/07/09 18:15:48 INFO BlockManagerInfo: Removed broadcast_4_piece0 on 38b7408c68d7:39943 in memory (size: 30.1 KiB, free: 434.3 MiB)
[2025-07-09T18:15:48.279+0000] {spark_submit.py:644} INFO - 25/07/09 18:15:48 INFO DAGScheduler: Submitting 2 missing tasks from ResultStage 5 (MapPartitionsRDD[19] at collect at /opt/bitnami/spark/jobs/process_exercises_job.py:826) (first 15 tasks are for partitions Vector(0, 1))
[2025-07-09T18:15:48.280+0000] {spark_submit.py:644} INFO - 25/07/09 18:15:48 INFO TaskSchedulerImpl: Adding task set 5.0 with 2 tasks resource profile 0
[2025-07-09T18:15:48.281+0000] {spark_submit.py:644} INFO - 25/07/09 18:15:48 INFO TaskSetManager: Starting task 0.0 in stage 5.0 (TID 6) (172.19.0.7, executor 0, partition 0, PROCESS_LOCAL, 10561 bytes)
[2025-07-09T18:15:48.282+0000] {spark_submit.py:644} INFO - 25/07/09 18:15:48 INFO TaskSetManager: Starting task 1.0 in stage 5.0 (TID 7) (172.19.0.7, executor 0, partition 1, PROCESS_LOCAL, 10385 bytes)
[2025-07-09T18:15:48.367+0000] {spark_submit.py:644} INFO - 25/07/09 18:15:48 INFO BlockManagerInfo: Added broadcast_7_piece0 in memory on 172.19.0.7:43903 (size: 4.7 KiB, free: 434.4 MiB)
[2025-07-09T18:15:48.436+0000] {spark_submit.py:644} INFO - 25/07/09 18:15:48 INFO BlockManagerInfo: Added broadcast_6_piece0 in memory on 172.19.0.7:43903 (size: 35.7 KiB, free: 434.3 MiB)
[2025-07-09T18:15:48.489+0000] {spark_submit.py:644} INFO - 25/07/09 18:15:48 INFO TaskSetManager: Finished task 0.0 in stage 5.0 (TID 6) in 208 ms on 172.19.0.7 (executor 0) (1/2)
[2025-07-09T18:15:48.490+0000] {spark_submit.py:644} INFO - 25/07/09 18:15:48 INFO TaskSetManager: Finished task 1.0 in stage 5.0 (TID 7) in 208 ms on 172.19.0.7 (executor 0) (2/2)
[2025-07-09T18:15:48.490+0000] {spark_submit.py:644} INFO - 25/07/09 18:15:48 INFO TaskSchedulerImpl: Removed TaskSet 5.0, whose tasks have all completed, from pool
[2025-07-09T18:15:48.491+0000] {spark_submit.py:644} INFO - 25/07/09 18:15:48 INFO DAGScheduler: ResultStage 5 (collect at /opt/bitnami/spark/jobs/process_exercises_job.py:826) finished in 0.268 s
[2025-07-09T18:15:48.492+0000] {spark_submit.py:644} INFO - 25/07/09 18:15:48 INFO DAGScheduler: Job 4 is finished. Cancelling potential speculative or zombie tasks for this job
[2025-07-09T18:15:48.492+0000] {spark_submit.py:644} INFO - 25/07/09 18:15:48 INFO TaskSchedulerImpl: Killing all running tasks in stage 5: Stage finished
[2025-07-09T18:15:48.493+0000] {spark_submit.py:644} INFO - 25/07/09 18:15:48 INFO DAGScheduler: Job 4 finished: collect at /opt/bitnami/spark/jobs/process_exercises_job.py:826, took 0.272088 s
[2025-07-09T18:15:48.497+0000] {spark_submit.py:644} INFO - [PROCESS EXERCISES] ℹ️ Encontrados 4 arquivos Protobuf (.pb)
[2025-07-09T18:15:48.497+0000] {spark_submit.py:644} INFO - [PROCESS EXERCISES] ℹ️ Encontrados 4 arquivos do tipo PROTO
[2025-07-09T18:15:48.498+0000] {spark_submit.py:644} INFO - [PROCESS EXERCISES] 🔄 Processando 4 arquivos Protobuf em lote
[2025-07-09T18:15:48.498+0000] {spark_submit.py:644} INFO - [PROCESS EXERCISES] ℹ️ Arquivos válidos para processamento: 4
[2025-07-09T18:15:48.499+0000] {spark_submit.py:644} INFO - [PROCESS EXERCISES] ℹ️ Processando arquivo individual: s3a://bronze/exercises/CA-LESTE-construtiva-4455-2025-07-08/simulations/172.19.0.14_2025-07-08/19-49.46/session-proto_3.pb
[2025-07-09T18:15:48.523+0000] {spark_submit.py:644} INFO - 25/07/09 18:15:48 INFO InMemoryFileIndex: It took 9 ms to list leaf files for 1 paths.
[2025-07-09T18:15:48.789+0000] {spark_submit.py:644} INFO - [PROCESS EXERCISES] ❌ Erro ao processar arquivo individual s3a://bronze/exercises/CA-LESTE-construtiva-4455-2025-07-08/simulations/172.19.0.14_2025-07-08/19-49.46/session-proto_3.pb: [DATATYPE_MISMATCH.BINARY_OP_DIFF_TYPES] Cannot resolve "(proto_data = [])" due to data type mismatch: the left and right operands of the binary operator have incompatible types ("ARRAY<STRUCT<context: INT, client_id: INT, knowledge_id: INT, group_id: INT, latitude: DOUBLE, longitude: DOUBLE, altitude: DOUBLE, timestamp: BIGINT>>" and "STRING").;
[2025-07-09T18:15:48.789+0000] {spark_submit.py:644} INFO - 'Filter (isnotnull(proto_data#93) AND NOT (proto_data#93 = []))
[2025-07-09T18:15:48.790+0000] {spark_submit.py:644} INFO - +- Project [path#84, modificationTime#85, length#86L, content#87, extract_protobuf_data(content#87)#92 AS proto_data#93]
[2025-07-09T18:15:48.791+0000] {spark_submit.py:644} INFO - +- Relation [path#84,modificationTime#85,length#86L,content#87] binaryFile
[2025-07-09T18:15:48.791+0000] {spark_submit.py:644} INFO - 
[2025-07-09T18:15:48.792+0000] {spark_submit.py:644} INFO - [PROCESS EXERCISES] ℹ️ Processando arquivo individual: s3a://bronze/exercises/CA-LESTE-construtiva-4455-2025-07-08/simulations/172.19.0.14_2025-07-08/19-49.46/session-proto_4.pb
[2025-07-09T18:15:48.824+0000] {spark_submit.py:644} INFO - 25/07/09 18:15:48 INFO InMemoryFileIndex: It took 17 ms to list leaf files for 1 paths.
[2025-07-09T18:15:48.865+0000] {spark_submit.py:644} INFO - [PROCESS EXERCISES] ❌ Erro ao processar arquivo individual s3a://bronze/exercises/CA-LESTE-construtiva-4455-2025-07-08/simulations/172.19.0.14_2025-07-08/19-49.46/session-proto_4.pb: [DATATYPE_MISMATCH.BINARY_OP_DIFF_TYPES] Cannot resolve "(proto_data = [])" due to data type mismatch: the left and right operands of the binary operator have incompatible types ("ARRAY<STRUCT<context: INT, client_id: INT, knowledge_id: INT, group_id: INT, latitude: DOUBLE, longitude: DOUBLE, altitude: DOUBLE, timestamp: BIGINT>>" and "STRING").;
[2025-07-09T18:15:48.865+0000] {spark_submit.py:644} INFO - 'Filter (isnotnull(proto_data#109) AND NOT (proto_data#109 = []))
[2025-07-09T18:15:48.866+0000] {spark_submit.py:644} INFO - +- Project [path#100, modificationTime#101, length#102L, content#103, extract_protobuf_data(content#103)#108 AS proto_data#109]
[2025-07-09T18:15:48.866+0000] {spark_submit.py:644} INFO - +- Relation [path#100,modificationTime#101,length#102L,content#103] binaryFile
[2025-07-09T18:15:48.867+0000] {spark_submit.py:644} INFO - 
[2025-07-09T18:15:48.867+0000] {spark_submit.py:644} INFO - [PROCESS EXERCISES] ℹ️ Processando arquivo individual: s3a://bronze/exercises/CA-LESTE-construtiva-4455-2025-07-08/simulations/172.19.0.14_2025-07-08/19-49.46/session-proto_2.pb
[2025-07-09T18:15:48.890+0000] {spark_submit.py:644} INFO - 25/07/09 18:15:48 INFO InMemoryFileIndex: It took 8 ms to list leaf files for 1 paths.
[2025-07-09T18:15:48.943+0000] {spark_submit.py:644} INFO - [PROCESS EXERCISES] ❌ Erro ao processar arquivo individual s3a://bronze/exercises/CA-LESTE-construtiva-4455-2025-07-08/simulations/172.19.0.14_2025-07-08/19-49.46/session-proto_2.pb: [DATATYPE_MISMATCH.BINARY_OP_DIFF_TYPES] Cannot resolve "(proto_data = [])" due to data type mismatch: the left and right operands of the binary operator have incompatible types ("ARRAY<STRUCT<context: INT, client_id: INT, knowledge_id: INT, group_id: INT, latitude: DOUBLE, longitude: DOUBLE, altitude: DOUBLE, timestamp: BIGINT>>" and "STRING").;
[2025-07-09T18:15:48.944+0000] {spark_submit.py:644} INFO - 'Filter (isnotnull(proto_data#125) AND NOT (proto_data#125 = []))
[2025-07-09T18:15:48.945+0000] {spark_submit.py:644} INFO - +- Project [path#116, modificationTime#117, length#118L, content#119, extract_protobuf_data(content#119)#124 AS proto_data#125]
[2025-07-09T18:15:48.945+0000] {spark_submit.py:644} INFO - +- Relation [path#116,modificationTime#117,length#118L,content#119] binaryFile
[2025-07-09T18:15:48.946+0000] {spark_submit.py:644} INFO - 
[2025-07-09T18:15:48.947+0000] {spark_submit.py:644} INFO - [PROCESS EXERCISES] ℹ️ Processando arquivo individual: s3a://bronze/exercises/CA-LESTE-construtiva-4455-2025-07-08/simulations/172.19.0.14_2025-07-08/19-49.46/session-proto_1.pb
[2025-07-09T18:15:48.968+0000] {spark_submit.py:644} INFO - 25/07/09 18:15:48 INFO InMemoryFileIndex: It took 7 ms to list leaf files for 1 paths.
[2025-07-09T18:15:49.005+0000] {spark_submit.py:644} INFO - [PROCESS EXERCISES] ❌ Erro ao processar arquivo individual s3a://bronze/exercises/CA-LESTE-construtiva-4455-2025-07-08/simulations/172.19.0.14_2025-07-08/19-49.46/session-proto_1.pb: [DATATYPE_MISMATCH.BINARY_OP_DIFF_TYPES] Cannot resolve "(proto_data = [])" due to data type mismatch: the left and right operands of the binary operator have incompatible types ("ARRAY<STRUCT<context: INT, client_id: INT, knowledge_id: INT, group_id: INT, latitude: DOUBLE, longitude: DOUBLE, altitude: DOUBLE, timestamp: BIGINT>>" and "STRING").;
[2025-07-09T18:15:49.005+0000] {spark_submit.py:644} INFO - 'Filter (isnotnull(proto_data#141) AND NOT (proto_data#141 = []))
[2025-07-09T18:15:49.006+0000] {spark_submit.py:644} INFO - +- Project [path#132, modificationTime#133, length#134L, content#135, extract_protobuf_data(content#135)#140 AS proto_data#141]
[2025-07-09T18:15:49.015+0000] {spark_submit.py:644} INFO - +- Relation [path#132,modificationTime#133,length#134L,content#135] binaryFile
[2025-07-09T18:15:49.016+0000] {spark_submit.py:644} INFO - 
[2025-07-09T18:15:49.017+0000] {spark_submit.py:644} INFO - [PROCESS EXERCISES] ❌ Nenhum arquivo Protobuf foi processado com sucesso
[2025-07-09T18:15:49.018+0000] {spark_submit.py:644} INFO - [PROCESS EXERCISES] ❌ Erro crítico ao processar arquivos Protobuf em lote: Falha no processamento Protobuf em lote: Nenhum arquivo processado com sucesso
[2025-07-09T18:15:49.018+0000] {spark_submit.py:644} INFO - [PROCESS EXERCISES] ❌ Arquivos que causaram o erro:
[2025-07-09T18:15:49.019+0000] {spark_submit.py:644} INFO - [PROCESS EXERCISES] ❌   1. s3a://bronze/exercises/CA-LESTE-construtiva-4455-2025-07-08/simulations/172.19.0.14_2025-07-08/19-49.46/session-proto_3.pb
[2025-07-09T18:15:49.019+0000] {spark_submit.py:644} INFO - [PROCESS EXERCISES] ❌   2. s3a://bronze/exercises/CA-LESTE-construtiva-4455-2025-07-08/simulations/172.19.0.14_2025-07-08/19-49.46/session-proto_4.pb
[2025-07-09T18:15:49.020+0000] {spark_submit.py:644} INFO - [PROCESS EXERCISES] ❌   3. s3a://bronze/exercises/CA-LESTE-construtiva-4455-2025-07-08/simulations/172.19.0.14_2025-07-08/19-49.46/session-proto_2.pb
[2025-07-09T18:15:49.021+0000] {spark_submit.py:644} INFO - [PROCESS EXERCISES] ❌   4. s3a://bronze/exercises/CA-LESTE-construtiva-4455-2025-07-08/simulations/172.19.0.14_2025-07-08/19-49.46/session-proto_1.pb
[2025-07-09T18:15:49.021+0000] {spark_submit.py:644} INFO - [PROCESS EXERCISES] ❌ Erro crítico no processamento de simulações: Falha no processamento Protobuf em lote: Falha no processamento Protobuf em lote: Nenhum arquivo processado com sucesso
[2025-07-09T18:15:49.022+0000] {spark_submit.py:644} INFO - [PROCESS EXERCISES] ❌ Erro crítico durante o processamento: Falha no processamento de simulações: Falha no processamento Protobuf em lote: Falha no processamento Protobuf em lote: Nenhum arquivo processado com sucesso
[2025-07-09T18:15:49.023+0000] {spark_submit.py:644} INFO - [PROCESS EXERCISES] 🔄 Finalizando sessão Spark
[2025-07-09T18:15:49.023+0000] {spark_submit.py:644} INFO - 25/07/09 18:15:49 INFO SparkContext: SparkContext is stopping with exitCode 0.
[2025-07-09T18:15:49.026+0000] {spark_submit.py:644} INFO - 25/07/09 18:15:49 INFO SparkUI: Stopped Spark web UI at http://38b7408c68d7:4040
[2025-07-09T18:15:49.029+0000] {spark_submit.py:644} INFO - 25/07/09 18:15:49 INFO StandaloneSchedulerBackend: Shutting down all executors
[2025-07-09T18:15:49.030+0000] {spark_submit.py:644} INFO - 25/07/09 18:15:49 INFO StandaloneSchedulerBackend$StandaloneDriverEndpoint: Asking each executor to shut down
[2025-07-09T18:15:49.047+0000] {spark_submit.py:644} INFO - 25/07/09 18:15:49 INFO MapOutputTrackerMasterEndpoint: MapOutputTrackerMasterEndpoint stopped!
[2025-07-09T18:15:49.195+0000] {spark_submit.py:644} INFO - 25/07/09 18:15:49 INFO MemoryStore: MemoryStore cleared
[2025-07-09T18:15:49.196+0000] {spark_submit.py:644} INFO - 25/07/09 18:15:49 INFO BlockManager: BlockManager stopped
[2025-07-09T18:15:49.198+0000] {spark_submit.py:644} INFO - 25/07/09 18:15:49 INFO BlockManagerMaster: BlockManagerMaster stopped
[2025-07-09T18:15:49.202+0000] {spark_submit.py:644} INFO - 25/07/09 18:15:49 INFO OutputCommitCoordinator$OutputCommitCoordinatorEndpoint: OutputCommitCoordinator stopped!
[2025-07-09T18:15:49.211+0000] {spark_submit.py:644} INFO - 25/07/09 18:15:49 INFO SparkContext: Successfully stopped SparkContext
[2025-07-09T18:15:49.680+0000] {spark_submit.py:644} INFO - [PROCESS EXERCISES] ✅ Sessão Spark finalizada com sucesso
[2025-07-09T18:15:49.767+0000] {spark_submit.py:644} INFO - 25/07/09 18:15:49 INFO ShutdownHookManager: Shutdown hook called
[2025-07-09T18:15:49.768+0000] {spark_submit.py:644} INFO - 25/07/09 18:15:49 INFO ShutdownHookManager: Deleting directory /tmp/spark-b3801591-6d1b-48b5-a48c-55e1eb046172/pyspark-9a86a221-0da4-4c2d-8356-631ebf8cde7b
[2025-07-09T18:15:49.772+0000] {spark_submit.py:644} INFO - 25/07/09 18:15:49 INFO ShutdownHookManager: Deleting directory /tmp/spark-b3801591-6d1b-48b5-a48c-55e1eb046172
[2025-07-09T18:15:49.777+0000] {spark_submit.py:644} INFO - 25/07/09 18:15:49 INFO ShutdownHookManager: Deleting directory /tmp/spark-0e47f32e-f72c-44ab-82f3-29cfcdfdacef
[2025-07-09T18:15:49.785+0000] {spark_submit.py:644} INFO - 25/07/09 18:15:49 INFO MetricsSystemImpl: Stopping s3a-file-system metrics system...
[2025-07-09T18:15:49.786+0000] {spark_submit.py:644} INFO - 25/07/09 18:15:49 INFO MetricsSystemImpl: s3a-file-system metrics system stopped.
[2025-07-09T18:15:49.787+0000] {spark_submit.py:644} INFO - 25/07/09 18:15:49 INFO MetricsSystemImpl: s3a-file-system metrics system shutdown complete.
[2025-07-09T18:15:50.170+0000] {taskinstance.py:3336} ERROR - Task failed with exception
Traceback (most recent call last):
  File "/home/airflow/.local/lib/python3.12/site-packages/airflow/models/taskinstance.py", line 776, in _execute_task
    result = _execute_callable(context=context, **execute_callable_kwargs)
             ^^^^^^^^^^^^^^^^^^^^^^^^^^^^^^^^^^^^^^^^^^^^^^^^^^^^^^^^^^^^^
  File "/home/airflow/.local/lib/python3.12/site-packages/airflow/models/taskinstance.py", line 742, in _execute_callable
    return ExecutionCallableRunner(
           ^^^^^^^^^^^^^^^^^^^^^^^^
  File "/home/airflow/.local/lib/python3.12/site-packages/airflow/utils/operator_helpers.py", line 252, in run
    return self.func(*args, **kwargs)
           ^^^^^^^^^^^^^^^^^^^^^^^^^^
  File "/home/airflow/.local/lib/python3.12/site-packages/airflow/models/baseoperator.py", line 424, in wrapper
    return func(self, *args, **kwargs)
           ^^^^^^^^^^^^^^^^^^^^^^^^^^^
  File "/home/airflow/.local/lib/python3.12/site-packages/airflow/providers/apache/spark/operators/spark_submit.py", line 197, in execute
    self._hook.submit(self.application)
  File "/home/airflow/.local/lib/python3.12/site-packages/airflow/providers/apache/spark/hooks/spark_submit.py", line 566, in submit
    raise AirflowException(
airflow.exceptions.AirflowException: Cannot execute: spark-submit --master spark://spark-master:7077 --jars /opt/bitnami/spark/jars/iceberg-spark-runtime-3.5_2.12-1.8.1.jar,/opt/bitnami/spark/jars/nessie-spark-extensions-3.5_2.12-0.103.2.jar,/opt/bitnami/spark/jars/nessie-client-0.103.2.jar,/opt/bitnami/spark/jars/hadoop-aws-3.3.2.jar,/opt/bitnami/spark/jars/aws-java-sdk-bundle-1.12.262.jar, --name arrow-spark --deploy-mode client /opt/bitnami/spark/jobs/process_exercises_job.py {"id": "CA-LESTE-construtiva-4455-2025-07-08", "manifest_entry": {"data": {"createdAt": "2025-07-08T19:50:09.281Z", "origin": "CA-LESTE", "path": "exercises/CA-LESTE-construtiva-4455-2025-07-08"}, "id": "CA-LESTE-construtiva-4455-2025-07-08"}, "metadata": {"createdAt": "2025-07-08T19:50:09.281Z", "description": "4455", "documents": [{"description": "", "id": "1752004297308", "mimetype": "application/pdf", "name": "Op Jacui IV - Ordem de Operacoes.pdf", "path": "exercises/CA-LESTE-construtiva-4455-2025-07-08/documents/Op Jacui IV - Ordem de Operacoes.pdf", "size": 336744, "uploadedAt": "2025-07-08T19:51:37.308Z"}], "endDate": "2025-07-22", "id": "CA-LESTE-construtiva-4455-2025-07-08", "name": "Jogo de Guerra", "origin": "CA-LESTE", "simulationType": "construtiva", "simulations": [{"id": "172.19.0.14_2025-07-08", "movedAt": "2025-07-08T19:51:46.649Z", "name": "172.19.0.14_2025-07-08", "originalPath": "staging/172.19.0.14_2025-07-08", "path": "exercises/CA-LESTE-construtiva-4455-2025-07-08/simulations/172.19.0.14_2025-07-08"}], "startDate": "2025-07-15", "trainedForce": "4455", "updatedAt": "2025-07-08T19:51:46.649Z", "wikiUrl": ""}}. Error code is: 1.
[2025-07-09T18:15:50.326+0000] {taskinstance.py:1242} INFO - Marking task as FAILED. dag_id=process_exercises, task_id=process_exercises, run_id=manual__2025-07-09T18:15:02.896310+00:00, execution_date=20250709T181502, start_date=20250709T181507, end_date=20250709T181550
[2025-07-09T18:15:50.521+0000] {taskinstance.py:349} INFO - ::group::Post task execution logs
[2025-07-09T18:15:50.522+0000] {standard_task_runner.py:124} ERROR - Failed to execute job 233 for task process_exercises (Cannot execute: spark-submit --master spark://spark-master:7077 --jars /opt/bitnami/spark/jars/iceberg-spark-runtime-3.5_2.12-1.8.1.jar,/opt/bitnami/spark/jars/nessie-spark-extensions-3.5_2.12-0.103.2.jar,/opt/bitnami/spark/jars/nessie-client-0.103.2.jar,/opt/bitnami/spark/jars/hadoop-aws-3.3.2.jar,/opt/bitnami/spark/jars/aws-java-sdk-bundle-1.12.262.jar, --name arrow-spark --deploy-mode client /opt/bitnami/spark/jobs/process_exercises_job.py {"id": "CA-LESTE-construtiva-4455-2025-07-08", "manifest_entry": {"data": {"createdAt": "2025-07-08T19:50:09.281Z", "origin": "CA-LESTE", "path": "exercises/CA-LESTE-construtiva-4455-2025-07-08"}, "id": "CA-LESTE-construtiva-4455-2025-07-08"}, "metadata": {"createdAt": "2025-07-08T19:50:09.281Z", "description": "4455", "documents": [{"description": "", "id": "1752004297308", "mimetype": "application/pdf", "name": "Op Jacui IV - Ordem de Operacoes.pdf", "path": "exercises/CA-LESTE-construtiva-4455-2025-07-08/documents/Op Jacui IV - Ordem de Operacoes.pdf", "size": 336744, "uploadedAt": "2025-07-08T19:51:37.308Z"}], "endDate": "2025-07-22", "id": "CA-LESTE-construtiva-4455-2025-07-08", "name": "Jogo de Guerra", "origin": "CA-LESTE", "simulationType": "construtiva", "simulations": [{"id": "172.19.0.14_2025-07-08", "movedAt": "2025-07-08T19:51:46.649Z", "name": "172.19.0.14_2025-07-08", "originalPath": "staging/172.19.0.14_2025-07-08", "path": "exercises/CA-LESTE-construtiva-4455-2025-07-08/simulations/172.19.0.14_2025-07-08"}], "startDate": "2025-07-15", "trainedForce": "4455", "updatedAt": "2025-07-08T19:51:46.649Z", "wikiUrl": ""}}. Error code is: 1.; 2550)
Traceback (most recent call last):
  File "/home/airflow/.local/lib/python3.12/site-packages/airflow/task/task_runner/standard_task_runner.py", line 117, in _start_by_fork
    ret = args.func(args, dag=self.dag)
          ^^^^^^^^^^^^^^^^^^^^^^^^^^^^^
  File "/home/airflow/.local/lib/python3.12/site-packages/airflow/cli/cli_config.py", line 49, in command
    return func(*args, **kwargs)
           ^^^^^^^^^^^^^^^^^^^^^
  File "/home/airflow/.local/lib/python3.12/site-packages/airflow/utils/cli.py", line 116, in wrapper
    return f(*args, **kwargs)
           ^^^^^^^^^^^^^^^^^^
  File "/home/airflow/.local/lib/python3.12/site-packages/airflow/cli/commands/task_command.py", line 483, in task_run
    task_return_code = _run_task_by_selected_method(args, _dag, ti)
                       ^^^^^^^^^^^^^^^^^^^^^^^^^^^^^^^^^^^^^^^^^^^^
  File "/home/airflow/.local/lib/python3.12/site-packages/airflow/cli/commands/task_command.py", line 256, in _run_task_by_selected_method
    return _run_raw_task(args, ti)
           ^^^^^^^^^^^^^^^^^^^^^^^
  File "/home/airflow/.local/lib/python3.12/site-packages/airflow/cli/commands/task_command.py", line 341, in _run_raw_task
    return ti._run_raw_task(
           ^^^^^^^^^^^^^^^^^
  File "/home/airflow/.local/lib/python3.12/site-packages/airflow/utils/session.py", line 97, in wrapper
    return func(*args, session=session, **kwargs)
           ^^^^^^^^^^^^^^^^^^^^^^^^^^^^^^^^^^^^^^
  File "/home/airflow/.local/lib/python3.12/site-packages/airflow/models/taskinstance.py", line 3029, in _run_raw_task
    return _run_raw_task(
           ^^^^^^^^^^^^^^
  File "/home/airflow/.local/lib/python3.12/site-packages/airflow/models/taskinstance.py", line 282, in _run_raw_task
    TaskInstance._execute_task_with_callbacks(
  File "/home/airflow/.local/lib/python3.12/site-packages/airflow/models/taskinstance.py", line 3184, in _execute_task_with_callbacks
    result = self._execute_task(context, task_orig)
             ^^^^^^^^^^^^^^^^^^^^^^^^^^^^^^^^^^^^^^
  File "/home/airflow/.local/lib/python3.12/site-packages/airflow/models/taskinstance.py", line 3208, in _execute_task
    return _execute_task(self, context, task_orig)
           ^^^^^^^^^^^^^^^^^^^^^^^^^^^^^^^^^^^^^^^
  File "/home/airflow/.local/lib/python3.12/site-packages/airflow/models/taskinstance.py", line 776, in _execute_task
    result = _execute_callable(context=context, **execute_callable_kwargs)
             ^^^^^^^^^^^^^^^^^^^^^^^^^^^^^^^^^^^^^^^^^^^^^^^^^^^^^^^^^^^^^
  File "/home/airflow/.local/lib/python3.12/site-packages/airflow/models/taskinstance.py", line 742, in _execute_callable
    return ExecutionCallableRunner(
           ^^^^^^^^^^^^^^^^^^^^^^^^
  File "/home/airflow/.local/lib/python3.12/site-packages/airflow/utils/operator_helpers.py", line 252, in run
    return self.func(*args, **kwargs)
           ^^^^^^^^^^^^^^^^^^^^^^^^^^
  File "/home/airflow/.local/lib/python3.12/site-packages/airflow/models/baseoperator.py", line 424, in wrapper
    return func(self, *args, **kwargs)
           ^^^^^^^^^^^^^^^^^^^^^^^^^^^
  File "/home/airflow/.local/lib/python3.12/site-packages/airflow/providers/apache/spark/operators/spark_submit.py", line 197, in execute
    self._hook.submit(self.application)
  File "/home/airflow/.local/lib/python3.12/site-packages/airflow/providers/apache/spark/hooks/spark_submit.py", line 566, in submit
    raise AirflowException(
airflow.exceptions.AirflowException: Cannot execute: spark-submit --master spark://spark-master:7077 --jars /opt/bitnami/spark/jars/iceberg-spark-runtime-3.5_2.12-1.8.1.jar,/opt/bitnami/spark/jars/nessie-spark-extensions-3.5_2.12-0.103.2.jar,/opt/bitnami/spark/jars/nessie-client-0.103.2.jar,/opt/bitnami/spark/jars/hadoop-aws-3.3.2.jar,/opt/bitnami/spark/jars/aws-java-sdk-bundle-1.12.262.jar, --name arrow-spark --deploy-mode client /opt/bitnami/spark/jobs/process_exercises_job.py {"id": "CA-LESTE-construtiva-4455-2025-07-08", "manifest_entry": {"data": {"createdAt": "2025-07-08T19:50:09.281Z", "origin": "CA-LESTE", "path": "exercises/CA-LESTE-construtiva-4455-2025-07-08"}, "id": "CA-LESTE-construtiva-4455-2025-07-08"}, "metadata": {"createdAt": "2025-07-08T19:50:09.281Z", "description": "4455", "documents": [{"description": "", "id": "1752004297308", "mimetype": "application/pdf", "name": "Op Jacui IV - Ordem de Operacoes.pdf", "path": "exercises/CA-LESTE-construtiva-4455-2025-07-08/documents/Op Jacui IV - Ordem de Operacoes.pdf", "size": 336744, "uploadedAt": "2025-07-08T19:51:37.308Z"}], "endDate": "2025-07-22", "id": "CA-LESTE-construtiva-4455-2025-07-08", "name": "Jogo de Guerra", "origin": "CA-LESTE", "simulationType": "construtiva", "simulations": [{"id": "172.19.0.14_2025-07-08", "movedAt": "2025-07-08T19:51:46.649Z", "name": "172.19.0.14_2025-07-08", "originalPath": "staging/172.19.0.14_2025-07-08", "path": "exercises/CA-LESTE-construtiva-4455-2025-07-08/simulations/172.19.0.14_2025-07-08"}], "startDate": "2025-07-15", "trainedForce": "4455", "updatedAt": "2025-07-08T19:51:46.649Z", "wikiUrl": ""}}. Error code is: 1.
[2025-07-09T18:15:50.547+0000] {local_task_job_runner.py:266} INFO - Task exited with return code 1
[2025-07-09T18:15:50.578+0000] {taskinstance.py:3924} INFO - 0 downstream tasks scheduled from follow-on schedule check
[2025-07-09T18:15:50.645+0000] {local_task_job_runner.py:245} INFO - ::endgroup::
