[2025-07-08T18:51:37.723+0000] {local_task_job_runner.py:123} INFO - ::group::Pre task execution logs
[2025-07-08T18:51:37.757+0000] {taskinstance.py:2631} INFO - Dependencies all met for dep_context=non-requeueable deps ti=<TaskInstance: process_exercises.process_exercises manual__2025-07-08T18:51:32.885962+00:00 [queued]>
[2025-07-08T18:51:37.768+0000] {taskinstance.py:2631} INFO - Dependencies all met for dep_context=requeueable deps ti=<TaskInstance: process_exercises.process_exercises manual__2025-07-08T18:51:32.885962+00:00 [queued]>
[2025-07-08T18:51:37.769+0000] {taskinstance.py:2884} INFO - Starting attempt 1 of 1
[2025-07-08T18:51:37.816+0000] {taskinstance.py:2907} INFO - Executing <Task(SparkSubmitOperator): process_exercises> on 2025-07-08 18:51:32.885962+00:00
[2025-07-08T18:51:37.831+0000] {standard_task_runner.py:104} INFO - Running: ['airflow', 'tasks', 'run', 'process_exercises', 'process_exercises', 'manual__2025-07-08T18:51:32.885962+00:00', '--job-id', '187', '--raw', '--subdir', 'DAGS_FOLDER/process_exercises.py', '--cfg-path', '/tmp/tmpge8j93oq']
[2025-07-08T18:51:37.838+0000] {standard_task_runner.py:105} INFO - Job 187: Subtask process_exercises
[2025-07-08T18:51:37.854+0000] {logging_mixin.py:190} WARNING - /home/airflow/.local/lib/python3.12/site-packages/airflow/task/task_runner/standard_task_runner.py:70 DeprecationWarning: This process (pid=12044) is multi-threaded, use of fork() may lead to deadlocks in the child.
[2025-07-08T18:51:37.856+0000] {standard_task_runner.py:72} INFO - Started process 12045 to run task
[2025-07-08T18:51:37.963+0000] {task_command.py:467} INFO - Running <TaskInstance: process_exercises.process_exercises manual__2025-07-08T18:51:32.885962+00:00 [running]> on host 3748f1b8240a
[2025-07-08T18:51:38.245+0000] {taskinstance.py:3157} INFO - Exporting env vars: AIRFLOW_CTX_DAG_OWNER='airflow' AIRFLOW_CTX_DAG_ID='process_exercises' AIRFLOW_CTX_TASK_ID='process_exercises' AIRFLOW_CTX_EXECUTION_DATE='2025-07-08T18:51:32.885962+00:00' AIRFLOW_CTX_TRY_NUMBER='1' AIRFLOW_CTX_DAG_RUN_ID='manual__2025-07-08T18:51:32.885962+00:00'
[2025-07-08T18:51:38.250+0000] {taskinstance.py:740} INFO - ::endgroup::
[2025-07-08T18:51:38.312+0000] {base.py:84} INFO - Retrieving connection 'spark-ebsim'
[2025-07-08T18:51:38.319+0000] {spark_submit.py:474} INFO - Spark-Submit cmd: spark-submit --master spark://spark-master:7077 --jars /opt/bitnami/spark/jars/iceberg-spark-runtime-3.5_2.12-1.8.1.jar,/opt/bitnami/spark/jars/nessie-spark-extensions-3.5_2.12-0.103.2.jar,/opt/bitnami/spark/jars/nessie-client-0.103.2.jar,/opt/bitnami/spark/jars/hadoop-aws-3.3.2.jar,/opt/bitnami/spark/jars/aws-java-sdk-bundle-1.12.262.jar, --name arrow-spark --deploy-mode client /opt/bitnami/spark/jobs/process_exercises_job.py {"id": "CA-LESTE-construtiva-4DE-2025-07-08", "manifest_entry": {"data": {"createdAt": "2025-07-08T18:27:58.496Z", "origin": "CA-LESTE", "path": "exercises/CA-LESTE-construtiva-4DE-2025-07-08"}, "id": "CA-LESTE-construtiva-4DE-2025-07-08"}, "metadata": {"createdAt": "2025-07-08T18:27:58.496Z", "description": "4DE", "documents": [{"description": "", "id": "1751999288885", "mimetype": "application/pdf", "name": "Op Jacui IV - Ordem de Operacoes.pdf", "path": "exercises/CA-LESTE-construtiva-4DE-2025-07-08/documents/Op Jacui IV - Ordem de Operacoes.pdf", "size": 336744, "uploadedAt": "2025-07-08T18:28:08.885Z"}], "endDate": "2025-07-10", "id": "CA-LESTE-construtiva-4DE-2025-07-08", "name": "Jogo de Guerra", "origin": "CA-LESTE", "simulationType": "construtiva", "simulations": [{"id": "172.19.0.14_2025-07-08", "movedAt": "2025-07-08T18:28:17.872Z", "name": "172.19.0.14_2025-07-08", "originalPath": "staging/172.19.0.14_2025-07-08", "path": "exercises/CA-LESTE-construtiva-4DE-2025-07-08/simulations/172.19.0.14_2025-07-08"}], "startDate": "2025-07-08", "trainedForce": "4 Divis\u00e3o de Ex\u00e9rcito", "updatedAt": "2025-07-08T18:28:17.873Z", "wikiUrl": ""}}
[2025-07-08T18:51:41.586+0000] {spark_submit.py:644} INFO - 25/07/08 18:51:41 WARN NativeCodeLoader: Unable to load native-hadoop library for your platform... using builtin-java classes where applicable
[2025-07-08T18:51:43.574+0000] {spark_submit.py:644} INFO - [PROCESS EXERCISES] ℹ️ Iniciando processamento de exercícios
[2025-07-08T18:51:43.574+0000] {spark_submit.py:644} INFO - [PROCESS EXERCISES] ℹ️ Exercício selecionado: CA-LESTE-construtiva-4DE-2025-07-08
[2025-07-08T18:51:43.575+0000] {spark_submit.py:644} INFO - [PROCESS EXERCISES] 🔄 Criando sessão Spark
[2025-07-08T18:51:44.226+0000] {spark_submit.py:644} INFO - 25/07/08 18:51:44 INFO SparkContext: Running Spark version 3.5.5
[2025-07-08T18:51:44.227+0000] {spark_submit.py:644} INFO - 25/07/08 18:51:44 INFO SparkContext: OS info Linux, 5.15.167.4-microsoft-standard-WSL2, amd64
[2025-07-08T18:51:44.228+0000] {spark_submit.py:644} INFO - 25/07/08 18:51:44 INFO SparkContext: Java version 17.0.15
[2025-07-08T18:51:44.254+0000] {spark_submit.py:644} INFO - 25/07/08 18:51:44 INFO ResourceUtils: ==============================================================
[2025-07-08T18:51:44.254+0000] {spark_submit.py:644} INFO - 25/07/08 18:51:44 INFO ResourceUtils: No custom resources configured for spark.driver.
[2025-07-08T18:51:44.255+0000] {spark_submit.py:644} INFO - 25/07/08 18:51:44 INFO ResourceUtils: ==============================================================
[2025-07-08T18:51:44.256+0000] {spark_submit.py:644} INFO - 25/07/08 18:51:44 INFO SparkContext: Submitted application: ProcessExercises
[2025-07-08T18:51:44.275+0000] {spark_submit.py:644} INFO - 25/07/08 18:51:44 INFO ResourceProfile: Default ResourceProfile created, executor resources: Map(memory -> name: memory, amount: 1024, script: , vendor: , offHeap -> name: offHeap, amount: 0, script: , vendor: ), task resources: Map(cpus -> name: cpus, amount: 1.0)
[2025-07-08T18:51:44.294+0000] {spark_submit.py:644} INFO - 25/07/08 18:51:44 INFO ResourceProfile: Limiting resource is cpu
[2025-07-08T18:51:44.295+0000] {spark_submit.py:644} INFO - 25/07/08 18:51:44 INFO ResourceProfileManager: Added ResourceProfile id: 0
[2025-07-08T18:51:44.344+0000] {spark_submit.py:644} INFO - 25/07/08 18:51:44 INFO SecurityManager: Changing view acls to: airflow
[2025-07-08T18:51:44.345+0000] {spark_submit.py:644} INFO - 25/07/08 18:51:44 INFO SecurityManager: Changing modify acls to: airflow
[2025-07-08T18:51:44.345+0000] {spark_submit.py:644} INFO - 25/07/08 18:51:44 INFO SecurityManager: Changing view acls groups to:
[2025-07-08T18:51:44.346+0000] {spark_submit.py:644} INFO - 25/07/08 18:51:44 INFO SecurityManager: Changing modify acls groups to:
[2025-07-08T18:51:44.346+0000] {spark_submit.py:644} INFO - 25/07/08 18:51:44 INFO SecurityManager: SecurityManager: authentication disabled; ui acls disabled; users with view permissions: airflow; groups with view permissions: EMPTY; users with modify permissions: airflow; groups with modify permissions: EMPTY
[2025-07-08T18:51:44.517+0000] {spark_submit.py:644} INFO - 25/07/08 18:51:44 INFO Utils: Successfully started service 'sparkDriver' on port 35863.
[2025-07-08T18:51:44.540+0000] {spark_submit.py:644} INFO - 25/07/08 18:51:44 INFO SparkEnv: Registering MapOutputTracker
[2025-07-08T18:51:44.570+0000] {spark_submit.py:644} INFO - 25/07/08 18:51:44 INFO SparkEnv: Registering BlockManagerMaster
[2025-07-08T18:51:44.618+0000] {spark_submit.py:644} INFO - 25/07/08 18:51:44 INFO BlockManagerMasterEndpoint: Using org.apache.spark.storage.DefaultTopologyMapper for getting topology information
[2025-07-08T18:51:44.619+0000] {spark_submit.py:644} INFO - 25/07/08 18:51:44 INFO BlockManagerMasterEndpoint: BlockManagerMasterEndpoint up
[2025-07-08T18:51:44.624+0000] {spark_submit.py:644} INFO - 25/07/08 18:51:44 INFO SparkEnv: Registering BlockManagerMasterHeartbeat
[2025-07-08T18:51:44.646+0000] {spark_submit.py:644} INFO - 25/07/08 18:51:44 INFO DiskBlockManager: Created local directory at /tmp/blockmgr-2829f0da-840f-4acb-88f4-ed85365ebee7
[2025-07-08T18:51:44.657+0000] {spark_submit.py:644} INFO - 25/07/08 18:51:44 INFO MemoryStore: MemoryStore started with capacity 434.4 MiB
[2025-07-08T18:51:44.669+0000] {spark_submit.py:644} INFO - 25/07/08 18:51:44 INFO SparkEnv: Registering OutputCommitCoordinator
[2025-07-08T18:51:44.830+0000] {spark_submit.py:644} INFO - 25/07/08 18:51:44 INFO JettyUtils: Start Jetty 0.0.0.0:4040 for SparkUI
[2025-07-08T18:51:44.895+0000] {spark_submit.py:644} INFO - 25/07/08 18:51:44 INFO Utils: Successfully started service 'SparkUI' on port 4040.
[2025-07-08T18:51:44.930+0000] {spark_submit.py:644} INFO - 25/07/08 18:51:44 INFO SparkContext: Added JAR file:///opt/bitnami/spark/jars/iceberg-spark-runtime-3.5_2.12-1.8.1.jar at spark://3748f1b8240a:35863/jars/iceberg-spark-runtime-3.5_2.12-1.8.1.jar with timestamp 1752000704220
[2025-07-08T18:51:44.931+0000] {spark_submit.py:644} INFO - 25/07/08 18:51:44 INFO SparkContext: Added JAR file:///opt/bitnami/spark/jars/nessie-spark-extensions-3.5_2.12-0.103.2.jar at spark://3748f1b8240a:35863/jars/nessie-spark-extensions-3.5_2.12-0.103.2.jar with timestamp 1752000704220
[2025-07-08T18:51:44.932+0000] {spark_submit.py:644} INFO - 25/07/08 18:51:44 INFO SparkContext: Added JAR file:///opt/bitnami/spark/jars/nessie-client-0.103.2.jar at spark://3748f1b8240a:35863/jars/nessie-client-0.103.2.jar with timestamp 1752000704220
[2025-07-08T18:51:44.933+0000] {spark_submit.py:644} INFO - 25/07/08 18:51:44 INFO SparkContext: Added JAR file:///opt/bitnami/spark/jars/hadoop-aws-3.3.2.jar at spark://3748f1b8240a:35863/jars/hadoop-aws-3.3.2.jar with timestamp 1752000704220
[2025-07-08T18:51:44.935+0000] {spark_submit.py:644} INFO - 25/07/08 18:51:44 INFO SparkContext: Added JAR file:///opt/bitnami/spark/jars/aws-java-sdk-bundle-1.12.262.jar at spark://3748f1b8240a:35863/jars/aws-java-sdk-bundle-1.12.262.jar with timestamp 1752000704220
[2025-07-08T18:51:45.056+0000] {spark_submit.py:644} INFO - 25/07/08 18:51:45 INFO StandaloneAppClient$ClientEndpoint: Connecting to master spark://spark-master:7077...
[2025-07-08T18:51:45.204+0000] {spark_submit.py:644} INFO - 25/07/08 18:51:45 INFO TransportClientFactory: Successfully created connection to spark-master/172.19.0.2:7077 after 36 ms (0 ms spent in bootstraps)
[2025-07-08T18:51:45.352+0000] {spark_submit.py:644} INFO - 25/07/08 18:51:45 INFO StandaloneSchedulerBackend: Connected to Spark cluster with app ID app-20250708185145-0019
[2025-07-08T18:51:45.355+0000] {spark_submit.py:644} INFO - 25/07/08 18:51:45 INFO StandaloneAppClient$ClientEndpoint: Executor added: app-20250708185145-0019/0 on worker-20250708130010-172.19.0.8-33627 (172.19.0.8:33627) with 2 core(s)
[2025-07-08T18:51:45.357+0000] {spark_submit.py:644} INFO - 25/07/08 18:51:45 INFO StandaloneSchedulerBackend: Granted executor ID app-20250708185145-0019/0 on hostPort 172.19.0.8:33627 with 2 core(s), 1024.0 MiB RAM
[2025-07-08T18:51:45.361+0000] {spark_submit.py:644} INFO - 25/07/08 18:51:45 INFO Utils: Successfully started service 'org.apache.spark.network.netty.NettyBlockTransferService' on port 38837.
[2025-07-08T18:51:45.362+0000] {spark_submit.py:644} INFO - 25/07/08 18:51:45 INFO NettyBlockTransferService: Server created on 3748f1b8240a:38837
[2025-07-08T18:51:45.394+0000] {spark_submit.py:644} INFO - 25/07/08 18:51:45 INFO BlockManager: Using org.apache.spark.storage.RandomBlockReplicationPolicy for block replication policy
[2025-07-08T18:51:45.401+0000] {spark_submit.py:644} INFO - 25/07/08 18:51:45 INFO BlockManagerMaster: Registering BlockManager BlockManagerId(driver, 3748f1b8240a, 38837, None)
[2025-07-08T18:51:45.406+0000] {spark_submit.py:644} INFO - 25/07/08 18:51:45 INFO BlockManagerMasterEndpoint: Registering block manager 3748f1b8240a:38837 with 434.4 MiB RAM, BlockManagerId(driver, 3748f1b8240a, 38837, None)
[2025-07-08T18:51:45.407+0000] {spark_submit.py:644} INFO - 25/07/08 18:51:45 INFO StandaloneAppClient$ClientEndpoint: Executor updated: app-20250708185145-0019/0 is now RUNNING
[2025-07-08T18:51:45.409+0000] {spark_submit.py:644} INFO - 25/07/08 18:51:45 INFO BlockManagerMaster: Registered BlockManager BlockManagerId(driver, 3748f1b8240a, 38837, None)
[2025-07-08T18:51:45.410+0000] {spark_submit.py:644} INFO - 25/07/08 18:51:45 INFO BlockManager: Initialized BlockManager: BlockManagerId(driver, 3748f1b8240a, 38837, None)
[2025-07-08T18:51:45.581+0000] {spark_submit.py:644} INFO - 25/07/08 18:51:45 INFO StandaloneSchedulerBackend: SchedulerBackend is ready for scheduling beginning after reached minRegisteredResourcesRatio: 0.0
[2025-07-08T18:51:45.928+0000] {spark_submit.py:644} INFO - [PROCESS EXERCISES] ✅ Sessão Spark criada com sucesso
[2025-07-08T18:51:45.929+0000] {spark_submit.py:644} INFO - [PROCESS EXERCISES] ✅ Processador de exercícios inicializado
[2025-07-08T18:51:45.930+0000] {spark_submit.py:644} INFO - [PROCESS EXERCISES] 🔄 Criando namespace nessie.exercises
[2025-07-08T18:51:45.941+0000] {spark_submit.py:644} INFO - 25/07/08 18:51:45 INFO SharedState: Setting hive.metastore.warehouse.dir ('null') to the value of spark.sql.warehouse.dir.
[2025-07-08T18:51:45.945+0000] {spark_submit.py:644} INFO - 25/07/08 18:51:45 INFO SharedState: Warehouse path is 'file:/opt/airflow/spark-warehouse'.
[2025-07-08T18:51:48.392+0000] {spark_submit.py:644} INFO - 25/07/08 18:51:48 INFO CatalogUtil: Loading custom FileIO implementation: org.apache.iceberg.hadoop.HadoopFileIO
[2025-07-08T18:51:48.429+0000] {spark_submit.py:644} INFO - 25/07/08 18:51:48 INFO StandaloneSchedulerBackend$StandaloneDriverEndpoint: Registered executor NettyRpcEndpointRef(spark-client://Executor) (172.19.0.8:35714) with ID 0,  ResourceProfileId 0
[2025-07-08T18:51:48.527+0000] {spark_submit.py:644} INFO - 25/07/08 18:51:48 INFO BlockManagerMasterEndpoint: Registering block manager 172.19.0.8:43739 with 434.4 MiB RAM, BlockManagerId(0, 172.19.0.8, 43739, None)
[2025-07-08T18:51:50.060+0000] {spark_submit.py:644} INFO - [PROCESS EXERCISES] ✅ Namespace criado/verificado com sucesso
[2025-07-08T18:51:50.062+0000] {spark_submit.py:644} INFO - [PROCESS EXERCISES] 🔄 === FASE 1: PROCESSAMENTO DE DOCUMENTOS ===
[2025-07-08T18:51:50.063+0000] {spark_submit.py:644} INFO - [PROCESS EXERCISES] 🔄 Iniciando processamento de documentos PDF
[2025-07-08T18:51:50.064+0000] {spark_submit.py:644} INFO - [PROCESS EXERCISES] ℹ️ Encontrados 1 documentos
[2025-07-08T18:51:50.065+0000] {spark_submit.py:644} INFO - [PROCESS EXERCISES] 🔄 Processando documento: Op Jacui IV - Ordem de Operacoes.pdf
[2025-07-08T18:51:50.066+0000] {spark_submit.py:644} INFO - [PROCESS EXERCISES] ℹ️ Carregando PDF de: s3a://bronze/exercises/CA-LESTE-construtiva-4DE-2025-07-08/documents/Op Jacui IV - Ordem de Operacoes.pdf
[2025-07-08T18:51:50.357+0000] {spark_submit.py:644} INFO - 25/07/08 18:51:50 WARN MetricsConfig: Cannot locate configuration: tried hadoop-metrics2-s3a-file-system.properties,hadoop-metrics2.properties
[2025-07-08T18:51:50.368+0000] {spark_submit.py:644} INFO - 25/07/08 18:51:50 INFO MetricsSystemImpl: Scheduled Metric snapshot period at 10 second(s).
[2025-07-08T18:51:50.368+0000] {spark_submit.py:644} INFO - 25/07/08 18:51:50 INFO MetricsSystemImpl: s3a-file-system metrics system started
[2025-07-08T18:51:52.046+0000] {spark_submit.py:644} INFO - 25/07/08 18:51:52 INFO InMemoryFileIndex: It took 56 ms to list leaf files for 1 paths.
[2025-07-08T18:51:52.556+0000] {spark_submit.py:644} INFO - 25/07/08 18:51:52 INFO FileSourceStrategy: Pushed Filters:
[2025-07-08T18:51:53.177+0000] {spark_submit.py:644} INFO - 25/07/08 18:51:52 INFO FileSourceStrategy: Post-Scan Filters:
[2025-07-08T18:51:53.363+0000] {spark_submit.py:644} INFO - 25/07/08 18:51:53 INFO CodeGenerator: Code generated in 178.373611 ms
[2025-07-08T18:51:53.366+0000] {spark_submit.py:644} INFO - 25/07/08 18:51:53 INFO MemoryStore: Block broadcast_0 stored as values in memory (estimated size 203.5 KiB, free 434.2 MiB)
[2025-07-08T18:51:53.766+0000] {spark_submit.py:644} INFO - 25/07/08 18:51:53 INFO MemoryStore: Block broadcast_0_piece0 stored as bytes in memory (estimated size 35.6 KiB, free 434.2 MiB)
[2025-07-08T18:51:53.770+0000] {spark_submit.py:644} INFO - 25/07/08 18:51:53 INFO BlockManagerInfo: Added broadcast_0_piece0 in memory on 3748f1b8240a:38837 (size: 35.6 KiB, free: 434.4 MiB)
[2025-07-08T18:51:53.775+0000] {spark_submit.py:644} INFO - 25/07/08 18:51:53 INFO SparkContext: Created broadcast 0 from collect at /opt/bitnami/spark/jobs/process_exercises_job.py:238
[2025-07-08T18:51:53.794+0000] {spark_submit.py:644} INFO - 25/07/08 18:51:53 INFO FileSourceScanExec: Planning scan with bin packing, max size: 4194304 bytes, open cost is considered as scanning 4194304 bytes.
[2025-07-08T18:51:54.010+0000] {spark_submit.py:644} INFO - 25/07/08 18:51:54 INFO SparkContext: Starting job: collect at /opt/bitnami/spark/jobs/process_exercises_job.py:238
[2025-07-08T18:51:54.023+0000] {spark_submit.py:644} INFO - 25/07/08 18:51:54 INFO DAGScheduler: Got job 0 (collect at /opt/bitnami/spark/jobs/process_exercises_job.py:238) with 1 output partitions
[2025-07-08T18:51:54.024+0000] {spark_submit.py:644} INFO - 25/07/08 18:51:54 INFO DAGScheduler: Final stage: ResultStage 0 (collect at /opt/bitnami/spark/jobs/process_exercises_job.py:238)
[2025-07-08T18:51:54.024+0000] {spark_submit.py:644} INFO - 25/07/08 18:51:54 INFO DAGScheduler: Parents of final stage: List()
[2025-07-08T18:51:54.025+0000] {spark_submit.py:644} INFO - 25/07/08 18:51:54 INFO DAGScheduler: Missing parents: List()
[2025-07-08T18:51:54.029+0000] {spark_submit.py:644} INFO - 25/07/08 18:51:54 INFO DAGScheduler: Submitting ResultStage 0 (MapPartitionsRDD[5] at collect at /opt/bitnami/spark/jobs/process_exercises_job.py:238), which has no missing parents
[2025-07-08T18:51:54.046+0000] {spark_submit.py:644} INFO - 25/07/08 18:51:54 INFO MemoryStore: Block broadcast_1 stored as values in memory (estimated size 27.4 KiB, free 434.1 MiB)
[2025-07-08T18:51:54.096+0000] {spark_submit.py:644} INFO - 25/07/08 18:51:54 INFO MemoryStore: Block broadcast_1_piece0 stored as bytes in memory (estimated size 13.6 KiB, free 434.1 MiB)
[2025-07-08T18:51:54.097+0000] {spark_submit.py:644} INFO - 25/07/08 18:51:54 INFO BlockManagerInfo: Added broadcast_1_piece0 in memory on 3748f1b8240a:38837 (size: 13.6 KiB, free: 434.4 MiB)
[2025-07-08T18:51:54.098+0000] {spark_submit.py:644} INFO - 25/07/08 18:51:54 INFO SparkContext: Created broadcast 1 from broadcast at DAGScheduler.scala:1585
[2025-07-08T18:51:54.113+0000] {spark_submit.py:644} INFO - 25/07/08 18:51:54 INFO DAGScheduler: Submitting 1 missing tasks from ResultStage 0 (MapPartitionsRDD[5] at collect at /opt/bitnami/spark/jobs/process_exercises_job.py:238) (first 15 tasks are for partitions Vector(0))
[2025-07-08T18:51:54.114+0000] {spark_submit.py:644} INFO - 25/07/08 18:51:54 INFO TaskSchedulerImpl: Adding task set 0.0 with 1 tasks resource profile 0
[2025-07-08T18:52:00.297+0000] {spark_submit.py:644} INFO - 25/07/08 18:52:00 INFO TaskSetManager: Starting task 0.0 in stage 0.0 (TID 0) (172.19.0.8, executor 0, partition 0, PROCESS_LOCAL, 10198 bytes)
[2025-07-08T18:52:00.529+0000] {spark_submit.py:644} INFO - 25/07/08 18:52:00 INFO BlockManagerInfo: Added broadcast_1_piece0 in memory on 172.19.0.8:43739 (size: 13.6 KiB, free: 434.4 MiB)
[2025-07-08T18:52:02.371+0000] {spark_submit.py:644} INFO - 25/07/08 18:52:02 INFO BlockManagerInfo: Added broadcast_0_piece0 in memory on 172.19.0.8:43739 (size: 35.6 KiB, free: 434.4 MiB)
[2025-07-08T18:52:10.744+0000] {spark_submit.py:644} INFO - 25/07/08 18:52:10 INFO TaskSetManager: Finished task 0.0 in stage 0.0 (TID 0) in 10468 ms on 172.19.0.8 (executor 0) (1/1)
[2025-07-08T18:52:10.746+0000] {spark_submit.py:644} INFO - 25/07/08 18:52:10 INFO TaskSchedulerImpl: Removed TaskSet 0.0, whose tasks have all completed, from pool
[2025-07-08T18:52:10.749+0000] {spark_submit.py:644} INFO - 25/07/08 18:52:10 INFO PythonAccumulatorV2: Connected to AccumulatorServer at host: 127.0.0.1 port: 58129
[2025-07-08T18:52:10.752+0000] {spark_submit.py:644} INFO - 25/07/08 18:52:10 INFO DAGScheduler: ResultStage 0 (collect at /opt/bitnami/spark/jobs/process_exercises_job.py:238) finished in 16.713 s
[2025-07-08T18:52:10.755+0000] {spark_submit.py:644} INFO - 25/07/08 18:52:10 INFO DAGScheduler: Job 0 is finished. Cancelling potential speculative or zombie tasks for this job
[2025-07-08T18:52:10.756+0000] {spark_submit.py:644} INFO - 25/07/08 18:52:10 INFO TaskSchedulerImpl: Killing all running tasks in stage 0: Stage finished
[2025-07-08T18:52:10.757+0000] {spark_submit.py:644} INFO - 25/07/08 18:52:10 INFO DAGScheduler: Job 0 finished: collect at /opt/bitnami/spark/jobs/process_exercises_job.py:238, took 16.749298 s
[2025-07-08T18:52:10.797+0000] {spark_submit.py:644} INFO - [PROCESS EXERCISES] ✅ Documento processado com sucesso: Op Jacui IV - Ordem de Operacoes.pdf
[2025-07-08T18:52:10.798+0000] {spark_submit.py:644} INFO - [PROCESS EXERCISES] ✅ Processamento de documentos concluído: 1 registros
[2025-07-08T18:52:12.537+0000] {spark_submit.py:644} INFO - 25/07/08 18:52:12 INFO CodeGenerator: Code generated in 13.881095 ms
[2025-07-08T18:52:12.556+0000] {spark_submit.py:644} INFO - 25/07/08 18:52:12 INFO DAGScheduler: Registering RDD 12 (count at NativeMethodAccessorImpl.java:0) as input to shuffle 0
[2025-07-08T18:52:12.559+0000] {spark_submit.py:644} INFO - 25/07/08 18:52:12 INFO DAGScheduler: Got map stage job 1 (count at NativeMethodAccessorImpl.java:0) with 2 output partitions
[2025-07-08T18:52:12.560+0000] {spark_submit.py:644} INFO - 25/07/08 18:52:12 INFO DAGScheduler: Final stage: ShuffleMapStage 1 (count at NativeMethodAccessorImpl.java:0)
[2025-07-08T18:52:12.560+0000] {spark_submit.py:644} INFO - 25/07/08 18:52:12 INFO DAGScheduler: Parents of final stage: List()
[2025-07-08T18:52:12.561+0000] {spark_submit.py:644} INFO - 25/07/08 18:52:12 INFO DAGScheduler: Missing parents: List()
[2025-07-08T18:52:12.561+0000] {spark_submit.py:644} INFO - 25/07/08 18:52:12 INFO DAGScheduler: Submitting ShuffleMapStage 1 (MapPartitionsRDD[12] at count at NativeMethodAccessorImpl.java:0), which has no missing parents
[2025-07-08T18:52:12.575+0000] {spark_submit.py:644} INFO - 25/07/08 18:52:12 INFO MemoryStore: Block broadcast_2 stored as values in memory (estimated size 16.0 KiB, free 434.1 MiB)
[2025-07-08T18:52:12.600+0000] {spark_submit.py:644} INFO - 25/07/08 18:52:12 INFO MemoryStore: Block broadcast_2_piece0 stored as bytes in memory (estimated size 8.4 KiB, free 434.1 MiB)
[2025-07-08T18:52:12.616+0000] {spark_submit.py:644} INFO - 25/07/08 18:52:12 INFO BlockManagerInfo: Added broadcast_2_piece0 in memory on 3748f1b8240a:38837 (size: 8.4 KiB, free: 434.3 MiB)
[2025-07-08T18:52:12.617+0000] {spark_submit.py:644} INFO - 25/07/08 18:52:12 INFO SparkContext: Created broadcast 2 from broadcast at DAGScheduler.scala:1585
[2025-07-08T18:52:12.618+0000] {spark_submit.py:644} INFO - 25/07/08 18:52:12 INFO BlockManagerInfo: Removed broadcast_0_piece0 on 3748f1b8240a:38837 in memory (size: 35.6 KiB, free: 434.4 MiB)
[2025-07-08T18:52:12.619+0000] {spark_submit.py:644} INFO - 25/07/08 18:52:12 INFO DAGScheduler: Submitting 2 missing tasks from ShuffleMapStage 1 (MapPartitionsRDD[12] at count at NativeMethodAccessorImpl.java:0) (first 15 tasks are for partitions Vector(0, 1))
[2025-07-08T18:52:12.620+0000] {spark_submit.py:644} INFO - 25/07/08 18:52:12 INFO TaskSchedulerImpl: Adding task set 1.0 with 2 tasks resource profile 0
[2025-07-08T18:52:12.621+0000] {spark_submit.py:644} INFO - 25/07/08 18:52:12 INFO BlockManagerInfo: Removed broadcast_0_piece0 on 172.19.0.8:43739 in memory (size: 35.6 KiB, free: 434.4 MiB)
[2025-07-08T18:52:12.623+0000] {spark_submit.py:644} INFO - 25/07/08 18:52:12 INFO TaskSetManager: Starting task 0.0 in stage 1.0 (TID 1) (172.19.0.8, executor 0, partition 0, PROCESS_LOCAL, 9487 bytes)
[2025-07-08T18:52:12.624+0000] {spark_submit.py:644} INFO - 25/07/08 18:52:12 INFO TaskSetManager: Starting task 1.0 in stage 1.0 (TID 2) (172.19.0.8, executor 0, partition 1, PROCESS_LOCAL, 26221 bytes)
[2025-07-08T18:52:12.634+0000] {spark_submit.py:644} INFO - 25/07/08 18:52:12 INFO BlockManagerInfo: Removed broadcast_1_piece0 on 3748f1b8240a:38837 in memory (size: 13.6 KiB, free: 434.4 MiB)
[2025-07-08T18:52:12.638+0000] {spark_submit.py:644} INFO - 25/07/08 18:52:12 INFO BlockManagerInfo: Removed broadcast_1_piece0 on 172.19.0.8:43739 in memory (size: 13.6 KiB, free: 434.4 MiB)
[2025-07-08T18:52:12.663+0000] {spark_submit.py:644} INFO - 25/07/08 18:52:12 INFO BlockManagerInfo: Added broadcast_2_piece0 in memory on 172.19.0.8:43739 (size: 8.4 KiB, free: 434.4 MiB)
[2025-07-08T18:52:14.078+0000] {spark_submit.py:644} INFO - 25/07/08 18:52:14 INFO TaskSetManager: Finished task 0.0 in stage 1.0 (TID 1) in 1458 ms on 172.19.0.8 (executor 0) (1/2)
[2025-07-08T18:52:14.079+0000] {spark_submit.py:644} INFO - 25/07/08 18:52:14 INFO TaskSetManager: Finished task 1.0 in stage 1.0 (TID 2) in 1454 ms on 172.19.0.8 (executor 0) (2/2)
[2025-07-08T18:52:14.080+0000] {spark_submit.py:644} INFO - 25/07/08 18:52:14 INFO TaskSchedulerImpl: Removed TaskSet 1.0, whose tasks have all completed, from pool
[2025-07-08T18:52:14.085+0000] {spark_submit.py:644} INFO - 25/07/08 18:52:14 INFO DAGScheduler: ShuffleMapStage 1 (count at NativeMethodAccessorImpl.java:0) finished in 1.520 s
[2025-07-08T18:52:14.086+0000] {spark_submit.py:644} INFO - 25/07/08 18:52:14 INFO DAGScheduler: looking for newly runnable stages
[2025-07-08T18:52:14.086+0000] {spark_submit.py:644} INFO - 25/07/08 18:52:14 INFO DAGScheduler: running: Set()
[2025-07-08T18:52:14.087+0000] {spark_submit.py:644} INFO - 25/07/08 18:52:14 INFO DAGScheduler: waiting: Set()
[2025-07-08T18:52:14.087+0000] {spark_submit.py:644} INFO - 25/07/08 18:52:14 INFO DAGScheduler: failed: Set()
[2025-07-08T18:52:14.131+0000] {spark_submit.py:644} INFO - 25/07/08 18:52:14 INFO CodeGenerator: Code generated in 12.564735 ms
[2025-07-08T18:52:14.161+0000] {spark_submit.py:644} INFO - 25/07/08 18:52:14 INFO SparkContext: Starting job: count at NativeMethodAccessorImpl.java:0
[2025-07-08T18:52:14.164+0000] {spark_submit.py:644} INFO - 25/07/08 18:52:14 INFO DAGScheduler: Got job 2 (count at NativeMethodAccessorImpl.java:0) with 1 output partitions
[2025-07-08T18:52:14.164+0000] {spark_submit.py:644} INFO - 25/07/08 18:52:14 INFO DAGScheduler: Final stage: ResultStage 3 (count at NativeMethodAccessorImpl.java:0)
[2025-07-08T18:52:14.165+0000] {spark_submit.py:644} INFO - 25/07/08 18:52:14 INFO DAGScheduler: Parents of final stage: List(ShuffleMapStage 2)
[2025-07-08T18:52:14.166+0000] {spark_submit.py:644} INFO - 25/07/08 18:52:14 INFO DAGScheduler: Missing parents: List()
[2025-07-08T18:52:14.166+0000] {spark_submit.py:644} INFO - 25/07/08 18:52:14 INFO DAGScheduler: Submitting ResultStage 3 (MapPartitionsRDD[15] at count at NativeMethodAccessorImpl.java:0), which has no missing parents
[2025-07-08T18:52:14.172+0000] {spark_submit.py:644} INFO - 25/07/08 18:52:14 INFO MemoryStore: Block broadcast_3 stored as values in memory (estimated size 12.5 KiB, free 434.4 MiB)
[2025-07-08T18:52:14.182+0000] {spark_submit.py:644} INFO - 25/07/08 18:52:14 INFO MemoryStore: Block broadcast_3_piece0 stored as bytes in memory (estimated size 5.9 KiB, free 434.4 MiB)
[2025-07-08T18:52:14.183+0000] {spark_submit.py:644} INFO - 25/07/08 18:52:14 INFO BlockManagerInfo: Added broadcast_3_piece0 in memory on 3748f1b8240a:38837 (size: 5.9 KiB, free: 434.4 MiB)
[2025-07-08T18:52:14.190+0000] {spark_submit.py:644} INFO - 25/07/08 18:52:14 INFO BlockManagerInfo: Removed broadcast_2_piece0 on 3748f1b8240a:38837 in memory (size: 8.4 KiB, free: 434.4 MiB)
[2025-07-08T18:52:14.190+0000] {spark_submit.py:644} INFO - 25/07/08 18:52:14 INFO SparkContext: Created broadcast 3 from broadcast at DAGScheduler.scala:1585
[2025-07-08T18:52:14.191+0000] {spark_submit.py:644} INFO - 25/07/08 18:52:14 INFO DAGScheduler: Submitting 1 missing tasks from ResultStage 3 (MapPartitionsRDD[15] at count at NativeMethodAccessorImpl.java:0) (first 15 tasks are for partitions Vector(0))
[2025-07-08T18:52:14.192+0000] {spark_submit.py:644} INFO - 25/07/08 18:52:14 INFO TaskSchedulerImpl: Adding task set 3.0 with 1 tasks resource profile 0
[2025-07-08T18:52:14.193+0000] {spark_submit.py:644} INFO - 25/07/08 18:52:14 INFO BlockManagerInfo: Removed broadcast_2_piece0 on 172.19.0.8:43739 in memory (size: 8.4 KiB, free: 434.4 MiB)
[2025-07-08T18:52:14.194+0000] {spark_submit.py:644} INFO - 25/07/08 18:52:14 INFO TaskSetManager: Starting task 0.0 in stage 3.0 (TID 3) (172.19.0.8, executor 0, partition 0, NODE_LOCAL, 9518 bytes)
[2025-07-08T18:52:14.216+0000] {spark_submit.py:644} INFO - 25/07/08 18:52:14 INFO BlockManagerInfo: Added broadcast_3_piece0 in memory on 172.19.0.8:43739 (size: 5.9 KiB, free: 434.4 MiB)
[2025-07-08T18:52:14.245+0000] {spark_submit.py:644} INFO - 25/07/08 18:52:14 INFO MapOutputTrackerMasterEndpoint: Asked to send map output locations for shuffle 0 to 172.19.0.8:35714
[2025-07-08T18:52:14.512+0000] {spark_submit.py:644} INFO - 25/07/08 18:52:14 INFO TaskSetManager: Finished task 0.0 in stage 3.0 (TID 3) in 319 ms on 172.19.0.8 (executor 0) (1/1)
[2025-07-08T18:52:15.207+0000] {spark_submit.py:644} INFO - 25/07/08 18:52:14 INFO TaskSchedulerImpl: Removed TaskSet 3.0, whose tasks have all completed, from pool
[2025-07-08T18:52:15.209+0000] {spark_submit.py:644} INFO - 25/07/08 18:52:14 INFO DAGScheduler: ResultStage 3 (count at NativeMethodAccessorImpl.java:0) finished in 0.342 s
[2025-07-08T18:52:15.212+0000] {spark_submit.py:644} INFO - 25/07/08 18:52:14 INFO DAGScheduler: Job 2 is finished. Cancelling potential speculative or zombie tasks for this job
[2025-07-08T18:52:15.214+0000] {spark_submit.py:644} INFO - 25/07/08 18:52:14 INFO TaskSchedulerImpl: Killing all running tasks in stage 3: Stage finished
[2025-07-08T18:52:15.216+0000] {spark_submit.py:644} INFO - 25/07/08 18:52:14 INFO DAGScheduler: Job 2 finished: count at NativeMethodAccessorImpl.java:0, took 0.353308 s
[2025-07-08T18:52:15.218+0000] {spark_submit.py:644} INFO - [PROCESS EXERCISES] ℹ️ Salvando 1 registros na tabela nessie.exercises.pdf_documents
[2025-07-08T18:52:18.240+0000] {spark_submit.py:644} INFO - 25/07/08 18:52:18 INFO BaseMetastoreTableOperations: Refreshing table metadata from new version: s3a://warehouse/exercises/pdf_documents_3f2f6938-06f1-4401-a884-d6a6de9720a0/metadata/00029-36c13c45-e2a9-4f4b-8d8e-efb5fb585d78.metadata.json
[2025-07-08T18:52:18.442+0000] {spark_submit.py:644} INFO - 25/07/08 18:52:18 INFO NessieUtil: loadTableMetadata for 'exercises.pdf_documents' from location 's3a://warehouse/exercises/pdf_documents_3f2f6938-06f1-4401-a884-d6a6de9720a0/metadata/00029-36c13c45-e2a9-4f4b-8d8e-efb5fb585d78.metadata.json' at 'Branch{name=main, metadata=null, hash=0ad99051dcc5ed7a00efaf4b43a30b436352c20c8993109d9fc90919fcbe7ce9}'
[2025-07-08T18:52:18.462+0000] {spark_submit.py:644} INFO - 25/07/08 18:52:18 INFO BaseMetastoreCatalog: Table loaded by catalog: nessie.exercises.pdf_documents
[2025-07-08T18:52:19.996+0000] {spark_submit.py:644} INFO - 25/07/08 18:52:19 INFO CodeGenerator: Code generated in 42.095274 ms
[2025-07-08T18:52:20.001+0000] {spark_submit.py:644} INFO - [PROCESS EXERCISES] 🔄 Salvando tabela nessie.exercises.pdf_documents em modo append
[2025-07-08T18:52:20.097+0000] {spark_submit.py:644} INFO - 25/07/08 18:52:20 INFO SparkWrite: Requesting 0 bytes advisory partition size for table nessie.exercises.pdf_documents
[2025-07-08T18:52:20.097+0000] {spark_submit.py:644} INFO - 25/07/08 18:52:20 INFO SparkWrite: Requesting UnspecifiedDistribution as write distribution for table nessie.exercises.pdf_documents
[2025-07-08T18:52:20.098+0000] {spark_submit.py:644} INFO - 25/07/08 18:52:20 INFO SparkWrite: Requesting [] as write ordering for table nessie.exercises.pdf_documents
[2025-07-08T18:52:20.125+0000] {spark_submit.py:644} INFO - 25/07/08 18:52:20 INFO CodeGenerator: Code generated in 11.376398 ms
[2025-07-08T18:52:20.140+0000] {spark_submit.py:644} INFO - 25/07/08 18:52:20 INFO MemoryStore: Block broadcast_4 stored as values in memory (estimated size 32.0 KiB, free 434.4 MiB)
[2025-07-08T18:52:20.180+0000] {spark_submit.py:644} INFO - 25/07/08 18:52:20 INFO MemoryStore: Block broadcast_4_piece0 stored as bytes in memory (estimated size 30.1 KiB, free 434.3 MiB)
[2025-07-08T18:52:20.198+0000] {spark_submit.py:644} INFO - 25/07/08 18:52:20 INFO BlockManagerInfo: Added broadcast_4_piece0 in memory on 3748f1b8240a:38837 (size: 30.1 KiB, free: 434.4 MiB)
[2025-07-08T18:52:20.199+0000] {spark_submit.py:644} INFO - 25/07/08 18:52:20 INFO SparkContext: Created broadcast 4 from broadcast at SparkWrite.java:193
[2025-07-08T18:52:20.201+0000] {spark_submit.py:644} INFO - 25/07/08 18:52:20 INFO AppendDataExec: Start processing data source write support: IcebergBatchWrite(table=nessie.exercises.pdf_documents, format=PARQUET). The input RDD has 2 partitions.
[2025-07-08T18:52:20.212+0000] {spark_submit.py:644} INFO - 25/07/08 18:52:20 INFO SparkContext: Starting job: saveAsTable at NativeMethodAccessorImpl.java:0
[2025-07-08T18:52:20.213+0000] {spark_submit.py:644} INFO - 25/07/08 18:52:20 INFO DAGScheduler: Got job 3 (saveAsTable at NativeMethodAccessorImpl.java:0) with 2 output partitions
[2025-07-08T18:52:20.214+0000] {spark_submit.py:644} INFO - 25/07/08 18:52:20 INFO DAGScheduler: Final stage: ResultStage 4 (saveAsTable at NativeMethodAccessorImpl.java:0)
[2025-07-08T18:52:20.215+0000] {spark_submit.py:644} INFO - 25/07/08 18:52:20 INFO DAGScheduler: Parents of final stage: List()
[2025-07-08T18:52:20.215+0000] {spark_submit.py:644} INFO - 25/07/08 18:52:20 INFO DAGScheduler: Missing parents: List()
[2025-07-08T18:52:20.216+0000] {spark_submit.py:644} INFO - 25/07/08 18:52:20 INFO DAGScheduler: Submitting ResultStage 4 (MapPartitionsRDD[16] at saveAsTable at NativeMethodAccessorImpl.java:0), which has no missing parents
[2025-07-08T18:52:20.217+0000] {spark_submit.py:644} INFO - 25/07/08 18:52:20 INFO MemoryStore: Block broadcast_5 stored as values in memory (estimated size 15.1 KiB, free 434.3 MiB)
[2025-07-08T18:52:20.239+0000] {spark_submit.py:644} INFO - 25/07/08 18:52:20 INFO MemoryStore: Block broadcast_5_piece0 stored as bytes in memory (estimated size 7.8 KiB, free 434.3 MiB)
[2025-07-08T18:52:20.240+0000] {spark_submit.py:644} INFO - 25/07/08 18:52:20 INFO BlockManagerInfo: Added broadcast_5_piece0 in memory on 3748f1b8240a:38837 (size: 7.8 KiB, free: 434.4 MiB)
[2025-07-08T18:52:20.241+0000] {spark_submit.py:644} INFO - 25/07/08 18:52:20 INFO BlockManagerInfo: Removed broadcast_3_piece0 on 3748f1b8240a:38837 in memory (size: 5.9 KiB, free: 434.4 MiB)
[2025-07-08T18:52:20.242+0000] {spark_submit.py:644} INFO - 25/07/08 18:52:20 INFO SparkContext: Created broadcast 5 from broadcast at DAGScheduler.scala:1585
[2025-07-08T18:52:20.242+0000] {spark_submit.py:644} INFO - 25/07/08 18:52:20 INFO DAGScheduler: Submitting 2 missing tasks from ResultStage 4 (MapPartitionsRDD[16] at saveAsTable at NativeMethodAccessorImpl.java:0) (first 15 tasks are for partitions Vector(0, 1))
[2025-07-08T18:52:20.243+0000] {spark_submit.py:644} INFO - 25/07/08 18:52:20 INFO TaskSchedulerImpl: Adding task set 4.0 with 2 tasks resource profile 0
[2025-07-08T18:52:20.244+0000] {spark_submit.py:644} INFO - 25/07/08 18:52:20 INFO BlockManagerInfo: Removed broadcast_3_piece0 on 172.19.0.8:43739 in memory (size: 5.9 KiB, free: 434.4 MiB)
[2025-07-08T18:52:20.245+0000] {spark_submit.py:644} INFO - 25/07/08 18:52:20 INFO TaskSetManager: Starting task 0.0 in stage 4.0 (TID 4) (172.19.0.8, executor 0, partition 0, PROCESS_LOCAL, 9498 bytes)
[2025-07-08T18:52:20.246+0000] {spark_submit.py:644} INFO - 25/07/08 18:52:20 INFO TaskSetManager: Starting task 1.0 in stage 4.0 (TID 5) (172.19.0.8, executor 0, partition 1, PROCESS_LOCAL, 26232 bytes)
[2025-07-08T18:52:20.305+0000] {spark_submit.py:644} INFO - 25/07/08 18:52:20 INFO BlockManagerInfo: Added broadcast_5_piece0 in memory on 172.19.0.8:43739 (size: 7.8 KiB, free: 434.4 MiB)
[2025-07-08T18:52:20.402+0000] {spark_submit.py:644} INFO - 25/07/08 18:52:20 INFO BlockManagerInfo: Added broadcast_4_piece0 in memory on 172.19.0.8:43739 (size: 30.1 KiB, free: 434.4 MiB)
[2025-07-08T18:52:21.538+0000] {spark_submit.py:644} INFO - 25/07/08 18:52:21 INFO TaskSetManager: Finished task 0.0 in stage 4.0 (TID 4) in 1295 ms on 172.19.0.8 (executor 0) (1/2)
[2025-07-08T18:52:22.223+0000] {spark_submit.py:644} INFO - 25/07/08 18:52:22 INFO TaskSetManager: Finished task 1.0 in stage 4.0 (TID 5) in 1978 ms on 172.19.0.8 (executor 0) (2/2)
[2025-07-08T18:52:22.224+0000] {spark_submit.py:644} INFO - 25/07/08 18:52:22 INFO TaskSchedulerImpl: Removed TaskSet 4.0, whose tasks have all completed, from pool
[2025-07-08T18:52:22.225+0000] {spark_submit.py:644} INFO - 25/07/08 18:52:22 INFO DAGScheduler: ResultStage 4 (saveAsTable at NativeMethodAccessorImpl.java:0) finished in 2.009 s
[2025-07-08T18:52:22.225+0000] {spark_submit.py:644} INFO - 25/07/08 18:52:22 INFO DAGScheduler: Job 3 is finished. Cancelling potential speculative or zombie tasks for this job
[2025-07-08T18:52:22.226+0000] {spark_submit.py:644} INFO - 25/07/08 18:52:22 INFO TaskSchedulerImpl: Killing all running tasks in stage 4: Stage finished
[2025-07-08T18:52:22.227+0000] {spark_submit.py:644} INFO - 25/07/08 18:52:22 INFO DAGScheduler: Job 3 finished: saveAsTable at NativeMethodAccessorImpl.java:0, took 2.013206 s
[2025-07-08T18:52:22.227+0000] {spark_submit.py:644} INFO - 25/07/08 18:52:22 INFO AppendDataExec: Data source write support IcebergBatchWrite(table=nessie.exercises.pdf_documents, format=PARQUET) is committing.
[2025-07-08T18:52:22.278+0000] {spark_submit.py:644} INFO - 25/07/08 18:52:22 INFO SparkWrite: Committing append with 1 new data files to table nessie.exercises.pdf_documents
[2025-07-08T18:52:23.992+0000] {spark_submit.py:644} INFO - 25/07/08 18:52:23 INFO NessieIcebergClient: Committed 'exercises.pdf_documents' against 'Branch{name=main, metadata=null, hash=0a988165ccc8ab83da774234434d580e837c55b2019d743a2974a6df0bca12a2}', expected commit-id was '0ad99051dcc5ed7a00efaf4b43a30b436352c20c8993109d9fc90919fcbe7ce9'
[2025-07-08T18:52:23.993+0000] {spark_submit.py:644} INFO - 25/07/08 18:52:23 INFO BaseMetastoreTableOperations: Successfully committed to table exercises.pdf_documents in 575 ms
[2025-07-08T18:52:23.994+0000] {spark_submit.py:644} INFO - 25/07/08 18:52:23 INFO SnapshotProducer: Committed snapshot 4494771195970575785 (MergeAppend)
[2025-07-08T18:52:24.035+0000] {spark_submit.py:644} INFO - 25/07/08 18:52:24 INFO BaseMetastoreTableOperations: Refreshing table metadata from new version: s3a://warehouse/exercises/pdf_documents_3f2f6938-06f1-4401-a884-d6a6de9720a0/metadata/00030-c056c997-bb61-4b63-b5ae-b01765bd8834.metadata.json
[2025-07-08T18:52:24.057+0000] {spark_submit.py:644} INFO - 25/07/08 18:52:24 INFO NessieUtil: loadTableMetadata for 'exercises.pdf_documents' from location 's3a://warehouse/exercises/pdf_documents_3f2f6938-06f1-4401-a884-d6a6de9720a0/metadata/00030-c056c997-bb61-4b63-b5ae-b01765bd8834.metadata.json' at 'Branch{name=main, metadata=null, hash=0a988165ccc8ab83da774234434d580e837c55b2019d743a2974a6df0bca12a2}'
[2025-07-08T18:52:24.113+0000] {spark_submit.py:644} INFO - 25/07/08 18:52:24 INFO LoggingMetricsReporter: Received metrics report: CommitReport{tableName=nessie.exercises.pdf_documents, snapshotId=4494771195970575785, sequenceNumber=31, operation=append, commitMetrics=CommitMetricsResult{totalDuration=TimerResult{timeUnit=NANOSECONDS, totalDuration=PT1.723052882S, count=1}, attempts=CounterResult{unit=COUNT, value=1}, addedDataFiles=CounterResult{unit=COUNT, value=1}, removedDataFiles=null, totalDataFiles=CounterResult{unit=COUNT, value=31}, addedDeleteFiles=null, addedEqualityDeleteFiles=null, addedPositionalDeleteFiles=null, addedDVs=null, removedDeleteFiles=null, removedEqualityDeleteFiles=null, removedPositionalDeleteFiles=null, removedDVs=null, totalDeleteFiles=CounterResult{unit=COUNT, value=0}, addedRecords=CounterResult{unit=COUNT, value=1}, removedRecords=null, totalRecords=CounterResult{unit=COUNT, value=31}, addedFilesSizeInBytes=CounterResult{unit=BYTES, value=8843}, removedFilesSizeInBytes=null, totalFilesSizeInBytes=CounterResult{unit=BYTES, value=244504}, addedPositionalDeletes=null, removedPositionalDeletes=null, totalPositionalDeletes=CounterResult{unit=COUNT, value=0}, addedEqualityDeletes=null, removedEqualityDeletes=null, totalEqualityDeletes=CounterResult{unit=COUNT, value=0}}, metadata={engine-version=3.5.5, app-id=app-20250708185145-0019, engine-name=spark, iceberg-version=Apache Iceberg 1.8.1 (commit 9ce0fcf0af7becf25ad9fc996c3bad2afdcfd33d)}}
[2025-07-08T18:52:24.114+0000] {spark_submit.py:644} INFO - 25/07/08 18:52:24 INFO SparkWrite: Committed in 1834 ms
[2025-07-08T18:52:24.114+0000] {spark_submit.py:644} INFO - 25/07/08 18:52:24 INFO AppendDataExec: Data source write support IcebergBatchWrite(table=nessie.exercises.pdf_documents, format=PARQUET) committed.
[2025-07-08T18:52:24.115+0000] {spark_submit.py:644} INFO - [PROCESS EXERCISES] ✅ Tabela nessie.exercises.pdf_documents salva com sucesso (1 registros)
[2025-07-08T18:52:24.116+0000] {spark_submit.py:644} INFO - [PROCESS EXERCISES] 🔄 === FASE 2: PROCESSAMENTO DE SIMULAÇÕES ===
[2025-07-08T18:52:24.116+0000] {spark_submit.py:644} INFO - [PROCESS EXERCISES] 🔄 Iniciando processamento de simulações
[2025-07-08T18:52:24.117+0000] {spark_submit.py:644} INFO - [PROCESS EXERCISES] ℹ️ Buscando arquivos de simulação em: exercises/CA-LESTE-construtiva-4DE-2025-07-08/simulations/172.19.0.14_2025-07-08
[2025-07-08T18:52:24.117+0000] {spark_submit.py:644} INFO - [PROCESS EXERCISES] ℹ️ Buscando arquivos em: s3a://bronze/exercises/CA-LESTE-construtiva-4DE-2025-07-08/simulations/172.19.0.14_2025-07-08/
[2025-07-08T18:52:24.140+0000] {spark_submit.py:644} INFO - 25/07/08 18:52:24 INFO BlockManagerInfo: Removed broadcast_4_piece0 on 3748f1b8240a:38837 in memory (size: 30.1 KiB, free: 434.4 MiB)
[2025-07-08T18:52:24.143+0000] {spark_submit.py:644} INFO - 25/07/08 18:52:24 INFO BlockManagerInfo: Removed broadcast_4_piece0 on 172.19.0.8:43739 in memory (size: 30.1 KiB, free: 434.4 MiB)
[2025-07-08T18:52:24.152+0000] {spark_submit.py:644} INFO - 25/07/08 18:52:24 INFO BlockManagerInfo: Removed broadcast_5_piece0 on 3748f1b8240a:38837 in memory (size: 7.8 KiB, free: 434.4 MiB)
[2025-07-08T18:52:24.154+0000] {spark_submit.py:644} INFO - 25/07/08 18:52:24 INFO BlockManagerInfo: Removed broadcast_5_piece0 on 172.19.0.8:43739 in memory (size: 7.8 KiB, free: 434.4 MiB)
[2025-07-08T18:52:24.199+0000] {spark_submit.py:644} INFO - 25/07/08 18:52:24 INFO InMemoryFileIndex: It took 43 ms to list leaf files for 1 paths.
[2025-07-08T18:52:24.222+0000] {spark_submit.py:644} INFO - 25/07/08 18:52:24 INFO FileSourceStrategy: Pushed Filters:
[2025-07-08T18:52:24.223+0000] {spark_submit.py:644} INFO - 25/07/08 18:52:24 INFO FileSourceStrategy: Post-Scan Filters:
[2025-07-08T18:52:24.229+0000] {spark_submit.py:644} INFO - 25/07/08 18:52:24 INFO MemoryStore: Block broadcast_6 stored as values in memory (estimated size 203.7 KiB, free 434.2 MiB)
[2025-07-08T18:52:24.250+0000] {spark_submit.py:644} INFO - 25/07/08 18:52:24 INFO MemoryStore: Block broadcast_6_piece0 stored as bytes in memory (estimated size 35.7 KiB, free 434.2 MiB)
[2025-07-08T18:52:24.251+0000] {spark_submit.py:644} INFO - 25/07/08 18:52:24 INFO BlockManagerInfo: Added broadcast_6_piece0 in memory on 3748f1b8240a:38837 (size: 35.7 KiB, free: 434.4 MiB)
[2025-07-08T18:52:24.252+0000] {spark_submit.py:644} INFO - 25/07/08 18:52:24 INFO SparkContext: Created broadcast 6 from collect at /opt/bitnami/spark/jobs/process_exercises_job.py:430
[2025-07-08T18:52:24.253+0000] {spark_submit.py:644} INFO - 25/07/08 18:52:24 INFO FileSourceScanExec: Planning scan with bin packing, max size: 10487545 bytes, open cost is considered as scanning 4194304 bytes.
[2025-07-08T18:52:24.327+0000] {spark_submit.py:644} INFO - 25/07/08 18:52:24 INFO SparkContext: Starting job: collect at /opt/bitnami/spark/jobs/process_exercises_job.py:430
[2025-07-08T18:52:24.332+0000] {spark_submit.py:644} INFO - 25/07/08 18:52:24 INFO DAGScheduler: Got job 4 (collect at /opt/bitnami/spark/jobs/process_exercises_job.py:430) with 2 output partitions
[2025-07-08T18:52:24.390+0000] {spark_submit.py:644} INFO - 25/07/08 18:52:24 INFO DAGScheduler: Final stage: ResultStage 5 (collect at /opt/bitnami/spark/jobs/process_exercises_job.py:430)
[2025-07-08T18:52:24.392+0000] {spark_submit.py:644} INFO - 25/07/08 18:52:24 INFO DAGScheduler: Parents of final stage: List()
[2025-07-08T18:52:24.395+0000] {spark_submit.py:644} INFO - 25/07/08 18:52:24 INFO DAGScheduler: Missing parents: List()
[2025-07-08T18:52:24.397+0000] {spark_submit.py:644} INFO - 25/07/08 18:52:24 INFO DAGScheduler: Submitting ResultStage 5 (MapPartitionsRDD[19] at collect at /opt/bitnami/spark/jobs/process_exercises_job.py:430), which has no missing parents
[2025-07-08T18:52:24.402+0000] {spark_submit.py:644} INFO - 25/07/08 18:52:24 INFO MemoryStore: Block broadcast_7 stored as values in memory (estimated size 9.4 KiB, free 434.2 MiB)
[2025-07-08T18:52:24.409+0000] {spark_submit.py:644} INFO - 25/07/08 18:52:24 INFO MemoryStore: Block broadcast_7_piece0 stored as bytes in memory (estimated size 4.7 KiB, free 434.2 MiB)
[2025-07-08T18:52:24.413+0000] {spark_submit.py:644} INFO - 25/07/08 18:52:24 INFO BlockManagerInfo: Added broadcast_7_piece0 in memory on 3748f1b8240a:38837 (size: 4.7 KiB, free: 434.4 MiB)
[2025-07-08T18:52:24.415+0000] {spark_submit.py:644} INFO - 25/07/08 18:52:24 INFO SparkContext: Created broadcast 7 from broadcast at DAGScheduler.scala:1585
[2025-07-08T18:52:24.418+0000] {spark_submit.py:644} INFO - 25/07/08 18:52:24 INFO DAGScheduler: Submitting 2 missing tasks from ResultStage 5 (MapPartitionsRDD[19] at collect at /opt/bitnami/spark/jobs/process_exercises_job.py:430) (first 15 tasks are for partitions Vector(0, 1))
[2025-07-08T18:52:24.420+0000] {spark_submit.py:644} INFO - 25/07/08 18:52:24 INFO TaskSchedulerImpl: Adding task set 5.0 with 2 tasks resource profile 0
[2025-07-08T18:52:24.425+0000] {spark_submit.py:644} INFO - 25/07/08 18:52:24 INFO TaskSetManager: Starting task 0.0 in stage 5.0 (TID 6) (172.19.0.8, executor 0, partition 0, PROCESS_LOCAL, 10561 bytes)
[2025-07-08T18:52:24.429+0000] {spark_submit.py:644} INFO - 25/07/08 18:52:24 INFO TaskSetManager: Starting task 1.0 in stage 5.0 (TID 7) (172.19.0.8, executor 0, partition 1, PROCESS_LOCAL, 10380 bytes)
[2025-07-08T18:52:24.524+0000] {spark_submit.py:644} INFO - 25/07/08 18:52:24 INFO BlockManagerInfo: Added broadcast_7_piece0 in memory on 172.19.0.8:43739 (size: 4.7 KiB, free: 434.4 MiB)
[2025-07-08T18:52:24.606+0000] {spark_submit.py:644} INFO - 25/07/08 18:52:24 INFO BlockManagerInfo: Added broadcast_6_piece0 in memory on 172.19.0.8:43739 (size: 35.7 KiB, free: 434.4 MiB)
[2025-07-08T18:52:24.650+0000] {spark_submit.py:644} INFO - 25/07/08 18:52:24 INFO TaskSetManager: Finished task 1.0 in stage 5.0 (TID 7) in 223 ms on 172.19.0.8 (executor 0) (1/2)
[2025-07-08T18:52:24.656+0000] {spark_submit.py:644} INFO - 25/07/08 18:52:24 INFO TaskSetManager: Finished task 0.0 in stage 5.0 (TID 6) in 234 ms on 172.19.0.8 (executor 0) (2/2)
[2025-07-08T18:52:24.657+0000] {spark_submit.py:644} INFO - 25/07/08 18:52:24 INFO TaskSchedulerImpl: Removed TaskSet 5.0, whose tasks have all completed, from pool
[2025-07-08T18:52:24.658+0000] {spark_submit.py:644} INFO - 25/07/08 18:52:24 INFO DAGScheduler: ResultStage 5 (collect at /opt/bitnami/spark/jobs/process_exercises_job.py:430) finished in 0.265 s
[2025-07-08T18:52:24.658+0000] {spark_submit.py:644} INFO - 25/07/08 18:52:24 INFO DAGScheduler: Job 4 is finished. Cancelling potential speculative or zombie tasks for this job
[2025-07-08T18:52:24.659+0000] {spark_submit.py:644} INFO - 25/07/08 18:52:24 INFO TaskSchedulerImpl: Killing all running tasks in stage 5: Stage finished
[2025-07-08T18:52:24.660+0000] {spark_submit.py:644} INFO - 25/07/08 18:52:24 INFO DAGScheduler: Job 4 finished: collect at /opt/bitnami/spark/jobs/process_exercises_job.py:430, took 0.331611 s
[2025-07-08T18:52:24.694+0000] {spark_submit.py:644} INFO - [PROCESS EXERCISES] ℹ️ Encontrados 4 arquivos Protobuf (.pb)
[2025-07-08T18:52:24.694+0000] {spark_submit.py:644} INFO - [PROCESS EXERCISES] ℹ️ Encontrados 4 arquivos do tipo PROTO
[2025-07-08T18:52:24.695+0000] {spark_submit.py:644} INFO - [PROCESS EXERCISES] 🔄 Processando 4 arquivos Protobuf
[2025-07-08T18:52:24.696+0000] {spark_submit.py:644} INFO - [PROCESS EXERCISES] ℹ️ Processando arquivo Protobuf: s3a://bronze/exercises/CA-LESTE-construtiva-4DE-2025-07-08/simulations/172.19.0.14_2025-07-08/18-25.56/session-proto_3.pb
[2025-07-08T18:52:24.741+0000] {spark_submit.py:644} INFO - 25/07/08 18:52:24 INFO InMemoryFileIndex: It took 25 ms to list leaf files for 1 paths.
[2025-07-08T18:52:24.882+0000] {spark_submit.py:644} INFO - ======Column<'context'>======
[2025-07-08T18:52:24.883+0000] {spark_submit.py:644} INFO - ======Column<'exercise_id'>======
[2025-07-08T18:52:24.883+0000] {spark_submit.py:644} INFO - [PROCESS EXERCISES] ❌ Erro crítico ao processar arquivo Protobuf s3a://bronze/exercises/CA-LESTE-construtiva-4DE-2025-07-08/simulations/172.19.0.14_2025-07-08/18-25.56/session-proto_3.pb: No active exception to reraise
[2025-07-08T18:52:24.884+0000] {spark_submit.py:644} INFO - [PROCESS EXERCISES] ❌ Erro crítico no processamento de simulações: Falha no processamento Protobuf: No active exception to reraise
[2025-07-08T18:52:24.884+0000] {spark_submit.py:644} INFO - [PROCESS EXERCISES] ❌ Erro crítico durante o processamento: Falha no processamento de simulações: Falha no processamento Protobuf: No active exception to reraise
[2025-07-08T18:52:24.885+0000] {spark_submit.py:644} INFO - [PROCESS EXERCISES] 🔄 Finalizando sessão Spark
[2025-07-08T18:52:24.885+0000] {spark_submit.py:644} INFO - 25/07/08 18:52:24 INFO SparkContext: SparkContext is stopping with exitCode 0.
[2025-07-08T18:52:24.891+0000] {spark_submit.py:644} INFO - 25/07/08 18:52:24 INFO SparkUI: Stopped Spark web UI at http://3748f1b8240a:4040
[2025-07-08T18:52:24.894+0000] {spark_submit.py:644} INFO - 25/07/08 18:52:24 INFO StandaloneSchedulerBackend: Shutting down all executors
[2025-07-08T18:52:24.894+0000] {spark_submit.py:644} INFO - 25/07/08 18:52:24 INFO StandaloneSchedulerBackend$StandaloneDriverEndpoint: Asking each executor to shut down
[2025-07-08T18:52:24.911+0000] {spark_submit.py:644} INFO - 25/07/08 18:52:24 INFO MapOutputTrackerMasterEndpoint: MapOutputTrackerMasterEndpoint stopped!
[2025-07-08T18:52:24.952+0000] {spark_submit.py:644} INFO - 25/07/08 18:52:24 INFO MemoryStore: MemoryStore cleared
[2025-07-08T18:52:24.953+0000] {spark_submit.py:644} INFO - 25/07/08 18:52:24 INFO BlockManager: BlockManager stopped
[2025-07-08T18:52:24.954+0000] {spark_submit.py:644} INFO - 25/07/08 18:52:24 INFO BlockManagerMaster: BlockManagerMaster stopped
[2025-07-08T18:52:24.957+0000] {spark_submit.py:644} INFO - 25/07/08 18:52:24 INFO OutputCommitCoordinator$OutputCommitCoordinatorEndpoint: OutputCommitCoordinator stopped!
[2025-07-08T18:52:24.965+0000] {spark_submit.py:644} INFO - 25/07/08 18:52:24 INFO SparkContext: Successfully stopped SparkContext
[2025-07-08T18:52:25.234+0000] {spark_submit.py:644} INFO - [PROCESS EXERCISES] ✅ Sessão Spark finalizada com sucesso
[2025-07-08T18:52:25.357+0000] {spark_submit.py:644} INFO - 25/07/08 18:52:25 INFO ShutdownHookManager: Shutdown hook called
[2025-07-08T18:52:25.358+0000] {spark_submit.py:644} INFO - 25/07/08 18:52:25 INFO ShutdownHookManager: Deleting directory /tmp/spark-c56522fe-8d54-4eab-b254-7e33b110b43c
[2025-07-08T18:52:25.363+0000] {spark_submit.py:644} INFO - 25/07/08 18:52:25 INFO ShutdownHookManager: Deleting directory /tmp/spark-c56522fe-8d54-4eab-b254-7e33b110b43c/pyspark-0ae0839a-9a0f-462c-9be1-63290dd8a838
[2025-07-08T18:52:25.369+0000] {spark_submit.py:644} INFO - 25/07/08 18:52:25 INFO ShutdownHookManager: Deleting directory /tmp/spark-a249b7e7-45b7-4e65-84b2-0c7921ca59e8
[2025-07-08T18:52:25.379+0000] {spark_submit.py:644} INFO - 25/07/08 18:52:25 INFO MetricsSystemImpl: Stopping s3a-file-system metrics system...
[2025-07-08T18:52:25.380+0000] {spark_submit.py:644} INFO - 25/07/08 18:52:25 INFO MetricsSystemImpl: s3a-file-system metrics system stopped.
[2025-07-08T18:52:25.380+0000] {spark_submit.py:644} INFO - 25/07/08 18:52:25 INFO MetricsSystemImpl: s3a-file-system metrics system shutdown complete.
[2025-07-08T18:52:25.774+0000] {taskinstance.py:3336} ERROR - Task failed with exception
Traceback (most recent call last):
  File "/home/airflow/.local/lib/python3.12/site-packages/airflow/models/taskinstance.py", line 776, in _execute_task
    result = _execute_callable(context=context, **execute_callable_kwargs)
             ^^^^^^^^^^^^^^^^^^^^^^^^^^^^^^^^^^^^^^^^^^^^^^^^^^^^^^^^^^^^^
  File "/home/airflow/.local/lib/python3.12/site-packages/airflow/models/taskinstance.py", line 742, in _execute_callable
    return ExecutionCallableRunner(
           ^^^^^^^^^^^^^^^^^^^^^^^^
  File "/home/airflow/.local/lib/python3.12/site-packages/airflow/utils/operator_helpers.py", line 252, in run
    return self.func(*args, **kwargs)
           ^^^^^^^^^^^^^^^^^^^^^^^^^^
  File "/home/airflow/.local/lib/python3.12/site-packages/airflow/models/baseoperator.py", line 424, in wrapper
    return func(self, *args, **kwargs)
           ^^^^^^^^^^^^^^^^^^^^^^^^^^^
  File "/home/airflow/.local/lib/python3.12/site-packages/airflow/providers/apache/spark/operators/spark_submit.py", line 197, in execute
    self._hook.submit(self.application)
  File "/home/airflow/.local/lib/python3.12/site-packages/airflow/providers/apache/spark/hooks/spark_submit.py", line 566, in submit
    raise AirflowException(
airflow.exceptions.AirflowException: Cannot execute: spark-submit --master spark://spark-master:7077 --jars /opt/bitnami/spark/jars/iceberg-spark-runtime-3.5_2.12-1.8.1.jar,/opt/bitnami/spark/jars/nessie-spark-extensions-3.5_2.12-0.103.2.jar,/opt/bitnami/spark/jars/nessie-client-0.103.2.jar,/opt/bitnami/spark/jars/hadoop-aws-3.3.2.jar,/opt/bitnami/spark/jars/aws-java-sdk-bundle-1.12.262.jar, --name arrow-spark --deploy-mode client /opt/bitnami/spark/jobs/process_exercises_job.py {"id": "CA-LESTE-construtiva-4DE-2025-07-08", "manifest_entry": {"data": {"createdAt": "2025-07-08T18:27:58.496Z", "origin": "CA-LESTE", "path": "exercises/CA-LESTE-construtiva-4DE-2025-07-08"}, "id": "CA-LESTE-construtiva-4DE-2025-07-08"}, "metadata": {"createdAt": "2025-07-08T18:27:58.496Z", "description": "4DE", "documents": [{"description": "", "id": "1751999288885", "mimetype": "application/pdf", "name": "Op Jacui IV - Ordem de Operacoes.pdf", "path": "exercises/CA-LESTE-construtiva-4DE-2025-07-08/documents/Op Jacui IV - Ordem de Operacoes.pdf", "size": 336744, "uploadedAt": "2025-07-08T18:28:08.885Z"}], "endDate": "2025-07-10", "id": "CA-LESTE-construtiva-4DE-2025-07-08", "name": "Jogo de Guerra", "origin": "CA-LESTE", "simulationType": "construtiva", "simulations": [{"id": "172.19.0.14_2025-07-08", "movedAt": "2025-07-08T18:28:17.872Z", "name": "172.19.0.14_2025-07-08", "originalPath": "staging/172.19.0.14_2025-07-08", "path": "exercises/CA-LESTE-construtiva-4DE-2025-07-08/simulations/172.19.0.14_2025-07-08"}], "startDate": "2025-07-08", "trainedForce": "4 Divis\u00e3o de Ex\u00e9rcito", "updatedAt": "2025-07-08T18:28:17.873Z", "wikiUrl": ""}}. Error code is: 1.
[2025-07-08T18:52:25.781+0000] {taskinstance.py:1242} INFO - Marking task as FAILED. dag_id=process_exercises, task_id=process_exercises, run_id=manual__2025-07-08T18:51:32.885962+00:00, execution_date=20250708T185132, start_date=20250708T185137, end_date=20250708T185225
[2025-07-08T18:52:25.915+0000] {taskinstance.py:349} INFO - ::group::Post task execution logs
[2025-07-08T18:52:25.916+0000] {standard_task_runner.py:124} ERROR - Failed to execute job 187 for task process_exercises (Cannot execute: spark-submit --master spark://spark-master:7077 --jars /opt/bitnami/spark/jars/iceberg-spark-runtime-3.5_2.12-1.8.1.jar,/opt/bitnami/spark/jars/nessie-spark-extensions-3.5_2.12-0.103.2.jar,/opt/bitnami/spark/jars/nessie-client-0.103.2.jar,/opt/bitnami/spark/jars/hadoop-aws-3.3.2.jar,/opt/bitnami/spark/jars/aws-java-sdk-bundle-1.12.262.jar, --name arrow-spark --deploy-mode client /opt/bitnami/spark/jobs/process_exercises_job.py {"id": "CA-LESTE-construtiva-4DE-2025-07-08", "manifest_entry": {"data": {"createdAt": "2025-07-08T18:27:58.496Z", "origin": "CA-LESTE", "path": "exercises/CA-LESTE-construtiva-4DE-2025-07-08"}, "id": "CA-LESTE-construtiva-4DE-2025-07-08"}, "metadata": {"createdAt": "2025-07-08T18:27:58.496Z", "description": "4DE", "documents": [{"description": "", "id": "1751999288885", "mimetype": "application/pdf", "name": "Op Jacui IV - Ordem de Operacoes.pdf", "path": "exercises/CA-LESTE-construtiva-4DE-2025-07-08/documents/Op Jacui IV - Ordem de Operacoes.pdf", "size": 336744, "uploadedAt": "2025-07-08T18:28:08.885Z"}], "endDate": "2025-07-10", "id": "CA-LESTE-construtiva-4DE-2025-07-08", "name": "Jogo de Guerra", "origin": "CA-LESTE", "simulationType": "construtiva", "simulations": [{"id": "172.19.0.14_2025-07-08", "movedAt": "2025-07-08T18:28:17.872Z", "name": "172.19.0.14_2025-07-08", "originalPath": "staging/172.19.0.14_2025-07-08", "path": "exercises/CA-LESTE-construtiva-4DE-2025-07-08/simulations/172.19.0.14_2025-07-08"}], "startDate": "2025-07-08", "trainedForce": "4 Divis\u00e3o de Ex\u00e9rcito", "updatedAt": "2025-07-08T18:28:17.873Z", "wikiUrl": ""}}. Error code is: 1.; 12045)
Traceback (most recent call last):
  File "/home/airflow/.local/lib/python3.12/site-packages/airflow/task/task_runner/standard_task_runner.py", line 117, in _start_by_fork
    ret = args.func(args, dag=self.dag)
          ^^^^^^^^^^^^^^^^^^^^^^^^^^^^^
  File "/home/airflow/.local/lib/python3.12/site-packages/airflow/cli/cli_config.py", line 49, in command
    return func(*args, **kwargs)
           ^^^^^^^^^^^^^^^^^^^^^
  File "/home/airflow/.local/lib/python3.12/site-packages/airflow/utils/cli.py", line 116, in wrapper
    return f(*args, **kwargs)
           ^^^^^^^^^^^^^^^^^^
  File "/home/airflow/.local/lib/python3.12/site-packages/airflow/cli/commands/task_command.py", line 483, in task_run
    task_return_code = _run_task_by_selected_method(args, _dag, ti)
                       ^^^^^^^^^^^^^^^^^^^^^^^^^^^^^^^^^^^^^^^^^^^^
  File "/home/airflow/.local/lib/python3.12/site-packages/airflow/cli/commands/task_command.py", line 256, in _run_task_by_selected_method
    return _run_raw_task(args, ti)
           ^^^^^^^^^^^^^^^^^^^^^^^
  File "/home/airflow/.local/lib/python3.12/site-packages/airflow/cli/commands/task_command.py", line 341, in _run_raw_task
    return ti._run_raw_task(
           ^^^^^^^^^^^^^^^^^
  File "/home/airflow/.local/lib/python3.12/site-packages/airflow/utils/session.py", line 97, in wrapper
    return func(*args, session=session, **kwargs)
           ^^^^^^^^^^^^^^^^^^^^^^^^^^^^^^^^^^^^^^
  File "/home/airflow/.local/lib/python3.12/site-packages/airflow/models/taskinstance.py", line 3029, in _run_raw_task
    return _run_raw_task(
           ^^^^^^^^^^^^^^
  File "/home/airflow/.local/lib/python3.12/site-packages/airflow/models/taskinstance.py", line 282, in _run_raw_task
    TaskInstance._execute_task_with_callbacks(
  File "/home/airflow/.local/lib/python3.12/site-packages/airflow/models/taskinstance.py", line 3184, in _execute_task_with_callbacks
    result = self._execute_task(context, task_orig)
             ^^^^^^^^^^^^^^^^^^^^^^^^^^^^^^^^^^^^^^
  File "/home/airflow/.local/lib/python3.12/site-packages/airflow/models/taskinstance.py", line 3208, in _execute_task
    return _execute_task(self, context, task_orig)
           ^^^^^^^^^^^^^^^^^^^^^^^^^^^^^^^^^^^^^^^
  File "/home/airflow/.local/lib/python3.12/site-packages/airflow/models/taskinstance.py", line 776, in _execute_task
    result = _execute_callable(context=context, **execute_callable_kwargs)
             ^^^^^^^^^^^^^^^^^^^^^^^^^^^^^^^^^^^^^^^^^^^^^^^^^^^^^^^^^^^^^
  File "/home/airflow/.local/lib/python3.12/site-packages/airflow/models/taskinstance.py", line 742, in _execute_callable
    return ExecutionCallableRunner(
           ^^^^^^^^^^^^^^^^^^^^^^^^
  File "/home/airflow/.local/lib/python3.12/site-packages/airflow/utils/operator_helpers.py", line 252, in run
    return self.func(*args, **kwargs)
           ^^^^^^^^^^^^^^^^^^^^^^^^^^
  File "/home/airflow/.local/lib/python3.12/site-packages/airflow/models/baseoperator.py", line 424, in wrapper
    return func(self, *args, **kwargs)
           ^^^^^^^^^^^^^^^^^^^^^^^^^^^
  File "/home/airflow/.local/lib/python3.12/site-packages/airflow/providers/apache/spark/operators/spark_submit.py", line 197, in execute
    self._hook.submit(self.application)
  File "/home/airflow/.local/lib/python3.12/site-packages/airflow/providers/apache/spark/hooks/spark_submit.py", line 566, in submit
    raise AirflowException(
airflow.exceptions.AirflowException: Cannot execute: spark-submit --master spark://spark-master:7077 --jars /opt/bitnami/spark/jars/iceberg-spark-runtime-3.5_2.12-1.8.1.jar,/opt/bitnami/spark/jars/nessie-spark-extensions-3.5_2.12-0.103.2.jar,/opt/bitnami/spark/jars/nessie-client-0.103.2.jar,/opt/bitnami/spark/jars/hadoop-aws-3.3.2.jar,/opt/bitnami/spark/jars/aws-java-sdk-bundle-1.12.262.jar, --name arrow-spark --deploy-mode client /opt/bitnami/spark/jobs/process_exercises_job.py {"id": "CA-LESTE-construtiva-4DE-2025-07-08", "manifest_entry": {"data": {"createdAt": "2025-07-08T18:27:58.496Z", "origin": "CA-LESTE", "path": "exercises/CA-LESTE-construtiva-4DE-2025-07-08"}, "id": "CA-LESTE-construtiva-4DE-2025-07-08"}, "metadata": {"createdAt": "2025-07-08T18:27:58.496Z", "description": "4DE", "documents": [{"description": "", "id": "1751999288885", "mimetype": "application/pdf", "name": "Op Jacui IV - Ordem de Operacoes.pdf", "path": "exercises/CA-LESTE-construtiva-4DE-2025-07-08/documents/Op Jacui IV - Ordem de Operacoes.pdf", "size": 336744, "uploadedAt": "2025-07-08T18:28:08.885Z"}], "endDate": "2025-07-10", "id": "CA-LESTE-construtiva-4DE-2025-07-08", "name": "Jogo de Guerra", "origin": "CA-LESTE", "simulationType": "construtiva", "simulations": [{"id": "172.19.0.14_2025-07-08", "movedAt": "2025-07-08T18:28:17.872Z", "name": "172.19.0.14_2025-07-08", "originalPath": "staging/172.19.0.14_2025-07-08", "path": "exercises/CA-LESTE-construtiva-4DE-2025-07-08/simulations/172.19.0.14_2025-07-08"}], "startDate": "2025-07-08", "trainedForce": "4 Divis\u00e3o de Ex\u00e9rcito", "updatedAt": "2025-07-08T18:28:17.873Z", "wikiUrl": ""}}. Error code is: 1.
[2025-07-08T18:52:25.958+0000] {local_task_job_runner.py:266} INFO - Task exited with return code 1
[2025-07-08T18:52:26.008+0000] {taskinstance.py:3924} INFO - 0 downstream tasks scheduled from follow-on schedule check
[2025-07-08T18:52:26.048+0000] {local_task_job_runner.py:245} INFO - ::endgroup::
