[2025-07-08T18:28:47.728+0000] {local_task_job_runner.py:123} INFO - ::group::Pre task execution logs
[2025-07-08T18:28:47.769+0000] {taskinstance.py:2631} INFO - Dependencies all met for dep_context=non-requeueable deps ti=<TaskInstance: process_exercises.process_exercises manual__2025-07-08T18:28:43.925882+00:00 [queued]>
[2025-07-08T18:28:47.781+0000] {taskinstance.py:2631} INFO - Dependencies all met for dep_context=requeueable deps ti=<TaskInstance: process_exercises.process_exercises manual__2025-07-08T18:28:43.925882+00:00 [queued]>
[2025-07-08T18:28:47.782+0000] {taskinstance.py:2884} INFO - Starting attempt 1 of 1
[2025-07-08T18:28:47.835+0000] {taskinstance.py:2907} INFO - Executing <Task(SparkSubmitOperator): process_exercises> on 2025-07-08 18:28:43.925882+00:00
[2025-07-08T18:28:47.863+0000] {standard_task_runner.py:104} INFO - Running: ['airflow', 'tasks', 'run', 'process_exercises', 'process_exercises', 'manual__2025-07-08T18:28:43.925882+00:00', '--job-id', '177', '--raw', '--subdir', 'DAGS_FOLDER/process_exercises.py', '--cfg-path', '/tmp/tmpdh9p_aur']
[2025-07-08T18:28:47.866+0000] {standard_task_runner.py:105} INFO - Job 177: Subtask process_exercises
[2025-07-08T18:28:47.866+0000] {logging_mixin.py:190} WARNING - /home/airflow/.local/lib/python3.12/site-packages/airflow/task/task_runner/standard_task_runner.py:70 DeprecationWarning: This process (pid=10492) is multi-threaded, use of fork() may lead to deadlocks in the child.
[2025-07-08T18:28:47.867+0000] {standard_task_runner.py:72} INFO - Started process 10493 to run task
[2025-07-08T18:28:48.016+0000] {task_command.py:467} INFO - Running <TaskInstance: process_exercises.process_exercises manual__2025-07-08T18:28:43.925882+00:00 [running]> on host 3748f1b8240a
[2025-07-08T18:28:48.846+0000] {taskinstance.py:3157} INFO - Exporting env vars: AIRFLOW_CTX_DAG_OWNER='airflow' AIRFLOW_CTX_DAG_ID='process_exercises' AIRFLOW_CTX_TASK_ID='process_exercises' AIRFLOW_CTX_EXECUTION_DATE='2025-07-08T18:28:43.925882+00:00' AIRFLOW_CTX_TRY_NUMBER='1' AIRFLOW_CTX_DAG_RUN_ID='manual__2025-07-08T18:28:43.925882+00:00'
[2025-07-08T18:28:48.850+0000] {taskinstance.py:740} INFO - ::endgroup::
[2025-07-08T18:28:48.920+0000] {base.py:84} INFO - Retrieving connection 'spark-ebsim'
[2025-07-08T18:28:48.928+0000] {spark_submit.py:474} INFO - Spark-Submit cmd: spark-submit --master spark://spark-master:7077 --jars /opt/bitnami/spark/jars/iceberg-spark-runtime-3.5_2.12-1.8.1.jar,/opt/bitnami/spark/jars/nessie-spark-extensions-3.5_2.12-0.103.2.jar,/opt/bitnami/spark/jars/nessie-client-0.103.2.jar,/opt/bitnami/spark/jars/hadoop-aws-3.3.2.jar,/opt/bitnami/spark/jars/aws-java-sdk-bundle-1.12.262.jar, --name arrow-spark --deploy-mode client /opt/bitnami/spark/jobs/process_exercises_job.py {"id": "CA-LESTE-construtiva-4DE-2025-07-08", "manifest_entry": {"data": {"createdAt": "2025-07-08T18:27:58.496Z", "origin": "CA-LESTE", "path": "exercises/CA-LESTE-construtiva-4DE-2025-07-08"}, "id": "CA-LESTE-construtiva-4DE-2025-07-08"}, "metadata": {"createdAt": "2025-07-08T18:27:58.496Z", "description": "4DE", "documents": [{"description": "", "id": "1751999288885", "mimetype": "application/pdf", "name": "Op Jacui IV - Ordem de Operacoes.pdf", "path": "exercises/CA-LESTE-construtiva-4DE-2025-07-08/documents/Op Jacui IV - Ordem de Operacoes.pdf", "size": 336744, "uploadedAt": "2025-07-08T18:28:08.885Z"}], "endDate": "2025-07-10", "id": "CA-LESTE-construtiva-4DE-2025-07-08", "name": "Jogo de Guerra", "origin": "CA-LESTE", "simulationType": "construtiva", "simulations": [{"id": "172.19.0.14_2025-07-08", "movedAt": "2025-07-08T18:28:17.872Z", "name": "172.19.0.14_2025-07-08", "originalPath": "staging/172.19.0.14_2025-07-08", "path": "exercises/CA-LESTE-construtiva-4DE-2025-07-08/simulations/172.19.0.14_2025-07-08"}], "startDate": "2025-07-08", "trainedForce": "4 Divis\u00e3o de Ex\u00e9rcito", "updatedAt": "2025-07-08T18:28:17.873Z", "wikiUrl": ""}}
[2025-07-08T18:28:51.251+0000] {spark_submit.py:644} INFO - 25/07/08 18:28:51 WARN NativeCodeLoader: Unable to load native-hadoop library for your platform... using builtin-java classes where applicable
[2025-07-08T18:28:52.851+0000] {spark_submit.py:644} INFO - [PROCESS EXERCISES] ℹ️  Iniciando processamento de exercícios
[2025-07-08T18:28:52.851+0000] {spark_submit.py:644} INFO - [PROCESS EXERCISES] ℹ️  Exercício selecionado: CA-LESTE-construtiva-4DE-2025-07-08
[2025-07-08T18:28:52.852+0000] {spark_submit.py:644} INFO - [PROCESS EXERCISES] 🔄 Criando sessão Spark
[2025-07-08T18:28:53.451+0000] {spark_submit.py:644} INFO - 25/07/08 18:28:53 INFO SparkContext: Running Spark version 3.5.5
[2025-07-08T18:28:53.452+0000] {spark_submit.py:644} INFO - 25/07/08 18:28:53 INFO SparkContext: OS info Linux, 5.15.167.4-microsoft-standard-WSL2, amd64
[2025-07-08T18:28:53.452+0000] {spark_submit.py:644} INFO - 25/07/08 18:28:53 INFO SparkContext: Java version 17.0.15
[2025-07-08T18:28:53.477+0000] {spark_submit.py:644} INFO - 25/07/08 18:28:53 INFO ResourceUtils: ==============================================================
[2025-07-08T18:28:53.477+0000] {spark_submit.py:644} INFO - 25/07/08 18:28:53 INFO ResourceUtils: No custom resources configured for spark.driver.
[2025-07-08T18:28:53.478+0000] {spark_submit.py:644} INFO - 25/07/08 18:28:53 INFO ResourceUtils: ==============================================================
[2025-07-08T18:28:53.479+0000] {spark_submit.py:644} INFO - 25/07/08 18:28:53 INFO SparkContext: Submitted application: ProcessExercises
[2025-07-08T18:28:53.496+0000] {spark_submit.py:644} INFO - 25/07/08 18:28:53 INFO ResourceProfile: Default ResourceProfile created, executor resources: Map(memory -> name: memory, amount: 1024, script: , vendor: , offHeap -> name: offHeap, amount: 0, script: , vendor: ), task resources: Map(cpus -> name: cpus, amount: 1.0)
[2025-07-08T18:28:53.503+0000] {spark_submit.py:644} INFO - 25/07/08 18:28:53 INFO ResourceProfile: Limiting resource is cpu
[2025-07-08T18:28:53.504+0000] {spark_submit.py:644} INFO - 25/07/08 18:28:53 INFO ResourceProfileManager: Added ResourceProfile id: 0
[2025-07-08T18:28:53.546+0000] {spark_submit.py:644} INFO - 25/07/08 18:28:53 INFO SecurityManager: Changing view acls to: airflow
[2025-07-08T18:28:53.547+0000] {spark_submit.py:644} INFO - 25/07/08 18:28:53 INFO SecurityManager: Changing modify acls to: airflow
[2025-07-08T18:28:53.547+0000] {spark_submit.py:644} INFO - 25/07/08 18:28:53 INFO SecurityManager: Changing view acls groups to:
[2025-07-08T18:28:53.548+0000] {spark_submit.py:644} INFO - 25/07/08 18:28:53 INFO SecurityManager: Changing modify acls groups to:
[2025-07-08T18:28:53.548+0000] {spark_submit.py:644} INFO - 25/07/08 18:28:53 INFO SecurityManager: SecurityManager: authentication disabled; ui acls disabled; users with view permissions: airflow; groups with view permissions: EMPTY; users with modify permissions: airflow; groups with modify permissions: EMPTY
[2025-07-08T18:28:53.725+0000] {spark_submit.py:644} INFO - 25/07/08 18:28:53 INFO Utils: Successfully started service 'sparkDriver' on port 36551.
[2025-07-08T18:28:53.749+0000] {spark_submit.py:644} INFO - 25/07/08 18:28:53 INFO SparkEnv: Registering MapOutputTracker
[2025-07-08T18:28:53.787+0000] {spark_submit.py:644} INFO - 25/07/08 18:28:53 INFO SparkEnv: Registering BlockManagerMaster
[2025-07-08T18:28:53.801+0000] {spark_submit.py:644} INFO - 25/07/08 18:28:53 INFO BlockManagerMasterEndpoint: Using org.apache.spark.storage.DefaultTopologyMapper for getting topology information
[2025-07-08T18:28:53.802+0000] {spark_submit.py:644} INFO - 25/07/08 18:28:53 INFO BlockManagerMasterEndpoint: BlockManagerMasterEndpoint up
[2025-07-08T18:28:53.805+0000] {spark_submit.py:644} INFO - 25/07/08 18:28:53 INFO SparkEnv: Registering BlockManagerMasterHeartbeat
[2025-07-08T18:28:53.822+0000] {spark_submit.py:644} INFO - 25/07/08 18:28:53 INFO DiskBlockManager: Created local directory at /tmp/blockmgr-3d7678be-bebf-4282-bcac-b62e711ebbb6
[2025-07-08T18:28:53.833+0000] {spark_submit.py:644} INFO - 25/07/08 18:28:53 INFO MemoryStore: MemoryStore started with capacity 434.4 MiB
[2025-07-08T18:28:53.856+0000] {spark_submit.py:644} INFO - 25/07/08 18:28:53 INFO SparkEnv: Registering OutputCommitCoordinator
[2025-07-08T18:28:54.055+0000] {spark_submit.py:644} INFO - 25/07/08 18:28:54 INFO JettyUtils: Start Jetty 0.0.0.0:4040 for SparkUI
[2025-07-08T18:28:54.165+0000] {spark_submit.py:644} INFO - 25/07/08 18:28:54 INFO Utils: Successfully started service 'SparkUI' on port 4040.
[2025-07-08T18:28:54.272+0000] {spark_submit.py:644} INFO - 25/07/08 18:28:54 INFO SparkContext: Added JAR file:///opt/bitnami/spark/jars/iceberg-spark-runtime-3.5_2.12-1.8.1.jar at spark://3748f1b8240a:36551/jars/iceberg-spark-runtime-3.5_2.12-1.8.1.jar with timestamp 1751999333445
[2025-07-08T18:28:54.275+0000] {spark_submit.py:644} INFO - 25/07/08 18:28:54 INFO SparkContext: Added JAR file:///opt/bitnami/spark/jars/nessie-spark-extensions-3.5_2.12-0.103.2.jar at spark://3748f1b8240a:36551/jars/nessie-spark-extensions-3.5_2.12-0.103.2.jar with timestamp 1751999333445
[2025-07-08T18:28:54.278+0000] {spark_submit.py:644} INFO - 25/07/08 18:28:54 INFO SparkContext: Added JAR file:///opt/bitnami/spark/jars/nessie-client-0.103.2.jar at spark://3748f1b8240a:36551/jars/nessie-client-0.103.2.jar with timestamp 1751999333445
[2025-07-08T18:28:54.281+0000] {spark_submit.py:644} INFO - 25/07/08 18:28:54 INFO SparkContext: Added JAR file:///opt/bitnami/spark/jars/hadoop-aws-3.3.2.jar at spark://3748f1b8240a:36551/jars/hadoop-aws-3.3.2.jar with timestamp 1751999333445
[2025-07-08T18:28:54.284+0000] {spark_submit.py:644} INFO - 25/07/08 18:28:54 INFO SparkContext: Added JAR file:///opt/bitnami/spark/jars/aws-java-sdk-bundle-1.12.262.jar at spark://3748f1b8240a:36551/jars/aws-java-sdk-bundle-1.12.262.jar with timestamp 1751999333445
[2025-07-08T18:28:54.881+0000] {spark_submit.py:644} INFO - 25/07/08 18:28:54 INFO StandaloneAppClient$ClientEndpoint: Connecting to master spark://spark-master:7077...
[2025-07-08T18:28:54.966+0000] {spark_submit.py:644} INFO - 25/07/08 18:28:54 INFO TransportClientFactory: Successfully created connection to spark-master/172.19.0.2:7077 after 62 ms (0 ms spent in bootstraps)
[2025-07-08T18:28:55.112+0000] {spark_submit.py:644} INFO - 25/07/08 18:28:55 INFO StandaloneSchedulerBackend: Connected to Spark cluster with app ID app-20250708182855-0014
[2025-07-08T18:28:55.114+0000] {spark_submit.py:644} INFO - 25/07/08 18:28:55 INFO StandaloneAppClient$ClientEndpoint: Executor added: app-20250708182855-0014/0 on worker-20250708130010-172.19.0.8-33627 (172.19.0.8:33627) with 2 core(s)
[2025-07-08T18:28:55.117+0000] {spark_submit.py:644} INFO - 25/07/08 18:28:55 INFO StandaloneSchedulerBackend: Granted executor ID app-20250708182855-0014/0 on hostPort 172.19.0.8:33627 with 2 core(s), 1024.0 MiB RAM
[2025-07-08T18:28:55.122+0000] {spark_submit.py:644} INFO - 25/07/08 18:28:55 INFO Utils: Successfully started service 'org.apache.spark.network.netty.NettyBlockTransferService' on port 44443.
[2025-07-08T18:28:55.123+0000] {spark_submit.py:644} INFO - 25/07/08 18:28:55 INFO NettyBlockTransferService: Server created on 3748f1b8240a:44443
[2025-07-08T18:28:55.125+0000] {spark_submit.py:644} INFO - 25/07/08 18:28:55 INFO BlockManager: Using org.apache.spark.storage.RandomBlockReplicationPolicy for block replication policy
[2025-07-08T18:28:55.131+0000] {spark_submit.py:644} INFO - 25/07/08 18:28:55 INFO BlockManagerMaster: Registering BlockManager BlockManagerId(driver, 3748f1b8240a, 44443, None)
[2025-07-08T18:28:55.134+0000] {spark_submit.py:644} INFO - 25/07/08 18:28:55 INFO BlockManagerMasterEndpoint: Registering block manager 3748f1b8240a:44443 with 434.4 MiB RAM, BlockManagerId(driver, 3748f1b8240a, 44443, None)
[2025-07-08T18:28:55.136+0000] {spark_submit.py:644} INFO - 25/07/08 18:28:55 INFO BlockManagerMaster: Registered BlockManager BlockManagerId(driver, 3748f1b8240a, 44443, None)
[2025-07-08T18:28:55.138+0000] {spark_submit.py:644} INFO - 25/07/08 18:28:55 INFO BlockManager: Initialized BlockManager: BlockManagerId(driver, 3748f1b8240a, 44443, None)
[2025-07-08T18:28:55.183+0000] {spark_submit.py:644} INFO - 25/07/08 18:28:55 INFO StandaloneAppClient$ClientEndpoint: Executor updated: app-20250708182855-0014/0 is now RUNNING
[2025-07-08T18:28:55.493+0000] {spark_submit.py:644} INFO - 25/07/08 18:28:55 INFO StandaloneSchedulerBackend: SchedulerBackend is ready for scheduling beginning after reached minRegisteredResourcesRatio: 0.0
[2025-07-08T18:28:55.793+0000] {spark_submit.py:644} INFO - [PROCESS EXERCISES] ✅ Sessão Spark criada com sucesso
[2025-07-08T18:28:55.794+0000] {spark_submit.py:644} INFO - [PROCESS EXERCISES] ✅ Processador de exercícios inicializado
[2025-07-08T18:28:55.795+0000] {spark_submit.py:644} INFO - [PROCESS EXERCISES] 🔄 Criando namespace nessie.exercises
[2025-07-08T18:28:55.804+0000] {spark_submit.py:644} INFO - 25/07/08 18:28:55 INFO SharedState: Setting hive.metastore.warehouse.dir ('null') to the value of spark.sql.warehouse.dir.
[2025-07-08T18:28:55.807+0000] {spark_submit.py:644} INFO - 25/07/08 18:28:55 INFO SharedState: Warehouse path is 'file:/opt/airflow/spark-warehouse'.
[2025-07-08T18:28:58.477+0000] {spark_submit.py:644} INFO - 25/07/08 18:28:58 INFO CatalogUtil: Loading custom FileIO implementation: org.apache.iceberg.hadoop.HadoopFileIO
[2025-07-08T18:28:58.850+0000] {spark_submit.py:644} INFO - 25/07/08 18:28:58 INFO StandaloneSchedulerBackend$StandaloneDriverEndpoint: Registered executor NettyRpcEndpointRef(spark-client://Executor) (172.19.0.8:42040) with ID 0,  ResourceProfileId 0
[2025-07-08T18:28:58.925+0000] {spark_submit.py:644} INFO - 25/07/08 18:28:58 INFO BlockManagerMasterEndpoint: Registering block manager 172.19.0.8:33451 with 434.4 MiB RAM, BlockManagerId(0, 172.19.0.8, 33451, None)
[2025-07-08T18:29:00.006+0000] {spark_submit.py:644} INFO - [PROCESS EXERCISES] ✅ Namespace criado/verificado com sucesso
[2025-07-08T18:29:00.007+0000] {spark_submit.py:644} INFO - [PROCESS EXERCISES] 🔄 === FASE 1: PROCESSAMENTO DE DOCUMENTOS ===
[2025-07-08T18:29:00.008+0000] {spark_submit.py:644} INFO - [PROCESS EXERCISES] 🔄 Iniciando processamento de documentos PDF
[2025-07-08T18:29:00.009+0000] {spark_submit.py:644} INFO - [PROCESS EXERCISES] ℹ️  Encontrados 1 documentos
[2025-07-08T18:29:00.009+0000] {spark_submit.py:644} INFO - [PROCESS EXERCISES] 🔄 Processando documento: Op Jacui IV - Ordem de Operacoes.pdf
[2025-07-08T18:29:00.010+0000] {spark_submit.py:644} INFO - [PROCESS EXERCISES] ℹ️  Carregando PDF de: s3a://bronze/exercises/CA-LESTE-construtiva-4DE-2025-07-08/documents/Op Jacui IV - Ordem de Operacoes.pdf
[2025-07-08T18:29:00.400+0000] {spark_submit.py:644} INFO - 25/07/08 18:29:00 WARN MetricsConfig: Cannot locate configuration: tried hadoop-metrics2-s3a-file-system.properties,hadoop-metrics2.properties
[2025-07-08T18:29:00.414+0000] {spark_submit.py:644} INFO - 25/07/08 18:29:00 INFO MetricsSystemImpl: Scheduled Metric snapshot period at 10 second(s).
[2025-07-08T18:29:00.414+0000] {spark_submit.py:644} INFO - 25/07/08 18:29:00 INFO MetricsSystemImpl: s3a-file-system metrics system started
[2025-07-08T18:29:02.172+0000] {spark_submit.py:644} INFO - 25/07/08 18:29:02 INFO InMemoryFileIndex: It took 53 ms to list leaf files for 1 paths.
[2025-07-08T18:29:02.722+0000] {spark_submit.py:644} INFO - 25/07/08 18:29:02 INFO FileSourceStrategy: Pushed Filters:
[2025-07-08T18:29:02.723+0000] {spark_submit.py:644} INFO - 25/07/08 18:29:02 INFO FileSourceStrategy: Post-Scan Filters:
[2025-07-08T18:29:04.080+0000] {spark_submit.py:644} INFO - 25/07/08 18:29:04 INFO CodeGenerator: Code generated in 511.512112 ms
[2025-07-08T18:29:04.124+0000] {spark_submit.py:644} INFO - 25/07/08 18:29:04 INFO MemoryStore: Block broadcast_0 stored as values in memory (estimated size 203.5 KiB, free 434.2 MiB)
[2025-07-08T18:29:04.317+0000] {spark_submit.py:644} INFO - 25/07/08 18:29:04 INFO MemoryStore: Block broadcast_0_piece0 stored as bytes in memory (estimated size 35.7 KiB, free 434.2 MiB)
[2025-07-08T18:29:04.948+0000] {spark_submit.py:644} INFO - 25/07/08 18:29:04 INFO BlockManagerInfo: Added broadcast_0_piece0 in memory on 3748f1b8240a:44443 (size: 35.7 KiB, free: 434.4 MiB)
[2025-07-08T18:29:04.954+0000] {spark_submit.py:644} INFO - 25/07/08 18:29:04 INFO SparkContext: Created broadcast 0 from collect at /opt/bitnami/spark/jobs/process_exercises_job.py:238
[2025-07-08T18:29:04.975+0000] {spark_submit.py:644} INFO - 25/07/08 18:29:04 INFO FileSourceScanExec: Planning scan with bin packing, max size: 4194304 bytes, open cost is considered as scanning 4194304 bytes.
[2025-07-08T18:29:05.191+0000] {spark_submit.py:644} INFO - 25/07/08 18:29:05 INFO SparkContext: Starting job: collect at /opt/bitnami/spark/jobs/process_exercises_job.py:238
[2025-07-08T18:29:05.204+0000] {spark_submit.py:644} INFO - 25/07/08 18:29:05 INFO DAGScheduler: Got job 0 (collect at /opt/bitnami/spark/jobs/process_exercises_job.py:238) with 1 output partitions
[2025-07-08T18:29:05.204+0000] {spark_submit.py:644} INFO - 25/07/08 18:29:05 INFO DAGScheduler: Final stage: ResultStage 0 (collect at /opt/bitnami/spark/jobs/process_exercises_job.py:238)
[2025-07-08T18:29:05.205+0000] {spark_submit.py:644} INFO - 25/07/08 18:29:05 INFO DAGScheduler: Parents of final stage: List()
[2025-07-08T18:29:05.205+0000] {spark_submit.py:644} INFO - 25/07/08 18:29:05 INFO DAGScheduler: Missing parents: List()
[2025-07-08T18:29:05.208+0000] {spark_submit.py:644} INFO - 25/07/08 18:29:05 INFO DAGScheduler: Submitting ResultStage 0 (MapPartitionsRDD[5] at collect at /opt/bitnami/spark/jobs/process_exercises_job.py:238), which has no missing parents
[2025-07-08T18:29:05.300+0000] {spark_submit.py:644} INFO - 25/07/08 18:29:05 INFO MemoryStore: Block broadcast_1 stored as values in memory (estimated size 27.3 KiB, free 434.1 MiB)
[2025-07-08T18:29:05.751+0000] {spark_submit.py:644} INFO - 25/07/08 18:29:05 INFO MemoryStore: Block broadcast_1_piece0 stored as bytes in memory (estimated size 13.6 KiB, free 434.1 MiB)
[2025-07-08T18:29:05.840+0000] {spark_submit.py:644} INFO - 25/07/08 18:29:05 INFO BlockManagerInfo: Added broadcast_1_piece0 in memory on 3748f1b8240a:44443 (size: 13.6 KiB, free: 434.4 MiB)
[2025-07-08T18:29:05.840+0000] {spark_submit.py:644} INFO - 25/07/08 18:29:05 INFO SparkContext: Created broadcast 1 from broadcast at DAGScheduler.scala:1585
[2025-07-08T18:29:05.844+0000] {spark_submit.py:644} INFO - 25/07/08 18:29:05 INFO DAGScheduler: Submitting 1 missing tasks from ResultStage 0 (MapPartitionsRDD[5] at collect at /opt/bitnami/spark/jobs/process_exercises_job.py:238) (first 15 tasks are for partitions Vector(0))
[2025-07-08T18:29:05.844+0000] {spark_submit.py:644} INFO - 25/07/08 18:29:05 INFO TaskSchedulerImpl: Adding task set 0.0 with 1 tasks resource profile 0
[2025-07-08T18:29:10.708+0000] {spark_submit.py:644} INFO - 25/07/08 18:29:10 INFO TaskSetManager: Starting task 0.0 in stage 0.0 (TID 0) (172.19.0.8, executor 0, partition 0, PROCESS_LOCAL, 10198 bytes)
[2025-07-08T18:29:11.499+0000] {spark_submit.py:644} INFO - 25/07/08 18:29:11 INFO BlockManagerInfo: Added broadcast_1_piece0 in memory on 172.19.0.8:33451 (size: 13.6 KiB, free: 434.4 MiB)
[2025-07-08T18:29:18.971+0000] {spark_submit.py:644} INFO - 25/07/08 18:29:18 INFO BlockManagerInfo: Added broadcast_0_piece0 in memory on 172.19.0.8:33451 (size: 35.7 KiB, free: 434.4 MiB)
[2025-07-08T18:29:27.261+0000] {spark_submit.py:644} INFO - 25/07/08 18:29:27 INFO TaskSetManager: Finished task 0.0 in stage 0.0 (TID 0) in 16567 ms on 172.19.0.8 (executor 0) (1/1)
[2025-07-08T18:29:27.263+0000] {spark_submit.py:644} INFO - 25/07/08 18:29:27 INFO TaskSchedulerImpl: Removed TaskSet 0.0, whose tasks have all completed, from pool
[2025-07-08T18:29:27.266+0000] {spark_submit.py:644} INFO - 25/07/08 18:29:27 INFO PythonAccumulatorV2: Connected to AccumulatorServer at host: 127.0.0.1 port: 42315
[2025-07-08T18:29:27.269+0000] {spark_submit.py:644} INFO - 25/07/08 18:29:27 INFO DAGScheduler: ResultStage 0 (collect at /opt/bitnami/spark/jobs/process_exercises_job.py:238) finished in 21.993 s
[2025-07-08T18:29:27.273+0000] {spark_submit.py:644} INFO - 25/07/08 18:29:27 INFO DAGScheduler: Job 0 is finished. Cancelling potential speculative or zombie tasks for this job
[2025-07-08T18:29:27.274+0000] {spark_submit.py:644} INFO - 25/07/08 18:29:27 INFO TaskSchedulerImpl: Killing all running tasks in stage 0: Stage finished
[2025-07-08T18:29:27.276+0000] {spark_submit.py:644} INFO - 25/07/08 18:29:27 INFO DAGScheduler: Job 0 finished: collect at /opt/bitnami/spark/jobs/process_exercises_job.py:238, took 22.088352 s
[2025-07-08T18:29:27.325+0000] {spark_submit.py:644} INFO - [PROCESS EXERCISES] ✅ Documento processado com sucesso: Op Jacui IV - Ordem de Operacoes.pdf
[2025-07-08T18:29:27.326+0000] {spark_submit.py:644} INFO - [PROCESS EXERCISES] ✅ Processamento de documentos concluído: 1 registros
[2025-07-08T18:29:30.480+0000] {spark_submit.py:644} INFO - 25/07/08 18:29:30 INFO CodeGenerator: Code generated in 16.047369 ms
[2025-07-08T18:29:30.512+0000] {spark_submit.py:644} INFO - 25/07/08 18:29:30 INFO DAGScheduler: Registering RDD 12 (count at NativeMethodAccessorImpl.java:0) as input to shuffle 0
[2025-07-08T18:29:30.516+0000] {spark_submit.py:644} INFO - 25/07/08 18:29:30 INFO DAGScheduler: Got map stage job 1 (count at NativeMethodAccessorImpl.java:0) with 2 output partitions
[2025-07-08T18:29:30.516+0000] {spark_submit.py:644} INFO - 25/07/08 18:29:30 INFO DAGScheduler: Final stage: ShuffleMapStage 1 (count at NativeMethodAccessorImpl.java:0)
[2025-07-08T18:29:30.517+0000] {spark_submit.py:644} INFO - 25/07/08 18:29:30 INFO DAGScheduler: Parents of final stage: List()
[2025-07-08T18:29:30.518+0000] {spark_submit.py:644} INFO - 25/07/08 18:29:30 INFO DAGScheduler: Missing parents: List()
[2025-07-08T18:29:30.519+0000] {spark_submit.py:644} INFO - 25/07/08 18:29:30 INFO DAGScheduler: Submitting ShuffleMapStage 1 (MapPartitionsRDD[12] at count at NativeMethodAccessorImpl.java:0), which has no missing parents
[2025-07-08T18:29:30.548+0000] {spark_submit.py:644} INFO - 25/07/08 18:29:30 INFO MemoryStore: Block broadcast_2 stored as values in memory (estimated size 16.0 KiB, free 434.1 MiB)
[2025-07-08T18:29:30.581+0000] {spark_submit.py:644} INFO - 25/07/08 18:29:30 INFO MemoryStore: Block broadcast_2_piece0 stored as bytes in memory (estimated size 8.4 KiB, free 434.1 MiB)
[2025-07-08T18:29:30.582+0000] {spark_submit.py:644} INFO - 25/07/08 18:29:30 INFO BlockManagerInfo: Added broadcast_2_piece0 in memory on 3748f1b8240a:44443 (size: 8.4 KiB, free: 434.3 MiB)
[2025-07-08T18:29:30.583+0000] {spark_submit.py:644} INFO - 25/07/08 18:29:30 INFO SparkContext: Created broadcast 2 from broadcast at DAGScheduler.scala:1585
[2025-07-08T18:29:30.585+0000] {spark_submit.py:644} INFO - 25/07/08 18:29:30 INFO DAGScheduler: Submitting 2 missing tasks from ShuffleMapStage 1 (MapPartitionsRDD[12] at count at NativeMethodAccessorImpl.java:0) (first 15 tasks are for partitions Vector(0, 1))
[2025-07-08T18:29:30.586+0000] {spark_submit.py:644} INFO - 25/07/08 18:29:30 INFO TaskSchedulerImpl: Adding task set 1.0 with 2 tasks resource profile 0
[2025-07-08T18:29:30.590+0000] {spark_submit.py:644} INFO - 25/07/08 18:29:30 INFO TaskSetManager: Starting task 0.0 in stage 1.0 (TID 1) (172.19.0.8, executor 0, partition 0, PROCESS_LOCAL, 9487 bytes)
[2025-07-08T18:29:30.591+0000] {spark_submit.py:644} INFO - 25/07/08 18:29:30 INFO TaskSetManager: Starting task 1.0 in stage 1.0 (TID 2) (172.19.0.8, executor 0, partition 1, PROCESS_LOCAL, 26221 bytes)
[2025-07-08T18:29:30.643+0000] {spark_submit.py:644} INFO - 25/07/08 18:29:30 INFO BlockManagerInfo: Removed broadcast_1_piece0 on 3748f1b8240a:44443 in memory (size: 13.6 KiB, free: 434.4 MiB)
[2025-07-08T18:29:30.644+0000] {spark_submit.py:644} INFO - 25/07/08 18:29:30 INFO BlockManagerInfo: Removed broadcast_1_piece0 on 172.19.0.8:33451 in memory (size: 13.6 KiB, free: 434.4 MiB)
[2025-07-08T18:29:30.653+0000] {spark_submit.py:644} INFO - 25/07/08 18:29:30 INFO BlockManagerInfo: Added broadcast_2_piece0 in memory on 172.19.0.8:33451 (size: 8.4 KiB, free: 434.4 MiB)
[2025-07-08T18:29:32.373+0000] {spark_submit.py:644} INFO - 25/07/08 18:29:32 INFO TaskSetManager: Finished task 0.0 in stage 1.0 (TID 1) in 1785 ms on 172.19.0.8 (executor 0) (1/2)
[2025-07-08T18:29:32.374+0000] {spark_submit.py:644} INFO - 25/07/08 18:29:32 INFO TaskSetManager: Finished task 1.0 in stage 1.0 (TID 2) in 1783 ms on 172.19.0.8 (executor 0) (2/2)
[2025-07-08T18:29:32.374+0000] {spark_submit.py:644} INFO - 25/07/08 18:29:32 INFO TaskSchedulerImpl: Removed TaskSet 1.0, whose tasks have all completed, from pool
[2025-07-08T18:29:32.377+0000] {spark_submit.py:644} INFO - 25/07/08 18:29:32 INFO DAGScheduler: ShuffleMapStage 1 (count at NativeMethodAccessorImpl.java:0) finished in 1.853 s
[2025-07-08T18:29:32.377+0000] {spark_submit.py:644} INFO - 25/07/08 18:29:32 INFO DAGScheduler: looking for newly runnable stages
[2025-07-08T18:29:32.378+0000] {spark_submit.py:644} INFO - 25/07/08 18:29:32 INFO DAGScheduler: running: Set()
[2025-07-08T18:29:32.378+0000] {spark_submit.py:644} INFO - 25/07/08 18:29:32 INFO DAGScheduler: waiting: Set()
[2025-07-08T18:29:32.379+0000] {spark_submit.py:644} INFO - 25/07/08 18:29:32 INFO DAGScheduler: failed: Set()
[2025-07-08T18:29:32.428+0000] {spark_submit.py:644} INFO - 25/07/08 18:29:32 INFO CodeGenerator: Code generated in 13.075723 ms
[2025-07-08T18:29:32.445+0000] {spark_submit.py:644} INFO - 25/07/08 18:29:32 INFO SparkContext: Starting job: count at NativeMethodAccessorImpl.java:0
[2025-07-08T18:29:32.447+0000] {spark_submit.py:644} INFO - 25/07/08 18:29:32 INFO DAGScheduler: Got job 2 (count at NativeMethodAccessorImpl.java:0) with 1 output partitions
[2025-07-08T18:29:32.448+0000] {spark_submit.py:644} INFO - 25/07/08 18:29:32 INFO DAGScheduler: Final stage: ResultStage 3 (count at NativeMethodAccessorImpl.java:0)
[2025-07-08T18:29:32.448+0000] {spark_submit.py:644} INFO - 25/07/08 18:29:32 INFO DAGScheduler: Parents of final stage: List(ShuffleMapStage 2)
[2025-07-08T18:29:32.449+0000] {spark_submit.py:644} INFO - 25/07/08 18:29:32 INFO DAGScheduler: Missing parents: List()
[2025-07-08T18:29:32.450+0000] {spark_submit.py:644} INFO - 25/07/08 18:29:32 INFO DAGScheduler: Submitting ResultStage 3 (MapPartitionsRDD[15] at count at NativeMethodAccessorImpl.java:0), which has no missing parents
[2025-07-08T18:29:32.456+0000] {spark_submit.py:644} INFO - 25/07/08 18:29:32 INFO MemoryStore: Block broadcast_3 stored as values in memory (estimated size 12.5 KiB, free 434.1 MiB)
[2025-07-08T18:29:32.466+0000] {spark_submit.py:644} INFO - 25/07/08 18:29:32 INFO MemoryStore: Block broadcast_3_piece0 stored as bytes in memory (estimated size 5.9 KiB, free 434.1 MiB)
[2025-07-08T18:29:32.467+0000] {spark_submit.py:644} INFO - 25/07/08 18:29:32 INFO BlockManagerInfo: Added broadcast_3_piece0 in memory on 3748f1b8240a:44443 (size: 5.9 KiB, free: 434.4 MiB)
[2025-07-08T18:29:32.468+0000] {spark_submit.py:644} INFO - 25/07/08 18:29:32 INFO BlockManagerInfo: Removed broadcast_2_piece0 on 3748f1b8240a:44443 in memory (size: 8.4 KiB, free: 434.4 MiB)
[2025-07-08T18:29:32.469+0000] {spark_submit.py:644} INFO - 25/07/08 18:29:32 INFO SparkContext: Created broadcast 3 from broadcast at DAGScheduler.scala:1585
[2025-07-08T18:29:32.470+0000] {spark_submit.py:644} INFO - 25/07/08 18:29:32 INFO DAGScheduler: Submitting 1 missing tasks from ResultStage 3 (MapPartitionsRDD[15] at count at NativeMethodAccessorImpl.java:0) (first 15 tasks are for partitions Vector(0))
[2025-07-08T18:29:32.471+0000] {spark_submit.py:644} INFO - 25/07/08 18:29:32 INFO TaskSchedulerImpl: Adding task set 3.0 with 1 tasks resource profile 0
[2025-07-08T18:29:32.473+0000] {spark_submit.py:644} INFO - 25/07/08 18:29:32 INFO BlockManagerInfo: Removed broadcast_2_piece0 on 172.19.0.8:33451 in memory (size: 8.4 KiB, free: 434.4 MiB)
[2025-07-08T18:29:32.477+0000] {spark_submit.py:644} INFO - 25/07/08 18:29:32 INFO TaskSetManager: Starting task 0.0 in stage 3.0 (TID 3) (172.19.0.8, executor 0, partition 0, NODE_LOCAL, 9518 bytes)
[2025-07-08T18:29:32.499+0000] {spark_submit.py:644} INFO - 25/07/08 18:29:32 INFO BlockManagerInfo: Added broadcast_3_piece0 in memory on 172.19.0.8:33451 (size: 5.9 KiB, free: 434.4 MiB)
[2025-07-08T18:29:32.520+0000] {spark_submit.py:644} INFO - 25/07/08 18:29:32 INFO MapOutputTrackerMasterEndpoint: Asked to send map output locations for shuffle 0 to 172.19.0.8:42040
[2025-07-08T18:29:32.736+0000] {spark_submit.py:644} INFO - 25/07/08 18:29:32 INFO TaskSetManager: Finished task 0.0 in stage 3.0 (TID 3) in 261 ms on 172.19.0.8 (executor 0) (1/1)
[2025-07-08T18:29:32.737+0000] {spark_submit.py:644} INFO - 25/07/08 18:29:32 INFO TaskSchedulerImpl: Removed TaskSet 3.0, whose tasks have all completed, from pool
[2025-07-08T18:29:32.738+0000] {spark_submit.py:644} INFO - 25/07/08 18:29:32 INFO DAGScheduler: ResultStage 3 (count at NativeMethodAccessorImpl.java:0) finished in 0.284 s
[2025-07-08T18:29:32.739+0000] {spark_submit.py:644} INFO - 25/07/08 18:29:32 INFO DAGScheduler: Job 2 is finished. Cancelling potential speculative or zombie tasks for this job
[2025-07-08T18:29:32.740+0000] {spark_submit.py:644} INFO - 25/07/08 18:29:32 INFO TaskSchedulerImpl: Killing all running tasks in stage 3: Stage finished
[2025-07-08T18:29:32.741+0000] {spark_submit.py:644} INFO - 25/07/08 18:29:32 INFO DAGScheduler: Job 2 finished: count at NativeMethodAccessorImpl.java:0, took 0.294375 s
[2025-07-08T18:29:32.744+0000] {spark_submit.py:644} INFO - [PROCESS EXERCISES] ℹ️  Salvando 1 registros na tabela nessie.exercises.pdf_documents
[2025-07-08T18:29:32.878+0000] {spark_submit.py:644} INFO - 25/07/08 18:29:32 INFO BaseMetastoreTableOperations: Refreshing table metadata from new version: s3a://warehouse/exercises/pdf_documents_3f2f6938-06f1-4401-a884-d6a6de9720a0/metadata/00024-fabda5f2-745c-48c7-a19f-912978bf2226.metadata.json
[2025-07-08T18:29:33.073+0000] {spark_submit.py:644} INFO - 25/07/08 18:29:33 INFO NessieUtil: loadTableMetadata for 'exercises.pdf_documents' from location 's3a://warehouse/exercises/pdf_documents_3f2f6938-06f1-4401-a884-d6a6de9720a0/metadata/00024-fabda5f2-745c-48c7-a19f-912978bf2226.metadata.json' at 'Branch{name=main, metadata=null, hash=10eb8e0a381ca9c4804b95e74d0e0fdbda9969763fe9fe0aab52c46d6cabe755}'
[2025-07-08T18:29:33.098+0000] {spark_submit.py:644} INFO - 25/07/08 18:29:33 INFO BaseMetastoreCatalog: Table loaded by catalog: nessie.exercises.pdf_documents
[2025-07-08T18:29:33.905+0000] {spark_submit.py:644} INFO - 25/07/08 18:29:33 INFO BlockManagerInfo: Removed broadcast_3_piece0 on 3748f1b8240a:44443 in memory (size: 5.9 KiB, free: 434.4 MiB)
[2025-07-08T18:29:33.908+0000] {spark_submit.py:644} INFO - 25/07/08 18:29:33 INFO BlockManagerInfo: Removed broadcast_3_piece0 on 172.19.0.8:33451 in memory (size: 5.9 KiB, free: 434.4 MiB)
[2025-07-08T18:29:34.405+0000] {spark_submit.py:644} INFO - 25/07/08 18:29:34 INFO CodeGenerator: Code generated in 98.610585 ms
[2025-07-08T18:29:34.409+0000] {spark_submit.py:644} INFO - [PROCESS EXERCISES] 🔄 Salvando tabela nessie.exercises.pdf_documents em modo append
[2025-07-08T18:29:34.553+0000] {spark_submit.py:644} INFO - 25/07/08 18:29:34 INFO SparkWrite: Requesting 0 bytes advisory partition size for table nessie.exercises.pdf_documents
[2025-07-08T18:29:34.554+0000] {spark_submit.py:644} INFO - 25/07/08 18:29:34 INFO SparkWrite: Requesting UnspecifiedDistribution as write distribution for table nessie.exercises.pdf_documents
[2025-07-08T18:29:34.556+0000] {spark_submit.py:644} INFO - 25/07/08 18:29:34 INFO SparkWrite: Requesting [] as write ordering for table nessie.exercises.pdf_documents
[2025-07-08T18:29:34.585+0000] {spark_submit.py:644} INFO - 25/07/08 18:29:34 INFO CodeGenerator: Code generated in 12.501456 ms
[2025-07-08T18:29:34.600+0000] {spark_submit.py:644} INFO - 25/07/08 18:29:34 INFO MemoryStore: Block broadcast_4 stored as values in memory (estimated size 32.0 KiB, free 434.1 MiB)
[2025-07-08T18:29:34.633+0000] {spark_submit.py:644} INFO - 25/07/08 18:29:34 INFO MemoryStore: Block broadcast_4_piece0 stored as bytes in memory (estimated size 30.1 KiB, free 434.1 MiB)
[2025-07-08T18:29:34.634+0000] {spark_submit.py:644} INFO - 25/07/08 18:29:34 INFO BlockManagerInfo: Added broadcast_4_piece0 in memory on 3748f1b8240a:44443 (size: 30.1 KiB, free: 434.3 MiB)
[2025-07-08T18:29:34.634+0000] {spark_submit.py:644} INFO - 25/07/08 18:29:34 INFO SparkContext: Created broadcast 4 from broadcast at SparkWrite.java:193
[2025-07-08T18:29:34.638+0000] {spark_submit.py:644} INFO - 25/07/08 18:29:34 INFO AppendDataExec: Start processing data source write support: IcebergBatchWrite(table=nessie.exercises.pdf_documents, format=PARQUET). The input RDD has 2 partitions.
[2025-07-08T18:29:34.650+0000] {spark_submit.py:644} INFO - 25/07/08 18:29:34 INFO SparkContext: Starting job: saveAsTable at NativeMethodAccessorImpl.java:0
[2025-07-08T18:29:34.651+0000] {spark_submit.py:644} INFO - 25/07/08 18:29:34 INFO DAGScheduler: Got job 3 (saveAsTable at NativeMethodAccessorImpl.java:0) with 2 output partitions
[2025-07-08T18:29:34.652+0000] {spark_submit.py:644} INFO - 25/07/08 18:29:34 INFO DAGScheduler: Final stage: ResultStage 4 (saveAsTable at NativeMethodAccessorImpl.java:0)
[2025-07-08T18:29:34.653+0000] {spark_submit.py:644} INFO - 25/07/08 18:29:34 INFO DAGScheduler: Parents of final stage: List()
[2025-07-08T18:29:34.653+0000] {spark_submit.py:644} INFO - 25/07/08 18:29:34 INFO DAGScheduler: Missing parents: List()
[2025-07-08T18:29:34.654+0000] {spark_submit.py:644} INFO - 25/07/08 18:29:34 INFO DAGScheduler: Submitting ResultStage 4 (MapPartitionsRDD[16] at saveAsTable at NativeMethodAccessorImpl.java:0), which has no missing parents
[2025-07-08T18:29:34.656+0000] {spark_submit.py:644} INFO - 25/07/08 18:29:34 INFO MemoryStore: Block broadcast_5 stored as values in memory (estimated size 15.1 KiB, free 434.1 MiB)
[2025-07-08T18:29:34.657+0000] {spark_submit.py:644} INFO - 25/07/08 18:29:34 INFO MemoryStore: Block broadcast_5_piece0 stored as bytes in memory (estimated size 7.8 KiB, free 434.1 MiB)
[2025-07-08T18:29:34.658+0000] {spark_submit.py:644} INFO - 25/07/08 18:29:34 INFO BlockManagerInfo: Added broadcast_5_piece0 in memory on 3748f1b8240a:44443 (size: 7.8 KiB, free: 434.3 MiB)
[2025-07-08T18:29:34.659+0000] {spark_submit.py:644} INFO - 25/07/08 18:29:34 INFO SparkContext: Created broadcast 5 from broadcast at DAGScheduler.scala:1585
[2025-07-08T18:29:34.660+0000] {spark_submit.py:644} INFO - 25/07/08 18:29:34 INFO DAGScheduler: Submitting 2 missing tasks from ResultStage 4 (MapPartitionsRDD[16] at saveAsTable at NativeMethodAccessorImpl.java:0) (first 15 tasks are for partitions Vector(0, 1))
[2025-07-08T18:29:34.661+0000] {spark_submit.py:644} INFO - 25/07/08 18:29:34 INFO TaskSchedulerImpl: Adding task set 4.0 with 2 tasks resource profile 0
[2025-07-08T18:29:34.662+0000] {spark_submit.py:644} INFO - 25/07/08 18:29:34 INFO TaskSetManager: Starting task 0.0 in stage 4.0 (TID 4) (172.19.0.8, executor 0, partition 0, PROCESS_LOCAL, 9498 bytes)
[2025-07-08T18:29:34.663+0000] {spark_submit.py:644} INFO - 25/07/08 18:29:34 INFO TaskSetManager: Starting task 1.0 in stage 4.0 (TID 5) (172.19.0.8, executor 0, partition 1, PROCESS_LOCAL, 26232 bytes)
[2025-07-08T18:29:34.678+0000] {spark_submit.py:644} INFO - 25/07/08 18:29:34 INFO BlockManagerInfo: Added broadcast_5_piece0 in memory on 172.19.0.8:33451 (size: 7.8 KiB, free: 434.4 MiB)
[2025-07-08T18:29:34.700+0000] {spark_submit.py:644} INFO - 25/07/08 18:29:34 INFO BlockManagerInfo: Removed broadcast_0_piece0 on 3748f1b8240a:44443 in memory (size: 35.7 KiB, free: 434.4 MiB)
[2025-07-08T18:29:34.741+0000] {spark_submit.py:644} INFO - 25/07/08 18:29:34 INFO BlockManagerInfo: Removed broadcast_0_piece0 on 172.19.0.8:33451 in memory (size: 35.7 KiB, free: 434.4 MiB)
[2025-07-08T18:29:34.792+0000] {spark_submit.py:644} INFO - 25/07/08 18:29:34 INFO BlockManagerInfo: Added broadcast_4_piece0 in memory on 172.19.0.8:33451 (size: 30.1 KiB, free: 434.4 MiB)
[2025-07-08T18:29:36.054+0000] {spark_submit.py:644} INFO - 25/07/08 18:29:36 INFO TaskSetManager: Finished task 0.0 in stage 4.0 (TID 4) in 1393 ms on 172.19.0.8 (executor 0) (1/2)
[2025-07-08T18:29:36.801+0000] {spark_submit.py:644} INFO - 25/07/08 18:29:36 INFO TaskSetManager: Finished task 1.0 in stage 4.0 (TID 5) in 2139 ms on 172.19.0.8 (executor 0) (2/2)
[2025-07-08T18:29:36.802+0000] {spark_submit.py:644} INFO - 25/07/08 18:29:36 INFO TaskSchedulerImpl: Removed TaskSet 4.0, whose tasks have all completed, from pool
[2025-07-08T18:29:36.803+0000] {spark_submit.py:644} INFO - 25/07/08 18:29:36 INFO DAGScheduler: ResultStage 4 (saveAsTable at NativeMethodAccessorImpl.java:0) finished in 2.149 s
[2025-07-08T18:29:36.804+0000] {spark_submit.py:644} INFO - 25/07/08 18:29:36 INFO DAGScheduler: Job 3 is finished. Cancelling potential speculative or zombie tasks for this job
[2025-07-08T18:29:36.805+0000] {spark_submit.py:644} INFO - 25/07/08 18:29:36 INFO TaskSchedulerImpl: Killing all running tasks in stage 4: Stage finished
[2025-07-08T18:29:36.805+0000] {spark_submit.py:644} INFO - 25/07/08 18:29:36 INFO DAGScheduler: Job 3 finished: saveAsTable at NativeMethodAccessorImpl.java:0, took 2.153903 s
[2025-07-08T18:29:36.806+0000] {spark_submit.py:644} INFO - 25/07/08 18:29:36 INFO AppendDataExec: Data source write support IcebergBatchWrite(table=nessie.exercises.pdf_documents, format=PARQUET) is committing.
[2025-07-08T18:29:36.866+0000] {spark_submit.py:644} INFO - 25/07/08 18:29:36 INFO SparkWrite: Committing append with 1 new data files to table nessie.exercises.pdf_documents
[2025-07-08T18:29:38.458+0000] {spark_submit.py:644} INFO - 25/07/08 18:29:38 INFO NessieIcebergClient: Committed 'exercises.pdf_documents' against 'Branch{name=main, metadata=null, hash=a13079fba34445a4635ade12ef07a1aa4ad1907b836c65eb135f621fdf13f576}', expected commit-id was '10eb8e0a381ca9c4804b95e74d0e0fdbda9969763fe9fe0aab52c46d6cabe755'
[2025-07-08T18:29:38.459+0000] {spark_submit.py:644} INFO - 25/07/08 18:29:38 INFO BaseMetastoreTableOperations: Successfully committed to table exercises.pdf_documents in 531 ms
[2025-07-08T18:29:38.460+0000] {spark_submit.py:644} INFO - 25/07/08 18:29:38 INFO SnapshotProducer: Committed snapshot 7281139243972991935 (MergeAppend)
[2025-07-08T18:29:38.527+0000] {spark_submit.py:644} INFO - 25/07/08 18:29:38 INFO BaseMetastoreTableOperations: Refreshing table metadata from new version: s3a://warehouse/exercises/pdf_documents_3f2f6938-06f1-4401-a884-d6a6de9720a0/metadata/00025-db2cbf5a-6ec3-4ba0-bcd5-c96de549a841.metadata.json
[2025-07-08T18:29:38.558+0000] {spark_submit.py:644} INFO - 25/07/08 18:29:38 INFO NessieUtil: loadTableMetadata for 'exercises.pdf_documents' from location 's3a://warehouse/exercises/pdf_documents_3f2f6938-06f1-4401-a884-d6a6de9720a0/metadata/00025-db2cbf5a-6ec3-4ba0-bcd5-c96de549a841.metadata.json' at 'Branch{name=main, metadata=null, hash=a13079fba34445a4635ade12ef07a1aa4ad1907b836c65eb135f621fdf13f576}'
[2025-07-08T18:29:38.645+0000] {spark_submit.py:644} INFO - 25/07/08 18:29:38 INFO LoggingMetricsReporter: Received metrics report: CommitReport{tableName=nessie.exercises.pdf_documents, snapshotId=7281139243972991935, sequenceNumber=26, operation=append, commitMetrics=CommitMetricsResult{totalDuration=TimerResult{timeUnit=NANOSECONDS, totalDuration=PT1.614962163S, count=1}, attempts=CounterResult{unit=COUNT, value=1}, addedDataFiles=CounterResult{unit=COUNT, value=1}, removedDataFiles=null, totalDataFiles=CounterResult{unit=COUNT, value=26}, addedDeleteFiles=null, addedEqualityDeleteFiles=null, addedPositionalDeleteFiles=null, addedDVs=null, removedDeleteFiles=null, removedEqualityDeleteFiles=null, removedPositionalDeleteFiles=null, removedDVs=null, totalDeleteFiles=CounterResult{unit=COUNT, value=0}, addedRecords=CounterResult{unit=COUNT, value=1}, removedRecords=null, totalRecords=CounterResult{unit=COUNT, value=26}, addedFilesSizeInBytes=CounterResult{unit=BYTES, value=8843}, removedFilesSizeInBytes=null, totalFilesSizeInBytes=CounterResult{unit=BYTES, value=200290}, addedPositionalDeletes=null, removedPositionalDeletes=null, totalPositionalDeletes=CounterResult{unit=COUNT, value=0}, addedEqualityDeletes=null, removedEqualityDeletes=null, totalEqualityDeletes=CounterResult{unit=COUNT, value=0}}, metadata={engine-version=3.5.5, app-id=app-20250708182855-0014, engine-name=spark, iceberg-version=Apache Iceberg 1.8.1 (commit 9ce0fcf0af7becf25ad9fc996c3bad2afdcfd33d)}}
[2025-07-08T18:29:38.646+0000] {spark_submit.py:644} INFO - 25/07/08 18:29:38 INFO SparkWrite: Committed in 1778 ms
[2025-07-08T18:29:38.647+0000] {spark_submit.py:644} INFO - 25/07/08 18:29:38 INFO AppendDataExec: Data source write support IcebergBatchWrite(table=nessie.exercises.pdf_documents, format=PARQUET) committed.
[2025-07-08T18:29:38.649+0000] {spark_submit.py:644} INFO - [PROCESS EXERCISES] ✅ Tabela nessie.exercises.pdf_documents salva com sucesso (1 registros)
[2025-07-08T18:29:38.651+0000] {spark_submit.py:644} INFO - [PROCESS EXERCISES] 🔄 === FASE 2: PROCESSAMENTO DE SIMULAÇÕES ===
[2025-07-08T18:29:38.652+0000] {spark_submit.py:644} INFO - [PROCESS EXERCISES] 🔄 Iniciando processamento de simulações
[2025-07-08T18:29:38.653+0000] {spark_submit.py:644} INFO - [PROCESS EXERCISES] ℹ️  Buscando arquivos de simulação em: exercises/CA-LESTE-construtiva-4DE-2025-07-08/simulations/172.19.0.14_2025-07-08
[2025-07-08T18:29:38.654+0000] {spark_submit.py:644} INFO - [PROCESS EXERCISES] ℹ️  Buscando arquivos em: s3a://bronze/exercises/CA-LESTE-construtiva-4DE-2025-07-08/simulations/172.19.0.14_2025-07-08/
[2025-07-08T18:29:38.748+0000] {spark_submit.py:644} INFO - 25/07/08 18:29:38 INFO BlockManagerInfo: Removed broadcast_4_piece0 on 3748f1b8240a:44443 in memory (size: 30.1 KiB, free: 434.4 MiB)
[2025-07-08T18:29:38.754+0000] {spark_submit.py:644} INFO - 25/07/08 18:29:38 INFO BlockManagerInfo: Removed broadcast_4_piece0 on 172.19.0.8:33451 in memory (size: 30.1 KiB, free: 434.4 MiB)
[2025-07-08T18:29:38.770+0000] {spark_submit.py:644} INFO - 25/07/08 18:29:38 INFO BlockManagerInfo: Removed broadcast_5_piece0 on 3748f1b8240a:44443 in memory (size: 7.8 KiB, free: 434.4 MiB)
[2025-07-08T18:29:38.772+0000] {spark_submit.py:644} INFO - 25/07/08 18:29:38 INFO InMemoryFileIndex: It took 21 ms to list leaf files for 1 paths.
[2025-07-08T18:29:38.775+0000] {spark_submit.py:644} INFO - 25/07/08 18:29:38 INFO BlockManagerInfo: Removed broadcast_5_piece0 on 172.19.0.8:33451 in memory (size: 7.8 KiB, free: 434.4 MiB)
[2025-07-08T18:29:38.904+0000] {spark_submit.py:644} INFO - 25/07/08 18:29:38 INFO FileSourceStrategy: Pushed Filters:
[2025-07-08T18:29:38.907+0000] {spark_submit.py:644} INFO - 25/07/08 18:29:38 INFO FileSourceStrategy: Post-Scan Filters:
[2025-07-08T18:29:38.962+0000] {spark_submit.py:644} INFO - 25/07/08 18:29:38 INFO MemoryStore: Block broadcast_6 stored as values in memory (estimated size 203.7 KiB, free 434.2 MiB)
[2025-07-08T18:29:39.052+0000] {spark_submit.py:644} INFO - 25/07/08 18:29:39 INFO MemoryStore: Block broadcast_6_piece0 stored as bytes in memory (estimated size 35.7 KiB, free 434.2 MiB)
[2025-07-08T18:29:39.081+0000] {spark_submit.py:644} INFO - 25/07/08 18:29:39 INFO BlockManagerInfo: Added broadcast_6_piece0 in memory on 3748f1b8240a:44443 (size: 35.7 KiB, free: 434.4 MiB)
[2025-07-08T18:29:39.082+0000] {spark_submit.py:644} INFO - 25/07/08 18:29:39 INFO SparkContext: Created broadcast 6 from collect at /opt/bitnami/spark/jobs/process_exercises_job.py:430
[2025-07-08T18:29:39.083+0000] {spark_submit.py:644} INFO - 25/07/08 18:29:39 INFO FileSourceScanExec: Planning scan with bin packing, max size: 10487545 bytes, open cost is considered as scanning 4194304 bytes.
[2025-07-08T18:29:39.093+0000] {spark_submit.py:644} INFO - 25/07/08 18:29:39 INFO SparkContext: Starting job: collect at /opt/bitnami/spark/jobs/process_exercises_job.py:430
[2025-07-08T18:29:39.094+0000] {spark_submit.py:644} INFO - 25/07/08 18:29:39 INFO DAGScheduler: Got job 4 (collect at /opt/bitnami/spark/jobs/process_exercises_job.py:430) with 2 output partitions
[2025-07-08T18:29:39.095+0000] {spark_submit.py:644} INFO - 25/07/08 18:29:39 INFO DAGScheduler: Final stage: ResultStage 5 (collect at /opt/bitnami/spark/jobs/process_exercises_job.py:430)
[2025-07-08T18:29:39.095+0000] {spark_submit.py:644} INFO - 25/07/08 18:29:39 INFO DAGScheduler: Parents of final stage: List()
[2025-07-08T18:29:39.096+0000] {spark_submit.py:644} INFO - 25/07/08 18:29:39 INFO DAGScheduler: Missing parents: List()
[2025-07-08T18:29:39.097+0000] {spark_submit.py:644} INFO - 25/07/08 18:29:39 INFO DAGScheduler: Submitting ResultStage 5 (MapPartitionsRDD[19] at collect at /opt/bitnami/spark/jobs/process_exercises_job.py:430), which has no missing parents
[2025-07-08T18:29:39.097+0000] {spark_submit.py:644} INFO - 25/07/08 18:29:39 INFO MemoryStore: Block broadcast_7 stored as values in memory (estimated size 9.4 KiB, free 434.2 MiB)
[2025-07-08T18:29:39.099+0000] {spark_submit.py:644} INFO - 25/07/08 18:29:39 INFO MemoryStore: Block broadcast_7_piece0 stored as bytes in memory (estimated size 4.7 KiB, free 434.2 MiB)
[2025-07-08T18:29:39.100+0000] {spark_submit.py:644} INFO - 25/07/08 18:29:39 INFO BlockManagerInfo: Added broadcast_7_piece0 in memory on 3748f1b8240a:44443 (size: 4.7 KiB, free: 434.4 MiB)
[2025-07-08T18:29:39.101+0000] {spark_submit.py:644} INFO - 25/07/08 18:29:39 INFO SparkContext: Created broadcast 7 from broadcast at DAGScheduler.scala:1585
[2025-07-08T18:29:39.102+0000] {spark_submit.py:644} INFO - 25/07/08 18:29:39 INFO DAGScheduler: Submitting 2 missing tasks from ResultStage 5 (MapPartitionsRDD[19] at collect at /opt/bitnami/spark/jobs/process_exercises_job.py:430) (first 15 tasks are for partitions Vector(0, 1))
[2025-07-08T18:29:39.103+0000] {spark_submit.py:644} INFO - 25/07/08 18:29:39 INFO TaskSchedulerImpl: Adding task set 5.0 with 2 tasks resource profile 0
[2025-07-08T18:29:39.105+0000] {spark_submit.py:644} INFO - 25/07/08 18:29:39 INFO TaskSetManager: Starting task 0.0 in stage 5.0 (TID 6) (172.19.0.8, executor 0, partition 0, PROCESS_LOCAL, 10561 bytes)
[2025-07-08T18:29:39.105+0000] {spark_submit.py:644} INFO - 25/07/08 18:29:39 INFO TaskSetManager: Starting task 1.0 in stage 5.0 (TID 7) (172.19.0.8, executor 0, partition 1, PROCESS_LOCAL, 10380 bytes)
[2025-07-08T18:29:39.155+0000] {spark_submit.py:644} INFO - 25/07/08 18:29:39 INFO BlockManagerInfo: Added broadcast_7_piece0 in memory on 172.19.0.8:33451 (size: 4.7 KiB, free: 434.4 MiB)
[2025-07-08T18:29:39.188+0000] {spark_submit.py:644} INFO - 25/07/08 18:29:39 INFO BlockManagerInfo: Added broadcast_6_piece0 in memory on 172.19.0.8:33451 (size: 35.7 KiB, free: 434.4 MiB)
[2025-07-08T18:29:39.255+0000] {spark_submit.py:644} INFO - 25/07/08 18:29:39 INFO TaskSetManager: Finished task 1.0 in stage 5.0 (TID 7) in 149 ms on 172.19.0.8 (executor 0) (1/2)
[2025-07-08T18:29:39.262+0000] {spark_submit.py:644} INFO - 25/07/08 18:29:39 INFO TaskSetManager: Finished task 0.0 in stage 5.0 (TID 6) in 159 ms on 172.19.0.8 (executor 0) (2/2)
[2025-07-08T18:29:39.263+0000] {spark_submit.py:644} INFO - 25/07/08 18:29:39 INFO TaskSchedulerImpl: Removed TaskSet 5.0, whose tasks have all completed, from pool
[2025-07-08T18:29:39.264+0000] {spark_submit.py:644} INFO - 25/07/08 18:29:39 INFO DAGScheduler: ResultStage 5 (collect at /opt/bitnami/spark/jobs/process_exercises_job.py:430) finished in 0.168 s
[2025-07-08T18:29:39.266+0000] {spark_submit.py:644} INFO - 25/07/08 18:29:39 INFO DAGScheduler: Job 4 is finished. Cancelling potential speculative or zombie tasks for this job
[2025-07-08T18:29:39.267+0000] {spark_submit.py:644} INFO - 25/07/08 18:29:39 INFO TaskSchedulerImpl: Killing all running tasks in stage 5: Stage finished
[2025-07-08T18:29:39.268+0000] {spark_submit.py:644} INFO - 25/07/08 18:29:39 INFO DAGScheduler: Job 4 finished: collect at /opt/bitnami/spark/jobs/process_exercises_job.py:430, took 0.171459 s
[2025-07-08T18:29:39.275+0000] {spark_submit.py:644} INFO - [PROCESS EXERCISES] ℹ️  Encontrados 4 arquivos Protobuf (.pb)
[2025-07-08T18:29:39.276+0000] {spark_submit.py:644} INFO - [PROCESS EXERCISES] ℹ️  Encontrados 4 arquivos do tipo PROTO
[2025-07-08T18:29:39.276+0000] {spark_submit.py:644} INFO - [PROCESS EXERCISES] 🔄 Processando 4 arquivos Protobuf
[2025-07-08T18:29:39.277+0000] {spark_submit.py:644} INFO - [PROCESS EXERCISES] ℹ️  Processando arquivo Protobuf: s3a://bronze/exercises/CA-LESTE-construtiva-4DE-2025-07-08/simulations/172.19.0.14_2025-07-08/18-25.56/session-proto_3.pb
[2025-07-08T18:29:39.309+0000] {spark_submit.py:644} INFO - 25/07/08 18:29:39 INFO InMemoryFileIndex: It took 11 ms to list leaf files for 1 paths.
[2025-07-08T18:29:39.596+0000] {spark_submit.py:644} INFO - ======Column<'proto_data'>======
[2025-07-08T18:29:40.169+0000] {spark_submit.py:644} INFO - [PROCESS EXERCISES] ❌ Erro crítico ao processar arquivo Protobuf s3a://bronze/exercises/CA-LESTE-construtiva-4DE-2025-07-08/simulations/172.19.0.14_2025-07-08/18-25.56/session-proto_3.pb: [FIELD_NOT_FOUND] No such struct field `pertinence` in `context`, `client_id`, `knowledge_id`, `group_id`, `latitude`, `longitude`, `altitude`, `timestamp`.
[2025-07-08T18:29:40.181+0000] {spark_submit.py:644} INFO - [PROCESS EXERCISES] ❌ Erro crítico no processamento de simulações: Falha no processamento Protobuf: [FIELD_NOT_FOUND] No such struct field `pertinence` in `context`, `client_id`, `knowledge_id`, `group_id`, `latitude`, `longitude`, `altitude`, `timestamp`.
[2025-07-08T18:29:40.183+0000] {spark_submit.py:644} INFO - [PROCESS EXERCISES] ❌ Erro crítico durante o processamento: Falha no processamento de simulações: Falha no processamento Protobuf: [FIELD_NOT_FOUND] No such struct field `pertinence` in `context`, `client_id`, `knowledge_id`, `group_id`, `latitude`, `longitude`, `altitude`, `timestamp`.
[2025-07-08T18:29:40.186+0000] {spark_submit.py:644} INFO - [PROCESS EXERCISES] 🔄 Finalizando sessão Spark
[2025-07-08T18:29:40.188+0000] {spark_submit.py:644} INFO - 25/07/08 18:29:40 INFO SparkContext: SparkContext is stopping with exitCode 0.
[2025-07-08T18:29:40.210+0000] {spark_submit.py:644} INFO - 25/07/08 18:29:40 INFO SparkUI: Stopped Spark web UI at http://3748f1b8240a:4040
[2025-07-08T18:29:40.220+0000] {spark_submit.py:644} INFO - 25/07/08 18:29:40 INFO StandaloneSchedulerBackend: Shutting down all executors
[2025-07-08T18:29:40.222+0000] {spark_submit.py:644} INFO - 25/07/08 18:29:40 INFO StandaloneSchedulerBackend$StandaloneDriverEndpoint: Asking each executor to shut down
[2025-07-08T18:29:40.258+0000] {spark_submit.py:644} INFO - 25/07/08 18:29:40 INFO MapOutputTrackerMasterEndpoint: MapOutputTrackerMasterEndpoint stopped!
[2025-07-08T18:29:40.384+0000] {spark_submit.py:644} INFO - 25/07/08 18:29:40 INFO MemoryStore: MemoryStore cleared
[2025-07-08T18:29:40.385+0000] {spark_submit.py:644} INFO - 25/07/08 18:29:40 INFO BlockManager: BlockManager stopped
[2025-07-08T18:29:40.388+0000] {spark_submit.py:644} INFO - 25/07/08 18:29:40 INFO BlockManagerMaster: BlockManagerMaster stopped
[2025-07-08T18:29:40.391+0000] {spark_submit.py:644} INFO - 25/07/08 18:29:40 INFO OutputCommitCoordinator$OutputCommitCoordinatorEndpoint: OutputCommitCoordinator stopped!
[2025-07-08T18:29:40.418+0000] {spark_submit.py:644} INFO - 25/07/08 18:29:40 INFO SparkContext: Successfully stopped SparkContext
[2025-07-08T18:29:40.815+0000] {spark_submit.py:644} INFO - [PROCESS EXERCISES] ✅ Sessão Spark finalizada com sucesso
[2025-07-08T18:29:40.955+0000] {spark_submit.py:644} INFO - 25/07/08 18:29:40 INFO ShutdownHookManager: Shutdown hook called
[2025-07-08T18:29:40.956+0000] {spark_submit.py:644} INFO - 25/07/08 18:29:40 INFO ShutdownHookManager: Deleting directory /tmp/spark-d59ba41f-4f8c-447e-9c5a-05be9b2f5103/pyspark-ce824a61-df5d-404e-a4d7-09b96a5930d6
[2025-07-08T18:29:40.962+0000] {spark_submit.py:644} INFO - 25/07/08 18:29:40 INFO ShutdownHookManager: Deleting directory /tmp/spark-8c50987f-6cf7-42ca-9daf-4010624ba02d
[2025-07-08T18:29:40.968+0000] {spark_submit.py:644} INFO - 25/07/08 18:29:40 INFO ShutdownHookManager: Deleting directory /tmp/spark-d59ba41f-4f8c-447e-9c5a-05be9b2f5103
[2025-07-08T18:29:40.979+0000] {spark_submit.py:644} INFO - 25/07/08 18:29:40 INFO MetricsSystemImpl: Stopping s3a-file-system metrics system...
[2025-07-08T18:29:40.980+0000] {spark_submit.py:644} INFO - 25/07/08 18:29:40 INFO MetricsSystemImpl: s3a-file-system metrics system stopped.
[2025-07-08T18:29:40.980+0000] {spark_submit.py:644} INFO - 25/07/08 18:29:40 INFO MetricsSystemImpl: s3a-file-system metrics system shutdown complete.
[2025-07-08T18:29:41.398+0000] {taskinstance.py:3336} ERROR - Task failed with exception
Traceback (most recent call last):
  File "/home/airflow/.local/lib/python3.12/site-packages/airflow/models/taskinstance.py", line 776, in _execute_task
    result = _execute_callable(context=context, **execute_callable_kwargs)
             ^^^^^^^^^^^^^^^^^^^^^^^^^^^^^^^^^^^^^^^^^^^^^^^^^^^^^^^^^^^^^
  File "/home/airflow/.local/lib/python3.12/site-packages/airflow/models/taskinstance.py", line 742, in _execute_callable
    return ExecutionCallableRunner(
           ^^^^^^^^^^^^^^^^^^^^^^^^
  File "/home/airflow/.local/lib/python3.12/site-packages/airflow/utils/operator_helpers.py", line 252, in run
    return self.func(*args, **kwargs)
           ^^^^^^^^^^^^^^^^^^^^^^^^^^
  File "/home/airflow/.local/lib/python3.12/site-packages/airflow/models/baseoperator.py", line 424, in wrapper
    return func(self, *args, **kwargs)
           ^^^^^^^^^^^^^^^^^^^^^^^^^^^
  File "/home/airflow/.local/lib/python3.12/site-packages/airflow/providers/apache/spark/operators/spark_submit.py", line 197, in execute
    self._hook.submit(self.application)
  File "/home/airflow/.local/lib/python3.12/site-packages/airflow/providers/apache/spark/hooks/spark_submit.py", line 566, in submit
    raise AirflowException(
airflow.exceptions.AirflowException: Cannot execute: spark-submit --master spark://spark-master:7077 --jars /opt/bitnami/spark/jars/iceberg-spark-runtime-3.5_2.12-1.8.1.jar,/opt/bitnami/spark/jars/nessie-spark-extensions-3.5_2.12-0.103.2.jar,/opt/bitnami/spark/jars/nessie-client-0.103.2.jar,/opt/bitnami/spark/jars/hadoop-aws-3.3.2.jar,/opt/bitnami/spark/jars/aws-java-sdk-bundle-1.12.262.jar, --name arrow-spark --deploy-mode client /opt/bitnami/spark/jobs/process_exercises_job.py {"id": "CA-LESTE-construtiva-4DE-2025-07-08", "manifest_entry": {"data": {"createdAt": "2025-07-08T18:27:58.496Z", "origin": "CA-LESTE", "path": "exercises/CA-LESTE-construtiva-4DE-2025-07-08"}, "id": "CA-LESTE-construtiva-4DE-2025-07-08"}, "metadata": {"createdAt": "2025-07-08T18:27:58.496Z", "description": "4DE", "documents": [{"description": "", "id": "1751999288885", "mimetype": "application/pdf", "name": "Op Jacui IV - Ordem de Operacoes.pdf", "path": "exercises/CA-LESTE-construtiva-4DE-2025-07-08/documents/Op Jacui IV - Ordem de Operacoes.pdf", "size": 336744, "uploadedAt": "2025-07-08T18:28:08.885Z"}], "endDate": "2025-07-10", "id": "CA-LESTE-construtiva-4DE-2025-07-08", "name": "Jogo de Guerra", "origin": "CA-LESTE", "simulationType": "construtiva", "simulations": [{"id": "172.19.0.14_2025-07-08", "movedAt": "2025-07-08T18:28:17.872Z", "name": "172.19.0.14_2025-07-08", "originalPath": "staging/172.19.0.14_2025-07-08", "path": "exercises/CA-LESTE-construtiva-4DE-2025-07-08/simulations/172.19.0.14_2025-07-08"}], "startDate": "2025-07-08", "trainedForce": "4 Divis\u00e3o de Ex\u00e9rcito", "updatedAt": "2025-07-08T18:28:17.873Z", "wikiUrl": ""}}. Error code is: 1.
[2025-07-08T18:29:41.493+0000] {taskinstance.py:1242} INFO - Marking task as FAILED. dag_id=process_exercises, task_id=process_exercises, run_id=manual__2025-07-08T18:28:43.925882+00:00, execution_date=20250708T182843, start_date=20250708T182847, end_date=20250708T182941
[2025-07-08T18:29:41.642+0000] {taskinstance.py:349} INFO - ::group::Post task execution logs
[2025-07-08T18:29:41.643+0000] {standard_task_runner.py:124} ERROR - Failed to execute job 177 for task process_exercises (Cannot execute: spark-submit --master spark://spark-master:7077 --jars /opt/bitnami/spark/jars/iceberg-spark-runtime-3.5_2.12-1.8.1.jar,/opt/bitnami/spark/jars/nessie-spark-extensions-3.5_2.12-0.103.2.jar,/opt/bitnami/spark/jars/nessie-client-0.103.2.jar,/opt/bitnami/spark/jars/hadoop-aws-3.3.2.jar,/opt/bitnami/spark/jars/aws-java-sdk-bundle-1.12.262.jar, --name arrow-spark --deploy-mode client /opt/bitnami/spark/jobs/process_exercises_job.py {"id": "CA-LESTE-construtiva-4DE-2025-07-08", "manifest_entry": {"data": {"createdAt": "2025-07-08T18:27:58.496Z", "origin": "CA-LESTE", "path": "exercises/CA-LESTE-construtiva-4DE-2025-07-08"}, "id": "CA-LESTE-construtiva-4DE-2025-07-08"}, "metadata": {"createdAt": "2025-07-08T18:27:58.496Z", "description": "4DE", "documents": [{"description": "", "id": "1751999288885", "mimetype": "application/pdf", "name": "Op Jacui IV - Ordem de Operacoes.pdf", "path": "exercises/CA-LESTE-construtiva-4DE-2025-07-08/documents/Op Jacui IV - Ordem de Operacoes.pdf", "size": 336744, "uploadedAt": "2025-07-08T18:28:08.885Z"}], "endDate": "2025-07-10", "id": "CA-LESTE-construtiva-4DE-2025-07-08", "name": "Jogo de Guerra", "origin": "CA-LESTE", "simulationType": "construtiva", "simulations": [{"id": "172.19.0.14_2025-07-08", "movedAt": "2025-07-08T18:28:17.872Z", "name": "172.19.0.14_2025-07-08", "originalPath": "staging/172.19.0.14_2025-07-08", "path": "exercises/CA-LESTE-construtiva-4DE-2025-07-08/simulations/172.19.0.14_2025-07-08"}], "startDate": "2025-07-08", "trainedForce": "4 Divis\u00e3o de Ex\u00e9rcito", "updatedAt": "2025-07-08T18:28:17.873Z", "wikiUrl": ""}}. Error code is: 1.; 10493)
Traceback (most recent call last):
  File "/home/airflow/.local/lib/python3.12/site-packages/airflow/task/task_runner/standard_task_runner.py", line 117, in _start_by_fork
    ret = args.func(args, dag=self.dag)
          ^^^^^^^^^^^^^^^^^^^^^^^^^^^^^
  File "/home/airflow/.local/lib/python3.12/site-packages/airflow/cli/cli_config.py", line 49, in command
    return func(*args, **kwargs)
           ^^^^^^^^^^^^^^^^^^^^^
  File "/home/airflow/.local/lib/python3.12/site-packages/airflow/utils/cli.py", line 116, in wrapper
    return f(*args, **kwargs)
           ^^^^^^^^^^^^^^^^^^
  File "/home/airflow/.local/lib/python3.12/site-packages/airflow/cli/commands/task_command.py", line 483, in task_run
    task_return_code = _run_task_by_selected_method(args, _dag, ti)
                       ^^^^^^^^^^^^^^^^^^^^^^^^^^^^^^^^^^^^^^^^^^^^
  File "/home/airflow/.local/lib/python3.12/site-packages/airflow/cli/commands/task_command.py", line 256, in _run_task_by_selected_method
    return _run_raw_task(args, ti)
           ^^^^^^^^^^^^^^^^^^^^^^^
  File "/home/airflow/.local/lib/python3.12/site-packages/airflow/cli/commands/task_command.py", line 341, in _run_raw_task
    return ti._run_raw_task(
           ^^^^^^^^^^^^^^^^^
  File "/home/airflow/.local/lib/python3.12/site-packages/airflow/utils/session.py", line 97, in wrapper
    return func(*args, session=session, **kwargs)
           ^^^^^^^^^^^^^^^^^^^^^^^^^^^^^^^^^^^^^^
  File "/home/airflow/.local/lib/python3.12/site-packages/airflow/models/taskinstance.py", line 3029, in _run_raw_task
    return _run_raw_task(
           ^^^^^^^^^^^^^^
  File "/home/airflow/.local/lib/python3.12/site-packages/airflow/models/taskinstance.py", line 282, in _run_raw_task
    TaskInstance._execute_task_with_callbacks(
  File "/home/airflow/.local/lib/python3.12/site-packages/airflow/models/taskinstance.py", line 3184, in _execute_task_with_callbacks
    result = self._execute_task(context, task_orig)
             ^^^^^^^^^^^^^^^^^^^^^^^^^^^^^^^^^^^^^^
  File "/home/airflow/.local/lib/python3.12/site-packages/airflow/models/taskinstance.py", line 3208, in _execute_task
    return _execute_task(self, context, task_orig)
           ^^^^^^^^^^^^^^^^^^^^^^^^^^^^^^^^^^^^^^^
  File "/home/airflow/.local/lib/python3.12/site-packages/airflow/models/taskinstance.py", line 776, in _execute_task
    result = _execute_callable(context=context, **execute_callable_kwargs)
             ^^^^^^^^^^^^^^^^^^^^^^^^^^^^^^^^^^^^^^^^^^^^^^^^^^^^^^^^^^^^^
  File "/home/airflow/.local/lib/python3.12/site-packages/airflow/models/taskinstance.py", line 742, in _execute_callable
    return ExecutionCallableRunner(
           ^^^^^^^^^^^^^^^^^^^^^^^^
  File "/home/airflow/.local/lib/python3.12/site-packages/airflow/utils/operator_helpers.py", line 252, in run
    return self.func(*args, **kwargs)
           ^^^^^^^^^^^^^^^^^^^^^^^^^^
  File "/home/airflow/.local/lib/python3.12/site-packages/airflow/models/baseoperator.py", line 424, in wrapper
    return func(self, *args, **kwargs)
           ^^^^^^^^^^^^^^^^^^^^^^^^^^^
  File "/home/airflow/.local/lib/python3.12/site-packages/airflow/providers/apache/spark/operators/spark_submit.py", line 197, in execute
    self._hook.submit(self.application)
  File "/home/airflow/.local/lib/python3.12/site-packages/airflow/providers/apache/spark/hooks/spark_submit.py", line 566, in submit
    raise AirflowException(
airflow.exceptions.AirflowException: Cannot execute: spark-submit --master spark://spark-master:7077 --jars /opt/bitnami/spark/jars/iceberg-spark-runtime-3.5_2.12-1.8.1.jar,/opt/bitnami/spark/jars/nessie-spark-extensions-3.5_2.12-0.103.2.jar,/opt/bitnami/spark/jars/nessie-client-0.103.2.jar,/opt/bitnami/spark/jars/hadoop-aws-3.3.2.jar,/opt/bitnami/spark/jars/aws-java-sdk-bundle-1.12.262.jar, --name arrow-spark --deploy-mode client /opt/bitnami/spark/jobs/process_exercises_job.py {"id": "CA-LESTE-construtiva-4DE-2025-07-08", "manifest_entry": {"data": {"createdAt": "2025-07-08T18:27:58.496Z", "origin": "CA-LESTE", "path": "exercises/CA-LESTE-construtiva-4DE-2025-07-08"}, "id": "CA-LESTE-construtiva-4DE-2025-07-08"}, "metadata": {"createdAt": "2025-07-08T18:27:58.496Z", "description": "4DE", "documents": [{"description": "", "id": "1751999288885", "mimetype": "application/pdf", "name": "Op Jacui IV - Ordem de Operacoes.pdf", "path": "exercises/CA-LESTE-construtiva-4DE-2025-07-08/documents/Op Jacui IV - Ordem de Operacoes.pdf", "size": 336744, "uploadedAt": "2025-07-08T18:28:08.885Z"}], "endDate": "2025-07-10", "id": "CA-LESTE-construtiva-4DE-2025-07-08", "name": "Jogo de Guerra", "origin": "CA-LESTE", "simulationType": "construtiva", "simulations": [{"id": "172.19.0.14_2025-07-08", "movedAt": "2025-07-08T18:28:17.872Z", "name": "172.19.0.14_2025-07-08", "originalPath": "staging/172.19.0.14_2025-07-08", "path": "exercises/CA-LESTE-construtiva-4DE-2025-07-08/simulations/172.19.0.14_2025-07-08"}], "startDate": "2025-07-08", "trainedForce": "4 Divis\u00e3o de Ex\u00e9rcito", "updatedAt": "2025-07-08T18:28:17.873Z", "wikiUrl": ""}}. Error code is: 1.
[2025-07-08T18:29:41.698+0000] {local_task_job_runner.py:266} INFO - Task exited with return code 1
[2025-07-08T18:29:41.738+0000] {taskinstance.py:3924} INFO - 0 downstream tasks scheduled from follow-on schedule check
[2025-07-08T18:29:41.775+0000] {local_task_job_runner.py:245} INFO - ::endgroup::
