[2025-07-09T18:11:08.459+0000] {local_task_job_runner.py:123} INFO - ::group::Pre task execution logs
[2025-07-09T18:11:08.494+0000] {taskinstance.py:2631} INFO - Dependencies all met for dep_context=non-requeueable deps ti=<TaskInstance: process_exercises.process_exercises manual__2025-07-09T18:11:05.326423+00:00 [queued]>
[2025-07-09T18:11:08.505+0000] {taskinstance.py:2631} INFO - Dependencies all met for dep_context=requeueable deps ti=<TaskInstance: process_exercises.process_exercises manual__2025-07-09T18:11:05.326423+00:00 [queued]>
[2025-07-09T18:11:08.506+0000] {taskinstance.py:2884} INFO - Starting attempt 1 of 1
[2025-07-09T18:11:08.542+0000] {taskinstance.py:2907} INFO - Executing <Task(SparkSubmitOperator): process_exercises> on 2025-07-09 18:11:05.326423+00:00
[2025-07-09T18:11:08.549+0000] {logging_mixin.py:190} WARNING - /home/airflow/.local/lib/python3.12/site-packages/airflow/task/task_runner/standard_task_runner.py:70 DeprecationWarning: This process (pid=2256) is multi-threaded, use of fork() may lead to deadlocks in the child.
[2025-07-09T18:11:08.551+0000] {standard_task_runner.py:72} INFO - Started process 2257 to run task
[2025-07-09T18:11:08.549+0000] {standard_task_runner.py:104} INFO - Running: ['airflow', 'tasks', 'run', 'process_exercises', 'process_exercises', 'manual__2025-07-09T18:11:05.326423+00:00', '--job-id', '231', '--raw', '--subdir', 'DAGS_FOLDER/process_exercises.py', '--cfg-path', '/tmp/tmp4_fdt4jx']
[2025-07-09T18:11:08.552+0000] {standard_task_runner.py:105} INFO - Job 231: Subtask process_exercises
[2025-07-09T18:11:08.651+0000] {task_command.py:467} INFO - Running <TaskInstance: process_exercises.process_exercises manual__2025-07-09T18:11:05.326423+00:00 [running]> on host 38b7408c68d7
[2025-07-09T18:11:08.851+0000] {taskinstance.py:3157} INFO - Exporting env vars: AIRFLOW_CTX_DAG_OWNER='airflow' AIRFLOW_CTX_DAG_ID='process_exercises' AIRFLOW_CTX_TASK_ID='process_exercises' AIRFLOW_CTX_EXECUTION_DATE='2025-07-09T18:11:05.326423+00:00' AIRFLOW_CTX_TRY_NUMBER='1' AIRFLOW_CTX_DAG_RUN_ID='manual__2025-07-09T18:11:05.326423+00:00'
[2025-07-09T18:11:08.852+0000] {taskinstance.py:740} INFO - ::endgroup::
[2025-07-09T18:11:08.884+0000] {base.py:84} INFO - Retrieving connection 'spark-ebsim'
[2025-07-09T18:11:08.892+0000] {spark_submit.py:474} INFO - Spark-Submit cmd: spark-submit --master spark://spark-master:7077 --jars /opt/bitnami/spark/jars/iceberg-spark-runtime-3.5_2.12-1.8.1.jar,/opt/bitnami/spark/jars/nessie-spark-extensions-3.5_2.12-0.103.2.jar,/opt/bitnami/spark/jars/nessie-client-0.103.2.jar,/opt/bitnami/spark/jars/hadoop-aws-3.3.2.jar,/opt/bitnami/spark/jars/aws-java-sdk-bundle-1.12.262.jar, --name arrow-spark --deploy-mode client /opt/bitnami/spark/jobs/process_exercises_job.py {"id": "CA-LESTE-construtiva-4455-2025-07-08", "manifest_entry": {"data": {"createdAt": "2025-07-08T19:50:09.281Z", "origin": "CA-LESTE", "path": "exercises/CA-LESTE-construtiva-4455-2025-07-08"}, "id": "CA-LESTE-construtiva-4455-2025-07-08"}, "metadata": {"createdAt": "2025-07-08T19:50:09.281Z", "description": "4455", "documents": [{"description": "", "id": "1752004297308", "mimetype": "application/pdf", "name": "Op Jacui IV - Ordem de Operacoes.pdf", "path": "exercises/CA-LESTE-construtiva-4455-2025-07-08/documents/Op Jacui IV - Ordem de Operacoes.pdf", "size": 336744, "uploadedAt": "2025-07-08T19:51:37.308Z"}], "endDate": "2025-07-22", "id": "CA-LESTE-construtiva-4455-2025-07-08", "name": "Jogo de Guerra", "origin": "CA-LESTE", "simulationType": "construtiva", "simulations": [{"id": "172.19.0.14_2025-07-08", "movedAt": "2025-07-08T19:51:46.649Z", "name": "172.19.0.14_2025-07-08", "originalPath": "staging/172.19.0.14_2025-07-08", "path": "exercises/CA-LESTE-construtiva-4455-2025-07-08/simulations/172.19.0.14_2025-07-08"}], "startDate": "2025-07-15", "trainedForce": "4455", "updatedAt": "2025-07-08T19:51:46.649Z", "wikiUrl": ""}}
[2025-07-09T18:11:11.530+0000] {spark_submit.py:644} INFO - 25/07/09 18:11:11 WARN NativeCodeLoader: Unable to load native-hadoop library for your platform... using builtin-java classes where applicable
[2025-07-09T18:11:13.150+0000] {spark_submit.py:644} INFO - [PROCESS EXERCISES] ℹ️ Iniciando processamento de exercícios
[2025-07-09T18:11:13.150+0000] {spark_submit.py:644} INFO - [PROCESS EXERCISES] ℹ️ Exercício selecionado: CA-LESTE-construtiva-4455-2025-07-08
[2025-07-09T18:11:13.151+0000] {spark_submit.py:644} INFO - [PROCESS EXERCISES] 🔄 Criando sessão Spark
[2025-07-09T18:11:13.733+0000] {spark_submit.py:644} INFO - 25/07/09 18:11:13 INFO SparkContext: Running Spark version 3.5.5
[2025-07-09T18:11:13.733+0000] {spark_submit.py:644} INFO - 25/07/09 18:11:13 INFO SparkContext: OS info Linux, 5.15.167.4-microsoft-standard-WSL2, amd64
[2025-07-09T18:11:13.734+0000] {spark_submit.py:644} INFO - 25/07/09 18:11:13 INFO SparkContext: Java version 17.0.15
[2025-07-09T18:11:13.759+0000] {spark_submit.py:644} INFO - 25/07/09 18:11:13 INFO ResourceUtils: ==============================================================
[2025-07-09T18:11:13.760+0000] {spark_submit.py:644} INFO - 25/07/09 18:11:13 INFO ResourceUtils: No custom resources configured for spark.driver.
[2025-07-09T18:11:13.760+0000] {spark_submit.py:644} INFO - 25/07/09 18:11:13 INFO ResourceUtils: ==============================================================
[2025-07-09T18:11:13.761+0000] {spark_submit.py:644} INFO - 25/07/09 18:11:13 INFO SparkContext: Submitted application: ProcessExercises
[2025-07-09T18:11:13.779+0000] {spark_submit.py:644} INFO - 25/07/09 18:11:13 INFO ResourceProfile: Default ResourceProfile created, executor resources: Map(memory -> name: memory, amount: 1024, script: , vendor: , offHeap -> name: offHeap, amount: 0, script: , vendor: ), task resources: Map(cpus -> name: cpus, amount: 1.0)
[2025-07-09T18:11:13.786+0000] {spark_submit.py:644} INFO - 25/07/09 18:11:13 INFO ResourceProfile: Limiting resource is cpu
[2025-07-09T18:11:13.787+0000] {spark_submit.py:644} INFO - 25/07/09 18:11:13 INFO ResourceProfileManager: Added ResourceProfile id: 0
[2025-07-09T18:11:13.838+0000] {spark_submit.py:644} INFO - 25/07/09 18:11:13 INFO SecurityManager: Changing view acls to: airflow
[2025-07-09T18:11:13.838+0000] {spark_submit.py:644} INFO - 25/07/09 18:11:13 INFO SecurityManager: Changing modify acls to: airflow
[2025-07-09T18:11:13.839+0000] {spark_submit.py:644} INFO - 25/07/09 18:11:13 INFO SecurityManager: Changing view acls groups to:
[2025-07-09T18:11:13.839+0000] {spark_submit.py:644} INFO - 25/07/09 18:11:13 INFO SecurityManager: Changing modify acls groups to:
[2025-07-09T18:11:13.840+0000] {spark_submit.py:644} INFO - 25/07/09 18:11:13 INFO SecurityManager: SecurityManager: authentication disabled; ui acls disabled; users with view permissions: airflow; groups with view permissions: EMPTY; users with modify permissions: airflow; groups with modify permissions: EMPTY
[2025-07-09T18:11:14.010+0000] {spark_submit.py:644} INFO - 25/07/09 18:11:14 INFO Utils: Successfully started service 'sparkDriver' on port 34333.
[2025-07-09T18:11:14.033+0000] {spark_submit.py:644} INFO - 25/07/09 18:11:14 INFO SparkEnv: Registering MapOutputTracker
[2025-07-09T18:11:14.060+0000] {spark_submit.py:644} INFO - 25/07/09 18:11:14 INFO SparkEnv: Registering BlockManagerMaster
[2025-07-09T18:11:14.072+0000] {spark_submit.py:644} INFO - 25/07/09 18:11:14 INFO BlockManagerMasterEndpoint: Using org.apache.spark.storage.DefaultTopologyMapper for getting topology information
[2025-07-09T18:11:14.073+0000] {spark_submit.py:644} INFO - 25/07/09 18:11:14 INFO BlockManagerMasterEndpoint: BlockManagerMasterEndpoint up
[2025-07-09T18:11:14.075+0000] {spark_submit.py:644} INFO - 25/07/09 18:11:14 INFO SparkEnv: Registering BlockManagerMasterHeartbeat
[2025-07-09T18:11:14.092+0000] {spark_submit.py:644} INFO - 25/07/09 18:11:14 INFO DiskBlockManager: Created local directory at /tmp/blockmgr-edc6ce1b-5030-4d6e-8d17-e48cecd49478
[2025-07-09T18:11:14.104+0000] {spark_submit.py:644} INFO - 25/07/09 18:11:14 INFO MemoryStore: MemoryStore started with capacity 434.4 MiB
[2025-07-09T18:11:14.116+0000] {spark_submit.py:644} INFO - 25/07/09 18:11:14 INFO SparkEnv: Registering OutputCommitCoordinator
[2025-07-09T18:11:14.253+0000] {spark_submit.py:644} INFO - 25/07/09 18:11:14 INFO JettyUtils: Start Jetty 0.0.0.0:4040 for SparkUI
[2025-07-09T18:11:14.304+0000] {spark_submit.py:644} INFO - 25/07/09 18:11:14 INFO Utils: Successfully started service 'SparkUI' on port 4040.
[2025-07-09T18:11:14.349+0000] {spark_submit.py:644} INFO - 25/07/09 18:11:14 INFO SparkContext: Added JAR file:///opt/bitnami/spark/jars/iceberg-spark-runtime-3.5_2.12-1.8.1.jar at spark://38b7408c68d7:34333/jars/iceberg-spark-runtime-3.5_2.12-1.8.1.jar with timestamp 1752084673724
[2025-07-09T18:11:14.350+0000] {spark_submit.py:644} INFO - 25/07/09 18:11:14 INFO SparkContext: Added JAR file:///opt/bitnami/spark/jars/nessie-spark-extensions-3.5_2.12-0.103.2.jar at spark://38b7408c68d7:34333/jars/nessie-spark-extensions-3.5_2.12-0.103.2.jar with timestamp 1752084673724
[2025-07-09T18:11:14.351+0000] {spark_submit.py:644} INFO - 25/07/09 18:11:14 INFO SparkContext: Added JAR file:///opt/bitnami/spark/jars/nessie-client-0.103.2.jar at spark://38b7408c68d7:34333/jars/nessie-client-0.103.2.jar with timestamp 1752084673724
[2025-07-09T18:11:14.352+0000] {spark_submit.py:644} INFO - 25/07/09 18:11:14 INFO SparkContext: Added JAR file:///opt/bitnami/spark/jars/hadoop-aws-3.3.2.jar at spark://38b7408c68d7:34333/jars/hadoop-aws-3.3.2.jar with timestamp 1752084673724
[2025-07-09T18:11:14.353+0000] {spark_submit.py:644} INFO - 25/07/09 18:11:14 INFO SparkContext: Added JAR file:///opt/bitnami/spark/jars/aws-java-sdk-bundle-1.12.262.jar at spark://38b7408c68d7:34333/jars/aws-java-sdk-bundle-1.12.262.jar with timestamp 1752084673724
[2025-07-09T18:11:14.438+0000] {spark_submit.py:644} INFO - 25/07/09 18:11:14 INFO StandaloneAppClient$ClientEndpoint: Connecting to master spark://spark-master:7077...
[2025-07-09T18:11:14.482+0000] {spark_submit.py:644} INFO - 25/07/09 18:11:14 INFO TransportClientFactory: Successfully created connection to spark-master/172.19.0.5:7077 after 24 ms (0 ms spent in bootstraps)
[2025-07-09T18:11:14.582+0000] {spark_submit.py:644} INFO - 25/07/09 18:11:14 INFO StandaloneSchedulerBackend: Connected to Spark cluster with app ID app-20250709181114-0006
[2025-07-09T18:11:14.584+0000] {spark_submit.py:644} INFO - 25/07/09 18:11:14 INFO StandaloneAppClient$ClientEndpoint: Executor added: app-20250709181114-0006/0 on worker-20250709171731-172.19.0.7-37405 (172.19.0.7:37405) with 2 core(s)
[2025-07-09T18:11:14.586+0000] {spark_submit.py:644} INFO - 25/07/09 18:11:14 INFO StandaloneSchedulerBackend: Granted executor ID app-20250709181114-0006/0 on hostPort 172.19.0.7:37405 with 2 core(s), 1024.0 MiB RAM
[2025-07-09T18:11:14.590+0000] {spark_submit.py:644} INFO - 25/07/09 18:11:14 INFO Utils: Successfully started service 'org.apache.spark.network.netty.NettyBlockTransferService' on port 40529.
[2025-07-09T18:11:14.591+0000] {spark_submit.py:644} INFO - 25/07/09 18:11:14 INFO NettyBlockTransferService: Server created on 38b7408c68d7:40529
[2025-07-09T18:11:14.592+0000] {spark_submit.py:644} INFO - 25/07/09 18:11:14 INFO BlockManager: Using org.apache.spark.storage.RandomBlockReplicationPolicy for block replication policy
[2025-07-09T18:11:14.597+0000] {spark_submit.py:644} INFO - 25/07/09 18:11:14 INFO BlockManagerMaster: Registering BlockManager BlockManagerId(driver, 38b7408c68d7, 40529, None)
[2025-07-09T18:11:14.600+0000] {spark_submit.py:644} INFO - 25/07/09 18:11:14 INFO BlockManagerMasterEndpoint: Registering block manager 38b7408c68d7:40529 with 434.4 MiB RAM, BlockManagerId(driver, 38b7408c68d7, 40529, None)
[2025-07-09T18:11:14.602+0000] {spark_submit.py:644} INFO - 25/07/09 18:11:14 INFO BlockManagerMaster: Registered BlockManager BlockManagerId(driver, 38b7408c68d7, 40529, None)
[2025-07-09T18:11:14.603+0000] {spark_submit.py:644} INFO - 25/07/09 18:11:14 INFO BlockManager: Initialized BlockManager: BlockManagerId(driver, 38b7408c68d7, 40529, None)
[2025-07-09T18:11:14.673+0000] {spark_submit.py:644} INFO - 25/07/09 18:11:14 INFO StandaloneAppClient$ClientEndpoint: Executor updated: app-20250709181114-0006/0 is now RUNNING
[2025-07-09T18:11:14.795+0000] {spark_submit.py:644} INFO - 25/07/09 18:11:14 INFO StandaloneSchedulerBackend: SchedulerBackend is ready for scheduling beginning after reached minRegisteredResourcesRatio: 0.0
[2025-07-09T18:11:14.993+0000] {spark_submit.py:644} INFO - [PROCESS EXERCISES] ✅ Sessão Spark criada com sucesso
[2025-07-09T18:11:14.994+0000] {spark_submit.py:644} INFO - [PROCESS EXERCISES] ✅ Processador de exercícios inicializado
[2025-07-09T18:11:14.994+0000] {spark_submit.py:644} INFO - [PROCESS EXERCISES] 🔄 Criando namespace nessie.exercises
[2025-07-09T18:11:15.000+0000] {spark_submit.py:644} INFO - 25/07/09 18:11:14 INFO SharedState: Setting hive.metastore.warehouse.dir ('null') to the value of spark.sql.warehouse.dir.
[2025-07-09T18:11:15.002+0000] {spark_submit.py:644} INFO - 25/07/09 18:11:15 INFO SharedState: Warehouse path is 'file:/opt/airflow/spark-warehouse'.
[2025-07-09T18:11:17.121+0000] {spark_submit.py:644} INFO - 25/07/09 18:11:17 INFO CatalogUtil: Loading custom FileIO implementation: org.apache.iceberg.hadoop.HadoopFileIO
[2025-07-09T18:11:17.441+0000] {spark_submit.py:644} INFO - 25/07/09 18:11:17 INFO StandaloneSchedulerBackend$StandaloneDriverEndpoint: Registered executor NettyRpcEndpointRef(spark-client://Executor) (172.19.0.7:52334) with ID 0,  ResourceProfileId 0
[2025-07-09T18:11:17.515+0000] {spark_submit.py:644} INFO - 25/07/09 18:11:17 INFO BlockManagerMasterEndpoint: Registering block manager 172.19.0.7:42537 with 434.4 MiB RAM, BlockManagerId(0, 172.19.0.7, 42537, None)
[2025-07-09T18:11:19.032+0000] {spark_submit.py:644} INFO - [PROCESS EXERCISES] ✅ Namespace criado/verificado com sucesso
[2025-07-09T18:11:19.033+0000] {spark_submit.py:644} INFO - [PROCESS EXERCISES] 🔄 === FASE 1: PROCESSAMENTO DE DOCUMENTOS ===
[2025-07-09T18:11:19.034+0000] {spark_submit.py:644} INFO - [PROCESS EXERCISES] 🔄 Iniciando processamento de documentos PDF em lote
[2025-07-09T18:11:19.035+0000] {spark_submit.py:644} INFO - [PROCESS EXERCISES] ℹ️ Encontrados 1 documentos
[2025-07-09T18:11:19.035+0000] {spark_submit.py:644} INFO - [PROCESS EXERCISES] ℹ️ Processando 1 documentos PDF válidos
[2025-07-09T18:11:19.036+0000] {spark_submit.py:644} INFO - [PROCESS EXERCISES] ℹ️ Carregando documentos PDF: 1 arquivos
[2025-07-09T18:11:19.979+0000] {spark_submit.py:644} INFO - 25/07/09 18:11:19 WARN MetricsConfig: Cannot locate configuration: tried hadoop-metrics2-s3a-file-system.properties,hadoop-metrics2.properties
[2025-07-09T18:11:19.989+0000] {spark_submit.py:644} INFO - 25/07/09 18:11:19 INFO MetricsSystemImpl: Scheduled Metric snapshot period at 10 second(s).
[2025-07-09T18:11:19.990+0000] {spark_submit.py:644} INFO - 25/07/09 18:11:19 INFO MetricsSystemImpl: s3a-file-system metrics system started
[2025-07-09T18:11:27.441+0000] {spark_submit.py:644} INFO - 25/07/09 18:11:27 INFO InMemoryFileIndex: It took 46 ms to list leaf files for 1 paths.
[2025-07-09T18:11:27.819+0000] {spark_submit.py:644} INFO - 25/07/09 18:11:27 INFO FileSourceStrategy: Pushed Filters:
[2025-07-09T18:11:27.820+0000] {spark_submit.py:644} INFO - 25/07/09 18:11:27 INFO FileSourceStrategy: Post-Scan Filters:
[2025-07-09T18:11:28.219+0000] {spark_submit.py:644} INFO - 25/07/09 18:11:28 INFO CodeGenerator: Code generated in 152.286589 ms
[2025-07-09T18:11:28.261+0000] {spark_submit.py:644} INFO - 25/07/09 18:11:28 INFO MemoryStore: Block broadcast_0 stored as values in memory (estimated size 203.5 KiB, free 434.2 MiB)
[2025-07-09T18:11:28.310+0000] {spark_submit.py:644} INFO - 25/07/09 18:11:28 INFO MemoryStore: Block broadcast_0_piece0 stored as bytes in memory (estimated size 35.7 KiB, free 434.2 MiB)
[2025-07-09T18:11:28.313+0000] {spark_submit.py:644} INFO - 25/07/09 18:11:28 INFO BlockManagerInfo: Added broadcast_0_piece0 in memory on 38b7408c68d7:40529 (size: 35.7 KiB, free: 434.4 MiB)
[2025-07-09T18:11:28.317+0000] {spark_submit.py:644} INFO - 25/07/09 18:11:28 INFO SparkContext: Created broadcast 0 from collect at /opt/bitnami/spark/jobs/process_exercises_job.py:394
[2025-07-09T18:11:28.327+0000] {spark_submit.py:644} INFO - 25/07/09 18:11:28 INFO FileSourceScanExec: Planning scan with bin packing, max size: 4194304 bytes, open cost is considered as scanning 4194304 bytes.
[2025-07-09T18:11:28.539+0000] {spark_submit.py:644} INFO - 25/07/09 18:11:28 INFO SparkContext: Starting job: collect at /opt/bitnami/spark/jobs/process_exercises_job.py:394
[2025-07-09T18:11:28.551+0000] {spark_submit.py:644} INFO - 25/07/09 18:11:28 INFO DAGScheduler: Got job 0 (collect at /opt/bitnami/spark/jobs/process_exercises_job.py:394) with 1 output partitions
[2025-07-09T18:11:28.552+0000] {spark_submit.py:644} INFO - 25/07/09 18:11:28 INFO DAGScheduler: Final stage: ResultStage 0 (collect at /opt/bitnami/spark/jobs/process_exercises_job.py:394)
[2025-07-09T18:11:28.552+0000] {spark_submit.py:644} INFO - 25/07/09 18:11:28 INFO DAGScheduler: Parents of final stage: List()
[2025-07-09T18:11:28.553+0000] {spark_submit.py:644} INFO - 25/07/09 18:11:28 INFO DAGScheduler: Missing parents: List()
[2025-07-09T18:11:28.556+0000] {spark_submit.py:644} INFO - 25/07/09 18:11:28 INFO DAGScheduler: Submitting ResultStage 0 (MapPartitionsRDD[5] at collect at /opt/bitnami/spark/jobs/process_exercises_job.py:394), which has no missing parents
[2025-07-09T18:11:28.568+0000] {spark_submit.py:644} INFO - 25/07/09 18:11:28 INFO MemoryStore: Block broadcast_1 stored as values in memory (estimated size 27.8 KiB, free 434.1 MiB)
[2025-07-09T18:11:28.570+0000] {spark_submit.py:644} INFO - 25/07/09 18:11:28 INFO MemoryStore: Block broadcast_1_piece0 stored as bytes in memory (estimated size 13.8 KiB, free 434.1 MiB)
[2025-07-09T18:11:28.570+0000] {spark_submit.py:644} INFO - 25/07/09 18:11:28 INFO BlockManagerInfo: Added broadcast_1_piece0 in memory on 38b7408c68d7:40529 (size: 13.8 KiB, free: 434.4 MiB)
[2025-07-09T18:11:28.571+0000] {spark_submit.py:644} INFO - 25/07/09 18:11:28 INFO SparkContext: Created broadcast 1 from broadcast at DAGScheduler.scala:1585
[2025-07-09T18:11:28.583+0000] {spark_submit.py:644} INFO - 25/07/09 18:11:28 INFO DAGScheduler: Submitting 1 missing tasks from ResultStage 0 (MapPartitionsRDD[5] at collect at /opt/bitnami/spark/jobs/process_exercises_job.py:394) (first 15 tasks are for partitions Vector(0))
[2025-07-09T18:11:28.584+0000] {spark_submit.py:644} INFO - 25/07/09 18:11:28 INFO TaskSchedulerImpl: Adding task set 0.0 with 1 tasks resource profile 0
[2025-07-09T18:11:28.606+0000] {spark_submit.py:644} INFO - 25/07/09 18:11:28 INFO TaskSetManager: Starting task 0.0 in stage 0.0 (TID 0) (172.19.0.7, executor 0, partition 0, PROCESS_LOCAL, 10199 bytes)
[2025-07-09T18:11:28.799+0000] {spark_submit.py:644} INFO - 25/07/09 18:11:28 INFO BlockManagerInfo: Added broadcast_1_piece0 in memory on 172.19.0.7:42537 (size: 13.8 KiB, free: 434.4 MiB)
[2025-07-09T18:11:30.559+0000] {spark_submit.py:644} INFO - 25/07/09 18:11:30 INFO BlockManagerInfo: Added broadcast_0_piece0 in memory on 172.19.0.7:42537 (size: 35.7 KiB, free: 434.4 MiB)
[2025-07-09T18:11:34.825+0000] {spark_submit.py:644} INFO - 25/07/09 18:11:34 INFO TaskSetManager: Finished task 0.0 in stage 0.0 (TID 0) in 6228 ms on 172.19.0.7 (executor 0) (1/1)
[2025-07-09T18:11:34.827+0000] {spark_submit.py:644} INFO - 25/07/09 18:11:34 INFO TaskSchedulerImpl: Removed TaskSet 0.0, whose tasks have all completed, from pool
[2025-07-09T18:11:34.829+0000] {spark_submit.py:644} INFO - 25/07/09 18:11:34 INFO PythonAccumulatorV2: Connected to AccumulatorServer at host: 127.0.0.1 port: 38309
[2025-07-09T18:11:34.832+0000] {spark_submit.py:644} INFO - 25/07/09 18:11:34 INFO DAGScheduler: ResultStage 0 (collect at /opt/bitnami/spark/jobs/process_exercises_job.py:394) finished in 6.266 s
[2025-07-09T18:11:34.836+0000] {spark_submit.py:644} INFO - 25/07/09 18:11:34 INFO DAGScheduler: Job 0 is finished. Cancelling potential speculative or zombie tasks for this job
[2025-07-09T18:11:34.836+0000] {spark_submit.py:644} INFO - 25/07/09 18:11:34 INFO TaskSchedulerImpl: Killing all running tasks in stage 0: Stage finished
[2025-07-09T18:11:34.838+0000] {spark_submit.py:644} INFO - 25/07/09 18:11:34 INFO DAGScheduler: Job 0 finished: collect at /opt/bitnami/spark/jobs/process_exercises_job.py:394, took 6.302017 s
[2025-07-09T18:11:34.892+0000] {spark_submit.py:644} INFO - 25/07/09 18:11:34 INFO BlockManagerInfo: Removed broadcast_1_piece0 on 38b7408c68d7:40529 in memory (size: 13.8 KiB, free: 434.4 MiB)
[2025-07-09T18:11:34.896+0000] {spark_submit.py:644} INFO - 25/07/09 18:11:34 INFO BlockManagerInfo: Removed broadcast_1_piece0 on 172.19.0.7:42537 in memory (size: 13.8 KiB, free: 434.4 MiB)
[2025-07-09T18:11:34.954+0000] {spark_submit.py:644} INFO - [PROCESS EXERCISES] ✅ Documento processado com sucesso: Op Jacui IV - Ordem de Operacoes.pdf
[2025-07-09T18:11:34.954+0000] {spark_submit.py:644} INFO - [PROCESS EXERCISES] ✅ Processamento de documentos concluído em lote:
[2025-07-09T18:11:34.955+0000] {spark_submit.py:644} INFO - [PROCESS EXERCISES] ✅   • Total processados: 1
[2025-07-09T18:11:34.956+0000] {spark_submit.py:644} INFO - [PROCESS EXERCISES] ✅   • Sucessos: 1
[2025-07-09T18:11:34.956+0000] {spark_submit.py:644} INFO - [PROCESS EXERCISES] ✅   • Erros: 0
[2025-07-09T18:11:36.608+0000] {spark_submit.py:644} INFO - 25/07/09 18:11:36 INFO CodeGenerator: Code generated in 48.524211 ms
[2025-07-09T18:11:36.934+0000] {spark_submit.py:644} INFO - 25/07/09 18:11:36 INFO DAGScheduler: Registering RDD 12 (count at NativeMethodAccessorImpl.java:0) as input to shuffle 0
[2025-07-09T18:11:36.950+0000] {spark_submit.py:644} INFO - 25/07/09 18:11:36 INFO DAGScheduler: Got map stage job 1 (count at NativeMethodAccessorImpl.java:0) with 2 output partitions
[2025-07-09T18:11:36.951+0000] {spark_submit.py:644} INFO - 25/07/09 18:11:36 INFO DAGScheduler: Final stage: ShuffleMapStage 1 (count at NativeMethodAccessorImpl.java:0)
[2025-07-09T18:11:36.952+0000] {spark_submit.py:644} INFO - 25/07/09 18:11:36 INFO DAGScheduler: Parents of final stage: List()
[2025-07-09T18:11:36.952+0000] {spark_submit.py:644} INFO - 25/07/09 18:11:36 INFO DAGScheduler: Missing parents: List()
[2025-07-09T18:11:36.953+0000] {spark_submit.py:644} INFO - 25/07/09 18:11:36 INFO DAGScheduler: Submitting ShuffleMapStage 1 (MapPartitionsRDD[12] at count at NativeMethodAccessorImpl.java:0), which has no missing parents
[2025-07-09T18:11:37.027+0000] {spark_submit.py:644} INFO - 25/07/09 18:11:37 INFO MemoryStore: Block broadcast_2 stored as values in memory (estimated size 16.0 KiB, free 434.2 MiB)
[2025-07-09T18:11:37.092+0000] {spark_submit.py:644} INFO - 25/07/09 18:11:37 INFO MemoryStore: Block broadcast_2_piece0 stored as bytes in memory (estimated size 8.4 KiB, free 434.1 MiB)
[2025-07-09T18:11:37.093+0000] {spark_submit.py:644} INFO - 25/07/09 18:11:37 INFO BlockManagerInfo: Added broadcast_2_piece0 in memory on 38b7408c68d7:40529 (size: 8.4 KiB, free: 434.4 MiB)
[2025-07-09T18:11:37.093+0000] {spark_submit.py:644} INFO - 25/07/09 18:11:37 INFO SparkContext: Created broadcast 2 from broadcast at DAGScheduler.scala:1585
[2025-07-09T18:11:37.095+0000] {spark_submit.py:644} INFO - 25/07/09 18:11:37 INFO DAGScheduler: Submitting 2 missing tasks from ShuffleMapStage 1 (MapPartitionsRDD[12] at count at NativeMethodAccessorImpl.java:0) (first 15 tasks are for partitions Vector(0, 1))
[2025-07-09T18:11:37.096+0000] {spark_submit.py:644} INFO - 25/07/09 18:11:37 INFO TaskSchedulerImpl: Adding task set 1.0 with 2 tasks resource profile 0
[2025-07-09T18:11:37.100+0000] {spark_submit.py:644} INFO - 25/07/09 18:11:37 INFO TaskSetManager: Starting task 0.0 in stage 1.0 (TID 1) (172.19.0.7, executor 0, partition 0, PROCESS_LOCAL, 9487 bytes)
[2025-07-09T18:11:37.119+0000] {spark_submit.py:644} INFO - 25/07/09 18:11:37 INFO TaskSetManager: Starting task 1.0 in stage 1.0 (TID 2) (172.19.0.7, executor 0, partition 1, PROCESS_LOCAL, 26222 bytes)
[2025-07-09T18:11:37.139+0000] {spark_submit.py:644} INFO - 25/07/09 18:11:37 INFO BlockManagerInfo: Added broadcast_2_piece0 in memory on 172.19.0.7:42537 (size: 8.4 KiB, free: 434.4 MiB)
[2025-07-09T18:11:38.641+0000] {spark_submit.py:644} INFO - 25/07/09 18:11:38 INFO TaskSetManager: Finished task 0.0 in stage 1.0 (TID 1) in 1544 ms on 172.19.0.7 (executor 0) (1/2)
[2025-07-09T18:11:38.641+0000] {spark_submit.py:644} INFO - 25/07/09 18:11:38 INFO TaskSetManager: Finished task 1.0 in stage 1.0 (TID 2) in 1541 ms on 172.19.0.7 (executor 0) (2/2)
[2025-07-09T18:11:38.642+0000] {spark_submit.py:644} INFO - 25/07/09 18:11:38 INFO TaskSchedulerImpl: Removed TaskSet 1.0, whose tasks have all completed, from pool
[2025-07-09T18:11:38.644+0000] {spark_submit.py:644} INFO - 25/07/09 18:11:38 INFO DAGScheduler: ShuffleMapStage 1 (count at NativeMethodAccessorImpl.java:0) finished in 1.688 s
[2025-07-09T18:11:38.645+0000] {spark_submit.py:644} INFO - 25/07/09 18:11:38 INFO DAGScheduler: looking for newly runnable stages
[2025-07-09T18:11:38.646+0000] {spark_submit.py:644} INFO - 25/07/09 18:11:38 INFO DAGScheduler: running: Set()
[2025-07-09T18:11:38.646+0000] {spark_submit.py:644} INFO - 25/07/09 18:11:38 INFO DAGScheduler: waiting: Set()
[2025-07-09T18:11:38.647+0000] {spark_submit.py:644} INFO - 25/07/09 18:11:38 INFO DAGScheduler: failed: Set()
[2025-07-09T18:11:38.680+0000] {spark_submit.py:644} INFO - 25/07/09 18:11:38 INFO CodeGenerator: Code generated in 11.052972 ms
[2025-07-09T18:11:38.698+0000] {spark_submit.py:644} INFO - 25/07/09 18:11:38 INFO SparkContext: Starting job: count at NativeMethodAccessorImpl.java:0
[2025-07-09T18:11:38.701+0000] {spark_submit.py:644} INFO - 25/07/09 18:11:38 INFO DAGScheduler: Got job 2 (count at NativeMethodAccessorImpl.java:0) with 1 output partitions
[2025-07-09T18:11:38.701+0000] {spark_submit.py:644} INFO - 25/07/09 18:11:38 INFO DAGScheduler: Final stage: ResultStage 3 (count at NativeMethodAccessorImpl.java:0)
[2025-07-09T18:11:38.702+0000] {spark_submit.py:644} INFO - 25/07/09 18:11:38 INFO DAGScheduler: Parents of final stage: List(ShuffleMapStage 2)
[2025-07-09T18:11:38.703+0000] {spark_submit.py:644} INFO - 25/07/09 18:11:38 INFO DAGScheduler: Missing parents: List()
[2025-07-09T18:11:38.703+0000] {spark_submit.py:644} INFO - 25/07/09 18:11:38 INFO DAGScheduler: Submitting ResultStage 3 (MapPartitionsRDD[15] at count at NativeMethodAccessorImpl.java:0), which has no missing parents
[2025-07-09T18:11:38.708+0000] {spark_submit.py:644} INFO - 25/07/09 18:11:38 INFO MemoryStore: Block broadcast_3 stored as values in memory (estimated size 12.5 KiB, free 434.1 MiB)
[2025-07-09T18:11:38.747+0000] {spark_submit.py:644} INFO - 25/07/09 18:11:38 INFO MemoryStore: Block broadcast_3_piece0 stored as bytes in memory (estimated size 5.9 KiB, free 434.1 MiB)
[2025-07-09T18:11:38.747+0000] {spark_submit.py:644} INFO - 25/07/09 18:11:38 INFO BlockManagerInfo: Added broadcast_3_piece0 in memory on 38b7408c68d7:40529 (size: 5.9 KiB, free: 434.4 MiB)
[2025-07-09T18:11:38.748+0000] {spark_submit.py:644} INFO - 25/07/09 18:11:38 INFO SparkContext: Created broadcast 3 from broadcast at DAGScheduler.scala:1585
[2025-07-09T18:11:38.749+0000] {spark_submit.py:644} INFO - 25/07/09 18:11:38 INFO DAGScheduler: Submitting 1 missing tasks from ResultStage 3 (MapPartitionsRDD[15] at count at NativeMethodAccessorImpl.java:0) (first 15 tasks are for partitions Vector(0))
[2025-07-09T18:11:38.750+0000] {spark_submit.py:644} INFO - 25/07/09 18:11:38 INFO TaskSchedulerImpl: Adding task set 3.0 with 1 tasks resource profile 0
[2025-07-09T18:11:38.754+0000] {spark_submit.py:644} INFO - 25/07/09 18:11:38 INFO TaskSetManager: Starting task 0.0 in stage 3.0 (TID 3) (172.19.0.7, executor 0, partition 0, NODE_LOCAL, 9518 bytes)
[2025-07-09T18:11:38.772+0000] {spark_submit.py:644} INFO - 25/07/09 18:11:38 INFO BlockManagerInfo: Added broadcast_3_piece0 in memory on 172.19.0.7:42537 (size: 5.9 KiB, free: 434.4 MiB)
[2025-07-09T18:11:38.814+0000] {spark_submit.py:644} INFO - 25/07/09 18:11:38 INFO MapOutputTrackerMasterEndpoint: Asked to send map output locations for shuffle 0 to 172.19.0.7:52334
[2025-07-09T18:11:38.923+0000] {spark_submit.py:644} INFO - 25/07/09 18:11:38 INFO TaskSetManager: Finished task 0.0 in stage 3.0 (TID 3) in 170 ms on 172.19.0.7 (executor 0) (1/1)
[2025-07-09T18:11:38.924+0000] {spark_submit.py:644} INFO - 25/07/09 18:11:38 INFO TaskSchedulerImpl: Removed TaskSet 3.0, whose tasks have all completed, from pool
[2025-07-09T18:11:38.924+0000] {spark_submit.py:644} INFO - 25/07/09 18:11:38 INFO DAGScheduler: ResultStage 3 (count at NativeMethodAccessorImpl.java:0) finished in 0.217 s
[2025-07-09T18:11:38.925+0000] {spark_submit.py:644} INFO - 25/07/09 18:11:38 INFO DAGScheduler: Job 2 is finished. Cancelling potential speculative or zombie tasks for this job
[2025-07-09T18:11:38.926+0000] {spark_submit.py:644} INFO - 25/07/09 18:11:38 INFO TaskSchedulerImpl: Killing all running tasks in stage 3: Stage finished
[2025-07-09T18:11:38.926+0000] {spark_submit.py:644} INFO - 25/07/09 18:11:38 INFO DAGScheduler: Job 2 finished: count at NativeMethodAccessorImpl.java:0, took 0.226726 s
[2025-07-09T18:11:38.928+0000] {spark_submit.py:644} INFO - [PROCESS EXERCISES] ℹ️ Salvando 1 registros na tabela nessie.exercises.pdf_documents
[2025-07-09T18:11:38.997+0000] {spark_submit.py:644} INFO - 25/07/09 18:11:38 INFO BaseMetastoreTableOperations: Refreshing table metadata from new version: s3a://warehouse/exercises/pdf_documents_3f2f6938-06f1-4401-a884-d6a6de9720a0/metadata/00043-6080dc3d-fca4-4315-a937-44b5a84d9c45.metadata.json
[2025-07-09T18:11:39.169+0000] {spark_submit.py:644} INFO - 25/07/09 18:11:39 INFO NessieUtil: loadTableMetadata for 'exercises.pdf_documents' from location 's3a://warehouse/exercises/pdf_documents_3f2f6938-06f1-4401-a884-d6a6de9720a0/metadata/00043-6080dc3d-fca4-4315-a937-44b5a84d9c45.metadata.json' at 'Branch{name=main, metadata=null, hash=081c3423452908bd12923f03e36beb3204b599539dd23fa016101710ce3a6deb}'
[2025-07-09T18:11:39.189+0000] {spark_submit.py:644} INFO - 25/07/09 18:11:39 INFO BaseMetastoreCatalog: Table loaded by catalog: nessie.exercises.pdf_documents
[2025-07-09T18:11:42.378+0000] {spark_submit.py:644} INFO - 25/07/09 18:11:42 INFO BlockManagerInfo: Removed broadcast_3_piece0 on 38b7408c68d7:40529 in memory (size: 5.9 KiB, free: 434.4 MiB)
[2025-07-09T18:11:42.423+0000] {spark_submit.py:644} INFO - 25/07/09 18:11:42 INFO BlockManagerInfo: Removed broadcast_3_piece0 on 172.19.0.7:42537 in memory (size: 5.9 KiB, free: 434.4 MiB)
[2025-07-09T18:11:42.433+0000] {spark_submit.py:644} INFO - 25/07/09 18:11:42 INFO BlockManagerInfo: Removed broadcast_2_piece0 on 38b7408c68d7:40529 in memory (size: 8.4 KiB, free: 434.4 MiB)
[2025-07-09T18:11:42.435+0000] {spark_submit.py:644} INFO - 25/07/09 18:11:42 INFO BlockManagerInfo: Removed broadcast_2_piece0 on 172.19.0.7:42537 in memory (size: 8.4 KiB, free: 434.4 MiB)
[2025-07-09T18:11:43.204+0000] {spark_submit.py:644} INFO - 25/07/09 18:11:43 INFO CodeGenerator: Code generated in 29.070288 ms
[2025-07-09T18:11:43.208+0000] {spark_submit.py:644} INFO - [PROCESS EXERCISES] 🔄 Salvando tabela nessie.exercises.pdf_documents em modo append
[2025-07-09T18:11:43.333+0000] {spark_submit.py:644} INFO - 25/07/09 18:11:43 INFO SparkWrite: Requesting 0 bytes advisory partition size for table nessie.exercises.pdf_documents
[2025-07-09T18:11:43.334+0000] {spark_submit.py:644} INFO - 25/07/09 18:11:43 INFO SparkWrite: Requesting UnspecifiedDistribution as write distribution for table nessie.exercises.pdf_documents
[2025-07-09T18:11:43.335+0000] {spark_submit.py:644} INFO - 25/07/09 18:11:43 INFO SparkWrite: Requesting [] as write ordering for table nessie.exercises.pdf_documents
[2025-07-09T18:11:43.360+0000] {spark_submit.py:644} INFO - 25/07/09 18:11:43 INFO CodeGenerator: Code generated in 10.818273 ms
[2025-07-09T18:11:43.374+0000] {spark_submit.py:644} INFO - 25/07/09 18:11:43 INFO MemoryStore: Block broadcast_4 stored as values in memory (estimated size 32.0 KiB, free 434.1 MiB)
[2025-07-09T18:11:43.400+0000] {spark_submit.py:644} INFO - 25/07/09 18:11:43 INFO MemoryStore: Block broadcast_4_piece0 stored as bytes in memory (estimated size 30.1 KiB, free 434.1 MiB)
[2025-07-09T18:11:43.401+0000] {spark_submit.py:644} INFO - 25/07/09 18:11:43 INFO BlockManagerInfo: Added broadcast_4_piece0 in memory on 38b7408c68d7:40529 (size: 30.1 KiB, free: 434.3 MiB)
[2025-07-09T18:11:43.402+0000] {spark_submit.py:644} INFO - 25/07/09 18:11:43 INFO SparkContext: Created broadcast 4 from broadcast at SparkWrite.java:193
[2025-07-09T18:11:43.404+0000] {spark_submit.py:644} INFO - 25/07/09 18:11:43 INFO AppendDataExec: Start processing data source write support: IcebergBatchWrite(table=nessie.exercises.pdf_documents, format=PARQUET). The input RDD has 2 partitions.
[2025-07-09T18:11:43.425+0000] {spark_submit.py:644} INFO - 25/07/09 18:11:43 INFO SparkContext: Starting job: saveAsTable at NativeMethodAccessorImpl.java:0
[2025-07-09T18:11:43.426+0000] {spark_submit.py:644} INFO - 25/07/09 18:11:43 INFO DAGScheduler: Got job 3 (saveAsTable at NativeMethodAccessorImpl.java:0) with 2 output partitions
[2025-07-09T18:11:43.427+0000] {spark_submit.py:644} INFO - 25/07/09 18:11:43 INFO DAGScheduler: Final stage: ResultStage 4 (saveAsTable at NativeMethodAccessorImpl.java:0)
[2025-07-09T18:11:43.427+0000] {spark_submit.py:644} INFO - 25/07/09 18:11:43 INFO DAGScheduler: Parents of final stage: List()
[2025-07-09T18:11:43.428+0000] {spark_submit.py:644} INFO - 25/07/09 18:11:43 INFO DAGScheduler: Missing parents: List()
[2025-07-09T18:11:43.429+0000] {spark_submit.py:644} INFO - 25/07/09 18:11:43 INFO DAGScheduler: Submitting ResultStage 4 (MapPartitionsRDD[16] at saveAsTable at NativeMethodAccessorImpl.java:0), which has no missing parents
[2025-07-09T18:11:43.430+0000] {spark_submit.py:644} INFO - 25/07/09 18:11:43 INFO MemoryStore: Block broadcast_5 stored as values in memory (estimated size 15.1 KiB, free 434.1 MiB)
[2025-07-09T18:11:43.431+0000] {spark_submit.py:644} INFO - 25/07/09 18:11:43 INFO MemoryStore: Block broadcast_5_piece0 stored as bytes in memory (estimated size 7.8 KiB, free 434.1 MiB)
[2025-07-09T18:11:43.432+0000] {spark_submit.py:644} INFO - 25/07/09 18:11:43 INFO BlockManagerInfo: Added broadcast_5_piece0 in memory on 38b7408c68d7:40529 (size: 7.8 KiB, free: 434.3 MiB)
[2025-07-09T18:11:43.433+0000] {spark_submit.py:644} INFO - 25/07/09 18:11:43 INFO SparkContext: Created broadcast 5 from broadcast at DAGScheduler.scala:1585
[2025-07-09T18:11:43.433+0000] {spark_submit.py:644} INFO - 25/07/09 18:11:43 INFO DAGScheduler: Submitting 2 missing tasks from ResultStage 4 (MapPartitionsRDD[16] at saveAsTable at NativeMethodAccessorImpl.java:0) (first 15 tasks are for partitions Vector(0, 1))
[2025-07-09T18:11:43.434+0000] {spark_submit.py:644} INFO - 25/07/09 18:11:43 INFO TaskSchedulerImpl: Adding task set 4.0 with 2 tasks resource profile 0
[2025-07-09T18:11:43.435+0000] {spark_submit.py:644} INFO - 25/07/09 18:11:43 INFO TaskSetManager: Starting task 0.0 in stage 4.0 (TID 4) (172.19.0.7, executor 0, partition 0, PROCESS_LOCAL, 9498 bytes)
[2025-07-09T18:11:43.436+0000] {spark_submit.py:644} INFO - 25/07/09 18:11:43 INFO TaskSetManager: Starting task 1.0 in stage 4.0 (TID 5) (172.19.0.7, executor 0, partition 1, PROCESS_LOCAL, 26233 bytes)
[2025-07-09T18:11:43.450+0000] {spark_submit.py:644} INFO - 25/07/09 18:11:43 INFO BlockManagerInfo: Added broadcast_5_piece0 in memory on 172.19.0.7:42537 (size: 7.8 KiB, free: 434.4 MiB)
[2025-07-09T18:11:43.599+0000] {spark_submit.py:644} INFO - 25/07/09 18:11:43 INFO BlockManagerInfo: Added broadcast_4_piece0 in memory on 172.19.0.7:42537 (size: 30.1 KiB, free: 434.3 MiB)
[2025-07-09T18:11:45.848+0000] {spark_submit.py:644} INFO - 25/07/09 18:11:45 INFO TaskSetManager: Finished task 0.0 in stage 4.0 (TID 4) in 2413 ms on 172.19.0.7 (executor 0) (1/2)
[2025-07-09T18:11:47.113+0000] {spark_submit.py:644} INFO - 25/07/09 18:11:47 INFO TaskSetManager: Finished task 1.0 in stage 4.0 (TID 5) in 3676 ms on 172.19.0.7 (executor 0) (2/2)
[2025-07-09T18:11:47.113+0000] {spark_submit.py:644} INFO - 25/07/09 18:11:47 INFO TaskSchedulerImpl: Removed TaskSet 4.0, whose tasks have all completed, from pool
[2025-07-09T18:11:47.114+0000] {spark_submit.py:644} INFO - 25/07/09 18:11:47 INFO DAGScheduler: ResultStage 4 (saveAsTable at NativeMethodAccessorImpl.java:0) finished in 3.686 s
[2025-07-09T18:11:47.115+0000] {spark_submit.py:644} INFO - 25/07/09 18:11:47 INFO DAGScheduler: Job 3 is finished. Cancelling potential speculative or zombie tasks for this job
[2025-07-09T18:11:47.115+0000] {spark_submit.py:644} INFO - 25/07/09 18:11:47 INFO TaskSchedulerImpl: Killing all running tasks in stage 4: Stage finished
[2025-07-09T18:11:47.116+0000] {spark_submit.py:644} INFO - 25/07/09 18:11:47 INFO DAGScheduler: Job 3 finished: saveAsTable at NativeMethodAccessorImpl.java:0, took 3.689883 s
[2025-07-09T18:11:47.116+0000] {spark_submit.py:644} INFO - 25/07/09 18:11:47 INFO AppendDataExec: Data source write support IcebergBatchWrite(table=nessie.exercises.pdf_documents, format=PARQUET) is committing.
[2025-07-09T18:11:47.169+0000] {spark_submit.py:644} INFO - 25/07/09 18:11:47 INFO SparkWrite: Committing append with 1 new data files to table nessie.exercises.pdf_documents
[2025-07-09T18:11:49.153+0000] {spark_submit.py:644} INFO - 25/07/09 18:11:49 INFO NessieIcebergClient: Committed 'exercises.pdf_documents' against 'Branch{name=main, metadata=null, hash=1ce169322ac8b9a174b7a6ac8f52a5efd5667479529c453ae01ca8014f561acd}', expected commit-id was '081c3423452908bd12923f03e36beb3204b599539dd23fa016101710ce3a6deb'
[2025-07-09T18:11:49.154+0000] {spark_submit.py:644} INFO - 25/07/09 18:11:49 INFO BaseMetastoreTableOperations: Successfully committed to table exercises.pdf_documents in 363 ms
[2025-07-09T18:11:49.154+0000] {spark_submit.py:644} INFO - 25/07/09 18:11:49 INFO SnapshotProducer: Committed snapshot 4109494876379533438 (MergeAppend)
[2025-07-09T18:11:49.190+0000] {spark_submit.py:644} INFO - 25/07/09 18:11:49 INFO BaseMetastoreTableOperations: Refreshing table metadata from new version: s3a://warehouse/exercises/pdf_documents_3f2f6938-06f1-4401-a884-d6a6de9720a0/metadata/00044-b35037de-2773-49f2-bf91-5bd9d05cf3ec.metadata.json
[2025-07-09T18:11:49.204+0000] {spark_submit.py:644} INFO - 25/07/09 18:11:49 INFO NessieUtil: loadTableMetadata for 'exercises.pdf_documents' from location 's3a://warehouse/exercises/pdf_documents_3f2f6938-06f1-4401-a884-d6a6de9720a0/metadata/00044-b35037de-2773-49f2-bf91-5bd9d05cf3ec.metadata.json' at 'Branch{name=main, metadata=null, hash=1ce169322ac8b9a174b7a6ac8f52a5efd5667479529c453ae01ca8014f561acd}'
[2025-07-09T18:11:49.235+0000] {spark_submit.py:644} INFO - 25/07/09 18:11:49 INFO BlockManagerInfo: Removed broadcast_5_piece0 on 38b7408c68d7:40529 in memory (size: 7.8 KiB, free: 434.3 MiB)
[2025-07-09T18:11:49.238+0000] {spark_submit.py:644} INFO - 25/07/09 18:11:49 INFO BlockManagerInfo: Removed broadcast_5_piece0 on 172.19.0.7:42537 in memory (size: 7.8 KiB, free: 434.3 MiB)
[2025-07-09T18:11:49.253+0000] {spark_submit.py:644} INFO - 25/07/09 18:11:49 INFO LoggingMetricsReporter: Received metrics report: CommitReport{tableName=nessie.exercises.pdf_documents, snapshotId=4109494876379533438, sequenceNumber=45, operation=append, commitMetrics=CommitMetricsResult{totalDuration=TimerResult{timeUnit=NANOSECONDS, totalDuration=PT1.988488063S, count=1}, attempts=CounterResult{unit=COUNT, value=1}, addedDataFiles=CounterResult{unit=COUNT, value=1}, removedDataFiles=null, totalDataFiles=CounterResult{unit=COUNT, value=45}, addedDeleteFiles=null, addedEqualityDeleteFiles=null, addedPositionalDeleteFiles=null, addedDVs=null, removedDeleteFiles=null, removedEqualityDeleteFiles=null, removedPositionalDeleteFiles=null, removedDVs=null, totalDeleteFiles=CounterResult{unit=COUNT, value=0}, addedRecords=CounterResult{unit=COUNT, value=1}, removedRecords=null, totalRecords=CounterResult{unit=COUNT, value=45}, addedFilesSizeInBytes=CounterResult{unit=BYTES, value=8850}, removedFilesSizeInBytes=null, totalFilesSizeInBytes=CounterResult{unit=BYTES, value=349460}, addedPositionalDeletes=null, removedPositionalDeletes=null, totalPositionalDeletes=CounterResult{unit=COUNT, value=0}, addedEqualityDeletes=null, removedEqualityDeletes=null, totalEqualityDeletes=CounterResult{unit=COUNT, value=0}}, metadata={engine-version=3.5.5, app-id=app-20250709181114-0006, engine-name=spark, iceberg-version=Apache Iceberg 1.8.1 (commit 9ce0fcf0af7becf25ad9fc996c3bad2afdcfd33d)}}
[2025-07-09T18:11:49.254+0000] {spark_submit.py:644} INFO - 25/07/09 18:11:49 INFO SparkWrite: Committed in 2083 ms
[2025-07-09T18:11:49.255+0000] {spark_submit.py:644} INFO - 25/07/09 18:11:49 INFO AppendDataExec: Data source write support IcebergBatchWrite(table=nessie.exercises.pdf_documents, format=PARQUET) committed.
[2025-07-09T18:11:49.256+0000] {spark_submit.py:644} INFO - [PROCESS EXERCISES] ✅ Tabela nessie.exercises.pdf_documents salva com sucesso (1 registros)
[2025-07-09T18:11:49.257+0000] {spark_submit.py:644} INFO - [PROCESS EXERCISES] 🔄 === FASE 2: PROCESSAMENTO DE SIMULAÇÕES ===
[2025-07-09T18:11:49.258+0000] {spark_submit.py:644} INFO - [PROCESS EXERCISES] 🔄 Iniciando processamento de simulações
[2025-07-09T18:11:49.258+0000] {spark_submit.py:644} INFO - [PROCESS EXERCISES] ℹ️ Buscando arquivos de simulação em: exercises/CA-LESTE-construtiva-4455-2025-07-08/simulations/172.19.0.14_2025-07-08
[2025-07-09T18:11:49.259+0000] {spark_submit.py:644} INFO - [PROCESS EXERCISES] ℹ️ Buscando arquivos em: s3a://bronze/exercises/CA-LESTE-construtiva-4455-2025-07-08/simulations/172.19.0.14_2025-07-08/
[2025-07-09T18:11:49.294+0000] {spark_submit.py:644} INFO - 25/07/09 18:11:49 INFO InMemoryFileIndex: It took 8 ms to list leaf files for 1 paths.
[2025-07-09T18:11:49.340+0000] {spark_submit.py:644} INFO - 25/07/09 18:11:49 INFO FileSourceStrategy: Pushed Filters:
[2025-07-09T18:11:49.341+0000] {spark_submit.py:644} INFO - 25/07/09 18:11:49 INFO FileSourceStrategy: Post-Scan Filters:
[2025-07-09T18:11:49.346+0000] {spark_submit.py:644} INFO - 25/07/09 18:11:49 INFO MemoryStore: Block broadcast_6 stored as values in memory (estimated size 203.7 KiB, free 433.9 MiB)
[2025-07-09T18:11:49.365+0000] {spark_submit.py:644} INFO - 25/07/09 18:11:49 INFO MemoryStore: Block broadcast_6_piece0 stored as bytes in memory (estimated size 35.7 KiB, free 433.9 MiB)
[2025-07-09T18:11:49.366+0000] {spark_submit.py:644} INFO - 25/07/09 18:11:49 INFO BlockManagerInfo: Added broadcast_6_piece0 in memory on 38b7408c68d7:40529 (size: 35.7 KiB, free: 434.3 MiB)
[2025-07-09T18:11:49.367+0000] {spark_submit.py:644} INFO - 25/07/09 18:11:49 INFO SparkContext: Created broadcast 6 from collect at /opt/bitnami/spark/jobs/process_exercises_job.py:770
[2025-07-09T18:11:49.368+0000] {spark_submit.py:644} INFO - 25/07/09 18:11:49 INFO FileSourceScanExec: Planning scan with bin packing, max size: 10487738 bytes, open cost is considered as scanning 4194304 bytes.
[2025-07-09T18:11:49.379+0000] {spark_submit.py:644} INFO - 25/07/09 18:11:49 INFO SparkContext: Starting job: collect at /opt/bitnami/spark/jobs/process_exercises_job.py:770
[2025-07-09T18:11:49.380+0000] {spark_submit.py:644} INFO - 25/07/09 18:11:49 INFO DAGScheduler: Got job 4 (collect at /opt/bitnami/spark/jobs/process_exercises_job.py:770) with 2 output partitions
[2025-07-09T18:11:49.381+0000] {spark_submit.py:644} INFO - 25/07/09 18:11:49 INFO DAGScheduler: Final stage: ResultStage 5 (collect at /opt/bitnami/spark/jobs/process_exercises_job.py:770)
[2025-07-09T18:11:49.381+0000] {spark_submit.py:644} INFO - 25/07/09 18:11:49 INFO DAGScheduler: Parents of final stage: List()
[2025-07-09T18:11:49.382+0000] {spark_submit.py:644} INFO - 25/07/09 18:11:49 INFO DAGScheduler: Missing parents: List()
[2025-07-09T18:11:49.382+0000] {spark_submit.py:644} INFO - 25/07/09 18:11:49 INFO DAGScheduler: Submitting ResultStage 5 (MapPartitionsRDD[19] at collect at /opt/bitnami/spark/jobs/process_exercises_job.py:770), which has no missing parents
[2025-07-09T18:11:49.383+0000] {spark_submit.py:644} INFO - 25/07/09 18:11:49 INFO MemoryStore: Block broadcast_7 stored as values in memory (estimated size 9.4 KiB, free 433.9 MiB)
[2025-07-09T18:11:49.384+0000] {spark_submit.py:644} INFO - 25/07/09 18:11:49 INFO MemoryStore: Block broadcast_7_piece0 stored as bytes in memory (estimated size 4.7 KiB, free 433.9 MiB)
[2025-07-09T18:11:49.385+0000] {spark_submit.py:644} INFO - 25/07/09 18:11:49 INFO BlockManagerInfo: Added broadcast_7_piece0 in memory on 38b7408c68d7:40529 (size: 4.7 KiB, free: 434.3 MiB)
[2025-07-09T18:11:49.423+0000] {spark_submit.py:644} INFO - 25/07/09 18:11:49 INFO SparkContext: Created broadcast 7 from broadcast at DAGScheduler.scala:1585
[2025-07-09T18:11:49.424+0000] {spark_submit.py:644} INFO - 25/07/09 18:11:49 INFO DAGScheduler: Submitting 2 missing tasks from ResultStage 5 (MapPartitionsRDD[19] at collect at /opt/bitnami/spark/jobs/process_exercises_job.py:770) (first 15 tasks are for partitions Vector(0, 1))
[2025-07-09T18:11:49.425+0000] {spark_submit.py:644} INFO - 25/07/09 18:11:49 INFO TaskSchedulerImpl: Adding task set 5.0 with 2 tasks resource profile 0
[2025-07-09T18:11:49.426+0000] {spark_submit.py:644} INFO - 25/07/09 18:11:49 INFO TaskSetManager: Starting task 0.0 in stage 5.0 (TID 6) (172.19.0.7, executor 0, partition 0, PROCESS_LOCAL, 10561 bytes)
[2025-07-09T18:11:49.427+0000] {spark_submit.py:644} INFO - 25/07/09 18:11:49 INFO TaskSetManager: Starting task 1.0 in stage 5.0 (TID 7) (172.19.0.7, executor 0, partition 1, PROCESS_LOCAL, 10385 bytes)
[2025-07-09T18:11:49.440+0000] {spark_submit.py:644} INFO - 25/07/09 18:11:49 INFO BlockManagerInfo: Added broadcast_7_piece0 in memory on 172.19.0.7:42537 (size: 4.7 KiB, free: 434.3 MiB)
[2025-07-09T18:11:49.471+0000] {spark_submit.py:644} INFO - 25/07/09 18:11:49 INFO BlockManagerInfo: Removed broadcast_4_piece0 on 38b7408c68d7:40529 in memory (size: 30.1 KiB, free: 434.3 MiB)
[2025-07-09T18:11:49.473+0000] {spark_submit.py:644} INFO - 25/07/09 18:11:49 INFO BlockManagerInfo: Removed broadcast_4_piece0 on 172.19.0.7:42537 in memory (size: 30.1 KiB, free: 434.4 MiB)
[2025-07-09T18:11:49.524+0000] {spark_submit.py:644} INFO - 25/07/09 18:11:49 INFO BlockManagerInfo: Added broadcast_6_piece0 in memory on 172.19.0.7:42537 (size: 35.7 KiB, free: 434.3 MiB)
[2025-07-09T18:11:49.557+0000] {spark_submit.py:644} INFO - 25/07/09 18:11:49 INFO TaskSetManager: Finished task 1.0 in stage 5.0 (TID 7) in 131 ms on 172.19.0.7 (executor 0) (1/2)
[2025-07-09T18:11:49.559+0000] {spark_submit.py:644} INFO - 25/07/09 18:11:49 INFO TaskSetManager: Finished task 0.0 in stage 5.0 (TID 6) in 134 ms on 172.19.0.7 (executor 0) (2/2)
[2025-07-09T18:11:49.559+0000] {spark_submit.py:644} INFO - 25/07/09 18:11:49 INFO TaskSchedulerImpl: Removed TaskSet 5.0, whose tasks have all completed, from pool
[2025-07-09T18:11:49.560+0000] {spark_submit.py:644} INFO - 25/07/09 18:11:49 INFO DAGScheduler: ResultStage 5 (collect at /opt/bitnami/spark/jobs/process_exercises_job.py:770) finished in 0.178 s
[2025-07-09T18:11:49.561+0000] {spark_submit.py:644} INFO - 25/07/09 18:11:49 INFO DAGScheduler: Job 4 is finished. Cancelling potential speculative or zombie tasks for this job
[2025-07-09T18:11:49.561+0000] {spark_submit.py:644} INFO - 25/07/09 18:11:49 INFO TaskSchedulerImpl: Killing all running tasks in stage 5: Stage finished
[2025-07-09T18:11:49.562+0000] {spark_submit.py:644} INFO - 25/07/09 18:11:49 INFO DAGScheduler: Job 4 finished: collect at /opt/bitnami/spark/jobs/process_exercises_job.py:770, took 0.181104 s
[2025-07-09T18:11:49.566+0000] {spark_submit.py:644} INFO - [PROCESS EXERCISES] ℹ️ Encontrados 4 arquivos Protobuf (.pb)
[2025-07-09T18:11:49.566+0000] {spark_submit.py:644} INFO - [PROCESS EXERCISES] ℹ️ Encontrados 4 arquivos do tipo PROTO
[2025-07-09T18:11:49.567+0000] {spark_submit.py:644} INFO - [PROCESS EXERCISES] 🔄 Processando 4 arquivos Protobuf em lote
[2025-07-09T18:11:49.567+0000] {spark_submit.py:644} INFO - [PROCESS EXERCISES] ℹ️ Carregando arquivos Protobuf: s3a://bronze/exercises/CA-LESTE-construtiva-4455-2025-07-08/simulations/172.19.0.14_2025-07-08/19-49.46/session-proto_3.pb,s3a://bronze/exercises/CA-LESTE-construtiva-4455-2025-07-08/simulations/172.19.0.14_2025-07-08/19-49.46/session-proto_4.pb,s3a://bronze/exercises/CA-LESTE-construtiva-4455-2025-07-08/simulations/172.19.0.14_2025-07-08/19-49.46/session-proto_2.pb,s3a://bronze/exercises/CA-LESTE-construtiva-4455-2025-07-08/simulations/172.19.0.14_2025-07-08/19-49.46/session-proto_1.pb
[2025-07-09T18:11:49.792+0000] {spark_submit.py:644} INFO - [PROCESS EXERCISES] ❌ Erro crítico ao processar arquivos Protobuf em lote: [PATH_NOT_FOUND] Path does not exist: s3a://bronze/exercises/CA-LESTE-construtiva-4455-2025-07-08/simulations/172.19.0.14_2025-07-08/19-49.46/session-proto_3.pb,s3a:/bronze/exercises/CA-LESTE-construtiva-4455-2025-07-08/simulations/172.19.0.14_2025-07-08/19-49.46/session-proto_4.pb,s3a:/bronze/exercises/CA-LESTE-construtiva-4455-2025-07-08/simulations/172.19.0.14_2025-07-08/19-49.46/session-proto_2.pb,s3a:/bronze/exercises/CA-LESTE-construtiva-4455-2025-07-08/simulations/172.19.0.14_2025-07-08/19-49.46/session-proto_1.pb.
[2025-07-09T18:11:49.796+0000] {spark_submit.py:644} INFO - [PROCESS EXERCISES] ❌ Erro crítico no processamento de simulações: Falha no processamento Protobuf em lote: [PATH_NOT_FOUND] Path does not exist: s3a://bronze/exercises/CA-LESTE-construtiva-4455-2025-07-08/simulations/172.19.0.14_2025-07-08/19-49.46/session-proto_3.pb,s3a:/bronze/exercises/CA-LESTE-construtiva-4455-2025-07-08/simulations/172.19.0.14_2025-07-08/19-49.46/session-proto_4.pb,s3a:/bronze/exercises/CA-LESTE-construtiva-4455-2025-07-08/simulations/172.19.0.14_2025-07-08/19-49.46/session-proto_2.pb,s3a:/bronze/exercises/CA-LESTE-construtiva-4455-2025-07-08/simulations/172.19.0.14_2025-07-08/19-49.46/session-proto_1.pb.
[2025-07-09T18:11:49.797+0000] {spark_submit.py:644} INFO - [PROCESS EXERCISES] ❌ Erro crítico durante o processamento: Falha no processamento de simulações: Falha no processamento Protobuf em lote: [PATH_NOT_FOUND] Path does not exist: s3a://bronze/exercises/CA-LESTE-construtiva-4455-2025-07-08/simulations/172.19.0.14_2025-07-08/19-49.46/session-proto_3.pb,s3a:/bronze/exercises/CA-LESTE-construtiva-4455-2025-07-08/simulations/172.19.0.14_2025-07-08/19-49.46/session-proto_4.pb,s3a:/bronze/exercises/CA-LESTE-construtiva-4455-2025-07-08/simulations/172.19.0.14_2025-07-08/19-49.46/session-proto_2.pb,s3a:/bronze/exercises/CA-LESTE-construtiva-4455-2025-07-08/simulations/172.19.0.14_2025-07-08/19-49.46/session-proto_1.pb.
[2025-07-09T18:11:49.797+0000] {spark_submit.py:644} INFO - [PROCESS EXERCISES] 🔄 Finalizando sessão Spark
[2025-07-09T18:11:49.822+0000] {spark_submit.py:644} INFO - 25/07/09 18:11:49 INFO SparkContext: SparkContext is stopping with exitCode 0.
[2025-07-09T18:11:49.846+0000] {spark_submit.py:644} INFO - 25/07/09 18:11:49 INFO SparkUI: Stopped Spark web UI at http://38b7408c68d7:4040
[2025-07-09T18:11:49.849+0000] {spark_submit.py:644} INFO - 25/07/09 18:11:49 INFO StandaloneSchedulerBackend: Shutting down all executors
[2025-07-09T18:11:49.850+0000] {spark_submit.py:644} INFO - 25/07/09 18:11:49 INFO StandaloneSchedulerBackend$StandaloneDriverEndpoint: Asking each executor to shut down
[2025-07-09T18:11:49.880+0000] {spark_submit.py:644} INFO - 25/07/09 18:11:49 INFO MapOutputTrackerMasterEndpoint: MapOutputTrackerMasterEndpoint stopped!
[2025-07-09T18:11:49.909+0000] {spark_submit.py:644} INFO - 25/07/09 18:11:49 INFO MemoryStore: MemoryStore cleared
[2025-07-09T18:11:49.910+0000] {spark_submit.py:644} INFO - 25/07/09 18:11:49 INFO BlockManager: BlockManager stopped
[2025-07-09T18:11:49.912+0000] {spark_submit.py:644} INFO - 25/07/09 18:11:49 INFO BlockManagerMaster: BlockManagerMaster stopped
[2025-07-09T18:11:49.914+0000] {spark_submit.py:644} INFO - 25/07/09 18:11:49 INFO OutputCommitCoordinator$OutputCommitCoordinatorEndpoint: OutputCommitCoordinator stopped!
[2025-07-09T18:11:49.929+0000] {spark_submit.py:644} INFO - 25/07/09 18:11:49 INFO SparkContext: Successfully stopped SparkContext
[2025-07-09T18:11:50.120+0000] {spark_submit.py:644} INFO - [PROCESS EXERCISES] ✅ Sessão Spark finalizada com sucesso
[2025-07-09T18:11:50.199+0000] {spark_submit.py:644} INFO - 25/07/09 18:11:50 INFO ShutdownHookManager: Shutdown hook called
[2025-07-09T18:11:50.199+0000] {spark_submit.py:644} INFO - 25/07/09 18:11:50 INFO ShutdownHookManager: Deleting directory /tmp/spark-48dc85ed-9c0a-4316-b405-00e193a06a8d/pyspark-6e363564-d137-4657-a90c-011906afabe1
[2025-07-09T18:11:50.203+0000] {spark_submit.py:644} INFO - 25/07/09 18:11:50 INFO ShutdownHookManager: Deleting directory /tmp/spark-48dc85ed-9c0a-4316-b405-00e193a06a8d
[2025-07-09T18:11:50.208+0000] {spark_submit.py:644} INFO - 25/07/09 18:11:50 INFO ShutdownHookManager: Deleting directory /tmp/spark-2643a877-a302-47a8-8d33-140a2df6c378
[2025-07-09T18:11:50.216+0000] {spark_submit.py:644} INFO - 25/07/09 18:11:50 INFO MetricsSystemImpl: Stopping s3a-file-system metrics system...
[2025-07-09T18:11:50.216+0000] {spark_submit.py:644} INFO - 25/07/09 18:11:50 INFO MetricsSystemImpl: s3a-file-system metrics system stopped.
[2025-07-09T18:11:50.217+0000] {spark_submit.py:644} INFO - 25/07/09 18:11:50 INFO MetricsSystemImpl: s3a-file-system metrics system shutdown complete.
[2025-07-09T18:11:50.606+0000] {taskinstance.py:3336} ERROR - Task failed with exception
Traceback (most recent call last):
  File "/home/airflow/.local/lib/python3.12/site-packages/airflow/models/taskinstance.py", line 776, in _execute_task
    result = _execute_callable(context=context, **execute_callable_kwargs)
             ^^^^^^^^^^^^^^^^^^^^^^^^^^^^^^^^^^^^^^^^^^^^^^^^^^^^^^^^^^^^^
  File "/home/airflow/.local/lib/python3.12/site-packages/airflow/models/taskinstance.py", line 742, in _execute_callable
    return ExecutionCallableRunner(
           ^^^^^^^^^^^^^^^^^^^^^^^^
  File "/home/airflow/.local/lib/python3.12/site-packages/airflow/utils/operator_helpers.py", line 252, in run
    return self.func(*args, **kwargs)
           ^^^^^^^^^^^^^^^^^^^^^^^^^^
  File "/home/airflow/.local/lib/python3.12/site-packages/airflow/models/baseoperator.py", line 424, in wrapper
    return func(self, *args, **kwargs)
           ^^^^^^^^^^^^^^^^^^^^^^^^^^^
  File "/home/airflow/.local/lib/python3.12/site-packages/airflow/providers/apache/spark/operators/spark_submit.py", line 197, in execute
    self._hook.submit(self.application)
  File "/home/airflow/.local/lib/python3.12/site-packages/airflow/providers/apache/spark/hooks/spark_submit.py", line 566, in submit
    raise AirflowException(
airflow.exceptions.AirflowException: Cannot execute: spark-submit --master spark://spark-master:7077 --jars /opt/bitnami/spark/jars/iceberg-spark-runtime-3.5_2.12-1.8.1.jar,/opt/bitnami/spark/jars/nessie-spark-extensions-3.5_2.12-0.103.2.jar,/opt/bitnami/spark/jars/nessie-client-0.103.2.jar,/opt/bitnami/spark/jars/hadoop-aws-3.3.2.jar,/opt/bitnami/spark/jars/aws-java-sdk-bundle-1.12.262.jar, --name arrow-spark --deploy-mode client /opt/bitnami/spark/jobs/process_exercises_job.py {"id": "CA-LESTE-construtiva-4455-2025-07-08", "manifest_entry": {"data": {"createdAt": "2025-07-08T19:50:09.281Z", "origin": "CA-LESTE", "path": "exercises/CA-LESTE-construtiva-4455-2025-07-08"}, "id": "CA-LESTE-construtiva-4455-2025-07-08"}, "metadata": {"createdAt": "2025-07-08T19:50:09.281Z", "description": "4455", "documents": [{"description": "", "id": "1752004297308", "mimetype": "application/pdf", "name": "Op Jacui IV - Ordem de Operacoes.pdf", "path": "exercises/CA-LESTE-construtiva-4455-2025-07-08/documents/Op Jacui IV - Ordem de Operacoes.pdf", "size": 336744, "uploadedAt": "2025-07-08T19:51:37.308Z"}], "endDate": "2025-07-22", "id": "CA-LESTE-construtiva-4455-2025-07-08", "name": "Jogo de Guerra", "origin": "CA-LESTE", "simulationType": "construtiva", "simulations": [{"id": "172.19.0.14_2025-07-08", "movedAt": "2025-07-08T19:51:46.649Z", "name": "172.19.0.14_2025-07-08", "originalPath": "staging/172.19.0.14_2025-07-08", "path": "exercises/CA-LESTE-construtiva-4455-2025-07-08/simulations/172.19.0.14_2025-07-08"}], "startDate": "2025-07-15", "trainedForce": "4455", "updatedAt": "2025-07-08T19:51:46.649Z", "wikiUrl": ""}}. Error code is: 1.
[2025-07-09T18:11:50.637+0000] {taskinstance.py:1242} INFO - Marking task as FAILED. dag_id=process_exercises, task_id=process_exercises, run_id=manual__2025-07-09T18:11:05.326423+00:00, execution_date=20250709T181105, start_date=20250709T181108, end_date=20250709T181150
[2025-07-09T18:11:50.742+0000] {taskinstance.py:349} INFO - ::group::Post task execution logs
[2025-07-09T18:11:50.742+0000] {standard_task_runner.py:124} ERROR - Failed to execute job 231 for task process_exercises (Cannot execute: spark-submit --master spark://spark-master:7077 --jars /opt/bitnami/spark/jars/iceberg-spark-runtime-3.5_2.12-1.8.1.jar,/opt/bitnami/spark/jars/nessie-spark-extensions-3.5_2.12-0.103.2.jar,/opt/bitnami/spark/jars/nessie-client-0.103.2.jar,/opt/bitnami/spark/jars/hadoop-aws-3.3.2.jar,/opt/bitnami/spark/jars/aws-java-sdk-bundle-1.12.262.jar, --name arrow-spark --deploy-mode client /opt/bitnami/spark/jobs/process_exercises_job.py {"id": "CA-LESTE-construtiva-4455-2025-07-08", "manifest_entry": {"data": {"createdAt": "2025-07-08T19:50:09.281Z", "origin": "CA-LESTE", "path": "exercises/CA-LESTE-construtiva-4455-2025-07-08"}, "id": "CA-LESTE-construtiva-4455-2025-07-08"}, "metadata": {"createdAt": "2025-07-08T19:50:09.281Z", "description": "4455", "documents": [{"description": "", "id": "1752004297308", "mimetype": "application/pdf", "name": "Op Jacui IV - Ordem de Operacoes.pdf", "path": "exercises/CA-LESTE-construtiva-4455-2025-07-08/documents/Op Jacui IV - Ordem de Operacoes.pdf", "size": 336744, "uploadedAt": "2025-07-08T19:51:37.308Z"}], "endDate": "2025-07-22", "id": "CA-LESTE-construtiva-4455-2025-07-08", "name": "Jogo de Guerra", "origin": "CA-LESTE", "simulationType": "construtiva", "simulations": [{"id": "172.19.0.14_2025-07-08", "movedAt": "2025-07-08T19:51:46.649Z", "name": "172.19.0.14_2025-07-08", "originalPath": "staging/172.19.0.14_2025-07-08", "path": "exercises/CA-LESTE-construtiva-4455-2025-07-08/simulations/172.19.0.14_2025-07-08"}], "startDate": "2025-07-15", "trainedForce": "4455", "updatedAt": "2025-07-08T19:51:46.649Z", "wikiUrl": ""}}. Error code is: 1.; 2257)
Traceback (most recent call last):
  File "/home/airflow/.local/lib/python3.12/site-packages/airflow/task/task_runner/standard_task_runner.py", line 117, in _start_by_fork
    ret = args.func(args, dag=self.dag)
          ^^^^^^^^^^^^^^^^^^^^^^^^^^^^^
  File "/home/airflow/.local/lib/python3.12/site-packages/airflow/cli/cli_config.py", line 49, in command
    return func(*args, **kwargs)
           ^^^^^^^^^^^^^^^^^^^^^
  File "/home/airflow/.local/lib/python3.12/site-packages/airflow/utils/cli.py", line 116, in wrapper
    return f(*args, **kwargs)
           ^^^^^^^^^^^^^^^^^^
  File "/home/airflow/.local/lib/python3.12/site-packages/airflow/cli/commands/task_command.py", line 483, in task_run
    task_return_code = _run_task_by_selected_method(args, _dag, ti)
                       ^^^^^^^^^^^^^^^^^^^^^^^^^^^^^^^^^^^^^^^^^^^^
  File "/home/airflow/.local/lib/python3.12/site-packages/airflow/cli/commands/task_command.py", line 256, in _run_task_by_selected_method
    return _run_raw_task(args, ti)
           ^^^^^^^^^^^^^^^^^^^^^^^
  File "/home/airflow/.local/lib/python3.12/site-packages/airflow/cli/commands/task_command.py", line 341, in _run_raw_task
    return ti._run_raw_task(
           ^^^^^^^^^^^^^^^^^
  File "/home/airflow/.local/lib/python3.12/site-packages/airflow/utils/session.py", line 97, in wrapper
    return func(*args, session=session, **kwargs)
           ^^^^^^^^^^^^^^^^^^^^^^^^^^^^^^^^^^^^^^
  File "/home/airflow/.local/lib/python3.12/site-packages/airflow/models/taskinstance.py", line 3029, in _run_raw_task
    return _run_raw_task(
           ^^^^^^^^^^^^^^
  File "/home/airflow/.local/lib/python3.12/site-packages/airflow/models/taskinstance.py", line 282, in _run_raw_task
    TaskInstance._execute_task_with_callbacks(
  File "/home/airflow/.local/lib/python3.12/site-packages/airflow/models/taskinstance.py", line 3184, in _execute_task_with_callbacks
    result = self._execute_task(context, task_orig)
             ^^^^^^^^^^^^^^^^^^^^^^^^^^^^^^^^^^^^^^
  File "/home/airflow/.local/lib/python3.12/site-packages/airflow/models/taskinstance.py", line 3208, in _execute_task
    return _execute_task(self, context, task_orig)
           ^^^^^^^^^^^^^^^^^^^^^^^^^^^^^^^^^^^^^^^
  File "/home/airflow/.local/lib/python3.12/site-packages/airflow/models/taskinstance.py", line 776, in _execute_task
    result = _execute_callable(context=context, **execute_callable_kwargs)
             ^^^^^^^^^^^^^^^^^^^^^^^^^^^^^^^^^^^^^^^^^^^^^^^^^^^^^^^^^^^^^
  File "/home/airflow/.local/lib/python3.12/site-packages/airflow/models/taskinstance.py", line 742, in _execute_callable
    return ExecutionCallableRunner(
           ^^^^^^^^^^^^^^^^^^^^^^^^
  File "/home/airflow/.local/lib/python3.12/site-packages/airflow/utils/operator_helpers.py", line 252, in run
    return self.func(*args, **kwargs)
           ^^^^^^^^^^^^^^^^^^^^^^^^^^
  File "/home/airflow/.local/lib/python3.12/site-packages/airflow/models/baseoperator.py", line 424, in wrapper
    return func(self, *args, **kwargs)
           ^^^^^^^^^^^^^^^^^^^^^^^^^^^
  File "/home/airflow/.local/lib/python3.12/site-packages/airflow/providers/apache/spark/operators/spark_submit.py", line 197, in execute
    self._hook.submit(self.application)
  File "/home/airflow/.local/lib/python3.12/site-packages/airflow/providers/apache/spark/hooks/spark_submit.py", line 566, in submit
    raise AirflowException(
airflow.exceptions.AirflowException: Cannot execute: spark-submit --master spark://spark-master:7077 --jars /opt/bitnami/spark/jars/iceberg-spark-runtime-3.5_2.12-1.8.1.jar,/opt/bitnami/spark/jars/nessie-spark-extensions-3.5_2.12-0.103.2.jar,/opt/bitnami/spark/jars/nessie-client-0.103.2.jar,/opt/bitnami/spark/jars/hadoop-aws-3.3.2.jar,/opt/bitnami/spark/jars/aws-java-sdk-bundle-1.12.262.jar, --name arrow-spark --deploy-mode client /opt/bitnami/spark/jobs/process_exercises_job.py {"id": "CA-LESTE-construtiva-4455-2025-07-08", "manifest_entry": {"data": {"createdAt": "2025-07-08T19:50:09.281Z", "origin": "CA-LESTE", "path": "exercises/CA-LESTE-construtiva-4455-2025-07-08"}, "id": "CA-LESTE-construtiva-4455-2025-07-08"}, "metadata": {"createdAt": "2025-07-08T19:50:09.281Z", "description": "4455", "documents": [{"description": "", "id": "1752004297308", "mimetype": "application/pdf", "name": "Op Jacui IV - Ordem de Operacoes.pdf", "path": "exercises/CA-LESTE-construtiva-4455-2025-07-08/documents/Op Jacui IV - Ordem de Operacoes.pdf", "size": 336744, "uploadedAt": "2025-07-08T19:51:37.308Z"}], "endDate": "2025-07-22", "id": "CA-LESTE-construtiva-4455-2025-07-08", "name": "Jogo de Guerra", "origin": "CA-LESTE", "simulationType": "construtiva", "simulations": [{"id": "172.19.0.14_2025-07-08", "movedAt": "2025-07-08T19:51:46.649Z", "name": "172.19.0.14_2025-07-08", "originalPath": "staging/172.19.0.14_2025-07-08", "path": "exercises/CA-LESTE-construtiva-4455-2025-07-08/simulations/172.19.0.14_2025-07-08"}], "startDate": "2025-07-15", "trainedForce": "4455", "updatedAt": "2025-07-08T19:51:46.649Z", "wikiUrl": ""}}. Error code is: 1.
[2025-07-09T18:11:50.819+0000] {local_task_job_runner.py:266} INFO - Task exited with return code 1
[2025-07-09T18:11:50.850+0000] {taskinstance.py:3924} INFO - 0 downstream tasks scheduled from follow-on schedule check
[2025-07-09T18:11:50.882+0000] {local_task_job_runner.py:245} INFO - ::endgroup::
