[2025-07-08T18:36:52.847+0000] {local_task_job_runner.py:123} INFO - ::group::Pre task execution logs
[2025-07-08T18:36:52.887+0000] {taskinstance.py:2631} INFO - Dependencies all met for dep_context=non-requeueable deps ti=<TaskInstance: process_exercises.process_exercises manual__2025-07-08T18:36:46.978900+00:00 [queued]>
[2025-07-08T18:36:52.903+0000] {taskinstance.py:2631} INFO - Dependencies all met for dep_context=requeueable deps ti=<TaskInstance: process_exercises.process_exercises manual__2025-07-08T18:36:46.978900+00:00 [queued]>
[2025-07-08T18:36:52.903+0000] {taskinstance.py:2884} INFO - Starting attempt 1 of 1
[2025-07-08T18:36:53.277+0000] {taskinstance.py:2907} INFO - Executing <Task(SparkSubmitOperator): process_exercises> on 2025-07-08 18:36:46.978900+00:00
[2025-07-08T18:36:53.286+0000] {standard_task_runner.py:104} INFO - Running: ['airflow', 'tasks', 'run', 'process_exercises', 'process_exercises', 'manual__2025-07-08T18:36:46.978900+00:00', '--job-id', '179', '--raw', '--subdir', 'DAGS_FOLDER/process_exercises.py', '--cfg-path', '/tmp/tmp67n9z26z']
[2025-07-08T18:36:53.289+0000] {standard_task_runner.py:105} INFO - Job 179: Subtask process_exercises
[2025-07-08T18:36:53.296+0000] {logging_mixin.py:190} WARNING - /home/airflow/.local/lib/python3.12/site-packages/airflow/task/task_runner/standard_task_runner.py:70 DeprecationWarning: This process (pid=10873) is multi-threaded, use of fork() may lead to deadlocks in the child.
[2025-07-08T18:36:53.297+0000] {standard_task_runner.py:72} INFO - Started process 10874 to run task
[2025-07-08T18:36:53.500+0000] {task_command.py:467} INFO - Running <TaskInstance: process_exercises.process_exercises manual__2025-07-08T18:36:46.978900+00:00 [running]> on host 3748f1b8240a
[2025-07-08T18:36:54.455+0000] {taskinstance.py:3157} INFO - Exporting env vars: AIRFLOW_CTX_DAG_OWNER='airflow' AIRFLOW_CTX_DAG_ID='process_exercises' AIRFLOW_CTX_TASK_ID='process_exercises' AIRFLOW_CTX_EXECUTION_DATE='2025-07-08T18:36:46.978900+00:00' AIRFLOW_CTX_TRY_NUMBER='1' AIRFLOW_CTX_DAG_RUN_ID='manual__2025-07-08T18:36:46.978900+00:00'
[2025-07-08T18:36:54.458+0000] {taskinstance.py:740} INFO - ::endgroup::
[2025-07-08T18:36:54.627+0000] {base.py:84} INFO - Retrieving connection 'spark-ebsim'
[2025-07-08T18:36:54.640+0000] {spark_submit.py:474} INFO - Spark-Submit cmd: spark-submit --master spark://spark-master:7077 --jars /opt/bitnami/spark/jars/iceberg-spark-runtime-3.5_2.12-1.8.1.jar,/opt/bitnami/spark/jars/nessie-spark-extensions-3.5_2.12-0.103.2.jar,/opt/bitnami/spark/jars/nessie-client-0.103.2.jar,/opt/bitnami/spark/jars/hadoop-aws-3.3.2.jar,/opt/bitnami/spark/jars/aws-java-sdk-bundle-1.12.262.jar, --name arrow-spark --deploy-mode client /opt/bitnami/spark/jobs/process_exercises_job.py {"id": "CA-LESTE-construtiva-4DE-2025-07-08", "manifest_entry": {"data": {"createdAt": "2025-07-08T18:27:58.496Z", "origin": "CA-LESTE", "path": "exercises/CA-LESTE-construtiva-4DE-2025-07-08"}, "id": "CA-LESTE-construtiva-4DE-2025-07-08"}, "metadata": {"createdAt": "2025-07-08T18:27:58.496Z", "description": "4DE", "documents": [{"description": "", "id": "1751999288885", "mimetype": "application/pdf", "name": "Op Jacui IV - Ordem de Operacoes.pdf", "path": "exercises/CA-LESTE-construtiva-4DE-2025-07-08/documents/Op Jacui IV - Ordem de Operacoes.pdf", "size": 336744, "uploadedAt": "2025-07-08T18:28:08.885Z"}], "endDate": "2025-07-10", "id": "CA-LESTE-construtiva-4DE-2025-07-08", "name": "Jogo de Guerra", "origin": "CA-LESTE", "simulationType": "construtiva", "simulations": [{"id": "172.19.0.14_2025-07-08", "movedAt": "2025-07-08T18:28:17.872Z", "name": "172.19.0.14_2025-07-08", "originalPath": "staging/172.19.0.14_2025-07-08", "path": "exercises/CA-LESTE-construtiva-4DE-2025-07-08/simulations/172.19.0.14_2025-07-08"}], "startDate": "2025-07-08", "trainedForce": "4 Divis\u00e3o de Ex\u00e9rcito", "updatedAt": "2025-07-08T18:28:17.873Z", "wikiUrl": ""}}
[2025-07-08T18:36:57.529+0000] {spark_submit.py:644} INFO - 25/07/08 18:36:57 WARN NativeCodeLoader: Unable to load native-hadoop library for your platform... using builtin-java classes where applicable
[2025-07-08T18:36:59.532+0000] {spark_submit.py:644} INFO - [PROCESS EXERCISES] ℹ️  Iniciando processamento de exercícios
[2025-07-08T18:36:59.533+0000] {spark_submit.py:644} INFO - [PROCESS EXERCISES] ℹ️  Exercício selecionado: CA-LESTE-construtiva-4DE-2025-07-08
[2025-07-08T18:36:59.533+0000] {spark_submit.py:644} INFO - [PROCESS EXERCISES] 🔄 Criando sessão Spark
[2025-07-08T18:37:00.092+0000] {spark_submit.py:644} INFO - 25/07/08 18:37:00 INFO SparkContext: Running Spark version 3.5.5
[2025-07-08T18:37:00.093+0000] {spark_submit.py:644} INFO - 25/07/08 18:37:00 INFO SparkContext: OS info Linux, 5.15.167.4-microsoft-standard-WSL2, amd64
[2025-07-08T18:37:00.094+0000] {spark_submit.py:644} INFO - 25/07/08 18:37:00 INFO SparkContext: Java version 17.0.15
[2025-07-08T18:37:00.125+0000] {spark_submit.py:644} INFO - 25/07/08 18:37:00 INFO ResourceUtils: ==============================================================
[2025-07-08T18:37:00.126+0000] {spark_submit.py:644} INFO - 25/07/08 18:37:00 INFO ResourceUtils: No custom resources configured for spark.driver.
[2025-07-08T18:37:00.127+0000] {spark_submit.py:644} INFO - 25/07/08 18:37:00 INFO ResourceUtils: ==============================================================
[2025-07-08T18:37:00.128+0000] {spark_submit.py:644} INFO - 25/07/08 18:37:00 INFO SparkContext: Submitted application: ProcessExercises
[2025-07-08T18:37:00.159+0000] {spark_submit.py:644} INFO - 25/07/08 18:37:00 INFO ResourceProfile: Default ResourceProfile created, executor resources: Map(memory -> name: memory, amount: 1024, script: , vendor: , offHeap -> name: offHeap, amount: 0, script: , vendor: ), task resources: Map(cpus -> name: cpus, amount: 1.0)
[2025-07-08T18:37:00.192+0000] {spark_submit.py:644} INFO - 25/07/08 18:37:00 INFO ResourceProfile: Limiting resource is cpu
[2025-07-08T18:37:00.193+0000] {spark_submit.py:644} INFO - 25/07/08 18:37:00 INFO ResourceProfileManager: Added ResourceProfile id: 0
[2025-07-08T18:37:00.267+0000] {spark_submit.py:644} INFO - 25/07/08 18:37:00 INFO SecurityManager: Changing view acls to: airflow
[2025-07-08T18:37:00.268+0000] {spark_submit.py:644} INFO - 25/07/08 18:37:00 INFO SecurityManager: Changing modify acls to: airflow
[2025-07-08T18:37:00.269+0000] {spark_submit.py:644} INFO - 25/07/08 18:37:00 INFO SecurityManager: Changing view acls groups to:
[2025-07-08T18:37:00.270+0000] {spark_submit.py:644} INFO - 25/07/08 18:37:00 INFO SecurityManager: Changing modify acls groups to:
[2025-07-08T18:37:00.271+0000] {spark_submit.py:644} INFO - 25/07/08 18:37:00 INFO SecurityManager: SecurityManager: authentication disabled; ui acls disabled; users with view permissions: airflow; groups with view permissions: EMPTY; users with modify permissions: airflow; groups with modify permissions: EMPTY
[2025-07-08T18:37:00.512+0000] {spark_submit.py:644} INFO - 25/07/08 18:37:00 INFO Utils: Successfully started service 'sparkDriver' on port 39049.
[2025-07-08T18:37:00.540+0000] {spark_submit.py:644} INFO - 25/07/08 18:37:00 INFO SparkEnv: Registering MapOutputTracker
[2025-07-08T18:37:00.572+0000] {spark_submit.py:644} INFO - 25/07/08 18:37:00 INFO SparkEnv: Registering BlockManagerMaster
[2025-07-08T18:37:00.594+0000] {spark_submit.py:644} INFO - 25/07/08 18:37:00 INFO BlockManagerMasterEndpoint: Using org.apache.spark.storage.DefaultTopologyMapper for getting topology information
[2025-07-08T18:37:00.595+0000] {spark_submit.py:644} INFO - 25/07/08 18:37:00 INFO BlockManagerMasterEndpoint: BlockManagerMasterEndpoint up
[2025-07-08T18:37:00.598+0000] {spark_submit.py:644} INFO - 25/07/08 18:37:00 INFO SparkEnv: Registering BlockManagerMasterHeartbeat
[2025-07-08T18:37:00.617+0000] {spark_submit.py:644} INFO - 25/07/08 18:37:00 INFO DiskBlockManager: Created local directory at /tmp/blockmgr-b95ef000-8171-477d-b4a2-fcd69fb245ec
[2025-07-08T18:37:00.630+0000] {spark_submit.py:644} INFO - 25/07/08 18:37:00 INFO MemoryStore: MemoryStore started with capacity 434.4 MiB
[2025-07-08T18:37:00.646+0000] {spark_submit.py:644} INFO - 25/07/08 18:37:00 INFO SparkEnv: Registering OutputCommitCoordinator
[2025-07-08T18:37:00.828+0000] {spark_submit.py:644} INFO - 25/07/08 18:37:00 INFO JettyUtils: Start Jetty 0.0.0.0:4040 for SparkUI
[2025-07-08T18:37:00.877+0000] {spark_submit.py:644} INFO - 25/07/08 18:37:00 INFO Utils: Successfully started service 'SparkUI' on port 4040.
[2025-07-08T18:37:00.927+0000] {spark_submit.py:644} INFO - 25/07/08 18:37:00 INFO SparkContext: Added JAR file:///opt/bitnami/spark/jars/iceberg-spark-runtime-3.5_2.12-1.8.1.jar at spark://3748f1b8240a:39049/jars/iceberg-spark-runtime-3.5_2.12-1.8.1.jar with timestamp 1751999820084
[2025-07-08T18:37:00.928+0000] {spark_submit.py:644} INFO - 25/07/08 18:37:00 INFO SparkContext: Added JAR file:///opt/bitnami/spark/jars/nessie-spark-extensions-3.5_2.12-0.103.2.jar at spark://3748f1b8240a:39049/jars/nessie-spark-extensions-3.5_2.12-0.103.2.jar with timestamp 1751999820084
[2025-07-08T18:37:00.929+0000] {spark_submit.py:644} INFO - 25/07/08 18:37:00 INFO SparkContext: Added JAR file:///opt/bitnami/spark/jars/nessie-client-0.103.2.jar at spark://3748f1b8240a:39049/jars/nessie-client-0.103.2.jar with timestamp 1751999820084
[2025-07-08T18:37:00.931+0000] {spark_submit.py:644} INFO - 25/07/08 18:37:00 INFO SparkContext: Added JAR file:///opt/bitnami/spark/jars/hadoop-aws-3.3.2.jar at spark://3748f1b8240a:39049/jars/hadoop-aws-3.3.2.jar with timestamp 1751999820084
[2025-07-08T18:37:00.932+0000] {spark_submit.py:644} INFO - 25/07/08 18:37:00 INFO SparkContext: Added JAR file:///opt/bitnami/spark/jars/aws-java-sdk-bundle-1.12.262.jar at spark://3748f1b8240a:39049/jars/aws-java-sdk-bundle-1.12.262.jar with timestamp 1751999820084
[2025-07-08T18:37:01.036+0000] {spark_submit.py:644} INFO - 25/07/08 18:37:01 INFO StandaloneAppClient$ClientEndpoint: Connecting to master spark://spark-master:7077...
[2025-07-08T18:37:01.099+0000] {spark_submit.py:644} INFO - 25/07/08 18:37:01 INFO TransportClientFactory: Successfully created connection to spark-master/172.19.0.2:7077 after 44 ms (0 ms spent in bootstraps)
[2025-07-08T18:37:01.182+0000] {spark_submit.py:644} INFO - 25/07/08 18:37:01 INFO StandaloneSchedulerBackend: Connected to Spark cluster with app ID app-20250708183701-0015
[2025-07-08T18:37:01.206+0000] {spark_submit.py:644} INFO - 25/07/08 18:37:01 INFO Utils: Successfully started service 'org.apache.spark.network.netty.NettyBlockTransferService' on port 35293.
[2025-07-08T18:37:01.207+0000] {spark_submit.py:644} INFO - 25/07/08 18:37:01 INFO NettyBlockTransferService: Server created on 3748f1b8240a:35293
[2025-07-08T18:37:01.208+0000] {spark_submit.py:644} INFO - 25/07/08 18:37:01 INFO BlockManager: Using org.apache.spark.storage.RandomBlockReplicationPolicy for block replication policy
[2025-07-08T18:37:01.208+0000] {spark_submit.py:644} INFO - 25/07/08 18:37:01 INFO BlockManagerMaster: Registering BlockManager BlockManagerId(driver, 3748f1b8240a, 35293, None)
[2025-07-08T18:37:01.209+0000] {spark_submit.py:644} INFO - 25/07/08 18:37:01 INFO BlockManagerMasterEndpoint: Registering block manager 3748f1b8240a:35293 with 434.4 MiB RAM, BlockManagerId(driver, 3748f1b8240a, 35293, None)
[2025-07-08T18:37:01.210+0000] {spark_submit.py:644} INFO - 25/07/08 18:37:01 INFO BlockManagerMaster: Registered BlockManager BlockManagerId(driver, 3748f1b8240a, 35293, None)
[2025-07-08T18:37:01.210+0000] {spark_submit.py:644} INFO - 25/07/08 18:37:01 INFO BlockManager: Initialized BlockManager: BlockManagerId(driver, 3748f1b8240a, 35293, None)
[2025-07-08T18:37:01.212+0000] {spark_submit.py:644} INFO - 25/07/08 18:37:01 INFO StandaloneAppClient$ClientEndpoint: Executor added: app-20250708183701-0015/0 on worker-20250708130010-172.19.0.8-33627 (172.19.0.8:33627) with 2 core(s)
[2025-07-08T18:37:01.213+0000] {spark_submit.py:644} INFO - 25/07/08 18:37:01 INFO StandaloneSchedulerBackend: Granted executor ID app-20250708183701-0015/0 on hostPort 172.19.0.8:33627 with 2 core(s), 1024.0 MiB RAM
[2025-07-08T18:37:01.355+0000] {spark_submit.py:644} INFO - 25/07/08 18:37:01 INFO StandaloneAppClient$ClientEndpoint: Executor updated: app-20250708183701-0015/0 is now RUNNING
[2025-07-08T18:37:01.594+0000] {spark_submit.py:644} INFO - 25/07/08 18:37:01 INFO StandaloneSchedulerBackend: SchedulerBackend is ready for scheduling beginning after reached minRegisteredResourcesRatio: 0.0
[2025-07-08T18:37:01.792+0000] {spark_submit.py:644} INFO - [PROCESS EXERCISES] ✅ Sessão Spark criada com sucesso
[2025-07-08T18:37:01.793+0000] {spark_submit.py:644} INFO - [PROCESS EXERCISES] ✅ Processador de exercícios inicializado
[2025-07-08T18:37:01.794+0000] {spark_submit.py:644} INFO - [PROCESS EXERCISES] 🔄 Criando namespace nessie.exercises
[2025-07-08T18:37:01.806+0000] {spark_submit.py:644} INFO - 25/07/08 18:37:01 INFO SharedState: Setting hive.metastore.warehouse.dir ('null') to the value of spark.sql.warehouse.dir.
[2025-07-08T18:37:01.810+0000] {spark_submit.py:644} INFO - 25/07/08 18:37:01 INFO SharedState: Warehouse path is 'file:/opt/airflow/spark-warehouse'.
[2025-07-08T18:37:04.213+0000] {spark_submit.py:644} INFO - 25/07/08 18:37:04 INFO CatalogUtil: Loading custom FileIO implementation: org.apache.iceberg.hadoop.HadoopFileIO
[2025-07-08T18:37:04.665+0000] {spark_submit.py:644} INFO - 25/07/08 18:37:04 INFO StandaloneSchedulerBackend$StandaloneDriverEndpoint: Registered executor NettyRpcEndpointRef(spark-client://Executor) (172.19.0.8:44304) with ID 0,  ResourceProfileId 0
[2025-07-08T18:37:04.746+0000] {spark_submit.py:644} INFO - 25/07/08 18:37:04 INFO BlockManagerMasterEndpoint: Registering block manager 172.19.0.8:43813 with 434.4 MiB RAM, BlockManagerId(0, 172.19.0.8, 43813, None)
[2025-07-08T18:37:13.126+0000] {spark_submit.py:644} INFO - [PROCESS EXERCISES] ✅ Namespace criado/verificado com sucesso
[2025-07-08T18:37:13.129+0000] {spark_submit.py:644} INFO - [PROCESS EXERCISES] 🔄 === FASE 1: PROCESSAMENTO DE DOCUMENTOS ===
[2025-07-08T18:37:13.129+0000] {spark_submit.py:644} INFO - [PROCESS EXERCISES] 🔄 Iniciando processamento de documentos PDF
[2025-07-08T18:37:13.130+0000] {spark_submit.py:644} INFO - [PROCESS EXERCISES] ℹ️  Encontrados 1 documentos
[2025-07-08T18:37:13.131+0000] {spark_submit.py:644} INFO - [PROCESS EXERCISES] 🔄 Processando documento: Op Jacui IV - Ordem de Operacoes.pdf
[2025-07-08T18:37:13.131+0000] {spark_submit.py:644} INFO - [PROCESS EXERCISES] ℹ️  Carregando PDF de: s3a://bronze/exercises/CA-LESTE-construtiva-4DE-2025-07-08/documents/Op Jacui IV - Ordem de Operacoes.pdf
[2025-07-08T18:37:13.659+0000] {spark_submit.py:644} INFO - 25/07/08 18:37:13 WARN MetricsConfig: Cannot locate configuration: tried hadoop-metrics2-s3a-file-system.properties,hadoop-metrics2.properties
[2025-07-08T18:37:13.671+0000] {spark_submit.py:644} INFO - 25/07/08 18:37:13 INFO MetricsSystemImpl: Scheduled Metric snapshot period at 10 second(s).
[2025-07-08T18:37:13.672+0000] {spark_submit.py:644} INFO - 25/07/08 18:37:13 INFO MetricsSystemImpl: s3a-file-system metrics system started
[2025-07-08T18:37:15.303+0000] {spark_submit.py:644} INFO - 25/07/08 18:37:15 INFO InMemoryFileIndex: It took 48 ms to list leaf files for 1 paths.
[2025-07-08T18:37:15.680+0000] {spark_submit.py:644} INFO - 25/07/08 18:37:15 INFO FileSourceStrategy: Pushed Filters:
[2025-07-08T18:37:15.681+0000] {spark_submit.py:644} INFO - 25/07/08 18:37:15 INFO FileSourceStrategy: Post-Scan Filters:
[2025-07-08T18:37:16.090+0000] {spark_submit.py:644} INFO - 25/07/08 18:37:16 INFO CodeGenerator: Code generated in 140.950896 ms
[2025-07-08T18:37:16.131+0000] {spark_submit.py:644} INFO - 25/07/08 18:37:16 INFO MemoryStore: Block broadcast_0 stored as values in memory (estimated size 203.5 KiB, free 434.2 MiB)
[2025-07-08T18:37:16.180+0000] {spark_submit.py:644} INFO - 25/07/08 18:37:16 INFO MemoryStore: Block broadcast_0_piece0 stored as bytes in memory (estimated size 35.7 KiB, free 434.2 MiB)
[2025-07-08T18:37:16.183+0000] {spark_submit.py:644} INFO - 25/07/08 18:37:16 INFO BlockManagerInfo: Added broadcast_0_piece0 in memory on 3748f1b8240a:35293 (size: 35.7 KiB, free: 434.4 MiB)
[2025-07-08T18:37:16.187+0000] {spark_submit.py:644} INFO - 25/07/08 18:37:16 INFO SparkContext: Created broadcast 0 from collect at /opt/bitnami/spark/jobs/process_exercises_job.py:238
[2025-07-08T18:37:16.197+0000] {spark_submit.py:644} INFO - 25/07/08 18:37:16 INFO FileSourceScanExec: Planning scan with bin packing, max size: 4194304 bytes, open cost is considered as scanning 4194304 bytes.
[2025-07-08T18:37:16.343+0000] {spark_submit.py:644} INFO - 25/07/08 18:37:16 INFO SparkContext: Starting job: collect at /opt/bitnami/spark/jobs/process_exercises_job.py:238
[2025-07-08T18:37:16.353+0000] {spark_submit.py:644} INFO - 25/07/08 18:37:16 INFO DAGScheduler: Got job 0 (collect at /opt/bitnami/spark/jobs/process_exercises_job.py:238) with 1 output partitions
[2025-07-08T18:37:16.354+0000] {spark_submit.py:644} INFO - 25/07/08 18:37:16 INFO DAGScheduler: Final stage: ResultStage 0 (collect at /opt/bitnami/spark/jobs/process_exercises_job.py:238)
[2025-07-08T18:37:16.355+0000] {spark_submit.py:644} INFO - 25/07/08 18:37:16 INFO DAGScheduler: Parents of final stage: List()
[2025-07-08T18:37:16.355+0000] {spark_submit.py:644} INFO - 25/07/08 18:37:16 INFO DAGScheduler: Missing parents: List()
[2025-07-08T18:37:16.358+0000] {spark_submit.py:644} INFO - 25/07/08 18:37:16 INFO DAGScheduler: Submitting ResultStage 0 (MapPartitionsRDD[5] at collect at /opt/bitnami/spark/jobs/process_exercises_job.py:238), which has no missing parents
[2025-07-08T18:37:16.419+0000] {spark_submit.py:644} INFO - 25/07/08 18:37:16 INFO MemoryStore: Block broadcast_1 stored as values in memory (estimated size 27.3 KiB, free 434.1 MiB)
[2025-07-08T18:37:16.431+0000] {spark_submit.py:644} INFO - 25/07/08 18:37:16 INFO MemoryStore: Block broadcast_1_piece0 stored as bytes in memory (estimated size 13.6 KiB, free 434.1 MiB)
[2025-07-08T18:37:16.432+0000] {spark_submit.py:644} INFO - 25/07/08 18:37:16 INFO BlockManagerInfo: Added broadcast_1_piece0 in memory on 3748f1b8240a:35293 (size: 13.6 KiB, free: 434.4 MiB)
[2025-07-08T18:37:16.432+0000] {spark_submit.py:644} INFO - 25/07/08 18:37:16 INFO SparkContext: Created broadcast 1 from broadcast at DAGScheduler.scala:1585
[2025-07-08T18:37:16.450+0000] {spark_submit.py:644} INFO - 25/07/08 18:37:16 INFO DAGScheduler: Submitting 1 missing tasks from ResultStage 0 (MapPartitionsRDD[5] at collect at /opt/bitnami/spark/jobs/process_exercises_job.py:238) (first 15 tasks are for partitions Vector(0))
[2025-07-08T18:37:16.451+0000] {spark_submit.py:644} INFO - 25/07/08 18:37:16 INFO TaskSchedulerImpl: Adding task set 0.0 with 1 tasks resource profile 0
[2025-07-08T18:37:16.508+0000] {spark_submit.py:644} INFO - 25/07/08 18:37:16 INFO TaskSetManager: Starting task 0.0 in stage 0.0 (TID 0) (172.19.0.8, executor 0, partition 0, PROCESS_LOCAL, 10198 bytes)
[2025-07-08T18:37:16.770+0000] {spark_submit.py:644} INFO - 25/07/08 18:37:16 INFO BlockManagerInfo: Added broadcast_1_piece0 in memory on 172.19.0.8:43813 (size: 13.6 KiB, free: 434.4 MiB)
[2025-07-08T18:37:18.702+0000] {spark_submit.py:644} INFO - 25/07/08 18:37:18 INFO BlockManagerInfo: Added broadcast_0_piece0 in memory on 172.19.0.8:43813 (size: 35.7 KiB, free: 434.4 MiB)
[2025-07-08T18:37:22.620+0000] {spark_submit.py:644} INFO - 25/07/08 18:37:22 INFO TaskSetManager: Finished task 0.0 in stage 0.0 (TID 0) in 6123 ms on 172.19.0.8 (executor 0) (1/1)
[2025-07-08T18:37:22.622+0000] {spark_submit.py:644} INFO - 25/07/08 18:37:22 INFO TaskSchedulerImpl: Removed TaskSet 0.0, whose tasks have all completed, from pool
[2025-07-08T18:37:22.625+0000] {spark_submit.py:644} INFO - 25/07/08 18:37:22 INFO PythonAccumulatorV2: Connected to AccumulatorServer at host: 127.0.0.1 port: 58101
[2025-07-08T18:37:22.629+0000] {spark_submit.py:644} INFO - 25/07/08 18:37:22 INFO DAGScheduler: ResultStage 0 (collect at /opt/bitnami/spark/jobs/process_exercises_job.py:238) finished in 6.222 s
[2025-07-08T18:37:22.632+0000] {spark_submit.py:644} INFO - 25/07/08 18:37:22 INFO DAGScheduler: Job 0 is finished. Cancelling potential speculative or zombie tasks for this job
[2025-07-08T18:37:22.633+0000] {spark_submit.py:644} INFO - 25/07/08 18:37:22 INFO TaskSchedulerImpl: Killing all running tasks in stage 0: Stage finished
[2025-07-08T18:37:22.635+0000] {spark_submit.py:644} INFO - 25/07/08 18:37:22 INFO DAGScheduler: Job 0 finished: collect at /opt/bitnami/spark/jobs/process_exercises_job.py:238, took 6.291454 s
[2025-07-08T18:37:22.712+0000] {spark_submit.py:644} INFO - [PROCESS EXERCISES] ✅ Documento processado com sucesso: Op Jacui IV - Ordem de Operacoes.pdf
[2025-07-08T18:37:22.712+0000] {spark_submit.py:644} INFO - [PROCESS EXERCISES] ✅ Processamento de documentos concluído: 1 registros
[2025-07-08T18:37:24.423+0000] {spark_submit.py:644} INFO - 25/07/08 18:37:24 INFO CodeGenerator: Code generated in 14.099492 ms
[2025-07-08T18:37:24.445+0000] {spark_submit.py:644} INFO - 25/07/08 18:37:24 INFO DAGScheduler: Registering RDD 12 (count at NativeMethodAccessorImpl.java:0) as input to shuffle 0
[2025-07-08T18:37:24.448+0000] {spark_submit.py:644} INFO - 25/07/08 18:37:24 INFO DAGScheduler: Got map stage job 1 (count at NativeMethodAccessorImpl.java:0) with 2 output partitions
[2025-07-08T18:37:24.449+0000] {spark_submit.py:644} INFO - 25/07/08 18:37:24 INFO DAGScheduler: Final stage: ShuffleMapStage 1 (count at NativeMethodAccessorImpl.java:0)
[2025-07-08T18:37:24.450+0000] {spark_submit.py:644} INFO - 25/07/08 18:37:24 INFO DAGScheduler: Parents of final stage: List()
[2025-07-08T18:37:24.450+0000] {spark_submit.py:644} INFO - 25/07/08 18:37:24 INFO DAGScheduler: Missing parents: List()
[2025-07-08T18:37:24.452+0000] {spark_submit.py:644} INFO - 25/07/08 18:37:24 INFO DAGScheduler: Submitting ShuffleMapStage 1 (MapPartitionsRDD[12] at count at NativeMethodAccessorImpl.java:0), which has no missing parents
[2025-07-08T18:37:24.489+0000] {spark_submit.py:644} INFO - 25/07/08 18:37:24 INFO MemoryStore: Block broadcast_2 stored as values in memory (estimated size 16.0 KiB, free 434.1 MiB)
[2025-07-08T18:37:24.495+0000] {spark_submit.py:644} INFO - 25/07/08 18:37:24 INFO MemoryStore: Block broadcast_2_piece0 stored as bytes in memory (estimated size 8.4 KiB, free 434.1 MiB)
[2025-07-08T18:37:24.499+0000] {spark_submit.py:644} INFO - 25/07/08 18:37:24 INFO BlockManagerInfo: Added broadcast_2_piece0 in memory on 3748f1b8240a:35293 (size: 8.4 KiB, free: 434.3 MiB)
[2025-07-08T18:37:24.524+0000] {spark_submit.py:644} INFO - 25/07/08 18:37:24 INFO SparkContext: Created broadcast 2 from broadcast at DAGScheduler.scala:1585
[2025-07-08T18:37:24.526+0000] {spark_submit.py:644} INFO - 25/07/08 18:37:24 INFO DAGScheduler: Submitting 2 missing tasks from ShuffleMapStage 1 (MapPartitionsRDD[12] at count at NativeMethodAccessorImpl.java:0) (first 15 tasks are for partitions Vector(0, 1))
[2025-07-08T18:37:24.528+0000] {spark_submit.py:644} INFO - 25/07/08 18:37:24 INFO TaskSchedulerImpl: Adding task set 1.0 with 2 tasks resource profile 0
[2025-07-08T18:37:24.532+0000] {spark_submit.py:644} INFO - 25/07/08 18:37:24 INFO TaskSetManager: Starting task 0.0 in stage 1.0 (TID 1) (172.19.0.8, executor 0, partition 0, PROCESS_LOCAL, 9487 bytes)
[2025-07-08T18:37:24.533+0000] {spark_submit.py:644} INFO - 25/07/08 18:37:24 INFO TaskSetManager: Starting task 1.0 in stage 1.0 (TID 2) (172.19.0.8, executor 0, partition 1, PROCESS_LOCAL, 26221 bytes)
[2025-07-08T18:37:24.551+0000] {spark_submit.py:644} INFO - 25/07/08 18:37:24 INFO BlockManagerInfo: Removed broadcast_1_piece0 on 3748f1b8240a:35293 in memory (size: 13.6 KiB, free: 434.4 MiB)
[2025-07-08T18:37:24.556+0000] {spark_submit.py:644} INFO - 25/07/08 18:37:24 INFO BlockManagerInfo: Removed broadcast_1_piece0 on 172.19.0.8:43813 in memory (size: 13.6 KiB, free: 434.4 MiB)
[2025-07-08T18:37:24.607+0000] {spark_submit.py:644} INFO - 25/07/08 18:37:24 INFO BlockManagerInfo: Added broadcast_2_piece0 in memory on 172.19.0.8:43813 (size: 8.4 KiB, free: 434.4 MiB)
[2025-07-08T18:37:25.814+0000] {spark_submit.py:644} INFO - 25/07/08 18:37:25 INFO TaskSetManager: Finished task 1.0 in stage 1.0 (TID 2) in 1282 ms on 172.19.0.8 (executor 0) (1/2)
[2025-07-08T18:37:25.815+0000] {spark_submit.py:644} INFO - 25/07/08 18:37:25 INFO TaskSetManager: Finished task 0.0 in stage 1.0 (TID 1) in 1286 ms on 172.19.0.8 (executor 0) (2/2)
[2025-07-08T18:37:25.816+0000] {spark_submit.py:644} INFO - 25/07/08 18:37:25 INFO TaskSchedulerImpl: Removed TaskSet 1.0, whose tasks have all completed, from pool
[2025-07-08T18:37:25.818+0000] {spark_submit.py:644} INFO - 25/07/08 18:37:25 INFO DAGScheduler: ShuffleMapStage 1 (count at NativeMethodAccessorImpl.java:0) finished in 1.362 s
[2025-07-08T18:37:25.819+0000] {spark_submit.py:644} INFO - 25/07/08 18:37:25 INFO DAGScheduler: looking for newly runnable stages
[2025-07-08T18:37:25.820+0000] {spark_submit.py:644} INFO - 25/07/08 18:37:25 INFO DAGScheduler: running: Set()
[2025-07-08T18:37:25.821+0000] {spark_submit.py:644} INFO - 25/07/08 18:37:25 INFO DAGScheduler: waiting: Set()
[2025-07-08T18:37:25.821+0000] {spark_submit.py:644} INFO - 25/07/08 18:37:25 INFO DAGScheduler: failed: Set()
[2025-07-08T18:37:25.865+0000] {spark_submit.py:644} INFO - 25/07/08 18:37:25 INFO CodeGenerator: Code generated in 12.117182 ms
[2025-07-08T18:37:25.882+0000] {spark_submit.py:644} INFO - 25/07/08 18:37:25 INFO SparkContext: Starting job: count at NativeMethodAccessorImpl.java:0
[2025-07-08T18:37:25.884+0000] {spark_submit.py:644} INFO - 25/07/08 18:37:25 INFO DAGScheduler: Got job 2 (count at NativeMethodAccessorImpl.java:0) with 1 output partitions
[2025-07-08T18:37:25.885+0000] {spark_submit.py:644} INFO - 25/07/08 18:37:25 INFO DAGScheduler: Final stage: ResultStage 3 (count at NativeMethodAccessorImpl.java:0)
[2025-07-08T18:37:25.886+0000] {spark_submit.py:644} INFO - 25/07/08 18:37:25 INFO DAGScheduler: Parents of final stage: List(ShuffleMapStage 2)
[2025-07-08T18:37:25.886+0000] {spark_submit.py:644} INFO - 25/07/08 18:37:25 INFO DAGScheduler: Missing parents: List()
[2025-07-08T18:37:25.887+0000] {spark_submit.py:644} INFO - 25/07/08 18:37:25 INFO DAGScheduler: Submitting ResultStage 3 (MapPartitionsRDD[15] at count at NativeMethodAccessorImpl.java:0), which has no missing parents
[2025-07-08T18:37:25.896+0000] {spark_submit.py:644} INFO - 25/07/08 18:37:25 INFO MemoryStore: Block broadcast_3 stored as values in memory (estimated size 12.5 KiB, free 434.1 MiB)
[2025-07-08T18:37:25.902+0000] {spark_submit.py:644} INFO - 25/07/08 18:37:25 INFO MemoryStore: Block broadcast_3_piece0 stored as bytes in memory (estimated size 5.9 KiB, free 434.1 MiB)
[2025-07-08T18:37:25.903+0000] {spark_submit.py:644} INFO - 25/07/08 18:37:25 INFO BlockManagerInfo: Added broadcast_3_piece0 in memory on 3748f1b8240a:35293 (size: 5.9 KiB, free: 434.4 MiB)
[2025-07-08T18:37:25.903+0000] {spark_submit.py:644} INFO - 25/07/08 18:37:25 INFO SparkContext: Created broadcast 3 from broadcast at DAGScheduler.scala:1585
[2025-07-08T18:37:25.904+0000] {spark_submit.py:644} INFO - 25/07/08 18:37:25 INFO DAGScheduler: Submitting 1 missing tasks from ResultStage 3 (MapPartitionsRDD[15] at count at NativeMethodAccessorImpl.java:0) (first 15 tasks are for partitions Vector(0))
[2025-07-08T18:37:25.905+0000] {spark_submit.py:644} INFO - 25/07/08 18:37:25 INFO TaskSchedulerImpl: Adding task set 3.0 with 1 tasks resource profile 0
[2025-07-08T18:37:25.909+0000] {spark_submit.py:644} INFO - 25/07/08 18:37:25 INFO TaskSetManager: Starting task 0.0 in stage 3.0 (TID 3) (172.19.0.8, executor 0, partition 0, NODE_LOCAL, 9518 bytes)
[2025-07-08T18:37:25.926+0000] {spark_submit.py:644} INFO - 25/07/08 18:37:25 INFO BlockManagerInfo: Added broadcast_3_piece0 in memory on 172.19.0.8:43813 (size: 5.9 KiB, free: 434.4 MiB)
[2025-07-08T18:37:25.942+0000] {spark_submit.py:644} INFO - 25/07/08 18:37:25 INFO MapOutputTrackerMasterEndpoint: Asked to send map output locations for shuffle 0 to 172.19.0.8:44304
[2025-07-08T18:37:25.965+0000] {spark_submit.py:644} INFO - 25/07/08 18:37:25 INFO BlockManagerInfo: Removed broadcast_0_piece0 on 3748f1b8240a:35293 in memory (size: 35.7 KiB, free: 434.4 MiB)
[2025-07-08T18:37:25.968+0000] {spark_submit.py:644} INFO - 25/07/08 18:37:25 INFO BlockManagerInfo: Removed broadcast_0_piece0 on 172.19.0.8:43813 in memory (size: 35.7 KiB, free: 434.4 MiB)
[2025-07-08T18:37:26.052+0000] {spark_submit.py:644} INFO - 25/07/08 18:37:26 INFO TaskSetManager: Finished task 0.0 in stage 3.0 (TID 3) in 145 ms on 172.19.0.8 (executor 0) (1/1)
[2025-07-08T18:37:26.053+0000] {spark_submit.py:644} INFO - 25/07/08 18:37:26 INFO TaskSchedulerImpl: Removed TaskSet 3.0, whose tasks have all completed, from pool
[2025-07-08T18:37:26.054+0000] {spark_submit.py:644} INFO - 25/07/08 18:37:26 INFO DAGScheduler: ResultStage 3 (count at NativeMethodAccessorImpl.java:0) finished in 0.161 s
[2025-07-08T18:37:26.055+0000] {spark_submit.py:644} INFO - 25/07/08 18:37:26 INFO DAGScheduler: Job 2 is finished. Cancelling potential speculative or zombie tasks for this job
[2025-07-08T18:37:26.055+0000] {spark_submit.py:644} INFO - 25/07/08 18:37:26 INFO TaskSchedulerImpl: Killing all running tasks in stage 3: Stage finished
[2025-07-08T18:37:26.056+0000] {spark_submit.py:644} INFO - 25/07/08 18:37:26 INFO DAGScheduler: Job 2 finished: count at NativeMethodAccessorImpl.java:0, took 0.172399 s
[2025-07-08T18:37:26.058+0000] {spark_submit.py:644} INFO - [PROCESS EXERCISES] ℹ️  Salvando 1 registros na tabela nessie.exercises.pdf_documents
[2025-07-08T18:37:26.133+0000] {spark_submit.py:644} INFO - 25/07/08 18:37:26 INFO BaseMetastoreTableOperations: Refreshing table metadata from new version: s3a://warehouse/exercises/pdf_documents_3f2f6938-06f1-4401-a884-d6a6de9720a0/metadata/00025-db2cbf5a-6ec3-4ba0-bcd5-c96de549a841.metadata.json
[2025-07-08T18:37:26.310+0000] {spark_submit.py:644} INFO - 25/07/08 18:37:26 INFO NessieUtil: loadTableMetadata for 'exercises.pdf_documents' from location 's3a://warehouse/exercises/pdf_documents_3f2f6938-06f1-4401-a884-d6a6de9720a0/metadata/00025-db2cbf5a-6ec3-4ba0-bcd5-c96de549a841.metadata.json' at 'Branch{name=main, metadata=null, hash=a13079fba34445a4635ade12ef07a1aa4ad1907b836c65eb135f621fdf13f576}'
[2025-07-08T18:37:26.330+0000] {spark_submit.py:644} INFO - 25/07/08 18:37:26 INFO BaseMetastoreCatalog: Table loaded by catalog: nessie.exercises.pdf_documents
[2025-07-08T18:37:26.938+0000] {spark_submit.py:644} INFO - 25/07/08 18:37:26 INFO BlockManagerInfo: Removed broadcast_3_piece0 on 3748f1b8240a:35293 in memory (size: 5.9 KiB, free: 434.4 MiB)
[2025-07-08T18:37:26.940+0000] {spark_submit.py:644} INFO - 25/07/08 18:37:26 INFO BlockManagerInfo: Removed broadcast_3_piece0 on 172.19.0.8:43813 in memory (size: 5.9 KiB, free: 434.4 MiB)
[2025-07-08T18:37:27.264+0000] {spark_submit.py:644} INFO - 25/07/08 18:37:27 INFO CodeGenerator: Code generated in 29.773849 ms
[2025-07-08T18:37:27.268+0000] {spark_submit.py:644} INFO - [PROCESS EXERCISES] 🔄 Salvando tabela nessie.exercises.pdf_documents em modo append
[2025-07-08T18:37:27.393+0000] {spark_submit.py:644} INFO - 25/07/08 18:37:27 INFO SparkWrite: Requesting 0 bytes advisory partition size for table nessie.exercises.pdf_documents
[2025-07-08T18:37:27.394+0000] {spark_submit.py:644} INFO - 25/07/08 18:37:27 INFO SparkWrite: Requesting UnspecifiedDistribution as write distribution for table nessie.exercises.pdf_documents
[2025-07-08T18:37:27.395+0000] {spark_submit.py:644} INFO - 25/07/08 18:37:27 INFO SparkWrite: Requesting [] as write ordering for table nessie.exercises.pdf_documents
[2025-07-08T18:37:27.423+0000] {spark_submit.py:644} INFO - 25/07/08 18:37:27 INFO CodeGenerator: Code generated in 12.225293 ms
[2025-07-08T18:37:27.437+0000] {spark_submit.py:644} INFO - 25/07/08 18:37:27 INFO MemoryStore: Block broadcast_4 stored as values in memory (estimated size 32.0 KiB, free 434.3 MiB)
[2025-07-08T18:37:27.459+0000] {spark_submit.py:644} INFO - 25/07/08 18:37:27 INFO MemoryStore: Block broadcast_4_piece0 stored as bytes in memory (estimated size 30.1 KiB, free 434.3 MiB)
[2025-07-08T18:37:27.460+0000] {spark_submit.py:644} INFO - 25/07/08 18:37:27 INFO BlockManagerInfo: Added broadcast_4_piece0 in memory on 3748f1b8240a:35293 (size: 30.1 KiB, free: 434.4 MiB)
[2025-07-08T18:37:27.460+0000] {spark_submit.py:644} INFO - 25/07/08 18:37:27 INFO SparkContext: Created broadcast 4 from broadcast at SparkWrite.java:193
[2025-07-08T18:37:27.463+0000] {spark_submit.py:644} INFO - 25/07/08 18:37:27 INFO AppendDataExec: Start processing data source write support: IcebergBatchWrite(table=nessie.exercises.pdf_documents, format=PARQUET). The input RDD has 2 partitions.
[2025-07-08T18:37:27.473+0000] {spark_submit.py:644} INFO - 25/07/08 18:37:27 INFO SparkContext: Starting job: saveAsTable at NativeMethodAccessorImpl.java:0
[2025-07-08T18:37:27.474+0000] {spark_submit.py:644} INFO - 25/07/08 18:37:27 INFO DAGScheduler: Got job 3 (saveAsTable at NativeMethodAccessorImpl.java:0) with 2 output partitions
[2025-07-08T18:37:27.475+0000] {spark_submit.py:644} INFO - 25/07/08 18:37:27 INFO DAGScheduler: Final stage: ResultStage 4 (saveAsTable at NativeMethodAccessorImpl.java:0)
[2025-07-08T18:37:27.475+0000] {spark_submit.py:644} INFO - 25/07/08 18:37:27 INFO DAGScheduler: Parents of final stage: List()
[2025-07-08T18:37:27.476+0000] {spark_submit.py:644} INFO - 25/07/08 18:37:27 INFO DAGScheduler: Missing parents: List()
[2025-07-08T18:37:27.476+0000] {spark_submit.py:644} INFO - 25/07/08 18:37:27 INFO DAGScheduler: Submitting ResultStage 4 (MapPartitionsRDD[16] at saveAsTable at NativeMethodAccessorImpl.java:0), which has no missing parents
[2025-07-08T18:37:27.477+0000] {spark_submit.py:644} INFO - 25/07/08 18:37:27 INFO MemoryStore: Block broadcast_5 stored as values in memory (estimated size 15.1 KiB, free 434.3 MiB)
[2025-07-08T18:37:27.479+0000] {spark_submit.py:644} INFO - 25/07/08 18:37:27 INFO MemoryStore: Block broadcast_5_piece0 stored as bytes in memory (estimated size 7.8 KiB, free 434.3 MiB)
[2025-07-08T18:37:27.480+0000] {spark_submit.py:644} INFO - 25/07/08 18:37:27 INFO BlockManagerInfo: Added broadcast_5_piece0 in memory on 3748f1b8240a:35293 (size: 7.8 KiB, free: 434.4 MiB)
[2025-07-08T18:37:27.481+0000] {spark_submit.py:644} INFO - 25/07/08 18:37:27 INFO SparkContext: Created broadcast 5 from broadcast at DAGScheduler.scala:1585
[2025-07-08T18:37:27.481+0000] {spark_submit.py:644} INFO - 25/07/08 18:37:27 INFO DAGScheduler: Submitting 2 missing tasks from ResultStage 4 (MapPartitionsRDD[16] at saveAsTable at NativeMethodAccessorImpl.java:0) (first 15 tasks are for partitions Vector(0, 1))
[2025-07-08T18:37:27.482+0000] {spark_submit.py:644} INFO - 25/07/08 18:37:27 INFO TaskSchedulerImpl: Adding task set 4.0 with 2 tasks resource profile 0
[2025-07-08T18:37:27.484+0000] {spark_submit.py:644} INFO - 25/07/08 18:37:27 INFO TaskSetManager: Starting task 0.0 in stage 4.0 (TID 4) (172.19.0.8, executor 0, partition 0, PROCESS_LOCAL, 9498 bytes)
[2025-07-08T18:37:27.484+0000] {spark_submit.py:644} INFO - 25/07/08 18:37:27 INFO TaskSetManager: Starting task 1.0 in stage 4.0 (TID 5) (172.19.0.8, executor 0, partition 1, PROCESS_LOCAL, 26232 bytes)
[2025-07-08T18:37:27.502+0000] {spark_submit.py:644} INFO - 25/07/08 18:37:27 INFO BlockManagerInfo: Added broadcast_5_piece0 in memory on 172.19.0.8:43813 (size: 7.8 KiB, free: 434.4 MiB)
[2025-07-08T18:37:27.631+0000] {spark_submit.py:644} INFO - 25/07/08 18:37:27 INFO BlockManagerInfo: Added broadcast_4_piece0 in memory on 172.19.0.8:43813 (size: 30.1 KiB, free: 434.4 MiB)
[2025-07-08T18:37:29.104+0000] {spark_submit.py:644} INFO - 25/07/08 18:37:29 INFO TaskSetManager: Finished task 0.0 in stage 4.0 (TID 4) in 1620 ms on 172.19.0.8 (executor 0) (1/2)
[2025-07-08T18:37:30.833+0000] {spark_submit.py:644} INFO - 25/07/08 18:37:30 INFO TaskSetManager: Finished task 1.0 in stage 4.0 (TID 5) in 3349 ms on 172.19.0.8 (executor 0) (2/2)
[2025-07-08T18:37:30.834+0000] {spark_submit.py:644} INFO - 25/07/08 18:37:30 INFO TaskSchedulerImpl: Removed TaskSet 4.0, whose tasks have all completed, from pool
[2025-07-08T18:37:30.835+0000] {spark_submit.py:644} INFO - 25/07/08 18:37:30 INFO DAGScheduler: ResultStage 4 (saveAsTable at NativeMethodAccessorImpl.java:0) finished in 3.358 s
[2025-07-08T18:37:30.835+0000] {spark_submit.py:644} INFO - 25/07/08 18:37:30 INFO DAGScheduler: Job 3 is finished. Cancelling potential speculative or zombie tasks for this job
[2025-07-08T18:37:30.836+0000] {spark_submit.py:644} INFO - 25/07/08 18:37:30 INFO TaskSchedulerImpl: Killing all running tasks in stage 4: Stage finished
[2025-07-08T18:37:30.837+0000] {spark_submit.py:644} INFO - 25/07/08 18:37:30 INFO DAGScheduler: Job 3 finished: saveAsTable at NativeMethodAccessorImpl.java:0, took 3.362486 s
[2025-07-08T18:37:30.837+0000] {spark_submit.py:644} INFO - 25/07/08 18:37:30 INFO AppendDataExec: Data source write support IcebergBatchWrite(table=nessie.exercises.pdf_documents, format=PARQUET) is committing.
[2025-07-08T18:37:30.891+0000] {spark_submit.py:644} INFO - 25/07/08 18:37:30 INFO SparkWrite: Committing append with 1 new data files to table nessie.exercises.pdf_documents
[2025-07-08T18:37:32.110+0000] {spark_submit.py:644} INFO - 25/07/08 18:37:32 INFO BlockManagerInfo: Removed broadcast_5_piece0 on 3748f1b8240a:35293 in memory (size: 7.8 KiB, free: 434.4 MiB)
[2025-07-08T18:37:32.112+0000] {spark_submit.py:644} INFO - 25/07/08 18:37:32 INFO BlockManagerInfo: Removed broadcast_5_piece0 on 172.19.0.8:43813 in memory (size: 7.8 KiB, free: 434.4 MiB)
[2025-07-08T18:37:32.192+0000] {spark_submit.py:644} INFO - 25/07/08 18:37:32 INFO BlockManagerInfo: Removed broadcast_2_piece0 on 3748f1b8240a:35293 in memory (size: 8.4 KiB, free: 434.4 MiB)
[2025-07-08T18:37:32.239+0000] {spark_submit.py:644} INFO - 25/07/08 18:37:32 INFO BlockManagerInfo: Removed broadcast_2_piece0 on 172.19.0.8:43813 in memory (size: 8.4 KiB, free: 434.4 MiB)
[2025-07-08T18:37:36.733+0000] {spark_submit.py:644} INFO - 25/07/08 18:37:36 INFO NessieIcebergClient: Committed 'exercises.pdf_documents' against 'Branch{name=main, metadata=null, hash=00ed844587c0e07a7aa9f80ef7f9214325ced08e22914769bcb283bb814661df}', expected commit-id was 'a13079fba34445a4635ade12ef07a1aa4ad1907b836c65eb135f621fdf13f576'
[2025-07-08T18:37:36.734+0000] {spark_submit.py:644} INFO - 25/07/08 18:37:36 INFO BaseMetastoreTableOperations: Successfully committed to table exercises.pdf_documents in 2507 ms
[2025-07-08T18:37:36.735+0000] {spark_submit.py:644} INFO - 25/07/08 18:37:36 INFO SnapshotProducer: Committed snapshot 6903287604490395751 (MergeAppend)
[2025-07-08T18:37:36.764+0000] {spark_submit.py:644} INFO - 25/07/08 18:37:36 INFO BaseMetastoreTableOperations: Refreshing table metadata from new version: s3a://warehouse/exercises/pdf_documents_3f2f6938-06f1-4401-a884-d6a6de9720a0/metadata/00026-9695b851-8363-40fe-9b61-abaec3e29020.metadata.json
[2025-07-08T18:37:36.777+0000] {spark_submit.py:644} INFO - 25/07/08 18:37:36 INFO NessieUtil: loadTableMetadata for 'exercises.pdf_documents' from location 's3a://warehouse/exercises/pdf_documents_3f2f6938-06f1-4401-a884-d6a6de9720a0/metadata/00026-9695b851-8363-40fe-9b61-abaec3e29020.metadata.json' at 'Branch{name=main, metadata=null, hash=00ed844587c0e07a7aa9f80ef7f9214325ced08e22914769bcb283bb814661df}'
[2025-07-08T18:37:36.813+0000] {spark_submit.py:644} INFO - 25/07/08 18:37:36 INFO LoggingMetricsReporter: Received metrics report: CommitReport{tableName=nessie.exercises.pdf_documents, snapshotId=6903287604490395751, sequenceNumber=27, operation=append, commitMetrics=CommitMetricsResult{totalDuration=TimerResult{timeUnit=NANOSECONDS, totalDuration=PT5.840483791S, count=1}, attempts=CounterResult{unit=COUNT, value=1}, addedDataFiles=CounterResult{unit=COUNT, value=1}, removedDataFiles=null, totalDataFiles=CounterResult{unit=COUNT, value=27}, addedDeleteFiles=null, addedEqualityDeleteFiles=null, addedPositionalDeleteFiles=null, addedDVs=null, removedDeleteFiles=null, removedEqualityDeleteFiles=null, removedPositionalDeleteFiles=null, removedDVs=null, totalDeleteFiles=CounterResult{unit=COUNT, value=0}, addedRecords=CounterResult{unit=COUNT, value=1}, removedRecords=null, totalRecords=CounterResult{unit=COUNT, value=27}, addedFilesSizeInBytes=CounterResult{unit=BYTES, value=8842}, removedFilesSizeInBytes=null, totalFilesSizeInBytes=CounterResult{unit=BYTES, value=209132}, addedPositionalDeletes=null, removedPositionalDeletes=null, totalPositionalDeletes=CounterResult{unit=COUNT, value=0}, addedEqualityDeletes=null, removedEqualityDeletes=null, totalEqualityDeletes=CounterResult{unit=COUNT, value=0}}, metadata={engine-version=3.5.5, app-id=app-20250708183701-0015, engine-name=spark, iceberg-version=Apache Iceberg 1.8.1 (commit 9ce0fcf0af7becf25ad9fc996c3bad2afdcfd33d)}}
[2025-07-08T18:37:36.813+0000] {spark_submit.py:644} INFO - 25/07/08 18:37:36 INFO SparkWrite: Committed in 5921 ms
[2025-07-08T18:37:36.814+0000] {spark_submit.py:644} INFO - 25/07/08 18:37:36 INFO AppendDataExec: Data source write support IcebergBatchWrite(table=nessie.exercises.pdf_documents, format=PARQUET) committed.
[2025-07-08T18:37:36.815+0000] {spark_submit.py:644} INFO - [PROCESS EXERCISES] ✅ Tabela nessie.exercises.pdf_documents salva com sucesso (1 registros)
[2025-07-08T18:37:36.816+0000] {spark_submit.py:644} INFO - [PROCESS EXERCISES] 🔄 === FASE 2: PROCESSAMENTO DE SIMULAÇÕES ===
[2025-07-08T18:37:36.816+0000] {spark_submit.py:644} INFO - [PROCESS EXERCISES] 🔄 Iniciando processamento de simulações
[2025-07-08T18:37:36.817+0000] {spark_submit.py:644} INFO - [PROCESS EXERCISES] ℹ️  Buscando arquivos de simulação em: exercises/CA-LESTE-construtiva-4DE-2025-07-08/simulations/172.19.0.14_2025-07-08
[2025-07-08T18:37:36.818+0000] {spark_submit.py:644} INFO - [PROCESS EXERCISES] ℹ️  Buscando arquivos em: s3a://bronze/exercises/CA-LESTE-construtiva-4DE-2025-07-08/simulations/172.19.0.14_2025-07-08/
[2025-07-08T18:37:36.856+0000] {spark_submit.py:644} INFO - 25/07/08 18:37:36 INFO InMemoryFileIndex: It took 8 ms to list leaf files for 1 paths.
[2025-07-08T18:37:36.899+0000] {spark_submit.py:644} INFO - 25/07/08 18:37:36 INFO FileSourceStrategy: Pushed Filters:
[2025-07-08T18:37:36.900+0000] {spark_submit.py:644} INFO - 25/07/08 18:37:36 INFO FileSourceStrategy: Post-Scan Filters:
[2025-07-08T18:37:36.905+0000] {spark_submit.py:644} INFO - 25/07/08 18:37:36 INFO MemoryStore: Block broadcast_6 stored as values in memory (estimated size 203.7 KiB, free 434.1 MiB)
[2025-07-08T18:37:36.915+0000] {spark_submit.py:644} INFO - 25/07/08 18:37:36 INFO MemoryStore: Block broadcast_6_piece0 stored as bytes in memory (estimated size 35.7 KiB, free 434.1 MiB)
[2025-07-08T18:37:36.916+0000] {spark_submit.py:644} INFO - 25/07/08 18:37:36 INFO BlockManagerInfo: Added broadcast_6_piece0 in memory on 3748f1b8240a:35293 (size: 35.7 KiB, free: 434.3 MiB)
[2025-07-08T18:37:36.917+0000] {spark_submit.py:644} INFO - 25/07/08 18:37:36 INFO SparkContext: Created broadcast 6 from collect at /opt/bitnami/spark/jobs/process_exercises_job.py:430
[2025-07-08T18:37:36.918+0000] {spark_submit.py:644} INFO - 25/07/08 18:37:36 INFO FileSourceScanExec: Planning scan with bin packing, max size: 10487545 bytes, open cost is considered as scanning 4194304 bytes.
[2025-07-08T18:37:36.926+0000] {spark_submit.py:644} INFO - 25/07/08 18:37:36 INFO SparkContext: Starting job: collect at /opt/bitnami/spark/jobs/process_exercises_job.py:430
[2025-07-08T18:37:36.927+0000] {spark_submit.py:644} INFO - 25/07/08 18:37:36 INFO DAGScheduler: Got job 4 (collect at /opt/bitnami/spark/jobs/process_exercises_job.py:430) with 2 output partitions
[2025-07-08T18:37:36.927+0000] {spark_submit.py:644} INFO - 25/07/08 18:37:36 INFO DAGScheduler: Final stage: ResultStage 5 (collect at /opt/bitnami/spark/jobs/process_exercises_job.py:430)
[2025-07-08T18:37:36.928+0000] {spark_submit.py:644} INFO - 25/07/08 18:37:36 INFO DAGScheduler: Parents of final stage: List()
[2025-07-08T18:37:36.928+0000] {spark_submit.py:644} INFO - 25/07/08 18:37:36 INFO DAGScheduler: Missing parents: List()
[2025-07-08T18:37:36.929+0000] {spark_submit.py:644} INFO - 25/07/08 18:37:36 INFO DAGScheduler: Submitting ResultStage 5 (MapPartitionsRDD[19] at collect at /opt/bitnami/spark/jobs/process_exercises_job.py:430), which has no missing parents
[2025-07-08T18:37:36.930+0000] {spark_submit.py:644} INFO - 25/07/08 18:37:36 INFO MemoryStore: Block broadcast_7 stored as values in memory (estimated size 9.4 KiB, free 434.1 MiB)
[2025-07-08T18:37:36.931+0000] {spark_submit.py:644} INFO - 25/07/08 18:37:36 INFO MemoryStore: Block broadcast_7_piece0 stored as bytes in memory (estimated size 4.7 KiB, free 434.1 MiB)
[2025-07-08T18:37:36.932+0000] {spark_submit.py:644} INFO - 25/07/08 18:37:36 INFO BlockManagerInfo: Added broadcast_7_piece0 in memory on 3748f1b8240a:35293 (size: 4.7 KiB, free: 434.3 MiB)
[2025-07-08T18:37:36.933+0000] {spark_submit.py:644} INFO - 25/07/08 18:37:36 INFO SparkContext: Created broadcast 7 from broadcast at DAGScheduler.scala:1585
[2025-07-08T18:37:36.934+0000] {spark_submit.py:644} INFO - 25/07/08 18:37:36 INFO DAGScheduler: Submitting 2 missing tasks from ResultStage 5 (MapPartitionsRDD[19] at collect at /opt/bitnami/spark/jobs/process_exercises_job.py:430) (first 15 tasks are for partitions Vector(0, 1))
[2025-07-08T18:37:36.934+0000] {spark_submit.py:644} INFO - 25/07/08 18:37:36 INFO TaskSchedulerImpl: Adding task set 5.0 with 2 tasks resource profile 0
[2025-07-08T18:37:36.935+0000] {spark_submit.py:644} INFO - 25/07/08 18:37:36 INFO TaskSetManager: Starting task 0.0 in stage 5.0 (TID 6) (172.19.0.8, executor 0, partition 0, PROCESS_LOCAL, 10561 bytes)
[2025-07-08T18:37:36.936+0000] {spark_submit.py:644} INFO - 25/07/08 18:37:36 INFO TaskSetManager: Starting task 1.0 in stage 5.0 (TID 7) (172.19.0.8, executor 0, partition 1, PROCESS_LOCAL, 10380 bytes)
[2025-07-08T18:37:36.949+0000] {spark_submit.py:644} INFO - 25/07/08 18:37:36 INFO BlockManagerInfo: Added broadcast_7_piece0 in memory on 172.19.0.8:43813 (size: 4.7 KiB, free: 434.4 MiB)
[2025-07-08T18:37:36.977+0000] {spark_submit.py:644} INFO - 25/07/08 18:37:36 INFO BlockManagerInfo: Added broadcast_6_piece0 in memory on 172.19.0.8:43813 (size: 35.7 KiB, free: 434.3 MiB)
[2025-07-08T18:37:37.018+0000] {spark_submit.py:644} INFO - 25/07/08 18:37:37 INFO TaskSetManager: Finished task 1.0 in stage 5.0 (TID 7) in 82 ms on 172.19.0.8 (executor 0) (1/2)
[2025-07-08T18:37:37.022+0000] {spark_submit.py:644} INFO - 25/07/08 18:37:37 INFO TaskSetManager: Finished task 0.0 in stage 5.0 (TID 6) in 87 ms on 172.19.0.8 (executor 0) (2/2)
[2025-07-08T18:37:37.023+0000] {spark_submit.py:644} INFO - 25/07/08 18:37:37 INFO TaskSchedulerImpl: Removed TaskSet 5.0, whose tasks have all completed, from pool
[2025-07-08T18:37:37.024+0000] {spark_submit.py:644} INFO - 25/07/08 18:37:37 INFO DAGScheduler: ResultStage 5 (collect at /opt/bitnami/spark/jobs/process_exercises_job.py:430) finished in 0.095 s
[2025-07-08T18:37:37.025+0000] {spark_submit.py:644} INFO - 25/07/08 18:37:37 INFO DAGScheduler: Job 4 is finished. Cancelling potential speculative or zombie tasks for this job
[2025-07-08T18:37:37.026+0000] {spark_submit.py:644} INFO - 25/07/08 18:37:37 INFO TaskSchedulerImpl: Killing all running tasks in stage 5: Stage finished
[2025-07-08T18:37:37.026+0000] {spark_submit.py:644} INFO - 25/07/08 18:37:37 INFO DAGScheduler: Job 4 finished: collect at /opt/bitnami/spark/jobs/process_exercises_job.py:430, took 0.098661 s
[2025-07-08T18:37:37.032+0000] {spark_submit.py:644} INFO - [PROCESS EXERCISES] ℹ️  Encontrados 4 arquivos Protobuf (.pb)
[2025-07-08T18:37:37.033+0000] {spark_submit.py:644} INFO - [PROCESS EXERCISES] ℹ️  Encontrados 4 arquivos do tipo PROTO
[2025-07-08T18:37:37.034+0000] {spark_submit.py:644} INFO - [PROCESS EXERCISES] 🔄 Processando 4 arquivos Protobuf
[2025-07-08T18:37:37.035+0000] {spark_submit.py:644} INFO - [PROCESS EXERCISES] ℹ️  Processando arquivo Protobuf: s3a://bronze/exercises/CA-LESTE-construtiva-4DE-2025-07-08/simulations/172.19.0.14_2025-07-08/18-25.56/session-proto_3.pb
[2025-07-08T18:37:37.075+0000] {spark_submit.py:644} INFO - 25/07/08 18:37:37 INFO InMemoryFileIndex: It took 15 ms to list leaf files for 1 paths.
[2025-07-08T18:37:37.205+0000] {spark_submit.py:644} INFO - ======Column<'proto_data'>======
[2025-07-08T18:37:37.554+0000] {spark_submit.py:644} INFO - 25/07/08 18:37:37 INFO BlockManagerInfo: Removed broadcast_7_piece0 on 3748f1b8240a:35293 in memory (size: 4.7 KiB, free: 434.3 MiB)
[2025-07-08T18:37:37.630+0000] {spark_submit.py:644} INFO - 25/07/08 18:37:37 INFO BlockManagerInfo: Removed broadcast_7_piece0 on 172.19.0.8:43813 in memory (size: 4.7 KiB, free: 434.3 MiB)
[2025-07-08T18:37:37.631+0000] {spark_submit.py:644} INFO - 25/07/08 18:37:37 INFO BlockManagerInfo: Removed broadcast_4_piece0 on 3748f1b8240a:35293 in memory (size: 30.1 KiB, free: 434.4 MiB)
[2025-07-08T18:37:37.688+0000] {spark_submit.py:644} INFO - 25/07/08 18:37:37 INFO BlockManagerInfo: Removed broadcast_4_piece0 on 172.19.0.8:43813 in memory (size: 30.1 KiB, free: 434.4 MiB)
[2025-07-08T18:37:37.850+0000] {spark_submit.py:644} INFO - [PROCESS EXERCISES] ❌ Erro crítico ao processar arquivo Protobuf s3a://bronze/exercises/CA-LESTE-construtiva-4DE-2025-07-08/simulations/172.19.0.14_2025-07-08/18-25.56/session-proto_3.pb: [UNRESOLVED_COLUMN.WITH_SUGGESTION] A column or function parameter with name `proto` cannot be resolved. Did you mean one of the following? [`exercise_id`, `context`, `client_id`, `knowledge_id`, `group_id`, `latitude`, `longitude`, `altitude`, `timestamp`, `processed_at`].
[2025-07-08T18:37:37.855+0000] {spark_submit.py:644} INFO - [PROCESS EXERCISES] ❌ Erro crítico no processamento de simulações: Falha no processamento Protobuf: [UNRESOLVED_COLUMN.WITH_SUGGESTION] A column or function parameter with name `proto` cannot be resolved. Did you mean one of the following? [`exercise_id`, `context`, `client_id`, `knowledge_id`, `group_id`, `latitude`, `longitude`, `altitude`, `timestamp`, `processed_at`].
[2025-07-08T18:37:37.856+0000] {spark_submit.py:644} INFO - [PROCESS EXERCISES] ❌ Erro crítico durante o processamento: Falha no processamento de simulações: Falha no processamento Protobuf: [UNRESOLVED_COLUMN.WITH_SUGGESTION] A column or function parameter with name `proto` cannot be resolved. Did you mean one of the following? [`exercise_id`, `context`, `client_id`, `knowledge_id`, `group_id`, `latitude`, `longitude`, `altitude`, `timestamp`, `processed_at`].
[2025-07-08T18:37:37.856+0000] {spark_submit.py:644} INFO - [PROCESS EXERCISES] 🔄 Finalizando sessão Spark
[2025-07-08T18:37:37.857+0000] {spark_submit.py:644} INFO - 25/07/08 18:37:37 INFO SparkContext: SparkContext is stopping with exitCode 0.
[2025-07-08T18:37:37.890+0000] {spark_submit.py:644} INFO - 25/07/08 18:37:37 INFO SparkUI: Stopped Spark web UI at http://3748f1b8240a:4040
[2025-07-08T18:37:37.895+0000] {spark_submit.py:644} INFO - 25/07/08 18:37:37 INFO StandaloneSchedulerBackend: Shutting down all executors
[2025-07-08T18:37:37.896+0000] {spark_submit.py:644} INFO - 25/07/08 18:37:37 INFO StandaloneSchedulerBackend$StandaloneDriverEndpoint: Asking each executor to shut down
[2025-07-08T18:37:37.924+0000] {spark_submit.py:644} INFO - 25/07/08 18:37:37 INFO MapOutputTrackerMasterEndpoint: MapOutputTrackerMasterEndpoint stopped!
[2025-07-08T18:37:38.014+0000] {spark_submit.py:644} INFO - 25/07/08 18:37:38 INFO MemoryStore: MemoryStore cleared
[2025-07-08T18:37:38.015+0000] {spark_submit.py:644} INFO - 25/07/08 18:37:38 INFO BlockManager: BlockManager stopped
[2025-07-08T18:37:38.018+0000] {spark_submit.py:644} INFO - 25/07/08 18:37:38 INFO BlockManagerMaster: BlockManagerMaster stopped
[2025-07-08T18:37:38.022+0000] {spark_submit.py:644} INFO - 25/07/08 18:37:38 INFO OutputCommitCoordinator$OutputCommitCoordinatorEndpoint: OutputCommitCoordinator stopped!
[2025-07-08T18:37:38.033+0000] {spark_submit.py:644} INFO - 25/07/08 18:37:38 INFO SparkContext: Successfully stopped SparkContext
[2025-07-08T18:37:38.851+0000] {spark_submit.py:644} INFO - [PROCESS EXERCISES] ✅ Sessão Spark finalizada com sucesso
[2025-07-08T18:37:38.976+0000] {spark_submit.py:644} INFO - 25/07/08 18:37:38 INFO ShutdownHookManager: Shutdown hook called
[2025-07-08T18:37:38.977+0000] {spark_submit.py:644} INFO - 25/07/08 18:37:38 INFO ShutdownHookManager: Deleting directory /tmp/spark-d7b14d27-3734-486e-aff5-fd77402f7068
[2025-07-08T18:37:38.982+0000] {spark_submit.py:644} INFO - 25/07/08 18:37:38 INFO ShutdownHookManager: Deleting directory /tmp/spark-d7b14d27-3734-486e-aff5-fd77402f7068/pyspark-9b2521a9-62d3-4575-8f25-bc45136e50d1
[2025-07-08T18:37:38.987+0000] {spark_submit.py:644} INFO - 25/07/08 18:37:38 INFO ShutdownHookManager: Deleting directory /tmp/spark-f9c55838-7122-4d3b-a438-790c92b1206c
[2025-07-08T18:37:38.999+0000] {spark_submit.py:644} INFO - 25/07/08 18:37:38 INFO MetricsSystemImpl: Stopping s3a-file-system metrics system...
[2025-07-08T18:37:39.000+0000] {spark_submit.py:644} INFO - 25/07/08 18:37:38 INFO MetricsSystemImpl: s3a-file-system metrics system stopped.
[2025-07-08T18:37:39.001+0000] {spark_submit.py:644} INFO - 25/07/08 18:37:39 INFO MetricsSystemImpl: s3a-file-system metrics system shutdown complete.
[2025-07-08T18:37:39.381+0000] {taskinstance.py:3336} ERROR - Task failed with exception
Traceback (most recent call last):
  File "/home/airflow/.local/lib/python3.12/site-packages/airflow/models/taskinstance.py", line 776, in _execute_task
    result = _execute_callable(context=context, **execute_callable_kwargs)
             ^^^^^^^^^^^^^^^^^^^^^^^^^^^^^^^^^^^^^^^^^^^^^^^^^^^^^^^^^^^^^
  File "/home/airflow/.local/lib/python3.12/site-packages/airflow/models/taskinstance.py", line 742, in _execute_callable
    return ExecutionCallableRunner(
           ^^^^^^^^^^^^^^^^^^^^^^^^
  File "/home/airflow/.local/lib/python3.12/site-packages/airflow/utils/operator_helpers.py", line 252, in run
    return self.func(*args, **kwargs)
           ^^^^^^^^^^^^^^^^^^^^^^^^^^
  File "/home/airflow/.local/lib/python3.12/site-packages/airflow/models/baseoperator.py", line 424, in wrapper
    return func(self, *args, **kwargs)
           ^^^^^^^^^^^^^^^^^^^^^^^^^^^
  File "/home/airflow/.local/lib/python3.12/site-packages/airflow/providers/apache/spark/operators/spark_submit.py", line 197, in execute
    self._hook.submit(self.application)
  File "/home/airflow/.local/lib/python3.12/site-packages/airflow/providers/apache/spark/hooks/spark_submit.py", line 566, in submit
    raise AirflowException(
airflow.exceptions.AirflowException: Cannot execute: spark-submit --master spark://spark-master:7077 --jars /opt/bitnami/spark/jars/iceberg-spark-runtime-3.5_2.12-1.8.1.jar,/opt/bitnami/spark/jars/nessie-spark-extensions-3.5_2.12-0.103.2.jar,/opt/bitnami/spark/jars/nessie-client-0.103.2.jar,/opt/bitnami/spark/jars/hadoop-aws-3.3.2.jar,/opt/bitnami/spark/jars/aws-java-sdk-bundle-1.12.262.jar, --name arrow-spark --deploy-mode client /opt/bitnami/spark/jobs/process_exercises_job.py {"id": "CA-LESTE-construtiva-4DE-2025-07-08", "manifest_entry": {"data": {"createdAt": "2025-07-08T18:27:58.496Z", "origin": "CA-LESTE", "path": "exercises/CA-LESTE-construtiva-4DE-2025-07-08"}, "id": "CA-LESTE-construtiva-4DE-2025-07-08"}, "metadata": {"createdAt": "2025-07-08T18:27:58.496Z", "description": "4DE", "documents": [{"description": "", "id": "1751999288885", "mimetype": "application/pdf", "name": "Op Jacui IV - Ordem de Operacoes.pdf", "path": "exercises/CA-LESTE-construtiva-4DE-2025-07-08/documents/Op Jacui IV - Ordem de Operacoes.pdf", "size": 336744, "uploadedAt": "2025-07-08T18:28:08.885Z"}], "endDate": "2025-07-10", "id": "CA-LESTE-construtiva-4DE-2025-07-08", "name": "Jogo de Guerra", "origin": "CA-LESTE", "simulationType": "construtiva", "simulations": [{"id": "172.19.0.14_2025-07-08", "movedAt": "2025-07-08T18:28:17.872Z", "name": "172.19.0.14_2025-07-08", "originalPath": "staging/172.19.0.14_2025-07-08", "path": "exercises/CA-LESTE-construtiva-4DE-2025-07-08/simulations/172.19.0.14_2025-07-08"}], "startDate": "2025-07-08", "trainedForce": "4 Divis\u00e3o de Ex\u00e9rcito", "updatedAt": "2025-07-08T18:28:17.873Z", "wikiUrl": ""}}. Error code is: 1.
[2025-07-08T18:37:39.432+0000] {taskinstance.py:1242} INFO - Marking task as FAILED. dag_id=process_exercises, task_id=process_exercises, run_id=manual__2025-07-08T18:36:46.978900+00:00, execution_date=20250708T183646, start_date=20250708T183652, end_date=20250708T183739
[2025-07-08T18:37:39.588+0000] {taskinstance.py:349} INFO - ::group::Post task execution logs
[2025-07-08T18:37:39.590+0000] {standard_task_runner.py:124} ERROR - Failed to execute job 179 for task process_exercises (Cannot execute: spark-submit --master spark://spark-master:7077 --jars /opt/bitnami/spark/jars/iceberg-spark-runtime-3.5_2.12-1.8.1.jar,/opt/bitnami/spark/jars/nessie-spark-extensions-3.5_2.12-0.103.2.jar,/opt/bitnami/spark/jars/nessie-client-0.103.2.jar,/opt/bitnami/spark/jars/hadoop-aws-3.3.2.jar,/opt/bitnami/spark/jars/aws-java-sdk-bundle-1.12.262.jar, --name arrow-spark --deploy-mode client /opt/bitnami/spark/jobs/process_exercises_job.py {"id": "CA-LESTE-construtiva-4DE-2025-07-08", "manifest_entry": {"data": {"createdAt": "2025-07-08T18:27:58.496Z", "origin": "CA-LESTE", "path": "exercises/CA-LESTE-construtiva-4DE-2025-07-08"}, "id": "CA-LESTE-construtiva-4DE-2025-07-08"}, "metadata": {"createdAt": "2025-07-08T18:27:58.496Z", "description": "4DE", "documents": [{"description": "", "id": "1751999288885", "mimetype": "application/pdf", "name": "Op Jacui IV - Ordem de Operacoes.pdf", "path": "exercises/CA-LESTE-construtiva-4DE-2025-07-08/documents/Op Jacui IV - Ordem de Operacoes.pdf", "size": 336744, "uploadedAt": "2025-07-08T18:28:08.885Z"}], "endDate": "2025-07-10", "id": "CA-LESTE-construtiva-4DE-2025-07-08", "name": "Jogo de Guerra", "origin": "CA-LESTE", "simulationType": "construtiva", "simulations": [{"id": "172.19.0.14_2025-07-08", "movedAt": "2025-07-08T18:28:17.872Z", "name": "172.19.0.14_2025-07-08", "originalPath": "staging/172.19.0.14_2025-07-08", "path": "exercises/CA-LESTE-construtiva-4DE-2025-07-08/simulations/172.19.0.14_2025-07-08"}], "startDate": "2025-07-08", "trainedForce": "4 Divis\u00e3o de Ex\u00e9rcito", "updatedAt": "2025-07-08T18:28:17.873Z", "wikiUrl": ""}}. Error code is: 1.; 10874)
Traceback (most recent call last):
  File "/home/airflow/.local/lib/python3.12/site-packages/airflow/task/task_runner/standard_task_runner.py", line 117, in _start_by_fork
    ret = args.func(args, dag=self.dag)
          ^^^^^^^^^^^^^^^^^^^^^^^^^^^^^
  File "/home/airflow/.local/lib/python3.12/site-packages/airflow/cli/cli_config.py", line 49, in command
    return func(*args, **kwargs)
           ^^^^^^^^^^^^^^^^^^^^^
  File "/home/airflow/.local/lib/python3.12/site-packages/airflow/utils/cli.py", line 116, in wrapper
    return f(*args, **kwargs)
           ^^^^^^^^^^^^^^^^^^
  File "/home/airflow/.local/lib/python3.12/site-packages/airflow/cli/commands/task_command.py", line 483, in task_run
    task_return_code = _run_task_by_selected_method(args, _dag, ti)
                       ^^^^^^^^^^^^^^^^^^^^^^^^^^^^^^^^^^^^^^^^^^^^
  File "/home/airflow/.local/lib/python3.12/site-packages/airflow/cli/commands/task_command.py", line 256, in _run_task_by_selected_method
    return _run_raw_task(args, ti)
           ^^^^^^^^^^^^^^^^^^^^^^^
  File "/home/airflow/.local/lib/python3.12/site-packages/airflow/cli/commands/task_command.py", line 341, in _run_raw_task
    return ti._run_raw_task(
           ^^^^^^^^^^^^^^^^^
  File "/home/airflow/.local/lib/python3.12/site-packages/airflow/utils/session.py", line 97, in wrapper
    return func(*args, session=session, **kwargs)
           ^^^^^^^^^^^^^^^^^^^^^^^^^^^^^^^^^^^^^^
  File "/home/airflow/.local/lib/python3.12/site-packages/airflow/models/taskinstance.py", line 3029, in _run_raw_task
    return _run_raw_task(
           ^^^^^^^^^^^^^^
  File "/home/airflow/.local/lib/python3.12/site-packages/airflow/models/taskinstance.py", line 282, in _run_raw_task
    TaskInstance._execute_task_with_callbacks(
  File "/home/airflow/.local/lib/python3.12/site-packages/airflow/models/taskinstance.py", line 3184, in _execute_task_with_callbacks
    result = self._execute_task(context, task_orig)
             ^^^^^^^^^^^^^^^^^^^^^^^^^^^^^^^^^^^^^^
  File "/home/airflow/.local/lib/python3.12/site-packages/airflow/models/taskinstance.py", line 3208, in _execute_task
    return _execute_task(self, context, task_orig)
           ^^^^^^^^^^^^^^^^^^^^^^^^^^^^^^^^^^^^^^^
  File "/home/airflow/.local/lib/python3.12/site-packages/airflow/models/taskinstance.py", line 776, in _execute_task
    result = _execute_callable(context=context, **execute_callable_kwargs)
             ^^^^^^^^^^^^^^^^^^^^^^^^^^^^^^^^^^^^^^^^^^^^^^^^^^^^^^^^^^^^^
  File "/home/airflow/.local/lib/python3.12/site-packages/airflow/models/taskinstance.py", line 742, in _execute_callable
    return ExecutionCallableRunner(
           ^^^^^^^^^^^^^^^^^^^^^^^^
  File "/home/airflow/.local/lib/python3.12/site-packages/airflow/utils/operator_helpers.py", line 252, in run
    return self.func(*args, **kwargs)
           ^^^^^^^^^^^^^^^^^^^^^^^^^^
  File "/home/airflow/.local/lib/python3.12/site-packages/airflow/models/baseoperator.py", line 424, in wrapper
    return func(self, *args, **kwargs)
           ^^^^^^^^^^^^^^^^^^^^^^^^^^^
  File "/home/airflow/.local/lib/python3.12/site-packages/airflow/providers/apache/spark/operators/spark_submit.py", line 197, in execute
    self._hook.submit(self.application)
  File "/home/airflow/.local/lib/python3.12/site-packages/airflow/providers/apache/spark/hooks/spark_submit.py", line 566, in submit
    raise AirflowException(
airflow.exceptions.AirflowException: Cannot execute: spark-submit --master spark://spark-master:7077 --jars /opt/bitnami/spark/jars/iceberg-spark-runtime-3.5_2.12-1.8.1.jar,/opt/bitnami/spark/jars/nessie-spark-extensions-3.5_2.12-0.103.2.jar,/opt/bitnami/spark/jars/nessie-client-0.103.2.jar,/opt/bitnami/spark/jars/hadoop-aws-3.3.2.jar,/opt/bitnami/spark/jars/aws-java-sdk-bundle-1.12.262.jar, --name arrow-spark --deploy-mode client /opt/bitnami/spark/jobs/process_exercises_job.py {"id": "CA-LESTE-construtiva-4DE-2025-07-08", "manifest_entry": {"data": {"createdAt": "2025-07-08T18:27:58.496Z", "origin": "CA-LESTE", "path": "exercises/CA-LESTE-construtiva-4DE-2025-07-08"}, "id": "CA-LESTE-construtiva-4DE-2025-07-08"}, "metadata": {"createdAt": "2025-07-08T18:27:58.496Z", "description": "4DE", "documents": [{"description": "", "id": "1751999288885", "mimetype": "application/pdf", "name": "Op Jacui IV - Ordem de Operacoes.pdf", "path": "exercises/CA-LESTE-construtiva-4DE-2025-07-08/documents/Op Jacui IV - Ordem de Operacoes.pdf", "size": 336744, "uploadedAt": "2025-07-08T18:28:08.885Z"}], "endDate": "2025-07-10", "id": "CA-LESTE-construtiva-4DE-2025-07-08", "name": "Jogo de Guerra", "origin": "CA-LESTE", "simulationType": "construtiva", "simulations": [{"id": "172.19.0.14_2025-07-08", "movedAt": "2025-07-08T18:28:17.872Z", "name": "172.19.0.14_2025-07-08", "originalPath": "staging/172.19.0.14_2025-07-08", "path": "exercises/CA-LESTE-construtiva-4DE-2025-07-08/simulations/172.19.0.14_2025-07-08"}], "startDate": "2025-07-08", "trainedForce": "4 Divis\u00e3o de Ex\u00e9rcito", "updatedAt": "2025-07-08T18:28:17.873Z", "wikiUrl": ""}}. Error code is: 1.
[2025-07-08T18:37:39.653+0000] {local_task_job_runner.py:266} INFO - Task exited with return code 1
[2025-07-08T18:37:39.715+0000] {taskinstance.py:3924} INFO - 0 downstream tasks scheduled from follow-on schedule check
[2025-07-08T18:37:39.752+0000] {local_task_job_runner.py:245} INFO - ::endgroup::
