[2025-07-09T18:34:55.004+0000] {local_task_job_runner.py:123} INFO - ::group::Pre task execution logs
[2025-07-09T18:34:55.039+0000] {taskinstance.py:2631} INFO - Dependencies all met for dep_context=non-requeueable deps ti=<TaskInstance: process_exercises.process_exercises manual__2025-07-09T18:34:51.280904+00:00 [queued]>
[2025-07-09T18:34:55.050+0000] {taskinstance.py:2631} INFO - Dependencies all met for dep_context=requeueable deps ti=<TaskInstance: process_exercises.process_exercises manual__2025-07-09T18:34:51.280904+00:00 [queued]>
[2025-07-09T18:34:55.050+0000] {taskinstance.py:2884} INFO - Starting attempt 1 of 1
[2025-07-09T18:34:55.097+0000] {taskinstance.py:2907} INFO - Executing <Task(SparkSubmitOperator): process_exercises> on 2025-07-09 18:34:51.280904+00:00
[2025-07-09T18:34:55.104+0000] {logging_mixin.py:190} WARNING - /home/airflow/.local/lib/python3.12/site-packages/airflow/task/task_runner/standard_task_runner.py:70 DeprecationWarning: This process (pid=3497) is multi-threaded, use of fork() may lead to deadlocks in the child.
[2025-07-09T18:34:55.105+0000] {standard_task_runner.py:72} INFO - Started process 3498 to run task
[2025-07-09T18:34:55.104+0000] {standard_task_runner.py:104} INFO - Running: ['airflow', 'tasks', 'run', 'process_exercises', 'process_exercises', 'manual__2025-07-09T18:34:51.280904+00:00', '--job-id', '239', '--raw', '--subdir', 'DAGS_FOLDER/process_exercises.py', '--cfg-path', '/tmp/tmpko9ftnvo']
[2025-07-09T18:34:55.107+0000] {standard_task_runner.py:105} INFO - Job 239: Subtask process_exercises
[2025-07-09T18:34:55.209+0000] {task_command.py:467} INFO - Running <TaskInstance: process_exercises.process_exercises manual__2025-07-09T18:34:51.280904+00:00 [running]> on host 38b7408c68d7
[2025-07-09T18:34:55.423+0000] {taskinstance.py:3157} INFO - Exporting env vars: AIRFLOW_CTX_DAG_OWNER='airflow' AIRFLOW_CTX_DAG_ID='process_exercises' AIRFLOW_CTX_TASK_ID='process_exercises' AIRFLOW_CTX_EXECUTION_DATE='2025-07-09T18:34:51.280904+00:00' AIRFLOW_CTX_TRY_NUMBER='1' AIRFLOW_CTX_DAG_RUN_ID='manual__2025-07-09T18:34:51.280904+00:00'
[2025-07-09T18:34:55.424+0000] {taskinstance.py:740} INFO - ::endgroup::
[2025-07-09T18:34:55.462+0000] {base.py:84} INFO - Retrieving connection 'spark-ebsim'
[2025-07-09T18:34:55.470+0000] {spark_submit.py:474} INFO - Spark-Submit cmd: spark-submit --master spark://spark-master:7077 --jars /opt/bitnami/spark/jars/iceberg-spark-runtime-3.5_2.12-1.8.1.jar,/opt/bitnami/spark/jars/nessie-spark-extensions-3.5_2.12-0.103.2.jar,/opt/bitnami/spark/jars/nessie-client-0.103.2.jar,/opt/bitnami/spark/jars/hadoop-aws-3.3.2.jar,/opt/bitnami/spark/jars/aws-java-sdk-bundle-1.12.262.jar, --name arrow-spark --deploy-mode client /opt/bitnami/spark/jobs/process_exercises_job.py {"id": "CA-LESTE-construtiva-4455-2025-07-08", "manifest_entry": {"data": {"createdAt": "2025-07-08T19:50:09.281Z", "origin": "CA-LESTE", "path": "exercises/CA-LESTE-construtiva-4455-2025-07-08"}, "id": "CA-LESTE-construtiva-4455-2025-07-08"}, "metadata": {"createdAt": "2025-07-08T19:50:09.281Z", "description": "4455", "documents": [{"description": "", "id": "1752004297308", "mimetype": "application/pdf", "name": "Op Jacui IV - Ordem de Operacoes.pdf", "path": "exercises/CA-LESTE-construtiva-4455-2025-07-08/documents/Op Jacui IV - Ordem de Operacoes.pdf", "size": 336744, "uploadedAt": "2025-07-08T19:51:37.308Z"}], "endDate": "2025-07-22", "id": "CA-LESTE-construtiva-4455-2025-07-08", "name": "Jogo de Guerra", "origin": "CA-LESTE", "simulationType": "construtiva", "simulations": [{"id": "172.19.0.14_2025-07-08", "movedAt": "2025-07-08T19:51:46.649Z", "name": "172.19.0.14_2025-07-08", "originalPath": "staging/172.19.0.14_2025-07-08", "path": "exercises/CA-LESTE-construtiva-4455-2025-07-08/simulations/172.19.0.14_2025-07-08"}], "startDate": "2025-07-15", "trainedForce": "4455", "updatedAt": "2025-07-08T19:51:46.649Z", "wikiUrl": ""}}
[2025-07-09T18:34:57.167+0000] {spark_submit.py:644} INFO - 25/07/09 18:34:57 WARN NativeCodeLoader: Unable to load native-hadoop library for your platform... using builtin-java classes where applicable
[2025-07-09T18:34:59.227+0000] {spark_submit.py:644} INFO - [PROCESS EXERCISES] ℹ️ Iniciando processamento otimizado de exercícios
[2025-07-09T18:34:59.227+0000] {spark_submit.py:644} INFO - [PROCESS EXERCISES] ℹ️ Exercício selecionado: CA-LESTE-construtiva-4455-2025-07-08
[2025-07-09T18:34:59.228+0000] {spark_submit.py:644} INFO - [PROCESS EXERCISES] 🔄 Criando sessão Spark otimizada
[2025-07-09T18:34:59.794+0000] {spark_submit.py:644} INFO - 25/07/09 18:34:59 INFO SparkContext: Running Spark version 3.5.5
[2025-07-09T18:34:59.794+0000] {spark_submit.py:644} INFO - 25/07/09 18:34:59 INFO SparkContext: OS info Linux, 5.15.167.4-microsoft-standard-WSL2, amd64
[2025-07-09T18:34:59.795+0000] {spark_submit.py:644} INFO - 25/07/09 18:34:59 INFO SparkContext: Java version 17.0.15
[2025-07-09T18:34:59.818+0000] {spark_submit.py:644} INFO - 25/07/09 18:34:59 INFO ResourceUtils: ==============================================================
[2025-07-09T18:34:59.819+0000] {spark_submit.py:644} INFO - 25/07/09 18:34:59 INFO ResourceUtils: No custom resources configured for spark.driver.
[2025-07-09T18:34:59.819+0000] {spark_submit.py:644} INFO - 25/07/09 18:34:59 INFO ResourceUtils: ==============================================================
[2025-07-09T18:34:59.820+0000] {spark_submit.py:644} INFO - 25/07/09 18:34:59 INFO SparkContext: Submitted application: ProcessExercisesOptimized
[2025-07-09T18:34:59.835+0000] {spark_submit.py:644} INFO - 25/07/09 18:34:59 INFO ResourceProfile: Default ResourceProfile created, executor resources: Map(memory -> name: memory, amount: 2048, script: , vendor: , offHeap -> name: offHeap, amount: 0, script: , vendor: ), task resources: Map(cpus -> name: cpus, amount: 1.0)
[2025-07-09T18:34:59.842+0000] {spark_submit.py:644} INFO - 25/07/09 18:34:59 INFO ResourceProfile: Limiting resource is cpu
[2025-07-09T18:34:59.843+0000] {spark_submit.py:644} INFO - 25/07/09 18:34:59 INFO ResourceProfileManager: Added ResourceProfile id: 0
[2025-07-09T18:34:59.879+0000] {spark_submit.py:644} INFO - 25/07/09 18:34:59 INFO SecurityManager: Changing view acls to: airflow
[2025-07-09T18:34:59.880+0000] {spark_submit.py:644} INFO - 25/07/09 18:34:59 INFO SecurityManager: Changing modify acls to: airflow
[2025-07-09T18:34:59.880+0000] {spark_submit.py:644} INFO - 25/07/09 18:34:59 INFO SecurityManager: Changing view acls groups to:
[2025-07-09T18:34:59.881+0000] {spark_submit.py:644} INFO - 25/07/09 18:34:59 INFO SecurityManager: Changing modify acls groups to:
[2025-07-09T18:34:59.882+0000] {spark_submit.py:644} INFO - 25/07/09 18:34:59 INFO SecurityManager: SecurityManager: authentication disabled; ui acls disabled; users with view permissions: airflow; groups with view permissions: EMPTY; users with modify permissions: airflow; groups with modify permissions: EMPTY
[2025-07-09T18:35:00.055+0000] {spark_submit.py:644} INFO - 25/07/09 18:35:00 INFO Utils: Successfully started service 'sparkDriver' on port 39193.
[2025-07-09T18:35:00.075+0000] {spark_submit.py:644} INFO - 25/07/09 18:35:00 INFO SparkEnv: Registering MapOutputTracker
[2025-07-09T18:35:00.100+0000] {spark_submit.py:644} INFO - 25/07/09 18:35:00 INFO SparkEnv: Registering BlockManagerMaster
[2025-07-09T18:35:00.111+0000] {spark_submit.py:644} INFO - 25/07/09 18:35:00 INFO BlockManagerMasterEndpoint: Using org.apache.spark.storage.DefaultTopologyMapper for getting topology information
[2025-07-09T18:35:00.112+0000] {spark_submit.py:644} INFO - 25/07/09 18:35:00 INFO BlockManagerMasterEndpoint: BlockManagerMasterEndpoint up
[2025-07-09T18:35:00.115+0000] {spark_submit.py:644} INFO - 25/07/09 18:35:00 INFO SparkEnv: Registering BlockManagerMasterHeartbeat
[2025-07-09T18:35:00.131+0000] {spark_submit.py:644} INFO - 25/07/09 18:35:00 INFO DiskBlockManager: Created local directory at /tmp/blockmgr-062c8c85-3f59-45e2-b17f-0f0629abfc47
[2025-07-09T18:35:00.142+0000] {spark_submit.py:644} INFO - 25/07/09 18:35:00 INFO MemoryStore: MemoryStore started with capacity 434.4 MiB
[2025-07-09T18:35:00.153+0000] {spark_submit.py:644} INFO - 25/07/09 18:35:00 INFO SparkEnv: Registering OutputCommitCoordinator
[2025-07-09T18:35:00.248+0000] {spark_submit.py:644} INFO - 25/07/09 18:35:00 INFO JettyUtils: Start Jetty 0.0.0.0:4040 for SparkUI
[2025-07-09T18:35:00.311+0000] {spark_submit.py:644} INFO - 25/07/09 18:35:00 INFO Utils: Successfully started service 'SparkUI' on port 4040.
[2025-07-09T18:35:00.342+0000] {spark_submit.py:644} INFO - 25/07/09 18:35:00 INFO SparkContext: Added JAR file:///opt/bitnami/spark/jars/iceberg-spark-runtime-3.5_2.12-1.8.1.jar at spark://38b7408c68d7:39193/jars/iceberg-spark-runtime-3.5_2.12-1.8.1.jar with timestamp 1752086099787
[2025-07-09T18:35:00.365+0000] {spark_submit.py:644} INFO - 25/07/09 18:35:00 INFO SparkContext: Added JAR file:///opt/bitnami/spark/jars/nessie-spark-extensions-3.5_2.12-0.103.2.jar at spark://38b7408c68d7:39193/jars/nessie-spark-extensions-3.5_2.12-0.103.2.jar with timestamp 1752086099787
[2025-07-09T18:35:00.366+0000] {spark_submit.py:644} INFO - 25/07/09 18:35:00 INFO SparkContext: Added JAR file:///opt/bitnami/spark/jars/nessie-client-0.103.2.jar at spark://38b7408c68d7:39193/jars/nessie-client-0.103.2.jar with timestamp 1752086099787
[2025-07-09T18:35:00.367+0000] {spark_submit.py:644} INFO - 25/07/09 18:35:00 INFO SparkContext: Added JAR file:///opt/bitnami/spark/jars/hadoop-aws-3.3.2.jar at spark://38b7408c68d7:39193/jars/hadoop-aws-3.3.2.jar with timestamp 1752086099787
[2025-07-09T18:35:00.368+0000] {spark_submit.py:644} INFO - 25/07/09 18:35:00 INFO SparkContext: Added JAR file:///opt/bitnami/spark/jars/aws-java-sdk-bundle-1.12.262.jar at spark://38b7408c68d7:39193/jars/aws-java-sdk-bundle-1.12.262.jar with timestamp 1752086099787
[2025-07-09T18:35:00.423+0000] {spark_submit.py:644} INFO - 25/07/09 18:35:00 INFO StandaloneAppClient$ClientEndpoint: Connecting to master spark://spark-master:7077...
[2025-07-09T18:35:00.488+0000] {spark_submit.py:644} INFO - 25/07/09 18:35:00 INFO TransportClientFactory: Successfully created connection to spark-master/172.19.0.5:7077 after 50 ms (0 ms spent in bootstraps)
[2025-07-09T18:35:00.558+0000] {spark_submit.py:644} INFO - 25/07/09 18:35:00 INFO StandaloneSchedulerBackend: Connected to Spark cluster with app ID app-20250709183500-0010
[2025-07-09T18:35:00.564+0000] {spark_submit.py:644} INFO - 25/07/09 18:35:00 INFO StandaloneAppClient$ClientEndpoint: Executor added: app-20250709183500-0010/0 on worker-20250709171731-172.19.0.7-37405 (172.19.0.7:37405) with 2 core(s)
[2025-07-09T18:35:00.565+0000] {spark_submit.py:644} INFO - 25/07/09 18:35:00 INFO StandaloneSchedulerBackend: Granted executor ID app-20250709183500-0010/0 on hostPort 172.19.0.7:37405 with 2 core(s), 2.0 GiB RAM
[2025-07-09T18:35:00.565+0000] {spark_submit.py:644} INFO - 25/07/09 18:35:00 INFO Utils: Successfully started service 'org.apache.spark.network.netty.NettyBlockTransferService' on port 46113.
[2025-07-09T18:35:00.566+0000] {spark_submit.py:644} INFO - 25/07/09 18:35:00 INFO NettyBlockTransferService: Server created on 38b7408c68d7:46113
[2025-07-09T18:35:00.567+0000] {spark_submit.py:644} INFO - 25/07/09 18:35:00 INFO BlockManager: Using org.apache.spark.storage.RandomBlockReplicationPolicy for block replication policy
[2025-07-09T18:35:00.573+0000] {spark_submit.py:644} INFO - 25/07/09 18:35:00 INFO BlockManagerMaster: Registering BlockManager BlockManagerId(driver, 38b7408c68d7, 46113, None)
[2025-07-09T18:35:00.576+0000] {spark_submit.py:644} INFO - 25/07/09 18:35:00 INFO BlockManagerMasterEndpoint: Registering block manager 38b7408c68d7:46113 with 434.4 MiB RAM, BlockManagerId(driver, 38b7408c68d7, 46113, None)
[2025-07-09T18:35:00.578+0000] {spark_submit.py:644} INFO - 25/07/09 18:35:00 INFO BlockManagerMaster: Registered BlockManager BlockManagerId(driver, 38b7408c68d7, 46113, None)
[2025-07-09T18:35:00.579+0000] {spark_submit.py:644} INFO - 25/07/09 18:35:00 INFO BlockManager: Initialized BlockManager: BlockManagerId(driver, 38b7408c68d7, 46113, None)
[2025-07-09T18:35:00.631+0000] {spark_submit.py:644} INFO - 25/07/09 18:35:00 INFO StandaloneAppClient$ClientEndpoint: Executor updated: app-20250709183500-0010/0 is now RUNNING
[2025-07-09T18:35:00.800+0000] {spark_submit.py:644} INFO - 25/07/09 18:35:00 INFO StandaloneSchedulerBackend: SchedulerBackend is ready for scheduling beginning after reached minRegisteredResourcesRatio: 0.0
[2025-07-09T18:35:01.069+0000] {spark_submit.py:644} INFO - [PROCESS EXERCISES] ✅ Sessão Spark otimizada criada com sucesso
[2025-07-09T18:35:01.826+0000] {spark_submit.py:644} INFO - [PROCESS EXERCISES] ✅ Processador de exercícios inicializado com otimizações
[2025-07-09T18:35:01.827+0000] {spark_submit.py:644} INFO - [PROCESS EXERCISES] 🔄 Criando namespace nessie.exercises
[2025-07-09T18:35:04.797+0000] {spark_submit.py:644} INFO - [PROCESS EXERCISES] ✅ Namespace criado/verificado com sucesso
[2025-07-09T18:35:04.799+0000] {spark_submit.py:644} INFO - [PROCESS EXERCISES] 🔄 === FASE 1: PROCESSAMENTO DE DOCUMENTOS ===
[2025-07-09T18:35:04.800+0000] {spark_submit.py:644} INFO - [PROCESS EXERCISES] 🔄 Iniciando processamento de documentos PDF
[2025-07-09T18:35:04.800+0000] {spark_submit.py:644} INFO - [PROCESS EXERCISES] ℹ️ Processando 1 arquivos PDF
[2025-07-09T18:35:04.801+0000] {spark_submit.py:644} INFO - [PROCESS EXERCISES] ℹ️ Processando lote 1: 1 arquivos
[2025-07-09T18:35:05.069+0000] {spark_submit.py:644} INFO - 25/07/09 18:35:05 WARN MetricsConfig: Cannot locate configuration: tried hadoop-metrics2-s3a-file-system.properties,hadoop-metrics2.properties
[2025-07-09T18:35:22.999+0000] {spark_submit.py:644} INFO - [PROCESS EXERCISES] ✅ Lote processado: 1 registros
[2025-07-09T18:35:25.734+0000] {spark_submit.py:644} INFO - [PROCESS EXERCISES] ✅ Total de PDFs processados: 1 registros
[2025-07-09T18:35:26.108+0000] {spark_submit.py:644} INFO - [PROCESS EXERCISES] ℹ️ Salvando 1 registros na tabela nessie.exercises.pdf_documents
[2025-07-09T18:35:27.288+0000] {spark_submit.py:644} INFO - [PROCESS EXERCISES] 🔄 Salvando tabela nessie.exercises.pdf_documents em modo append (1 partições)
[2025-07-09T18:35:30.979+0000] {spark_submit.py:644} INFO - [PROCESS EXERCISES] ✅ Tabela nessie.exercises.pdf_documents salva com sucesso (1 registros)
[2025-07-09T18:35:30.980+0000] {spark_submit.py:644} INFO - [PROCESS EXERCISES] 🔄 === FASE 2: PROCESSAMENTO DE SIMULAÇÕES ===
[2025-07-09T18:35:30.981+0000] {spark_submit.py:644} INFO - [PROCESS EXERCISES] 🔄 Iniciando processamento de simulações
[2025-07-09T18:35:30.981+0000] {spark_submit.py:644} INFO - [PROCESS EXERCISES] ℹ️ Buscando arquivos em: s3a://bronze/exercises/CA-LESTE-construtiva-4455-2025-07-08/simulations/172.19.0.14_2025-07-08/
[2025-07-09T18:35:31.236+0000] {spark_submit.py:644} INFO - [PROCESS EXERCISES] ℹ️ Encontrados 4 arquivos Protobuf (.pb)
[2025-07-09T18:35:31.237+0000] {spark_submit.py:644} INFO - [PROCESS EXERCISES] ℹ️ Processando 4 arquivos Protobuf
[2025-07-09T18:35:31.238+0000] {spark_submit.py:644} INFO - [PROCESS EXERCISES] ℹ️ Processando lote protobuf 1: 4 arquivos
[2025-07-09T18:35:31.409+0000] {spark_submit.py:644} INFO - [PROCESS EXERCISES] ❌ Erro no lote protobuf 1: [PATH_NOT_FOUND] Path does not exist: s3a://bronze/exercises/CA-LESTE-construtiva-4455-2025-07-08/simulations/172.19.0.14_2025-07-08/19-49.46/session-proto_3.pb,s3a:/bronze/exercises/CA-LESTE-construtiva-4455-2025-07-08/simulations/172.19.0.14_2025-07-08/19-49.46/session-proto_4.pb,s3a:/bronze/exercises/CA-LESTE-construtiva-4455-2025-07-08/simulations/172.19.0.14_2025-07-08/19-49.46/session-proto_2.pb,s3a:/bronze/exercises/CA-LESTE-construtiva-4455-2025-07-08/simulations/172.19.0.14_2025-07-08/19-49.46/session-proto_1.pb.
[2025-07-09T18:35:31.410+0000] {spark_submit.py:644} INFO - [PROCESS EXERCISES] ⚠️ Nenhum arquivo protobuf processado com sucesso
[2025-07-09T18:35:31.410+0000] {spark_submit.py:644} INFO - [PROCESS EXERCISES] ℹ️ Tipo de mensagem de simulação: PROTO
[2025-07-09T18:35:31.411+0000] {spark_submit.py:644} INFO - [PROCESS EXERCISES] ⚠️ Nenhuma simulação processada
[2025-07-09T18:35:31.412+0000] {spark_submit.py:644} INFO - [PROCESS EXERCISES] ✅ ✨ Processamento otimizado concluído com sucesso!
[2025-07-09T18:35:31.412+0000] {spark_submit.py:644} INFO - [PROCESS EXERCISES] 🔄 Finalizando sessão Spark
[2025-07-09T18:35:32.484+0000] {spark_submit.py:644} INFO - [PROCESS EXERCISES] ✅ Sessão Spark finalizada com sucesso
[2025-07-09T18:35:33.251+0000] {taskinstance.py:349} INFO - ::group::Post task execution logs
[2025-07-09T18:35:33.253+0000] {taskinstance.py:361} INFO - Marking task as SUCCESS. dag_id=process_exercises, task_id=process_exercises, run_id=manual__2025-07-09T18:34:51.280904+00:00, execution_date=20250709T183451, start_date=20250709T183455, end_date=20250709T183533
[2025-07-09T18:35:33.865+0000] {local_task_job_runner.py:266} INFO - Task exited with return code 0
[2025-07-09T18:35:33.907+0000] {taskinstance.py:3924} INFO - 1 downstream tasks scheduled from follow-on schedule check
[2025-07-09T18:35:34.206+0000] {local_task_job_runner.py:245} INFO - ::endgroup::
