[2025-07-03T23:13:46.350+0000] {local_task_job_runner.py:123} INFO - ::group::Pre task execution logs
[2025-07-03T23:13:46.404+0000] {taskinstance.py:2631} INFO - Dependencies all met for dep_context=non-requeueable deps ti=<TaskInstance: process_exercises.identify_ready_exercises manual__2025-07-03T23:13:44.890988+00:00 [queued]>
[2025-07-03T23:13:46.415+0000] {taskinstance.py:2631} INFO - Dependencies all met for dep_context=requeueable deps ti=<TaskInstance: process_exercises.identify_ready_exercises manual__2025-07-03T23:13:44.890988+00:00 [queued]>
[2025-07-03T23:13:46.416+0000] {taskinstance.py:2884} INFO - Starting attempt 1 of 1
[2025-07-03T23:13:46.464+0000] {taskinstance.py:2907} INFO - Executing <Task(PythonOperator): identify_ready_exercises> on 2025-07-03 23:13:44.890988+00:00
[2025-07-03T23:13:46.474+0000] {logging_mixin.py:190} WARNING - /home/airflow/.local/lib/python3.12/site-packages/airflow/task/task_runner/standard_task_runner.py:70 DeprecationWarning: This process (pid=865) is multi-threaded, use of fork() may lead to deadlocks in the child.
[2025-07-03T23:13:46.476+0000] {standard_task_runner.py:72} INFO - Started process 866 to run task
[2025-07-03T23:13:46.475+0000] {standard_task_runner.py:104} INFO - Running: ['airflow', 'tasks', 'run', 'process_exercises', 'identify_ready_exercises', 'manual__2025-07-03T23:13:44.890988+00:00', '--job-id', '20', '--raw', '--subdir', 'DAGS_FOLDER/process_exercises.py', '--cfg-path', '/tmp/tmp6nu1uddy']
[2025-07-03T23:13:46.477+0000] {standard_task_runner.py:105} INFO - Job 20: Subtask identify_ready_exercises
[2025-07-03T23:13:46.594+0000] {task_command.py:467} INFO - Running <TaskInstance: process_exercises.identify_ready_exercises manual__2025-07-03T23:13:44.890988+00:00 [running]> on host 716217c36052
[2025-07-03T23:13:46.798+0000] {taskinstance.py:3157} INFO - Exporting env vars: AIRFLOW_CTX_DAG_OWNER='airflow' AIRFLOW_CTX_DAG_ID='process_exercises' AIRFLOW_CTX_TASK_ID='identify_ready_exercises' AIRFLOW_CTX_EXECUTION_DATE='2025-07-03T23:13:44.890988+00:00' AIRFLOW_CTX_TRY_NUMBER='1' AIRFLOW_CTX_DAG_RUN_ID='manual__2025-07-03T23:13:44.890988+00:00'
[2025-07-03T23:13:46.799+0000] {taskinstance.py:740} INFO - ::endgroup::
[2025-07-03T23:13:46.865+0000] {base.py:84} INFO - Retrieving connection 'minio-ebsim'
[2025-07-03T23:13:46.868+0000] {connection_wrapper.py:391} INFO - AWS Connection (conn_id='minio-ebsim', conn_type='aws') credentials retrieved from extra.
[2025-07-03T23:13:47.579+0000] {logging_mixin.py:190} INFO - [DAG] exercício pronto: CA-SUL-virtual-9RCB-2025-07-03
[2025-07-03T23:13:47.580+0000] {logging_mixin.py:190} INFO - ✅ [DAG] total de exercícios prontos: 1.
[2025-07-03T23:13:47.581+0000] {logging_mixin.py:190} INFO - ✅ [DAG] o exercício selecionado é CA-SUL-virtual-9RCB-2025-07-03.
[2025-07-03T23:13:47.583+0000] {python.py:240} INFO - Done. Returned value was: {'id': 'CA-SUL-virtual-9RCB-2025-07-03', 'metadata': {'id': 'CA-SUL-virtual-9RCB-2025-07-03', 'name': 'Exercício Virtual', 'description': '9RCB', 'simulationType': 'virtual', 'origin': 'CA-SUL', 'startDate': '2025-07-03', 'endDate': '2025-07-05', 'trainedForce': '9 Regimento de Cavalaria Blindado', 'wikiUrl': '', 'documents': [{'id': '1751584411779', 'name': 'Op Jacui IV - Ordem de Operacoes.pdf', 'description': '', 'path': 'exercises/CA-SUL-virtual-9RCB-2025-07-03/documents/Op Jacui IV - Ordem de Operacoes.pdf', 'size': 336744, 'mimetype': 'application/pdf', 'uploadedAt': '2025-07-03T23:13:31.779Z'}], 'simulations': [{'id': '172.19.0.6_2025-07-03', 'name': '172.19.0.6_2025-07-03', 'path': 'exercises/CA-SUL-virtual-9RCB-2025-07-03/simulations/172.19.0.6_2025-07-03', 'originalPath': 'staging/172.19.0.6_2025-07-03', 'movedAt': '2025-07-03T23:13:37.875Z'}], 'createdAt': '2025-07-03T23:13:18.392Z', 'updatedAt': '2025-07-03T23:13:37.875Z'}, 'manifest_entry': {'id': 'CA-SUL-virtual-9RCB-2025-07-03', 'data': {'origin': 'CA-SUL', 'path': 'exercises/CA-SUL-virtual-9RCB-2025-07-03', 'createdAt': '2025-07-03T23:13:18.392Z'}}}
[2025-07-03T23:13:47.761+0000] {taskinstance.py:349} INFO - ::group::Post task execution logs
[2025-07-03T23:13:47.764+0000] {taskinstance.py:361} INFO - Marking task as SUCCESS. dag_id=process_exercises, task_id=identify_ready_exercises, run_id=manual__2025-07-03T23:13:44.890988+00:00, execution_date=20250703T231344, start_date=20250703T231346, end_date=20250703T231347
[2025-07-03T23:13:48.263+0000] {local_task_job_runner.py:266} INFO - Task exited with return code 0
[2025-07-03T23:13:48.406+0000] {taskinstance.py:3924} INFO - 1 downstream tasks scheduled from follow-on schedule check
[2025-07-03T23:13:48.507+0000] {local_task_job_runner.py:245} INFO - ::endgroup::
