[2025-07-09T18:43:56.317+0000] {local_task_job_runner.py:123} INFO - ::group::Pre task execution logs
[2025-07-09T18:43:56.356+0000] {taskinstance.py:2631} INFO - Dependencies all met for dep_context=non-requeueable deps ti=<TaskInstance: process_exercises.update_manifest_to_processed manual__2025-07-09T18:42:39.115048+00:00 [queued]>
[2025-07-09T18:43:56.370+0000] {taskinstance.py:2631} INFO - Dependencies all met for dep_context=requeueable deps ti=<TaskInstance: process_exercises.update_manifest_to_processed manual__2025-07-09T18:42:39.115048+00:00 [queued]>
[2025-07-09T18:43:56.371+0000] {taskinstance.py:2884} INFO - Starting attempt 1 of 1
[2025-07-09T18:43:56.423+0000] {taskinstance.py:2907} INFO - Executing <Task(PythonOperator): update_manifest_to_processed> on 2025-07-09 18:42:39.115048+00:00
[2025-07-09T18:43:56.431+0000] {logging_mixin.py:190} WARNING - /home/airflow/.local/lib/python3.12/site-packages/airflow/task/task_runner/standard_task_runner.py:70 DeprecationWarning: This process (pid=4161) is multi-threaded, use of fork() may lead to deadlocks in the child.
[2025-07-09T18:43:56.433+0000] {standard_task_runner.py:72} INFO - Started process 4162 to run task
[2025-07-09T18:43:56.432+0000] {standard_task_runner.py:104} INFO - Running: ['airflow', 'tasks', 'run', 'process_exercises', 'update_manifest_to_processed', 'manual__2025-07-09T18:42:39.115048+00:00', '--job-id', '243', '--raw', '--subdir', 'DAGS_FOLDER/process_exercises.py', '--cfg-path', '/tmp/tmpres1f49i']
[2025-07-09T18:43:56.434+0000] {standard_task_runner.py:105} INFO - Job 243: Subtask update_manifest_to_processed
[2025-07-09T18:43:56.544+0000] {task_command.py:467} INFO - Running <TaskInstance: process_exercises.update_manifest_to_processed manual__2025-07-09T18:42:39.115048+00:00 [running]> on host 38b7408c68d7
[2025-07-09T18:43:56.773+0000] {taskinstance.py:3157} INFO - Exporting env vars: AIRFLOW_CTX_DAG_OWNER='airflow' AIRFLOW_CTX_DAG_ID='process_exercises' AIRFLOW_CTX_TASK_ID='update_manifest_to_processed' AIRFLOW_CTX_EXECUTION_DATE='2025-07-09T18:42:39.115048+00:00' AIRFLOW_CTX_TRY_NUMBER='1' AIRFLOW_CTX_DAG_RUN_ID='manual__2025-07-09T18:42:39.115048+00:00'
[2025-07-09T18:43:56.774+0000] {taskinstance.py:740} INFO - ::endgroup::
[2025-07-09T18:43:57.173+0000] {base.py:84} INFO - Retrieving connection 'minio-ebsim'
[2025-07-09T18:43:57.174+0000] {connection_wrapper.py:328} INFO - AWS Connection (conn_id='minio-ebsim', conn_type='aws') credentials retrieved from extra.
[2025-07-09T18:43:58.442+0000] {logging_mixin.py:190} INFO - Exercício CA-SUL-construtiva-6655-2025-07-09 movido para 'processed'
[2025-07-09T18:43:58.444+0000] {python.py:240} INFO - Done. Returned value was: None
[2025-07-09T18:43:58.460+0000] {taskinstance.py:349} INFO - ::group::Post task execution logs
[2025-07-09T18:43:58.461+0000] {taskinstance.py:361} INFO - Marking task as SUCCESS. dag_id=process_exercises, task_id=update_manifest_to_processed, run_id=manual__2025-07-09T18:42:39.115048+00:00, execution_date=20250709T184239, start_date=20250709T184356, end_date=20250709T184358
[2025-07-09T18:43:58.621+0000] {local_task_job_runner.py:266} INFO - Task exited with return code 0
[2025-07-09T18:43:58.644+0000] {taskinstance.py:3924} INFO - 0 downstream tasks scheduled from follow-on schedule check
[2025-07-09T18:43:58.682+0000] {local_task_job_runner.py:245} INFO - ::endgroup::
