[2025-07-06T20:16:03.912+0000] {local_task_job_runner.py:123} INFO - ::group::Pre task execution logs
[2025-07-06T20:16:03.975+0000] {taskinstance.py:2631} INFO - Dependencies all met for dep_context=non-requeueable deps ti=<TaskInstance: process_exercises.identify_ready_exercises manual__2025-07-06T20:16:01.696794+00:00 [queued]>
[2025-07-06T20:16:03.987+0000] {taskinstance.py:2631} INFO - Dependencies all met for dep_context=requeueable deps ti=<TaskInstance: process_exercises.identify_ready_exercises manual__2025-07-06T20:16:01.696794+00:00 [queued]>
[2025-07-06T20:16:03.988+0000] {taskinstance.py:2884} INFO - Starting attempt 1 of 1
[2025-07-06T20:16:04.039+0000] {taskinstance.py:2907} INFO - Executing <Task(PythonOperator): identify_ready_exercises> on 2025-07-06 20:16:01.696794+00:00
[2025-07-06T20:16:04.047+0000] {logging_mixin.py:190} WARNING - /home/airflow/.local/lib/python3.12/site-packages/airflow/task/task_runner/standard_task_runner.py:70 DeprecationWarning: This process (pid=697) is multi-threaded, use of fork() may lead to deadlocks in the child.
[2025-07-06T20:16:04.049+0000] {standard_task_runner.py:72} INFO - Started process 698 to run task
[2025-07-06T20:16:04.047+0000] {standard_task_runner.py:104} INFO - Running: ['airflow', 'tasks', 'run', 'process_exercises', 'identify_ready_exercises', 'manual__2025-07-06T20:16:01.696794+00:00', '--job-id', '73', '--raw', '--subdir', 'DAGS_FOLDER/process_exercises.py', '--cfg-path', '/tmp/tmp87lwme0d']
[2025-07-06T20:16:04.050+0000] {standard_task_runner.py:105} INFO - Job 73: Subtask identify_ready_exercises
[2025-07-06T20:16:04.200+0000] {task_command.py:467} INFO - Running <TaskInstance: process_exercises.identify_ready_exercises manual__2025-07-06T20:16:01.696794+00:00 [running]> on host 0b50925a8be6
[2025-07-06T20:16:04.422+0000] {taskinstance.py:3157} INFO - Exporting env vars: AIRFLOW_CTX_DAG_OWNER='airflow' AIRFLOW_CTX_DAG_ID='process_exercises' AIRFLOW_CTX_TASK_ID='identify_ready_exercises' AIRFLOW_CTX_EXECUTION_DATE='2025-07-06T20:16:01.696794+00:00' AIRFLOW_CTX_TRY_NUMBER='1' AIRFLOW_CTX_DAG_RUN_ID='manual__2025-07-06T20:16:01.696794+00:00'
[2025-07-06T20:16:04.424+0000] {taskinstance.py:740} INFO - ::endgroup::
[2025-07-06T20:16:04.503+0000] {base.py:84} INFO - Retrieving connection 'minio-ebsim'
[2025-07-06T20:16:04.504+0000] {connection_wrapper.py:328} INFO - AWS Connection (conn_id='minio-ebsim', conn_type='aws') credentials retrieved from extra.
[2025-07-06T20:16:18.325+0000] {logging_mixin.py:190} INFO - [DAG] exercício pronto: CA-LESTE-construtiva-7DE-2025-07-06
[2025-07-06T20:16:18.326+0000] {logging_mixin.py:190} INFO - ✅ [DAG] total de exercícios prontos: 1.
[2025-07-06T20:16:18.327+0000] {logging_mixin.py:190} INFO - ✅ [DAG] o exercício selecionado é CA-LESTE-construtiva-7DE-2025-07-06.
[2025-07-06T20:16:18.339+0000] {python.py:240} INFO - Done. Returned value was: {'id': 'CA-LESTE-construtiva-7DE-2025-07-06', 'metadata': {'id': 'CA-LESTE-construtiva-7DE-2025-07-06', 'name': 'Jogo de Guerra', 'description': '7DE', 'simulationType': 'construtiva', 'origin': 'CA-LESTE', 'startDate': '2025-07-06', 'endDate': '2025-07-08', 'trainedForce': '7 Divisão de Exército', 'wikiUrl': '', 'documents': [{'id': '1751832945109', 'name': 'Op Jacui IV - Apd 2 ao An A - Plano de Busca.pdf', 'description': '', 'path': 'exercises/CA-LESTE-construtiva-7DE-2025-07-06/documents/Op Jacui IV - Apd 2 ao An A - Plano de Busca.pdf', 'size': 46220, 'mimetype': 'application/pdf', 'uploadedAt': '2025-07-06T20:15:45.109Z'}], 'simulations': [{'id': '172.19.0.6_2025-07-06', 'name': '172.19.0.6_2025-07-06', 'path': 'exercises/CA-LESTE-construtiva-7DE-2025-07-06/simulations/172.19.0.6_2025-07-06', 'originalPath': 'staging/172.19.0.6_2025-07-06', 'movedAt': '2025-07-06T20:15:52.518Z'}], 'createdAt': '2025-07-06T20:15:31.895Z', 'updatedAt': '2025-07-06T20:15:52.518Z'}, 'manifest_entry': {'id': 'CA-LESTE-construtiva-7DE-2025-07-06', 'data': {'origin': 'CA-LESTE', 'path': 'exercises/CA-LESTE-construtiva-7DE-2025-07-06', 'createdAt': '2025-07-06T20:15:31.895Z'}}}
[2025-07-06T20:16:18.437+0000] {taskinstance.py:349} INFO - ::group::Post task execution logs
[2025-07-06T20:16:18.438+0000] {taskinstance.py:361} INFO - Marking task as SUCCESS. dag_id=process_exercises, task_id=identify_ready_exercises, run_id=manual__2025-07-06T20:16:01.696794+00:00, execution_date=20250706T201601, start_date=20250706T201603, end_date=20250706T201618
[2025-07-06T20:16:18.622+0000] {local_task_job_runner.py:266} INFO - Task exited with return code 0
[2025-07-06T20:16:18.676+0000] {taskinstance.py:3924} INFO - 1 downstream tasks scheduled from follow-on schedule check
[2025-07-06T20:16:18.715+0000] {local_task_job_runner.py:245} INFO - ::endgroup::
